Host:    bp1-gpu019.data.bp.acrc.priv
Time:    Fri Mar 11 10:21:14 GMT 2022
Dir:     /user/work/of15641/SpectralDensity/LHII_MD
Job ID:  1196446
Nodelist:
  bp1-gpu019
Conda env:  openmm
Python:     /user/home/of15641/.conda/envs/openmm/bin/python
Job script: /user/work/of15641/SpectralDensity/LHII_MD/run_openmm.py
Result dir: /user/work/of15641/SpectralDensity/LHII_MD/output

[Running job script]

Running MD with GPU platform

output folder made at /user/work/of15641/SpectralDensity/LHII_MD/output
Reading system coordinates, topology and forcefield from /user/work/of15641/SpectralDensity/LHII_MD/LH2.inpcrd, /user/work/of15641/SpectralDensity/LHII_MD/LH2.prmtop
Integrator timestep : 2 fs
Reporter timestep : 2 fs
Performing energy minimization...
time for energy minimization: 0:02:27.000186

Equilibrating: 30000 steps at 2 fs time steps
Time for equilibration: 0:02:50.768529

Production: 500 steps at 2 fs time steps - total of 1.0 ps ps
 saving step every 2 fs - total of 500.0 frames
time for production: 0:18:10.007561

[Job script finished]

Copying job script results to /user/work/of15641/SpectralDensity/LHII_MD/output

