Host:    bp1-gpu019.data.bp.acrc.priv
Time:    Fri Mar 11 14:16:30 GMT 2022
Dir:     /user/work/of15641/SpectralDensity/LHII_MD
Job ID:  1200861
Nodelist:
  bp1-gpu019
Conda env:  openmm
Python:     /user/home/of15641/.conda/envs/openmm/bin/python
Job script: /user/work/of15641/SpectralDensity/LHII_MD/run_openmm.py
Result dir: /user/work/of15641/SpectralDensity/LHII_MD/output

[Running job script]

Running MD with GPU platform

output folder made at /user/work/of15641/SpectralDensity/LHII_MD/output
Reading system coordinates, topology and forcefield from /user/work/of15641/SpectralDensity/LHII_MD/LH2.inpcrd, /user/work/of15641/SpectralDensity/LHII_MD/LH2.prmtop
Integrator timestep : 2 fs
Reporter timestep : 10 fs
Performing energy minimization...
time for energy minimization: 0:02:38.265371

Equilibrating: 30000 steps at 2 fs time steps
Time for equilibration: 0:02:50.600905

Production: 2500000 steps at 2 fs time steps - total of 5000.0 ps ps
 saving step every 10 fs - total of 500000.0 frames
time for production: 9:19:38.815117

[Job script finished]

Copying job script results to /user/work/of15641/SpectralDensity/LHII_MD/output

