cpu-bind=MASK - bp1-compute194, task 4294967295 4294967295 [0]: mask 0xfffff000000000000000000000000000fffff0000000000000 set
/user/home/of15641/.conda/envs/openmm/bin/python
Finished 'load_dcd_file' in 40.192862 secs
Exciton, frame 9000 ran in:  18.95538020133972
Exciton, frame 9001 ran in:  18.78972864151001
Exciton, frame 9002 ran in:  19.47159171104431
Exciton, frame 9003 ran in:  19.036423921585083
Exciton, frame 9004 ran in:  18.927454948425293
Exciton, frame 9005 ran in:  17.17325735092163
Exciton, frame 9006 ran in:  19.474814414978027
Exciton, frame 9007 ran in:  19.41771173477173
Exciton, frame 9008 ran in:  19.517032623291016
Exciton, frame 9009 ran in:  19.630556106567383
Exciton, frame 9010 ran in:  19.10057830810547
Exciton, frame 9011 ran in:  19.532323360443115
Exciton, frame 9012 ran in:  19.752990007400513
Exciton, frame 9013 ran in:  18.21940016746521
Exciton, frame 9014 ran in:  19.92011332511902
Exciton, frame 9015 ran in:  18.977734088897705
Exciton, frame 9016 ran in:  19.685073137283325
Exciton, frame 9017 ran in:  18.539300680160522
Exciton, frame 9018 ran in:  18.59632968902588
Exciton, frame 9019 ran in:  17.238377332687378
Exciton, frame 9020 ran in:  19.296056985855103
Exciton, frame 9021 ran in:  18.42067003250122
Exciton, frame 9022 ran in:  19.027419805526733
Exciton, frame 9023 ran in:  20.477680921554565
Exciton, frame 9024 ran in:  18.81860852241516
Exciton, frame 9025 ran in:  19.414108753204346
Exciton, frame 9026 ran in:  20.401052474975586
Exciton, frame 9027 ran in:  20.02878212928772
Exciton, frame 9028 ran in:  19.372848749160767
Exciton, frame 9029 ran in:  18.59869647026062
Exciton, frame 9030 ran in:  19.2318012714386
Exciton, frame 9031 ran in:  19.56946039199829
Exciton, frame 9032 ran in:  18.797192811965942
Exciton, frame 9033 ran in:  19.146942377090454
Exciton, frame 9034 ran in:  19.493763208389282
Exciton, frame 9035 ran in:  19.302509307861328
Exciton, frame 9036 ran in:  18.614336252212524
Exciton, frame 9037 ran in:  19.58500599861145
Exciton, frame 9038 ran in:  20.213659524917603
Exciton, frame 9039 ran in:  19.380399703979492
Exciton, frame 9040 ran in:  19.937028646469116
Exciton, frame 9041 ran in:  18.903383255004883
Exciton, frame 9042 ran in:  17.761367559432983
Exciton, frame 9043 ran in:  19.72195053100586
Exciton, frame 9044 ran in:  19.041500568389893
Exciton, frame 9045 ran in:  18.89835238456726
Exciton, frame 9046 ran in:  18.239886045455933
Exciton, frame 9047 ran in:  18.8012752532959
Exciton, frame 9048 ran in:  19.761908054351807
Exciton, frame 9049 ran in:  18.696040391921997
Exciton, frame 9050 ran in:  19.043730974197388
Exciton, frame 9051 ran in:  19.0931875705719
Exciton, frame 9052 ran in:  18.866018533706665
Exciton, frame 9053 ran in:  19.45611262321472
Exciton, frame 9054 ran in:  19.124008417129517
Exciton, frame 9055 ran in:  18.611534595489502
Exciton, frame 9056 ran in:  19.498656511306763
Exciton, frame 9057 ran in:  19.026707410812378
Exciton, frame 9058 ran in:  18.844766855239868
Exciton, frame 9059 ran in:  19.229469299316406
Exciton, frame 9060 ran in:  19.414334535598755
Exciton, frame 9061 ran in:  20.017615795135498
Exciton, frame 9062 ran in:  18.52501654624939
Exciton, frame 9063 ran in:  19.175864458084106
Exciton, frame 9064 ran in:  17.633474349975586
Exciton, frame 9065 ran in:  17.388028860092163
Exciton, frame 9066 ran in:  18.508907318115234
Exciton, frame 9067 ran in:  19.44309973716736
Exciton, frame 9068 ran in:  17.252919912338257
Exciton, frame 9069 ran in:  17.398547887802124
Exciton, frame 9070 ran in:  19.133843898773193
Exciton, frame 9071 ran in:  19.920782566070557
Exciton, frame 9072 ran in:  18.976142406463623
Exciton, frame 9073 ran in:  19.054750204086304
Exciton, frame 9074 ran in:  19.320334911346436
Exciton, frame 9075 ran in:  19.641578435897827
Exciton, frame 9076 ran in:  19.249995470046997
Exciton, frame 9077 ran in:  20.176731824874878
Exciton, frame 9078 ran in:  18.47988271713257
Exciton, frame 9079 ran in:  19.074273109436035
Exciton, frame 9080 ran in:  17.670892477035522
Exciton, frame 9081 ran in:  19.420303106307983
Exciton, frame 9082 ran in:  19.916139364242554
Exciton, frame 9083 ran in:  18.852616786956787
Exciton, frame 9084 ran in:  19.47732162475586
Exciton, frame 9085 ran in:  18.82611846923828
Exciton, frame 9086 ran in:  19.16278576850891
Exciton, frame 9087 ran in:  18.67076587677002
Exciton, frame 9088 ran in:  20.33125591278076
Exciton, frame 9089 ran in:  19.443618774414062
Exciton, frame 9090 ran in:  18.98716378211975
Exciton, frame 9091 ran in:  18.739413261413574
Exciton, frame 9092 ran in:  19.70129680633545
Exciton, frame 9093 ran in:  19.5010085105896
Exciton, frame 9094 ran in:  19.212039709091187
Exciton, frame 9095 ran in:  18.82531476020813
Exciton, frame 9096 ran in:  19.320499658584595
Exciton, frame 9097 ran in:  18.968849658966064
Exciton, frame 9098 ran in:  19.576570510864258
Exciton, frame 9099 ran in:  20.09426259994507
Exciton, frame 9100 ran in:  18.80514931678772
Exciton, frame 9101 ran in:  18.974377870559692
Exciton, frame 9102 ran in:  18.19609832763672
Exciton, frame 9103 ran in:  18.82672619819641
Exciton, frame 9104 ran in:  18.916271209716797
Exciton, frame 9105 ran in:  19.339131832122803
Exciton, frame 9106 ran in:  19.015960454940796
Exciton, frame 9107 ran in:  18.717352390289307
Exciton, frame 9108 ran in:  19.236440181732178
Exciton, frame 9109 ran in:  19.822181463241577
Exciton, frame 9110 ran in:  19.347076416015625
Exciton, frame 9111 ran in:  20.345837354660034
Exciton, frame 9112 ran in:  20.163824796676636
Exciton, frame 9113 ran in:  18.29321050643921
Exciton, frame 9114 ran in:  19.338581323623657
Exciton, frame 9115 ran in:  19.166308879852295
Exciton, frame 9116 ran in:  18.96773409843445
Exciton, frame 9117 ran in:  18.145575761795044
Exciton, frame 9118 ran in:  18.876063108444214
Exciton, frame 9119 ran in:  19.314788103103638
Exciton, frame 9120 ran in:  19.114269495010376
Exciton, frame 9121 ran in:  17.623602628707886
Exciton, frame 9122 ran in:  18.918615102767944
Exciton, frame 9123 ran in:  18.878512382507324
Exciton, frame 9124 ran in:  19.557019472122192
Exciton, frame 9125 ran in:  19.21146821975708
Exciton, frame 9126 ran in:  19.66558599472046
Exciton, frame 9127 ran in:  19.27398943901062
Exciton, frame 9128 ran in:  19.159749269485474
Exciton, frame 9129 ran in:  19.28711724281311
Exciton, frame 9130 ran in:  18.842308282852173
Exciton, frame 9131 ran in:  19.195277452468872
Exciton, frame 9132 ran in:  18.859816789627075
Exciton, frame 9133 ran in:  17.922091007232666
Exciton, frame 9134 ran in:  17.782459497451782
Exciton, frame 9135 ran in:  17.862484455108643
Exciton, frame 9136 ran in:  19.307431936264038
Exciton, frame 9137 ran in:  19.64355731010437
Exciton, frame 9138 ran in:  19.571645736694336
Exciton, frame 9139 ran in:  19.707120180130005
Exciton, frame 9140 ran in:  19.403153657913208
Exciton, frame 9141 ran in:  19.03820013999939
Exciton, frame 9142 ran in:  20.340594053268433
Exciton, frame 9143 ran in:  19.458056688308716
Exciton, frame 9144 ran in:  20.333766222000122
Exciton, frame 9145 ran in:  17.3602614402771
Exciton, frame 9146 ran in:  19.127795457839966
Exciton, frame 9147 ran in:  19.01131534576416
Exciton, frame 9148 ran in:  17.342292070388794
Exciton, frame 9149 ran in:  19.1749050617218
Exciton, frame 9150 ran in:  19.142946243286133
Exciton, frame 9151 ran in:  18.65899133682251
Exciton, frame 9152 ran in:  19.307129383087158
Exciton, frame 9153 ran in:  19.402888774871826
Exciton, frame 9154 ran in:  19.348634719848633
Exciton, frame 9155 ran in:  19.839425563812256
Exciton, frame 9156 ran in:  19.057008504867554
Exciton, frame 9157 ran in:  19.671056509017944
Exciton, frame 9158 ran in:  19.91240692138672
Exciton, frame 9159 ran in:  19.495173931121826
Exciton, frame 9160 ran in:  19.268888473510742
Exciton, frame 9161 ran in:  18.89399003982544
Exciton, frame 9162 ran in:  19.365994215011597
Exciton, frame 9163 ran in:  17.431151866912842
Exciton, frame 9164 ran in:  18.53037452697754
Exciton, frame 9165 ran in:  19.58145236968994
Exciton, frame 9166 ran in:  17.47863745689392
Exciton, frame 9167 ran in:  17.20565414428711
Exciton, frame 9168 ran in:  19.00782561302185
Exciton, frame 9169 ran in:  19.09577989578247
Exciton, frame 9170 ran in:  18.65460205078125
Exciton, frame 9171 ran in:  17.12779188156128
Exciton, frame 9172 ran in:  20.07659649848938
Exciton, frame 9173 ran in:  19.400075674057007
Exciton, frame 9174 ran in:  19.419477939605713
Exciton, frame 9175 ran in:  19.092369079589844
Exciton, frame 9176 ran in:  19.561587810516357
Exciton, frame 9177 ran in:  19.022695302963257
Exciton, frame 9178 ran in:  19.12792420387268
Exciton, frame 9179 ran in:  19.198124170303345
Exciton, frame 9180 ran in:  19.472916841506958
Exciton, frame 9181 ran in:  19.223048448562622
Exciton, frame 9182 ran in:  19.642024278640747
Exciton, frame 9183 ran in:  19.151108503341675
Exciton, frame 9184 ran in:  19.670931339263916
Exciton, frame 9185 ran in:  19.364518404006958
Exciton, frame 9186 ran in:  19.59441113471985
Exciton, frame 9187 ran in:  19.650566339492798
Exciton, frame 9188 ran in:  20.53011393547058
Exciton, frame 9189 ran in:  19.944073915481567
Exciton, frame 9190 ran in:  18.461347579956055
Exciton, frame 9191 ran in:  18.648711919784546
Exciton, frame 9192 ran in:  18.88049864768982
Exciton, frame 9193 ran in:  19.11979079246521
Exciton, frame 9194 ran in:  18.995420217514038
Exciton, frame 9195 ran in:  18.722830057144165
Exciton, frame 9196 ran in:  19.145943880081177
Exciton, frame 9197 ran in:  19.77110505104065
Exciton, frame 9198 ran in:  19.38230872154236
Exciton, frame 9199 ran in:  19.4432954788208
Exciton, frame 9200 ran in:  18.47072172164917
Exciton, frame 9201 ran in:  19.091191053390503
Exciton, frame 9202 ran in:  19.229902505874634
Exciton, frame 9203 ran in:  19.07311248779297
Exciton, frame 9204 ran in:  18.809473037719727
Exciton, frame 9205 ran in:  19.519245624542236
Exciton, frame 9206 ran in:  17.82788324356079
Exciton, frame 9207 ran in:  19.233335733413696
Exciton, frame 9208 ran in:  20.673614978790283
Exciton, frame 9209 ran in:  19.24126100540161
Exciton, frame 9210 ran in:  19.200939416885376
Exciton, frame 9211 ran in:  19.27687096595764
Exciton, frame 9212 ran in:  19.313955545425415
Exciton, frame 9213 ran in:  19.840424060821533
Exciton, frame 9214 ran in:  20.650728940963745
Exciton, frame 9215 ran in:  19.689557313919067
Exciton, frame 9216 ran in:  20.46869468688965
Exciton, frame 9217 ran in:  19.260233879089355
Exciton, frame 9218 ran in:  20.263811588287354
Exciton, frame 9219 ran in:  19.249826192855835
Exciton, frame 9220 ran in:  19.691202640533447
Exciton, frame 9221 ran in:  18.831509113311768
Exciton, frame 9222 ran in:  19.599209547042847
Exciton, frame 9223 ran in:  19.26775074005127
Exciton, frame 9224 ran in:  19.59576940536499
Exciton, frame 9225 ran in:  19.476340293884277
Exciton, frame 9226 ran in:  20.206572771072388
Exciton, frame 9227 ran in:  19.551698207855225
Exciton, frame 9228 ran in:  19.28479027748108
Exciton, frame 9229 ran in:  19.829041242599487
Exciton, frame 9230 ran in:  19.269015312194824
Exciton, frame 9231 ran in:  19.593742847442627
Exciton, frame 9232 ran in:  19.20427656173706
Exciton, frame 9233 ran in:  19.348637580871582
Exciton, frame 9234 ran in:  19.838430881500244
Exciton, frame 9235 ran in:  19.408393383026123
Exciton, frame 9236 ran in:  19.352761268615723
Exciton, frame 9237 ran in:  19.07813048362732
Exciton, frame 9238 ran in:  19.06149435043335
Exciton, frame 9239 ran in:  20.706944704055786
Exciton, frame 9240 ran in:  18.909210443496704
Exciton, frame 9241 ran in:  19.042645692825317
Exciton, frame 9242 ran in:  19.454363584518433
Exciton, frame 9243 ran in:  19.853264331817627
Exciton, frame 9244 ran in:  18.962297916412354
Exciton, frame 9245 ran in:  18.849598169326782
Exciton, frame 9246 ran in:  19.84427237510681
Exciton, frame 9247 ran in:  19.71411156654358
Exciton, frame 9248 ran in:  19.99863862991333
Exciton, frame 9249 ran in:  19.28716254234314
Exciton, frame 9250 ran in:  19.068264722824097
Exciton, frame 9251 ran in:  19.153751134872437
Exciton, frame 9252 ran in:  19.117610216140747
Exciton, frame 9253 ran in:  19.159419298171997
Exciton, frame 9254 ran in:  18.989846229553223
Exciton, frame 9255 ran in:  19.24519181251526
Exciton, frame 9256 ran in:  18.839290380477905
Exciton, frame 9257 ran in:  19.36130452156067
Exciton, frame 9258 ran in:  18.924661874771118
Exciton, frame 9259 ran in:  19.728551387786865
Exciton, frame 9260 ran in:  20.44477128982544
Exciton, frame 9261 ran in:  18.829684734344482
Exciton, frame 9262 ran in:  19.297869443893433
Exciton, frame 9263 ran in:  19.376127243041992
Exciton, frame 9264 ran in:  19.299108505249023
Exciton, frame 9265 ran in:  19.65693736076355
Exciton, frame 9266 ran in:  19.65836477279663
Exciton, frame 9267 ran in:  19.369945287704468
Exciton, frame 9268 ran in:  19.098960161209106
Exciton, frame 9269 ran in:  19.026777029037476
Exciton, frame 9270 ran in:  18.544843435287476
Exciton, frame 9271 ran in:  20.268256425857544
Exciton, frame 9272 ran in:  18.75671148300171
Exciton, frame 9273 ran in:  19.04295301437378
Exciton, frame 9274 ran in:  19.394327878952026
Exciton, frame 9275 ran in:  19.747915029525757
Exciton, frame 9276 ran in:  19.112357139587402
Exciton, frame 9277 ran in:  18.715468645095825
Exciton, frame 9278 ran in:  19.575732231140137
Exciton, frame 9279 ran in:  19.148876428604126
Exciton, frame 9280 ran in:  19.82327437400818
Exciton, frame 9281 ran in:  20.65232491493225
Exciton, frame 9282 ran in:  19.528922080993652
Exciton, frame 9283 ran in:  19.659952878952026
Exciton, frame 9284 ran in:  19.98994255065918
Exciton, frame 9285 ran in:  19.445064544677734
Exciton, frame 9286 ran in:  19.344572067260742
Exciton, frame 9287 ran in:  20.008570671081543
Exciton, frame 9288 ran in:  20.152970790863037
Exciton, frame 9289 ran in:  19.268340349197388
Exciton, frame 9290 ran in:  19.03264355659485
Exciton, frame 9291 ran in:  20.437032461166382
Exciton, frame 9292 ran in:  19.703728675842285
Exciton, frame 9293 ran in:  20.02928113937378
Exciton, frame 9294 ran in:  19.10436749458313
Exciton, frame 9295 ran in:  19.6045343875885
Exciton, frame 9296 ran in:  20.105632781982422
Exciton, frame 9297 ran in:  19.19780683517456
Exciton, frame 9298 ran in:  18.922972440719604
Exciton, frame 9299 ran in:  19.287675619125366
Exciton, frame 9300 ran in:  19.425647497177124
Exciton, frame 9301 ran in:  19.09134554862976
Exciton, frame 9302 ran in:  18.914290189743042
Exciton, frame 9303 ran in:  18.601641416549683
Exciton, frame 9304 ran in:  18.933695554733276
Exciton, frame 9305 ran in:  19.1859872341156
Exciton, frame 9306 ran in:  19.108616828918457
Exciton, frame 9307 ran in:  19.371394634246826
Exciton, frame 9308 ran in:  19.557775020599365
Exciton, frame 9309 ran in:  19.215279817581177
Exciton, frame 9310 ran in:  18.890337467193604
Exciton, frame 9311 ran in:  19.578741550445557
Exciton, frame 9312 ran in:  19.64395570755005
Exciton, frame 9313 ran in:  18.863539695739746
Exciton, frame 9314 ran in:  19.151792287826538
Exciton, frame 9315 ran in:  19.268421173095703
Exciton, frame 9316 ran in:  19.14271855354309
Exciton, frame 9317 ran in:  19.99670433998108
Exciton, frame 9318 ran in:  19.738860607147217
Exciton, frame 9319 ran in:  19.361634016036987
Exciton, frame 9320 ran in:  19.3932945728302
Exciton, frame 9321 ran in:  20.261427640914917
Exciton, frame 9322 ran in:  19.533271312713623
Exciton, frame 9323 ran in:  20.32817554473877
Exciton, frame 9324 ran in:  20.332093238830566
Exciton, frame 9325 ran in:  19.901355028152466
Exciton, frame 9326 ran in:  19.704704761505127
Exciton, frame 9327 ran in:  18.808588981628418
Exciton, frame 9328 ran in:  20.49891185760498
Exciton, frame 9329 ran in:  18.95383644104004
Exciton, frame 9330 ran in:  19.526681423187256
Exciton, frame 9331 ran in:  19.217734813690186
Exciton, frame 9332 ran in:  18.826130151748657
Exciton, frame 9333 ran in:  19.38468337059021
Exciton, frame 9334 ran in:  17.9945068359375
Exciton, frame 9335 ran in:  19.002344369888306
Exciton, frame 9336 ran in:  19.11068367958069
Exciton, frame 9337 ran in:  18.651424169540405
Exciton, frame 9338 ran in:  19.16246461868286
Exciton, frame 9339 ran in:  18.91313147544861
Exciton, frame 9340 ran in:  18.99159002304077
Exciton, frame 9341 ran in:  19.9039306640625
Exciton, frame 9342 ran in:  19.36574625968933
Exciton, frame 9343 ran in:  18.756173133850098
Exciton, frame 9344 ran in:  19.123013257980347
Exciton, frame 9345 ran in:  19.898770570755005
Exciton, frame 9346 ran in:  19.580304622650146
Exciton, frame 9347 ran in:  18.522647619247437
Exciton, frame 9348 ran in:  18.82798933982849
Exciton, frame 9349 ran in:  19.446457624435425
Exciton, frame 9350 ran in:  19.42107915878296
Exciton, frame 9351 ran in:  19.197887897491455
Exciton, frame 9352 ran in:  19.125816345214844
Exciton, frame 9353 ran in:  19.45601201057434
Exciton, frame 9354 ran in:  19.281728744506836
Exciton, frame 9355 ran in:  19.28558325767517
Exciton, frame 9356 ran in:  19.187522411346436
Exciton, frame 9357 ran in:  19.31836748123169
Exciton, frame 9358 ran in:  18.99617576599121
Exciton, frame 9359 ran in:  19.347641944885254
Exciton, frame 9360 ran in:  19.515045642852783
Exciton, frame 9361 ran in:  19.38953995704651
Exciton, frame 9362 ran in:  17.191689491271973
Exciton, frame 9363 ran in:  19.505396127700806
Exciton, frame 9364 ran in:  18.89365792274475
Exciton, frame 9365 ran in:  19.99247097969055
Exciton, frame 9366 ran in:  19.560229539871216
Exciton, frame 9367 ran in:  19.648191928863525
Exciton, frame 9368 ran in:  19.063284635543823
Exciton, frame 9369 ran in:  19.32975435256958
Exciton, frame 9370 ran in:  18.879403829574585
Exciton, frame 9371 ran in:  19.382096767425537
Exciton, frame 9372 ran in:  19.22455358505249
Exciton, frame 9373 ran in:  17.838740825653076
Exciton, frame 9374 ran in:  19.060337781906128
Exciton, frame 9375 ran in:  19.78335976600647
Exciton, frame 9376 ran in:  19.583168268203735
Exciton, frame 9377 ran in:  18.710018157958984
Exciton, frame 9378 ran in:  19.26837921142578
Exciton, frame 9379 ran in:  19.585047245025635
Exciton, frame 9380 ran in:  19.166133403778076
Exciton, frame 9381 ran in:  19.844660997390747
Exciton, frame 9382 ran in:  19.16417694091797
Exciton, frame 9383 ran in:  18.369094848632812
Exciton, frame 9384 ran in:  19.662229776382446
Exciton, frame 9385 ran in:  20.450624704360962
Exciton, frame 9386 ran in:  19.620802640914917
Exciton, frame 9387 ran in:  19.46088218688965
Exciton, frame 9388 ran in:  20.23234462738037
Exciton, frame 9389 ran in:  19.046561241149902
Exciton, frame 9390 ran in:  19.21214532852173
Exciton, frame 9391 ran in:  18.807326078414917
Exciton, frame 9392 ran in:  19.05893874168396
Exciton, frame 9393 ran in:  19.59224510192871
Exciton, frame 9394 ran in:  18.4477641582489
Exciton, frame 9395 ran in:  19.514002799987793
Exciton, frame 9396 ran in:  19.051565647125244
Exciton, frame 9397 ran in:  18.586904764175415
Exciton, frame 9398 ran in:  19.60885190963745
Exciton, frame 9399 ran in:  19.506905794143677
Exciton, frame 9400 ran in:  19.447388887405396
Exciton, frame 9401 ran in:  19.997474193572998
Exciton, frame 9402 ran in:  17.616026163101196
Exciton, frame 9403 ran in:  18.848024129867554
Exciton, frame 9404 ran in:  19.71003746986389
Exciton, frame 9405 ran in:  19.184712648391724
Exciton, frame 9406 ran in:  18.692881107330322
Exciton, frame 9407 ran in:  19.630175828933716
Exciton, frame 9408 ran in:  20.20771026611328
Exciton, frame 9409 ran in:  19.325884103775024
Exciton, frame 9410 ran in:  19.81909155845642
Exciton, frame 9411 ran in:  18.044348001480103
Exciton, frame 9412 ran in:  19.057619094848633
Exciton, frame 9413 ran in:  19.389014720916748
Exciton, frame 9414 ran in:  19.6122567653656
Exciton, frame 9415 ran in:  19.894145250320435
Exciton, frame 9416 ran in:  20.50736165046692
Exciton, frame 9417 ran in:  18.969414710998535
Exciton, frame 9418 ran in:  19.575302362442017
Exciton, frame 9419 ran in:  19.924617767333984
Exciton, frame 9420 ran in:  19.142202615737915
Exciton, frame 9421 ran in:  19.674581050872803
Exciton, frame 9422 ran in:  19.333499670028687
Exciton, frame 9423 ran in:  18.547524213790894
Exciton, frame 9424 ran in:  18.808189868927002
Exciton, frame 9425 ran in:  19.071557760238647
Exciton, frame 9426 ran in:  19.76808214187622
Exciton, frame 9427 ran in:  19.66024422645569
Exciton, frame 9428 ran in:  20.33561372756958
Exciton, frame 9429 ran in:  18.904085159301758
Exciton, frame 9430 ran in:  18.617331743240356
Exciton, frame 9431 ran in:  19.718950510025024
Exciton, frame 9432 ran in:  20.096853971481323
Exciton, frame 9433 ran in:  18.927540063858032
Exciton, frame 9434 ran in:  19.551138877868652
Exciton, frame 9435 ran in:  18.329057931900024
Exciton, frame 9436 ran in:  19.13379955291748
Exciton, frame 9437 ran in:  19.34408473968506
Exciton, frame 9438 ran in:  19.13961887359619
Exciton, frame 9439 ran in:  19.438663244247437
Exciton, frame 9440 ran in:  19.37380599975586
Exciton, frame 9441 ran in:  19.48053002357483
Exciton, frame 9442 ran in:  19.58061647415161
Exciton, frame 9443 ran in:  19.097262859344482
Exciton, frame 9444 ran in:  19.124895334243774
Exciton, frame 9445 ran in:  19.34565043449402
Exciton, frame 9446 ran in:  19.783896923065186
Exciton, frame 9447 ran in:  19.410269498825073
Exciton, frame 9448 ran in:  19.362208366394043
Exciton, frame 9449 ran in:  19.61508297920227
Exciton, frame 9450 ran in:  18.91488528251648
Exciton, frame 9451 ran in:  20.092169284820557
Exciton, frame 9452 ran in:  19.362545013427734
Exciton, frame 9453 ran in:  19.37025284767151
Exciton, frame 9454 ran in:  19.157479286193848
Exciton, frame 9455 ran in:  18.93908715248108
Exciton, frame 9456 ran in:  19.114933967590332
Exciton, frame 9457 ran in:  19.04068160057068
Exciton, frame 9458 ran in:  19.35985040664673
Exciton, frame 9459 ran in:  18.917291164398193
Exciton, frame 9460 ran in:  19.656938314437866
Exciton, frame 9461 ran in:  19.509824991226196
Exciton, frame 9462 ran in:  19.345842123031616
Exciton, frame 9463 ran in:  19.324999570846558
Exciton, frame 9464 ran in:  19.680238723754883
Exciton, frame 9465 ran in:  19.073556423187256
Exciton, frame 9466 ran in:  19.38033103942871
Exciton, frame 9467 ran in:  19.31783103942871
Exciton, frame 9468 ran in:  18.99126362800598
Exciton, frame 9469 ran in:  20.521541833877563
Exciton, frame 9470 ran in:  19.72604537010193
Exciton, frame 9471 ran in:  19.43231725692749
Exciton, frame 9472 ran in:  19.43708300590515
Exciton, frame 9473 ran in:  19.08091378211975
Exciton, frame 9474 ran in:  19.608649492263794
Exciton, frame 9475 ran in:  18.796972036361694
Exciton, frame 9476 ran in:  18.89476776123047
Exciton, frame 9477 ran in:  19.158955812454224
Exciton, frame 9478 ran in:  19.275264501571655
Exciton, frame 9479 ran in:  18.438340187072754
Exciton, frame 9480 ran in:  20.166397094726562
Exciton, frame 9481 ran in:  19.720040798187256
Exciton, frame 9482 ran in:  20.03968071937561
Exciton, frame 9483 ran in:  17.89391326904297
Exciton, frame 9484 ran in:  19.160690546035767
Exciton, frame 9485 ran in:  19.516629934310913
Exciton, frame 9486 ran in:  20.455515146255493
Exciton, frame 9487 ran in:  19.386717081069946
Exciton, frame 9488 ran in:  19.175448656082153
Exciton, frame 9489 ran in:  20.41585612297058
Exciton, frame 9490 ran in:  19.465668201446533
Exciton, frame 9491 ran in:  20.16391921043396
Exciton, frame 9492 ran in:  19.402411937713623
Exciton, frame 9493 ran in:  19.58810305595398
Exciton, frame 9494 ran in:  18.327465057373047
Exciton, frame 9495 ran in:  19.650241136550903
Exciton, frame 9496 ran in:  19.937798261642456
Exciton, frame 9497 ran in:  19.887589693069458
Exciton, frame 9498 ran in:  18.767749071121216
Exciton, frame 9499 ran in:  18.89703130722046
Exciton, frame 9500 ran in:  20.311939477920532
Exciton, frame 9501 ran in:  19.877804040908813
Exciton, frame 9502 ran in:  18.434080600738525
Exciton, frame 9503 ran in:  19.22697949409485
Exciton, frame 9504 ran in:  19.024476528167725
Exciton, frame 9505 ran in:  19.656269073486328
Exciton, frame 9506 ran in:  19.316920518875122
Exciton, frame 9507 ran in:  19.175352573394775
Exciton, frame 9508 ran in:  19.201660633087158
Exciton, frame 9509 ran in:  20.04773759841919
Exciton, frame 9510 ran in:  19.131848096847534
Exciton, frame 9511 ran in:  19.031542778015137
Exciton, frame 9512 ran in:  18.908832550048828
Exciton, frame 9513 ran in:  18.11846947669983
Exciton, frame 9514 ran in:  20.26242733001709
Exciton, frame 9515 ran in:  19.151620626449585
Exciton, frame 9516 ran in:  19.33549952507019
Exciton, frame 9517 ran in:  18.34017825126648
Exciton, frame 9518 ran in:  19.579558610916138
Exciton, frame 9519 ran in:  19.974143505096436
Exciton, frame 9520 ran in:  19.28907537460327
Exciton, frame 9521 ran in:  19.05467462539673
Exciton, frame 9522 ran in:  19.014086961746216
Exciton, frame 9523 ran in:  19.239898204803467
Exciton, frame 9524 ran in:  19.05731987953186
Exciton, frame 9525 ran in:  19.91287326812744
Exciton, frame 9526 ran in:  19.490376949310303
Exciton, frame 9527 ran in:  20.095945835113525
Exciton, frame 9528 ran in:  18.955981969833374
Exciton, frame 9529 ran in:  18.893828868865967
Exciton, frame 9530 ran in:  18.104188680648804
Exciton, frame 9531 ran in:  19.53527545928955
Exciton, frame 9532 ran in:  20.07380509376526
Exciton, frame 9533 ran in:  18.961666584014893
Exciton, frame 9534 ran in:  20.335934162139893
Exciton, frame 9535 ran in:  19.460254430770874
Exciton, frame 9536 ran in:  19.471092700958252
Exciton, frame 9537 ran in:  19.622403860092163
Exciton, frame 9538 ran in:  19.51828956604004
Exciton, frame 9539 ran in:  20.186071395874023
Exciton, frame 9540 ran in:  19.977288722991943
Exciton, frame 9541 ran in:  18.45840835571289
Exciton, frame 9542 ran in:  17.887641191482544
Exciton, frame 9543 ran in:  19.297415733337402
Exciton, frame 9544 ran in:  19.050718545913696
Exciton, frame 9545 ran in:  17.147861003875732
Exciton, frame 9546 ran in:  19.52112317085266
Exciton, frame 9547 ran in:  19.518333673477173
Exciton, frame 9548 ran in:  18.970006704330444
Exciton, frame 9549 ran in:  18.825075149536133
Exciton, frame 9550 ran in:  19.103420972824097
Exciton, frame 9551 ran in:  18.827777862548828
Exciton, frame 9552 ran in:  19.133917331695557
Exciton, frame 9553 ran in:  17.273112297058105
Exciton, frame 9554 ran in:  17.42759943008423
Exciton, frame 9555 ran in:  19.121272087097168
Exciton, frame 9556 ran in:  19.580201625823975
Exciton, frame 9557 ran in:  19.79959750175476
Exciton, frame 9558 ran in:  19.29883074760437
Exciton, frame 9559 ran in:  19.309252977371216
Exciton, frame 9560 ran in:  19.61345148086548
Exciton, frame 9561 ran in:  19.281505346298218
Exciton, frame 9562 ran in:  20.211040019989014
Exciton, frame 9563 ran in:  19.161055326461792
Exciton, frame 9564 ran in:  19.12792682647705
Exciton, frame 9565 ran in:  19.157661199569702
Exciton, frame 9566 ran in:  20.008581399917603
Exciton, frame 9567 ran in:  19.241820812225342
Exciton, frame 9568 ran in:  19.41157579421997
Exciton, frame 9569 ran in:  20.011152982711792
Exciton, frame 9570 ran in:  17.36312460899353
Exciton, frame 9571 ran in:  19.87826633453369
Exciton, frame 9572 ran in:  19.024668216705322
Exciton, frame 9573 ran in:  18.961986780166626
Exciton, frame 9574 ran in:  20.053012132644653
Exciton, frame 9575 ran in:  19.032902717590332
Exciton, frame 9576 ran in:  20.470762014389038
Exciton, frame 9577 ran in:  19.980982303619385
Exciton, frame 9578 ran in:  18.751325607299805
Exciton, frame 9579 ran in:  19.404102325439453
Exciton, frame 9580 ran in:  19.242173671722412
Exciton, frame 9581 ran in:  19.06451439857483
Exciton, frame 9582 ran in:  19.55245614051819
Exciton, frame 9583 ran in:  18.908198356628418
Exciton, frame 9584 ran in:  19.001323223114014
Exciton, frame 9585 ran in:  19.2532742023468
Exciton, frame 9586 ran in:  19.73942494392395
Exciton, frame 9587 ran in:  19.137575149536133
Exciton, frame 9588 ran in:  20.179532289505005
Exciton, frame 9589 ran in:  19.116448640823364
Exciton, frame 9590 ran in:  19.93368363380432
Exciton, frame 9591 ran in:  19.272334098815918
Exciton, frame 9592 ran in:  18.57600164413452
Exciton, frame 9593 ran in:  18.758193254470825
Exciton, frame 9594 ran in:  19.310604095458984
Exciton, frame 9595 ran in:  19.098212718963623
Exciton, frame 9596 ran in:  19.893885612487793
Exciton, frame 9597 ran in:  19.171834707260132
Exciton, frame 9598 ran in:  18.9051616191864
Exciton, frame 9599 ran in:  19.106034755706787
Exciton, frame 9600 ran in:  18.15776753425598
Exciton, frame 9601 ran in:  18.883808135986328
Exciton, frame 9602 ran in:  17.945287704467773
Exciton, frame 9603 ran in:  19.034941911697388
Exciton, frame 9604 ran in:  19.615445852279663
Exciton, frame 9605 ran in:  19.142557621002197
Exciton, frame 9606 ran in:  19.234493732452393
Exciton, frame 9607 ran in:  19.048181533813477
Exciton, frame 9608 ran in:  18.75691294670105
Exciton, frame 9609 ran in:  18.384214639663696
Exciton, frame 9610 ran in:  19.34566831588745
Exciton, frame 9611 ran in:  18.568029403686523
Exciton, frame 9612 ran in:  20.305616855621338
Exciton, frame 9613 ran in:  20.237369298934937
Exciton, frame 9614 ran in:  18.822669744491577
Exciton, frame 9615 ran in:  18.365497827529907
Exciton, frame 9616 ran in:  19.370290994644165
Exciton, frame 9617 ran in:  19.14111614227295
Exciton, frame 9618 ran in:  19.12124228477478
Exciton, frame 9619 ran in:  19.32073664665222
Exciton, frame 9620 ran in:  19.63529634475708
Exciton, frame 9621 ran in:  19.23468828201294
Exciton, frame 9622 ran in:  19.477501153945923
Exciton, frame 9623 ran in:  17.496779918670654
Exciton, frame 9624 ran in:  19.10439443588257
Exciton, frame 9625 ran in:  19.21256709098816
Exciton, frame 9626 ran in:  18.95669722557068
Exciton, frame 9627 ran in:  19.108233213424683
Exciton, frame 9628 ran in:  18.950130462646484
Exciton, frame 9629 ran in:  19.210975646972656
Exciton, frame 9630 ran in:  19.09997797012329
Exciton, frame 9631 ran in:  19.510584354400635
Exciton, frame 9632 ran in:  19.201985597610474
Exciton, frame 9633 ran in:  19.459514141082764
Exciton, frame 9634 ran in:  19.68061590194702
Exciton, frame 9635 ran in:  19.889222383499146
Exciton, frame 9636 ran in:  19.162240028381348
Exciton, frame 9637 ran in:  19.51057195663452
Exciton, frame 9638 ran in:  19.286268949508667
Exciton, frame 9639 ran in:  19.353569269180298
Exciton, frame 9640 ran in:  19.008114337921143
Exciton, frame 9641 ran in:  18.900332927703857
Exciton, frame 9642 ran in:  18.968258380889893
Exciton, frame 9643 ran in:  17.216923236846924
Exciton, frame 9644 ran in:  18.77959179878235
Exciton, frame 9645 ran in:  19.0406973361969
Exciton, frame 9646 ran in:  18.570032835006714
Exciton, frame 9647 ran in:  19.91019630432129
Exciton, frame 9648 ran in:  19.54331946372986
Exciton, frame 9649 ran in:  18.76171875
Exciton, frame 9650 ran in:  19.935739994049072
Exciton, frame 9651 ran in:  19.25321674346924
Exciton, frame 9652 ran in:  20.0697979927063
Exciton, frame 9653 ran in:  19.739585399627686
Exciton, frame 9654 ran in:  19.868459463119507
Exciton, frame 9655 ran in:  18.960184574127197
Exciton, frame 9656 ran in:  19.390952825546265
Exciton, frame 9657 ran in:  18.948349714279175
Exciton, frame 9658 ran in:  19.18173384666443
Exciton, frame 9659 ran in:  19.383599758148193
Exciton, frame 9660 ran in:  19.588077306747437
Exciton, frame 9661 ran in:  19.010626792907715
Exciton, frame 9662 ran in:  18.887224197387695
Exciton, frame 9663 ran in:  19.394840478897095
Exciton, frame 9664 ran in:  19.048086166381836
Exciton, frame 9665 ran in:  18.661524057388306
Exciton, frame 9666 ran in:  18.937358379364014
Exciton, frame 9667 ran in:  19.006367683410645
Exciton, frame 9668 ran in:  19.297520637512207
Exciton, frame 9669 ran in:  19.053559064865112
Exciton, frame 9670 ran in:  19.516256093978882
Exciton, frame 9671 ran in:  19.35490322113037
Exciton, frame 9672 ran in:  19.379310846328735
Exciton, frame 9673 ran in:  19.24816608428955
Exciton, frame 9674 ran in:  19.14087200164795
Exciton, frame 9675 ran in:  19.15175700187683
Exciton, frame 9676 ran in:  19.31189250946045
Exciton, frame 9677 ran in:  18.760026931762695
Exciton, frame 9678 ran in:  18.914681673049927
Exciton, frame 9679 ran in:  19.447163343429565
Exciton, frame 9680 ran in:  19.1226589679718
Exciton, frame 9681 ran in:  19.809900045394897
Exciton, frame 9682 ran in:  19.071649312973022
Exciton, frame 9683 ran in:  20.06208109855652
Exciton, frame 9684 ran in:  19.509119987487793
Exciton, frame 9685 ran in:  19.209092617034912
Exciton, frame 9686 ran in:  19.342129230499268
Exciton, frame 9687 ran in:  19.30026865005493
Exciton, frame 9688 ran in:  19.253535509109497
Exciton, frame 9689 ran in:  18.953108549118042
Exciton, frame 9690 ran in:  19.4149329662323
Exciton, frame 9691 ran in:  20.15984272956848
Exciton, frame 9692 ran in:  19.370387315750122
Exciton, frame 9693 ran in:  20.360997438430786
Exciton, frame 9694 ran in:  19.5353741645813
Exciton, frame 9695 ran in:  19.879372596740723
Exciton, frame 9696 ran in:  19.087854862213135
Exciton, frame 9697 ran in:  19.607975482940674
Exciton, frame 9698 ran in:  20.42578649520874
Exciton, frame 9699 ran in:  19.322405099868774
Exciton, frame 9700 ran in:  19.316912412643433
Exciton, frame 9701 ran in:  18.868446588516235
Exciton, frame 9702 ran in:  19.15490198135376
Exciton, frame 9703 ran in:  19.23016595840454
Exciton, frame 9704 ran in:  19.073778867721558
Exciton, frame 9705 ran in:  20.611750602722168
Exciton, frame 9706 ran in:  18.824212789535522
Exciton, frame 9707 ran in:  20.274664402008057
Exciton, frame 9708 ran in:  20.512140035629272
Exciton, frame 9709 ran in:  18.93409562110901
Exciton, frame 9710 ran in:  19.450191974639893
Exciton, frame 9711 ran in:  19.38590669631958
Exciton, frame 9712 ran in:  19.435861825942993
Exciton, frame 9713 ran in:  18.852949142456055
Exciton, frame 9714 ran in:  19.602728366851807
Exciton, frame 9715 ran in:  18.56351065635681
Exciton, frame 9716 ran in:  19.96945285797119
Exciton, frame 9717 ran in:  17.417871713638306
Exciton, frame 9718 ran in:  20.183104515075684
Exciton, frame 9719 ran in:  19.26542615890503
Exciton, frame 9720 ran in:  19.569467067718506
Exciton, frame 9721 ran in:  18.664804697036743
Exciton, frame 9722 ran in:  20.052319049835205
Exciton, frame 9723 ran in:  19.803216695785522
Exciton, frame 9724 ran in:  20.407957792282104
Exciton, frame 9725 ran in:  19.140121698379517
Exciton, frame 9726 ran in:  20.482195138931274
Exciton, frame 9727 ran in:  19.339903354644775
Exciton, frame 9728 ran in:  19.03620409965515
Exciton, frame 9729 ran in:  18.5569109916687
Exciton, frame 9730 ran in:  18.797788619995117
Exciton, frame 9731 ran in:  18.564072608947754
Exciton, frame 9732 ran in:  19.189505338668823
Exciton, frame 9733 ran in:  19.227497100830078
Exciton, frame 9734 ran in:  19.134349822998047
Exciton, frame 9735 ran in:  17.999592781066895
Exciton, frame 9736 ran in:  15.425951480865479
Exciton, frame 9737 ran in:  18.332595586776733
Exciton, frame 9738 ran in:  18.43025779724121
Exciton, frame 9739 ran in:  19.24443817138672
Exciton, frame 9740 ran in:  18.140978574752808
Exciton, frame 9741 ran in:  18.23097586631775
Exciton, frame 9742 ran in:  18.104830741882324
Exciton, frame 9743 ran in:  16.6410391330719
Exciton, frame 9744 ran in:  18.45013117790222
Exciton, frame 9745 ran in:  18.375786781311035
Exciton, frame 9746 ran in:  18.49181604385376
Exciton, frame 9747 ran in:  19.467467069625854
Exciton, frame 9748 ran in:  18.700685262680054
Exciton, frame 9749 ran in:  18.343474626541138
Exciton, frame 9750 ran in:  18.729865789413452
Exciton, frame 9751 ran in:  18.439231157302856
Exciton, frame 9752 ran in:  19.252591609954834
Exciton, frame 9753 ran in:  18.65532898902893
Exciton, frame 9754 ran in:  19.376346111297607
Exciton, frame 9755 ran in:  19.12410807609558
Exciton, frame 9756 ran in:  18.9157612323761
Exciton, frame 9757 ran in:  18.52902841567993
Exciton, frame 9758 ran in:  18.627074718475342
Exciton, frame 9759 ran in:  19.195099592208862
Exciton, frame 9760 ran in:  18.548276662826538
Exciton, frame 9761 ran in:  18.678627729415894
Exciton, frame 9762 ran in:  19.589911222457886
Exciton, frame 9763 ran in:  18.45136332511902
Exciton, frame 9764 ran in:  18.407878875732422
Exciton, frame 9765 ran in:  19.057481288909912
Exciton, frame 9766 ran in:  18.869638442993164
Exciton, frame 9767 ran in:  18.770131826400757
Exciton, frame 9768 ran in:  19.14225196838379
Exciton, frame 9769 ran in:  18.46219515800476
Exciton, frame 9770 ran in:  20.060303688049316
Exciton, frame 9771 ran in:  19.15828585624695
Exciton, frame 9772 ran in:  19.19607424736023
Exciton, frame 9773 ran in:  18.924896955490112
Exciton, frame 9774 ran in:  18.53005623817444
Exciton, frame 9775 ran in:  19.850430727005005
Exciton, frame 9776 ran in:  18.592659950256348
Exciton, frame 9777 ran in:  18.29804015159607
Exciton, frame 9778 ran in:  19.57982611656189
Exciton, frame 9779 ran in:  18.27517056465149
Exciton, frame 9780 ran in:  20.045210599899292
Exciton, frame 9781 ran in:  18.20425844192505
Exciton, frame 9782 ran in:  18.441322088241577
Exciton, frame 9783 ran in:  18.737139225006104
Exciton, frame 9784 ran in:  19.891463041305542
Exciton, frame 9785 ran in:  18.539796829223633
Exciton, frame 9786 ran in:  19.14150857925415
Exciton, frame 9787 ran in:  18.90800166130066
Exciton, frame 9788 ran in:  19.32723355293274
Exciton, frame 9789 ran in:  19.924150705337524
Exciton, frame 9790 ran in:  18.79008913040161
Exciton, frame 9791 ran in:  19.06381630897522
Exciton, frame 9792 ran in:  18.398489952087402
Exciton, frame 9793 ran in:  18.287126064300537
Exciton, frame 9794 ran in:  18.69038486480713
Exciton, frame 9795 ran in:  19.42892336845398
Exciton, frame 9796 ran in:  18.544480800628662
Exciton, frame 9797 ran in:  18.506591796875
Exciton, frame 9798 ran in:  18.62679934501648
Exciton, frame 9799 ran in:  18.677978038787842
Exciton, frame 9800 ran in:  20.227298259735107
Exciton, frame 9801 ran in:  18.627310037612915
Exciton, frame 9802 ran in:  18.666850090026855
Exciton, frame 9803 ran in:  19.548612117767334
Exciton, frame 9804 ran in:  19.39443612098694
Exciton, frame 9805 ran in:  18.176477909088135
Exciton, frame 9806 ran in:  18.296761989593506
Exciton, frame 9807 ran in:  20.000612258911133
Exciton, frame 9808 ran in:  18.31566882133484
Exciton, frame 9809 ran in:  19.567845582962036
Exciton, frame 9810 ran in:  18.698986053466797
Exciton, frame 9811 ran in:  18.49758553504944
Exciton, frame 9812 ran in:  19.072147607803345
Exciton, frame 9813 ran in:  18.45240831375122
Exciton, frame 9814 ran in:  17.770164012908936
Exciton, frame 9815 ran in:  19.426949739456177
Exciton, frame 9816 ran in:  18.553987979888916
Exciton, frame 9817 ran in:  18.909015655517578
Exciton, frame 9818 ran in:  18.718324661254883
Exciton, frame 9819 ran in:  18.370874166488647
Exciton, frame 9820 ran in:  19.798754930496216
Exciton, frame 9821 ran in:  18.485991716384888
Exciton, frame 9822 ran in:  18.570542812347412
Exciton, frame 9823 ran in:  19.04638147354126
Exciton, frame 9824 ran in:  18.701709747314453
Exciton, frame 9825 ran in:  18.490248441696167
Exciton, frame 9826 ran in:  18.806559801101685
Exciton, frame 9827 ran in:  18.644827127456665
Exciton, frame 9828 ran in:  19.19059467315674
Exciton, frame 9829 ran in:  19.670026779174805
Exciton, frame 9830 ran in:  18.366991996765137
Exciton, frame 9831 ran in:  18.624347686767578
Exciton, frame 9832 ran in:  18.546098470687866
Exciton, frame 9833 ran in:  18.231091499328613
Exciton, frame 9834 ran in:  18.142723083496094
Exciton, frame 9835 ran in:  18.285308599472046
Exciton, frame 9836 ran in:  19.19806694984436
Exciton, frame 9837 ran in:  19.022838592529297
Exciton, frame 9838 ran in:  19.174619436264038
Exciton, frame 9839 ran in:  18.42309308052063
Exciton, frame 9840 ran in:  19.07262945175171
Exciton, frame 9841 ran in:  18.750720739364624
Exciton, frame 9842 ran in:  19.11876106262207
Exciton, frame 9843 ran in:  18.629674673080444
Exciton, frame 9844 ran in:  19.571862936019897
Exciton, frame 9845 ran in:  18.197839975357056
Exciton, frame 9846 ran in:  18.53466272354126
Exciton, frame 9847 ran in:  18.696982622146606
Exciton, frame 9848 ran in:  18.414268732070923
Exciton, frame 9849 ran in:  17.799986839294434
Exciton, frame 9850 ran in:  18.28057599067688
Exciton, frame 9851 ran in:  19.6447536945343
Exciton, frame 9852 ran in:  19.49585795402527
Exciton, frame 9853 ran in:  19.44287943840027
Exciton, frame 9854 ran in:  19.075624227523804
Exciton, frame 9855 ran in:  19.915759086608887
Exciton, frame 9856 ran in:  18.67399287223816
Exciton, frame 9857 ran in:  19.266565322875977
Exciton, frame 9858 ran in:  18.395280599594116
Exciton, frame 9859 ran in:  18.602439403533936
Exciton, frame 9860 ran in:  18.410902500152588
Exciton, frame 9861 ran in:  18.436828136444092
Exciton, frame 9862 ran in:  18.44286608695984
Exciton, frame 9863 ran in:  18.797866821289062
Exciton, frame 9864 ran in:  18.742637157440186
Exciton, frame 9865 ran in:  18.561431407928467
Exciton, frame 9866 ran in:  18.74469494819641
Exciton, frame 9867 ran in:  18.067058563232422
Exciton, frame 9868 ran in:  19.719062089920044
Exciton, frame 9869 ran in:  19.0937602519989
Exciton, frame 9870 ran in:  18.050021171569824
Exciton, frame 9871 ran in:  18.610546112060547
Exciton, frame 9872 ran in:  20.027114152908325
Exciton, frame 9873 ran in:  18.415663719177246
Exciton, frame 9874 ran in:  18.448217630386353
Exciton, frame 9875 ran in:  18.328081369400024
Exciton, frame 9876 ran in:  18.94467854499817
Exciton, frame 9877 ran in:  19.399518728256226
Exciton, frame 9878 ran in:  18.491753101348877
Exciton, frame 9879 ran in:  17.231168746948242
Exciton, frame 9880 ran in:  17.796037673950195
Exciton, frame 9881 ran in:  18.466485738754272
Exciton, frame 9882 ran in:  18.6667218208313
Exciton, frame 9883 ran in:  17.995627641677856
Exciton, frame 9884 ran in:  18.516112565994263
Exciton, frame 9885 ran in:  18.701122760772705
Exciton, frame 9886 ran in:  18.6483736038208
Exciton, frame 9887 ran in:  18.804938316345215
Exciton, frame 9888 ran in:  19.347180128097534
Exciton, frame 9889 ran in:  18.17689847946167
Exciton, frame 9890 ran in:  18.201797485351562
Exciton, frame 9891 ran in:  18.661376237869263
Exciton, frame 9892 ran in:  17.602108478546143
Exciton, frame 9893 ran in:  18.29907989501953
Exciton, frame 9894 ran in:  18.40966558456421
Exciton, frame 9895 ran in:  17.838462114334106
Exciton, frame 9896 ran in:  17.96207332611084
Exciton, frame 9897 ran in:  18.63290238380432
Exciton, frame 9898 ran in:  18.403935194015503
Exciton, frame 9899 ran in:  17.841634273529053
Exciton, frame 9900 ran in:  18.456364393234253
Exciton, frame 9901 ran in:  17.962930917739868
Exciton, frame 9902 ran in:  18.122698307037354
Exciton, frame 9903 ran in:  18.0872700214386
Exciton, frame 9904 ran in:  17.150105714797974
Exciton, frame 9905 ran in:  18.573314666748047
Exciton, frame 9906 ran in:  18.051412105560303
Exciton, frame 9907 ran in:  19.422784090042114
Exciton, frame 9908 ran in:  18.216876983642578
Exciton, frame 9909 ran in:  18.50600290298462
Exciton, frame 9910 ran in:  18.30334186553955
Exciton, frame 9911 ran in:  19.175111770629883
Exciton, frame 9912 ran in:  18.53788161277771
Exciton, frame 9913 ran in:  18.63623881340027
Exciton, frame 9914 ran in:  18.521055221557617
Exciton, frame 9915 ran in:  18.135324478149414
Exciton, frame 9916 ran in:  17.96840262413025
Exciton, frame 9917 ran in:  17.741899013519287
Exciton, frame 9918 ran in:  18.045818090438843
Exciton, frame 9919 ran in:  18.010712385177612
Exciton, frame 9920 ran in:  18.93160104751587
Exciton, frame 9921 ran in:  19.32660698890686
Exciton, frame 9922 ran in:  18.481733560562134
Exciton, frame 9923 ran in:  18.370909452438354
Exciton, frame 9924 ran in:  18.62075448036194
Exciton, frame 9925 ran in:  18.006413221359253
Exciton, frame 9926 ran in:  18.448885440826416
Exciton, frame 9927 ran in:  18.112303018569946
Exciton, frame 9928 ran in:  18.264869213104248
Exciton, frame 9929 ran in:  17.739524126052856
Exciton, frame 9930 ran in:  18.42057776451111
Exciton, frame 9931 ran in:  18.393513917922974
Exciton, frame 9932 ran in:  18.156442642211914
Exciton, frame 9933 ran in:  17.669249773025513
Exciton, frame 9934 ran in:  18.034031629562378
Exciton, frame 9935 ran in:  18.32500410079956
Exciton, frame 9936 ran in:  18.346261501312256
Exciton, frame 9937 ran in:  18.349380254745483
Exciton, frame 9938 ran in:  17.592588901519775
Exciton, frame 9939 ran in:  17.404610633850098
Exciton, frame 9940 ran in:  18.11586618423462
Exciton, frame 9941 ran in:  17.696812391281128
Exciton, frame 9942 ran in:  18.105334997177124
Exciton, frame 9943 ran in:  15.155548334121704
Exciton, frame 9944 ran in:  17.473499298095703
Exciton, frame 9945 ran in:  17.90410804748535
Exciton, frame 9946 ran in:  18.267779111862183
Exciton, frame 9947 ran in:  17.743653774261475
Exciton, frame 9948 ran in:  17.649505853652954
Exciton, frame 9949 ran in:  17.52484393119812
Exciton, frame 9950 ran in:  17.65264654159546
Exciton, frame 9951 ran in:  17.936174631118774
Exciton, frame 9952 ran in:  17.84875512123108
Exciton, frame 9953 ran in:  17.032777547836304
Exciton, frame 9954 ran in:  17.619446992874146
Exciton, frame 9955 ran in:  17.553435802459717
Exciton, frame 9956 ran in:  17.020700693130493
Exciton, frame 9957 ran in:  17.535463333129883
Exciton, frame 9958 ran in:  17.594305992126465
Exciton, frame 9959 ran in:  17.262616634368896
Exciton, frame 9960 ran in:  18.126397371292114
Exciton, frame 9961 ran in:  17.89922261238098
Exciton, frame 9962 ran in:  18.18923306465149
Exciton, frame 9963 ran in:  17.23401713371277
Exciton, frame 9964 ran in:  18.17802119255066
Exciton, frame 9965 ran in:  17.853502988815308
Exciton, frame 9966 ran in:  17.98350477218628
Exciton, frame 9967 ran in:  17.64874267578125
Exciton, frame 9968 ran in:  15.33249807357788
Exciton, frame 9969 ran in:  18.40875744819641
Exciton, frame 9970 ran in:  17.6150963306427
Exciton, frame 9971 ran in:  16.961997985839844
Exciton, frame 9972 ran in:  18.971620321273804
Exciton, frame 9973 ran in:  18.268476486206055
Exciton, frame 9974 ran in:  17.873706102371216
Exciton, frame 9975 ran in:  17.832857847213745
Exciton, frame 9976 ran in:  17.271837949752808
Exciton, frame 9977 ran in:  17.740680694580078
Exciton, frame 9978 ran in:  17.947449922561646
Exciton, frame 9979 ran in:  18.07810378074646
Exciton, frame 9980 ran in:  17.521790981292725
Exciton, frame 9981 ran in:  17.819530963897705
Exciton, frame 9982 ran in:  18.194284200668335
Exciton, frame 9983 ran in:  17.950153589248657
Exciton, frame 9984 ran in:  17.935415029525757
Exciton, frame 9985 ran in:  15.737229347229004
Exciton, frame 9986 ran in:  17.563434600830078
Exciton, frame 9987 ran in:  18.081222772598267
Exciton, frame 9988 ran in:  15.288978099822998
Exciton, frame 9989 ran in:  17.766616582870483
Exciton, frame 9990 ran in:  17.617682218551636
Exciton, frame 9991 ran in:  18.681773900985718
Exciton, frame 9992 ran in:  17.599810361862183
Exciton, frame 9993 ran in:  16.77367115020752
Exciton, frame 9994 ran in:  17.152465105056763
Exciton, frame 9995 ran in:  18.07643985748291
Exciton, frame 9996 ran in:  17.36564302444458
Exciton, frame 9997 ran in:  18.4023540019989
Exciton, frame 9998 ran in:  17.836620330810547
Exciton, frame 9999 ran in:  17.537537097930908
Finished 'run_trajectory' in 19152.682602 secs
