cpu-bind=MASK - bp1-compute130, task 4294967295 4294967295 [0]: mask 0x3bfdff003bfdff set
/user/home/of15641/.conda/envs/openmm/bin/python
Finished 'load_dcd_file' in 58.239989 secs
Exciton, frame 4000 ran in:  18.041494131088257
Exciton, frame 4001 ran in:  12.704783916473389
Exciton, frame 4002 ran in:  12.86917757987976
Exciton, frame 4003 ran in:  12.983214616775513
Exciton, frame 4004 ran in:  12.817110061645508
Exciton, frame 4005 ran in:  13.28829574584961
Exciton, frame 4006 ran in:  12.998677492141724
Exciton, frame 4007 ran in:  12.806582689285278
Exciton, frame 4008 ran in:  13.149189949035645
Exciton, frame 4009 ran in:  12.937263488769531
Exciton, frame 4010 ran in:  13.158689022064209
Exciton, frame 4011 ran in:  12.790014028549194
Exciton, frame 4012 ran in:  12.910584449768066
Exciton, frame 4013 ran in:  12.775203943252563
Exciton, frame 4014 ran in:  13.200008392333984
Exciton, frame 4015 ran in:  12.779198408126831
Exciton, frame 4016 ran in:  12.888396263122559
Exciton, frame 4017 ran in:  12.90806794166565
Exciton, frame 4018 ran in:  13.07970929145813
Exciton, frame 4019 ran in:  13.039116859436035
Exciton, frame 4020 ran in:  12.711109638214111
Exciton, frame 4021 ran in:  13.107866525650024
Exciton, frame 4022 ran in:  13.016871452331543
Exciton, frame 4023 ran in:  13.12389087677002
Exciton, frame 4024 ran in:  13.04780101776123
Exciton, frame 4025 ran in:  12.892619609832764
Exciton, frame 4026 ran in:  13.000648021697998
Exciton, frame 4027 ran in:  12.904505014419556
Exciton, frame 4028 ran in:  13.034482717514038
Exciton, frame 4029 ran in:  13.022834539413452
Exciton, frame 4030 ran in:  12.90755820274353
Exciton, frame 4031 ran in:  13.162468910217285
Exciton, frame 4032 ran in:  13.034704685211182
Exciton, frame 4033 ran in:  13.099416971206665
Exciton, frame 4034 ran in:  13.049468755722046
Exciton, frame 4035 ran in:  12.553060531616211
Exciton, frame 4036 ran in:  13.00453782081604
Exciton, frame 4037 ran in:  12.77141547203064
Exciton, frame 4038 ran in:  13.012670993804932
Exciton, frame 4039 ran in:  13.149528980255127
Exciton, frame 4040 ran in:  12.981858015060425
Exciton, frame 4041 ran in:  12.92810869216919
Exciton, frame 4042 ran in:  12.566473960876465
Exciton, frame 4043 ran in:  12.788025617599487
Exciton, frame 4044 ran in:  12.838685274124146
Exciton, frame 4045 ran in:  12.677254915237427
Exciton, frame 4046 ran in:  13.21016788482666
Exciton, frame 4047 ran in:  12.842317581176758
Exciton, frame 4048 ran in:  12.883641481399536
Exciton, frame 4049 ran in:  12.984990119934082
Exciton, frame 4050 ran in:  12.830644130706787
Exciton, frame 4051 ran in:  12.413949251174927
Exciton, frame 4052 ran in:  13.197093725204468
Exciton, frame 4053 ran in:  13.035553932189941
Exciton, frame 4054 ran in:  13.103719234466553
Exciton, frame 4055 ran in:  12.806652545928955
Exciton, frame 4056 ran in:  13.236891508102417
Exciton, frame 4057 ran in:  12.880661487579346
Exciton, frame 4058 ran in:  12.884243965148926
Exciton, frame 4059 ran in:  12.53328013420105
Exciton, frame 4060 ran in:  12.952295303344727
Exciton, frame 4061 ran in:  12.948987483978271
Exciton, frame 4062 ran in:  13.04463005065918
Exciton, frame 4063 ran in:  13.041401147842407
Exciton, frame 4064 ran in:  12.79865050315857
Exciton, frame 4065 ran in:  12.59438443183899
Exciton, frame 4066 ran in:  12.90465259552002
Exciton, frame 4067 ran in:  12.946331262588501
Exciton, frame 4068 ran in:  13.057364225387573
Exciton, frame 4069 ran in:  13.006266832351685
Exciton, frame 4070 ran in:  13.02302360534668
Exciton, frame 4071 ran in:  13.053671836853027
Exciton, frame 4072 ran in:  12.886743545532227
Exciton, frame 4073 ran in:  12.841550827026367
Exciton, frame 4074 ran in:  13.073240756988525
Exciton, frame 4075 ran in:  12.609643936157227
Exciton, frame 4076 ran in:  12.624767541885376
Exciton, frame 4077 ran in:  12.880722284317017
Exciton, frame 4078 ran in:  12.715106010437012
Exciton, frame 4079 ran in:  12.867084980010986
Exciton, frame 4080 ran in:  12.933248519897461
Exciton, frame 4081 ran in:  13.212433099746704
Exciton, frame 4082 ran in:  13.066192865371704
Exciton, frame 4083 ran in:  12.837112665176392
Exciton, frame 4084 ran in:  12.898010015487671
Exciton, frame 4085 ran in:  12.811410188674927
Exciton, frame 4086 ran in:  12.812829732894897
Exciton, frame 4087 ran in:  13.01803708076477
Exciton, frame 4088 ran in:  13.11644959449768
Exciton, frame 4089 ran in:  12.550132989883423
Exciton, frame 4090 ran in:  13.108561515808105
Exciton, frame 4091 ran in:  12.724214792251587
Exciton, frame 4092 ran in:  12.86280345916748
Exciton, frame 4093 ran in:  12.99277377128601
Exciton, frame 4094 ran in:  12.85823941230774
Exciton, frame 4095 ran in:  12.974310159683228
Exciton, frame 4096 ran in:  13.094853401184082
Exciton, frame 4097 ran in:  12.949203491210938
Exciton, frame 4098 ran in:  13.145407676696777
Exciton, frame 4099 ran in:  12.801446437835693
Exciton, frame 4100 ran in:  13.141841173171997
Exciton, frame 4101 ran in:  12.793426752090454
Exciton, frame 4102 ran in:  12.954545497894287
Exciton, frame 4103 ran in:  13.124682903289795
Exciton, frame 4104 ran in:  13.052545070648193
Exciton, frame 4105 ran in:  13.004376888275146
Exciton, frame 4106 ran in:  12.746115446090698
Exciton, frame 4107 ran in:  12.796960592269897
Exciton, frame 4108 ran in:  13.029247522354126
Exciton, frame 4109 ran in:  12.740538358688354
Exciton, frame 4110 ran in:  12.576483488082886
Exciton, frame 4111 ran in:  12.957780838012695
Exciton, frame 4112 ran in:  12.986441135406494
Exciton, frame 4113 ran in:  12.890806674957275
Exciton, frame 4114 ran in:  13.169816255569458
Exciton, frame 4115 ran in:  12.508189916610718
Exciton, frame 4116 ran in:  12.461486339569092
Exciton, frame 4117 ran in:  12.358675241470337
Exciton, frame 4118 ran in:  12.457281112670898
Exciton, frame 4119 ran in:  12.960521221160889
Exciton, frame 4120 ran in:  12.886126518249512
Exciton, frame 4121 ran in:  14.049379110336304
Exciton, frame 4122 ran in:  12.736103534698486
Exciton, frame 4123 ran in:  12.581681251525879
Exciton, frame 4124 ran in:  13.696066617965698
Exciton, frame 4125 ran in:  12.73054838180542
Exciton, frame 4126 ran in:  12.702172756195068
Exciton, frame 4127 ran in:  12.652044773101807
Exciton, frame 4128 ran in:  12.236108541488647
Exciton, frame 4129 ran in:  12.408486604690552
Exciton, frame 4130 ran in:  12.615829229354858
Exciton, frame 4131 ran in:  12.224080801010132
Exciton, frame 4132 ran in:  12.456210136413574
Exciton, frame 4133 ran in:  12.828328371047974
Exciton, frame 4134 ran in:  12.510681629180908
Exciton, frame 4135 ran in:  12.414044618606567
Exciton, frame 4136 ran in:  12.146026372909546
Exciton, frame 4137 ran in:  12.550638198852539
Exciton, frame 4138 ran in:  12.581365585327148
Exciton, frame 4139 ran in:  12.28445553779602
Exciton, frame 4140 ran in:  12.518787622451782
Exciton, frame 4141 ran in:  12.786771297454834
Exciton, frame 4142 ran in:  12.570383310317993
Exciton, frame 4143 ran in:  13.15036129951477
Exciton, frame 4144 ran in:  12.62281060218811
Exciton, frame 4145 ran in:  12.897001266479492
Exciton, frame 4146 ran in:  12.924636125564575
Exciton, frame 4147 ran in:  12.292098045349121
Exciton, frame 4148 ran in:  12.884427309036255
Exciton, frame 4149 ran in:  12.490288496017456
Exciton, frame 4150 ran in:  13.55220103263855
Exciton, frame 4151 ran in:  13.47405195236206
Exciton, frame 4152 ran in:  12.512910842895508
Exciton, frame 4153 ran in:  12.563018321990967
Exciton, frame 4154 ran in:  12.461358308792114
Exciton, frame 4155 ran in:  12.62413239479065
Exciton, frame 4156 ran in:  12.645064353942871
Exciton, frame 4157 ran in:  12.856507301330566
Exciton, frame 4158 ran in:  12.437440633773804
Exciton, frame 4159 ran in:  12.75818395614624
Exciton, frame 4160 ran in:  12.798420190811157
Exciton, frame 4161 ran in:  12.688470602035522
Exciton, frame 4162 ran in:  13.214838743209839
Exciton, frame 4163 ran in:  12.861305952072144
Exciton, frame 4164 ran in:  12.428653478622437
Exciton, frame 4165 ran in:  12.984103679656982
Exciton, frame 4166 ran in:  12.790573596954346
Exciton, frame 4167 ran in:  12.174122333526611
Exciton, frame 4168 ran in:  12.776103734970093
Exciton, frame 4169 ran in:  12.508396863937378
Exciton, frame 4170 ran in:  12.628150224685669
Exciton, frame 4171 ran in:  12.629831075668335
Exciton, frame 4172 ran in:  12.749818325042725
Exciton, frame 4173 ran in:  12.645942211151123
Exciton, frame 4174 ran in:  12.285287857055664
Exciton, frame 4175 ran in:  12.475166082382202
Exciton, frame 4176 ran in:  13.26109528541565
Exciton, frame 4177 ran in:  12.700284242630005
Exciton, frame 4178 ran in:  12.564500093460083
Exciton, frame 4179 ran in:  12.272725582122803
Exciton, frame 4180 ran in:  13.529212713241577
Exciton, frame 4181 ran in:  12.340245723724365
Exciton, frame 4182 ran in:  12.929354667663574
Exciton, frame 4183 ran in:  12.751079082489014
Exciton, frame 4184 ran in:  12.387063264846802
Exciton, frame 4185 ran in:  12.520182847976685
Exciton, frame 4186 ran in:  12.608181238174438
Exciton, frame 4187 ran in:  12.45012092590332
Exciton, frame 4188 ran in:  12.477483034133911
Exciton, frame 4189 ran in:  12.740781307220459
Exciton, frame 4190 ran in:  12.659521341323853
Exciton, frame 4191 ran in:  12.666939496994019
Exciton, frame 4192 ran in:  12.386375665664673
Exciton, frame 4193 ran in:  12.953243970870972
Exciton, frame 4194 ran in:  12.632317781448364
Exciton, frame 4195 ran in:  13.495007991790771
Exciton, frame 4196 ran in:  13.517103433609009
Exciton, frame 4197 ran in:  12.771335124969482
Exciton, frame 4198 ran in:  12.453458786010742
Exciton, frame 4199 ran in:  12.82995867729187
Exciton, frame 4200 ran in:  12.68849778175354
Exciton, frame 4201 ran in:  12.718676567077637
Exciton, frame 4202 ran in:  12.845595121383667
Exciton, frame 4203 ran in:  12.54576587677002
Exciton, frame 4204 ran in:  12.931422233581543
Exciton, frame 4205 ran in:  12.995034456253052
Exciton, frame 4206 ran in:  12.587466478347778
Exciton, frame 4207 ran in:  12.628006219863892
Exciton, frame 4208 ran in:  12.676840543746948
Exciton, frame 4209 ran in:  12.440364360809326
Exciton, frame 4210 ran in:  12.773735046386719
Exciton, frame 4211 ran in:  12.721303701400757
Exciton, frame 4212 ran in:  12.826820611953735
Exciton, frame 4213 ran in:  12.785045146942139
Exciton, frame 4214 ran in:  12.674009084701538
Exciton, frame 4215 ran in:  12.800024032592773
Exciton, frame 4216 ran in:  12.683942556381226
Exciton, frame 4217 ran in:  12.69372034072876
Exciton, frame 4218 ran in:  12.834359407424927
Exciton, frame 4219 ran in:  12.578803539276123
Exciton, frame 4220 ran in:  12.606330871582031
Exciton, frame 4221 ran in:  12.682064771652222
Exciton, frame 4222 ran in:  12.40658450126648
Exciton, frame 4223 ran in:  12.817259073257446
Exciton, frame 4224 ran in:  12.40542459487915
Exciton, frame 4225 ran in:  12.539231538772583
Exciton, frame 4226 ran in:  12.608214855194092
Exciton, frame 4227 ran in:  12.370633363723755
Exciton, frame 4228 ran in:  12.574991941452026
Exciton, frame 4229 ran in:  12.650757312774658
Exciton, frame 4230 ran in:  12.637009620666504
Exciton, frame 4231 ran in:  12.958101511001587
Exciton, frame 4232 ran in:  12.69872498512268
Exciton, frame 4233 ran in:  12.731455087661743
Exciton, frame 4234 ran in:  12.531899213790894
Exciton, frame 4235 ran in:  12.164716720581055
Exciton, frame 4236 ran in:  12.711510181427002
Exciton, frame 4237 ran in:  12.722762107849121
Exciton, frame 4238 ran in:  12.13736605644226
Exciton, frame 4239 ran in:  12.975763082504272
Exciton, frame 4240 ran in:  12.606176376342773
Exciton, frame 4241 ran in:  12.92336368560791
Exciton, frame 4242 ran in:  13.156187295913696
Exciton, frame 4243 ran in:  13.58299970626831
Exciton, frame 4244 ran in:  13.736762046813965
Exciton, frame 4245 ran in:  12.613180875778198
Exciton, frame 4246 ran in:  12.615935325622559
Exciton, frame 4247 ran in:  12.437198162078857
Exciton, frame 4248 ran in:  13.711063146591187
Exciton, frame 4249 ran in:  12.723542928695679
Exciton, frame 4250 ran in:  12.617927312850952
Exciton, frame 4251 ran in:  12.758206844329834
Exciton, frame 4252 ran in:  12.707353353500366
Exciton, frame 4253 ran in:  14.065252542495728
Exciton, frame 4254 ran in:  13.717252492904663
Exciton, frame 4255 ran in:  12.610504150390625
Exciton, frame 4256 ran in:  12.537110328674316
Exciton, frame 4257 ran in:  12.530818223953247
Exciton, frame 4258 ran in:  12.45918893814087
Exciton, frame 4259 ran in:  12.510331869125366
Exciton, frame 4260 ran in:  12.183219194412231
Exciton, frame 4261 ran in:  12.422589302062988
Exciton, frame 4262 ran in:  12.680454015731812
Exciton, frame 4263 ran in:  12.402142524719238
Exciton, frame 4264 ran in:  12.450231790542603
Exciton, frame 4265 ran in:  12.338761568069458
Exciton, frame 4266 ran in:  12.589370489120483
Exciton, frame 4267 ran in:  12.479362964630127
Exciton, frame 4268 ran in:  12.302483558654785
Exciton, frame 4269 ran in:  13.482999563217163
Exciton, frame 4270 ran in:  12.816616773605347
Exciton, frame 4271 ran in:  12.455020666122437
Exciton, frame 4272 ran in:  12.588883876800537
Exciton, frame 4273 ran in:  12.911566495895386
Exciton, frame 4274 ran in:  12.796865701675415
Exciton, frame 4275 ran in:  12.460437297821045
Exciton, frame 4276 ran in:  13.06947946548462
Exciton, frame 4277 ran in:  12.57481050491333
Exciton, frame 4278 ran in:  13.891700744628906
Exciton, frame 4279 ran in:  12.648351430892944
Exciton, frame 4280 ran in:  12.68483567237854
Exciton, frame 4281 ran in:  12.766747236251831
Exciton, frame 4282 ran in:  12.43116569519043
Exciton, frame 4283 ran in:  12.92286467552185
Exciton, frame 4284 ran in:  12.498292446136475
Exciton, frame 4285 ran in:  12.720377683639526
Exciton, frame 4286 ran in:  12.473864316940308
Exciton, frame 4287 ran in:  12.674296617507935
Exciton, frame 4288 ran in:  12.991597414016724
Exciton, frame 4289 ran in:  12.647279977798462
Exciton, frame 4290 ran in:  12.519184350967407
Exciton, frame 4291 ran in:  12.518896579742432
Exciton, frame 4292 ran in:  12.367616176605225
Exciton, frame 4293 ran in:  12.547123193740845
Exciton, frame 4294 ran in:  12.69118881225586
Exciton, frame 4295 ran in:  11.972549676895142
Exciton, frame 4296 ran in:  12.403296947479248
Exciton, frame 4297 ran in:  12.057730674743652
Exciton, frame 4298 ran in:  12.411871671676636
Exciton, frame 4299 ran in:  12.710663795471191
Exciton, frame 4300 ran in:  12.57093358039856
Exciton, frame 4301 ran in:  12.331711292266846
Exciton, frame 4302 ran in:  12.484375476837158
Exciton, frame 4303 ran in:  12.539613008499146
Exciton, frame 4304 ran in:  12.62241244316101
Exciton, frame 4305 ran in:  12.14835524559021
Exciton, frame 4306 ran in:  12.588511943817139
Exciton, frame 4307 ran in:  12.670084714889526
Exciton, frame 4308 ran in:  12.45033311843872
Exciton, frame 4309 ran in:  12.590613603591919
Exciton, frame 4310 ran in:  12.290162086486816
Exciton, frame 4311 ran in:  12.756393671035767
Exciton, frame 4312 ran in:  12.466554403305054
Exciton, frame 4313 ran in:  12.554106712341309
Exciton, frame 4314 ran in:  12.852005243301392
Exciton, frame 4315 ran in:  12.517311334609985
Exciton, frame 4316 ran in:  12.77190351486206
Exciton, frame 4317 ran in:  12.350404977798462
Exciton, frame 4318 ran in:  12.380540370941162
Exciton, frame 4319 ran in:  12.53105354309082
Exciton, frame 4320 ran in:  12.705948114395142
Exciton, frame 4321 ran in:  12.732276439666748
Exciton, frame 4322 ran in:  12.72154188156128
Exciton, frame 4323 ran in:  13.081215143203735
Exciton, frame 4324 ran in:  12.604485273361206
Exciton, frame 4325 ran in:  12.59300947189331
Exciton, frame 4326 ran in:  12.680983781814575
Exciton, frame 4327 ran in:  12.757108688354492
Exciton, frame 4328 ran in:  12.714648008346558
Exciton, frame 4329 ran in:  12.878102779388428
Exciton, frame 4330 ran in:  12.720605611801147
Exciton, frame 4331 ran in:  12.707451105117798
Exciton, frame 4332 ran in:  12.75807499885559
Exciton, frame 4333 ran in:  12.582119226455688
Exciton, frame 4334 ran in:  12.779573202133179
Exciton, frame 4335 ran in:  12.302687883377075
Exciton, frame 4336 ran in:  12.451950073242188
Exciton, frame 4337 ran in:  12.103477716445923
Exciton, frame 4338 ran in:  12.716379642486572
Exciton, frame 4339 ran in:  12.836545705795288
Exciton, frame 4340 ran in:  13.156141519546509
Exciton, frame 4341 ran in:  12.537182092666626
Exciton, frame 4342 ran in:  12.17954969406128
Exciton, frame 4343 ran in:  12.675848007202148
Exciton, frame 4344 ran in:  12.709656715393066
Exciton, frame 4345 ran in:  12.968581914901733
Exciton, frame 4346 ran in:  12.776547908782959
Exciton, frame 4347 ran in:  12.242884397506714
Exciton, frame 4348 ran in:  12.541490077972412
Exciton, frame 4349 ran in:  12.594553709030151
Exciton, frame 4350 ran in:  12.418681383132935
Exciton, frame 4351 ran in:  12.665518283843994
Exciton, frame 4352 ran in:  13.635622024536133
Exciton, frame 4353 ran in:  12.733946084976196
Exciton, frame 4354 ran in:  12.550869226455688
Exciton, frame 4355 ran in:  12.39836311340332
Exciton, frame 4356 ran in:  12.617958545684814
Exciton, frame 4357 ran in:  12.513731002807617
Exciton, frame 4358 ran in:  13.199042081832886
Exciton, frame 4359 ran in:  12.733586072921753
Exciton, frame 4360 ran in:  12.867955923080444
Exciton, frame 4361 ran in:  13.11638069152832
Exciton, frame 4362 ran in:  12.70460844039917
Exciton, frame 4363 ran in:  12.510604858398438
Exciton, frame 4364 ran in:  13.807193994522095
Exciton, frame 4365 ran in:  12.929241418838501
Exciton, frame 4366 ran in:  12.881650924682617
Exciton, frame 4367 ran in:  12.876858711242676
Exciton, frame 4368 ran in:  12.439224481582642
Exciton, frame 4369 ran in:  12.227604866027832
Exciton, frame 4370 ran in:  12.615270137786865
Exciton, frame 4371 ran in:  12.560437440872192
Exciton, frame 4372 ran in:  13.055567502975464
Exciton, frame 4373 ran in:  13.025261163711548
Exciton, frame 4374 ran in:  12.344128370285034
Exciton, frame 4375 ran in:  12.70201063156128
Exciton, frame 4376 ran in:  12.657758474349976
Exciton, frame 4377 ran in:  12.473804712295532
Exciton, frame 4378 ran in:  12.745413064956665
Exciton, frame 4379 ran in:  12.543302536010742
Exciton, frame 4380 ran in:  12.41960620880127
Exciton, frame 4381 ran in:  12.660022020339966
Exciton, frame 4382 ran in:  12.47671890258789
Exciton, frame 4383 ran in:  12.414202690124512
Exciton, frame 4384 ran in:  12.559641122817993
Exciton, frame 4385 ran in:  12.984407663345337
Exciton, frame 4386 ran in:  13.354116439819336
Exciton, frame 4387 ran in:  12.783237218856812
Exciton, frame 4388 ran in:  12.503040075302124
Exciton, frame 4389 ran in:  13.008393287658691
Exciton, frame 4390 ran in:  12.744173526763916
Exciton, frame 4391 ran in:  12.868521928787231
Exciton, frame 4392 ran in:  13.209949731826782
Exciton, frame 4393 ran in:  12.518533945083618
Exciton, frame 4394 ran in:  12.774186134338379
Exciton, frame 4395 ran in:  12.709093570709229
Exciton, frame 4396 ran in:  12.537869215011597
Exciton, frame 4397 ran in:  12.725641012191772
Exciton, frame 4398 ran in:  12.896183252334595
Exciton, frame 4399 ran in:  12.550832033157349
Exciton, frame 4400 ran in:  12.89655327796936
Exciton, frame 4401 ran in:  12.745124340057373
Exciton, frame 4402 ran in:  13.908869981765747
Exciton, frame 4403 ran in:  13.118448734283447
Exciton, frame 4404 ran in:  12.620718479156494
Exciton, frame 4405 ran in:  12.681619882583618
Exciton, frame 4406 ran in:  12.855193853378296
Exciton, frame 4407 ran in:  12.44989013671875
Exciton, frame 4408 ran in:  12.703987121582031
Exciton, frame 4409 ran in:  12.261588335037231
Exciton, frame 4410 ran in:  13.893563032150269
Exciton, frame 4411 ran in:  12.546314477920532
Exciton, frame 4412 ran in:  12.709895610809326
Exciton, frame 4413 ran in:  12.69864797592163
Exciton, frame 4414 ran in:  12.603749990463257
Exciton, frame 4415 ran in:  12.308477401733398
Exciton, frame 4416 ran in:  12.996708869934082
Exciton, frame 4417 ran in:  12.602704763412476
Exciton, frame 4418 ran in:  12.853136539459229
Exciton, frame 4419 ran in:  12.44364881515503
Exciton, frame 4420 ran in:  12.670363187789917
Exciton, frame 4421 ran in:  12.642737865447998
Exciton, frame 4422 ran in:  12.548516750335693
Exciton, frame 4423 ran in:  12.87708067893982
Exciton, frame 4424 ran in:  12.67879605293274
Exciton, frame 4425 ran in:  12.54166054725647
Exciton, frame 4426 ran in:  12.86114501953125
Exciton, frame 4427 ran in:  12.817035436630249
Exciton, frame 4428 ran in:  12.764757871627808
Exciton, frame 4429 ran in:  13.116889953613281
Exciton, frame 4430 ran in:  12.866883516311646
Exciton, frame 4431 ran in:  12.500865697860718
Exciton, frame 4432 ran in:  12.933426141738892
Exciton, frame 4433 ran in:  13.06627345085144
Exciton, frame 4434 ran in:  12.626812934875488
Exciton, frame 4435 ran in:  12.700250387191772
Exciton, frame 4436 ran in:  12.8130464553833
Exciton, frame 4437 ran in:  12.732439041137695
Exciton, frame 4438 ran in:  12.429315328598022
Exciton, frame 4439 ran in:  12.786202192306519
Exciton, frame 4440 ran in:  12.614120721817017
Exciton, frame 4441 ran in:  13.485896110534668
Exciton, frame 4442 ran in:  12.829091548919678
Exciton, frame 4443 ran in:  12.9917151927948
Exciton, frame 4444 ran in:  12.697829246520996
Exciton, frame 4445 ran in:  13.915201902389526
Exciton, frame 4446 ran in:  12.381836891174316
Exciton, frame 4447 ran in:  12.820343255996704
Exciton, frame 4448 ran in:  12.644761085510254
Exciton, frame 4449 ran in:  12.967595338821411
Exciton, frame 4450 ran in:  13.18567442893982
Exciton, frame 4451 ran in:  12.725145816802979
Exciton, frame 4452 ran in:  12.601551294326782
Exciton, frame 4453 ran in:  12.635131120681763
Exciton, frame 4454 ran in:  12.677452087402344
Exciton, frame 4455 ran in:  12.774212121963501
Exciton, frame 4456 ran in:  12.558478116989136
Exciton, frame 4457 ran in:  12.534984111785889
Exciton, frame 4458 ran in:  12.710125207901001
Exciton, frame 4459 ran in:  12.705317258834839
Exciton, frame 4460 ran in:  12.224708080291748
Exciton, frame 4461 ran in:  12.925923824310303
Exciton, frame 4462 ran in:  12.436885833740234
Exciton, frame 4463 ran in:  12.768927097320557
Exciton, frame 4464 ran in:  13.086724519729614
Exciton, frame 4465 ran in:  12.452067375183105
Exciton, frame 4466 ran in:  12.955411434173584
Exciton, frame 4467 ran in:  12.838000535964966
Exciton, frame 4468 ran in:  12.401941776275635
Exciton, frame 4469 ran in:  13.951359033584595
Exciton, frame 4470 ran in:  13.390199661254883
Exciton, frame 4471 ran in:  12.762858629226685
Exciton, frame 4472 ran in:  13.448069095611572
Exciton, frame 4473 ran in:  12.685096979141235
Exciton, frame 4474 ran in:  12.705169200897217
Exciton, frame 4475 ran in:  12.689367771148682
Exciton, frame 4476 ran in:  12.266552925109863
Exciton, frame 4477 ran in:  12.510460615158081
Exciton, frame 4478 ran in:  12.863367080688477
Exciton, frame 4479 ran in:  12.935333967208862
Exciton, frame 4480 ran in:  12.834614515304565
Exciton, frame 4481 ran in:  12.60106086730957
Exciton, frame 4482 ran in:  13.190311670303345
Exciton, frame 4483 ran in:  13.40379810333252
Exciton, frame 4484 ran in:  12.604571104049683
Exciton, frame 4485 ran in:  13.009704828262329
Exciton, frame 4486 ran in:  14.445416450500488
Exciton, frame 4487 ran in:  13.322874546051025
Exciton, frame 4488 ran in:  13.41170048713684
Exciton, frame 4489 ran in:  12.511008501052856
Exciton, frame 4490 ran in:  12.684221029281616
Exciton, frame 4491 ran in:  12.662444114685059
Exciton, frame 4492 ran in:  13.023653745651245
Exciton, frame 4493 ran in:  12.734504699707031
Exciton, frame 4494 ran in:  13.365641593933105
Exciton, frame 4495 ran in:  12.5687894821167
Exciton, frame 4496 ran in:  12.680038213729858
Exciton, frame 4497 ran in:  12.872361660003662
Exciton, frame 4498 ran in:  12.57853102684021
Exciton, frame 4499 ran in:  13.31140661239624
Exciton, frame 4500 ran in:  12.570057153701782
Exciton, frame 4501 ran in:  12.692333459854126
Exciton, frame 4502 ran in:  12.700969457626343
Exciton, frame 4503 ran in:  12.378295183181763
Exciton, frame 4504 ran in:  12.736834287643433
Exciton, frame 4505 ran in:  12.90390682220459
Exciton, frame 4506 ran in:  12.993370056152344
Exciton, frame 4507 ran in:  12.560020685195923
Exciton, frame 4508 ran in:  12.753735303878784
Exciton, frame 4509 ran in:  13.150120973587036
Exciton, frame 4510 ran in:  12.667338371276855
Exciton, frame 4511 ran in:  13.01963758468628
Exciton, frame 4512 ran in:  13.544296979904175
Exciton, frame 4513 ran in:  13.598513126373291
Exciton, frame 4514 ran in:  12.335428953170776
Exciton, frame 4515 ran in:  13.662422180175781
Exciton, frame 4516 ran in:  12.883685111999512
Exciton, frame 4517 ran in:  12.750778198242188
Exciton, frame 4518 ran in:  12.973639488220215
Exciton, frame 4519 ran in:  12.498373985290527
Exciton, frame 4520 ran in:  12.59222674369812
Exciton, frame 4521 ran in:  13.479912042617798
Exciton, frame 4522 ran in:  14.427206754684448
Exciton, frame 4523 ran in:  12.626015663146973
Exciton, frame 4524 ran in:  12.579950094223022
Exciton, frame 4525 ran in:  12.619659900665283
Exciton, frame 4526 ran in:  12.534069538116455
Exciton, frame 4527 ran in:  13.637386083602905
Exciton, frame 4528 ran in:  12.656097650527954
Exciton, frame 4529 ran in:  13.581300020217896
Exciton, frame 4530 ran in:  12.854960441589355
Exciton, frame 4531 ran in:  12.712053537368774
Exciton, frame 4532 ran in:  13.602826118469238
Exciton, frame 4533 ran in:  12.643969297409058
Exciton, frame 4534 ran in:  13.935609340667725
Exciton, frame 4535 ran in:  12.725671529769897
Exciton, frame 4536 ran in:  13.164371013641357
Exciton, frame 4537 ran in:  12.705187320709229
Exciton, frame 4538 ran in:  12.56883716583252
Exciton, frame 4539 ran in:  12.497606992721558
Exciton, frame 4540 ran in:  13.129826784133911
Exciton, frame 4541 ran in:  12.721909046173096
Exciton, frame 4542 ran in:  12.570657014846802
Exciton, frame 4543 ran in:  13.259854078292847
Exciton, frame 4544 ran in:  12.763011693954468
Exciton, frame 4545 ran in:  13.030253410339355
Exciton, frame 4546 ran in:  12.680905818939209
Exciton, frame 4547 ran in:  12.092147827148438
Exciton, frame 4548 ran in:  12.54704236984253
Exciton, frame 4549 ran in:  12.727504968643188
Exciton, frame 4550 ran in:  12.187888383865356
Exciton, frame 4551 ran in:  12.334128618240356
Exciton, frame 4552 ran in:  13.354770183563232
Exciton, frame 4553 ran in:  13.474352359771729
Exciton, frame 4554 ran in:  12.635797500610352
Exciton, frame 4555 ran in:  12.91204571723938
Exciton, frame 4556 ran in:  12.585981130599976
Exciton, frame 4557 ran in:  12.86252212524414
Exciton, frame 4558 ran in:  12.794146299362183
Exciton, frame 4559 ran in:  12.662956237792969
Exciton, frame 4560 ran in:  12.687115669250488
Exciton, frame 4561 ran in:  12.686538934707642
Exciton, frame 4562 ran in:  12.956511497497559
Exciton, frame 4563 ran in:  12.658102989196777
Exciton, frame 4564 ran in:  12.568089485168457
Exciton, frame 4565 ran in:  12.6469566822052
Exciton, frame 4566 ran in:  13.605113744735718
Exciton, frame 4567 ran in:  12.737442255020142
Exciton, frame 4568 ran in:  12.79779601097107
Exciton, frame 4569 ran in:  12.33588194847107
Exciton, frame 4570 ran in:  12.750961542129517
Exciton, frame 4571 ran in:  12.401004791259766
Exciton, frame 4572 ran in:  13.005990028381348
Exciton, frame 4573 ran in:  12.606681823730469
Exciton, frame 4574 ran in:  12.220999240875244
Exciton, frame 4575 ran in:  12.391966581344604
Exciton, frame 4576 ran in:  13.29177474975586
Exciton, frame 4577 ran in:  12.545609474182129
Exciton, frame 4578 ran in:  11.870983600616455
Exciton, frame 4579 ran in:  12.487266778945923
Exciton, frame 4580 ran in:  12.232507467269897
Exciton, frame 4581 ran in:  13.505578517913818
Exciton, frame 4582 ran in:  12.450629949569702
Exciton, frame 4583 ran in:  12.621244430541992
Exciton, frame 4584 ran in:  12.154250144958496
Exciton, frame 4585 ran in:  13.05710220336914
Exciton, frame 4586 ran in:  12.512256383895874
Exciton, frame 4587 ran in:  12.530327558517456
Exciton, frame 4588 ran in:  12.495191097259521
Exciton, frame 4589 ran in:  13.137076139450073
Exciton, frame 4590 ran in:  12.379623889923096
Exciton, frame 4591 ran in:  12.54345417022705
Exciton, frame 4592 ran in:  12.614291906356812
Exciton, frame 4593 ran in:  13.773609638214111
Exciton, frame 4594 ran in:  12.858977317810059
Exciton, frame 4595 ran in:  12.738908290863037
Exciton, frame 4596 ran in:  12.661623239517212
Exciton, frame 4597 ran in:  12.730106353759766
Exciton, frame 4598 ran in:  12.830251693725586
Exciton, frame 4599 ran in:  13.659456968307495
Exciton, frame 4600 ran in:  12.350221872329712
Exciton, frame 4601 ran in:  13.183348417282104
Exciton, frame 4602 ran in:  12.733161926269531
Exciton, frame 4603 ran in:  12.887435913085938
Exciton, frame 4604 ran in:  12.591280460357666
Exciton, frame 4605 ran in:  12.622931003570557
Exciton, frame 4606 ran in:  12.712456703186035
Exciton, frame 4607 ran in:  12.34624433517456
Exciton, frame 4608 ran in:  12.38044285774231
Exciton, frame 4609 ran in:  12.446684122085571
Exciton, frame 4610 ran in:  12.664920091629028
Exciton, frame 4611 ran in:  12.488407373428345
Exciton, frame 4612 ran in:  12.607378244400024
Exciton, frame 4613 ran in:  12.753332614898682
Exciton, frame 4614 ran in:  12.555148124694824
Exciton, frame 4615 ran in:  12.502289056777954
Exciton, frame 4616 ran in:  13.014270067214966
Exciton, frame 4617 ran in:  12.754140377044678
Exciton, frame 4618 ran in:  12.469919681549072
Exciton, frame 4619 ran in:  12.5702223777771
Exciton, frame 4620 ran in:  12.60841965675354
Exciton, frame 4621 ran in:  12.925611972808838
Exciton, frame 4622 ran in:  12.765168190002441
Exciton, frame 4623 ran in:  13.079980611801147
Exciton, frame 4624 ran in:  12.653160333633423
Exciton, frame 4625 ran in:  12.576744794845581
Exciton, frame 4626 ran in:  13.355244159698486
Exciton, frame 4627 ran in:  12.776435136795044
Exciton, frame 4628 ran in:  12.857746124267578
Exciton, frame 4629 ran in:  13.697782278060913
Exciton, frame 4630 ran in:  12.705828428268433
Exciton, frame 4631 ran in:  12.705037355422974
Exciton, frame 4632 ran in:  12.943743228912354
Exciton, frame 4633 ran in:  13.522974252700806
Exciton, frame 4634 ran in:  12.4361572265625
Exciton, frame 4635 ran in:  12.416430473327637
Exciton, frame 4636 ran in:  12.449408531188965
Exciton, frame 4637 ran in:  13.845669269561768
Exciton, frame 4638 ran in:  12.670697212219238
Exciton, frame 4639 ran in:  12.739335298538208
Exciton, frame 4640 ran in:  12.354559183120728
Exciton, frame 4641 ran in:  12.730396747589111
Exciton, frame 4642 ran in:  13.000125646591187
Exciton, frame 4643 ran in:  12.646151065826416
Exciton, frame 4644 ran in:  12.373396635055542
Exciton, frame 4645 ran in:  12.815735816955566
Exciton, frame 4646 ran in:  12.119466781616211
Exciton, frame 4647 ran in:  12.878929853439331
Exciton, frame 4648 ran in:  12.808496713638306
Exciton, frame 4649 ran in:  12.746496200561523
Exciton, frame 4650 ran in:  13.270547866821289
Exciton, frame 4651 ran in:  12.703641414642334
Exciton, frame 4652 ran in:  12.822732925415039
Exciton, frame 4653 ran in:  12.688209772109985
Exciton, frame 4654 ran in:  12.600615501403809
Exciton, frame 4655 ran in:  13.081865549087524
Exciton, frame 4656 ran in:  13.82014513015747
Exciton, frame 4657 ran in:  12.788170099258423
Exciton, frame 4658 ran in:  12.639777421951294
Exciton, frame 4659 ran in:  13.857622385025024
Exciton, frame 4660 ran in:  12.449419260025024
Exciton, frame 4661 ran in:  14.009300231933594
Exciton, frame 4662 ran in:  12.743273973464966
Exciton, frame 4663 ran in:  12.619918823242188
Exciton, frame 4664 ran in:  12.327842235565186
Exciton, frame 4665 ran in:  12.251357793807983
Exciton, frame 4666 ran in:  13.002659320831299
Exciton, frame 4667 ran in:  12.912211656570435
Exciton, frame 4668 ran in:  13.637582063674927
Exciton, frame 4669 ran in:  12.80097484588623
Exciton, frame 4670 ran in:  12.431110382080078
Exciton, frame 4671 ran in:  12.700688123703003
Exciton, frame 4672 ran in:  12.61722731590271
Exciton, frame 4673 ran in:  12.727742195129395
Exciton, frame 4674 ran in:  12.785126447677612
Exciton, frame 4675 ran in:  12.833484649658203
Exciton, frame 4676 ran in:  12.464541673660278
Exciton, frame 4677 ran in:  13.490813732147217
Exciton, frame 4678 ran in:  13.613999366760254
Exciton, frame 4679 ran in:  12.462656259536743
Exciton, frame 4680 ran in:  12.921812772750854
Exciton, frame 4681 ran in:  12.919312000274658
Exciton, frame 4682 ran in:  13.27942442893982
Exciton, frame 4683 ran in:  12.826234817504883
Exciton, frame 4684 ran in:  12.816108465194702
Exciton, frame 4685 ran in:  13.627049684524536
Exciton, frame 4686 ran in:  13.063233852386475
Exciton, frame 4687 ran in:  12.648027420043945
Exciton, frame 4688 ran in:  13.100799083709717
Exciton, frame 4689 ran in:  12.565710067749023
Exciton, frame 4690 ran in:  12.602674007415771
Exciton, frame 4691 ran in:  12.4944167137146
Exciton, frame 4692 ran in:  13.493543863296509
Exciton, frame 4693 ran in:  12.257306337356567
Exciton, frame 4694 ran in:  12.724902153015137
Exciton, frame 4695 ran in:  12.672561645507812
Exciton, frame 4696 ran in:  13.3531813621521
Exciton, frame 4697 ran in:  13.014080286026001
Exciton, frame 4698 ran in:  12.60920238494873
Exciton, frame 4699 ran in:  12.694982051849365
Exciton, frame 4700 ran in:  12.37151050567627
Exciton, frame 4701 ran in:  12.426854372024536
Exciton, frame 4702 ran in:  12.558209896087646
Exciton, frame 4703 ran in:  13.614632844924927
Exciton, frame 4704 ran in:  12.479110479354858
Exciton, frame 4705 ran in:  12.59257984161377
Exciton, frame 4706 ran in:  12.630302429199219
Exciton, frame 4707 ran in:  12.748056411743164
Exciton, frame 4708 ran in:  12.554180145263672
Exciton, frame 4709 ran in:  12.327938318252563
Exciton, frame 4710 ran in:  13.084867477416992
Exciton, frame 4711 ran in:  12.424285888671875
Exciton, frame 4712 ran in:  12.566542387008667
Exciton, frame 4713 ran in:  12.952453136444092
Exciton, frame 4714 ran in:  12.652493953704834
Exciton, frame 4715 ran in:  12.470155715942383
Exciton, frame 4716 ran in:  13.637522220611572
Exciton, frame 4717 ran in:  13.96208667755127
Exciton, frame 4718 ran in:  13.024521589279175
Exciton, frame 4719 ran in:  13.408083438873291
Exciton, frame 4720 ran in:  13.773459672927856
Exciton, frame 4721 ran in:  14.046263456344604
Exciton, frame 4722 ran in:  13.875125646591187
Exciton, frame 4723 ran in:  12.635630130767822
Exciton, frame 4724 ran in:  12.342090606689453
Exciton, frame 4725 ran in:  12.525432109832764
Exciton, frame 4726 ran in:  12.795078039169312
Exciton, frame 4727 ran in:  12.388595342636108
Exciton, frame 4728 ran in:  12.603367805480957
Exciton, frame 4729 ran in:  12.29940414428711
Exciton, frame 4730 ran in:  12.858259201049805
Exciton, frame 4731 ran in:  12.405596256256104
Exciton, frame 4732 ran in:  12.76174259185791
Exciton, frame 4733 ran in:  12.307365894317627
Exciton, frame 4734 ran in:  13.316533327102661
Exciton, frame 4735 ran in:  12.556866884231567
Exciton, frame 4736 ran in:  12.753299474716187
Exciton, frame 4737 ran in:  12.380619049072266
Exciton, frame 4738 ran in:  12.51932954788208
Exciton, frame 4739 ran in:  12.351518392562866
Exciton, frame 4740 ran in:  13.8189115524292
Exciton, frame 4741 ran in:  11.999295473098755
Exciton, frame 4742 ran in:  12.330605745315552
Exciton, frame 4743 ran in:  12.582215070724487
Exciton, frame 4744 ran in:  12.593726873397827
Exciton, frame 4745 ran in:  12.621765613555908
Exciton, frame 4746 ran in:  12.716021537780762
Exciton, frame 4747 ran in:  12.601447582244873
Exciton, frame 4748 ran in:  13.255653381347656
Exciton, frame 4749 ran in:  12.746342897415161
Exciton, frame 4750 ran in:  12.561636924743652
Exciton, frame 4751 ran in:  13.521641731262207
Exciton, frame 4752 ran in:  14.051957130432129
Exciton, frame 4753 ran in:  12.9286470413208
Exciton, frame 4754 ran in:  12.622802495956421
Exciton, frame 4755 ran in:  12.579935312271118
Exciton, frame 4756 ran in:  12.838592767715454
Exciton, frame 4757 ran in:  12.694430589675903
Exciton, frame 4758 ran in:  13.037352561950684
Exciton, frame 4759 ran in:  13.198803663253784
Exciton, frame 4760 ran in:  12.914245128631592
Exciton, frame 4761 ran in:  12.577919006347656
Exciton, frame 4762 ran in:  12.699572086334229
Exciton, frame 4763 ran in:  12.50801682472229
Exciton, frame 4764 ran in:  12.679845571517944
Exciton, frame 4765 ran in:  12.94748330116272
Exciton, frame 4766 ran in:  12.716021299362183
Exciton, frame 4767 ran in:  12.803240537643433
Exciton, frame 4768 ran in:  12.748183965682983
Exciton, frame 4769 ran in:  13.747780799865723
Exciton, frame 4770 ran in:  13.696234464645386
Exciton, frame 4771 ran in:  12.24651551246643
Exciton, frame 4772 ran in:  12.745048761367798
Exciton, frame 4773 ran in:  14.17067813873291
Exciton, frame 4774 ran in:  12.59935450553894
Exciton, frame 4775 ran in:  12.591273784637451
Exciton, frame 4776 ran in:  12.764576196670532
Exciton, frame 4777 ran in:  12.554081678390503
Exciton, frame 4778 ran in:  12.223941087722778
Exciton, frame 4779 ran in:  12.679945707321167
Exciton, frame 4780 ran in:  12.014733076095581
Exciton, frame 4781 ran in:  12.068721532821655
Exciton, frame 4782 ran in:  12.578547716140747
Exciton, frame 4783 ran in:  12.893993616104126
Exciton, frame 4784 ran in:  12.680691719055176
Exciton, frame 4785 ran in:  13.00812292098999
Exciton, frame 4786 ran in:  12.423718929290771
Exciton, frame 4787 ran in:  13.69270658493042
Exciton, frame 4788 ran in:  12.76919937133789
Exciton, frame 4789 ran in:  12.678311347961426
Exciton, frame 4790 ran in:  12.359664678573608
Exciton, frame 4791 ran in:  12.763329982757568
Exciton, frame 4792 ran in:  12.703747272491455
Exciton, frame 4793 ran in:  12.864327669143677
Exciton, frame 4794 ran in:  13.879929780960083
Exciton, frame 4795 ran in:  12.467483043670654
Exciton, frame 4796 ran in:  13.070102214813232
Exciton, frame 4797 ran in:  12.802090644836426
Exciton, frame 4798 ran in:  12.502349853515625
Exciton, frame 4799 ran in:  12.395289421081543
Exciton, frame 4800 ran in:  12.408561706542969
Exciton, frame 4801 ran in:  12.528295993804932
Exciton, frame 4802 ran in:  12.92212438583374
Exciton, frame 4803 ran in:  12.323497772216797
Exciton, frame 4804 ran in:  13.194358587265015
Exciton, frame 4805 ran in:  12.195598602294922
Exciton, frame 4806 ran in:  13.29355525970459
Exciton, frame 4807 ran in:  12.946890115737915
Exciton, frame 4808 ran in:  13.655827283859253
Exciton, frame 4809 ran in:  12.793912172317505
Exciton, frame 4810 ran in:  12.639793872833252
Exciton, frame 4811 ran in:  12.668191909790039
Exciton, frame 4812 ran in:  12.274992942810059
Exciton, frame 4813 ran in:  12.691734313964844
Exciton, frame 4814 ran in:  12.550665140151978
Exciton, frame 4815 ran in:  12.591203689575195
Exciton, frame 4816 ran in:  12.595865249633789
Exciton, frame 4817 ran in:  12.41398024559021
Exciton, frame 4818 ran in:  12.525168657302856
Exciton, frame 4819 ran in:  12.559996128082275
Exciton, frame 4820 ran in:  12.519866228103638
Exciton, frame 4821 ran in:  12.34891939163208
Exciton, frame 4822 ran in:  12.237225770950317
Exciton, frame 4823 ran in:  12.81288194656372
Exciton, frame 4824 ran in:  12.842796802520752
Exciton, frame 4825 ran in:  12.929942607879639
Exciton, frame 4826 ran in:  13.228952884674072
Exciton, frame 4827 ran in:  13.515070915222168
Exciton, frame 4828 ran in:  13.031271934509277
Exciton, frame 4829 ran in:  13.486980438232422
Exciton, frame 4830 ran in:  12.745664358139038
Exciton, frame 4831 ran in:  12.803931474685669
Exciton, frame 4832 ran in:  12.790075778961182
Exciton, frame 4833 ran in:  12.59870719909668
Exciton, frame 4834 ran in:  12.846607446670532
Exciton, frame 4835 ran in:  12.400824785232544
Exciton, frame 4836 ran in:  12.644020795822144
Exciton, frame 4837 ran in:  13.303129196166992
Exciton, frame 4838 ran in:  13.264946699142456
Exciton, frame 4839 ran in:  12.698648929595947
Exciton, frame 4840 ran in:  13.602819204330444
Exciton, frame 4841 ran in:  12.423670530319214
Exciton, frame 4842 ran in:  13.131207466125488
Exciton, frame 4843 ran in:  13.719914436340332
Exciton, frame 4844 ran in:  12.481866359710693
Exciton, frame 4845 ran in:  12.777291059494019
Exciton, frame 4846 ran in:  12.938461303710938
Exciton, frame 4847 ran in:  12.705442905426025
Exciton, frame 4848 ran in:  12.661837339401245
Exciton, frame 4849 ran in:  12.671557664871216
Exciton, frame 4850 ran in:  13.614584922790527
Exciton, frame 4851 ran in:  12.622629880905151
Exciton, frame 4852 ran in:  12.608857154846191
Exciton, frame 4853 ran in:  12.743380069732666
Exciton, frame 4854 ran in:  13.134401321411133
Exciton, frame 4855 ran in:  13.08446741104126
Exciton, frame 4856 ran in:  12.906985998153687
Exciton, frame 4857 ran in:  12.427958250045776
Exciton, frame 4858 ran in:  12.713870286941528
Exciton, frame 4859 ran in:  12.764378786087036
Exciton, frame 4860 ran in:  12.942940473556519
Exciton, frame 4861 ran in:  12.314649820327759
Exciton, frame 4862 ran in:  12.830203533172607
Exciton, frame 4863 ran in:  13.113223552703857
Exciton, frame 4864 ran in:  12.627100229263306
Exciton, frame 4865 ran in:  13.590429782867432
Exciton, frame 4866 ran in:  12.6240394115448
Exciton, frame 4867 ran in:  12.471843481063843
Exciton, frame 4868 ran in:  12.776968955993652
Exciton, frame 4869 ran in:  12.510374307632446
Exciton, frame 4870 ran in:  12.828755378723145
Exciton, frame 4871 ran in:  12.392168045043945
Exciton, frame 4872 ran in:  12.999647855758667
Exciton, frame 4873 ran in:  12.496052026748657
Exciton, frame 4874 ran in:  13.11603307723999
Exciton, frame 4875 ran in:  12.178670167922974
Exciton, frame 4876 ran in:  12.76267385482788
Exciton, frame 4877 ran in:  13.385436534881592
Exciton, frame 4878 ran in:  12.937597513198853
Exciton, frame 4879 ran in:  14.11157774925232
Exciton, frame 4880 ran in:  12.286222219467163
Exciton, frame 4881 ran in:  12.394152641296387
Exciton, frame 4882 ran in:  12.744011402130127
Exciton, frame 4883 ran in:  12.839430570602417
Exciton, frame 4884 ran in:  12.438413619995117
Exciton, frame 4885 ran in:  13.354878664016724
Exciton, frame 4886 ran in:  12.609556674957275
Exciton, frame 4887 ran in:  12.603303670883179
Exciton, frame 4888 ran in:  12.57533073425293
Exciton, frame 4889 ran in:  12.449190378189087
Exciton, frame 4890 ran in:  12.820525646209717
Exciton, frame 4891 ran in:  13.102193355560303
Exciton, frame 4892 ran in:  13.609180688858032
Exciton, frame 4893 ran in:  12.57144570350647
Exciton, frame 4894 ran in:  12.848739385604858
Exciton, frame 4895 ran in:  13.049794912338257
Exciton, frame 4896 ran in:  12.506657361984253
Exciton, frame 4897 ran in:  12.842645168304443
Exciton, frame 4898 ran in:  13.76976466178894
Exciton, frame 4899 ran in:  12.938682317733765
Exciton, frame 4900 ran in:  12.45903491973877
Exciton, frame 4901 ran in:  13.316360473632812
Exciton, frame 4902 ran in:  12.807116270065308
Exciton, frame 4903 ran in:  12.477553367614746
Exciton, frame 4904 ran in:  12.289910554885864
Exciton, frame 4905 ran in:  12.581734895706177
Exciton, frame 4906 ran in:  12.684455633163452
Exciton, frame 4907 ran in:  12.936419486999512
Exciton, frame 4908 ran in:  12.674602508544922
Exciton, frame 4909 ran in:  12.78524398803711
Exciton, frame 4910 ran in:  12.408466577529907
Exciton, frame 4911 ran in:  12.47639274597168
Exciton, frame 4912 ran in:  12.601128101348877
Exciton, frame 4913 ran in:  12.451526641845703
Exciton, frame 4914 ran in:  13.158938646316528
Exciton, frame 4915 ran in:  12.463003396987915
Exciton, frame 4916 ran in:  12.456588745117188
Exciton, frame 4917 ran in:  12.870666265487671
Exciton, frame 4918 ran in:  12.480359077453613
Exciton, frame 4919 ran in:  12.8246488571167
Exciton, frame 4920 ran in:  12.471089839935303
Exciton, frame 4921 ran in:  13.786052703857422
Exciton, frame 4922 ran in:  12.98268437385559
Exciton, frame 4923 ran in:  13.958118438720703
Exciton, frame 4924 ran in:  12.966776847839355
Exciton, frame 4925 ran in:  13.014004707336426
Exciton, frame 4926 ran in:  12.694162130355835
Exciton, frame 4927 ran in:  12.37962532043457
Exciton, frame 4928 ran in:  12.904552698135376
Exciton, frame 4929 ran in:  13.384626150131226
Exciton, frame 4930 ran in:  12.962023973464966
Exciton, frame 4931 ran in:  12.370056867599487
Exciton, frame 4932 ran in:  12.756224393844604
Exciton, frame 4933 ran in:  12.766048192977905
Exciton, frame 4934 ran in:  12.7082040309906
Exciton, frame 4935 ran in:  12.696661233901978
Exciton, frame 4936 ran in:  12.818730354309082
Exciton, frame 4937 ran in:  12.598915815353394
Exciton, frame 4938 ran in:  12.679991483688354
Exciton, frame 4939 ran in:  13.002322435379028
Exciton, frame 4940 ran in:  12.93478775024414
Exciton, frame 4941 ran in:  12.76182246208191
Exciton, frame 4942 ran in:  12.540148496627808
Exciton, frame 4943 ran in:  13.474637746810913
Exciton, frame 4944 ran in:  12.780371189117432
Exciton, frame 4945 ran in:  12.667827129364014
Exciton, frame 4946 ran in:  13.097936868667603
Exciton, frame 4947 ran in:  12.535178184509277
Exciton, frame 4948 ran in:  12.759228944778442
Exciton, frame 4949 ran in:  12.415482521057129
Exciton, frame 4950 ran in:  12.662116765975952
Exciton, frame 4951 ran in:  13.18899154663086
Exciton, frame 4952 ran in:  12.52910304069519
Exciton, frame 4953 ran in:  13.372058868408203
Exciton, frame 4954 ran in:  12.455501317977905
Exciton, frame 4955 ran in:  12.75879192352295
Exciton, frame 4956 ran in:  12.475109338760376
Exciton, frame 4957 ran in:  12.353530883789062
Exciton, frame 4958 ran in:  12.351355075836182
Exciton, frame 4959 ran in:  13.175974130630493
Exciton, frame 4960 ran in:  12.359899044036865
Exciton, frame 4961 ran in:  12.927852630615234
Exciton, frame 4962 ran in:  12.885023593902588
Exciton, frame 4963 ran in:  12.660354852676392
Exciton, frame 4964 ran in:  12.83197808265686
Exciton, frame 4965 ran in:  12.242676734924316
Exciton, frame 4966 ran in:  12.298449277877808
Exciton, frame 4967 ran in:  12.563435554504395
Exciton, frame 4968 ran in:  12.486670732498169
Exciton, frame 4969 ran in:  13.386291742324829
Exciton, frame 4970 ran in:  12.909589529037476
Exciton, frame 4971 ran in:  12.836858749389648
Exciton, frame 4972 ran in:  14.195207118988037
Exciton, frame 4973 ran in:  12.894720554351807
Exciton, frame 4974 ran in:  12.265013694763184
Exciton, frame 4975 ran in:  12.597015619277954
Exciton, frame 4976 ran in:  12.439988136291504
Exciton, frame 4977 ran in:  12.738562822341919
Exciton, frame 4978 ran in:  12.36411714553833
Exciton, frame 4979 ran in:  12.64891791343689
Exciton, frame 4980 ran in:  12.654746294021606
Exciton, frame 4981 ran in:  13.07118272781372
Exciton, frame 4982 ran in:  12.915268182754517
Exciton, frame 4983 ran in:  12.44660496711731
Exciton, frame 4984 ran in:  12.706928968429565
Exciton, frame 4985 ran in:  14.295522689819336
Exciton, frame 4986 ran in:  13.080222368240356
Exciton, frame 4987 ran in:  13.661608934402466
Exciton, frame 4988 ran in:  13.110623598098755
Exciton, frame 4989 ran in:  12.80864429473877
Exciton, frame 4990 ran in:  12.528823137283325
Exciton, frame 4991 ran in:  12.934569597244263
Exciton, frame 4992 ran in:  12.731544733047485
Exciton, frame 4993 ran in:  12.75458550453186
Exciton, frame 4994 ran in:  12.545910358428955
Exciton, frame 4995 ran in:  12.5485520362854
Exciton, frame 4996 ran in:  12.440273523330688
Exciton, frame 4997 ran in:  12.611685514450073
Exciton, frame 4998 ran in:  12.859588384628296
Exciton, frame 4999 ran in:  12.59573769569397
Finished 'run_trajectory' in 12969.740749 secs
