cpu-bind=MASK - bp1-compute218, task 4294967295 4294967295 [0]: mask 0xfffff000fffff set
/user/home/of15641/.conda/envs/openmm/bin/python
Finished 'load_dcd_file' in 46.637174 secs
Exciton, frame 2000 ran in:  18.062031030654907
Exciton, frame 2001 ran in:  12.4044828414917
Exciton, frame 2002 ran in:  12.176077127456665
Exciton, frame 2003 ran in:  12.01368761062622
Exciton, frame 2004 ran in:  12.023333311080933
Exciton, frame 2005 ran in:  12.125497341156006
Exciton, frame 2006 ran in:  11.626623630523682
Exciton, frame 2007 ran in:  12.205160140991211
Exciton, frame 2008 ran in:  12.301429271697998
Exciton, frame 2009 ran in:  12.020328760147095
Exciton, frame 2010 ran in:  12.067795276641846
Exciton, frame 2011 ran in:  12.002578020095825
Exciton, frame 2012 ran in:  11.683310747146606
Exciton, frame 2013 ran in:  11.653578758239746
Exciton, frame 2014 ran in:  12.26398229598999
Exciton, frame 2015 ran in:  12.12958574295044
Exciton, frame 2016 ran in:  12.294674158096313
Exciton, frame 2017 ran in:  12.193179845809937
Exciton, frame 2018 ran in:  12.142674446105957
Exciton, frame 2019 ran in:  12.194828987121582
Exciton, frame 2020 ran in:  12.284105062484741
Exciton, frame 2021 ran in:  12.073278188705444
Exciton, frame 2022 ran in:  11.864910125732422
Exciton, frame 2023 ran in:  11.927802562713623
Exciton, frame 2024 ran in:  12.039347410202026
Exciton, frame 2025 ran in:  11.565049171447754
Exciton, frame 2026 ran in:  11.926487445831299
Exciton, frame 2027 ran in:  12.10533857345581
Exciton, frame 2028 ran in:  11.962647676467896
Exciton, frame 2029 ran in:  11.562214851379395
Exciton, frame 2030 ran in:  11.939553022384644
Exciton, frame 2031 ran in:  12.272748231887817
Exciton, frame 2032 ran in:  12.316256046295166
Exciton, frame 2033 ran in:  12.118486166000366
Exciton, frame 2034 ran in:  12.089668273925781
Exciton, frame 2035 ran in:  11.96707558631897
Exciton, frame 2036 ran in:  12.229026079177856
Exciton, frame 2037 ran in:  11.98556137084961
Exciton, frame 2038 ran in:  12.221654415130615
Exciton, frame 2039 ran in:  11.95254373550415
Exciton, frame 2040 ran in:  12.111033916473389
Exciton, frame 2041 ran in:  12.19473385810852
Exciton, frame 2042 ran in:  11.664576053619385
Exciton, frame 2043 ran in:  12.380708456039429
Exciton, frame 2044 ran in:  12.088669300079346
Exciton, frame 2045 ran in:  12.245245695114136
Exciton, frame 2046 ran in:  12.107415437698364
Exciton, frame 2047 ran in:  12.096252679824829
Exciton, frame 2048 ran in:  11.904864311218262
Exciton, frame 2049 ran in:  11.800504684448242
Exciton, frame 2050 ran in:  12.398855209350586
Exciton, frame 2051 ran in:  11.948303699493408
Exciton, frame 2052 ran in:  11.75620412826538
Exciton, frame 2053 ran in:  12.41506290435791
Exciton, frame 2054 ran in:  12.161702632904053
Exciton, frame 2055 ran in:  11.948718786239624
Exciton, frame 2056 ran in:  11.853014707565308
Exciton, frame 2057 ran in:  12.052887201309204
Exciton, frame 2058 ran in:  12.04073166847229
Exciton, frame 2059 ran in:  11.930358171463013
Exciton, frame 2060 ran in:  11.988158464431763
Exciton, frame 2061 ran in:  12.200990676879883
Exciton, frame 2062 ran in:  12.261804103851318
Exciton, frame 2063 ran in:  12.105515956878662
Exciton, frame 2064 ran in:  11.914365530014038
Exciton, frame 2065 ran in:  11.806814193725586
Exciton, frame 2066 ran in:  12.211095333099365
Exciton, frame 2067 ran in:  12.176784038543701
Exciton, frame 2068 ran in:  11.829973220825195
Exciton, frame 2069 ran in:  12.411643505096436
Exciton, frame 2070 ran in:  12.028217077255249
Exciton, frame 2071 ran in:  12.152328252792358
Exciton, frame 2072 ran in:  12.024558782577515
Exciton, frame 2073 ran in:  11.853219509124756
Exciton, frame 2074 ran in:  11.860252618789673
Exciton, frame 2075 ran in:  12.066401958465576
Exciton, frame 2076 ran in:  12.13533067703247
Exciton, frame 2077 ran in:  12.008541345596313
Exciton, frame 2078 ran in:  11.545195579528809
Exciton, frame 2079 ran in:  12.116816282272339
Exciton, frame 2080 ran in:  11.940823793411255
Exciton, frame 2081 ran in:  12.231847763061523
Exciton, frame 2082 ran in:  12.236257553100586
Exciton, frame 2083 ran in:  12.322769165039062
Exciton, frame 2084 ran in:  12.113898754119873
Exciton, frame 2085 ran in:  12.018786430358887
Exciton, frame 2086 ran in:  12.109401941299438
Exciton, frame 2087 ran in:  12.017725229263306
Exciton, frame 2088 ran in:  12.154316902160645
Exciton, frame 2089 ran in:  12.178082466125488
Exciton, frame 2090 ran in:  12.203989267349243
Exciton, frame 2091 ran in:  11.75112247467041
Exciton, frame 2092 ran in:  11.890544652938843
Exciton, frame 2093 ran in:  12.114489316940308
Exciton, frame 2094 ran in:  12.25267243385315
Exciton, frame 2095 ran in:  12.104897260665894
Exciton, frame 2096 ran in:  12.106618642807007
Exciton, frame 2097 ran in:  12.16498589515686
Exciton, frame 2098 ran in:  12.067276954650879
Exciton, frame 2099 ran in:  12.021971464157104
Exciton, frame 2100 ran in:  12.052319049835205
Exciton, frame 2101 ran in:  11.933454751968384
Exciton, frame 2102 ran in:  11.939560413360596
Exciton, frame 2103 ran in:  12.197067737579346
Exciton, frame 2104 ran in:  11.98683762550354
Exciton, frame 2105 ran in:  12.429343223571777
Exciton, frame 2106 ran in:  12.014228343963623
Exciton, frame 2107 ran in:  11.824044466018677
Exciton, frame 2108 ran in:  12.123529195785522
Exciton, frame 2109 ran in:  12.141988754272461
Exciton, frame 2110 ran in:  12.161807775497437
Exciton, frame 2111 ran in:  11.894413471221924
Exciton, frame 2112 ran in:  12.078646659851074
Exciton, frame 2113 ran in:  12.137024402618408
Exciton, frame 2114 ran in:  12.01751184463501
Exciton, frame 2115 ran in:  12.109113454818726
Exciton, frame 2116 ran in:  11.948245286941528
Exciton, frame 2117 ran in:  11.704852819442749
Exciton, frame 2118 ran in:  11.846582174301147
Exciton, frame 2119 ran in:  11.726362466812134
Exciton, frame 2120 ran in:  12.02533221244812
Exciton, frame 2121 ran in:  12.190023183822632
Exciton, frame 2122 ran in:  12.135371446609497
Exciton, frame 2123 ran in:  10.57052206993103
Exciton, frame 2124 ran in:  10.322661876678467
Exciton, frame 2125 ran in:  11.98069715499878
Exciton, frame 2126 ran in:  10.07614254951477
Exciton, frame 2127 ran in:  12.473053693771362
Exciton, frame 2128 ran in:  10.412123203277588
Exciton, frame 2129 ran in:  11.115403652191162
Exciton, frame 2130 ran in:  10.814385175704956
Exciton, frame 2131 ran in:  10.747230529785156
Exciton, frame 2132 ran in:  9.962381601333618
Exciton, frame 2133 ran in:  10.773384094238281
Exciton, frame 2134 ran in:  10.069475173950195
Exciton, frame 2135 ran in:  10.387277364730835
Exciton, frame 2136 ran in:  10.784178495407104
Exciton, frame 2137 ran in:  10.862150430679321
Exciton, frame 2138 ran in:  10.432061195373535
Exciton, frame 2139 ran in:  10.019795894622803
Exciton, frame 2140 ran in:  10.883682012557983
Exciton, frame 2141 ran in:  10.757367134094238
Exciton, frame 2142 ran in:  10.072537899017334
Exciton, frame 2143 ran in:  10.785069704055786
Exciton, frame 2144 ran in:  10.37875771522522
Exciton, frame 2145 ran in:  10.814531326293945
Exciton, frame 2146 ran in:  10.667890071868896
Exciton, frame 2147 ran in:  10.193686962127686
Exciton, frame 2148 ran in:  10.54132080078125
Exciton, frame 2149 ran in:  10.516000509262085
Exciton, frame 2150 ran in:  10.354162216186523
Exciton, frame 2151 ran in:  10.964068174362183
Exciton, frame 2152 ran in:  10.273589372634888
Exciton, frame 2153 ran in:  10.606679201126099
Exciton, frame 2154 ran in:  12.381693601608276
Exciton, frame 2155 ran in:  10.709366798400879
Exciton, frame 2156 ran in:  10.691566467285156
Exciton, frame 2157 ran in:  13.074389457702637
Exciton, frame 2158 ran in:  10.502869129180908
Exciton, frame 2159 ran in:  10.721839666366577
Exciton, frame 2160 ran in:  10.818124532699585
Exciton, frame 2161 ran in:  10.286709070205688
Exciton, frame 2162 ran in:  10.650217294692993
Exciton, frame 2163 ran in:  11.174914598464966
Exciton, frame 2164 ran in:  10.360745668411255
Exciton, frame 2165 ran in:  10.297595024108887
Exciton, frame 2166 ran in:  10.76935887336731
Exciton, frame 2167 ran in:  11.905812978744507
Exciton, frame 2168 ran in:  10.406162738800049
Exciton, frame 2169 ran in:  10.851482391357422
Exciton, frame 2170 ran in:  10.663857221603394
Exciton, frame 2171 ran in:  11.576632261276245
Exciton, frame 2172 ran in:  10.787601470947266
Exciton, frame 2173 ran in:  10.95534062385559
Exciton, frame 2174 ran in:  10.58480978012085
Exciton, frame 2175 ran in:  10.588811874389648
Exciton, frame 2176 ran in:  10.700500965118408
Exciton, frame 2177 ran in:  10.434005498886108
Exciton, frame 2178 ran in:  10.51179051399231
Exciton, frame 2179 ran in:  10.737839460372925
Exciton, frame 2180 ran in:  12.875760316848755
Exciton, frame 2181 ran in:  11.320791482925415
Exciton, frame 2182 ran in:  10.632274150848389
Exciton, frame 2183 ran in:  11.20691466331482
Exciton, frame 2184 ran in:  12.399656295776367
Exciton, frame 2185 ran in:  10.613732814788818
Exciton, frame 2186 ran in:  10.6043381690979
Exciton, frame 2187 ran in:  10.75166392326355
Exciton, frame 2188 ran in:  10.172919273376465
Exciton, frame 2189 ran in:  11.326920509338379
Exciton, frame 2190 ran in:  10.707534551620483
Exciton, frame 2191 ran in:  11.055058717727661
Exciton, frame 2192 ran in:  10.274866104125977
Exciton, frame 2193 ran in:  10.27230715751648
Exciton, frame 2194 ran in:  10.642423391342163
Exciton, frame 2195 ran in:  10.428544044494629
Exciton, frame 2196 ran in:  11.259920835494995
Exciton, frame 2197 ran in:  12.50123143196106
Exciton, frame 2198 ran in:  10.636804819107056
Exciton, frame 2199 ran in:  10.769670248031616
Exciton, frame 2200 ran in:  10.255409955978394
Exciton, frame 2201 ran in:  10.312108516693115
Exciton, frame 2202 ran in:  10.927576303482056
Exciton, frame 2203 ran in:  11.111540794372559
Exciton, frame 2204 ran in:  10.225095748901367
Exciton, frame 2205 ran in:  10.519306659698486
Exciton, frame 2206 ran in:  11.46710991859436
Exciton, frame 2207 ran in:  10.829138040542603
Exciton, frame 2208 ran in:  11.153595447540283
Exciton, frame 2209 ran in:  10.46462607383728
Exciton, frame 2210 ran in:  12.982550144195557
Exciton, frame 2211 ran in:  10.784407138824463
Exciton, frame 2212 ran in:  10.318692684173584
Exciton, frame 2213 ran in:  10.259886980056763
Exciton, frame 2214 ran in:  10.295572519302368
Exciton, frame 2215 ran in:  10.790868997573853
Exciton, frame 2216 ran in:  11.463321685791016
Exciton, frame 2217 ran in:  11.094010591506958
Exciton, frame 2218 ran in:  10.606714963912964
Exciton, frame 2219 ran in:  10.219294548034668
Exciton, frame 2220 ran in:  10.563105583190918
Exciton, frame 2221 ran in:  10.705103635787964
Exciton, frame 2222 ran in:  10.5877206325531
Exciton, frame 2223 ran in:  12.42772912979126
Exciton, frame 2224 ran in:  10.762985229492188
Exciton, frame 2225 ran in:  10.16434931755066
Exciton, frame 2226 ran in:  10.593379259109497
Exciton, frame 2227 ran in:  10.653962850570679
Exciton, frame 2228 ran in:  10.82900071144104
Exciton, frame 2229 ran in:  10.449546575546265
Exciton, frame 2230 ran in:  10.368603944778442
Exciton, frame 2231 ran in:  10.418631315231323
Exciton, frame 2232 ran in:  10.558676481246948
Exciton, frame 2233 ran in:  11.775399208068848
Exciton, frame 2234 ran in:  10.888128519058228
Exciton, frame 2235 ran in:  10.839014530181885
Exciton, frame 2236 ran in:  10.668705463409424
Exciton, frame 2237 ran in:  11.073290824890137
Exciton, frame 2238 ran in:  10.529746770858765
Exciton, frame 2239 ran in:  11.129234790802002
Exciton, frame 2240 ran in:  10.317442417144775
Exciton, frame 2241 ran in:  10.527365446090698
Exciton, frame 2242 ran in:  10.227043867111206
Exciton, frame 2243 ran in:  10.86164665222168
Exciton, frame 2244 ran in:  10.595905065536499
Exciton, frame 2245 ran in:  10.865646600723267
Exciton, frame 2246 ran in:  10.396738767623901
Exciton, frame 2247 ran in:  11.029960870742798
Exciton, frame 2248 ran in:  10.37750244140625
Exciton, frame 2249 ran in:  11.543840169906616
Exciton, frame 2250 ran in:  10.65666127204895
Exciton, frame 2251 ran in:  11.016887903213501
Exciton, frame 2252 ran in:  11.049825429916382
Exciton, frame 2253 ran in:  10.156420707702637
Exciton, frame 2254 ran in:  10.396048545837402
Exciton, frame 2255 ran in:  10.45630168914795
Exciton, frame 2256 ran in:  10.228224754333496
Exciton, frame 2257 ran in:  10.737173318862915
Exciton, frame 2258 ran in:  10.861112117767334
Exciton, frame 2259 ran in:  10.82960033416748
Exciton, frame 2260 ran in:  10.892545223236084
Exciton, frame 2261 ran in:  10.26971173286438
Exciton, frame 2262 ran in:  10.921587228775024
Exciton, frame 2263 ran in:  10.82868766784668
Exciton, frame 2264 ran in:  11.073512077331543
Exciton, frame 2265 ran in:  10.845018863677979
Exciton, frame 2266 ran in:  10.495398998260498
Exciton, frame 2267 ran in:  12.324446678161621
Exciton, frame 2268 ran in:  12.92280650138855
Exciton, frame 2269 ran in:  12.213414192199707
Exciton, frame 2270 ran in:  11.028632402420044
Exciton, frame 2271 ran in:  10.771786451339722
Exciton, frame 2272 ran in:  10.337070941925049
Exciton, frame 2273 ran in:  10.72015643119812
Exciton, frame 2274 ran in:  12.078495979309082
Exciton, frame 2275 ran in:  10.903081178665161
Exciton, frame 2276 ran in:  10.71727967262268
Exciton, frame 2277 ran in:  11.019126415252686
Exciton, frame 2278 ran in:  11.13892388343811
Exciton, frame 2279 ran in:  10.582829236984253
Exciton, frame 2280 ran in:  11.288879632949829
Exciton, frame 2281 ran in:  10.63232159614563
Exciton, frame 2282 ran in:  10.244261503219604
Exciton, frame 2283 ran in:  10.483835935592651
Exciton, frame 2284 ran in:  11.58699655532837
Exciton, frame 2285 ran in:  12.643993377685547
Exciton, frame 2286 ran in:  11.144976615905762
Exciton, frame 2287 ran in:  13.123841047286987
Exciton, frame 2288 ran in:  10.099788665771484
Exciton, frame 2289 ran in:  10.52950406074524
Exciton, frame 2290 ran in:  10.527301549911499
Exciton, frame 2291 ran in:  10.473617553710938
Exciton, frame 2292 ran in:  10.981673240661621
Exciton, frame 2293 ran in:  10.395190238952637
Exciton, frame 2294 ran in:  10.943551778793335
Exciton, frame 2295 ran in:  10.429329633712769
Exciton, frame 2296 ran in:  11.38181185722351
Exciton, frame 2297 ran in:  10.336390972137451
Exciton, frame 2298 ran in:  10.828243255615234
Exciton, frame 2299 ran in:  10.108285188674927
Exciton, frame 2300 ran in:  10.53123140335083
Exciton, frame 2301 ran in:  10.650368213653564
Exciton, frame 2302 ran in:  10.354308128356934
Exciton, frame 2303 ran in:  10.829622983932495
Exciton, frame 2304 ran in:  10.756346464157104
Exciton, frame 2305 ran in:  10.926482439041138
Exciton, frame 2306 ran in:  10.508971691131592
Exciton, frame 2307 ran in:  11.5897855758667
Exciton, frame 2308 ran in:  10.412054061889648
Exciton, frame 2309 ran in:  10.200206279754639
Exciton, frame 2310 ran in:  10.94024109840393
Exciton, frame 2311 ran in:  10.166945934295654
Exciton, frame 2312 ran in:  11.15692663192749
Exciton, frame 2313 ran in:  10.668280363082886
Exciton, frame 2314 ran in:  10.719545364379883
Exciton, frame 2315 ran in:  10.33730173110962
Exciton, frame 2316 ran in:  10.568987846374512
Exciton, frame 2317 ran in:  10.398805379867554
Exciton, frame 2318 ran in:  10.361792802810669
Exciton, frame 2319 ran in:  11.130180358886719
Exciton, frame 2320 ran in:  10.371644973754883
Exciton, frame 2321 ran in:  10.264942646026611
Exciton, frame 2322 ran in:  10.466997861862183
Exciton, frame 2323 ran in:  10.54882001876831
Exciton, frame 2324 ran in:  10.719080686569214
Exciton, frame 2325 ran in:  10.747649908065796
Exciton, frame 2326 ran in:  10.910288333892822
Exciton, frame 2327 ran in:  10.478459358215332
Exciton, frame 2328 ran in:  11.598100185394287
Exciton, frame 2329 ran in:  10.76762843132019
Exciton, frame 2330 ran in:  10.95655870437622
Exciton, frame 2331 ran in:  11.138527870178223
Exciton, frame 2332 ran in:  10.486651182174683
Exciton, frame 2333 ran in:  10.887957096099854
Exciton, frame 2334 ran in:  10.34551477432251
Exciton, frame 2335 ran in:  13.744178295135498
Exciton, frame 2336 ran in:  10.364611148834229
Exciton, frame 2337 ran in:  10.411546468734741
Exciton, frame 2338 ran in:  10.88603663444519
Exciton, frame 2339 ran in:  12.360865592956543
Exciton, frame 2340 ran in:  10.722038745880127
Exciton, frame 2341 ran in:  10.369659900665283
Exciton, frame 2342 ran in:  10.37941312789917
Exciton, frame 2343 ran in:  10.181646347045898
Exciton, frame 2344 ran in:  10.946293354034424
Exciton, frame 2345 ran in:  10.509687900543213
Exciton, frame 2346 ran in:  10.406139850616455
Exciton, frame 2347 ran in:  10.273611068725586
Exciton, frame 2348 ran in:  11.651593685150146
Exciton, frame 2349 ran in:  10.517977714538574
Exciton, frame 2350 ran in:  10.773565292358398
Exciton, frame 2351 ran in:  10.444563865661621
Exciton, frame 2352 ran in:  10.329856872558594
Exciton, frame 2353 ran in:  11.028136730194092
Exciton, frame 2354 ran in:  10.352436542510986
Exciton, frame 2355 ran in:  11.231734275817871
Exciton, frame 2356 ran in:  10.69528341293335
Exciton, frame 2357 ran in:  10.787903070449829
Exciton, frame 2358 ran in:  10.327276468276978
Exciton, frame 2359 ran in:  11.031277418136597
Exciton, frame 2360 ran in:  10.222111225128174
Exciton, frame 2361 ran in:  10.120856523513794
Exciton, frame 2362 ran in:  11.074589252471924
Exciton, frame 2363 ran in:  10.83931303024292
Exciton, frame 2364 ran in:  10.578466653823853
Exciton, frame 2365 ran in:  10.55025053024292
Exciton, frame 2366 ran in:  10.43277382850647
Exciton, frame 2367 ran in:  10.812395811080933
Exciton, frame 2368 ran in:  10.203876256942749
Exciton, frame 2369 ran in:  10.402955532073975
Exciton, frame 2370 ran in:  10.935483694076538
Exciton, frame 2371 ran in:  10.657788753509521
Exciton, frame 2372 ran in:  10.505873918533325
Exciton, frame 2373 ran in:  10.582693815231323
Exciton, frame 2374 ran in:  11.012582778930664
Exciton, frame 2375 ran in:  10.21158480644226
Exciton, frame 2376 ran in:  12.120902061462402
Exciton, frame 2377 ran in:  10.285923719406128
Exciton, frame 2378 ran in:  10.295611143112183
Exciton, frame 2379 ran in:  10.423913478851318
Exciton, frame 2380 ran in:  10.725168228149414
Exciton, frame 2381 ran in:  10.41453742980957
Exciton, frame 2382 ran in:  10.742377281188965
Exciton, frame 2383 ran in:  10.51524305343628
Exciton, frame 2384 ran in:  11.377867698669434
Exciton, frame 2385 ran in:  11.023200273513794
Exciton, frame 2386 ran in:  11.116198301315308
Exciton, frame 2387 ran in:  12.804862260818481
Exciton, frame 2388 ran in:  11.096654653549194
Exciton, frame 2389 ran in:  10.58426547050476
Exciton, frame 2390 ran in:  10.613439798355103
Exciton, frame 2391 ran in:  10.51238203048706
Exciton, frame 2392 ran in:  11.021041870117188
Exciton, frame 2393 ran in:  10.666285037994385
Exciton, frame 2394 ran in:  10.425065994262695
Exciton, frame 2395 ran in:  10.46973180770874
Exciton, frame 2396 ran in:  10.234909057617188
Exciton, frame 2397 ran in:  10.967682361602783
Exciton, frame 2398 ran in:  10.277254581451416
Exciton, frame 2399 ran in:  10.586482048034668
Exciton, frame 2400 ran in:  11.484476089477539
Exciton, frame 2401 ran in:  10.75455355644226
Exciton, frame 2402 ran in:  10.265591859817505
Exciton, frame 2403 ran in:  10.648023128509521
Exciton, frame 2404 ran in:  10.018261194229126
Exciton, frame 2405 ran in:  11.019163846969604
Exciton, frame 2406 ran in:  10.168206930160522
Exciton, frame 2407 ran in:  10.823199987411499
Exciton, frame 2408 ran in:  10.725311994552612
Exciton, frame 2409 ran in:  10.405163049697876
Exciton, frame 2410 ran in:  10.599054336547852
Exciton, frame 2411 ran in:  10.421636581420898
Exciton, frame 2412 ran in:  10.938212871551514
Exciton, frame 2413 ran in:  10.57761263847351
Exciton, frame 2414 ran in:  10.115965366363525
Exciton, frame 2415 ran in:  10.71122145652771
Exciton, frame 2416 ran in:  10.788911819458008
Exciton, frame 2417 ran in:  9.98872184753418
Exciton, frame 2418 ran in:  11.111197233200073
Exciton, frame 2419 ran in:  10.803365230560303
Exciton, frame 2420 ran in:  10.519042253494263
Exciton, frame 2421 ran in:  12.098714113235474
Exciton, frame 2422 ran in:  10.831572532653809
Exciton, frame 2423 ran in:  13.22040319442749
Exciton, frame 2424 ran in:  10.059734344482422
Exciton, frame 2425 ran in:  11.993704795837402
Exciton, frame 2426 ran in:  10.826337575912476
Exciton, frame 2427 ran in:  10.520898580551147
Exciton, frame 2428 ran in:  13.11910104751587
Exciton, frame 2429 ran in:  10.061281442642212
Exciton, frame 2430 ran in:  10.808534860610962
Exciton, frame 2431 ran in:  10.448099613189697
Exciton, frame 2432 ran in:  10.251397371292114
Exciton, frame 2433 ran in:  10.523361206054688
Exciton, frame 2434 ran in:  10.342886686325073
Exciton, frame 2435 ran in:  10.814056396484375
Exciton, frame 2436 ran in:  13.811779022216797
Exciton, frame 2437 ran in:  10.173418283462524
Exciton, frame 2438 ran in:  10.470122337341309
Exciton, frame 2439 ran in:  10.47939419746399
Exciton, frame 2440 ran in:  10.440290212631226
Exciton, frame 2441 ran in:  10.343455791473389
Exciton, frame 2442 ran in:  10.537212371826172
Exciton, frame 2443 ran in:  10.330804109573364
Exciton, frame 2444 ran in:  11.03180742263794
Exciton, frame 2445 ran in:  10.528923988342285
Exciton, frame 2446 ran in:  11.910155057907104
Exciton, frame 2447 ran in:  12.728700637817383
Exciton, frame 2448 ran in:  11.163858413696289
Exciton, frame 2449 ran in:  10.39956259727478
Exciton, frame 2450 ran in:  10.663777112960815
Exciton, frame 2451 ran in:  11.300849199295044
Exciton, frame 2452 ran in:  12.087756872177124
Exciton, frame 2453 ran in:  10.919131994247437
Exciton, frame 2454 ran in:  10.595180034637451
Exciton, frame 2455 ran in:  11.355270862579346
Exciton, frame 2456 ran in:  10.919682741165161
Exciton, frame 2457 ran in:  10.425566673278809
Exciton, frame 2458 ran in:  10.562236785888672
Exciton, frame 2459 ran in:  11.57024598121643
Exciton, frame 2460 ran in:  10.476230144500732
Exciton, frame 2461 ran in:  11.730786323547363
Exciton, frame 2462 ran in:  10.535200119018555
Exciton, frame 2463 ran in:  10.376485586166382
Exciton, frame 2464 ran in:  10.30646800994873
Exciton, frame 2465 ran in:  10.576983213424683
Exciton, frame 2466 ran in:  10.765899896621704
Exciton, frame 2467 ran in:  10.30037522315979
Exciton, frame 2468 ran in:  10.17022180557251
Exciton, frame 2469 ran in:  10.267264604568481
Exciton, frame 2470 ran in:  10.567554950714111
Exciton, frame 2471 ran in:  10.214745044708252
Exciton, frame 2472 ran in:  10.173413515090942
Exciton, frame 2473 ran in:  10.519837856292725
Exciton, frame 2474 ran in:  11.162009954452515
Exciton, frame 2475 ran in:  10.416327714920044
Exciton, frame 2476 ran in:  10.308049440383911
Exciton, frame 2477 ran in:  10.343055725097656
Exciton, frame 2478 ran in:  11.042709589004517
Exciton, frame 2479 ran in:  10.092017889022827
Exciton, frame 2480 ran in:  10.504929542541504
Exciton, frame 2481 ran in:  11.927109718322754
Exciton, frame 2482 ran in:  10.570755004882812
Exciton, frame 2483 ran in:  10.328948736190796
Exciton, frame 2484 ran in:  10.554338932037354
Exciton, frame 2485 ran in:  11.087491035461426
Exciton, frame 2486 ran in:  10.899909257888794
Exciton, frame 2487 ran in:  10.508816003799438
Exciton, frame 2488 ran in:  10.75909161567688
Exciton, frame 2489 ran in:  10.618065595626831
Exciton, frame 2490 ran in:  10.205526113510132
Exciton, frame 2491 ran in:  12.992236614227295
Exciton, frame 2492 ran in:  10.413493156433105
Exciton, frame 2493 ran in:  10.769811630249023
Exciton, frame 2494 ran in:  10.275081634521484
Exciton, frame 2495 ran in:  10.998650789260864
Exciton, frame 2496 ran in:  10.22976541519165
Exciton, frame 2497 ran in:  13.160918474197388
Exciton, frame 2498 ran in:  10.507207870483398
Exciton, frame 2499 ran in:  11.060362100601196
Exciton, frame 2500 ran in:  10.20099401473999
Exciton, frame 2501 ran in:  10.414079189300537
Exciton, frame 2502 ran in:  11.129223585128784
Exciton, frame 2503 ran in:  11.355791091918945
Exciton, frame 2504 ran in:  11.024560928344727
Exciton, frame 2505 ran in:  11.087854862213135
Exciton, frame 2506 ran in:  11.056490659713745
Exciton, frame 2507 ran in:  13.121077060699463
Exciton, frame 2508 ran in:  12.512801885604858
Exciton, frame 2509 ran in:  10.218633651733398
Exciton, frame 2510 ran in:  10.68845796585083
Exciton, frame 2511 ran in:  10.766083002090454
Exciton, frame 2512 ran in:  10.230188131332397
Exciton, frame 2513 ran in:  10.608456373214722
Exciton, frame 2514 ran in:  10.4152090549469
Exciton, frame 2515 ran in:  10.84599757194519
Exciton, frame 2516 ran in:  10.7793710231781
Exciton, frame 2517 ran in:  12.499000549316406
Exciton, frame 2518 ran in:  13.439058303833008
Exciton, frame 2519 ran in:  10.69827675819397
Exciton, frame 2520 ran in:  11.62451434135437
Exciton, frame 2521 ran in:  11.750319004058838
Exciton, frame 2522 ran in:  10.45746660232544
Exciton, frame 2523 ran in:  10.42450499534607
Exciton, frame 2524 ran in:  10.883617162704468
Exciton, frame 2525 ran in:  10.88801646232605
Exciton, frame 2526 ran in:  10.972748041152954
Exciton, frame 2527 ran in:  10.3123197555542
Exciton, frame 2528 ran in:  10.50469422340393
Exciton, frame 2529 ran in:  10.5178804397583
Exciton, frame 2530 ran in:  11.061418056488037
Exciton, frame 2531 ran in:  10.52053689956665
Exciton, frame 2532 ran in:  10.070610046386719
Exciton, frame 2533 ran in:  10.782833576202393
Exciton, frame 2534 ran in:  12.784585952758789
Exciton, frame 2535 ran in:  11.122203350067139
Exciton, frame 2536 ran in:  10.183158159255981
Exciton, frame 2537 ran in:  10.52426528930664
Exciton, frame 2538 ran in:  10.534838438034058
Exciton, frame 2539 ran in:  10.130955219268799
Exciton, frame 2540 ran in:  10.629215955734253
Exciton, frame 2541 ran in:  10.350936889648438
Exciton, frame 2542 ran in:  11.055025100708008
Exciton, frame 2543 ran in:  10.39546513557434
Exciton, frame 2544 ran in:  12.502245426177979
Exciton, frame 2545 ran in:  10.976298093795776
Exciton, frame 2546 ran in:  10.145145654678345
Exciton, frame 2547 ran in:  10.35849666595459
Exciton, frame 2548 ran in:  11.256617784500122
Exciton, frame 2549 ran in:  11.980834722518921
Exciton, frame 2550 ran in:  13.06746792793274
Exciton, frame 2551 ran in:  10.531243562698364
Exciton, frame 2552 ran in:  10.94180679321289
Exciton, frame 2553 ran in:  10.262699365615845
Exciton, frame 2554 ran in:  10.325503826141357
Exciton, frame 2555 ran in:  10.949738264083862
Exciton, frame 2556 ran in:  10.885006189346313
Exciton, frame 2557 ran in:  10.749881029129028
Exciton, frame 2558 ran in:  10.48108434677124
Exciton, frame 2559 ran in:  10.238223552703857
Exciton, frame 2560 ran in:  10.252871036529541
Exciton, frame 2561 ran in:  11.941295862197876
Exciton, frame 2562 ran in:  10.359551429748535
Exciton, frame 2563 ran in:  10.32817816734314
Exciton, frame 2564 ran in:  10.213632822036743
Exciton, frame 2565 ran in:  12.911866664886475
Exciton, frame 2566 ran in:  10.76139521598816
Exciton, frame 2567 ran in:  10.823860883712769
Exciton, frame 2568 ran in:  11.058209419250488
Exciton, frame 2569 ran in:  10.921200275421143
Exciton, frame 2570 ran in:  10.351760864257812
Exciton, frame 2571 ran in:  10.281423568725586
Exciton, frame 2572 ran in:  12.799518823623657
Exciton, frame 2573 ran in:  10.64406704902649
Exciton, frame 2574 ran in:  10.381305932998657
Exciton, frame 2575 ran in:  10.240293741226196
Exciton, frame 2576 ran in:  13.622891187667847
Exciton, frame 2577 ran in:  10.351637601852417
Exciton, frame 2578 ran in:  10.636017084121704
Exciton, frame 2579 ran in:  10.655684471130371
Exciton, frame 2580 ran in:  10.691541194915771
Exciton, frame 2581 ran in:  11.277669668197632
Exciton, frame 2582 ran in:  10.180204153060913
Exciton, frame 2583 ran in:  10.644121646881104
Exciton, frame 2584 ran in:  11.0332612991333
Exciton, frame 2585 ran in:  10.412115097045898
Exciton, frame 2586 ran in:  10.814127922058105
Exciton, frame 2587 ran in:  10.879051923751831
Exciton, frame 2588 ran in:  10.311429500579834
Exciton, frame 2589 ran in:  10.788231372833252
Exciton, frame 2590 ran in:  11.01039719581604
Exciton, frame 2591 ran in:  10.91364336013794
Exciton, frame 2592 ran in:  10.50932788848877
Exciton, frame 2593 ran in:  10.853598356246948
Exciton, frame 2594 ran in:  10.67604923248291
Exciton, frame 2595 ran in:  10.670201063156128
Exciton, frame 2596 ran in:  12.263767004013062
Exciton, frame 2597 ran in:  11.386705875396729
Exciton, frame 2598 ran in:  10.28873586654663
Exciton, frame 2599 ran in:  10.66640853881836
Exciton, frame 2600 ran in:  10.438576936721802
Exciton, frame 2601 ran in:  11.271728277206421
Exciton, frame 2602 ran in:  10.773163795471191
Exciton, frame 2603 ran in:  11.267854690551758
Exciton, frame 2604 ran in:  10.906694889068604
Exciton, frame 2605 ran in:  10.615476846694946
Exciton, frame 2606 ran in:  13.051717519760132
Exciton, frame 2607 ran in:  10.345806360244751
Exciton, frame 2608 ran in:  10.665195226669312
Exciton, frame 2609 ran in:  10.194916248321533
Exciton, frame 2610 ran in:  10.343664169311523
Exciton, frame 2611 ran in:  10.598041534423828
Exciton, frame 2612 ran in:  10.422390699386597
Exciton, frame 2613 ran in:  10.347593307495117
Exciton, frame 2614 ran in:  11.070541143417358
Exciton, frame 2615 ran in:  12.004700422286987
Exciton, frame 2616 ran in:  11.00282907485962
Exciton, frame 2617 ran in:  10.42492127418518
Exciton, frame 2618 ran in:  10.963847398757935
Exciton, frame 2619 ran in:  10.031431674957275
Exciton, frame 2620 ran in:  10.51974630355835
Exciton, frame 2621 ran in:  10.245381593704224
Exciton, frame 2622 ran in:  10.324469566345215
Exciton, frame 2623 ran in:  10.760524034500122
Exciton, frame 2624 ran in:  10.605054140090942
Exciton, frame 2625 ran in:  10.563161849975586
Exciton, frame 2626 ran in:  10.431153535842896
Exciton, frame 2627 ran in:  10.744545936584473
Exciton, frame 2628 ran in:  10.597900867462158
Exciton, frame 2629 ran in:  12.89443564414978
Exciton, frame 2630 ran in:  10.686877965927124
Exciton, frame 2631 ran in:  10.839634656906128
Exciton, frame 2632 ran in:  10.66696834564209
Exciton, frame 2633 ran in:  10.352174997329712
Exciton, frame 2634 ran in:  10.350045680999756
Exciton, frame 2635 ran in:  10.380167245864868
Exciton, frame 2636 ran in:  10.56160283088684
Exciton, frame 2637 ran in:  11.021337032318115
Exciton, frame 2638 ran in:  10.265462160110474
Exciton, frame 2639 ran in:  10.46456527709961
Exciton, frame 2640 ran in:  11.08866024017334
Exciton, frame 2641 ran in:  10.306180715560913
Exciton, frame 2642 ran in:  12.236949920654297
Exciton, frame 2643 ran in:  10.453476428985596
Exciton, frame 2644 ran in:  10.487897396087646
Exciton, frame 2645 ran in:  11.545981407165527
Exciton, frame 2646 ran in:  11.311620950698853
Exciton, frame 2647 ran in:  10.878859281539917
Exciton, frame 2648 ran in:  9.937859296798706
Exciton, frame 2649 ran in:  10.664725065231323
Exciton, frame 2650 ran in:  10.256703615188599
Exciton, frame 2651 ran in:  10.423409223556519
Exciton, frame 2652 ran in:  11.184741735458374
Exciton, frame 2653 ran in:  10.564420700073242
Exciton, frame 2654 ran in:  13.0706946849823
Exciton, frame 2655 ran in:  10.22028923034668
Exciton, frame 2656 ran in:  10.174609184265137
Exciton, frame 2657 ran in:  11.142979860305786
Exciton, frame 2658 ran in:  10.543364524841309
Exciton, frame 2659 ran in:  11.045536756515503
Exciton, frame 2660 ran in:  10.494012117385864
Exciton, frame 2661 ran in:  10.809469223022461
Exciton, frame 2662 ran in:  11.222623825073242
Exciton, frame 2663 ran in:  11.274582624435425
Exciton, frame 2664 ran in:  11.094620704650879
Exciton, frame 2665 ran in:  10.703477144241333
Exciton, frame 2666 ran in:  10.455193042755127
Exciton, frame 2667 ran in:  10.879877090454102
Exciton, frame 2668 ran in:  10.993791103363037
Exciton, frame 2669 ran in:  10.829364776611328
Exciton, frame 2670 ran in:  11.24034070968628
Exciton, frame 2671 ran in:  10.479455947875977
Exciton, frame 2672 ran in:  12.445778369903564
Exciton, frame 2673 ran in:  10.29329514503479
Exciton, frame 2674 ran in:  10.862025499343872
Exciton, frame 2675 ran in:  10.218813419342041
Exciton, frame 2676 ran in:  9.940675735473633
Exciton, frame 2677 ran in:  10.365560531616211
Exciton, frame 2678 ran in:  12.475054502487183
Exciton, frame 2679 ran in:  10.663150310516357
Exciton, frame 2680 ran in:  10.32996654510498
Exciton, frame 2681 ran in:  12.943912267684937
Exciton, frame 2682 ran in:  10.344456672668457
Exciton, frame 2683 ran in:  10.58761215209961
Exciton, frame 2684 ran in:  9.870973587036133
Exciton, frame 2685 ran in:  11.240223169326782
Exciton, frame 2686 ran in:  10.219051361083984
Exciton, frame 2687 ran in:  10.584778070449829
Exciton, frame 2688 ran in:  10.831443786621094
Exciton, frame 2689 ran in:  10.631612062454224
Exciton, frame 2690 ran in:  10.28890609741211
Exciton, frame 2691 ran in:  10.72342824935913
Exciton, frame 2692 ran in:  10.88198709487915
Exciton, frame 2693 ran in:  11.829617261886597
Exciton, frame 2694 ran in:  11.047170877456665
Exciton, frame 2695 ran in:  11.362054347991943
Exciton, frame 2696 ran in:  10.265799522399902
Exciton, frame 2697 ran in:  10.370618343353271
Exciton, frame 2698 ran in:  10.951240062713623
Exciton, frame 2699 ran in:  10.502341270446777
Exciton, frame 2700 ran in:  10.45334792137146
Exciton, frame 2701 ran in:  10.740779399871826
Exciton, frame 2702 ran in:  10.105875253677368
Exciton, frame 2703 ran in:  10.720264673233032
Exciton, frame 2704 ran in:  11.164360523223877
Exciton, frame 2705 ran in:  10.435290336608887
Exciton, frame 2706 ran in:  10.361353397369385
Exciton, frame 2707 ran in:  10.130260705947876
Exciton, frame 2708 ran in:  10.567389011383057
Exciton, frame 2709 ran in:  10.296446323394775
Exciton, frame 2710 ran in:  10.788925647735596
Exciton, frame 2711 ran in:  10.362637042999268
Exciton, frame 2712 ran in:  10.751648664474487
Exciton, frame 2713 ran in:  10.276781797409058
Exciton, frame 2714 ran in:  10.444721937179565
Exciton, frame 2715 ran in:  11.678545713424683
Exciton, frame 2716 ran in:  10.748364686965942
Exciton, frame 2717 ran in:  10.31725811958313
Exciton, frame 2718 ran in:  10.525570392608643
Exciton, frame 2719 ran in:  11.536742448806763
Exciton, frame 2720 ran in:  10.092713832855225
Exciton, frame 2721 ran in:  11.737253665924072
Exciton, frame 2722 ran in:  10.838595151901245
Exciton, frame 2723 ran in:  10.325784683227539
Exciton, frame 2724 ran in:  10.683840036392212
Exciton, frame 2725 ran in:  10.271329402923584
Exciton, frame 2726 ran in:  10.434937715530396
Exciton, frame 2727 ran in:  11.911186933517456
Exciton, frame 2728 ran in:  10.802466630935669
Exciton, frame 2729 ran in:  10.414095401763916
Exciton, frame 2730 ran in:  10.647159099578857
Exciton, frame 2731 ran in:  10.242009162902832
Exciton, frame 2732 ran in:  10.372969627380371
Exciton, frame 2733 ran in:  10.674027681350708
Exciton, frame 2734 ran in:  10.340578556060791
Exciton, frame 2735 ran in:  10.65363335609436
Exciton, frame 2736 ran in:  11.076720952987671
Exciton, frame 2737 ran in:  11.44195032119751
Exciton, frame 2738 ran in:  10.722635746002197
Exciton, frame 2739 ran in:  10.46352505683899
Exciton, frame 2740 ran in:  10.723204612731934
Exciton, frame 2741 ran in:  12.076075077056885
Exciton, frame 2742 ran in:  10.36585545539856
Exciton, frame 2743 ran in:  10.408142566680908
Exciton, frame 2744 ran in:  11.241350412368774
Exciton, frame 2745 ran in:  11.137399435043335
Exciton, frame 2746 ran in:  10.787309408187866
Exciton, frame 2747 ran in:  10.471183776855469
Exciton, frame 2748 ran in:  10.755342721939087
Exciton, frame 2749 ran in:  10.70039176940918
Exciton, frame 2750 ran in:  10.182488679885864
Exciton, frame 2751 ran in:  10.478988409042358
Exciton, frame 2752 ran in:  10.305824756622314
Exciton, frame 2753 ran in:  10.371839046478271
Exciton, frame 2754 ran in:  10.841404914855957
Exciton, frame 2755 ran in:  11.097380638122559
Exciton, frame 2756 ran in:  10.608343124389648
Exciton, frame 2757 ran in:  10.429493188858032
Exciton, frame 2758 ran in:  13.091220378875732
Exciton, frame 2759 ran in:  10.429588556289673
Exciton, frame 2760 ran in:  11.864426612854004
Exciton, frame 2761 ran in:  10.450116157531738
Exciton, frame 2762 ran in:  12.461975574493408
Exciton, frame 2763 ran in:  10.292396545410156
Exciton, frame 2764 ran in:  11.956376552581787
Exciton, frame 2765 ran in:  11.015075445175171
Exciton, frame 2766 ran in:  10.478354215621948
Exciton, frame 2767 ran in:  10.680532455444336
Exciton, frame 2768 ran in:  10.15129542350769
Exciton, frame 2769 ran in:  10.571189403533936
Exciton, frame 2770 ran in:  10.887160062789917
Exciton, frame 2771 ran in:  10.754615545272827
Exciton, frame 2772 ran in:  10.56111741065979
Exciton, frame 2773 ran in:  10.631041765213013
Exciton, frame 2774 ran in:  11.510909080505371
Exciton, frame 2775 ran in:  10.256751298904419
Exciton, frame 2776 ran in:  11.037480592727661
Exciton, frame 2777 ran in:  10.33646535873413
Exciton, frame 2778 ran in:  10.367158889770508
Exciton, frame 2779 ran in:  10.108277559280396
Exciton, frame 2780 ran in:  10.388822078704834
Exciton, frame 2781 ran in:  10.379237413406372
Exciton, frame 2782 ran in:  14.007352352142334
Exciton, frame 2783 ran in:  10.700133085250854
Exciton, frame 2784 ran in:  11.295776128768921
Exciton, frame 2785 ran in:  10.846800804138184
Exciton, frame 2786 ran in:  10.947352170944214
Exciton, frame 2787 ran in:  11.4448823928833
Exciton, frame 2788 ran in:  10.635783910751343
Exciton, frame 2789 ran in:  11.147634029388428
Exciton, frame 2790 ran in:  10.995491981506348
Exciton, frame 2791 ran in:  10.395729303359985
Exciton, frame 2792 ran in:  11.229603052139282
Exciton, frame 2793 ran in:  11.666640043258667
Exciton, frame 2794 ran in:  11.955575466156006
Exciton, frame 2795 ran in:  10.229023456573486
Exciton, frame 2796 ran in:  10.71718144416809
Exciton, frame 2797 ran in:  10.422674179077148
Exciton, frame 2798 ran in:  10.826723098754883
Exciton, frame 2799 ran in:  10.852468490600586
Exciton, frame 2800 ran in:  10.491734504699707
Exciton, frame 2801 ran in:  10.472838640213013
Exciton, frame 2802 ran in:  10.45212173461914
Exciton, frame 2803 ran in:  10.451300859451294
Exciton, frame 2804 ran in:  10.29056692123413
Exciton, frame 2805 ran in:  11.279472589492798
Exciton, frame 2806 ran in:  10.52259349822998
Exciton, frame 2807 ran in:  11.046934604644775
Exciton, frame 2808 ran in:  10.450487852096558
Exciton, frame 2809 ran in:  11.497116565704346
Exciton, frame 2810 ran in:  11.013283014297485
Exciton, frame 2811 ran in:  10.768765449523926
Exciton, frame 2812 ran in:  10.732229232788086
Exciton, frame 2813 ran in:  10.664156436920166
Exciton, frame 2814 ran in:  10.308562517166138
Exciton, frame 2815 ran in:  10.598122358322144
Exciton, frame 2816 ran in:  12.240869998931885
Exciton, frame 2817 ran in:  11.411901235580444
Exciton, frame 2818 ran in:  10.265235662460327
Exciton, frame 2819 ran in:  10.671597957611084
Exciton, frame 2820 ran in:  10.569763660430908
Exciton, frame 2821 ran in:  10.836912393569946
Exciton, frame 2822 ran in:  10.334787130355835
Exciton, frame 2823 ran in:  10.322946310043335
Exciton, frame 2824 ran in:  11.43844199180603
Exciton, frame 2825 ran in:  12.882359266281128
Exciton, frame 2826 ran in:  10.85415005683899
Exciton, frame 2827 ran in:  10.901170253753662
Exciton, frame 2828 ran in:  10.320163488388062
Exciton, frame 2829 ran in:  11.40176510810852
Exciton, frame 2830 ran in:  10.64038634300232
Exciton, frame 2831 ran in:  10.229701042175293
Exciton, frame 2832 ran in:  10.397955417633057
Exciton, frame 2833 ran in:  11.920148611068726
Exciton, frame 2834 ran in:  13.228633880615234
Exciton, frame 2835 ran in:  10.998615264892578
Exciton, frame 2836 ran in:  10.497167587280273
Exciton, frame 2837 ran in:  10.630723476409912
Exciton, frame 2838 ran in:  10.159424543380737
Exciton, frame 2839 ran in:  10.23333740234375
Exciton, frame 2840 ran in:  10.904203414916992
Exciton, frame 2841 ran in:  10.290871620178223
Exciton, frame 2842 ran in:  10.361158847808838
Exciton, frame 2843 ran in:  11.31016230583191
Exciton, frame 2844 ran in:  10.389310121536255
Exciton, frame 2845 ran in:  10.382004737854004
Exciton, frame 2846 ran in:  10.500999927520752
Exciton, frame 2847 ran in:  10.389570236206055
Exciton, frame 2848 ran in:  10.314509391784668
Exciton, frame 2849 ran in:  10.195403337478638
Exciton, frame 2850 ran in:  11.366139888763428
Exciton, frame 2851 ran in:  10.314002275466919
Exciton, frame 2852 ran in:  10.419241666793823
Exciton, frame 2853 ran in:  11.913394451141357
Exciton, frame 2854 ran in:  10.657681465148926
Exciton, frame 2855 ran in:  10.70072889328003
Exciton, frame 2856 ran in:  10.297685861587524
Exciton, frame 2857 ran in:  10.374257564544678
Exciton, frame 2858 ran in:  10.624728202819824
Exciton, frame 2859 ran in:  12.85404109954834
Exciton, frame 2860 ran in:  12.519361734390259
Exciton, frame 2861 ran in:  10.806840419769287
Exciton, frame 2862 ran in:  10.960351943969727
Exciton, frame 2863 ran in:  11.026008367538452
Exciton, frame 2864 ran in:  10.347470760345459
Exciton, frame 2865 ran in:  10.590222597122192
Exciton, frame 2866 ran in:  11.959247350692749
Exciton, frame 2867 ran in:  9.936849117279053
Exciton, frame 2868 ran in:  10.285514831542969
Exciton, frame 2869 ran in:  10.452398777008057
Exciton, frame 2870 ran in:  11.578144311904907
Exciton, frame 2871 ran in:  10.307158708572388
Exciton, frame 2872 ran in:  11.059974670410156
Exciton, frame 2873 ran in:  10.347276449203491
Exciton, frame 2874 ran in:  13.340712070465088
Exciton, frame 2875 ran in:  10.67395567893982
Exciton, frame 2876 ran in:  10.294833660125732
Exciton, frame 2877 ran in:  10.64791202545166
Exciton, frame 2878 ran in:  10.99971055984497
Exciton, frame 2879 ran in:  10.677664041519165
Exciton, frame 2880 ran in:  10.88987922668457
Exciton, frame 2881 ran in:  10.488019227981567
Exciton, frame 2882 ran in:  9.841264247894287
Exciton, frame 2883 ran in:  10.785680055618286
Exciton, frame 2884 ran in:  10.221131563186646
Exciton, frame 2885 ran in:  10.86220908164978
Exciton, frame 2886 ran in:  10.414862632751465
Exciton, frame 2887 ran in:  10.853896141052246
Exciton, frame 2888 ran in:  10.418377161026001
Exciton, frame 2889 ran in:  10.651971578598022
Exciton, frame 2890 ran in:  10.603946208953857
Exciton, frame 2891 ran in:  10.81856632232666
Exciton, frame 2892 ran in:  10.94632077217102
Exciton, frame 2893 ran in:  11.030074834823608
Exciton, frame 2894 ran in:  10.862851619720459
Exciton, frame 2895 ran in:  11.683748245239258
Exciton, frame 2896 ran in:  10.740337133407593
Exciton, frame 2897 ran in:  10.757224798202515
Exciton, frame 2898 ran in:  10.795861959457397
Exciton, frame 2899 ran in:  10.786542415618896
Exciton, frame 2900 ran in:  10.62101435661316
Exciton, frame 2901 ran in:  10.796959638595581
Exciton, frame 2902 ran in:  10.453297853469849
Exciton, frame 2903 ran in:  10.33414340019226
Exciton, frame 2904 ran in:  10.406903266906738
Exciton, frame 2905 ran in:  10.62136173248291
Exciton, frame 2906 ran in:  10.291638851165771
Exciton, frame 2907 ran in:  12.280905485153198
Exciton, frame 2908 ran in:  13.790058612823486
Exciton, frame 2909 ran in:  10.424726247787476
Exciton, frame 2910 ran in:  11.142839431762695
Exciton, frame 2911 ran in:  11.870118379592896
Exciton, frame 2912 ran in:  10.775365829467773
Exciton, frame 2913 ran in:  10.525678157806396
Exciton, frame 2914 ran in:  11.106862783432007
Exciton, frame 2915 ran in:  10.817657470703125
Exciton, frame 2916 ran in:  10.463487386703491
Exciton, frame 2917 ran in:  10.448288202285767
Exciton, frame 2918 ran in:  10.355286598205566
Exciton, frame 2919 ran in:  10.632922887802124
Exciton, frame 2920 ran in:  10.664352893829346
Exciton, frame 2921 ran in:  10.51735544204712
Exciton, frame 2922 ran in:  10.178405046463013
Exciton, frame 2923 ran in:  13.203606367111206
Exciton, frame 2924 ran in:  10.584972381591797
Exciton, frame 2925 ran in:  10.238739252090454
Exciton, frame 2926 ran in:  10.462002992630005
Exciton, frame 2927 ran in:  10.746273279190063
Exciton, frame 2928 ran in:  10.539701700210571
Exciton, frame 2929 ran in:  10.831385374069214
Exciton, frame 2930 ran in:  10.369977235794067
Exciton, frame 2931 ran in:  11.414433479309082
Exciton, frame 2932 ran in:  10.793174266815186
Exciton, frame 2933 ran in:  10.5310800075531
Exciton, frame 2934 ran in:  10.462075471878052
Exciton, frame 2935 ran in:  10.882874250411987
Exciton, frame 2936 ran in:  10.474428653717041
Exciton, frame 2937 ran in:  10.288785219192505
Exciton, frame 2938 ran in:  10.120021104812622
Exciton, frame 2939 ran in:  10.976390600204468
Exciton, frame 2940 ran in:  10.908756494522095
Exciton, frame 2941 ran in:  11.090077638626099
Exciton, frame 2942 ran in:  10.172977685928345
Exciton, frame 2943 ran in:  10.668920755386353
Exciton, frame 2944 ran in:  11.440494060516357
Exciton, frame 2945 ran in:  10.976032972335815
Exciton, frame 2946 ran in:  12.287467241287231
Exciton, frame 2947 ran in:  10.476874351501465
Exciton, frame 2948 ran in:  10.096638202667236
Exciton, frame 2949 ran in:  12.412138938903809
Exciton, frame 2950 ran in:  11.064623594284058
Exciton, frame 2951 ran in:  10.091847658157349
Exciton, frame 2952 ran in:  10.810221433639526
Exciton, frame 2953 ran in:  10.757707834243774
Exciton, frame 2954 ran in:  11.0192232131958
Exciton, frame 2955 ran in:  11.436540842056274
Exciton, frame 2956 ran in:  10.32991099357605
Exciton, frame 2957 ran in:  11.00294542312622
Exciton, frame 2958 ran in:  10.901132583618164
Exciton, frame 2959 ran in:  10.64166522026062
Exciton, frame 2960 ran in:  10.781770467758179
Exciton, frame 2961 ran in:  10.799031972885132
Exciton, frame 2962 ran in:  10.345258474349976
Exciton, frame 2963 ran in:  12.447980880737305
Exciton, frame 2964 ran in:  10.153433084487915
Exciton, frame 2965 ran in:  10.625378608703613
Exciton, frame 2966 ran in:  10.600505828857422
Exciton, frame 2967 ran in:  10.687389850616455
Exciton, frame 2968 ran in:  11.21900463104248
Exciton, frame 2969 ran in:  10.83833909034729
Exciton, frame 2970 ran in:  11.143286943435669
Exciton, frame 2971 ran in:  10.317031383514404
Exciton, frame 2972 ran in:  10.678056478500366
Exciton, frame 2973 ran in:  10.374756336212158
Exciton, frame 2974 ran in:  11.033336400985718
Exciton, frame 2975 ran in:  11.001359224319458
Exciton, frame 2976 ran in:  10.446515321731567
Exciton, frame 2977 ran in:  10.486086368560791
Exciton, frame 2978 ran in:  10.331141233444214
Exciton, frame 2979 ran in:  10.89048433303833
Exciton, frame 2980 ran in:  10.482948303222656
Exciton, frame 2981 ran in:  11.551014423370361
Exciton, frame 2982 ran in:  12.143166542053223
Exciton, frame 2983 ran in:  12.312994718551636
Exciton, frame 2984 ran in:  10.258424043655396
Exciton, frame 2985 ran in:  10.28342866897583
Exciton, frame 2986 ran in:  12.063455581665039
Exciton, frame 2987 ran in:  10.526171445846558
Exciton, frame 2988 ran in:  10.263712882995605
Exciton, frame 2989 ran in:  10.650660753250122
Exciton, frame 2990 ran in:  10.50457763671875
Exciton, frame 2991 ran in:  10.84106159210205
Exciton, frame 2992 ran in:  10.360669136047363
Exciton, frame 2993 ran in:  10.596287727355957
Exciton, frame 2994 ran in:  10.07167363166809
Exciton, frame 2995 ran in:  10.968055486679077
Exciton, frame 2996 ran in:  10.313241720199585
Exciton, frame 2997 ran in:  10.364622354507446
Exciton, frame 2998 ran in:  12.727823972702026
Exciton, frame 2999 ran in:  10.213824272155762
Finished 'run_trajectory' in 11115.852955 secs
