cpu-bind=MASK - bp1-compute194, task 4294967295 4294967295 [0]: mask 0xffff00f0000000000000000000000000ffff00f000000 set
/user/home/of15641/.conda/envs/openmm/bin/python
Finished 'load_dcd_file' in 23.857804 secs
Exciton, frame 7000 ran in:  16.541785955429077
Exciton, frame 7001 ran in:  16.273316860198975
Exciton, frame 7002 ran in:  16.168365001678467
Exciton, frame 7003 ran in:  16.52500295639038
Exciton, frame 7004 ran in:  15.107308864593506
Exciton, frame 7005 ran in:  16.020520210266113
Exciton, frame 7006 ran in:  15.945920705795288
Exciton, frame 7007 ran in:  14.856719732284546
Exciton, frame 7008 ran in:  14.969232082366943
Exciton, frame 7009 ran in:  14.37171220779419
Exciton, frame 7010 ran in:  15.020958185195923
Exciton, frame 7011 ran in:  14.853575468063354
Exciton, frame 7012 ran in:  14.577554941177368
Exciton, frame 7013 ran in:  15.103747606277466
Exciton, frame 7014 ran in:  15.634018182754517
Exciton, frame 7015 ran in:  14.984954595565796
Exciton, frame 7016 ran in:  15.210748434066772
Exciton, frame 7017 ran in:  15.20518159866333
Exciton, frame 7018 ran in:  15.479755401611328
Exciton, frame 7019 ran in:  13.985081195831299
Exciton, frame 7020 ran in:  14.736973285675049
Exciton, frame 7021 ran in:  14.884050846099854
Exciton, frame 7022 ran in:  15.014697074890137
Exciton, frame 7023 ran in:  15.11217737197876
Exciton, frame 7024 ran in:  14.944947957992554
Exciton, frame 7025 ran in:  15.155565738677979
Exciton, frame 7026 ran in:  14.176526546478271
Exciton, frame 7027 ran in:  21.630918979644775
Exciton, frame 7028 ran in:  15.962712526321411
Exciton, frame 7029 ran in:  28.401127338409424
Exciton, frame 7030 ran in:  15.460632562637329
Exciton, frame 7031 ran in:  15.451913356781006
Exciton, frame 7032 ran in:  15.110436201095581
Exciton, frame 7033 ran in:  15.152965784072876
Exciton, frame 7034 ran in:  15.971302509307861
Exciton, frame 7035 ran in:  15.536192417144775
Exciton, frame 7036 ran in:  15.460134506225586
Exciton, frame 7037 ran in:  15.755056381225586
Exciton, frame 7038 ran in:  27.54336404800415
Exciton, frame 7039 ran in:  15.293370008468628
Exciton, frame 7040 ran in:  14.045743942260742
Exciton, frame 7041 ran in:  29.481654167175293
Exciton, frame 7042 ran in:  14.180757761001587
Exciton, frame 7043 ran in:  14.67488169670105
Exciton, frame 7044 ran in:  15.638947248458862
Exciton, frame 7045 ran in:  26.779781103134155
Exciton, frame 7046 ran in:  17.108761310577393
Exciton, frame 7047 ran in:  14.371610403060913
Exciton, frame 7048 ran in:  15.736987829208374
Exciton, frame 7049 ran in:  15.864273071289062
Exciton, frame 7050 ran in:  14.570709228515625
Exciton, frame 7051 ran in:  19.968690633773804
Exciton, frame 7052 ran in:  28.433406591415405
Exciton, frame 7053 ran in:  25.073210954666138
Exciton, frame 7054 ran in:  14.405598163604736
Exciton, frame 7055 ran in:  21.925917387008667
Exciton, frame 7056 ran in:  15.649238348007202
Exciton, frame 7057 ran in:  14.588202714920044
Exciton, frame 7058 ran in:  14.345965147018433
Exciton, frame 7059 ran in:  27.043945789337158
Exciton, frame 7060 ran in:  17.252775192260742
Exciton, frame 7061 ran in:  13.973918914794922
Exciton, frame 7062 ran in:  14.141978025436401
Exciton, frame 7063 ran in:  14.203187227249146
Exciton, frame 7064 ran in:  14.243555545806885
Exciton, frame 7065 ran in:  25.740373849868774
Exciton, frame 7066 ran in:  14.6377112865448
Exciton, frame 7067 ran in:  14.040008068084717
Exciton, frame 7068 ran in:  27.499288320541382
Exciton, frame 7069 ran in:  14.85291576385498
Exciton, frame 7070 ran in:  15.09578561782837
Exciton, frame 7071 ran in:  15.74536657333374
Exciton, frame 7072 ran in:  15.010268449783325
Exciton, frame 7073 ran in:  14.776889085769653
Exciton, frame 7074 ran in:  14.475576877593994
Exciton, frame 7075 ran in:  13.631361246109009
Exciton, frame 7076 ran in:  22.31404209136963
Exciton, frame 7077 ran in:  26.974523782730103
Exciton, frame 7078 ran in:  14.799272060394287
Exciton, frame 7079 ran in:  13.409235715866089
Exciton, frame 7080 ran in:  13.341795206069946
Exciton, frame 7081 ran in:  22.382116079330444
Exciton, frame 7082 ran in:  14.982829332351685
Exciton, frame 7083 ran in:  15.473636388778687
Exciton, frame 7084 ran in:  28.447478532791138
Exciton, frame 7085 ran in:  14.331235885620117
Exciton, frame 7086 ran in:  14.124822616577148
Exciton, frame 7087 ran in:  14.79938530921936
Exciton, frame 7088 ran in:  14.038547039031982
Exciton, frame 7089 ran in:  15.172408819198608
Exciton, frame 7090 ran in:  14.917908668518066
Exciton, frame 7091 ran in:  27.268818378448486
Exciton, frame 7092 ran in:  13.865966081619263
Exciton, frame 7093 ran in:  14.278249025344849
Exciton, frame 7094 ran in:  20.00950527191162
Exciton, frame 7095 ran in:  14.743675470352173
Exciton, frame 7096 ran in:  14.731593608856201
Exciton, frame 7097 ran in:  17.477877855300903
Exciton, frame 7098 ran in:  14.566978931427002
Exciton, frame 7099 ran in:  27.81247854232788
Exciton, frame 7100 ran in:  14.869502544403076
Exciton, frame 7101 ran in:  14.999181747436523
Exciton, frame 7102 ran in:  16.451876401901245
Exciton, frame 7103 ran in:  15.125126361846924
Exciton, frame 7104 ran in:  27.35642981529236
Exciton, frame 7105 ran in:  15.383342981338501
Exciton, frame 7106 ran in:  14.996973752975464
Exciton, frame 7107 ran in:  21.200376510620117
Exciton, frame 7108 ran in:  27.743748426437378
Exciton, frame 7109 ran in:  27.363423347473145
Exciton, frame 7110 ran in:  15.068637371063232
Exciton, frame 7111 ran in:  14.738884925842285
Exciton, frame 7112 ran in:  28.141289234161377
Exciton, frame 7113 ran in:  27.185949087142944
Exciton, frame 7114 ran in:  28.117994785308838
Exciton, frame 7115 ran in:  16.05611276626587
Exciton, frame 7116 ran in:  14.571652889251709
Exciton, frame 7117 ran in:  14.653323411941528
Exciton, frame 7118 ran in:  14.687771081924438
Exciton, frame 7119 ran in:  15.214880228042603
Exciton, frame 7120 ran in:  15.544472455978394
Exciton, frame 7121 ran in:  14.935122728347778
Exciton, frame 7122 ran in:  14.908121109008789
Exciton, frame 7123 ran in:  16.22217869758606
Exciton, frame 7124 ran in:  14.646208763122559
Exciton, frame 7125 ran in:  16.710814476013184
Exciton, frame 7126 ran in:  15.274932861328125
Exciton, frame 7127 ran in:  27.751391410827637
Exciton, frame 7128 ran in:  15.923584938049316
Exciton, frame 7129 ran in:  27.03847074508667
Exciton, frame 7130 ran in:  15.764017105102539
Exciton, frame 7131 ran in:  27.09701919555664
Exciton, frame 7132 ran in:  16.768067121505737
Exciton, frame 7133 ran in:  15.674792766571045
Exciton, frame 7134 ran in:  14.970283508300781
Exciton, frame 7135 ran in:  13.688932418823242
Exciton, frame 7136 ran in:  15.66509747505188
Exciton, frame 7137 ran in:  18.12621235847473
Exciton, frame 7138 ran in:  15.673006296157837
Exciton, frame 7139 ran in:  15.756051778793335
Exciton, frame 7140 ran in:  15.251448631286621
Exciton, frame 7141 ran in:  15.03449010848999
Exciton, frame 7142 ran in:  15.040366172790527
Exciton, frame 7143 ran in:  15.421670913696289
Exciton, frame 7144 ran in:  27.13552951812744
Exciton, frame 7145 ran in:  26.580241441726685
Exciton, frame 7146 ran in:  16.224623680114746
Exciton, frame 7147 ran in:  27.387332916259766
Exciton, frame 7148 ran in:  27.676574230194092
Exciton, frame 7149 ran in:  21.86296510696411
Exciton, frame 7150 ran in:  14.34164834022522
Exciton, frame 7151 ran in:  19.508486032485962
Exciton, frame 7152 ran in:  15.729211807250977
Exciton, frame 7153 ran in:  14.788991689682007
Exciton, frame 7154 ran in:  15.054486751556396
Exciton, frame 7155 ran in:  22.416834115982056
Exciton, frame 7156 ran in:  14.977137565612793
Exciton, frame 7157 ran in:  16.01817011833191
Exciton, frame 7158 ran in:  15.266136646270752
Exciton, frame 7159 ran in:  15.892685890197754
Exciton, frame 7160 ran in:  14.893109798431396
Exciton, frame 7161 ran in:  15.191116094589233
Exciton, frame 7162 ran in:  15.011479616165161
Exciton, frame 7163 ran in:  15.158138513565063
Exciton, frame 7164 ran in:  28.33454656600952
Exciton, frame 7165 ran in:  15.924830913543701
Exciton, frame 7166 ran in:  14.8014235496521
Exciton, frame 7167 ran in:  15.732319116592407
Exciton, frame 7168 ran in:  15.013159275054932
Exciton, frame 7169 ran in:  14.844051122665405
Exciton, frame 7170 ran in:  14.436942338943481
Exciton, frame 7171 ran in:  20.204919576644897
Exciton, frame 7172 ran in:  17.791298627853394
Exciton, frame 7173 ran in:  27.04257345199585
Exciton, frame 7174 ran in:  14.784389734268188
Exciton, frame 7175 ran in:  16.237643480300903
Exciton, frame 7176 ran in:  16.08938217163086
Exciton, frame 7177 ran in:  14.806047439575195
Exciton, frame 7178 ran in:  26.457977533340454
Exciton, frame 7179 ran in:  14.473570823669434
Exciton, frame 7180 ran in:  25.676478147506714
Exciton, frame 7181 ran in:  16.11809277534485
Exciton, frame 7182 ran in:  14.701020240783691
Exciton, frame 7183 ran in:  14.2930588722229
Exciton, frame 7184 ran in:  13.916471719741821
Exciton, frame 7185 ran in:  14.517681360244751
Exciton, frame 7186 ran in:  16.232353925704956
Exciton, frame 7187 ran in:  15.875357866287231
Exciton, frame 7188 ran in:  26.44445538520813
Exciton, frame 7189 ran in:  14.476124048233032
Exciton, frame 7190 ran in:  15.686187505722046
Exciton, frame 7191 ran in:  15.193231344223022
Exciton, frame 7192 ran in:  14.700339794158936
Exciton, frame 7193 ran in:  14.816126108169556
Exciton, frame 7194 ran in:  15.164882183074951
Exciton, frame 7195 ran in:  15.01731538772583
Exciton, frame 7196 ran in:  14.8605215549469
Exciton, frame 7197 ran in:  15.64786148071289
Exciton, frame 7198 ran in:  14.688967227935791
Exciton, frame 7199 ran in:  14.550223112106323
Exciton, frame 7200 ran in:  16.57569718360901
Exciton, frame 7201 ran in:  14.829757690429688
Exciton, frame 7202 ran in:  15.279687404632568
Exciton, frame 7203 ran in:  15.27705454826355
Exciton, frame 7204 ran in:  14.479567766189575
Exciton, frame 7205 ran in:  27.008849382400513
Exciton, frame 7206 ran in:  14.761751174926758
Exciton, frame 7207 ran in:  15.606719493865967
Exciton, frame 7208 ran in:  14.503645896911621
Exciton, frame 7209 ran in:  15.295995235443115
Exciton, frame 7210 ran in:  15.801798820495605
Exciton, frame 7211 ran in:  14.732385158538818
Exciton, frame 7212 ran in:  15.225696325302124
Exciton, frame 7213 ran in:  22.73740839958191
Exciton, frame 7214 ran in:  14.700974464416504
Exciton, frame 7215 ran in:  28.089117288589478
Exciton, frame 7216 ran in:  15.557087898254395
Exciton, frame 7217 ran in:  27.43735408782959
Exciton, frame 7218 ran in:  15.047180652618408
Exciton, frame 7219 ran in:  16.071406364440918
Exciton, frame 7220 ran in:  16.5237557888031
Exciton, frame 7221 ran in:  14.58662462234497
Exciton, frame 7222 ran in:  15.027408361434937
Exciton, frame 7223 ran in:  20.837636947631836
Exciton, frame 7224 ran in:  16.317530632019043
Exciton, frame 7225 ran in:  15.124731540679932
Exciton, frame 7226 ran in:  14.541513204574585
Exciton, frame 7227 ran in:  28.56213641166687
Exciton, frame 7228 ran in:  28.878380060195923
Exciton, frame 7229 ran in:  14.965476512908936
Exciton, frame 7230 ran in:  15.286454200744629
Exciton, frame 7231 ran in:  14.607219934463501
Exciton, frame 7232 ran in:  18.972776651382446
Exciton, frame 7233 ran in:  24.024590730667114
Exciton, frame 7234 ran in:  22.65440058708191
Exciton, frame 7235 ran in:  14.627635717391968
Exciton, frame 7236 ran in:  15.529752016067505
Exciton, frame 7237 ran in:  16.190326690673828
Exciton, frame 7238 ran in:  15.740334033966064
Exciton, frame 7239 ran in:  15.156534671783447
Exciton, frame 7240 ran in:  15.589491128921509
Exciton, frame 7241 ran in:  15.821211814880371
Exciton, frame 7242 ran in:  15.701295375823975
Exciton, frame 7243 ran in:  14.68437147140503
Exciton, frame 7244 ran in:  14.369484186172485
Exciton, frame 7245 ran in:  14.579152345657349
Exciton, frame 7246 ran in:  15.90868067741394
Exciton, frame 7247 ran in:  14.648835182189941
Exciton, frame 7248 ran in:  15.40662169456482
Exciton, frame 7249 ran in:  14.38916826248169
Exciton, frame 7250 ran in:  15.52845311164856
Exciton, frame 7251 ran in:  15.141818046569824
Exciton, frame 7252 ran in:  15.753572225570679
Exciton, frame 7253 ran in:  14.446098566055298
Exciton, frame 7254 ran in:  15.111890316009521
Exciton, frame 7255 ran in:  14.538687944412231
Exciton, frame 7256 ran in:  15.28604769706726
Exciton, frame 7257 ran in:  15.338097095489502
Exciton, frame 7258 ran in:  15.692018032073975
Exciton, frame 7259 ran in:  15.730539083480835
Exciton, frame 7260 ran in:  14.628201007843018
Exciton, frame 7261 ran in:  14.679238557815552
Exciton, frame 7262 ran in:  27.759078979492188
Exciton, frame 7263 ran in:  15.747413635253906
Exciton, frame 7264 ran in:  14.771237850189209
Exciton, frame 7265 ran in:  15.536999464035034
Exciton, frame 7266 ran in:  27.789439916610718
Exciton, frame 7267 ran in:  15.399771928787231
Exciton, frame 7268 ran in:  15.482454061508179
Exciton, frame 7269 ran in:  25.979190349578857
Exciton, frame 7270 ran in:  15.721827983856201
Exciton, frame 7271 ran in:  15.036849021911621
Exciton, frame 7272 ran in:  14.884536981582642
Exciton, frame 7273 ran in:  14.456031084060669
Exciton, frame 7274 ran in:  26.894845247268677
Exciton, frame 7275 ran in:  15.013957738876343
Exciton, frame 7276 ran in:  15.885442733764648
Exciton, frame 7277 ran in:  16.34699845314026
Exciton, frame 7278 ran in:  14.552372455596924
Exciton, frame 7279 ran in:  16.67047643661499
Exciton, frame 7280 ran in:  15.902175903320312
Exciton, frame 7281 ran in:  15.64340329170227
Exciton, frame 7282 ran in:  14.323760509490967
Exciton, frame 7283 ran in:  15.079814672470093
Exciton, frame 7284 ran in:  26.583154678344727
Exciton, frame 7285 ran in:  14.974327802658081
Exciton, frame 7286 ran in:  18.367756605148315
Exciton, frame 7287 ran in:  17.2457058429718
Exciton, frame 7288 ran in:  16.95023226737976
Exciton, frame 7289 ran in:  17.00334334373474
Exciton, frame 7290 ran in:  16.72641944885254
Exciton, frame 7291 ran in:  15.884141683578491
Exciton, frame 7292 ran in:  15.426669836044312
Exciton, frame 7293 ran in:  16.96113157272339
Exciton, frame 7294 ran in:  15.128543376922607
Exciton, frame 7295 ran in:  16.333518505096436
Exciton, frame 7296 ran in:  16.251210927963257
Exciton, frame 7297 ran in:  16.801481008529663
Exciton, frame 7298 ran in:  16.650294065475464
Exciton, frame 7299 ran in:  16.767699003219604
Exciton, frame 7300 ran in:  16.61756992340088
Exciton, frame 7301 ran in:  17.024351358413696
Exciton, frame 7302 ran in:  16.44135022163391
Exciton, frame 7303 ran in:  17.21883773803711
Exciton, frame 7304 ran in:  17.41049861907959
Exciton, frame 7305 ran in:  16.086915016174316
Exciton, frame 7306 ran in:  14.442207098007202
Exciton, frame 7307 ran in:  15.074850082397461
Exciton, frame 7308 ran in:  14.784958362579346
Exciton, frame 7309 ran in:  15.30690622329712
Exciton, frame 7310 ran in:  14.414491176605225
Exciton, frame 7311 ran in:  15.21814513206482
Exciton, frame 7312 ran in:  27.346229791641235
Exciton, frame 7313 ran in:  15.399683237075806
Exciton, frame 7314 ran in:  16.281423807144165
Exciton, frame 7315 ran in:  16.162510871887207
Exciton, frame 7316 ran in:  16.39978051185608
Exciton, frame 7317 ran in:  28.38523554801941
Exciton, frame 7318 ran in:  15.409789085388184
Exciton, frame 7319 ran in:  16.291370153427124
Exciton, frame 7320 ran in:  14.770204067230225
Exciton, frame 7321 ran in:  26.34120464324951
Exciton, frame 7322 ran in:  27.532283306121826
Exciton, frame 7323 ran in:  16.5485782623291
Exciton, frame 7324 ran in:  15.105281591415405
Exciton, frame 7325 ran in:  15.566165447235107
Exciton, frame 7326 ran in:  16.028700828552246
Exciton, frame 7327 ran in:  15.789547443389893
Exciton, frame 7328 ran in:  15.23167872428894
Exciton, frame 7329 ran in:  15.189257621765137
Exciton, frame 7330 ran in:  16.191489934921265
Exciton, frame 7331 ran in:  14.975544214248657
Exciton, frame 7332 ran in:  14.543632984161377
Exciton, frame 7333 ran in:  14.939639806747437
Exciton, frame 7334 ran in:  15.175284147262573
Exciton, frame 7335 ran in:  15.196115493774414
Exciton, frame 7336 ran in:  27.208330392837524
Exciton, frame 7337 ran in:  27.630089044570923
Exciton, frame 7338 ran in:  15.955488443374634
Exciton, frame 7339 ran in:  27.96523904800415
Exciton, frame 7340 ran in:  27.009032487869263
Exciton, frame 7341 ran in:  15.078840017318726
Exciton, frame 7342 ran in:  15.75279688835144
Exciton, frame 7343 ran in:  14.721984148025513
Exciton, frame 7344 ran in:  16.68886685371399
Exciton, frame 7345 ran in:  15.201303243637085
Exciton, frame 7346 ran in:  14.354172468185425
Exciton, frame 7347 ran in:  17.3847599029541
Exciton, frame 7348 ran in:  15.194613933563232
Exciton, frame 7349 ran in:  14.955562114715576
Exciton, frame 7350 ran in:  16.164185762405396
Exciton, frame 7351 ran in:  14.569635391235352
Exciton, frame 7352 ran in:  14.616156339645386
Exciton, frame 7353 ran in:  16.24321985244751
Exciton, frame 7354 ran in:  14.808622360229492
Exciton, frame 7355 ran in:  15.180375099182129
Exciton, frame 7356 ran in:  17.384305000305176
Exciton, frame 7357 ran in:  17.284229278564453
Exciton, frame 7358 ran in:  16.642667293548584
Exciton, frame 7359 ran in:  27.090739011764526
Exciton, frame 7360 ran in:  15.358167886734009
Exciton, frame 7361 ran in:  15.691555261611938
Exciton, frame 7362 ran in:  15.665632963180542
Exciton, frame 7363 ran in:  14.955696821212769
Exciton, frame 7364 ran in:  15.51509690284729
Exciton, frame 7365 ran in:  17.465888500213623
Exciton, frame 7366 ran in:  15.364683866500854
Exciton, frame 7367 ran in:  15.438085079193115
Exciton, frame 7368 ran in:  15.315288782119751
Exciton, frame 7369 ran in:  28.379371881484985
Exciton, frame 7370 ran in:  15.323278665542603
Exciton, frame 7371 ran in:  15.396461248397827
Exciton, frame 7372 ran in:  15.203775644302368
Exciton, frame 7373 ran in:  14.640835046768188
Exciton, frame 7374 ran in:  22.615050077438354
Exciton, frame 7375 ran in:  27.45552134513855
Exciton, frame 7376 ran in:  14.469284057617188
Exciton, frame 7377 ran in:  27.348276138305664
Exciton, frame 7378 ran in:  14.963312864303589
Exciton, frame 7379 ran in:  14.864782571792603
Exciton, frame 7380 ran in:  14.805542707443237
Exciton, frame 7381 ran in:  16.210368156433105
Exciton, frame 7382 ran in:  15.809349536895752
Exciton, frame 7383 ran in:  14.94981050491333
Exciton, frame 7384 ran in:  14.725000381469727
Exciton, frame 7385 ran in:  14.628267765045166
Exciton, frame 7386 ran in:  14.354876518249512
Exciton, frame 7387 ran in:  15.355828285217285
Exciton, frame 7388 ran in:  15.322773218154907
Exciton, frame 7389 ran in:  15.528109550476074
Exciton, frame 7390 ran in:  23.10189986228943
Exciton, frame 7391 ran in:  16.656543493270874
Exciton, frame 7392 ran in:  16.847712755203247
Exciton, frame 7393 ran in:  16.899622440338135
Exciton, frame 7394 ran in:  15.955224990844727
Exciton, frame 7395 ran in:  14.74725890159607
Exciton, frame 7396 ran in:  14.883206605911255
Exciton, frame 7397 ran in:  15.379303216934204
Exciton, frame 7398 ran in:  15.399782657623291
Exciton, frame 7399 ran in:  16.50858497619629
Exciton, frame 7400 ran in:  17.338181495666504
Exciton, frame 7401 ran in:  16.466300010681152
Exciton, frame 7402 ran in:  14.768867015838623
Exciton, frame 7403 ran in:  16.48942279815674
Exciton, frame 7404 ran in:  15.684853076934814
Exciton, frame 7405 ran in:  15.526936054229736
Exciton, frame 7406 ran in:  16.745380401611328
Exciton, frame 7407 ran in:  14.391580820083618
Exciton, frame 7408 ran in:  26.884104251861572
Exciton, frame 7409 ran in:  27.70713186264038
Exciton, frame 7410 ran in:  14.951375961303711
Exciton, frame 7411 ran in:  14.724186182022095
Exciton, frame 7412 ran in:  15.249083042144775
Exciton, frame 7413 ran in:  20.389302730560303
Exciton, frame 7414 ran in:  14.301097393035889
Exciton, frame 7415 ran in:  14.228882551193237
Exciton, frame 7416 ran in:  14.961147785186768
Exciton, frame 7417 ran in:  16.919360876083374
Exciton, frame 7418 ran in:  16.38492226600647
Exciton, frame 7419 ran in:  15.62754201889038
Exciton, frame 7420 ran in:  16.66426706314087
Exciton, frame 7421 ran in:  16.745002269744873
Exciton, frame 7422 ran in:  17.042746543884277
Exciton, frame 7423 ran in:  23.418078899383545
Exciton, frame 7424 ran in:  16.87773585319519
Exciton, frame 7425 ran in:  16.716269969940186
Exciton, frame 7426 ran in:  16.282368183135986
Exciton, frame 7427 ran in:  14.683626413345337
Exciton, frame 7428 ran in:  15.49232292175293
Exciton, frame 7429 ran in:  14.577763557434082
Exciton, frame 7430 ran in:  16.533803462982178
Exciton, frame 7431 ran in:  16.937017679214478
Exciton, frame 7432 ran in:  17.02468705177307
Exciton, frame 7433 ran in:  17.745830059051514
Exciton, frame 7434 ran in:  17.10713505744934
Exciton, frame 7435 ran in:  16.592957496643066
Exciton, frame 7436 ran in:  16.81417155265808
Exciton, frame 7437 ran in:  16.68641686439514
Exciton, frame 7438 ran in:  16.325539588928223
Exciton, frame 7439 ran in:  16.542353630065918
Exciton, frame 7440 ran in:  16.760838747024536
Exciton, frame 7441 ran in:  16.99812626838684
Exciton, frame 7442 ran in:  16.403658390045166
Exciton, frame 7443 ran in:  24.137572288513184
Exciton, frame 7444 ran in:  15.565777778625488
Exciton, frame 7445 ran in:  16.104944467544556
Exciton, frame 7446 ran in:  15.823975801467896
Exciton, frame 7447 ran in:  15.503173351287842
Exciton, frame 7448 ran in:  15.069686651229858
Exciton, frame 7449 ran in:  14.68517804145813
Exciton, frame 7450 ran in:  14.905961275100708
Exciton, frame 7451 ran in:  15.087379932403564
Exciton, frame 7452 ran in:  16.509966611862183
Exciton, frame 7453 ran in:  25.807339191436768
Exciton, frame 7454 ran in:  17.519898414611816
Exciton, frame 7455 ran in:  16.578739643096924
Exciton, frame 7456 ran in:  16.524948835372925
Exciton, frame 7457 ran in:  16.87693476676941
Exciton, frame 7458 ran in:  17.170673847198486
Exciton, frame 7459 ran in:  16.974079370498657
Exciton, frame 7460 ran in:  16.61580228805542
Exciton, frame 7461 ran in:  16.642208099365234
Exciton, frame 7462 ran in:  16.000316858291626
Exciton, frame 7463 ran in:  27.449955463409424
Exciton, frame 7464 ran in:  16.60426115989685
Exciton, frame 7465 ran in:  16.576096534729004
Exciton, frame 7466 ran in:  14.88686752319336
Exciton, frame 7467 ran in:  17.584351301193237
Exciton, frame 7468 ran in:  17.798988103866577
Exciton, frame 7469 ran in:  17.206639766693115
Exciton, frame 7470 ran in:  17.250483751296997
Exciton, frame 7471 ran in:  21.071061372756958
Exciton, frame 7472 ran in:  16.41981601715088
Exciton, frame 7473 ran in:  27.37169647216797
Exciton, frame 7474 ran in:  18.99511170387268
Exciton, frame 7475 ran in:  27.628700733184814
Exciton, frame 7476 ran in:  15.437918186187744
Exciton, frame 7477 ran in:  15.568062543869019
Exciton, frame 7478 ran in:  15.500231266021729
Exciton, frame 7479 ran in:  15.096692323684692
Exciton, frame 7480 ran in:  16.725874662399292
Exciton, frame 7481 ran in:  14.945858001708984
Exciton, frame 7482 ran in:  14.71857213973999
Exciton, frame 7483 ran in:  27.524834394454956
Exciton, frame 7484 ran in:  27.972962379455566
Exciton, frame 7485 ran in:  15.147058010101318
Exciton, frame 7486 ran in:  27.08590006828308
Exciton, frame 7487 ran in:  27.600061893463135
Exciton, frame 7488 ran in:  15.951451063156128
Exciton, frame 7489 ran in:  15.44916844367981
Exciton, frame 7490 ran in:  15.347094297409058
Exciton, frame 7491 ran in:  14.493727445602417
Exciton, frame 7492 ran in:  15.08916187286377
Exciton, frame 7493 ran in:  26.973918676376343
Exciton, frame 7494 ran in:  15.523950099945068
Exciton, frame 7495 ran in:  27.549428701400757
Exciton, frame 7496 ran in:  15.074742317199707
Exciton, frame 7497 ran in:  15.485244750976562
Exciton, frame 7498 ran in:  14.80741000175476
Exciton, frame 7499 ran in:  15.752687215805054
Exciton, frame 7500 ran in:  14.640668630599976
Exciton, frame 7501 ran in:  14.263509273529053
Exciton, frame 7502 ran in:  27.757922649383545
Exciton, frame 7503 ran in:  15.29213571548462
Exciton, frame 7504 ran in:  16.064844369888306
Exciton, frame 7505 ran in:  15.473878860473633
Exciton, frame 7506 ran in:  14.831719636917114
Exciton, frame 7507 ran in:  14.772814273834229
Exciton, frame 7508 ran in:  15.220135927200317
Exciton, frame 7509 ran in:  15.091006517410278
Exciton, frame 7510 ran in:  15.657399892807007
Exciton, frame 7511 ran in:  15.450797319412231
Exciton, frame 7512 ran in:  15.105408430099487
Exciton, frame 7513 ran in:  14.779447555541992
Exciton, frame 7514 ran in:  15.072025299072266
Exciton, frame 7515 ran in:  15.65348196029663
Exciton, frame 7516 ran in:  14.829761266708374
Exciton, frame 7517 ran in:  14.653155088424683
Exciton, frame 7518 ran in:  15.235682010650635
Exciton, frame 7519 ran in:  15.38708209991455
Exciton, frame 7520 ran in:  14.984703302383423
Exciton, frame 7521 ran in:  15.080966711044312
Exciton, frame 7522 ran in:  15.208609342575073
Exciton, frame 7523 ran in:  14.813061237335205
Exciton, frame 7524 ran in:  15.743530511856079
Exciton, frame 7525 ran in:  14.286688089370728
Exciton, frame 7526 ran in:  15.998495101928711
Exciton, frame 7527 ran in:  15.570664644241333
Exciton, frame 7528 ran in:  20.104085206985474
Exciton, frame 7529 ran in:  21.897958517074585
Exciton, frame 7530 ran in:  15.700240850448608
Exciton, frame 7531 ran in:  14.729349374771118
Exciton, frame 7532 ran in:  27.709977626800537
Exciton, frame 7533 ran in:  28.0140221118927
Exciton, frame 7534 ran in:  26.951512098312378
Exciton, frame 7535 ran in:  28.043485403060913
Exciton, frame 7536 ran in:  15.564980745315552
Exciton, frame 7537 ran in:  14.788343667984009
Exciton, frame 7538 ran in:  15.347479820251465
Exciton, frame 7539 ran in:  16.131850481033325
Exciton, frame 7540 ran in:  28.169703245162964
Exciton, frame 7541 ran in:  14.920176982879639
Exciton, frame 7542 ran in:  16.416715145111084
Exciton, frame 7543 ran in:  15.638737440109253
Exciton, frame 7544 ran in:  15.430103540420532
Exciton, frame 7545 ran in:  14.485323905944824
Exciton, frame 7546 ran in:  15.53577446937561
Exciton, frame 7547 ran in:  16.172722339630127
Exciton, frame 7548 ran in:  15.032908916473389
Exciton, frame 7549 ran in:  15.211977243423462
Exciton, frame 7550 ran in:  15.300595998764038
Exciton, frame 7551 ran in:  28.135477781295776
Exciton, frame 7552 ran in:  15.042585372924805
Exciton, frame 7553 ran in:  28.43680453300476
Exciton, frame 7554 ran in:  15.602588653564453
Exciton, frame 7555 ran in:  15.628464460372925
Exciton, frame 7556 ran in:  28.464037656784058
Exciton, frame 7557 ran in:  27.027690410614014
Exciton, frame 7558 ran in:  14.839624881744385
Exciton, frame 7559 ran in:  15.17553424835205
Exciton, frame 7560 ran in:  27.821826219558716
Exciton, frame 7561 ran in:  15.73605489730835
Exciton, frame 7562 ran in:  28.010866403579712
Exciton, frame 7563 ran in:  14.823303937911987
Exciton, frame 7564 ran in:  14.433526039123535
Exciton, frame 7565 ran in:  15.133743286132812
Exciton, frame 7566 ran in:  14.868337154388428
Exciton, frame 7567 ran in:  14.57088565826416
Exciton, frame 7568 ran in:  17.284008741378784
Exciton, frame 7569 ran in:  15.38028597831726
Exciton, frame 7570 ran in:  15.492223739624023
Exciton, frame 7571 ran in:  14.625292778015137
Exciton, frame 7572 ran in:  27.85689401626587
Exciton, frame 7573 ran in:  14.896848201751709
Exciton, frame 7574 ran in:  15.856411933898926
Exciton, frame 7575 ran in:  27.171963691711426
Exciton, frame 7576 ran in:  16.667574167251587
Exciton, frame 7577 ran in:  14.943830013275146
Exciton, frame 7578 ran in:  15.03909707069397
Exciton, frame 7579 ran in:  14.661008834838867
Exciton, frame 7580 ran in:  19.16249108314514
Exciton, frame 7581 ran in:  27.45734739303589
Exciton, frame 7582 ran in:  15.293447494506836
Exciton, frame 7583 ran in:  27.433624744415283
Exciton, frame 7584 ran in:  18.227214097976685
Exciton, frame 7585 ran in:  14.679963111877441
Exciton, frame 7586 ran in:  16.012627601623535
Exciton, frame 7587 ran in:  14.997766494750977
Exciton, frame 7588 ran in:  16.246686935424805
Exciton, frame 7589 ran in:  15.82397174835205
Exciton, frame 7590 ran in:  27.526358604431152
Exciton, frame 7591 ran in:  16.63966155052185
Exciton, frame 7592 ran in:  15.50445818901062
Exciton, frame 7593 ran in:  15.389215469360352
Exciton, frame 7594 ran in:  16.540830373764038
Exciton, frame 7595 ran in:  15.150684595108032
Exciton, frame 7596 ran in:  16.734177350997925
Exciton, frame 7597 ran in:  14.979644536972046
Exciton, frame 7598 ran in:  14.77181625366211
Exciton, frame 7599 ran in:  14.794347286224365
Exciton, frame 7600 ran in:  23.728041887283325
Exciton, frame 7601 ran in:  15.506293773651123
Exciton, frame 7602 ran in:  16.126453399658203
Exciton, frame 7603 ran in:  27.208733320236206
Exciton, frame 7604 ran in:  14.724811792373657
Exciton, frame 7605 ran in:  27.777835369110107
Exciton, frame 7606 ran in:  14.008579730987549
Exciton, frame 7607 ran in:  15.17374873161316
Exciton, frame 7608 ran in:  14.751269817352295
Exciton, frame 7609 ran in:  15.216922283172607
Exciton, frame 7610 ran in:  27.827739477157593
Exciton, frame 7611 ran in:  27.784691333770752
Exciton, frame 7612 ran in:  15.366731643676758
Exciton, frame 7613 ran in:  14.850930213928223
Exciton, frame 7614 ran in:  14.61829400062561
Exciton, frame 7615 ran in:  14.053643703460693
Exciton, frame 7616 ran in:  15.091553926467896
Exciton, frame 7617 ran in:  16.021117687225342
Exciton, frame 7618 ran in:  15.024086236953735
Exciton, frame 7619 ran in:  15.256124496459961
Exciton, frame 7620 ran in:  14.956841707229614
Exciton, frame 7621 ran in:  15.954240798950195
Exciton, frame 7622 ran in:  14.73192024230957
Exciton, frame 7623 ran in:  15.146622896194458
Exciton, frame 7624 ran in:  15.000644445419312
Exciton, frame 7625 ran in:  20.365891933441162
Exciton, frame 7626 ran in:  14.829041481018066
Exciton, frame 7627 ran in:  15.579373836517334
Exciton, frame 7628 ran in:  15.174883842468262
Exciton, frame 7629 ran in:  14.856279134750366
Exciton, frame 7630 ran in:  15.982095956802368
Exciton, frame 7631 ran in:  14.991797685623169
Exciton, frame 7632 ran in:  15.652863502502441
Exciton, frame 7633 ran in:  14.99260950088501
Exciton, frame 7634 ran in:  16.01209306716919
Exciton, frame 7635 ran in:  26.47100329399109
Exciton, frame 7636 ran in:  15.017979621887207
Exciton, frame 7637 ran in:  14.39458680152893
Exciton, frame 7638 ran in:  15.187267780303955
Exciton, frame 7639 ran in:  15.43540906906128
Exciton, frame 7640 ran in:  15.171069622039795
Exciton, frame 7641 ran in:  25.387377500534058
Exciton, frame 7642 ran in:  15.55540919303894
Exciton, frame 7643 ran in:  16.13874840736389
Exciton, frame 7644 ran in:  14.800318717956543
Exciton, frame 7645 ran in:  15.21563982963562
Exciton, frame 7646 ran in:  14.679033994674683
Exciton, frame 7647 ran in:  14.617663145065308
Exciton, frame 7648 ran in:  28.494039058685303
Exciton, frame 7649 ran in:  27.29339575767517
Exciton, frame 7650 ran in:  27.300445079803467
Exciton, frame 7651 ran in:  15.183398723602295
Exciton, frame 7652 ran in:  15.867236375808716
Exciton, frame 7653 ran in:  15.436009407043457
Exciton, frame 7654 ran in:  14.883816003799438
Exciton, frame 7655 ran in:  14.970481634140015
Exciton, frame 7656 ran in:  15.719261646270752
Exciton, frame 7657 ran in:  14.637802600860596
Exciton, frame 7658 ran in:  14.587880611419678
Exciton, frame 7659 ran in:  15.582375288009644
Exciton, frame 7660 ran in:  25.967050552368164
Exciton, frame 7661 ran in:  15.828138828277588
Exciton, frame 7662 ran in:  27.522172927856445
Exciton, frame 7663 ran in:  15.966187715530396
Exciton, frame 7664 ran in:  15.516197681427002
Exciton, frame 7665 ran in:  14.878960609436035
Exciton, frame 7666 ran in:  27.779580116271973
Exciton, frame 7667 ran in:  23.370115518569946
Exciton, frame 7668 ran in:  27.229661464691162
Exciton, frame 7669 ran in:  15.498903512954712
Exciton, frame 7670 ran in:  16.24163508415222
Exciton, frame 7671 ran in:  15.447719812393188
Exciton, frame 7672 ran in:  15.230169534683228
Exciton, frame 7673 ran in:  15.115578174591064
Exciton, frame 7674 ran in:  14.65909457206726
Exciton, frame 7675 ran in:  14.91777777671814
Exciton, frame 7676 ran in:  14.748011112213135
Exciton, frame 7677 ran in:  14.450938701629639
Exciton, frame 7678 ran in:  14.461970806121826
Exciton, frame 7679 ran in:  14.97824478149414
Exciton, frame 7680 ran in:  15.574622631072998
Exciton, frame 7681 ran in:  17.01729106903076
Exciton, frame 7682 ran in:  16.484830379486084
Exciton, frame 7683 ran in:  15.666961431503296
Exciton, frame 7684 ran in:  27.6909658908844
Exciton, frame 7685 ran in:  15.105002164840698
Exciton, frame 7686 ran in:  16.53949785232544
Exciton, frame 7687 ran in:  16.41014575958252
Exciton, frame 7688 ran in:  16.75663113594055
Exciton, frame 7689 ran in:  16.997242212295532
Exciton, frame 7690 ran in:  16.80952525138855
Exciton, frame 7691 ran in:  15.298242807388306
Exciton, frame 7692 ran in:  14.917431592941284
Exciton, frame 7693 ran in:  16.07240343093872
Exciton, frame 7694 ran in:  16.34915828704834
Exciton, frame 7695 ran in:  14.80364441871643
Exciton, frame 7696 ran in:  14.390960454940796
Exciton, frame 7697 ran in:  14.33287262916565
Exciton, frame 7698 ran in:  16.64780044555664
Exciton, frame 7699 ran in:  26.21495270729065
Exciton, frame 7700 ran in:  14.837753772735596
Exciton, frame 7701 ran in:  16.554025650024414
Exciton, frame 7702 ran in:  16.543402910232544
Exciton, frame 7703 ran in:  14.506187200546265
Exciton, frame 7704 ran in:  14.441197395324707
Exciton, frame 7705 ran in:  14.71669054031372
Exciton, frame 7706 ran in:  15.118435621261597
Exciton, frame 7707 ran in:  16.24898648262024
Exciton, frame 7708 ran in:  16.63115692138672
Exciton, frame 7709 ran in:  16.68434762954712
Exciton, frame 7710 ran in:  15.434270143508911
Exciton, frame 7711 ran in:  16.746347188949585
Exciton, frame 7712 ran in:  15.969290494918823
Exciton, frame 7713 ran in:  14.684244394302368
Exciton, frame 7714 ran in:  19.571555137634277
Exciton, frame 7715 ran in:  15.554696083068848
Exciton, frame 7716 ran in:  15.44263482093811
Exciton, frame 7717 ran in:  15.617693185806274
Exciton, frame 7718 ran in:  27.04360556602478
Exciton, frame 7719 ran in:  14.683635950088501
Exciton, frame 7720 ran in:  15.015416860580444
Exciton, frame 7721 ran in:  17.680112838745117
Exciton, frame 7722 ran in:  16.937100410461426
Exciton, frame 7723 ran in:  16.63768482208252
Exciton, frame 7724 ran in:  16.526472568511963
Exciton, frame 7725 ran in:  21.059328079223633
Exciton, frame 7726 ran in:  15.326131105422974
Exciton, frame 7727 ran in:  15.544080018997192
Exciton, frame 7728 ran in:  16.54081916809082
Exciton, frame 7729 ran in:  15.676586627960205
Exciton, frame 7730 ran in:  16.657423496246338
Exciton, frame 7731 ran in:  14.817935943603516
Exciton, frame 7732 ran in:  26.737409114837646
Exciton, frame 7733 ran in:  15.205875635147095
Exciton, frame 7734 ran in:  14.561797618865967
Exciton, frame 7735 ran in:  14.87779450416565
Exciton, frame 7736 ran in:  28.358559370040894
Exciton, frame 7737 ran in:  15.648414850234985
Exciton, frame 7738 ran in:  15.19028615951538
Exciton, frame 7739 ran in:  15.41603684425354
Exciton, frame 7740 ran in:  15.239380121231079
Exciton, frame 7741 ran in:  14.99001431465149
Exciton, frame 7742 ran in:  26.619504690170288
Exciton, frame 7743 ran in:  27.38063383102417
Exciton, frame 7744 ran in:  15.411072492599487
Exciton, frame 7745 ran in:  15.6401686668396
Exciton, frame 7746 ran in:  14.539647102355957
Exciton, frame 7747 ran in:  15.043845176696777
Exciton, frame 7748 ran in:  15.144038438796997
Exciton, frame 7749 ran in:  19.512906312942505
Exciton, frame 7750 ran in:  15.27031946182251
Exciton, frame 7751 ran in:  14.730448484420776
Exciton, frame 7752 ran in:  14.58497667312622
Exciton, frame 7753 ran in:  15.671893835067749
Exciton, frame 7754 ran in:  15.724488735198975
Exciton, frame 7755 ran in:  26.591143131256104
Exciton, frame 7756 ran in:  27.84728169441223
Exciton, frame 7757 ran in:  15.910753726959229
Exciton, frame 7758 ran in:  14.914116859436035
Exciton, frame 7759 ran in:  15.20736575126648
Exciton, frame 7760 ran in:  16.134936094284058
Exciton, frame 7761 ran in:  15.535324811935425
Exciton, frame 7762 ran in:  16.30440092086792
Exciton, frame 7763 ran in:  15.616799354553223
Exciton, frame 7764 ran in:  15.136460304260254
Exciton, frame 7765 ran in:  14.99248480796814
Exciton, frame 7766 ran in:  15.20994234085083
Exciton, frame 7767 ran in:  14.942333698272705
Exciton, frame 7768 ran in:  27.16325354576111
Exciton, frame 7769 ran in:  16.041356086730957
Exciton, frame 7770 ran in:  15.174164772033691
Exciton, frame 7771 ran in:  14.854450225830078
Exciton, frame 7772 ran in:  15.151714324951172
Exciton, frame 7773 ran in:  15.798583030700684
Exciton, frame 7774 ran in:  16.37741255760193
Exciton, frame 7775 ran in:  15.900479555130005
Exciton, frame 7776 ran in:  15.864044904708862
Exciton, frame 7777 ran in:  14.97414493560791
Exciton, frame 7778 ran in:  16.668005228042603
Exciton, frame 7779 ran in:  15.705264806747437
Exciton, frame 7780 ran in:  14.79884386062622
Exciton, frame 7781 ran in:  16.521666526794434
Exciton, frame 7782 ran in:  16.037442207336426
Exciton, frame 7783 ran in:  16.31564712524414
Exciton, frame 7784 ran in:  16.664143800735474
Exciton, frame 7785 ran in:  24.437405586242676
Exciton, frame 7786 ran in:  17.05878710746765
Exciton, frame 7787 ran in:  15.795444250106812
Exciton, frame 7788 ran in:  15.71129584312439
Exciton, frame 7789 ran in:  16.21632742881775
Exciton, frame 7790 ran in:  16.683031797409058
Exciton, frame 7791 ran in:  15.615947008132935
Exciton, frame 7792 ran in:  15.751261949539185
Exciton, frame 7793 ran in:  14.710276126861572
Exciton, frame 7794 ran in:  15.83521580696106
Exciton, frame 7795 ran in:  15.972211122512817
Exciton, frame 7796 ran in:  27.45111393928528
Exciton, frame 7797 ran in:  15.195860147476196
Exciton, frame 7798 ran in:  27.178780555725098
Exciton, frame 7799 ran in:  15.24746036529541
Exciton, frame 7800 ran in:  26.539552450180054
Exciton, frame 7801 ran in:  15.186646461486816
Exciton, frame 7802 ran in:  15.029513597488403
Exciton, frame 7803 ran in:  14.928861141204834
Exciton, frame 7804 ran in:  26.883055210113525
Exciton, frame 7805 ran in:  15.4127779006958
Exciton, frame 7806 ran in:  15.21715521812439
Exciton, frame 7807 ran in:  14.794528484344482
Exciton, frame 7808 ran in:  15.847898960113525
Exciton, frame 7809 ran in:  15.909927606582642
Exciton, frame 7810 ran in:  16.19951629638672
Exciton, frame 7811 ran in:  14.546791791915894
Exciton, frame 7812 ran in:  15.106504678726196
Exciton, frame 7813 ran in:  15.455549716949463
Exciton, frame 7814 ran in:  15.496512651443481
Exciton, frame 7815 ran in:  27.37964367866516
Exciton, frame 7816 ran in:  15.529494524002075
Exciton, frame 7817 ran in:  14.478868007659912
Exciton, frame 7818 ran in:  17.138975858688354
Exciton, frame 7819 ran in:  15.97412371635437
Exciton, frame 7820 ran in:  14.71081018447876
Exciton, frame 7821 ran in:  14.517677545547485
Exciton, frame 7822 ran in:  25.959638595581055
Exciton, frame 7823 ran in:  15.059868812561035
Exciton, frame 7824 ran in:  15.745250225067139
Exciton, frame 7825 ran in:  14.91626238822937
Exciton, frame 7826 ran in:  15.110176086425781
Exciton, frame 7827 ran in:  15.717262506484985
Exciton, frame 7828 ran in:  14.721709489822388
Exciton, frame 7829 ran in:  13.678604364395142
Exciton, frame 7830 ran in:  15.1033296585083
Exciton, frame 7831 ran in:  15.247942209243774
Exciton, frame 7832 ran in:  14.753087759017944
Exciton, frame 7833 ran in:  14.829055309295654
Exciton, frame 7834 ran in:  15.618491172790527
Exciton, frame 7835 ran in:  14.82430386543274
Exciton, frame 7836 ran in:  14.737727403640747
Exciton, frame 7837 ran in:  15.183819055557251
Exciton, frame 7838 ran in:  14.60603952407837
Exciton, frame 7839 ran in:  15.062621831893921
Exciton, frame 7840 ran in:  14.857518911361694
Exciton, frame 7841 ran in:  15.105155944824219
Exciton, frame 7842 ran in:  14.501137018203735
Exciton, frame 7843 ran in:  15.080701351165771
Exciton, frame 7844 ran in:  15.756881713867188
Exciton, frame 7845 ran in:  14.67874813079834
Exciton, frame 7846 ran in:  14.96212363243103
Exciton, frame 7847 ran in:  15.49637508392334
Exciton, frame 7848 ran in:  14.419422388076782
Exciton, frame 7849 ran in:  15.75178074836731
Exciton, frame 7850 ran in:  14.739741563796997
Exciton, frame 7851 ran in:  14.58272671699524
Exciton, frame 7852 ran in:  15.36007833480835
Exciton, frame 7853 ran in:  16.047719955444336
Exciton, frame 7854 ran in:  15.906107902526855
Exciton, frame 7855 ran in:  15.558884859085083
Exciton, frame 7856 ran in:  15.452949523925781
Exciton, frame 7857 ran in:  15.145638942718506
Exciton, frame 7858 ran in:  15.174189805984497
Exciton, frame 7859 ran in:  15.32403016090393
Exciton, frame 7860 ran in:  14.819142580032349
Exciton, frame 7861 ran in:  14.558646202087402
Exciton, frame 7862 ran in:  15.296632051467896
Exciton, frame 7863 ran in:  15.670190572738647
Exciton, frame 7864 ran in:  15.375332117080688
Exciton, frame 7865 ran in:  15.085447311401367
Exciton, frame 7866 ran in:  15.463879108428955
Exciton, frame 7867 ran in:  15.684080123901367
Exciton, frame 7868 ran in:  15.431442022323608
Exciton, frame 7869 ran in:  15.136337041854858
Exciton, frame 7870 ran in:  14.56440258026123
Exciton, frame 7871 ran in:  14.951159000396729
Exciton, frame 7872 ran in:  14.757996797561646
Exciton, frame 7873 ran in:  15.612155437469482
Exciton, frame 7874 ran in:  14.54841136932373
Exciton, frame 7875 ran in:  15.415194511413574
Exciton, frame 7876 ran in:  14.735687971115112
Exciton, frame 7877 ran in:  14.477386951446533
Exciton, frame 7878 ran in:  14.442057371139526
Exciton, frame 7879 ran in:  15.065955638885498
Exciton, frame 7880 ran in:  15.57438039779663
Exciton, frame 7881 ran in:  15.769734859466553
Exciton, frame 7882 ran in:  15.597100019454956
Exciton, frame 7883 ran in:  15.470451354980469
Exciton, frame 7884 ran in:  14.710434436798096
Exciton, frame 7885 ran in:  14.677358865737915
Exciton, frame 7886 ran in:  14.707873344421387
Exciton, frame 7887 ran in:  14.825507402420044
Exciton, frame 7888 ran in:  14.541272163391113
Exciton, frame 7889 ran in:  14.968542337417603
Exciton, frame 7890 ran in:  14.91199803352356
Exciton, frame 7891 ran in:  14.849665880203247
Exciton, frame 7892 ran in:  14.959375381469727
Exciton, frame 7893 ran in:  15.680081129074097
Exciton, frame 7894 ran in:  14.590835094451904
Exciton, frame 7895 ran in:  14.530678510665894
Exciton, frame 7896 ran in:  15.142030715942383
Exciton, frame 7897 ran in:  15.388250827789307
Exciton, frame 7898 ran in:  15.72837209701538
Exciton, frame 7899 ran in:  14.428452730178833
Exciton, frame 7900 ran in:  14.67078948020935
Exciton, frame 7901 ran in:  14.664230823516846
Exciton, frame 7902 ran in:  15.75716233253479
Exciton, frame 7903 ran in:  15.342381715774536
Exciton, frame 7904 ran in:  14.482159614562988
Exciton, frame 7905 ran in:  14.55194616317749
Exciton, frame 7906 ran in:  14.719098091125488
Exciton, frame 7907 ran in:  15.673143148422241
Exciton, frame 7908 ran in:  14.391924858093262
Exciton, frame 7909 ran in:  14.931391477584839
Exciton, frame 7910 ran in:  14.538084268569946
Exciton, frame 7911 ran in:  14.929762840270996
Exciton, frame 7912 ran in:  15.882519245147705
Exciton, frame 7913 ran in:  14.46890664100647
Exciton, frame 7914 ran in:  14.5659339427948
Exciton, frame 7915 ran in:  14.99245285987854
Exciton, frame 7916 ran in:  15.05562424659729
Exciton, frame 7917 ran in:  14.519485473632812
Exciton, frame 7918 ran in:  14.108946323394775
Exciton, frame 7919 ran in:  15.166779041290283
Exciton, frame 7920 ran in:  15.539580345153809
Exciton, frame 7921 ran in:  15.141751289367676
Exciton, frame 7922 ran in:  15.940587282180786
Exciton, frame 7923 ran in:  14.840530395507812
Exciton, frame 7924 ran in:  15.762598276138306
Exciton, frame 7925 ran in:  14.968196153640747
Exciton, frame 7926 ran in:  14.927446603775024
Exciton, frame 7927 ran in:  14.800783395767212
Exciton, frame 7928 ran in:  14.708456039428711
Exciton, frame 7929 ran in:  15.12595009803772
Exciton, frame 7930 ran in:  14.917863607406616
Exciton, frame 7931 ran in:  14.57633090019226
Exciton, frame 7932 ran in:  15.648049116134644
Exciton, frame 7933 ran in:  14.233336210250854
Exciton, frame 7934 ran in:  14.972615003585815
Exciton, frame 7935 ran in:  15.472450494766235
Exciton, frame 7936 ran in:  15.908226251602173
Exciton, frame 7937 ran in:  15.297603368759155
Exciton, frame 7938 ran in:  15.067673921585083
Exciton, frame 7939 ran in:  14.3500657081604
Exciton, frame 7940 ran in:  14.496706485748291
Exciton, frame 7941 ran in:  14.745394945144653
Exciton, frame 7942 ran in:  15.377273321151733
Exciton, frame 7943 ran in:  14.360093593597412
Exciton, frame 7944 ran in:  14.669823408126831
Exciton, frame 7945 ran in:  14.593584299087524
Exciton, frame 7946 ran in:  15.020094633102417
Exciton, frame 7947 ran in:  14.42065143585205
Exciton, frame 7948 ran in:  15.303741693496704
Exciton, frame 7949 ran in:  15.883692979812622
Exciton, frame 7950 ran in:  14.70529317855835
Exciton, frame 7951 ran in:  14.406076192855835
Exciton, frame 7952 ran in:  14.73720121383667
Exciton, frame 7953 ran in:  15.646457195281982
Exciton, frame 7954 ran in:  14.969324588775635
Exciton, frame 7955 ran in:  14.762049198150635
Exciton, frame 7956 ran in:  15.43013072013855
Exciton, frame 7957 ran in:  15.9713454246521
Exciton, frame 7958 ran in:  15.116635799407959
Exciton, frame 7959 ran in:  14.52842926979065
Exciton, frame 7960 ran in:  14.702280521392822
Exciton, frame 7961 ran in:  14.118002891540527
Exciton, frame 7962 ran in:  14.598603963851929
Exciton, frame 7963 ran in:  15.800498485565186
Exciton, frame 7964 ran in:  16.190073490142822
Exciton, frame 7965 ran in:  14.896111249923706
Exciton, frame 7966 ran in:  15.151442527770996
Exciton, frame 7967 ran in:  15.689889192581177
Exciton, frame 7968 ran in:  15.252215385437012
Exciton, frame 7969 ran in:  16.48583483695984
Exciton, frame 7970 ran in:  15.241338968276978
Exciton, frame 7971 ran in:  15.163664817810059
Exciton, frame 7972 ran in:  14.650450468063354
Exciton, frame 7973 ran in:  15.466256618499756
Exciton, frame 7974 ran in:  15.350929975509644
Exciton, frame 7975 ran in:  14.582883358001709
Exciton, frame 7976 ran in:  14.58481740951538
Exciton, frame 7977 ran in:  15.164886474609375
Exciton, frame 7978 ran in:  14.670652866363525
Exciton, frame 7979 ran in:  15.990520238876343
Exciton, frame 7980 ran in:  15.192638397216797
Exciton, frame 7981 ran in:  14.479562282562256
Exciton, frame 7982 ran in:  15.188007831573486
Exciton, frame 7983 ran in:  15.403127193450928
Exciton, frame 7984 ran in:  15.174865245819092
Exciton, frame 7985 ran in:  15.21868896484375
Exciton, frame 7986 ran in:  14.655364274978638
Exciton, frame 7987 ran in:  14.461648941040039
Exciton, frame 7988 ran in:  14.511471509933472
Exciton, frame 7989 ran in:  14.85782766342163
Exciton, frame 7990 ran in:  14.39351224899292
Exciton, frame 7991 ran in:  14.861822605133057
Exciton, frame 7992 ran in:  15.015247821807861
Exciton, frame 7993 ran in:  15.778552770614624
Exciton, frame 7994 ran in:  14.5411217212677
Exciton, frame 7995 ran in:  14.625395059585571
Exciton, frame 7996 ran in:  14.477506160736084
Exciton, frame 7997 ran in:  14.73670506477356
Exciton, frame 7998 ran in:  15.646210432052612
Exciton, frame 7999 ran in:  14.363234519958496
Finished 'run_trajectory' in 17004.933449 secs
