cpu-bind=MASK - bp1-compute194, task 4294967295 4294967295 [0]: mask 0xfffff000000000000000000000000000fffff000000000000000000 set
/user/home/of15641/.conda/envs/openmm/bin/python
Finished 'load_dcd_file' in 93.633446 secs
Exciton, frame 0 ran in:  14.104929208755493
Exciton, frame 1 ran in:  13.835507869720459
Exciton, frame 2 ran in:  14.007466316223145
Exciton, frame 3 ran in:  13.972216129302979
Exciton, frame 4 ran in:  14.043291568756104
Exciton, frame 5 ran in:  14.310981035232544
Exciton, frame 6 ran in:  13.984257221221924
Exciton, frame 7 ran in:  14.691061735153198
Exciton, frame 8 ran in:  14.432966232299805
Exciton, frame 9 ran in:  14.186695575714111
Exciton, frame 10 ran in:  14.31777834892273
Exciton, frame 11 ran in:  14.427706718444824
Exciton, frame 12 ran in:  14.436381340026855
Exciton, frame 13 ran in:  15.354270219802856
Exciton, frame 14 ran in:  13.894831895828247
Exciton, frame 15 ran in:  13.953468084335327
Exciton, frame 16 ran in:  14.181051969528198
Exciton, frame 17 ran in:  13.872607231140137
Exciton, frame 18 ran in:  14.143004417419434
Exciton, frame 19 ran in:  13.96851110458374
Exciton, frame 20 ran in:  13.831649780273438
Exciton, frame 21 ran in:  13.982695579528809
Exciton, frame 22 ran in:  14.376540184020996
Exciton, frame 23 ran in:  14.456092596054077
Exciton, frame 24 ran in:  14.231252431869507
Exciton, frame 25 ran in:  13.88825535774231
Exciton, frame 26 ran in:  13.69878602027893
Exciton, frame 27 ran in:  13.809986352920532
Exciton, frame 28 ran in:  13.779624938964844
Exciton, frame 29 ran in:  14.014615535736084
Exciton, frame 30 ran in:  14.016257762908936
Exciton, frame 31 ran in:  13.967996597290039
Exciton, frame 32 ran in:  14.31494688987732
Exciton, frame 33 ran in:  14.565405130386353
Exciton, frame 34 ran in:  14.18172550201416
Exciton, frame 35 ran in:  13.709456205368042
Exciton, frame 36 ran in:  13.845727443695068
Exciton, frame 37 ran in:  14.14582371711731
Exciton, frame 38 ran in:  13.669461965560913
Exciton, frame 39 ran in:  13.769147872924805
Exciton, frame 40 ran in:  13.84251618385315
Exciton, frame 41 ran in:  14.081218719482422
Exciton, frame 42 ran in:  13.722151756286621
Exciton, frame 43 ran in:  13.931775093078613
Exciton, frame 44 ran in:  13.87041163444519
Exciton, frame 45 ran in:  14.783252954483032
Exciton, frame 46 ran in:  14.231184244155884
Exciton, frame 47 ran in:  14.740225315093994
Exciton, frame 48 ran in:  14.916020631790161
Exciton, frame 49 ran in:  13.853718519210815
Exciton, frame 50 ran in:  13.892935276031494
Exciton, frame 51 ran in:  13.943928480148315
Exciton, frame 52 ran in:  13.797929048538208
Exciton, frame 53 ran in:  13.634235620498657
Exciton, frame 54 ran in:  13.81559944152832
Exciton, frame 55 ran in:  13.806343078613281
Exciton, frame 56 ran in:  13.784095525741577
Exciton, frame 57 ran in:  13.623329162597656
Exciton, frame 58 ran in:  14.078760623931885
Exciton, frame 59 ran in:  14.069511651992798
Exciton, frame 60 ran in:  13.993409872055054
Exciton, frame 61 ran in:  14.215835571289062
Exciton, frame 62 ran in:  13.729858160018921
Exciton, frame 63 ran in:  13.766886949539185
Exciton, frame 64 ran in:  13.68877911567688
Exciton, frame 65 ran in:  13.78879427909851
Exciton, frame 66 ran in:  13.73305630683899
Exciton, frame 67 ran in:  14.352927684783936
Exciton, frame 68 ran in:  13.776751041412354
Exciton, frame 69 ran in:  13.897793292999268
Exciton, frame 70 ran in:  14.405046224594116
Exciton, frame 71 ran in:  14.038066864013672
Exciton, frame 72 ran in:  13.631081342697144
Exciton, frame 73 ran in:  13.917253971099854
Exciton, frame 74 ran in:  14.840780019760132
Exciton, frame 75 ran in:  13.960289716720581
Exciton, frame 76 ran in:  13.631051063537598
Exciton, frame 77 ran in:  13.66407585144043
Exciton, frame 78 ran in:  14.174662828445435
Exciton, frame 79 ran in:  13.722593307495117
Exciton, frame 80 ran in:  14.129488229751587
Exciton, frame 81 ran in:  14.091198682785034
Exciton, frame 82 ran in:  14.150127172470093
Exciton, frame 83 ran in:  13.89424467086792
Exciton, frame 84 ran in:  14.41763710975647
Exciton, frame 85 ran in:  14.976855516433716
Exciton, frame 86 ran in:  14.148333549499512
Exciton, frame 87 ran in:  14.642611265182495
Exciton, frame 88 ran in:  14.041766166687012
Exciton, frame 89 ran in:  13.917021036148071
Exciton, frame 90 ran in:  13.977829694747925
Exciton, frame 91 ran in:  13.852292776107788
Exciton, frame 92 ran in:  14.046412467956543
Exciton, frame 93 ran in:  13.87149429321289
Exciton, frame 94 ran in:  14.789386987686157
Exciton, frame 95 ran in:  14.082907438278198
Exciton, frame 96 ran in:  14.336832523345947
Exciton, frame 97 ran in:  13.837290287017822
Exciton, frame 98 ran in:  13.870641469955444
Exciton, frame 99 ran in:  13.897205591201782
Exciton, frame 100 ran in:  14.236467123031616
Exciton, frame 101 ran in:  13.773482322692871
Exciton, frame 102 ran in:  14.065380811691284
Exciton, frame 103 ran in:  14.053016424179077
Exciton, frame 104 ran in:  13.941326141357422
Exciton, frame 105 ran in:  13.925801753997803
Exciton, frame 106 ran in:  13.945495367050171
Exciton, frame 107 ran in:  13.994506597518921
Exciton, frame 108 ran in:  14.037295579910278
Exciton, frame 109 ran in:  13.964507818222046
Exciton, frame 110 ran in:  13.784300565719604
Exciton, frame 111 ran in:  13.8271324634552
Exciton, frame 112 ran in:  14.089947700500488
Exciton, frame 113 ran in:  14.606158018112183
Exciton, frame 114 ran in:  13.853060483932495
Exciton, frame 115 ran in:  14.017068862915039
Exciton, frame 116 ran in:  14.20267128944397
Exciton, frame 117 ran in:  14.30284595489502
Exciton, frame 118 ran in:  13.84216856956482
Exciton, frame 119 ran in:  14.30454683303833
Exciton, frame 120 ran in:  14.269526243209839
Exciton, frame 121 ran in:  13.730781555175781
Exciton, frame 122 ran in:  13.839825630187988
Exciton, frame 123 ran in:  13.96081805229187
Exciton, frame 124 ran in:  14.524938583374023
Exciton, frame 125 ran in:  14.520203828811646
Exciton, frame 126 ran in:  14.06938123703003
Exciton, frame 127 ran in:  13.863746643066406
Exciton, frame 128 ran in:  14.51013970375061
Exciton, frame 129 ran in:  14.488175630569458
Exciton, frame 130 ran in:  14.46545147895813
Exciton, frame 131 ran in:  14.153446674346924
Exciton, frame 132 ran in:  14.057388544082642
Exciton, frame 133 ran in:  14.076592445373535
Exciton, frame 134 ran in:  14.041680812835693
Exciton, frame 135 ran in:  13.898171424865723
Exciton, frame 136 ran in:  14.004921436309814
Exciton, frame 137 ran in:  14.450551986694336
Exciton, frame 138 ran in:  14.047594785690308
Exciton, frame 139 ran in:  14.020478963851929
Exciton, frame 140 ran in:  14.062281131744385
Exciton, frame 141 ran in:  14.184122085571289
Exciton, frame 142 ran in:  13.75456976890564
Exciton, frame 143 ran in:  14.495931148529053
Exciton, frame 144 ran in:  14.570694208145142
Exciton, frame 145 ran in:  14.074438095092773
Exciton, frame 146 ran in:  13.95260763168335
Exciton, frame 147 ran in:  14.366005420684814
Exciton, frame 148 ran in:  14.151841402053833
Exciton, frame 149 ran in:  13.773571014404297
Exciton, frame 150 ran in:  14.486926317214966
Exciton, frame 151 ran in:  14.350280523300171
Exciton, frame 152 ran in:  13.86817479133606
Exciton, frame 153 ran in:  13.888492584228516
Exciton, frame 154 ran in:  13.76933240890503
Exciton, frame 155 ran in:  14.025132179260254
Exciton, frame 156 ran in:  13.928233861923218
Exciton, frame 157 ran in:  14.434091567993164
Exciton, frame 158 ran in:  14.027923822402954
Exciton, frame 159 ran in:  13.88479471206665
Exciton, frame 160 ran in:  13.942171573638916
Exciton, frame 161 ran in:  13.85330843925476
Exciton, frame 162 ran in:  13.74703598022461
Exciton, frame 163 ran in:  13.870051383972168
Exciton, frame 164 ran in:  13.763554573059082
Exciton, frame 165 ran in:  13.856667518615723
Exciton, frame 166 ran in:  14.440393686294556
Exciton, frame 167 ran in:  14.343849658966064
Exciton, frame 168 ran in:  14.009093523025513
Exciton, frame 169 ran in:  14.909704685211182
Exciton, frame 170 ran in:  13.990855693817139
Exciton, frame 171 ran in:  13.777162790298462
Exciton, frame 172 ran in:  13.776976585388184
Exciton, frame 173 ran in:  13.80733036994934
Exciton, frame 174 ran in:  13.76271367073059
Exciton, frame 175 ran in:  13.938874959945679
Exciton, frame 176 ran in:  13.591724634170532
Exciton, frame 177 ran in:  13.640615224838257
Exciton, frame 178 ran in:  13.818732261657715
Exciton, frame 179 ran in:  14.027117490768433
Exciton, frame 180 ran in:  14.030737400054932
Exciton, frame 181 ran in:  14.242153644561768
Exciton, frame 182 ran in:  14.255577325820923
Exciton, frame 183 ran in:  13.832626819610596
Exciton, frame 184 ran in:  13.75297737121582
Exciton, frame 185 ran in:  13.789766550064087
Exciton, frame 186 ran in:  13.645362377166748
Exciton, frame 187 ran in:  13.670969247817993
Exciton, frame 188 ran in:  13.799091100692749
Exciton, frame 189 ran in:  13.658370971679688
Exciton, frame 190 ran in:  13.842024326324463
Exciton, frame 191 ran in:  14.202420234680176
Exciton, frame 192 ran in:  14.050380945205688
Exciton, frame 193 ran in:  13.916994333267212
Exciton, frame 194 ran in:  13.806668758392334
Exciton, frame 195 ran in:  13.67930293083191
Exciton, frame 196 ran in:  14.504663944244385
Exciton, frame 197 ran in:  13.814560413360596
Exciton, frame 198 ran in:  13.820256471633911
Exciton, frame 199 ran in:  13.773277282714844
Exciton, frame 200 ran in:  14.051912546157837
Exciton, frame 201 ran in:  13.924145698547363
Exciton, frame 202 ran in:  14.216289758682251
Exciton, frame 203 ran in:  13.90240216255188
Exciton, frame 204 ran in:  13.919686079025269
Exciton, frame 205 ran in:  13.902487993240356
Exciton, frame 206 ran in:  14.997143983840942
Exciton, frame 207 ran in:  13.775033712387085
Exciton, frame 208 ran in:  13.906240701675415
Exciton, frame 209 ran in:  14.82054877281189
Exciton, frame 210 ran in:  14.036173582077026
Exciton, frame 211 ran in:  13.999737024307251
Exciton, frame 212 ran in:  14.45887303352356
Exciton, frame 213 ran in:  14.153928279876709
Exciton, frame 214 ran in:  13.96511721611023
Exciton, frame 215 ran in:  14.231627941131592
Exciton, frame 216 ran in:  13.85159683227539
Exciton, frame 217 ran in:  13.6906156539917
Exciton, frame 218 ran in:  15.040395021438599
Exciton, frame 219 ran in:  14.28489089012146
Exciton, frame 220 ran in:  14.000991821289062
Exciton, frame 221 ran in:  14.10753345489502
Exciton, frame 222 ran in:  13.575078248977661
Exciton, frame 223 ran in:  14.078519582748413
Exciton, frame 224 ran in:  14.106717586517334
Exciton, frame 225 ran in:  14.187177419662476
Exciton, frame 226 ran in:  14.270719289779663
Exciton, frame 227 ran in:  14.331730365753174
Exciton, frame 228 ran in:  14.840521097183228
Exciton, frame 229 ran in:  14.200056552886963
Exciton, frame 230 ran in:  14.273849248886108
Exciton, frame 231 ran in:  14.518896102905273
Exciton, frame 232 ran in:  14.096105098724365
Exciton, frame 233 ran in:  13.922796964645386
Exciton, frame 234 ran in:  13.844218969345093
Exciton, frame 235 ran in:  13.712862253189087
Exciton, frame 236 ran in:  14.023115873336792
Exciton, frame 237 ran in:  14.168162822723389
Exciton, frame 238 ran in:  14.496708154678345
Exciton, frame 239 ran in:  14.025307655334473
Exciton, frame 240 ran in:  14.061816215515137
Exciton, frame 241 ran in:  14.057388305664062
Exciton, frame 242 ran in:  13.886986255645752
Exciton, frame 243 ran in:  13.878783941268921
Exciton, frame 244 ran in:  13.571837663650513
Exciton, frame 245 ran in:  14.090985536575317
Exciton, frame 246 ran in:  13.974720239639282
Exciton, frame 247 ran in:  13.995539903640747
Exciton, frame 248 ran in:  14.660852193832397
Exciton, frame 249 ran in:  13.891895532608032
Exciton, frame 250 ran in:  13.90792465209961
Exciton, frame 251 ran in:  14.960645198822021
Exciton, frame 252 ran in:  14.058390617370605
Exciton, frame 253 ran in:  13.87243390083313
Exciton, frame 254 ran in:  13.869923114776611
Exciton, frame 255 ran in:  13.827594518661499
Exciton, frame 256 ran in:  13.867582321166992
Exciton, frame 257 ran in:  13.918342113494873
Exciton, frame 258 ran in:  13.972954750061035
Exciton, frame 259 ran in:  13.830003261566162
Exciton, frame 260 ran in:  13.90346360206604
Exciton, frame 261 ran in:  13.767980813980103
Exciton, frame 262 ran in:  13.671696186065674
Exciton, frame 263 ran in:  14.668901681900024
Exciton, frame 264 ran in:  14.481727600097656
Exciton, frame 265 ran in:  14.002641439437866
Exciton, frame 266 ran in:  13.95114517211914
Exciton, frame 267 ran in:  13.878459453582764
Exciton, frame 268 ran in:  13.749068975448608
Exciton, frame 269 ran in:  14.050095319747925
Exciton, frame 270 ran in:  14.126775979995728
Exciton, frame 271 ran in:  14.003650903701782
Exciton, frame 272 ran in:  14.21154499053955
Exciton, frame 273 ran in:  14.532436609268188
Exciton, frame 274 ran in:  13.980545282363892
Exciton, frame 275 ran in:  13.976069927215576
Exciton, frame 276 ran in:  14.019649744033813
Exciton, frame 277 ran in:  14.49196720123291
Exciton, frame 278 ran in:  14.119507551193237
Exciton, frame 279 ran in:  14.66381025314331
Exciton, frame 280 ran in:  14.57708477973938
Exciton, frame 281 ran in:  14.08554196357727
Exciton, frame 282 ran in:  14.278429985046387
Exciton, frame 283 ran in:  13.797004222869873
Exciton, frame 284 ran in:  13.728838920593262
Exciton, frame 285 ran in:  14.302512645721436
Exciton, frame 286 ran in:  13.7843337059021
Exciton, frame 287 ran in:  13.909108877182007
Exciton, frame 288 ran in:  13.875252962112427
Exciton, frame 289 ran in:  13.776894807815552
Exciton, frame 290 ran in:  13.729666233062744
Exciton, frame 291 ran in:  14.151110887527466
Exciton, frame 292 ran in:  14.018701314926147
Exciton, frame 293 ran in:  15.087122440338135
Exciton, frame 294 ran in:  13.795331954956055
Exciton, frame 295 ran in:  13.72691035270691
Exciton, frame 296 ran in:  13.979490518569946
Exciton, frame 297 ran in:  13.869024276733398
Exciton, frame 298 ran in:  13.884775638580322
Exciton, frame 299 ran in:  14.282119035720825
Exciton, frame 300 ran in:  13.876788854598999
Exciton, frame 301 ran in:  14.197421550750732
Exciton, frame 302 ran in:  14.738971471786499
Exciton, frame 303 ran in:  13.868794918060303
Exciton, frame 304 ran in:  14.006550073623657
Exciton, frame 305 ran in:  13.987509727478027
Exciton, frame 306 ran in:  13.95190143585205
Exciton, frame 307 ran in:  13.942103147506714
Exciton, frame 308 ran in:  13.918270826339722
Exciton, frame 309 ran in:  13.813358783721924
Exciton, frame 310 ran in:  14.236660718917847
Exciton, frame 311 ran in:  14.5647292137146
Exciton, frame 312 ran in:  13.83830213546753
Exciton, frame 313 ran in:  14.882909536361694
Exciton, frame 314 ran in:  13.851279497146606
Exciton, frame 315 ran in:  13.843588829040527
Exciton, frame 316 ran in:  14.24207353591919
Exciton, frame 317 ran in:  13.796443223953247
Exciton, frame 318 ran in:  14.311958312988281
Exciton, frame 319 ran in:  14.172071695327759
Exciton, frame 320 ran in:  14.461443901062012
Exciton, frame 321 ran in:  14.189186573028564
Exciton, frame 322 ran in:  13.83423113822937
Exciton, frame 323 ran in:  14.348578453063965
Exciton, frame 324 ran in:  14.320284366607666
Exciton, frame 325 ran in:  13.939695358276367
Exciton, frame 326 ran in:  13.867916107177734
Exciton, frame 327 ran in:  14.03308916091919
Exciton, frame 328 ran in:  13.745530366897583
Exciton, frame 329 ran in:  13.944249629974365
Exciton, frame 330 ran in:  14.550487756729126
Exciton, frame 331 ran in:  13.997571229934692
Exciton, frame 332 ran in:  13.847877502441406
Exciton, frame 333 ran in:  14.035353422164917
Exciton, frame 334 ran in:  13.849267721176147
Exciton, frame 335 ran in:  14.201135396957397
Exciton, frame 336 ran in:  14.459659337997437
Exciton, frame 337 ran in:  14.455813884735107
Exciton, frame 338 ran in:  14.051991701126099
Exciton, frame 339 ran in:  14.629226207733154
Exciton, frame 340 ran in:  13.91015362739563
Exciton, frame 341 ran in:  14.259355306625366
Exciton, frame 342 ran in:  13.772796630859375
Exciton, frame 343 ran in:  13.677462100982666
Exciton, frame 344 ran in:  13.691112756729126
Exciton, frame 345 ran in:  14.394155740737915
Exciton, frame 346 ran in:  13.977808475494385
Exciton, frame 347 ran in:  13.88955807685852
Exciton, frame 348 ran in:  13.948663711547852
Exciton, frame 349 ran in:  14.140641689300537
Exciton, frame 350 ran in:  13.647349834442139
Exciton, frame 351 ran in:  14.666064500808716
Exciton, frame 352 ran in:  14.133748531341553
Exciton, frame 353 ran in:  13.695140600204468
Exciton, frame 354 ran in:  13.787977933883667
Exciton, frame 355 ran in:  13.837087631225586
Exciton, frame 356 ran in:  13.970686912536621
Exciton, frame 357 ran in:  14.50474214553833
Exciton, frame 358 ran in:  13.716779232025146
Exciton, frame 359 ran in:  13.750834465026855
Exciton, frame 360 ran in:  14.295051336288452
Exciton, frame 361 ran in:  13.848840475082397
Exciton, frame 362 ran in:  14.265782833099365
Exciton, frame 363 ran in:  13.97679328918457
Exciton, frame 364 ran in:  13.751416683197021
Exciton, frame 365 ran in:  13.84027647972107
Exciton, frame 366 ran in:  13.806275367736816
Exciton, frame 367 ran in:  13.944992065429688
Exciton, frame 368 ran in:  14.47409176826477
Exciton, frame 369 ran in:  14.272363424301147
Exciton, frame 370 ran in:  13.956385374069214
Exciton, frame 371 ran in:  14.132556676864624
Exciton, frame 372 ran in:  14.290602922439575
Exciton, frame 373 ran in:  13.830179214477539
Exciton, frame 374 ran in:  13.967078924179077
Exciton, frame 375 ran in:  13.86644697189331
Exciton, frame 376 ran in:  13.934009790420532
Exciton, frame 377 ran in:  13.777139902114868
Exciton, frame 378 ran in:  13.940599203109741
Exciton, frame 379 ran in:  14.249666690826416
Exciton, frame 380 ran in:  13.866426944732666
Exciton, frame 381 ran in:  13.980278968811035
Exciton, frame 382 ran in:  14.052412748336792
Exciton, frame 383 ran in:  14.342275381088257
Exciton, frame 384 ran in:  15.042470455169678
Exciton, frame 385 ran in:  14.19403076171875
Exciton, frame 386 ran in:  14.501888036727905
Exciton, frame 387 ran in:  14.163767576217651
Exciton, frame 388 ran in:  14.233384609222412
Exciton, frame 389 ran in:  14.160455226898193
Exciton, frame 390 ran in:  13.931261777877808
Exciton, frame 391 ran in:  13.809237241744995
Exciton, frame 392 ran in:  14.042844533920288
Exciton, frame 393 ran in:  13.938965559005737
Exciton, frame 394 ran in:  13.721396446228027
Exciton, frame 395 ran in:  13.663243532180786
Exciton, frame 396 ran in:  13.689622640609741
Exciton, frame 397 ran in:  14.52333402633667
Exciton, frame 398 ran in:  14.526097059249878
Exciton, frame 399 ran in:  15.399338960647583
Exciton, frame 400 ran in:  14.218164205551147
Exciton, frame 401 ran in:  13.677940368652344
Exciton, frame 402 ran in:  13.976253509521484
Exciton, frame 403 ran in:  13.951600551605225
Exciton, frame 404 ran in:  14.652488470077515
Exciton, frame 405 ran in:  13.641986846923828
Exciton, frame 406 ran in:  13.998878002166748
Exciton, frame 407 ran in:  14.027498960494995
Exciton, frame 408 ran in:  13.710582256317139
Exciton, frame 409 ran in:  14.46528673171997
Exciton, frame 410 ran in:  13.956284761428833
Exciton, frame 411 ran in:  13.804647445678711
Exciton, frame 412 ran in:  13.806892395019531
Exciton, frame 413 ran in:  14.38113021850586
Exciton, frame 414 ran in:  13.869797945022583
Exciton, frame 415 ran in:  13.736972093582153
Exciton, frame 416 ran in:  14.194199085235596
Exciton, frame 417 ran in:  14.079172372817993
Exciton, frame 418 ran in:  13.918646574020386
Exciton, frame 419 ran in:  13.790994882583618
Exciton, frame 420 ran in:  13.908392667770386
Exciton, frame 421 ran in:  13.8706374168396
Exciton, frame 422 ran in:  13.942876100540161
Exciton, frame 423 ran in:  14.030549764633179
Exciton, frame 424 ran in:  14.19709300994873
Exciton, frame 425 ran in:  15.180266380310059
Exciton, frame 426 ran in:  14.085858345031738
Exciton, frame 427 ran in:  13.724426746368408
Exciton, frame 428 ran in:  14.002554655075073
Exciton, frame 429 ran in:  14.478244066238403
Exciton, frame 430 ran in:  13.930405855178833
Exciton, frame 431 ran in:  14.927982330322266
Exciton, frame 432 ran in:  14.30608344078064
Exciton, frame 433 ran in:  13.796154499053955
Exciton, frame 434 ran in:  13.900813579559326
Exciton, frame 435 ran in:  13.65440821647644
Exciton, frame 436 ran in:  13.921953201293945
Exciton, frame 437 ran in:  13.965330600738525
Exciton, frame 438 ran in:  13.994263648986816
Exciton, frame 439 ran in:  14.624214172363281
Exciton, frame 440 ran in:  13.927626609802246
Exciton, frame 441 ran in:  13.989781856536865
Exciton, frame 442 ran in:  14.393126964569092
Exciton, frame 443 ran in:  13.786049842834473
Exciton, frame 444 ran in:  13.774598836898804
Exciton, frame 445 ran in:  14.003153085708618
Exciton, frame 446 ran in:  14.43535590171814
Exciton, frame 447 ran in:  13.83109712600708
Exciton, frame 448 ran in:  13.932497501373291
Exciton, frame 449 ran in:  14.074776649475098
Exciton, frame 450 ran in:  13.869305849075317
Exciton, frame 451 ran in:  13.711743116378784
Exciton, frame 452 ran in:  14.357946634292603
Exciton, frame 453 ran in:  13.950572729110718
Exciton, frame 454 ran in:  14.090338706970215
Exciton, frame 455 ran in:  14.00988483428955
Exciton, frame 456 ran in:  14.094464302062988
Exciton, frame 457 ran in:  13.708998203277588
Exciton, frame 458 ran in:  13.677412986755371
Exciton, frame 459 ran in:  13.862220287322998
Exciton, frame 460 ran in:  13.71193242073059
Exciton, frame 461 ran in:  13.733166933059692
Exciton, frame 462 ran in:  13.715101480484009
Exciton, frame 463 ran in:  13.835355281829834
Exciton, frame 464 ran in:  13.85109567642212
Exciton, frame 465 ran in:  14.877671003341675
Exciton, frame 466 ran in:  13.995693922042847
Exciton, frame 467 ran in:  14.049503564834595
Exciton, frame 468 ran in:  14.384212732315063
Exciton, frame 469 ran in:  13.802137851715088
Exciton, frame 470 ran in:  14.020234107971191
Exciton, frame 471 ran in:  14.115167140960693
Exciton, frame 472 ran in:  13.993594408035278
Exciton, frame 473 ran in:  14.021258115768433
Exciton, frame 474 ran in:  13.89212679862976
Exciton, frame 475 ran in:  13.711798667907715
Exciton, frame 476 ran in:  13.964014291763306
Exciton, frame 477 ran in:  13.777079343795776
Exciton, frame 478 ran in:  13.517021894454956
Exciton, frame 479 ran in:  13.735928297042847
Exciton, frame 480 ran in:  14.181452512741089
Exciton, frame 481 ran in:  13.717603206634521
Exciton, frame 482 ran in:  13.745798349380493
Exciton, frame 483 ran in:  13.923230409622192
Exciton, frame 484 ran in:  13.844259977340698
Exciton, frame 485 ran in:  14.036341428756714
Exciton, frame 486 ran in:  13.785571575164795
Exciton, frame 487 ran in:  14.502997875213623
Exciton, frame 488 ran in:  13.885027885437012
Exciton, frame 489 ran in:  14.258474111557007
Exciton, frame 490 ran in:  14.043332576751709
Exciton, frame 491 ran in:  13.793373107910156
Exciton, frame 492 ran in:  14.190789461135864
Exciton, frame 493 ran in:  13.671945571899414
Exciton, frame 494 ran in:  14.345234632492065
Exciton, frame 495 ran in:  13.669628858566284
Exciton, frame 496 ran in:  13.633724927902222
Exciton, frame 497 ran in:  13.81279706954956
Exciton, frame 498 ran in:  14.020447969436646
Exciton, frame 499 ran in:  14.174502611160278
Exciton, frame 500 ran in:  14.326661586761475
Exciton, frame 501 ran in:  14.026238203048706
Exciton, frame 502 ran in:  14.39920973777771
Exciton, frame 503 ran in:  13.76508092880249
Exciton, frame 504 ran in:  13.89635419845581
Exciton, frame 505 ran in:  13.860346555709839
Exciton, frame 506 ran in:  13.923825025558472
Exciton, frame 507 ran in:  13.80338168144226
Exciton, frame 508 ran in:  15.07907509803772
Exciton, frame 509 ran in:  14.135236740112305
Exciton, frame 510 ran in:  14.08904218673706
Exciton, frame 511 ran in:  13.985559940338135
Exciton, frame 512 ran in:  14.707801103591919
Exciton, frame 513 ran in:  14.60045862197876
Exciton, frame 514 ran in:  13.753600835800171
Exciton, frame 515 ran in:  13.701034545898438
Exciton, frame 516 ran in:  13.819740056991577
Exciton, frame 517 ran in:  13.732150077819824
Exciton, frame 518 ran in:  13.778231859207153
Exciton, frame 519 ran in:  13.930427074432373
Exciton, frame 520 ran in:  13.83113718032837
Exciton, frame 521 ran in:  13.968234777450562
Exciton, frame 522 ran in:  13.694844722747803
Exciton, frame 523 ran in:  13.838391065597534
Exciton, frame 524 ran in:  14.479645729064941
Exciton, frame 525 ran in:  14.11342477798462
Exciton, frame 526 ran in:  13.773891925811768
Exciton, frame 527 ran in:  13.754217624664307
Exciton, frame 528 ran in:  14.190619707107544
Exciton, frame 529 ran in:  13.720888137817383
Exciton, frame 530 ran in:  13.945737838745117
Exciton, frame 531 ran in:  13.895952224731445
Exciton, frame 532 ran in:  13.949241399765015
Exciton, frame 533 ran in:  14.016790628433228
Exciton, frame 534 ran in:  14.262505292892456
Exciton, frame 535 ran in:  13.861443519592285
Exciton, frame 536 ran in:  13.744737148284912
Exciton, frame 537 ran in:  13.900326013565063
Exciton, frame 538 ran in:  13.989432096481323
Exciton, frame 539 ran in:  13.953978538513184
Exciton, frame 540 ran in:  14.157435655593872
Exciton, frame 541 ran in:  14.506931781768799
Exciton, frame 542 ran in:  13.930333852767944
Exciton, frame 543 ran in:  14.56051254272461
Exciton, frame 544 ran in:  14.157109498977661
Exciton, frame 545 ran in:  13.87360954284668
Exciton, frame 546 ran in:  14.36329960823059
Exciton, frame 547 ran in:  14.613292932510376
Exciton, frame 548 ran in:  14.16569995880127
Exciton, frame 549 ran in:  13.850449562072754
Exciton, frame 550 ran in:  14.178051233291626
Exciton, frame 551 ran in:  14.302842140197754
Exciton, frame 552 ran in:  13.912912607192993
Exciton, frame 553 ran in:  13.872014045715332
Exciton, frame 554 ran in:  14.175284147262573
Exciton, frame 555 ran in:  14.002559661865234
Exciton, frame 556 ran in:  13.985589742660522
Exciton, frame 557 ran in:  14.093317985534668
Exciton, frame 558 ran in:  13.813816785812378
Exciton, frame 559 ran in:  14.347658395767212
Exciton, frame 560 ran in:  13.958563566207886
Exciton, frame 561 ran in:  13.800584316253662
Exciton, frame 562 ran in:  13.835685968399048
Exciton, frame 563 ran in:  14.173322439193726
Exciton, frame 564 ran in:  13.802994012832642
Exciton, frame 565 ran in:  13.998996496200562
Exciton, frame 566 ran in:  13.930930852890015
Exciton, frame 567 ran in:  13.953253507614136
Exciton, frame 568 ran in:  13.913644313812256
Exciton, frame 569 ran in:  13.814832210540771
Exciton, frame 570 ran in:  14.549389362335205
Exciton, frame 571 ran in:  14.10696530342102
Exciton, frame 572 ran in:  14.430816650390625
Exciton, frame 573 ran in:  13.987263202667236
Exciton, frame 574 ran in:  13.757861614227295
Exciton, frame 575 ran in:  13.968419790267944
Exciton, frame 576 ran in:  13.87348222732544
Exciton, frame 577 ran in:  13.762414693832397
Exciton, frame 578 ran in:  13.805513858795166
Exciton, frame 579 ran in:  13.713139295578003
Exciton, frame 580 ran in:  13.65205693244934
Exciton, frame 581 ran in:  13.823688983917236
Exciton, frame 582 ran in:  13.901784420013428
Exciton, frame 583 ran in:  13.835347890853882
Exciton, frame 584 ran in:  13.917881965637207
Exciton, frame 585 ran in:  14.97987151145935
Exciton, frame 586 ran in:  13.950538396835327
Exciton, frame 587 ran in:  14.139765977859497
Exciton, frame 588 ran in:  13.905172109603882
Exciton, frame 589 ran in:  13.795563220977783
Exciton, frame 590 ran in:  14.598084449768066
Exciton, frame 591 ran in:  13.910857439041138
Exciton, frame 592 ran in:  14.208684921264648
Exciton, frame 593 ran in:  13.836026430130005
Exciton, frame 594 ran in:  14.26380729675293
Exciton, frame 595 ran in:  13.863199949264526
Exciton, frame 596 ran in:  14.003795385360718
Exciton, frame 597 ran in:  13.965467929840088
Exciton, frame 598 ran in:  13.858004331588745
Exciton, frame 599 ran in:  13.902425527572632
Exciton, frame 600 ran in:  13.907511234283447
Exciton, frame 601 ran in:  13.86586880683899
Exciton, frame 602 ran in:  13.815712451934814
Exciton, frame 603 ran in:  13.80160117149353
Exciton, frame 604 ran in:  14.732181787490845
Exciton, frame 605 ran in:  14.320297241210938
Exciton, frame 606 ran in:  13.93314528465271
Exciton, frame 607 ran in:  13.85940408706665
Exciton, frame 608 ran in:  13.98184323310852
Exciton, frame 609 ran in:  13.911399841308594
Exciton, frame 610 ran in:  13.900254249572754
Exciton, frame 611 ran in:  13.90630841255188
Exciton, frame 612 ran in:  13.81836748123169
Exciton, frame 613 ran in:  13.866744041442871
Exciton, frame 614 ran in:  14.228127717971802
Exciton, frame 615 ran in:  13.92961597442627
Exciton, frame 616 ran in:  13.953883171081543
Exciton, frame 617 ran in:  13.777864933013916
Exciton, frame 618 ran in:  13.854324102401733
Exciton, frame 619 ran in:  13.814606428146362
Exciton, frame 620 ran in:  14.340322732925415
Exciton, frame 621 ran in:  14.041375160217285
Exciton, frame 622 ran in:  14.036160945892334
Exciton, frame 623 ran in:  14.069886922836304
Exciton, frame 624 ran in:  13.947327852249146
Exciton, frame 625 ran in:  14.571933269500732
Exciton, frame 626 ran in:  13.91052770614624
Exciton, frame 627 ran in:  13.740927457809448
Exciton, frame 628 ran in:  13.747548341751099
Exciton, frame 629 ran in:  14.209572792053223
Exciton, frame 630 ran in:  13.93605089187622
Exciton, frame 631 ran in:  13.990804195404053
Exciton, frame 632 ran in:  13.932832479476929
Exciton, frame 633 ran in:  13.808043241500854
Exciton, frame 634 ran in:  13.888477087020874
Exciton, frame 635 ran in:  13.83135724067688
Exciton, frame 636 ran in:  14.617665529251099
Exciton, frame 637 ran in:  14.621655464172363
Exciton, frame 638 ran in:  14.538060665130615
Exciton, frame 639 ran in:  14.828928709030151
Exciton, frame 640 ran in:  13.94652271270752
Exciton, frame 641 ran in:  13.79163408279419
Exciton, frame 642 ran in:  13.72926378250122
Exciton, frame 643 ran in:  13.710171937942505
Exciton, frame 644 ran in:  14.184943199157715
Exciton, frame 645 ran in:  13.925971269607544
Exciton, frame 646 ran in:  14.016250610351562
Exciton, frame 647 ran in:  13.672637939453125
Exciton, frame 648 ran in:  13.913987874984741
Exciton, frame 649 ran in:  13.766596555709839
Exciton, frame 650 ran in:  13.77664828300476
Exciton, frame 651 ran in:  14.619586944580078
Exciton, frame 652 ran in:  13.82758617401123
Exciton, frame 653 ran in:  14.21660327911377
Exciton, frame 654 ran in:  14.033760786056519
Exciton, frame 655 ran in:  14.221505880355835
Exciton, frame 656 ran in:  14.162307500839233
Exciton, frame 657 ran in:  13.921684980392456
Exciton, frame 658 ran in:  14.26123332977295
Exciton, frame 659 ran in:  13.770220041275024
Exciton, frame 660 ran in:  14.361593961715698
Exciton, frame 661 ran in:  14.705782175064087
Exciton, frame 662 ran in:  14.040085077285767
Exciton, frame 663 ran in:  13.781761646270752
Exciton, frame 664 ran in:  13.794653415679932
Exciton, frame 665 ran in:  14.73788833618164
Exciton, frame 666 ran in:  14.045544862747192
Exciton, frame 667 ran in:  13.759580612182617
Exciton, frame 668 ran in:  14.509230852127075
Exciton, frame 669 ran in:  14.082932710647583
Exciton, frame 670 ran in:  13.814607858657837
Exciton, frame 671 ran in:  14.12337875366211
Exciton, frame 672 ran in:  13.786691427230835
Exciton, frame 673 ran in:  14.649732112884521
Exciton, frame 674 ran in:  13.906763792037964
Exciton, frame 675 ran in:  13.88038682937622
Exciton, frame 676 ran in:  13.969571352005005
Exciton, frame 677 ran in:  13.950045108795166
Exciton, frame 678 ran in:  14.486390352249146
Exciton, frame 679 ran in:  14.30659532546997
Exciton, frame 680 ran in:  14.156512260437012
Exciton, frame 681 ran in:  13.888152122497559
Exciton, frame 682 ran in:  13.695601224899292
Exciton, frame 683 ran in:  13.88766598701477
Exciton, frame 684 ran in:  13.996486902236938
Exciton, frame 685 ran in:  14.743913412094116
Exciton, frame 686 ran in:  14.97020936012268
Exciton, frame 687 ran in:  14.340490579605103
Exciton, frame 688 ran in:  13.863509178161621
Exciton, frame 689 ran in:  13.833218097686768
Exciton, frame 690 ran in:  13.841169118881226
Exciton, frame 691 ran in:  14.060898303985596
Exciton, frame 692 ran in:  13.92018437385559
Exciton, frame 693 ran in:  14.193544149398804
Exciton, frame 694 ran in:  13.845361471176147
Exciton, frame 695 ran in:  14.016133546829224
Exciton, frame 696 ran in:  14.35141110420227
Exciton, frame 697 ran in:  13.788463592529297
Exciton, frame 698 ran in:  14.729991912841797
Exciton, frame 699 ran in:  14.093595266342163
Exciton, frame 700 ran in:  14.511148929595947
Exciton, frame 701 ran in:  14.092612266540527
Exciton, frame 702 ran in:  13.582719326019287
Exciton, frame 703 ran in:  14.907847881317139
Exciton, frame 704 ran in:  14.43068265914917
Exciton, frame 705 ran in:  13.867540836334229
Exciton, frame 706 ran in:  13.995673418045044
Exciton, frame 707 ran in:  14.110026597976685
Exciton, frame 708 ran in:  13.968098878860474
Exciton, frame 709 ran in:  13.879081726074219
Exciton, frame 710 ran in:  14.033506155014038
Exciton, frame 711 ran in:  14.041344404220581
Exciton, frame 712 ran in:  13.919196128845215
Exciton, frame 713 ran in:  13.734013557434082
Exciton, frame 714 ran in:  14.597292423248291
Exciton, frame 715 ran in:  13.929659605026245
Exciton, frame 716 ran in:  14.016423463821411
Exciton, frame 717 ran in:  13.914786577224731
Exciton, frame 718 ran in:  13.799431324005127
Exciton, frame 719 ran in:  14.507213354110718
Exciton, frame 720 ran in:  13.71552038192749
Exciton, frame 721 ran in:  14.075170755386353
Exciton, frame 722 ran in:  14.464998006820679
Exciton, frame 723 ran in:  14.356510162353516
Exciton, frame 724 ran in:  13.495436668395996
Exciton, frame 725 ran in:  13.668143272399902
Exciton, frame 726 ran in:  14.5354642868042
Exciton, frame 727 ran in:  13.769898176193237
Exciton, frame 728 ran in:  14.208213329315186
Exciton, frame 729 ran in:  14.172046899795532
Exciton, frame 730 ran in:  15.109151363372803
Exciton, frame 731 ran in:  13.824950695037842
Exciton, frame 732 ran in:  13.706848859786987
Exciton, frame 733 ran in:  13.837013006210327
Exciton, frame 734 ran in:  14.137455940246582
Exciton, frame 735 ran in:  13.870957136154175
Exciton, frame 736 ran in:  14.292632102966309
Exciton, frame 737 ran in:  14.039796352386475
Exciton, frame 738 ran in:  14.71125340461731
Exciton, frame 739 ran in:  13.775418758392334
Exciton, frame 740 ran in:  13.942859172821045
Exciton, frame 741 ran in:  13.894675731658936
Exciton, frame 742 ran in:  13.774042129516602
Exciton, frame 743 ran in:  14.546794414520264
Exciton, frame 744 ran in:  13.765281200408936
Exciton, frame 745 ran in:  13.793883085250854
Exciton, frame 746 ran in:  13.933022260665894
Exciton, frame 747 ran in:  14.038593530654907
Exciton, frame 748 ran in:  14.447625398635864
Exciton, frame 749 ran in:  14.194917917251587
Exciton, frame 750 ran in:  14.757957220077515
Exciton, frame 751 ran in:  14.024157524108887
Exciton, frame 752 ran in:  14.085418224334717
Exciton, frame 753 ran in:  14.674330949783325
Exciton, frame 754 ran in:  14.028501272201538
Exciton, frame 755 ran in:  14.1435866355896
Exciton, frame 756 ran in:  13.857250690460205
Exciton, frame 757 ran in:  14.012752532958984
Exciton, frame 758 ran in:  13.951152324676514
Exciton, frame 759 ran in:  14.297649145126343
Exciton, frame 760 ran in:  14.670888423919678
Exciton, frame 761 ran in:  14.0149564743042
Exciton, frame 762 ran in:  14.348834037780762
Exciton, frame 763 ran in:  14.014218807220459
Exciton, frame 764 ran in:  14.213468551635742
Exciton, frame 765 ran in:  13.881205558776855
Exciton, frame 766 ran in:  14.290459394454956
Exciton, frame 767 ran in:  13.725501298904419
Exciton, frame 768 ran in:  14.259090662002563
Exciton, frame 769 ran in:  13.807950258255005
Exciton, frame 770 ran in:  13.772807121276855
Exciton, frame 771 ran in:  13.704070091247559
Exciton, frame 772 ran in:  13.937787532806396
Exciton, frame 773 ran in:  13.803365468978882
Exciton, frame 774 ran in:  13.907372236251831
Exciton, frame 775 ran in:  13.899638414382935
Exciton, frame 776 ran in:  14.539507627487183
Exciton, frame 777 ran in:  13.996013164520264
Exciton, frame 778 ran in:  13.95068645477295
Exciton, frame 779 ran in:  13.875633716583252
Exciton, frame 780 ran in:  15.01543140411377
Exciton, frame 781 ran in:  13.71447467803955
Exciton, frame 782 ran in:  14.424286365509033
Exciton, frame 783 ran in:  13.788088083267212
Exciton, frame 784 ran in:  13.728594064712524
Exciton, frame 785 ran in:  13.99288296699524
Exciton, frame 786 ran in:  13.873827934265137
Exciton, frame 787 ran in:  13.89786410331726
Exciton, frame 788 ran in:  14.37646198272705
Exciton, frame 789 ran in:  13.888809442520142
Exciton, frame 790 ran in:  13.712124109268188
Exciton, frame 791 ran in:  14.185221910476685
Exciton, frame 792 ran in:  14.205482244491577
Exciton, frame 793 ran in:  14.735605478286743
Exciton, frame 794 ran in:  13.856118202209473
Exciton, frame 795 ran in:  14.013480186462402
Exciton, frame 796 ran in:  13.910679578781128
Exciton, frame 797 ran in:  13.936141014099121
Exciton, frame 798 ran in:  14.59208345413208
Exciton, frame 799 ran in:  13.879256963729858
Exciton, frame 800 ran in:  14.0600266456604
Exciton, frame 801 ran in:  14.909177780151367
Exciton, frame 802 ran in:  14.233602285385132
Exciton, frame 803 ran in:  14.176600694656372
Exciton, frame 804 ran in:  13.879151582717896
Exciton, frame 805 ran in:  13.79672646522522
Exciton, frame 806 ran in:  14.663235425949097
Exciton, frame 807 ran in:  13.762356519699097
Exciton, frame 808 ran in:  13.919012308120728
Exciton, frame 809 ran in:  14.223253726959229
Exciton, frame 810 ran in:  13.751009702682495
Exciton, frame 811 ran in:  13.870107173919678
Exciton, frame 812 ran in:  13.987817525863647
Exciton, frame 813 ran in:  14.08624792098999
Exciton, frame 814 ran in:  14.29852843284607
Exciton, frame 815 ran in:  13.950951099395752
Exciton, frame 816 ran in:  14.148076057434082
Exciton, frame 817 ran in:  13.870838403701782
Exciton, frame 818 ran in:  14.154191970825195
Exciton, frame 819 ran in:  14.16961121559143
Exciton, frame 820 ran in:  14.056107997894287
Exciton, frame 821 ran in:  13.751164436340332
Exciton, frame 822 ran in:  13.63120436668396
Exciton, frame 823 ran in:  13.672814130783081
Exciton, frame 824 ran in:  14.070459604263306
Exciton, frame 825 ran in:  13.915607213973999
Exciton, frame 826 ran in:  13.960705995559692
Exciton, frame 827 ran in:  14.209361553192139
Exciton, frame 828 ran in:  14.809779167175293
Exciton, frame 829 ran in:  13.94274377822876
Exciton, frame 830 ran in:  13.553117513656616
Exciton, frame 831 ran in:  14.005896091461182
Exciton, frame 832 ran in:  14.295790433883667
Exciton, frame 833 ran in:  13.906778335571289
Exciton, frame 834 ran in:  13.885083198547363
Exciton, frame 835 ran in:  13.721933364868164
Exciton, frame 836 ran in:  13.81438422203064
Exciton, frame 837 ran in:  13.883749961853027
Exciton, frame 838 ran in:  13.736014604568481
Exciton, frame 839 ran in:  14.215555667877197
Exciton, frame 840 ran in:  14.022216796875
Exciton, frame 841 ran in:  13.649593830108643
Exciton, frame 842 ran in:  14.259201049804688
Exciton, frame 843 ran in:  13.861709594726562
Exciton, frame 844 ran in:  13.930609941482544
Exciton, frame 845 ran in:  13.904762029647827
Exciton, frame 846 ran in:  13.98059892654419
Exciton, frame 847 ran in:  14.162084817886353
Exciton, frame 848 ran in:  13.818833589553833
Exciton, frame 849 ran in:  13.669063568115234
Exciton, frame 850 ran in:  13.856895446777344
Exciton, frame 851 ran in:  13.798048257827759
Exciton, frame 852 ran in:  13.916231393814087
Exciton, frame 853 ran in:  14.138237237930298
Exciton, frame 854 ran in:  13.75381064414978
Exciton, frame 855 ran in:  13.792515993118286
Exciton, frame 856 ran in:  13.906646490097046
Exciton, frame 857 ran in:  15.049803495407104
Exciton, frame 858 ran in:  14.132699728012085
Exciton, frame 859 ran in:  13.882848501205444
Exciton, frame 860 ran in:  13.787676095962524
Exciton, frame 861 ran in:  13.924166440963745
Exciton, frame 862 ran in:  13.951906681060791
Exciton, frame 863 ran in:  14.42005968093872
Exciton, frame 864 ran in:  14.302494287490845
Exciton, frame 865 ran in:  13.932311534881592
Exciton, frame 866 ran in:  14.211712837219238
Exciton, frame 867 ran in:  14.060695886611938
Exciton, frame 868 ran in:  13.709542989730835
Exciton, frame 869 ran in:  13.915321588516235
Exciton, frame 870 ran in:  13.800215005874634
Exciton, frame 871 ran in:  14.199872493743896
Exciton, frame 872 ran in:  13.724793434143066
Exciton, frame 873 ran in:  13.638090133666992
Exciton, frame 874 ran in:  13.855419874191284
Exciton, frame 875 ran in:  13.94667649269104
Exciton, frame 876 ran in:  13.74599838256836
Exciton, frame 877 ran in:  14.044028282165527
Exciton, frame 878 ran in:  13.918591499328613
Exciton, frame 879 ran in:  13.82636284828186
Exciton, frame 880 ran in:  13.862433671951294
Exciton, frame 881 ran in:  13.962575674057007
Exciton, frame 882 ran in:  13.802500009536743
Exciton, frame 883 ran in:  13.89445161819458
Exciton, frame 884 ran in:  13.951363563537598
Exciton, frame 885 ran in:  14.064417600631714
Exciton, frame 886 ran in:  13.951537609100342
Exciton, frame 887 ran in:  14.681941032409668
Exciton, frame 888 ran in:  14.272217512130737
Exciton, frame 889 ran in:  14.394814491271973
Exciton, frame 890 ran in:  13.78955888748169
Exciton, frame 891 ran in:  13.788463830947876
Exciton, frame 892 ran in:  15.050444602966309
Exciton, frame 893 ran in:  13.938026666641235
Exciton, frame 894 ran in:  13.996378898620605
Exciton, frame 895 ran in:  13.65773868560791
Exciton, frame 896 ran in:  13.911839723587036
Exciton, frame 897 ran in:  14.05291485786438
Exciton, frame 898 ran in:  13.968538045883179
Exciton, frame 899 ran in:  13.963904857635498
Exciton, frame 900 ran in:  14.052645206451416
Exciton, frame 901 ran in:  13.981818437576294
Exciton, frame 902 ran in:  13.84758448600769
Exciton, frame 903 ran in:  13.69246792793274
Exciton, frame 904 ran in:  13.724702835083008
Exciton, frame 905 ran in:  14.178511619567871
Exciton, frame 906 ran in:  13.612282752990723
Exciton, frame 907 ran in:  13.589102983474731
Exciton, frame 908 ran in:  13.667265892028809
Exciton, frame 909 ran in:  14.002603530883789
Exciton, frame 910 ran in:  14.310272693634033
Exciton, frame 911 ran in:  14.367676973342896
Exciton, frame 912 ran in:  14.690255880355835
Exciton, frame 913 ran in:  13.892164945602417
Exciton, frame 914 ran in:  13.705434560775757
Exciton, frame 915 ran in:  13.979524374008179
Exciton, frame 916 ran in:  14.339561223983765
Exciton, frame 917 ran in:  14.648855686187744
Exciton, frame 918 ran in:  13.812461137771606
Exciton, frame 919 ran in:  13.92536187171936
Exciton, frame 920 ran in:  13.672201156616211
Exciton, frame 921 ran in:  13.78493618965149
Exciton, frame 922 ran in:  13.793684720993042
Exciton, frame 923 ran in:  15.019707441329956
Exciton, frame 924 ran in:  13.935908317565918
Exciton, frame 925 ran in:  13.669683933258057
Exciton, frame 926 ran in:  14.212842226028442
Exciton, frame 927 ran in:  13.699511051177979
Exciton, frame 928 ran in:  13.80940318107605
Exciton, frame 929 ran in:  14.49522614479065
Exciton, frame 930 ran in:  14.028973817825317
Exciton, frame 931 ran in:  14.565665483474731
Exciton, frame 932 ran in:  13.880717754364014
Exciton, frame 933 ran in:  14.811623573303223
Exciton, frame 934 ran in:  14.40295696258545
Exciton, frame 935 ran in:  13.948615074157715
Exciton, frame 936 ran in:  13.804900884628296
Exciton, frame 937 ran in:  13.722327947616577
Exciton, frame 938 ran in:  14.206289768218994
Exciton, frame 939 ran in:  13.911003351211548
Exciton, frame 940 ran in:  13.90442681312561
Exciton, frame 941 ran in:  14.06610894203186
Exciton, frame 942 ran in:  14.370383977890015
Exciton, frame 943 ran in:  14.176645755767822
Exciton, frame 944 ran in:  13.857975959777832
Exciton, frame 945 ran in:  14.195178747177124
Exciton, frame 946 ran in:  13.747616052627563
Exciton, frame 947 ran in:  13.910699605941772
Exciton, frame 948 ran in:  14.002878427505493
Exciton, frame 949 ran in:  13.803794384002686
Exciton, frame 950 ran in:  14.00753140449524
Exciton, frame 951 ran in:  13.843507289886475
Exciton, frame 952 ran in:  14.104331731796265
Exciton, frame 953 ran in:  13.873785495758057
Exciton, frame 954 ran in:  13.98531174659729
Exciton, frame 955 ran in:  14.040696382522583
Exciton, frame 956 ran in:  14.321923732757568
Exciton, frame 957 ran in:  14.480128288269043
Exciton, frame 958 ran in:  13.79263687133789
Exciton, frame 959 ran in:  13.998541593551636
Exciton, frame 960 ran in:  14.012466669082642
Exciton, frame 961 ran in:  14.02314019203186
Exciton, frame 962 ran in:  14.329446077346802
Exciton, frame 963 ran in:  13.798625946044922
Exciton, frame 964 ran in:  13.800018072128296
Exciton, frame 965 ran in:  13.990854501724243
Exciton, frame 966 ran in:  14.027182340621948
Exciton, frame 967 ran in:  13.859506130218506
Exciton, frame 968 ran in:  13.751599550247192
Exciton, frame 969 ran in:  14.07979416847229
Exciton, frame 970 ran in:  14.449604034423828
Exciton, frame 971 ran in:  14.440037250518799
Exciton, frame 972 ran in:  13.845110416412354
Exciton, frame 973 ran in:  13.58441972732544
Exciton, frame 974 ran in:  14.836628913879395
Exciton, frame 975 ran in:  13.995474576950073
Exciton, frame 976 ran in:  13.902916431427002
Exciton, frame 977 ran in:  13.722265005111694
Exciton, frame 978 ran in:  14.331069946289062
Exciton, frame 979 ran in:  13.930883407592773
Exciton, frame 980 ran in:  14.221192598342896
Exciton, frame 981 ran in:  13.932121276855469
Exciton, frame 982 ran in:  14.130414009094238
Exciton, frame 983 ran in:  14.537004470825195
Exciton, frame 984 ran in:  14.214807748794556
Exciton, frame 985 ran in:  13.957623720169067
Exciton, frame 986 ran in:  14.414194583892822
Exciton, frame 987 ran in:  13.883219718933105
Exciton, frame 988 ran in:  14.218070030212402
Exciton, frame 989 ran in:  13.972167253494263
Exciton, frame 990 ran in:  14.00138807296753
Exciton, frame 991 ran in:  13.544124364852905
Exciton, frame 992 ran in:  13.895902633666992
Exciton, frame 993 ran in:  14.192182302474976
Exciton, frame 994 ran in:  13.89248275756836
Exciton, frame 995 ran in:  13.590823888778687
Exciton, frame 996 ran in:  13.776041030883789
Exciton, frame 997 ran in:  13.822398662567139
Exciton, frame 998 ran in:  13.900310516357422
Exciton, frame 999 ran in:  13.891523122787476
Finished 'run_trajectory' in 14215.816189 secs
