cpu-bind=MASK - bp1-compute083, task 4294967295 4294967295 [0]: mask 0xfffff0fffff set
/user/home/of15641/.conda/envs/openmm/bin/python
Finished 'load_dcd_file' in 81.017610 secs
Exciton, frame 9000 ran in:  14.678245067596436
Exciton, frame 9001 ran in:  12.48591685295105
Exciton, frame 9002 ran in:  12.811826705932617
Exciton, frame 9003 ran in:  12.420425415039062
Exciton, frame 9004 ran in:  12.441734790802002
Exciton, frame 9005 ran in:  12.571588039398193
Exciton, frame 9006 ran in:  12.315415620803833
Exciton, frame 9007 ran in:  12.654674053192139
Exciton, frame 9008 ran in:  12.827701091766357
Exciton, frame 9009 ran in:  12.610091924667358
Exciton, frame 9010 ran in:  12.807394742965698
Exciton, frame 9011 ran in:  12.66622281074524
Exciton, frame 9012 ran in:  12.581319570541382
Exciton, frame 9013 ran in:  12.606048345565796
Exciton, frame 9014 ran in:  12.596211194992065
Exciton, frame 9015 ran in:  12.88511347770691
Exciton, frame 9016 ran in:  12.55474853515625
Exciton, frame 9017 ran in:  12.593844413757324
Exciton, frame 9018 ran in:  12.532546758651733
Exciton, frame 9019 ran in:  12.791678428649902
Exciton, frame 9020 ran in:  12.585309028625488
Exciton, frame 9021 ran in:  12.58749270439148
Exciton, frame 9022 ran in:  12.528751611709595
Exciton, frame 9023 ran in:  12.597224950790405
Exciton, frame 9024 ran in:  12.485599279403687
Exciton, frame 9025 ran in:  12.331265211105347
Exciton, frame 9026 ran in:  12.48506474494934
Exciton, frame 9027 ran in:  12.389529705047607
Exciton, frame 9028 ran in:  12.74903154373169
Exciton, frame 9029 ran in:  12.412160396575928
Exciton, frame 9030 ran in:  12.479670763015747
Exciton, frame 9031 ran in:  12.378358602523804
Exciton, frame 9032 ran in:  12.30792784690857
Exciton, frame 9033 ran in:  12.410478115081787
Exciton, frame 9034 ran in:  12.503142356872559
Exciton, frame 9035 ran in:  12.602609872817993
Exciton, frame 9036 ran in:  12.421314001083374
Exciton, frame 9037 ran in:  12.53780221939087
Exciton, frame 9038 ran in:  12.563446760177612
Exciton, frame 9039 ran in:  12.664564609527588
Exciton, frame 9040 ran in:  12.414866209030151
Exciton, frame 9041 ran in:  12.548079252243042
Exciton, frame 9042 ran in:  12.372279167175293
Exciton, frame 9043 ran in:  12.818225383758545
Exciton, frame 9044 ran in:  12.586546182632446
Exciton, frame 9045 ran in:  12.655502796173096
Exciton, frame 9046 ran in:  12.62120008468628
Exciton, frame 9047 ran in:  12.533348321914673
Exciton, frame 9048 ran in:  12.580868005752563
Exciton, frame 9049 ran in:  12.593412160873413
Exciton, frame 9050 ran in:  12.40389895439148
Exciton, frame 9051 ran in:  12.553101062774658
Exciton, frame 9052 ran in:  12.329025030136108
Exciton, frame 9053 ran in:  12.377042293548584
Exciton, frame 9054 ran in:  12.729501724243164
Exciton, frame 9055 ran in:  12.555076599121094
Exciton, frame 9056 ran in:  12.431872844696045
Exciton, frame 9057 ran in:  12.649757146835327
Exciton, frame 9058 ran in:  12.747540712356567
Exciton, frame 9059 ran in:  12.381412029266357
Exciton, frame 9060 ran in:  12.391247749328613
Exciton, frame 9061 ran in:  12.525573968887329
Exciton, frame 9062 ran in:  12.406300783157349
Exciton, frame 9063 ran in:  12.575854063034058
Exciton, frame 9064 ran in:  12.566845655441284
Exciton, frame 9065 ran in:  12.52972674369812
Exciton, frame 9066 ran in:  12.466963291168213
Exciton, frame 9067 ran in:  12.661709308624268
Exciton, frame 9068 ran in:  12.537064552307129
Exciton, frame 9069 ran in:  12.31385850906372
Exciton, frame 9070 ran in:  12.62404489517212
Exciton, frame 9071 ran in:  12.46484661102295
Exciton, frame 9072 ran in:  12.427839279174805
Exciton, frame 9073 ran in:  12.402174949645996
Exciton, frame 9074 ran in:  13.080702781677246
Exciton, frame 9075 ran in:  13.075582265853882
Exciton, frame 9076 ran in:  13.13916826248169
Exciton, frame 9077 ran in:  12.527331590652466
Exciton, frame 9078 ran in:  12.897520780563354
Exciton, frame 9079 ran in:  12.447983264923096
Exciton, frame 9080 ran in:  12.587562322616577
Exciton, frame 9081 ran in:  12.357844591140747
Exciton, frame 9082 ran in:  12.928778886795044
Exciton, frame 9083 ran in:  13.168015956878662
Exciton, frame 9084 ran in:  12.49394154548645
Exciton, frame 9085 ran in:  12.296195268630981
Exciton, frame 9086 ran in:  12.425078630447388
Exciton, frame 9087 ran in:  12.476696729660034
Exciton, frame 9088 ran in:  12.397307634353638
Exciton, frame 9089 ran in:  12.55088472366333
Exciton, frame 9090 ran in:  12.56750202178955
Exciton, frame 9091 ran in:  12.463760614395142
Exciton, frame 9092 ran in:  12.286420583724976
Exciton, frame 9093 ran in:  12.44001817703247
Exciton, frame 9094 ran in:  12.476827621459961
Exciton, frame 9095 ran in:  12.479978561401367
Exciton, frame 9096 ran in:  12.341943740844727
Exciton, frame 9097 ran in:  12.577786922454834
Exciton, frame 9098 ran in:  12.659063816070557
Exciton, frame 9099 ran in:  12.463426351547241
Exciton, frame 9100 ran in:  12.618308782577515
Exciton, frame 9101 ran in:  12.765363693237305
Exciton, frame 9102 ran in:  12.488272905349731
Exciton, frame 9103 ran in:  12.88950800895691
Exciton, frame 9104 ran in:  12.641011714935303
Exciton, frame 9105 ran in:  12.42741870880127
Exciton, frame 9106 ran in:  12.811402082443237
Exciton, frame 9107 ran in:  12.495973587036133
Exciton, frame 9108 ran in:  12.38519811630249
Exciton, frame 9109 ran in:  12.56782603263855
Exciton, frame 9110 ran in:  12.885731935501099
Exciton, frame 9111 ran in:  12.462310314178467
Exciton, frame 9112 ran in:  12.43649411201477
Exciton, frame 9113 ran in:  12.395507574081421
Exciton, frame 9114 ran in:  12.665810346603394
Exciton, frame 9115 ran in:  12.65265440940857
Exciton, frame 9116 ran in:  12.612795114517212
Exciton, frame 9117 ran in:  12.330707550048828
Exciton, frame 9118 ran in:  12.679315090179443
Exciton, frame 9119 ran in:  12.468156814575195
Exciton, frame 9120 ran in:  13.135846138000488
Exciton, frame 9121 ran in:  12.560724020004272
Exciton, frame 9122 ran in:  12.447140216827393
Exciton, frame 9123 ran in:  12.679962873458862
Exciton, frame 9124 ran in:  12.724666833877563
Exciton, frame 9125 ran in:  13.047297239303589
Exciton, frame 9126 ran in:  12.586063385009766
Exciton, frame 9127 ran in:  12.370367765426636
Exciton, frame 9128 ran in:  12.518796920776367
Exciton, frame 9129 ran in:  12.626206874847412
Exciton, frame 9130 ran in:  12.699425220489502
Exciton, frame 9131 ran in:  12.389070272445679
Exciton, frame 9132 ran in:  13.005910873413086
Exciton, frame 9133 ran in:  12.71997857093811
Exciton, frame 9134 ran in:  11.959104299545288
Exciton, frame 9135 ran in:  12.1257164478302
Exciton, frame 9136 ran in:  11.710936307907104
Exciton, frame 9137 ran in:  12.140635013580322
Exciton, frame 9138 ran in:  11.983932733535767
Exciton, frame 9139 ran in:  11.665768384933472
Exciton, frame 9140 ran in:  11.783243179321289
Exciton, frame 9141 ran in:  12.123470306396484
Exciton, frame 9142 ran in:  11.82942247390747
Exciton, frame 9143 ran in:  12.130045652389526
Exciton, frame 9144 ran in:  12.063023567199707
Exciton, frame 9145 ran in:  11.683252334594727
Exciton, frame 9146 ran in:  12.06049656867981
Exciton, frame 9147 ran in:  11.807405948638916
Exciton, frame 9148 ran in:  11.598376274108887
Exciton, frame 9149 ran in:  11.671778202056885
Exciton, frame 9150 ran in:  11.666842460632324
Exciton, frame 9151 ran in:  12.092102766036987
Exciton, frame 9152 ran in:  11.942765235900879
Exciton, frame 9153 ran in:  11.948961973190308
Exciton, frame 9154 ran in:  11.939573526382446
Exciton, frame 9155 ran in:  11.83793306350708
Exciton, frame 9156 ran in:  11.60743522644043
Exciton, frame 9157 ran in:  11.599725484848022
Exciton, frame 9158 ran in:  12.191361427307129
Exciton, frame 9159 ran in:  11.746640920639038
Exciton, frame 9160 ran in:  11.813060998916626
Exciton, frame 9161 ran in:  12.206908702850342
Exciton, frame 9162 ran in:  11.911384105682373
Exciton, frame 9163 ran in:  11.969473838806152
Exciton, frame 9164 ran in:  12.27477478981018
Exciton, frame 9165 ran in:  11.80553674697876
Exciton, frame 9166 ran in:  12.12734580039978
Exciton, frame 9167 ran in:  11.947993516921997
Exciton, frame 9168 ran in:  12.20616602897644
Exciton, frame 9169 ran in:  11.839462518692017
Exciton, frame 9170 ran in:  11.71716022491455
Exciton, frame 9171 ran in:  11.994271993637085
Exciton, frame 9172 ran in:  11.80483889579773
Exciton, frame 9173 ran in:  11.987408638000488
Exciton, frame 9174 ran in:  11.805830955505371
Exciton, frame 9175 ran in:  12.468145608901978
Exciton, frame 9176 ran in:  11.823979616165161
Exciton, frame 9177 ran in:  11.978288173675537
Exciton, frame 9178 ran in:  12.203710079193115
Exciton, frame 9179 ran in:  12.272759199142456
Exciton, frame 9180 ran in:  11.878244400024414
Exciton, frame 9181 ran in:  12.186374187469482
Exciton, frame 9182 ran in:  12.28877305984497
Exciton, frame 9183 ran in:  12.317214488983154
Exciton, frame 9184 ran in:  11.486203908920288
Exciton, frame 9185 ran in:  11.49721074104309
Exciton, frame 9186 ran in:  12.398669958114624
Exciton, frame 9187 ran in:  12.104609966278076
Exciton, frame 9188 ran in:  11.996350765228271
Exciton, frame 9189 ran in:  11.89752459526062
Exciton, frame 9190 ran in:  11.830039978027344
Exciton, frame 9191 ran in:  11.777553081512451
Exciton, frame 9192 ran in:  11.912598371505737
Exciton, frame 9193 ran in:  11.61277437210083
Exciton, frame 9194 ran in:  11.752557516098022
Exciton, frame 9195 ran in:  12.556379318237305
Exciton, frame 9196 ran in:  12.737657070159912
Exciton, frame 9197 ran in:  11.792698621749878
Exciton, frame 9198 ran in:  11.806880712509155
Exciton, frame 9199 ran in:  11.94946551322937
Exciton, frame 9200 ran in:  11.55522632598877
Exciton, frame 9201 ran in:  12.010982990264893
Exciton, frame 9202 ran in:  11.737988948822021
Exciton, frame 9203 ran in:  12.20936918258667
Exciton, frame 9204 ran in:  11.84563422203064
Exciton, frame 9205 ran in:  11.818556070327759
Exciton, frame 9206 ran in:  11.708525657653809
Exciton, frame 9207 ran in:  12.103150844573975
Exciton, frame 9208 ran in:  12.26550030708313
Exciton, frame 9209 ran in:  12.563626766204834
Exciton, frame 9210 ran in:  11.732934951782227
Exciton, frame 9211 ran in:  12.10353970527649
Exciton, frame 9212 ran in:  11.632846593856812
Exciton, frame 9213 ran in:  12.162206649780273
Exciton, frame 9214 ran in:  11.874644994735718
Exciton, frame 9215 ran in:  11.822981357574463
Exciton, frame 9216 ran in:  12.005774974822998
Exciton, frame 9217 ran in:  11.92811918258667
Exciton, frame 9218 ran in:  11.68420958518982
Exciton, frame 9219 ran in:  11.9871187210083
Exciton, frame 9220 ran in:  11.872673034667969
Exciton, frame 9221 ran in:  11.666502237319946
Exciton, frame 9222 ran in:  11.938209295272827
Exciton, frame 9223 ran in:  12.128176212310791
Exciton, frame 9224 ran in:  12.423229217529297
Exciton, frame 9225 ran in:  11.761908769607544
Exciton, frame 9226 ran in:  11.891174077987671
Exciton, frame 9227 ran in:  12.23818039894104
Exciton, frame 9228 ran in:  11.877593755722046
Exciton, frame 9229 ran in:  11.942752599716187
Exciton, frame 9230 ran in:  11.529361963272095
Exciton, frame 9231 ran in:  11.967775106430054
Exciton, frame 9232 ran in:  11.794214487075806
Exciton, frame 9233 ran in:  12.04147481918335
Exciton, frame 9234 ran in:  12.020829200744629
Exciton, frame 9235 ran in:  12.013133764266968
Exciton, frame 9236 ran in:  11.990761041641235
Exciton, frame 9237 ran in:  12.057501554489136
Exciton, frame 9238 ran in:  11.824824571609497
Exciton, frame 9239 ran in:  11.834331274032593
Exciton, frame 9240 ran in:  12.176241636276245
Exciton, frame 9241 ran in:  11.793178796768188
Exciton, frame 9242 ran in:  11.71614670753479
Exciton, frame 9243 ran in:  12.280822038650513
Exciton, frame 9244 ran in:  12.471424102783203
Exciton, frame 9245 ran in:  11.530174016952515
Exciton, frame 9246 ran in:  11.991990804672241
Exciton, frame 9247 ran in:  11.672379732131958
Exciton, frame 9248 ran in:  12.068755626678467
Exciton, frame 9249 ran in:  11.998438596725464
Exciton, frame 9250 ran in:  11.563872575759888
Exciton, frame 9251 ran in:  12.145272016525269
Exciton, frame 9252 ran in:  12.365620851516724
Exciton, frame 9253 ran in:  11.649545907974243
Exciton, frame 9254 ran in:  12.050089836120605
Exciton, frame 9255 ran in:  12.12893271446228
Exciton, frame 9256 ran in:  12.05760931968689
Exciton, frame 9257 ran in:  12.097707748413086
Exciton, frame 9258 ran in:  12.084534645080566
Exciton, frame 9259 ran in:  12.154388904571533
Exciton, frame 9260 ran in:  11.494139194488525
Exciton, frame 9261 ran in:  12.126509666442871
Exciton, frame 9262 ran in:  11.629395008087158
Exciton, frame 9263 ran in:  11.863307237625122
Exciton, frame 9264 ran in:  12.392670392990112
Exciton, frame 9265 ran in:  12.058359384536743
Exciton, frame 9266 ran in:  12.05834436416626
Exciton, frame 9267 ran in:  11.858044624328613
Exciton, frame 9268 ran in:  11.755695104598999
Exciton, frame 9269 ran in:  12.120874881744385
Exciton, frame 9270 ran in:  12.141677618026733
Exciton, frame 9271 ran in:  12.34895658493042
Exciton, frame 9272 ran in:  11.981710195541382
Exciton, frame 9273 ran in:  12.254124402999878
Exciton, frame 9274 ran in:  12.08815860748291
Exciton, frame 9275 ran in:  11.872149229049683
Exciton, frame 9276 ran in:  11.887093544006348
Exciton, frame 9277 ran in:  11.928560018539429
Exciton, frame 9278 ran in:  11.760672569274902
Exciton, frame 9279 ran in:  11.972679853439331
Exciton, frame 9280 ran in:  12.060298919677734
Exciton, frame 9281 ran in:  11.84127926826477
Exciton, frame 9282 ran in:  11.798699617385864
Exciton, frame 9283 ran in:  11.787871360778809
Exciton, frame 9284 ran in:  12.00403356552124
Exciton, frame 9285 ran in:  11.892412900924683
Exciton, frame 9286 ran in:  12.5362069606781
Exciton, frame 9287 ran in:  12.118938446044922
Exciton, frame 9288 ran in:  12.434689283370972
Exciton, frame 9289 ran in:  11.81886100769043
Exciton, frame 9290 ran in:  11.780207872390747
Exciton, frame 9291 ran in:  12.669324398040771
Exciton, frame 9292 ran in:  11.934069871902466
Exciton, frame 9293 ran in:  12.120381593704224
Exciton, frame 9294 ran in:  11.765231370925903
Exciton, frame 9295 ran in:  11.775692701339722
Exciton, frame 9296 ran in:  12.307348251342773
Exciton, frame 9297 ran in:  11.92628812789917
Exciton, frame 9298 ran in:  12.125641107559204
Exciton, frame 9299 ran in:  11.761360168457031
Exciton, frame 9300 ran in:  11.861690759658813
Exciton, frame 9301 ran in:  11.822617769241333
Exciton, frame 9302 ran in:  11.911990404129028
Exciton, frame 9303 ran in:  11.466601371765137
Exciton, frame 9304 ran in:  11.836550235748291
Exciton, frame 9305 ran in:  12.3085298538208
Exciton, frame 9306 ran in:  12.116687059402466
Exciton, frame 9307 ran in:  11.912321329116821
Exciton, frame 9308 ran in:  12.863537073135376
Exciton, frame 9309 ran in:  12.011632919311523
Exciton, frame 9310 ran in:  12.161389589309692
Exciton, frame 9311 ran in:  12.10668683052063
Exciton, frame 9312 ran in:  11.915482997894287
Exciton, frame 9313 ran in:  12.139384508132935
Exciton, frame 9314 ran in:  11.768481016159058
Exciton, frame 9315 ran in:  11.888343572616577
Exciton, frame 9316 ran in:  12.208665609359741
Exciton, frame 9317 ran in:  11.794715404510498
Exciton, frame 9318 ran in:  11.892904043197632
Exciton, frame 9319 ran in:  12.391547679901123
Exciton, frame 9320 ran in:  11.925763368606567
Exciton, frame 9321 ran in:  12.226830959320068
Exciton, frame 9322 ran in:  11.685715675354004
Exciton, frame 9323 ran in:  11.889294385910034
Exciton, frame 9324 ran in:  11.963331937789917
Exciton, frame 9325 ran in:  12.098718881607056
Exciton, frame 9326 ran in:  11.96834659576416
Exciton, frame 9327 ran in:  11.459782123565674
Exciton, frame 9328 ran in:  12.36023759841919
Exciton, frame 9329 ran in:  12.071011781692505
Exciton, frame 9330 ran in:  11.916876316070557
Exciton, frame 9331 ran in:  12.144022703170776
Exciton, frame 9332 ran in:  12.4639253616333
Exciton, frame 9333 ran in:  12.018347263336182
Exciton, frame 9334 ran in:  12.843663215637207
Exciton, frame 9335 ran in:  11.922085762023926
Exciton, frame 9336 ran in:  12.569856643676758
Exciton, frame 9337 ran in:  11.895972728729248
Exciton, frame 9338 ran in:  11.933167219161987
Exciton, frame 9339 ran in:  12.189927577972412
Exciton, frame 9340 ran in:  11.839853763580322
Exciton, frame 9341 ran in:  11.688460111618042
Exciton, frame 9342 ran in:  11.737290859222412
Exciton, frame 9343 ran in:  11.832977771759033
Exciton, frame 9344 ran in:  12.071409940719604
Exciton, frame 9345 ran in:  12.041513442993164
Exciton, frame 9346 ran in:  11.931581974029541
Exciton, frame 9347 ran in:  11.920832633972168
Exciton, frame 9348 ran in:  11.742393970489502
Exciton, frame 9349 ran in:  11.706930160522461
Exciton, frame 9350 ran in:  11.833541870117188
Exciton, frame 9351 ran in:  11.750551223754883
Exciton, frame 9352 ran in:  11.706042528152466
Exciton, frame 9353 ran in:  11.845604181289673
Exciton, frame 9354 ran in:  11.711493492126465
Exciton, frame 9355 ran in:  11.849912166595459
Exciton, frame 9356 ran in:  11.96276569366455
Exciton, frame 9357 ran in:  11.895417213439941
Exciton, frame 9358 ran in:  11.658945083618164
Exciton, frame 9359 ran in:  11.93817138671875
Exciton, frame 9360 ran in:  12.012356996536255
Exciton, frame 9361 ran in:  11.908437252044678
Exciton, frame 9362 ran in:  11.960848569869995
Exciton, frame 9363 ran in:  11.88759994506836
Exciton, frame 9364 ran in:  11.629907846450806
Exciton, frame 9365 ran in:  11.737839698791504
Exciton, frame 9366 ran in:  11.742635726928711
Exciton, frame 9367 ran in:  12.59385347366333
Exciton, frame 9368 ran in:  12.001204490661621
Exciton, frame 9369 ran in:  12.340588808059692
Exciton, frame 9370 ran in:  12.224738597869873
Exciton, frame 9371 ran in:  11.654735565185547
Exciton, frame 9372 ran in:  11.689500093460083
Exciton, frame 9373 ran in:  12.127652883529663
Exciton, frame 9374 ran in:  11.918085098266602
Exciton, frame 9375 ran in:  11.979806184768677
Exciton, frame 9376 ran in:  12.246408700942993
Exciton, frame 9377 ran in:  12.138329982757568
Exciton, frame 9378 ran in:  12.387242555618286
Exciton, frame 9379 ran in:  11.974997997283936
Exciton, frame 9380 ran in:  11.74284315109253
Exciton, frame 9381 ran in:  11.911015033721924
Exciton, frame 9382 ran in:  12.268227100372314
Exciton, frame 9383 ran in:  11.880084753036499
Exciton, frame 9384 ran in:  11.876183032989502
Exciton, frame 9385 ran in:  11.848443984985352
Exciton, frame 9386 ran in:  12.179415941238403
Exciton, frame 9387 ran in:  11.7167067527771
Exciton, frame 9388 ran in:  12.927900075912476
Exciton, frame 9389 ran in:  11.950154066085815
Exciton, frame 9390 ran in:  11.839945793151855
Exciton, frame 9391 ran in:  12.05063796043396
Exciton, frame 9392 ran in:  11.917014360427856
Exciton, frame 9393 ran in:  12.035942316055298
Exciton, frame 9394 ran in:  12.594594717025757
Exciton, frame 9395 ran in:  11.724410772323608
Exciton, frame 9396 ran in:  12.161192893981934
Exciton, frame 9397 ran in:  11.796482563018799
Exciton, frame 9398 ran in:  11.901213884353638
Exciton, frame 9399 ran in:  11.627996921539307
Exciton, frame 9400 ran in:  11.788554191589355
Exciton, frame 9401 ran in:  12.016074895858765
Exciton, frame 9402 ran in:  11.812449216842651
Exciton, frame 9403 ran in:  12.389844417572021
Exciton, frame 9404 ran in:  12.033993482589722
Exciton, frame 9405 ran in:  12.114606857299805
Exciton, frame 9406 ran in:  11.620620012283325
Exciton, frame 9407 ran in:  11.756495475769043
Exciton, frame 9408 ran in:  11.944550275802612
Exciton, frame 9409 ran in:  11.995107173919678
Exciton, frame 9410 ran in:  12.121304273605347
Exciton, frame 9411 ran in:  11.70974087715149
Exciton, frame 9412 ran in:  12.335105419158936
Exciton, frame 9413 ran in:  11.862560510635376
Exciton, frame 9414 ran in:  11.746777772903442
Exciton, frame 9415 ran in:  12.055575609207153
Exciton, frame 9416 ran in:  11.605224609375
Exciton, frame 9417 ran in:  12.07146167755127
Exciton, frame 9418 ran in:  11.925048589706421
Exciton, frame 9419 ran in:  11.718430995941162
Exciton, frame 9420 ran in:  11.846088171005249
Exciton, frame 9421 ran in:  11.705679416656494
Exciton, frame 9422 ran in:  11.893913507461548
Exciton, frame 9423 ran in:  11.58996057510376
Exciton, frame 9424 ran in:  11.870588064193726
Exciton, frame 9425 ran in:  11.98516058921814
Exciton, frame 9426 ran in:  12.172050476074219
Exciton, frame 9427 ran in:  12.100881099700928
Exciton, frame 9428 ran in:  12.010582447052002
Exciton, frame 9429 ran in:  11.725687980651855
Exciton, frame 9430 ran in:  11.961622714996338
Exciton, frame 9431 ran in:  11.848083257675171
Exciton, frame 9432 ran in:  12.106754779815674
Exciton, frame 9433 ran in:  11.776613235473633
Exciton, frame 9434 ran in:  11.917622566223145
Exciton, frame 9435 ran in:  12.187497615814209
Exciton, frame 9436 ran in:  12.182546854019165
Exciton, frame 9437 ran in:  12.684653759002686
Exciton, frame 9438 ran in:  11.944819927215576
Exciton, frame 9439 ran in:  11.947843313217163
Exciton, frame 9440 ran in:  12.10559344291687
Exciton, frame 9441 ran in:  11.986738204956055
Exciton, frame 9442 ran in:  11.92632246017456
Exciton, frame 9443 ran in:  11.492375612258911
Exciton, frame 9444 ran in:  11.896409511566162
Exciton, frame 9445 ran in:  11.682460069656372
Exciton, frame 9446 ran in:  11.963894367218018
Exciton, frame 9447 ran in:  11.817991495132446
Exciton, frame 9448 ran in:  11.972828388214111
Exciton, frame 9449 ran in:  11.966440439224243
Exciton, frame 9450 ran in:  12.122812986373901
Exciton, frame 9451 ran in:  12.097645998001099
Exciton, frame 9452 ran in:  11.915426969528198
Exciton, frame 9453 ran in:  11.685287952423096
Exciton, frame 9454 ran in:  12.06125259399414
Exciton, frame 9455 ran in:  12.247254610061646
Exciton, frame 9456 ran in:  11.876381158828735
Exciton, frame 9457 ran in:  11.989823818206787
Exciton, frame 9458 ran in:  11.62141227722168
Exciton, frame 9459 ran in:  12.017812252044678
Exciton, frame 9460 ran in:  11.985877990722656
Exciton, frame 9461 ran in:  11.852411031723022
Exciton, frame 9462 ran in:  12.301281929016113
Exciton, frame 9463 ran in:  12.00043511390686
Exciton, frame 9464 ran in:  12.005474328994751
Exciton, frame 9465 ran in:  12.039036989212036
Exciton, frame 9466 ran in:  11.731139898300171
Exciton, frame 9467 ran in:  12.235840082168579
Exciton, frame 9468 ran in:  11.849287033081055
Exciton, frame 9469 ran in:  12.098313808441162
Exciton, frame 9470 ran in:  12.308176279067993
Exciton, frame 9471 ran in:  12.031179666519165
Exciton, frame 9472 ran in:  12.217628717422485
Exciton, frame 9473 ran in:  11.915848970413208
Exciton, frame 9474 ran in:  11.570192575454712
Exciton, frame 9475 ran in:  12.175371170043945
Exciton, frame 9476 ran in:  12.059439897537231
Exciton, frame 9477 ran in:  12.223564624786377
Exciton, frame 9478 ran in:  11.904399394989014
Exciton, frame 9479 ran in:  12.001012086868286
Exciton, frame 9480 ran in:  11.97286581993103
Exciton, frame 9481 ran in:  11.737573862075806
Exciton, frame 9482 ran in:  11.828757762908936
Exciton, frame 9483 ran in:  11.865538358688354
Exciton, frame 9484 ran in:  11.933120965957642
Exciton, frame 9485 ran in:  12.189049482345581
Exciton, frame 9486 ran in:  11.943418979644775
Exciton, frame 9487 ran in:  12.082940816879272
Exciton, frame 9488 ran in:  12.122177600860596
Exciton, frame 9489 ran in:  12.06985330581665
Exciton, frame 9490 ran in:  11.753069877624512
Exciton, frame 9491 ran in:  11.79874849319458
Exciton, frame 9492 ran in:  12.006145238876343
Exciton, frame 9493 ran in:  12.110234022140503
Exciton, frame 9494 ran in:  11.911477327346802
Exciton, frame 9495 ran in:  12.116507768630981
Exciton, frame 9496 ran in:  11.895322799682617
Exciton, frame 9497 ran in:  12.163800477981567
Exciton, frame 9498 ran in:  12.268532037734985
Exciton, frame 9499 ran in:  11.98644471168518
Exciton, frame 9500 ran in:  11.927201271057129
Exciton, frame 9501 ran in:  11.679181337356567
Exciton, frame 9502 ran in:  12.033857107162476
Exciton, frame 9503 ran in:  12.176568269729614
Exciton, frame 9504 ran in:  11.948726177215576
Exciton, frame 9505 ran in:  12.00929594039917
Exciton, frame 9506 ran in:  12.619450330734253
Exciton, frame 9507 ran in:  12.151940107345581
Exciton, frame 9508 ran in:  11.95564603805542
Exciton, frame 9509 ran in:  11.746346950531006
Exciton, frame 9510 ran in:  12.3868989944458
Exciton, frame 9511 ran in:  11.736145257949829
Exciton, frame 9512 ran in:  12.060528993606567
Exciton, frame 9513 ran in:  11.845664024353027
Exciton, frame 9514 ran in:  12.033071279525757
Exciton, frame 9515 ran in:  11.870084285736084
Exciton, frame 9516 ran in:  12.04236626625061
Exciton, frame 9517 ran in:  11.898787260055542
Exciton, frame 9518 ran in:  11.978813171386719
Exciton, frame 9519 ran in:  12.215904474258423
Exciton, frame 9520 ran in:  11.932296514511108
Exciton, frame 9521 ran in:  11.62170958518982
Exciton, frame 9522 ran in:  12.064436912536621
Exciton, frame 9523 ran in:  11.614319324493408
Exciton, frame 9524 ran in:  11.90960693359375
Exciton, frame 9525 ran in:  11.936950922012329
Exciton, frame 9526 ran in:  11.738617420196533
Exciton, frame 9527 ran in:  12.6076979637146
Exciton, frame 9528 ran in:  11.780778169631958
Exciton, frame 9529 ran in:  11.98962926864624
Exciton, frame 9530 ran in:  12.028751373291016
Exciton, frame 9531 ran in:  11.633027076721191
Exciton, frame 9532 ran in:  11.750867366790771
Exciton, frame 9533 ran in:  12.074008464813232
Exciton, frame 9534 ran in:  12.265995502471924
Exciton, frame 9535 ran in:  11.984625577926636
Exciton, frame 9536 ran in:  12.008970975875854
Exciton, frame 9537 ran in:  12.390478372573853
Exciton, frame 9538 ran in:  11.709700345993042
Exciton, frame 9539 ran in:  11.820656061172485
Exciton, frame 9540 ran in:  11.738096952438354
Exciton, frame 9541 ran in:  11.956648349761963
Exciton, frame 9542 ran in:  11.478729486465454
Exciton, frame 9543 ran in:  11.93795657157898
Exciton, frame 9544 ran in:  11.780834197998047
Exciton, frame 9545 ran in:  12.507141828536987
Exciton, frame 9546 ran in:  11.635902881622314
Exciton, frame 9547 ran in:  12.233945608139038
Exciton, frame 9548 ran in:  11.63818097114563
Exciton, frame 9549 ran in:  12.14815378189087
Exciton, frame 9550 ran in:  11.816524982452393
Exciton, frame 9551 ran in:  11.570787191390991
Exciton, frame 9552 ran in:  12.057565689086914
Exciton, frame 9553 ran in:  11.908081293106079
Exciton, frame 9554 ran in:  12.315128564834595
Exciton, frame 9555 ran in:  11.900617361068726
Exciton, frame 9556 ran in:  12.077740669250488
Exciton, frame 9557 ran in:  12.157605171203613
Exciton, frame 9558 ran in:  11.741148233413696
Exciton, frame 9559 ran in:  11.760441541671753
Exciton, frame 9560 ran in:  11.72202444076538
Exciton, frame 9561 ran in:  12.037296056747437
Exciton, frame 9562 ran in:  12.2988440990448
Exciton, frame 9563 ran in:  11.789090633392334
Exciton, frame 9564 ran in:  11.838884353637695
Exciton, frame 9565 ran in:  11.991028070449829
Exciton, frame 9566 ran in:  11.821846961975098
Exciton, frame 9567 ran in:  11.76781415939331
Exciton, frame 9568 ran in:  12.041344165802002
Exciton, frame 9569 ran in:  12.137137174606323
Exciton, frame 9570 ran in:  11.930889129638672
Exciton, frame 9571 ran in:  11.887399435043335
Exciton, frame 9572 ran in:  12.055034875869751
Exciton, frame 9573 ran in:  11.985723495483398
Exciton, frame 9574 ran in:  11.828758955001831
Exciton, frame 9575 ran in:  11.998327732086182
Exciton, frame 9576 ran in:  11.652678728103638
Exciton, frame 9577 ran in:  12.160744190216064
Exciton, frame 9578 ran in:  11.516448259353638
Exciton, frame 9579 ran in:  11.958543300628662
Exciton, frame 9580 ran in:  11.625544786453247
Exciton, frame 9581 ran in:  11.604620933532715
Exciton, frame 9582 ran in:  11.699296951293945
Exciton, frame 9583 ran in:  11.682919263839722
Exciton, frame 9584 ran in:  12.223005771636963
Exciton, frame 9585 ran in:  11.884409666061401
Exciton, frame 9586 ran in:  11.760654211044312
Exciton, frame 9587 ran in:  12.872816562652588
Exciton, frame 9588 ran in:  12.054365873336792
Exciton, frame 9589 ran in:  11.817666292190552
Exciton, frame 9590 ran in:  12.744835615158081
Exciton, frame 9591 ran in:  11.951643943786621
Exciton, frame 9592 ran in:  12.004001379013062
Exciton, frame 9593 ran in:  11.633625745773315
Exciton, frame 9594 ran in:  11.775715589523315
Exciton, frame 9595 ran in:  11.90867805480957
Exciton, frame 9596 ran in:  12.049736499786377
Exciton, frame 9597 ran in:  11.800750732421875
Exciton, frame 9598 ran in:  11.708250761032104
Exciton, frame 9599 ran in:  12.152963876724243
Exciton, frame 9600 ran in:  11.461087703704834
Exciton, frame 9601 ran in:  12.198865175247192
Exciton, frame 9602 ran in:  13.037405252456665
Exciton, frame 9603 ran in:  11.593846082687378
Exciton, frame 9604 ran in:  11.734827995300293
Exciton, frame 9605 ran in:  12.2034273147583
Exciton, frame 9606 ran in:  11.994683265686035
Exciton, frame 9607 ran in:  11.772066831588745
Exciton, frame 9608 ran in:  11.930130243301392
Exciton, frame 9609 ran in:  11.721721172332764
Exciton, frame 9610 ran in:  12.006979703903198
Exciton, frame 9611 ran in:  11.937748432159424
Exciton, frame 9612 ran in:  12.054333448410034
Exciton, frame 9613 ran in:  11.763051986694336
Exciton, frame 9614 ran in:  11.734050750732422
Exciton, frame 9615 ran in:  12.11849069595337
Exciton, frame 9616 ran in:  11.79926586151123
Exciton, frame 9617 ran in:  11.569248676300049
Exciton, frame 9618 ran in:  11.69548749923706
Exciton, frame 9619 ran in:  11.887577533721924
Exciton, frame 9620 ran in:  11.722397804260254
Exciton, frame 9621 ran in:  11.878080368041992
Exciton, frame 9622 ran in:  12.113625288009644
Exciton, frame 9623 ran in:  11.806784868240356
Exciton, frame 9624 ran in:  11.692242860794067
Exciton, frame 9625 ran in:  12.365382432937622
Exciton, frame 9626 ran in:  12.10860013961792
Exciton, frame 9627 ran in:  12.214123487472534
Exciton, frame 9628 ran in:  11.807764053344727
Exciton, frame 9629 ran in:  12.161885261535645
Exciton, frame 9630 ran in:  11.739721059799194
Exciton, frame 9631 ran in:  12.041195154190063
Exciton, frame 9632 ran in:  12.461212396621704
Exciton, frame 9633 ran in:  11.799147844314575
Exciton, frame 9634 ran in:  11.71893048286438
Exciton, frame 9635 ran in:  12.023671865463257
Exciton, frame 9636 ran in:  11.735458135604858
Exciton, frame 9637 ran in:  11.631328344345093
Exciton, frame 9638 ran in:  11.68445873260498
Exciton, frame 9639 ran in:  12.020503520965576
Exciton, frame 9640 ran in:  11.797158002853394
Exciton, frame 9641 ran in:  12.393717527389526
Exciton, frame 9642 ran in:  11.996915102005005
Exciton, frame 9643 ran in:  11.814174175262451
Exciton, frame 9644 ran in:  11.669752836227417
Exciton, frame 9645 ran in:  11.804167985916138
Exciton, frame 9646 ran in:  12.507017612457275
Exciton, frame 9647 ran in:  12.071230411529541
Exciton, frame 9648 ran in:  12.088917016983032
Exciton, frame 9649 ran in:  11.814062118530273
Exciton, frame 9650 ran in:  11.81603455543518
Exciton, frame 9651 ran in:  12.13502311706543
Exciton, frame 9652 ran in:  11.923956155776978
Exciton, frame 9653 ran in:  11.888641357421875
Exciton, frame 9654 ran in:  12.061222076416016
Exciton, frame 9655 ran in:  12.202628135681152
Exciton, frame 9656 ran in:  11.768517971038818
Exciton, frame 9657 ran in:  12.22560167312622
Exciton, frame 9658 ran in:  12.157579898834229
Exciton, frame 9659 ran in:  12.137661695480347
Exciton, frame 9660 ran in:  11.72826600074768
Exciton, frame 9661 ran in:  12.066329002380371
Exciton, frame 9662 ran in:  11.699086904525757
Exciton, frame 9663 ran in:  11.869606018066406
Exciton, frame 9664 ran in:  12.319380283355713
Exciton, frame 9665 ran in:  11.73701024055481
Exciton, frame 9666 ran in:  11.964125871658325
Exciton, frame 9667 ran in:  12.002672672271729
Exciton, frame 9668 ran in:  11.710516691207886
Exciton, frame 9669 ran in:  11.805033922195435
Exciton, frame 9670 ran in:  11.480360269546509
Exciton, frame 9671 ran in:  11.763862609863281
Exciton, frame 9672 ran in:  12.534445524215698
Exciton, frame 9673 ran in:  11.556788206100464
Exciton, frame 9674 ran in:  12.06896162033081
Exciton, frame 9675 ran in:  12.213659524917603
Exciton, frame 9676 ran in:  11.805561065673828
Exciton, frame 9677 ran in:  12.034616708755493
Exciton, frame 9678 ran in:  12.16797399520874
Exciton, frame 9679 ran in:  11.854368925094604
Exciton, frame 9680 ran in:  12.329391956329346
Exciton, frame 9681 ran in:  12.16155457496643
Exciton, frame 9682 ran in:  12.25996732711792
Exciton, frame 9683 ran in:  11.721356391906738
Exciton, frame 9684 ran in:  12.056242942810059
Exciton, frame 9685 ran in:  11.941402673721313
Exciton, frame 9686 ran in:  11.97092580795288
Exciton, frame 9687 ran in:  11.942466497421265
Exciton, frame 9688 ran in:  11.704578161239624
Exciton, frame 9689 ran in:  11.929422855377197
Exciton, frame 9690 ran in:  11.650883197784424
Exciton, frame 9691 ran in:  11.807169914245605
Exciton, frame 9692 ran in:  12.422566890716553
Exciton, frame 9693 ran in:  11.992358684539795
Exciton, frame 9694 ran in:  12.153640031814575
Exciton, frame 9695 ran in:  11.87488079071045
Exciton, frame 9696 ran in:  12.02660322189331
Exciton, frame 9697 ran in:  12.117712020874023
Exciton, frame 9698 ran in:  11.678899049758911
Exciton, frame 9699 ran in:  12.039214611053467
Exciton, frame 9700 ran in:  11.51734209060669
Exciton, frame 9701 ran in:  11.84119200706482
Exciton, frame 9702 ran in:  11.707037448883057
Exciton, frame 9703 ran in:  11.86614727973938
Exciton, frame 9704 ran in:  12.001343727111816
Exciton, frame 9705 ran in:  11.589531421661377
Exciton, frame 9706 ran in:  12.067341089248657
Exciton, frame 9707 ran in:  12.036399364471436
Exciton, frame 9708 ran in:  12.282480478286743
Exciton, frame 9709 ran in:  12.076590776443481
Exciton, frame 9710 ran in:  11.962052345275879
Exciton, frame 9711 ran in:  11.636146783828735
Exciton, frame 9712 ran in:  11.94475507736206
Exciton, frame 9713 ran in:  11.702507495880127
Exciton, frame 9714 ran in:  11.82567286491394
Exciton, frame 9715 ran in:  11.973441123962402
Exciton, frame 9716 ran in:  11.819718360900879
Exciton, frame 9717 ran in:  11.78969669342041
Exciton, frame 9718 ran in:  11.783644914627075
Exciton, frame 9719 ran in:  11.922826528549194
Exciton, frame 9720 ran in:  12.125151872634888
Exciton, frame 9721 ran in:  12.147968292236328
Exciton, frame 9722 ran in:  11.644354820251465
Exciton, frame 9723 ran in:  11.99275016784668
Exciton, frame 9724 ran in:  11.935513019561768
Exciton, frame 9725 ran in:  11.679242849349976
Exciton, frame 9726 ran in:  11.672547340393066
Exciton, frame 9727 ran in:  12.06010127067566
Exciton, frame 9728 ran in:  11.957693576812744
Exciton, frame 9729 ran in:  12.131752729415894
Exciton, frame 9730 ran in:  12.203680753707886
Exciton, frame 9731 ran in:  12.253825664520264
Exciton, frame 9732 ran in:  11.817108869552612
Exciton, frame 9733 ran in:  11.989841222763062
Exciton, frame 9734 ran in:  12.242247581481934
Exciton, frame 9735 ran in:  12.34249234199524
Exciton, frame 9736 ran in:  12.325162410736084
Exciton, frame 9737 ran in:  12.17171311378479
Exciton, frame 9738 ran in:  11.94270634651184
Exciton, frame 9739 ran in:  12.205987453460693
Exciton, frame 9740 ran in:  11.671544075012207
Exciton, frame 9741 ran in:  11.971415042877197
Exciton, frame 9742 ran in:  12.249604940414429
Exciton, frame 9743 ran in:  12.308973789215088
Exciton, frame 9744 ran in:  12.832266330718994
Exciton, frame 9745 ran in:  12.379475593566895
Exciton, frame 9746 ran in:  11.84770393371582
Exciton, frame 9747 ran in:  11.645989894866943
Exciton, frame 9748 ran in:  11.96439504623413
Exciton, frame 9749 ran in:  11.865106344223022
Exciton, frame 9750 ran in:  12.161975860595703
Exciton, frame 9751 ran in:  11.66831088066101
Exciton, frame 9752 ran in:  11.932103157043457
Exciton, frame 9753 ran in:  12.025176525115967
Exciton, frame 9754 ran in:  12.390772819519043
Exciton, frame 9755 ran in:  11.850255250930786
Exciton, frame 9756 ran in:  11.649513959884644
Exciton, frame 9757 ran in:  11.91431212425232
Exciton, frame 9758 ran in:  12.334160327911377
Exciton, frame 9759 ran in:  12.3403799533844
Exciton, frame 9760 ran in:  11.82154631614685
Exciton, frame 9761 ran in:  12.07538628578186
Exciton, frame 9762 ran in:  12.173755407333374
Exciton, frame 9763 ran in:  11.950776100158691
Exciton, frame 9764 ran in:  11.905649900436401
Exciton, frame 9765 ran in:  12.132076978683472
Exciton, frame 9766 ran in:  11.907052755355835
Exciton, frame 9767 ran in:  11.581270217895508
Exciton, frame 9768 ran in:  11.528999328613281
Exciton, frame 9769 ran in:  12.402077674865723
Exciton, frame 9770 ran in:  12.035370111465454
Exciton, frame 9771 ran in:  12.282689571380615
Exciton, frame 9772 ran in:  11.885520935058594
Exciton, frame 9773 ran in:  12.73008108139038
Exciton, frame 9774 ran in:  11.879539728164673
Exciton, frame 9775 ran in:  11.883845090866089
Exciton, frame 9776 ran in:  12.248140573501587
Exciton, frame 9777 ran in:  11.948460817337036
Exciton, frame 9778 ran in:  11.698694705963135
Exciton, frame 9779 ran in:  12.033945322036743
Exciton, frame 9780 ran in:  11.941587209701538
Exciton, frame 9781 ran in:  12.415751218795776
Exciton, frame 9782 ran in:  11.683265209197998
Exciton, frame 9783 ran in:  11.951378107070923
Exciton, frame 9784 ran in:  11.594824075698853
Exciton, frame 9785 ran in:  11.76231050491333
Exciton, frame 9786 ran in:  11.872260808944702
Exciton, frame 9787 ran in:  11.914869785308838
Exciton, frame 9788 ran in:  12.29233694076538
Exciton, frame 9789 ran in:  11.780487060546875
Exciton, frame 9790 ran in:  11.993656158447266
Exciton, frame 9791 ran in:  11.823115348815918
Exciton, frame 9792 ran in:  12.433090209960938
Exciton, frame 9793 ran in:  12.0200936794281
Exciton, frame 9794 ran in:  11.728301763534546
Exciton, frame 9795 ran in:  11.76009202003479
Exciton, frame 9796 ran in:  12.272788524627686
Exciton, frame 9797 ran in:  12.48123049736023
Exciton, frame 9798 ran in:  11.817872762680054
Exciton, frame 9799 ran in:  11.898990631103516
Exciton, frame 9800 ran in:  12.453280925750732
Exciton, frame 9801 ran in:  12.165058851242065
Exciton, frame 9802 ran in:  11.985657691955566
Exciton, frame 9803 ran in:  12.199394941329956
Exciton, frame 9804 ran in:  11.950167417526245
Exciton, frame 9805 ran in:  12.184681415557861
Exciton, frame 9806 ran in:  12.979406595230103
Exciton, frame 9807 ran in:  11.987952947616577
Exciton, frame 9808 ran in:  12.0527822971344
Exciton, frame 9809 ran in:  11.92626166343689
Exciton, frame 9810 ran in:  11.769835233688354
Exciton, frame 9811 ran in:  11.931880235671997
Exciton, frame 9812 ran in:  12.047739744186401
Exciton, frame 9813 ran in:  11.710391998291016
Exciton, frame 9814 ran in:  12.026979923248291
Exciton, frame 9815 ran in:  12.341609716415405
Exciton, frame 9816 ran in:  11.657891511917114
Exciton, frame 9817 ran in:  11.88172698020935
Exciton, frame 9818 ran in:  11.714725732803345
Exciton, frame 9819 ran in:  12.004000902175903
Exciton, frame 9820 ran in:  11.813988447189331
Exciton, frame 9821 ran in:  12.41647458076477
Exciton, frame 9822 ran in:  11.747690677642822
Exciton, frame 9823 ran in:  12.293246030807495
Exciton, frame 9824 ran in:  12.076529026031494
Exciton, frame 9825 ran in:  11.943391799926758
Exciton, frame 9826 ran in:  12.1101393699646
Exciton, frame 9827 ran in:  12.139894247055054
Exciton, frame 9828 ran in:  11.725593328475952
Exciton, frame 9829 ran in:  12.057500123977661
Exciton, frame 9830 ran in:  12.541184425354004
Exciton, frame 9831 ran in:  12.034449577331543
Exciton, frame 9832 ran in:  11.435349702835083
Exciton, frame 9833 ran in:  12.121301889419556
Exciton, frame 9834 ran in:  12.132919311523438
Exciton, frame 9835 ran in:  11.700256586074829
Exciton, frame 9836 ran in:  11.758787155151367
Exciton, frame 9837 ran in:  11.858691692352295
Exciton, frame 9838 ran in:  11.914245128631592
Exciton, frame 9839 ran in:  11.706048488616943
Exciton, frame 9840 ran in:  12.069420099258423
Exciton, frame 9841 ran in:  12.079541444778442
Exciton, frame 9842 ran in:  12.17349910736084
Exciton, frame 9843 ran in:  11.779478549957275
Exciton, frame 9844 ran in:  12.069194793701172
Exciton, frame 9845 ran in:  11.777040958404541
Exciton, frame 9846 ran in:  11.985500574111938
Exciton, frame 9847 ran in:  12.005696296691895
Exciton, frame 9848 ran in:  12.420934915542603
Exciton, frame 9849 ran in:  11.824725151062012
Exciton, frame 9850 ran in:  11.966874361038208
Exciton, frame 9851 ran in:  12.182511329650879
Exciton, frame 9852 ran in:  11.408182144165039
Exciton, frame 9853 ran in:  12.129944801330566
Exciton, frame 9854 ran in:  12.42569351196289
Exciton, frame 9855 ran in:  11.644162654876709
Exciton, frame 9856 ran in:  11.896178722381592
Exciton, frame 9857 ran in:  11.909483671188354
Exciton, frame 9858 ran in:  11.967732191085815
Exciton, frame 9859 ran in:  12.467148542404175
Exciton, frame 9860 ran in:  11.964170455932617
Exciton, frame 9861 ran in:  11.995898723602295
Exciton, frame 9862 ran in:  11.649632215499878
Exciton, frame 9863 ran in:  12.119609117507935
Exciton, frame 9864 ran in:  11.930721521377563
Exciton, frame 9865 ran in:  11.745304584503174
Exciton, frame 9866 ran in:  11.837252616882324
Exciton, frame 9867 ran in:  11.826318264007568
Exciton, frame 9868 ran in:  12.180604934692383
Exciton, frame 9869 ran in:  11.645636081695557
Exciton, frame 9870 ran in:  11.610923528671265
Exciton, frame 9871 ran in:  12.057044744491577
Exciton, frame 9872 ran in:  11.84581732749939
Exciton, frame 9873 ran in:  11.834456205368042
Exciton, frame 9874 ran in:  11.71270751953125
Exciton, frame 9875 ran in:  12.144935369491577
Exciton, frame 9876 ran in:  11.922429084777832
Exciton, frame 9877 ran in:  12.116802215576172
Exciton, frame 9878 ran in:  11.958308219909668
Exciton, frame 9879 ran in:  11.661360025405884
Exciton, frame 9880 ran in:  11.81710147857666
Exciton, frame 9881 ran in:  11.948887825012207
Exciton, frame 9882 ran in:  11.663941144943237
Exciton, frame 9883 ran in:  12.0964994430542
Exciton, frame 9884 ran in:  12.287780523300171
Exciton, frame 9885 ran in:  12.202828645706177
Exciton, frame 9886 ran in:  11.997431516647339
Exciton, frame 9887 ran in:  12.12194275856018
Exciton, frame 9888 ran in:  11.84830904006958
Exciton, frame 9889 ran in:  12.062939167022705
Exciton, frame 9890 ran in:  11.76930832862854
Exciton, frame 9891 ran in:  11.85167145729065
Exciton, frame 9892 ran in:  12.25062370300293
Exciton, frame 9893 ran in:  12.059650421142578
Exciton, frame 9894 ran in:  12.475453615188599
Exciton, frame 9895 ran in:  11.76943039894104
Exciton, frame 9896 ran in:  12.333872556686401
Exciton, frame 9897 ran in:  11.819026708602905
Exciton, frame 9898 ran in:  12.025714635848999
Exciton, frame 9899 ran in:  11.957523584365845
Exciton, frame 9900 ran in:  12.085875511169434
Exciton, frame 9901 ran in:  11.768577575683594
Exciton, frame 9902 ran in:  11.670100212097168
Exciton, frame 9903 ran in:  11.930906295776367
Exciton, frame 9904 ran in:  11.598068475723267
Exciton, frame 9905 ran in:  11.911368370056152
Exciton, frame 9906 ran in:  12.20477843284607
Exciton, frame 9907 ran in:  11.887614727020264
Exciton, frame 9908 ran in:  12.722384929656982
Exciton, frame 9909 ran in:  11.718328952789307
Exciton, frame 9910 ran in:  11.888660669326782
Exciton, frame 9911 ran in:  12.16820478439331
Exciton, frame 9912 ran in:  11.66207504272461
Exciton, frame 9913 ran in:  12.053756713867188
Exciton, frame 9914 ran in:  11.888831615447998
Exciton, frame 9915 ran in:  11.674631118774414
Exciton, frame 9916 ran in:  11.886475324630737
Exciton, frame 9917 ran in:  12.076714992523193
Exciton, frame 9918 ran in:  12.434796810150146
Exciton, frame 9919 ran in:  11.792839765548706
Exciton, frame 9920 ran in:  11.618491172790527
Exciton, frame 9921 ran in:  11.79780101776123
Exciton, frame 9922 ran in:  12.558904886245728
Exciton, frame 9923 ran in:  11.714984893798828
Exciton, frame 9924 ran in:  11.644718885421753
Exciton, frame 9925 ran in:  11.79405927658081
Exciton, frame 9926 ran in:  12.146979093551636
Exciton, frame 9927 ran in:  12.161799907684326
Exciton, frame 9928 ran in:  12.302303314208984
Exciton, frame 9929 ran in:  12.214803218841553
Exciton, frame 9930 ran in:  11.678657293319702
Exciton, frame 9931 ran in:  11.656362771987915
Exciton, frame 9932 ran in:  12.086072444915771
Exciton, frame 9933 ran in:  11.743223905563354
Exciton, frame 9934 ran in:  12.025618314743042
Exciton, frame 9935 ran in:  12.068633317947388
Exciton, frame 9936 ran in:  11.635297298431396
Exciton, frame 9937 ran in:  12.324882507324219
Exciton, frame 9938 ran in:  11.672775030136108
Exciton, frame 9939 ran in:  12.140771389007568
Exciton, frame 9940 ran in:  11.853174686431885
Exciton, frame 9941 ran in:  11.743624210357666
Exciton, frame 9942 ran in:  11.635601043701172
Exciton, frame 9943 ran in:  11.788726806640625
Exciton, frame 9944 ran in:  11.734341144561768
Exciton, frame 9945 ran in:  11.91140866279602
Exciton, frame 9946 ran in:  11.915497541427612
Exciton, frame 9947 ran in:  12.340447187423706
Exciton, frame 9948 ran in:  11.624381065368652
Exciton, frame 9949 ran in:  11.706810235977173
Exciton, frame 9950 ran in:  11.974515914916992
Exciton, frame 9951 ran in:  12.026742219924927
Exciton, frame 9952 ran in:  11.978521585464478
Exciton, frame 9953 ran in:  12.183107376098633
Exciton, frame 9954 ran in:  11.969847202301025
Exciton, frame 9955 ran in:  11.910802125930786
Exciton, frame 9956 ran in:  11.921370506286621
Exciton, frame 9957 ran in:  11.652109384536743
Exciton, frame 9958 ran in:  12.214528799057007
Exciton, frame 9959 ran in:  11.973610162734985
Exciton, frame 9960 ran in:  11.837496757507324
Exciton, frame 9961 ran in:  12.156972169876099
Exciton, frame 9962 ran in:  11.78250241279602
Exciton, frame 9963 ran in:  12.010009288787842
Exciton, frame 9964 ran in:  12.177915573120117
Exciton, frame 9965 ran in:  11.853686094284058
Exciton, frame 9966 ran in:  11.93694257736206
Exciton, frame 9967 ran in:  11.628094911575317
Exciton, frame 9968 ran in:  12.038312673568726
Exciton, frame 9969 ran in:  11.961541175842285
Exciton, frame 9970 ran in:  11.844977617263794
Exciton, frame 9971 ran in:  11.929595232009888
Exciton, frame 9972 ran in:  12.370180130004883
Exciton, frame 9973 ran in:  11.876194715499878
Exciton, frame 9974 ran in:  11.712868690490723
Exciton, frame 9975 ran in:  11.787775039672852
Exciton, frame 9976 ran in:  12.263753890991211
Exciton, frame 9977 ran in:  11.986156702041626
Exciton, frame 9978 ran in:  11.71714973449707
Exciton, frame 9979 ran in:  11.714597940444946
Exciton, frame 9980 ran in:  12.172372341156006
Exciton, frame 9981 ran in:  12.272438287734985
Exciton, frame 9982 ran in:  11.853604078292847
Exciton, frame 9983 ran in:  12.241695404052734
Exciton, frame 9984 ran in:  12.589484930038452
Exciton, frame 9985 ran in:  11.979398727416992
Exciton, frame 9986 ran in:  11.98759388923645
Exciton, frame 9987 ran in:  11.89950704574585
Exciton, frame 9988 ran in:  12.285064458847046
Exciton, frame 9989 ran in:  11.828241109848022
Exciton, frame 9990 ran in:  12.378537893295288
Exciton, frame 9991 ran in:  12.045348644256592
Exciton, frame 9992 ran in:  12.202231407165527
Exciton, frame 9993 ran in:  11.57782506942749
Exciton, frame 9994 ran in:  12.099120140075684
Exciton, frame 9995 ran in:  11.89090085029602
Exciton, frame 9996 ran in:  12.09227466583252
Exciton, frame 9997 ran in:  11.526766538619995
Exciton, frame 9998 ran in:  11.66598916053772
Exciton, frame 9999 ran in:  11.902459621429443
Finished 'run_trajectory' in 12241.403990 secs
