cpu-bind=MASK - bp1-compute068, task 4294967295 4294967295 [0]: mask 0xfffff0fffff set
/user/home/of15641/.conda/envs/openmm/bin/python
Finished 'load_dcd_file' in 38.513663 secs
Exciton, frame 1000 ran in:  13.971380710601807
Exciton, frame 1001 ran in:  12.288424253463745
Exciton, frame 1002 ran in:  12.335907936096191
Exciton, frame 1003 ran in:  11.880975484848022
Exciton, frame 1004 ran in:  12.383254528045654
Exciton, frame 1005 ran in:  12.143351316452026
Exciton, frame 1006 ran in:  12.24491572380066
Exciton, frame 1007 ran in:  12.232210636138916
Exciton, frame 1008 ran in:  12.253239870071411
Exciton, frame 1009 ran in:  12.341408491134644
Exciton, frame 1010 ran in:  12.261434316635132
Exciton, frame 1011 ran in:  12.180266857147217
Exciton, frame 1012 ran in:  11.912544012069702
Exciton, frame 1013 ran in:  12.070830583572388
Exciton, frame 1014 ran in:  12.52233338356018
Exciton, frame 1015 ran in:  11.83259391784668
Exciton, frame 1016 ran in:  12.185969352722168
Exciton, frame 1017 ran in:  12.488195419311523
Exciton, frame 1018 ran in:  12.176668167114258
Exciton, frame 1019 ran in:  12.526715993881226
Exciton, frame 1020 ran in:  12.306050300598145
Exciton, frame 1021 ran in:  11.986371755599976
Exciton, frame 1022 ran in:  12.147318840026855
Exciton, frame 1023 ran in:  12.41980504989624
Exciton, frame 1024 ran in:  12.084099531173706
Exciton, frame 1025 ran in:  12.29276442527771
Exciton, frame 1026 ran in:  12.192954301834106
Exciton, frame 1027 ran in:  12.034069061279297
Exciton, frame 1028 ran in:  12.35208010673523
Exciton, frame 1029 ran in:  11.688461065292358
Exciton, frame 1030 ran in:  11.680328845977783
Exciton, frame 1031 ran in:  12.392367124557495
Exciton, frame 1032 ran in:  11.891327142715454
Exciton, frame 1033 ran in:  12.279590129852295
Exciton, frame 1034 ran in:  11.856394290924072
Exciton, frame 1035 ran in:  12.070700883865356
Exciton, frame 1036 ran in:  12.269217491149902
Exciton, frame 1037 ran in:  11.676389217376709
Exciton, frame 1038 ran in:  12.439242839813232
Exciton, frame 1039 ran in:  11.98331093788147
Exciton, frame 1040 ran in:  11.944359540939331
Exciton, frame 1041 ran in:  12.223841667175293
Exciton, frame 1042 ran in:  11.81273603439331
Exciton, frame 1043 ran in:  12.131415128707886
Exciton, frame 1044 ran in:  12.124053239822388
Exciton, frame 1045 ran in:  12.221304416656494
Exciton, frame 1046 ran in:  12.21375036239624
Exciton, frame 1047 ran in:  12.431016206741333
Exciton, frame 1048 ran in:  12.143845081329346
Exciton, frame 1049 ran in:  12.627899408340454
Exciton, frame 1050 ran in:  12.181916236877441
Exciton, frame 1051 ran in:  12.170219421386719
Exciton, frame 1052 ran in:  12.164982080459595
Exciton, frame 1053 ran in:  11.916156768798828
Exciton, frame 1054 ran in:  11.964391708374023
Exciton, frame 1055 ran in:  12.348886251449585
Exciton, frame 1056 ran in:  11.849640130996704
Exciton, frame 1057 ran in:  12.096393346786499
Exciton, frame 1058 ran in:  12.028707504272461
Exciton, frame 1059 ran in:  11.938360214233398
Exciton, frame 1060 ran in:  11.707109212875366
Exciton, frame 1061 ran in:  11.993150472640991
Exciton, frame 1062 ran in:  12.07211422920227
Exciton, frame 1063 ran in:  12.32477355003357
Exciton, frame 1064 ran in:  12.134408473968506
Exciton, frame 1065 ran in:  12.466111183166504
Exciton, frame 1066 ran in:  11.971973419189453
Exciton, frame 1067 ran in:  11.920230388641357
Exciton, frame 1068 ran in:  12.120139837265015
Exciton, frame 1069 ran in:  12.49131155014038
Exciton, frame 1070 ran in:  12.18660855293274
Exciton, frame 1071 ran in:  11.966187953948975
Exciton, frame 1072 ran in:  12.047027349472046
Exciton, frame 1073 ran in:  12.356953382492065
Exciton, frame 1074 ran in:  11.973923921585083
Exciton, frame 1075 ran in:  12.281156778335571
Exciton, frame 1076 ran in:  11.690746068954468
Exciton, frame 1077 ran in:  12.176260709762573
Exciton, frame 1078 ran in:  12.538292646408081
Exciton, frame 1079 ran in:  12.32890510559082
Exciton, frame 1080 ran in:  11.967383861541748
Exciton, frame 1081 ran in:  11.994422197341919
Exciton, frame 1082 ran in:  12.19737434387207
Exciton, frame 1083 ran in:  12.080673694610596
Exciton, frame 1084 ran in:  12.095577716827393
Exciton, frame 1085 ran in:  12.221454620361328
Exciton, frame 1086 ran in:  12.077138423919678
Exciton, frame 1087 ran in:  12.03927493095398
Exciton, frame 1088 ran in:  12.711652278900146
Exciton, frame 1089 ran in:  12.33026909828186
Exciton, frame 1090 ran in:  12.13513708114624
Exciton, frame 1091 ran in:  12.391520977020264
Exciton, frame 1092 ran in:  11.987736701965332
Exciton, frame 1093 ran in:  12.439954996109009
Exciton, frame 1094 ran in:  12.232607126235962
Exciton, frame 1095 ran in:  12.336781740188599
Exciton, frame 1096 ran in:  12.461867809295654
Exciton, frame 1097 ran in:  12.270750284194946
Exciton, frame 1098 ran in:  12.495519876480103
Exciton, frame 1099 ran in:  12.484107494354248
Exciton, frame 1100 ran in:  12.196470737457275
Exciton, frame 1101 ran in:  12.164188623428345
Exciton, frame 1102 ran in:  12.244514226913452
Exciton, frame 1103 ran in:  12.102094888687134
Exciton, frame 1104 ran in:  12.077883958816528
Exciton, frame 1105 ran in:  12.521714925765991
Exciton, frame 1106 ran in:  12.358501434326172
Exciton, frame 1107 ran in:  12.527131795883179
Exciton, frame 1108 ran in:  12.483527898788452
Exciton, frame 1109 ran in:  12.284754276275635
Exciton, frame 1110 ran in:  12.374186754226685
Exciton, frame 1111 ran in:  12.006667852401733
Exciton, frame 1112 ran in:  12.418612718582153
Exciton, frame 1113 ran in:  12.014737844467163
Exciton, frame 1114 ran in:  12.298031091690063
Exciton, frame 1115 ran in:  12.370234727859497
Exciton, frame 1116 ran in:  12.19631576538086
Exciton, frame 1117 ran in:  12.417954921722412
Exciton, frame 1118 ran in:  12.14079737663269
Exciton, frame 1119 ran in:  12.370525360107422
Exciton, frame 1120 ran in:  12.623921155929565
Exciton, frame 1121 ran in:  12.0808265209198
Exciton, frame 1122 ran in:  12.061730861663818
Exciton, frame 1123 ran in:  12.198498249053955
Exciton, frame 1124 ran in:  11.763470888137817
Exciton, frame 1125 ran in:  12.067237615585327
Exciton, frame 1126 ran in:  12.10798454284668
Exciton, frame 1127 ran in:  12.327249526977539
Exciton, frame 1128 ran in:  12.430986881256104
Exciton, frame 1129 ran in:  12.134615421295166
Exciton, frame 1130 ran in:  12.439544916152954
Exciton, frame 1131 ran in:  12.149768114089966
Exciton, frame 1132 ran in:  12.146886348724365
Exciton, frame 1133 ran in:  11.975146055221558
Exciton, frame 1134 ran in:  12.044503927230835
Exciton, frame 1135 ran in:  12.063769340515137
Exciton, frame 1136 ran in:  12.00130033493042
Exciton, frame 1137 ran in:  12.452754735946655
Exciton, frame 1138 ran in:  12.565133810043335
Exciton, frame 1139 ran in:  12.430281400680542
Exciton, frame 1140 ran in:  12.007022380828857
Exciton, frame 1141 ran in:  12.109070539474487
Exciton, frame 1142 ran in:  11.98435926437378
Exciton, frame 1143 ran in:  11.942246913909912
Exciton, frame 1144 ran in:  12.241291284561157
Exciton, frame 1145 ran in:  12.070756673812866
Exciton, frame 1146 ran in:  12.41295838356018
Exciton, frame 1147 ran in:  12.285484790802002
Exciton, frame 1148 ran in:  12.45128345489502
Exciton, frame 1149 ran in:  12.202296257019043
Exciton, frame 1150 ran in:  12.342175960540771
Exciton, frame 1151 ran in:  12.392984867095947
Exciton, frame 1152 ran in:  12.352837085723877
Exciton, frame 1153 ran in:  12.357632637023926
Exciton, frame 1154 ran in:  11.881886959075928
Exciton, frame 1155 ran in:  12.238359689712524
Exciton, frame 1156 ran in:  11.932873487472534
Exciton, frame 1157 ran in:  12.166091203689575
Exciton, frame 1158 ran in:  12.471077680587769
Exciton, frame 1159 ran in:  12.208674669265747
Exciton, frame 1160 ran in:  12.180262804031372
Exciton, frame 1161 ran in:  11.82086443901062
Exciton, frame 1162 ran in:  12.139287948608398
Exciton, frame 1163 ran in:  12.015347719192505
Exciton, frame 1164 ran in:  12.327226400375366
Exciton, frame 1165 ran in:  12.300178050994873
Exciton, frame 1166 ran in:  12.019804239273071
Exciton, frame 1167 ran in:  11.92134690284729
Exciton, frame 1168 ran in:  11.951582908630371
Exciton, frame 1169 ran in:  12.027461051940918
Exciton, frame 1170 ran in:  12.451772689819336
Exciton, frame 1171 ran in:  12.010451793670654
Exciton, frame 1172 ran in:  12.05660343170166
Exciton, frame 1173 ran in:  11.814544677734375
Exciton, frame 1174 ran in:  12.039012908935547
Exciton, frame 1175 ran in:  11.840065479278564
Exciton, frame 1176 ran in:  12.335602760314941
Exciton, frame 1177 ran in:  12.025426149368286
Exciton, frame 1178 ran in:  12.327333688735962
Exciton, frame 1179 ran in:  11.935794353485107
Exciton, frame 1180 ran in:  12.062058448791504
Exciton, frame 1181 ran in:  12.02449893951416
Exciton, frame 1182 ran in:  12.655910968780518
Exciton, frame 1183 ran in:  12.18678903579712
Exciton, frame 1184 ran in:  12.157865524291992
Exciton, frame 1185 ran in:  12.508779764175415
Exciton, frame 1186 ran in:  11.809793472290039
Exciton, frame 1187 ran in:  12.367729663848877
Exciton, frame 1188 ran in:  12.127921342849731
Exciton, frame 1189 ran in:  12.496058225631714
Exciton, frame 1190 ran in:  12.209433555603027
Exciton, frame 1191 ran in:  12.174538612365723
Exciton, frame 1192 ran in:  12.187392234802246
Exciton, frame 1193 ran in:  12.285384178161621
Exciton, frame 1194 ran in:  12.323567628860474
Exciton, frame 1195 ran in:  11.994417905807495
Exciton, frame 1196 ran in:  12.259144306182861
Exciton, frame 1197 ran in:  12.237658739089966
Exciton, frame 1198 ran in:  11.632853031158447
Exciton, frame 1199 ran in:  12.245445728302002
Exciton, frame 1200 ran in:  11.663019180297852
Exciton, frame 1201 ran in:  11.925145864486694
Exciton, frame 1202 ran in:  12.280240297317505
Exciton, frame 1203 ran in:  12.151504755020142
Exciton, frame 1204 ran in:  11.818075895309448
Exciton, frame 1205 ran in:  12.441991329193115
Exciton, frame 1206 ran in:  12.085038900375366
Exciton, frame 1207 ran in:  12.020590782165527
Exciton, frame 1208 ran in:  12.545600652694702
Exciton, frame 1209 ran in:  11.983890533447266
Exciton, frame 1210 ran in:  12.235345125198364
Exciton, frame 1211 ran in:  12.061946392059326
Exciton, frame 1212 ran in:  11.983383655548096
Exciton, frame 1213 ran in:  12.18000054359436
Exciton, frame 1214 ran in:  12.023937940597534
Exciton, frame 1215 ran in:  12.00736117362976
Exciton, frame 1216 ran in:  12.430415153503418
Exciton, frame 1217 ran in:  11.971069574356079
Exciton, frame 1218 ran in:  12.463990211486816
Exciton, frame 1219 ran in:  12.11062502861023
Exciton, frame 1220 ran in:  12.426966428756714
Exciton, frame 1221 ran in:  12.306061506271362
Exciton, frame 1222 ran in:  12.279623985290527
Exciton, frame 1223 ran in:  12.475765466690063
Exciton, frame 1224 ran in:  12.529529094696045
Exciton, frame 1225 ran in:  12.588945150375366
Exciton, frame 1226 ran in:  12.548932313919067
Exciton, frame 1227 ran in:  12.306254148483276
Exciton, frame 1228 ran in:  12.335486888885498
Exciton, frame 1229 ran in:  12.299811363220215
Exciton, frame 1230 ran in:  12.03428339958191
Exciton, frame 1231 ran in:  12.289620399475098
Exciton, frame 1232 ran in:  12.133968353271484
Exciton, frame 1233 ran in:  12.012901544570923
Exciton, frame 1234 ran in:  12.226356744766235
Exciton, frame 1235 ran in:  12.050018310546875
Exciton, frame 1236 ran in:  11.968935012817383
Exciton, frame 1237 ran in:  11.701010704040527
Exciton, frame 1238 ran in:  12.412487506866455
Exciton, frame 1239 ran in:  12.161780595779419
Exciton, frame 1240 ran in:  12.121588706970215
Exciton, frame 1241 ran in:  12.004363298416138
Exciton, frame 1242 ran in:  11.919783353805542
Exciton, frame 1243 ran in:  11.929484367370605
Exciton, frame 1244 ran in:  12.144885540008545
Exciton, frame 1245 ran in:  12.382714033126831
Exciton, frame 1246 ran in:  12.619582891464233
Exciton, frame 1247 ran in:  12.090229272842407
Exciton, frame 1248 ran in:  12.14805793762207
Exciton, frame 1249 ran in:  12.112290859222412
Exciton, frame 1250 ran in:  12.38837194442749
Exciton, frame 1251 ran in:  12.206663608551025
Exciton, frame 1252 ran in:  12.314447164535522
Exciton, frame 1253 ran in:  12.366447448730469
Exciton, frame 1254 ran in:  12.248914241790771
Exciton, frame 1255 ran in:  12.828419923782349
Exciton, frame 1256 ran in:  12.308637857437134
Exciton, frame 1257 ran in:  12.185584306716919
Exciton, frame 1258 ran in:  12.433575630187988
Exciton, frame 1259 ran in:  12.38804292678833
Exciton, frame 1260 ran in:  12.081684350967407
Exciton, frame 1261 ran in:  11.789254903793335
Exciton, frame 1262 ran in:  12.101377010345459
Exciton, frame 1263 ran in:  12.274081468582153
Exciton, frame 1264 ran in:  12.016490697860718
Exciton, frame 1265 ran in:  12.149563312530518
Exciton, frame 1266 ran in:  12.016409158706665
Exciton, frame 1267 ran in:  11.949869871139526
Exciton, frame 1268 ran in:  12.03095817565918
Exciton, frame 1269 ran in:  12.155754566192627
Exciton, frame 1270 ran in:  12.104193925857544
Exciton, frame 1271 ran in:  11.795524597167969
Exciton, frame 1272 ran in:  12.205704689025879
Exciton, frame 1273 ran in:  12.345998525619507
Exciton, frame 1274 ran in:  12.20344877243042
Exciton, frame 1275 ran in:  12.493832349777222
Exciton, frame 1276 ran in:  12.667369604110718
Exciton, frame 1277 ran in:  12.018393278121948
Exciton, frame 1278 ran in:  11.862082481384277
Exciton, frame 1279 ran in:  12.15743350982666
Exciton, frame 1280 ran in:  12.082094192504883
Exciton, frame 1281 ran in:  12.390244722366333
Exciton, frame 1282 ran in:  12.15949296951294
Exciton, frame 1283 ran in:  12.05171537399292
Exciton, frame 1284 ran in:  12.01547360420227
Exciton, frame 1285 ran in:  12.247436285018921
Exciton, frame 1286 ran in:  12.232925415039062
Exciton, frame 1287 ran in:  11.871848106384277
Exciton, frame 1288 ran in:  12.309024095535278
Exciton, frame 1289 ran in:  11.805065155029297
Exciton, frame 1290 ran in:  11.991772174835205
Exciton, frame 1291 ran in:  12.311803579330444
Exciton, frame 1292 ran in:  12.213843822479248
Exciton, frame 1293 ran in:  12.48897123336792
Exciton, frame 1294 ran in:  12.169119834899902
Exciton, frame 1295 ran in:  12.25468134880066
Exciton, frame 1296 ran in:  12.07490587234497
Exciton, frame 1297 ran in:  12.306757688522339
Exciton, frame 1298 ran in:  12.073051691055298
Exciton, frame 1299 ran in:  12.480127334594727
Exciton, frame 1300 ran in:  12.210292339324951
Exciton, frame 1301 ran in:  12.502687692642212
Exciton, frame 1302 ran in:  12.179955244064331
Exciton, frame 1303 ran in:  12.625578165054321
Exciton, frame 1304 ran in:  12.361820697784424
Exciton, frame 1305 ran in:  12.238032341003418
Exciton, frame 1306 ran in:  12.048899173736572
Exciton, frame 1307 ran in:  12.75589632987976
Exciton, frame 1308 ran in:  12.072613716125488
Exciton, frame 1309 ran in:  12.360365867614746
Exciton, frame 1310 ran in:  12.00849723815918
Exciton, frame 1311 ran in:  11.685773611068726
Exciton, frame 1312 ran in:  11.939852476119995
Exciton, frame 1313 ran in:  11.95313048362732
Exciton, frame 1314 ran in:  11.960883617401123
Exciton, frame 1315 ran in:  12.02894926071167
Exciton, frame 1316 ran in:  12.384252309799194
Exciton, frame 1317 ran in:  12.06961989402771
Exciton, frame 1318 ran in:  12.12003779411316
Exciton, frame 1319 ran in:  11.964874982833862
Exciton, frame 1320 ran in:  12.180694818496704
Exciton, frame 1321 ran in:  12.105871677398682
Exciton, frame 1322 ran in:  11.924664735794067
Exciton, frame 1323 ran in:  11.85175108909607
Exciton, frame 1324 ran in:  12.16524338722229
Exciton, frame 1325 ran in:  12.097535371780396
Exciton, frame 1326 ran in:  12.024805545806885
Exciton, frame 1327 ran in:  12.652307748794556
Exciton, frame 1328 ran in:  12.362621307373047
Exciton, frame 1329 ran in:  12.414238452911377
Exciton, frame 1330 ran in:  12.641946077346802
Exciton, frame 1331 ran in:  12.033850908279419
Exciton, frame 1332 ran in:  12.389901399612427
Exciton, frame 1333 ran in:  12.293127298355103
Exciton, frame 1334 ran in:  12.02918553352356
Exciton, frame 1335 ran in:  12.468915224075317
Exciton, frame 1336 ran in:  12.114482641220093
Exciton, frame 1337 ran in:  12.121227979660034
Exciton, frame 1338 ran in:  12.179365873336792
Exciton, frame 1339 ran in:  12.777997970581055
Exciton, frame 1340 ran in:  12.376466751098633
Exciton, frame 1341 ran in:  12.546470642089844
Exciton, frame 1342 ran in:  11.982316970825195
Exciton, frame 1343 ran in:  12.686858892440796
Exciton, frame 1344 ran in:  12.171927213668823
Exciton, frame 1345 ran in:  12.052928447723389
Exciton, frame 1346 ran in:  13.00865888595581
Exciton, frame 1347 ran in:  12.050359725952148
Exciton, frame 1348 ran in:  12.295133590698242
Exciton, frame 1349 ran in:  12.123706102371216
Exciton, frame 1350 ran in:  12.096943855285645
Exciton, frame 1351 ran in:  12.00386357307434
Exciton, frame 1352 ran in:  12.174998044967651
Exciton, frame 1353 ran in:  12.17072343826294
Exciton, frame 1354 ran in:  12.240339040756226
Exciton, frame 1355 ran in:  11.984727382659912
Exciton, frame 1356 ran in:  12.228746175765991
Exciton, frame 1357 ran in:  12.179847478866577
Exciton, frame 1358 ran in:  11.974568367004395
Exciton, frame 1359 ran in:  12.662809610366821
Exciton, frame 1360 ran in:  12.43828010559082
Exciton, frame 1361 ran in:  12.101852416992188
Exciton, frame 1362 ran in:  12.10519289970398
Exciton, frame 1363 ran in:  12.379016876220703
Exciton, frame 1364 ran in:  12.14289927482605
Exciton, frame 1365 ran in:  12.226971626281738
Exciton, frame 1366 ran in:  12.272452116012573
Exciton, frame 1367 ran in:  12.065474510192871
Exciton, frame 1368 ran in:  12.148078441619873
Exciton, frame 1369 ran in:  11.847130060195923
Exciton, frame 1370 ran in:  12.523264646530151
Exciton, frame 1371 ran in:  12.123723268508911
Exciton, frame 1372 ran in:  12.457998275756836
Exciton, frame 1373 ran in:  12.304917573928833
Exciton, frame 1374 ran in:  12.461003303527832
Exciton, frame 1375 ran in:  12.129801273345947
Exciton, frame 1376 ran in:  12.293157815933228
Exciton, frame 1377 ran in:  12.324658870697021
Exciton, frame 1378 ran in:  12.27274775505066
Exciton, frame 1379 ran in:  12.225336074829102
Exciton, frame 1380 ran in:  12.32662558555603
Exciton, frame 1381 ran in:  12.037042140960693
Exciton, frame 1382 ran in:  12.299604177474976
Exciton, frame 1383 ran in:  12.279182434082031
Exciton, frame 1384 ran in:  12.263460874557495
Exciton, frame 1385 ran in:  12.38563346862793
Exciton, frame 1386 ran in:  12.503977537155151
Exciton, frame 1387 ran in:  12.069247007369995
Exciton, frame 1388 ran in:  12.242725849151611
Exciton, frame 1389 ran in:  12.595415592193604
Exciton, frame 1390 ran in:  12.264353275299072
Exciton, frame 1391 ran in:  12.020280599594116
Exciton, frame 1392 ran in:  12.278509616851807
Exciton, frame 1393 ran in:  12.264255046844482
Exciton, frame 1394 ran in:  12.244935274124146
Exciton, frame 1395 ran in:  12.418022632598877
Exciton, frame 1396 ran in:  12.265198945999146
Exciton, frame 1397 ran in:  12.71516489982605
Exciton, frame 1398 ran in:  12.196245193481445
Exciton, frame 1399 ran in:  12.63062047958374
Exciton, frame 1400 ran in:  12.478797674179077
Exciton, frame 1401 ran in:  11.905509948730469
Exciton, frame 1402 ran in:  12.251274347305298
Exciton, frame 1403 ran in:  12.4071204662323
Exciton, frame 1404 ran in:  11.896779298782349
Exciton, frame 1405 ran in:  12.013600826263428
Exciton, frame 1406 ran in:  12.397562026977539
Exciton, frame 1407 ran in:  12.1614089012146
Exciton, frame 1408 ran in:  12.599852800369263
Exciton, frame 1409 ran in:  12.15081262588501
Exciton, frame 1410 ran in:  12.302318572998047
Exciton, frame 1411 ran in:  12.430505990982056
Exciton, frame 1412 ran in:  12.332603216171265
Exciton, frame 1413 ran in:  12.48666787147522
Exciton, frame 1414 ran in:  12.333527565002441
Exciton, frame 1415 ran in:  12.170015096664429
Exciton, frame 1416 ran in:  12.346237659454346
Exciton, frame 1417 ran in:  12.07309627532959
Exciton, frame 1418 ran in:  12.288280248641968
Exciton, frame 1419 ran in:  12.372984647750854
Exciton, frame 1420 ran in:  11.816692590713501
Exciton, frame 1421 ran in:  12.312718152999878
Exciton, frame 1422 ran in:  12.261539697647095
Exciton, frame 1423 ran in:  12.181274175643921
Exciton, frame 1424 ran in:  12.54109263420105
Exciton, frame 1425 ran in:  12.131706714630127
Exciton, frame 1426 ran in:  12.400230646133423
Exciton, frame 1427 ran in:  12.103962182998657
Exciton, frame 1428 ran in:  12.111445903778076
Exciton, frame 1429 ran in:  12.104432106018066
Exciton, frame 1430 ran in:  12.026805639266968
Exciton, frame 1431 ran in:  12.274917364120483
Exciton, frame 1432 ran in:  11.959547996520996
Exciton, frame 1433 ran in:  12.344592809677124
Exciton, frame 1434 ran in:  12.474085092544556
Exciton, frame 1435 ran in:  12.170288324356079
Exciton, frame 1436 ran in:  12.734293222427368
Exciton, frame 1437 ran in:  12.003046989440918
Exciton, frame 1438 ran in:  12.205569505691528
Exciton, frame 1439 ran in:  12.14713454246521
Exciton, frame 1440 ran in:  12.167525053024292
Exciton, frame 1441 ran in:  12.13417649269104
Exciton, frame 1442 ran in:  11.935073614120483
Exciton, frame 1443 ran in:  12.350454092025757
Exciton, frame 1444 ran in:  12.518230199813843
Exciton, frame 1445 ran in:  12.589663028717041
Exciton, frame 1446 ran in:  12.014694213867188
Exciton, frame 1447 ran in:  12.063981771469116
Exciton, frame 1448 ran in:  12.060619831085205
Exciton, frame 1449 ran in:  11.855875492095947
Exciton, frame 1450 ran in:  11.966423511505127
Exciton, frame 1451 ran in:  12.300506353378296
Exciton, frame 1452 ran in:  12.6675283908844
Exciton, frame 1453 ran in:  12.041438341140747
Exciton, frame 1454 ran in:  12.33495044708252
Exciton, frame 1455 ran in:  12.08078932762146
Exciton, frame 1456 ran in:  12.06087613105774
Exciton, frame 1457 ran in:  11.847749710083008
Exciton, frame 1458 ran in:  11.943554639816284
Exciton, frame 1459 ran in:  12.67696762084961
Exciton, frame 1460 ran in:  12.44726276397705
Exciton, frame 1461 ran in:  12.369078636169434
Exciton, frame 1462 ran in:  11.921962976455688
Exciton, frame 1463 ran in:  12.22027039527893
Exciton, frame 1464 ran in:  12.157724380493164
Exciton, frame 1465 ran in:  12.155178308486938
Exciton, frame 1466 ran in:  12.462308883666992
Exciton, frame 1467 ran in:  11.981782913208008
Exciton, frame 1468 ran in:  12.092753171920776
Exciton, frame 1469 ran in:  12.752295970916748
Exciton, frame 1470 ran in:  12.64796257019043
Exciton, frame 1471 ran in:  11.78619647026062
Exciton, frame 1472 ran in:  12.059266567230225
Exciton, frame 1473 ran in:  12.275792837142944
Exciton, frame 1474 ran in:  12.013062238693237
Exciton, frame 1475 ran in:  12.389620542526245
Exciton, frame 1476 ran in:  11.86381983757019
Exciton, frame 1477 ran in:  12.274731397628784
Exciton, frame 1478 ran in:  12.179651737213135
Exciton, frame 1479 ran in:  12.175364017486572
Exciton, frame 1480 ran in:  12.243268966674805
Exciton, frame 1481 ran in:  11.674630641937256
Exciton, frame 1482 ran in:  11.828056573867798
Exciton, frame 1483 ran in:  11.957982063293457
Exciton, frame 1484 ran in:  12.792858839035034
Exciton, frame 1485 ran in:  12.102593660354614
Exciton, frame 1486 ran in:  12.610750198364258
Exciton, frame 1487 ran in:  12.23435091972351
Exciton, frame 1488 ran in:  12.223994970321655
Exciton, frame 1489 ran in:  12.235213041305542
Exciton, frame 1490 ran in:  12.393691539764404
Exciton, frame 1491 ran in:  12.008350133895874
Exciton, frame 1492 ran in:  11.929620742797852
Exciton, frame 1493 ran in:  12.371448278427124
Exciton, frame 1494 ran in:  13.083653688430786
Exciton, frame 1495 ran in:  12.014139175415039
Exciton, frame 1496 ran in:  12.3031325340271
Exciton, frame 1497 ran in:  12.6043062210083
Exciton, frame 1498 ran in:  12.741172790527344
Exciton, frame 1499 ran in:  11.74500322341919
Exciton, frame 1500 ran in:  11.917009592056274
Exciton, frame 1501 ran in:  12.936683654785156
Exciton, frame 1502 ran in:  12.009345054626465
Exciton, frame 1503 ran in:  11.91063904762268
Exciton, frame 1504 ran in:  12.219150066375732
Exciton, frame 1505 ran in:  12.228795289993286
Exciton, frame 1506 ran in:  11.879167318344116
Exciton, frame 1507 ran in:  12.06909441947937
Exciton, frame 1508 ran in:  12.269675493240356
Exciton, frame 1509 ran in:  12.349965810775757
Exciton, frame 1510 ran in:  11.991901636123657
Exciton, frame 1511 ran in:  12.126109600067139
Exciton, frame 1512 ran in:  12.067595958709717
Exciton, frame 1513 ran in:  12.263133525848389
Exciton, frame 1514 ran in:  12.55438756942749
Exciton, frame 1515 ran in:  12.092175722122192
Exciton, frame 1516 ran in:  11.931451320648193
Exciton, frame 1517 ran in:  12.168428897857666
Exciton, frame 1518 ran in:  12.47500991821289
Exciton, frame 1519 ran in:  12.174978733062744
Exciton, frame 1520 ran in:  12.29724669456482
Exciton, frame 1521 ran in:  12.402544736862183
Exciton, frame 1522 ran in:  11.991726636886597
Exciton, frame 1523 ran in:  12.008471012115479
Exciton, frame 1524 ran in:  12.201918363571167
Exciton, frame 1525 ran in:  11.997838497161865
Exciton, frame 1526 ran in:  12.111087083816528
Exciton, frame 1527 ran in:  12.663520097732544
Exciton, frame 1528 ran in:  11.848434209823608
Exciton, frame 1529 ran in:  12.21051549911499
Exciton, frame 1530 ran in:  12.12934398651123
Exciton, frame 1531 ran in:  11.91741156578064
Exciton, frame 1532 ran in:  12.233695030212402
Exciton, frame 1533 ran in:  12.316314220428467
Exciton, frame 1534 ran in:  11.967496633529663
Exciton, frame 1535 ran in:  12.27668809890747
Exciton, frame 1536 ran in:  12.247637748718262
Exciton, frame 1537 ran in:  12.151652812957764
Exciton, frame 1538 ran in:  12.008199453353882
Exciton, frame 1539 ran in:  12.479607582092285
Exciton, frame 1540 ran in:  12.292477369308472
Exciton, frame 1541 ran in:  12.422086715698242
Exciton, frame 1542 ran in:  12.198603391647339
Exciton, frame 1543 ran in:  12.283560752868652
Exciton, frame 1544 ran in:  12.117730617523193
Exciton, frame 1545 ran in:  12.573125123977661
Exciton, frame 1546 ran in:  12.30138111114502
Exciton, frame 1547 ran in:  12.670814514160156
Exciton, frame 1548 ran in:  12.275783777236938
Exciton, frame 1549 ran in:  12.528316259384155
Exciton, frame 1550 ran in:  12.077134847640991
Exciton, frame 1551 ran in:  12.229396104812622
Exciton, frame 1552 ran in:  12.123713970184326
Exciton, frame 1553 ran in:  11.999554872512817
Exciton, frame 1554 ran in:  12.267624139785767
Exciton, frame 1555 ran in:  12.097726821899414
Exciton, frame 1556 ran in:  11.953434467315674
Exciton, frame 1557 ran in:  11.99883508682251
Exciton, frame 1558 ran in:  12.348494291305542
Exciton, frame 1559 ran in:  11.818682193756104
Exciton, frame 1560 ran in:  12.0565824508667
Exciton, frame 1561 ran in:  11.853952169418335
Exciton, frame 1562 ran in:  12.021041631698608
Exciton, frame 1563 ran in:  12.226948499679565
Exciton, frame 1564 ran in:  11.996857643127441
Exciton, frame 1565 ran in:  12.073589086532593
Exciton, frame 1566 ran in:  12.37890625
Exciton, frame 1567 ran in:  11.843048572540283
Exciton, frame 1568 ran in:  12.379791975021362
Exciton, frame 1569 ran in:  12.339980840682983
Exciton, frame 1570 ran in:  12.149076223373413
Exciton, frame 1571 ran in:  12.215427875518799
Exciton, frame 1572 ran in:  12.155228853225708
Exciton, frame 1573 ran in:  12.29049015045166
Exciton, frame 1574 ran in:  12.049366474151611
Exciton, frame 1575 ran in:  12.190654277801514
Exciton, frame 1576 ran in:  11.961361646652222
Exciton, frame 1577 ran in:  12.34041166305542
Exciton, frame 1578 ran in:  12.092677116394043
Exciton, frame 1579 ran in:  12.380014896392822
Exciton, frame 1580 ran in:  11.779323101043701
Exciton, frame 1581 ran in:  12.013832569122314
Exciton, frame 1582 ran in:  12.258890151977539
Exciton, frame 1583 ran in:  12.292668104171753
Exciton, frame 1584 ran in:  12.11841106414795
Exciton, frame 1585 ran in:  12.360614538192749
Exciton, frame 1586 ran in:  12.31883716583252
Exciton, frame 1587 ran in:  12.050549983978271
Exciton, frame 1588 ran in:  12.288378953933716
Exciton, frame 1589 ran in:  12.963013887405396
Exciton, frame 1590 ran in:  12.199861526489258
Exciton, frame 1591 ran in:  12.094847679138184
Exciton, frame 1592 ran in:  12.413716316223145
Exciton, frame 1593 ran in:  12.29087209701538
Exciton, frame 1594 ran in:  12.0943603515625
Exciton, frame 1595 ran in:  12.44710373878479
Exciton, frame 1596 ran in:  12.396755933761597
Exciton, frame 1597 ran in:  11.954689979553223
Exciton, frame 1598 ran in:  11.768693208694458
Exciton, frame 1599 ran in:  11.795641660690308
Exciton, frame 1600 ran in:  12.143045902252197
Exciton, frame 1601 ran in:  12.52979302406311
Exciton, frame 1602 ran in:  11.90010380744934
Exciton, frame 1603 ran in:  12.199777364730835
Exciton, frame 1604 ran in:  12.161186695098877
Exciton, frame 1605 ran in:  12.140751838684082
Exciton, frame 1606 ran in:  12.284444093704224
Exciton, frame 1607 ran in:  11.983022212982178
Exciton, frame 1608 ran in:  12.02954649925232
Exciton, frame 1609 ran in:  12.159430742263794
Exciton, frame 1610 ran in:  12.131932973861694
Exciton, frame 1611 ran in:  12.142023801803589
Exciton, frame 1612 ran in:  12.339168548583984
Exciton, frame 1613 ran in:  11.984497547149658
Exciton, frame 1614 ran in:  12.139317274093628
Exciton, frame 1615 ran in:  11.979857444763184
Exciton, frame 1616 ran in:  12.37124490737915
Exciton, frame 1617 ran in:  11.799195051193237
Exciton, frame 1618 ran in:  12.339376449584961
Exciton, frame 1619 ran in:  12.309092044830322
Exciton, frame 1620 ran in:  12.391531229019165
Exciton, frame 1621 ran in:  12.266719579696655
Exciton, frame 1622 ran in:  12.145514726638794
Exciton, frame 1623 ran in:  12.169302940368652
Exciton, frame 1624 ran in:  11.898776054382324
Exciton, frame 1625 ran in:  12.63763976097107
Exciton, frame 1626 ran in:  12.612451791763306
Exciton, frame 1627 ran in:  12.775718688964844
Exciton, frame 1628 ran in:  11.895886182785034
Exciton, frame 1629 ran in:  12.30922245979309
Exciton, frame 1630 ran in:  12.273809909820557
Exciton, frame 1631 ran in:  12.22274661064148
Exciton, frame 1632 ran in:  12.273391723632812
Exciton, frame 1633 ran in:  12.089438915252686
Exciton, frame 1634 ran in:  12.165455341339111
Exciton, frame 1635 ran in:  12.428314924240112
Exciton, frame 1636 ran in:  12.438392400741577
Exciton, frame 1637 ran in:  12.450994491577148
Exciton, frame 1638 ran in:  11.881047010421753
Exciton, frame 1639 ran in:  12.347801923751831
Exciton, frame 1640 ran in:  12.108880519866943
Exciton, frame 1641 ran in:  12.486638307571411
Exciton, frame 1642 ran in:  12.485157012939453
Exciton, frame 1643 ran in:  12.336437940597534
Exciton, frame 1644 ran in:  12.279117345809937
Exciton, frame 1645 ran in:  12.353893756866455
Exciton, frame 1646 ran in:  11.930455684661865
Exciton, frame 1647 ran in:  11.79235315322876
Exciton, frame 1648 ran in:  11.79993987083435
Exciton, frame 1649 ran in:  12.300397872924805
Exciton, frame 1650 ran in:  12.276384115219116
Exciton, frame 1651 ran in:  12.133713006973267
Exciton, frame 1652 ran in:  12.319010257720947
Exciton, frame 1653 ran in:  11.90843915939331
Exciton, frame 1654 ran in:  12.129117488861084
Exciton, frame 1655 ran in:  12.322077512741089
Exciton, frame 1656 ran in:  12.386494636535645
Exciton, frame 1657 ran in:  12.2611722946167
Exciton, frame 1658 ran in:  12.096813917160034
Exciton, frame 1659 ran in:  12.056858777999878
Exciton, frame 1660 ran in:  12.173327922821045
Exciton, frame 1661 ran in:  12.270496368408203
Exciton, frame 1662 ran in:  12.180591583251953
Exciton, frame 1663 ran in:  12.4303457736969
Exciton, frame 1664 ran in:  12.440868377685547
Exciton, frame 1665 ran in:  12.240956783294678
Exciton, frame 1666 ran in:  12.38654112815857
Exciton, frame 1667 ran in:  11.967039585113525
Exciton, frame 1668 ran in:  11.946599006652832
Exciton, frame 1669 ran in:  12.066067934036255
Exciton, frame 1670 ran in:  12.084416389465332
Exciton, frame 1671 ran in:  12.191110134124756
Exciton, frame 1672 ran in:  11.8083975315094
Exciton, frame 1673 ran in:  11.85382890701294
Exciton, frame 1674 ran in:  12.08313250541687
Exciton, frame 1675 ran in:  11.903267860412598
Exciton, frame 1676 ran in:  12.252123832702637
Exciton, frame 1677 ran in:  11.974364519119263
Exciton, frame 1678 ran in:  12.411221742630005
Exciton, frame 1679 ran in:  12.615546226501465
Exciton, frame 1680 ran in:  12.362370729446411
Exciton, frame 1681 ran in:  12.078736782073975
Exciton, frame 1682 ran in:  11.869740724563599
Exciton, frame 1683 ran in:  12.846497535705566
Exciton, frame 1684 ran in:  12.148142576217651
Exciton, frame 1685 ran in:  11.826181411743164
Exciton, frame 1686 ran in:  12.049499750137329
Exciton, frame 1687 ran in:  12.084613561630249
Exciton, frame 1688 ran in:  12.561727046966553
Exciton, frame 1689 ran in:  12.340210676193237
Exciton, frame 1690 ran in:  12.134576082229614
Exciton, frame 1691 ran in:  12.078502893447876
Exciton, frame 1692 ran in:  12.47046947479248
Exciton, frame 1693 ran in:  11.880313158035278
Exciton, frame 1694 ran in:  11.922333002090454
Exciton, frame 1695 ran in:  12.252192974090576
Exciton, frame 1696 ran in:  12.944992542266846
Exciton, frame 1697 ran in:  12.023158311843872
Exciton, frame 1698 ran in:  12.45197343826294
Exciton, frame 1699 ran in:  12.195481538772583
Exciton, frame 1700 ran in:  12.36652135848999
Exciton, frame 1701 ran in:  12.131157636642456
Exciton, frame 1702 ran in:  11.947919845581055
Exciton, frame 1703 ran in:  12.149096488952637
Exciton, frame 1704 ran in:  12.601803064346313
Exciton, frame 1705 ran in:  11.955490827560425
Exciton, frame 1706 ran in:  12.384536743164062
Exciton, frame 1707 ran in:  12.168619394302368
Exciton, frame 1708 ran in:  11.890502214431763
Exciton, frame 1709 ran in:  12.10524582862854
Exciton, frame 1710 ran in:  12.092344045639038
Exciton, frame 1711 ran in:  12.035349130630493
Exciton, frame 1712 ran in:  12.229495763778687
Exciton, frame 1713 ran in:  11.784565925598145
Exciton, frame 1714 ran in:  12.056464910507202
Exciton, frame 1715 ran in:  12.586228370666504
Exciton, frame 1716 ran in:  12.152364492416382
Exciton, frame 1717 ran in:  12.411609888076782
Exciton, frame 1718 ran in:  12.37790560722351
Exciton, frame 1719 ran in:  12.174580335617065
Exciton, frame 1720 ran in:  12.018357992172241
Exciton, frame 1721 ran in:  12.316939115524292
Exciton, frame 1722 ran in:  12.494510650634766
Exciton, frame 1723 ran in:  11.62985634803772
Exciton, frame 1724 ran in:  12.010794401168823
Exciton, frame 1725 ran in:  11.89855694770813
Exciton, frame 1726 ran in:  12.717633724212646
Exciton, frame 1727 ran in:  11.916854858398438
Exciton, frame 1728 ran in:  11.97557806968689
Exciton, frame 1729 ran in:  12.19086742401123
Exciton, frame 1730 ran in:  12.230530261993408
Exciton, frame 1731 ran in:  11.984163999557495
Exciton, frame 1732 ran in:  12.228933572769165
Exciton, frame 1733 ran in:  12.15542197227478
Exciton, frame 1734 ran in:  12.27101993560791
Exciton, frame 1735 ran in:  12.39641261100769
Exciton, frame 1736 ran in:  11.945260763168335
Exciton, frame 1737 ran in:  12.067514181137085
Exciton, frame 1738 ran in:  12.423233270645142
Exciton, frame 1739 ran in:  11.995870351791382
Exciton, frame 1740 ran in:  12.325349569320679
Exciton, frame 1741 ran in:  11.795800924301147
Exciton, frame 1742 ran in:  12.049619436264038
Exciton, frame 1743 ran in:  11.915146350860596
Exciton, frame 1744 ran in:  12.171370267868042
Exciton, frame 1745 ran in:  12.375607967376709
Exciton, frame 1746 ran in:  12.502171039581299
Exciton, frame 1747 ran in:  12.270719289779663
Exciton, frame 1748 ran in:  12.31067180633545
Exciton, frame 1749 ran in:  12.188403129577637
Exciton, frame 1750 ran in:  12.039159297943115
Exciton, frame 1751 ran in:  11.939433336257935
Exciton, frame 1752 ran in:  11.914039134979248
Exciton, frame 1753 ran in:  11.965532302856445
Exciton, frame 1754 ran in:  12.220620393753052
Exciton, frame 1755 ran in:  12.150392770767212
Exciton, frame 1756 ran in:  11.90137529373169
Exciton, frame 1757 ran in:  12.216333866119385
Exciton, frame 1758 ran in:  12.279865503311157
Exciton, frame 1759 ran in:  12.018326044082642
Exciton, frame 1760 ran in:  12.275717973709106
Exciton, frame 1761 ran in:  12.578549146652222
Exciton, frame 1762 ran in:  12.067885160446167
Exciton, frame 1763 ran in:  12.043375015258789
Exciton, frame 1764 ran in:  12.00437045097351
Exciton, frame 1765 ran in:  12.107271432876587
Exciton, frame 1766 ran in:  12.346521615982056
Exciton, frame 1767 ran in:  12.565865516662598
Exciton, frame 1768 ran in:  12.114338636398315
Exciton, frame 1769 ran in:  12.161122560501099
Exciton, frame 1770 ran in:  12.356516122817993
Exciton, frame 1771 ran in:  12.274638652801514
Exciton, frame 1772 ran in:  11.817816972732544
Exciton, frame 1773 ran in:  11.95867657661438
Exciton, frame 1774 ran in:  12.364727258682251
Exciton, frame 1775 ran in:  12.084309339523315
Exciton, frame 1776 ran in:  11.939772844314575
Exciton, frame 1777 ran in:  12.233897686004639
Exciton, frame 1778 ran in:  12.423282146453857
Exciton, frame 1779 ran in:  12.313249588012695
Exciton, frame 1780 ran in:  12.255295991897583
Exciton, frame 1781 ran in:  12.209786415100098
Exciton, frame 1782 ran in:  11.871827602386475
Exciton, frame 1783 ran in:  12.177537679672241
Exciton, frame 1784 ran in:  12.333017110824585
Exciton, frame 1785 ran in:  12.044832944869995
Exciton, frame 1786 ran in:  11.982234477996826
Exciton, frame 1787 ran in:  12.515578269958496
Exciton, frame 1788 ran in:  12.447160720825195
Exciton, frame 1789 ran in:  11.955053091049194
Exciton, frame 1790 ran in:  12.263133764266968
Exciton, frame 1791 ran in:  12.422055006027222
Exciton, frame 1792 ran in:  11.990813493728638
Exciton, frame 1793 ran in:  12.24939489364624
Exciton, frame 1794 ran in:  11.755117177963257
Exciton, frame 1795 ran in:  11.978420495986938
Exciton, frame 1796 ran in:  12.584139108657837
Exciton, frame 1797 ran in:  11.915862321853638
Exciton, frame 1798 ran in:  12.018306970596313
Exciton, frame 1799 ran in:  12.353137493133545
Exciton, frame 1800 ran in:  11.773739337921143
Exciton, frame 1801 ran in:  12.285775899887085
Exciton, frame 1802 ran in:  11.942322492599487
Exciton, frame 1803 ran in:  11.973247051239014
Exciton, frame 1804 ran in:  12.157466173171997
Exciton, frame 1805 ran in:  12.310239315032959
Exciton, frame 1806 ran in:  12.34258770942688
Exciton, frame 1807 ran in:  12.167075634002686
Exciton, frame 1808 ran in:  12.4034583568573
Exciton, frame 1809 ran in:  11.972124338150024
Exciton, frame 1810 ran in:  12.33993935585022
Exciton, frame 1811 ran in:  11.97284746170044
Exciton, frame 1812 ran in:  12.057482719421387
Exciton, frame 1813 ran in:  12.194085836410522
Exciton, frame 1814 ran in:  11.910959482192993
Exciton, frame 1815 ran in:  12.606551170349121
Exciton, frame 1816 ran in:  12.148843765258789
Exciton, frame 1817 ran in:  12.313268899917603
Exciton, frame 1818 ran in:  12.29532527923584
Exciton, frame 1819 ran in:  11.92849087715149
Exciton, frame 1820 ran in:  11.944430351257324
Exciton, frame 1821 ran in:  11.874253034591675
Exciton, frame 1822 ran in:  12.49318552017212
Exciton, frame 1823 ran in:  11.939052104949951
Exciton, frame 1824 ran in:  12.201833009719849
Exciton, frame 1825 ran in:  12.841371297836304
Exciton, frame 1826 ran in:  12.410407066345215
Exciton, frame 1827 ran in:  12.124826669692993
Exciton, frame 1828 ran in:  12.088205099105835
Exciton, frame 1829 ran in:  12.282023429870605
Exciton, frame 1830 ran in:  11.985968828201294
Exciton, frame 1831 ran in:  12.362017393112183
Exciton, frame 1832 ran in:  12.030352592468262
Exciton, frame 1833 ran in:  12.185852766036987
Exciton, frame 1834 ran in:  12.037866353988647
Exciton, frame 1835 ran in:  12.4230055809021
Exciton, frame 1836 ran in:  11.91153597831726
Exciton, frame 1837 ran in:  12.050080299377441
Exciton, frame 1838 ran in:  11.922940015792847
Exciton, frame 1839 ran in:  11.995429754257202
Exciton, frame 1840 ran in:  12.19211745262146
Exciton, frame 1841 ran in:  12.21794056892395
Exciton, frame 1842 ran in:  12.094497203826904
Exciton, frame 1843 ran in:  11.879146814346313
Exciton, frame 1844 ran in:  12.233879804611206
Exciton, frame 1845 ran in:  12.195990085601807
Exciton, frame 1846 ran in:  12.076577425003052
Exciton, frame 1847 ran in:  12.332449674606323
Exciton, frame 1848 ran in:  12.081328630447388
Exciton, frame 1849 ran in:  11.892533779144287
Exciton, frame 1850 ran in:  11.94552993774414
Exciton, frame 1851 ran in:  12.269612073898315
Exciton, frame 1852 ran in:  11.971363306045532
Exciton, frame 1853 ran in:  12.510887861251831
Exciton, frame 1854 ran in:  12.264512062072754
Exciton, frame 1855 ran in:  12.110378742218018
Exciton, frame 1856 ran in:  12.225180387496948
Exciton, frame 1857 ran in:  12.066376686096191
Exciton, frame 1858 ran in:  11.891577005386353
Exciton, frame 1859 ran in:  12.352930784225464
Exciton, frame 1860 ran in:  12.050366878509521
Exciton, frame 1861 ran in:  12.632651329040527
Exciton, frame 1862 ran in:  12.309932231903076
Exciton, frame 1863 ran in:  12.123811721801758
Exciton, frame 1864 ran in:  11.980040073394775
Exciton, frame 1865 ran in:  12.270979881286621
Exciton, frame 1866 ran in:  12.25074052810669
Exciton, frame 1867 ran in:  12.341652393341064
Exciton, frame 1868 ran in:  12.21567153930664
Exciton, frame 1869 ran in:  12.655402898788452
Exciton, frame 1870 ran in:  11.887107610702515
Exciton, frame 1871 ran in:  12.403243064880371
Exciton, frame 1872 ran in:  12.346820831298828
Exciton, frame 1873 ran in:  12.247354984283447
Exciton, frame 1874 ran in:  12.097220659255981
Exciton, frame 1875 ran in:  12.062865257263184
Exciton, frame 1876 ran in:  11.984501361846924
Exciton, frame 1877 ran in:  12.371384382247925
Exciton, frame 1878 ran in:  12.184041261672974
Exciton, frame 1879 ran in:  12.075436115264893
Exciton, frame 1880 ran in:  12.125711917877197
Exciton, frame 1881 ran in:  11.755719900131226
Exciton, frame 1882 ran in:  12.080262422561646
Exciton, frame 1883 ran in:  12.201384544372559
Exciton, frame 1884 ran in:  12.582357168197632
Exciton, frame 1885 ran in:  12.200866937637329
Exciton, frame 1886 ran in:  11.9000883102417
Exciton, frame 1887 ran in:  12.087329864501953
Exciton, frame 1888 ran in:  11.95068621635437
Exciton, frame 1889 ran in:  12.186826944351196
Exciton, frame 1890 ran in:  12.531135082244873
Exciton, frame 1891 ran in:  11.940717935562134
Exciton, frame 1892 ran in:  12.186321496963501
Exciton, frame 1893 ran in:  11.974892139434814
Exciton, frame 1894 ran in:  12.205548286437988
Exciton, frame 1895 ran in:  12.015942096710205
Exciton, frame 1896 ran in:  11.974595546722412
Exciton, frame 1897 ran in:  11.889801263809204
Exciton, frame 1898 ran in:  11.889134168624878
Exciton, frame 1899 ran in:  12.060178995132446
Exciton, frame 1900 ran in:  12.154748439788818
Exciton, frame 1901 ran in:  12.429842233657837
Exciton, frame 1902 ran in:  12.358415842056274
Exciton, frame 1903 ran in:  12.030938386917114
Exciton, frame 1904 ran in:  12.164608001708984
Exciton, frame 1905 ran in:  11.800597906112671
Exciton, frame 1906 ran in:  12.062906265258789
Exciton, frame 1907 ran in:  12.026395559310913
Exciton, frame 1908 ran in:  12.161073446273804
Exciton, frame 1909 ran in:  12.61642575263977
Exciton, frame 1910 ran in:  12.143729209899902
Exciton, frame 1911 ran in:  12.328455686569214
Exciton, frame 1912 ran in:  12.371234893798828
Exciton, frame 1913 ran in:  12.028400659561157
Exciton, frame 1914 ran in:  12.324337244033813
Exciton, frame 1915 ran in:  11.963770151138306
Exciton, frame 1916 ran in:  12.271595001220703
Exciton, frame 1917 ran in:  12.10824704170227
Exciton, frame 1918 ran in:  12.021266222000122
Exciton, frame 1919 ran in:  12.055474758148193
Exciton, frame 1920 ran in:  11.906057357788086
Exciton, frame 1921 ran in:  12.421884298324585
Exciton, frame 1922 ran in:  12.147969484329224
Exciton, frame 1923 ran in:  12.16286587715149
Exciton, frame 1924 ran in:  12.008824348449707
Exciton, frame 1925 ran in:  12.132752418518066
Exciton, frame 1926 ran in:  11.930390119552612
Exciton, frame 1927 ran in:  12.030396223068237
Exciton, frame 1928 ran in:  12.670812129974365
Exciton, frame 1929 ran in:  12.072649240493774
Exciton, frame 1930 ran in:  12.339704990386963
Exciton, frame 1931 ran in:  12.45640778541565
Exciton, frame 1932 ran in:  12.85997200012207
Exciton, frame 1933 ran in:  11.952146530151367
Exciton, frame 1934 ran in:  12.358967304229736
Exciton, frame 1935 ran in:  12.35565710067749
Exciton, frame 1936 ran in:  12.426497220993042
Exciton, frame 1937 ran in:  12.30135703086853
Exciton, frame 1938 ran in:  12.426675796508789
Exciton, frame 1939 ran in:  12.22949743270874
Exciton, frame 1940 ran in:  11.819334745407104
Exciton, frame 1941 ran in:  12.245372295379639
Exciton, frame 1942 ran in:  12.163092136383057
Exciton, frame 1943 ran in:  12.410969018936157
Exciton, frame 1944 ran in:  12.25287413597107
Exciton, frame 1945 ran in:  11.999345541000366
Exciton, frame 1946 ran in:  11.934661149978638
Exciton, frame 1947 ran in:  12.156867742538452
Exciton, frame 1948 ran in:  11.799755096435547
Exciton, frame 1949 ran in:  12.098013639450073
Exciton, frame 1950 ran in:  11.98500943183899
Exciton, frame 1951 ran in:  11.832101583480835
Exciton, frame 1952 ran in:  12.093063116073608
Exciton, frame 1953 ran in:  11.809288263320923
Exciton, frame 1954 ran in:  12.009849548339844
Exciton, frame 1955 ran in:  12.137230396270752
Exciton, frame 1956 ran in:  12.138101577758789
Exciton, frame 1957 ran in:  12.06258225440979
Exciton, frame 1958 ran in:  12.151508808135986
Exciton, frame 1959 ran in:  12.151870489120483
Exciton, frame 1960 ran in:  12.197523593902588
Exciton, frame 1961 ran in:  12.400110960006714
Exciton, frame 1962 ran in:  12.14549207687378
Exciton, frame 1963 ran in:  11.857902765274048
Exciton, frame 1964 ran in:  12.018173217773438
Exciton, frame 1965 ran in:  12.355809926986694
Exciton, frame 1966 ran in:  12.286895275115967
Exciton, frame 1967 ran in:  11.976622104644775
Exciton, frame 1968 ran in:  12.401556968688965
Exciton, frame 1969 ran in:  12.141861915588379
Exciton, frame 1970 ran in:  11.894519805908203
Exciton, frame 1971 ran in:  11.872828960418701
Exciton, frame 1972 ran in:  12.111009359359741
Exciton, frame 1973 ran in:  12.30410885810852
Exciton, frame 1974 ran in:  12.395444869995117
Exciton, frame 1975 ran in:  11.98984432220459
Exciton, frame 1976 ran in:  12.023391008377075
Exciton, frame 1977 ran in:  12.470773935317993
Exciton, frame 1978 ran in:  12.271284818649292
Exciton, frame 1979 ran in:  12.309457540512085
Exciton, frame 1980 ran in:  12.646580934524536
Exciton, frame 1981 ran in:  12.008782863616943
Exciton, frame 1982 ran in:  12.288973093032837
Exciton, frame 1983 ran in:  12.2841055393219
Exciton, frame 1984 ran in:  12.222835540771484
Exciton, frame 1985 ran in:  11.909438610076904
Exciton, frame 1986 ran in:  11.94163727760315
Exciton, frame 1987 ran in:  11.847263813018799
Exciton, frame 1988 ran in:  12.165303468704224
Exciton, frame 1989 ran in:  12.113929033279419
Exciton, frame 1990 ran in:  12.312297582626343
Exciton, frame 1991 ran in:  12.177627086639404
Exciton, frame 1992 ran in:  12.105936527252197
Exciton, frame 1993 ran in:  12.03352665901184
Exciton, frame 1994 ran in:  11.860803127288818
Exciton, frame 1995 ran in:  12.295580863952637
Exciton, frame 1996 ran in:  11.981871128082275
Exciton, frame 1997 ran in:  12.682356834411621
Exciton, frame 1998 ran in:  12.009942770004272
Exciton, frame 1999 ran in:  12.092884540557861
Finished 'run_trajectory' in 12353.775978 secs
