cpu-bind=MASK - bp1-compute197, task 4294967295 4294967295 [0]: mask 0xfffff000fffff set
/user/home/of15641/.conda/envs/openmm/bin/python
Finished 'load_dcd_file' in 58.752862 secs
Exciton, frame 8000 ran in:  12.272706270217896
Exciton, frame 8001 ran in:  10.262396097183228
Exciton, frame 8002 ran in:  10.203964233398438
Exciton, frame 8003 ran in:  11.276034116744995
Exciton, frame 8004 ran in:  12.449875354766846
Exciton, frame 8005 ran in:  10.564004182815552
Exciton, frame 8006 ran in:  10.246914863586426
Exciton, frame 8007 ran in:  11.215692043304443
Exciton, frame 8008 ran in:  10.145225763320923
Exciton, frame 8009 ran in:  10.321329355239868
Exciton, frame 8010 ran in:  10.43017840385437
Exciton, frame 8011 ran in:  10.39633059501648
Exciton, frame 8012 ran in:  10.750065088272095
Exciton, frame 8013 ran in:  10.795532941818237
Exciton, frame 8014 ran in:  10.19577431678772
Exciton, frame 8015 ran in:  10.34660530090332
Exciton, frame 8016 ran in:  10.545552968978882
Exciton, frame 8017 ran in:  10.687852382659912
Exciton, frame 8018 ran in:  14.420247793197632
Exciton, frame 8019 ran in:  10.150581121444702
Exciton, frame 8020 ran in:  10.4466392993927
Exciton, frame 8021 ran in:  10.583183526992798
Exciton, frame 8022 ran in:  10.862900972366333
Exciton, frame 8023 ran in:  10.428234815597534
Exciton, frame 8024 ran in:  11.140129566192627
Exciton, frame 8025 ran in:  11.124475240707397
Exciton, frame 8026 ran in:  10.568787574768066
Exciton, frame 8027 ran in:  10.734617710113525
Exciton, frame 8028 ran in:  11.994775295257568
Exciton, frame 8029 ran in:  10.900154829025269
Exciton, frame 8030 ran in:  10.151705980300903
Exciton, frame 8031 ran in:  11.62965202331543
Exciton, frame 8032 ran in:  11.046640157699585
Exciton, frame 8033 ran in:  10.345033645629883
Exciton, frame 8034 ran in:  10.46468472480774
Exciton, frame 8035 ran in:  10.707374334335327
Exciton, frame 8036 ran in:  10.304455995559692
Exciton, frame 8037 ran in:  10.910448551177979
Exciton, frame 8038 ran in:  10.553488969802856
Exciton, frame 8039 ran in:  10.628716468811035
Exciton, frame 8040 ran in:  11.39946985244751
Exciton, frame 8041 ran in:  13.173501968383789
Exciton, frame 8042 ran in:  11.386661767959595
Exciton, frame 8043 ran in:  10.220463275909424
Exciton, frame 8044 ran in:  11.612560033798218
Exciton, frame 8045 ran in:  10.358209133148193
Exciton, frame 8046 ran in:  11.786340951919556
Exciton, frame 8047 ran in:  10.850866079330444
Exciton, frame 8048 ran in:  10.404710292816162
Exciton, frame 8049 ran in:  10.469419479370117
Exciton, frame 8050 ran in:  10.487999200820923
Exciton, frame 8051 ran in:  11.76997184753418
Exciton, frame 8052 ran in:  11.597980499267578
Exciton, frame 8053 ran in:  10.76836633682251
Exciton, frame 8054 ran in:  10.547545671463013
Exciton, frame 8055 ran in:  10.319780588150024
Exciton, frame 8056 ran in:  10.505574703216553
Exciton, frame 8057 ran in:  10.051820755004883
Exciton, frame 8058 ran in:  10.343494415283203
Exciton, frame 8059 ran in:  12.112653255462646
Exciton, frame 8060 ran in:  10.804718732833862
Exciton, frame 8061 ran in:  11.161696195602417
Exciton, frame 8062 ran in:  11.749136447906494
Exciton, frame 8063 ran in:  10.986016750335693
Exciton, frame 8064 ran in:  11.156494140625
Exciton, frame 8065 ran in:  11.075182676315308
Exciton, frame 8066 ran in:  12.07795524597168
Exciton, frame 8067 ran in:  10.2165048122406
Exciton, frame 8068 ran in:  11.611511468887329
Exciton, frame 8069 ran in:  10.650506734848022
Exciton, frame 8070 ran in:  12.12761640548706
Exciton, frame 8071 ran in:  10.373917579650879
Exciton, frame 8072 ran in:  10.680299043655396
Exciton, frame 8073 ran in:  11.719888687133789
Exciton, frame 8074 ran in:  12.49873661994934
Exciton, frame 8075 ran in:  11.268544912338257
Exciton, frame 8076 ran in:  10.428775072097778
Exciton, frame 8077 ran in:  10.439005136489868
Exciton, frame 8078 ran in:  10.310870170593262
Exciton, frame 8079 ran in:  10.572840452194214
Exciton, frame 8080 ran in:  10.621122121810913
Exciton, frame 8081 ran in:  10.686824560165405
Exciton, frame 8082 ran in:  10.25239872932434
Exciton, frame 8083 ran in:  10.498661756515503
Exciton, frame 8084 ran in:  12.029306650161743
Exciton, frame 8085 ran in:  10.215461730957031
Exciton, frame 8086 ran in:  12.697414636611938
Exciton, frame 8087 ran in:  10.524266004562378
Exciton, frame 8088 ran in:  13.50301218032837
Exciton, frame 8089 ran in:  11.960871696472168
Exciton, frame 8090 ran in:  10.223443746566772
Exciton, frame 8091 ran in:  12.389564037322998
Exciton, frame 8092 ran in:  11.996898889541626
Exciton, frame 8093 ran in:  10.227102994918823
Exciton, frame 8094 ran in:  10.446409702301025
Exciton, frame 8095 ran in:  10.795601844787598
Exciton, frame 8096 ran in:  10.659934520721436
Exciton, frame 8097 ran in:  10.228174209594727
Exciton, frame 8098 ran in:  11.214800834655762
Exciton, frame 8099 ran in:  10.317859649658203
Exciton, frame 8100 ran in:  10.522286653518677
Exciton, frame 8101 ran in:  11.656067371368408
Exciton, frame 8102 ran in:  10.695338010787964
Exciton, frame 8103 ran in:  10.864049434661865
Exciton, frame 8104 ran in:  10.767115592956543
Exciton, frame 8105 ran in:  10.649338006973267
Exciton, frame 8106 ran in:  10.729021549224854
Exciton, frame 8107 ran in:  10.916845798492432
Exciton, frame 8108 ran in:  11.136119604110718
Exciton, frame 8109 ran in:  14.429106950759888
Exciton, frame 8110 ran in:  10.711963653564453
Exciton, frame 8111 ran in:  10.784323692321777
Exciton, frame 8112 ran in:  11.028303861618042
Exciton, frame 8113 ran in:  11.397458791732788
Exciton, frame 8114 ran in:  12.77947473526001
Exciton, frame 8115 ran in:  14.11982536315918
Exciton, frame 8116 ran in:  10.727738380432129
Exciton, frame 8117 ran in:  10.75309681892395
Exciton, frame 8118 ran in:  10.601595401763916
Exciton, frame 8119 ran in:  10.534926652908325
Exciton, frame 8120 ran in:  10.858749389648438
Exciton, frame 8121 ran in:  11.369333982467651
Exciton, frame 8122 ran in:  11.861335039138794
Exciton, frame 8123 ran in:  10.599586963653564
Exciton, frame 8124 ran in:  11.169800758361816
Exciton, frame 8125 ran in:  10.674885749816895
Exciton, frame 8126 ran in:  10.911688089370728
Exciton, frame 8127 ran in:  10.438552379608154
Exciton, frame 8128 ran in:  10.67937445640564
Exciton, frame 8129 ran in:  11.806196928024292
Exciton, frame 8130 ran in:  10.442852020263672
Exciton, frame 8131 ran in:  10.853525638580322
Exciton, frame 8132 ran in:  10.72323727607727
Exciton, frame 8133 ran in:  10.776963472366333
Exciton, frame 8134 ran in:  10.779012441635132
Exciton, frame 8135 ran in:  10.4685640335083
Exciton, frame 8136 ran in:  12.136819124221802
Exciton, frame 8137 ran in:  11.658001184463501
Exciton, frame 8138 ran in:  12.05906867980957
Exciton, frame 8139 ran in:  11.04169225692749
Exciton, frame 8140 ran in:  10.844624757766724
Exciton, frame 8141 ran in:  10.36594843864441
Exciton, frame 8142 ran in:  11.150704383850098
Exciton, frame 8143 ran in:  10.728376865386963
Exciton, frame 8144 ran in:  10.614529371261597
Exciton, frame 8145 ran in:  11.060436010360718
Exciton, frame 8146 ran in:  10.512872219085693
Exciton, frame 8147 ran in:  10.423403024673462
Exciton, frame 8148 ran in:  10.827948093414307
Exciton, frame 8149 ran in:  11.67245101928711
Exciton, frame 8150 ran in:  10.185855388641357
Exciton, frame 8151 ran in:  14.264739751815796
Exciton, frame 8152 ran in:  11.175822019577026
Exciton, frame 8153 ran in:  10.603754758834839
Exciton, frame 8154 ran in:  10.71443223953247
Exciton, frame 8155 ran in:  11.187382936477661
Exciton, frame 8156 ran in:  10.88804316520691
Exciton, frame 8157 ran in:  12.505077600479126
Exciton, frame 8158 ran in:  10.542839288711548
Exciton, frame 8159 ran in:  10.396684408187866
Exciton, frame 8160 ran in:  10.18808102607727
Exciton, frame 8161 ran in:  10.270073175430298
Exciton, frame 8162 ran in:  10.222757577896118
Exciton, frame 8163 ran in:  10.889350414276123
Exciton, frame 8164 ran in:  10.33162236213684
Exciton, frame 8165 ran in:  10.417277336120605
Exciton, frame 8166 ran in:  10.453244924545288
Exciton, frame 8167 ran in:  10.49628734588623
Exciton, frame 8168 ran in:  10.177282094955444
Exciton, frame 8169 ran in:  11.582306385040283
Exciton, frame 8170 ran in:  12.14807415008545
Exciton, frame 8171 ran in:  10.84439468383789
Exciton, frame 8172 ran in:  11.205476999282837
Exciton, frame 8173 ran in:  10.508902311325073
Exciton, frame 8174 ran in:  11.405133485794067
Exciton, frame 8175 ran in:  10.618850469589233
Exciton, frame 8176 ran in:  10.864252805709839
Exciton, frame 8177 ran in:  10.808247566223145
Exciton, frame 8178 ran in:  12.911801099777222
Exciton, frame 8179 ran in:  11.055490255355835
Exciton, frame 8180 ran in:  10.841659784317017
Exciton, frame 8181 ran in:  10.505205631256104
Exciton, frame 8182 ran in:  10.280213356018066
Exciton, frame 8183 ran in:  10.637425899505615
Exciton, frame 8184 ran in:  12.27497148513794
Exciton, frame 8185 ran in:  10.559178352355957
Exciton, frame 8186 ran in:  14.195621252059937
Exciton, frame 8187 ran in:  11.692376613616943
Exciton, frame 8188 ran in:  10.83277702331543
Exciton, frame 8189 ran in:  10.282982587814331
Exciton, frame 8190 ran in:  10.627997636795044
Exciton, frame 8191 ran in:  11.28303050994873
Exciton, frame 8192 ran in:  12.009902715682983
Exciton, frame 8193 ran in:  10.262950420379639
Exciton, frame 8194 ran in:  10.473052978515625
Exciton, frame 8195 ran in:  10.534589529037476
Exciton, frame 8196 ran in:  11.49423599243164
Exciton, frame 8197 ran in:  10.675405740737915
Exciton, frame 8198 ran in:  10.466286420822144
Exciton, frame 8199 ran in:  10.635417222976685
Exciton, frame 8200 ran in:  11.189804792404175
Exciton, frame 8201 ran in:  10.760167121887207
Exciton, frame 8202 ran in:  10.263004064559937
Exciton, frame 8203 ran in:  10.955585479736328
Exciton, frame 8204 ran in:  10.698157787322998
Exciton, frame 8205 ran in:  11.597307920455933
Exciton, frame 8206 ran in:  11.794191837310791
Exciton, frame 8207 ran in:  11.08993911743164
Exciton, frame 8208 ran in:  10.782299280166626
Exciton, frame 8209 ran in:  10.474391460418701
Exciton, frame 8210 ran in:  11.080328702926636
Exciton, frame 8211 ran in:  10.397570848464966
Exciton, frame 8212 ran in:  10.312163829803467
Exciton, frame 8213 ran in:  11.183943510055542
Exciton, frame 8214 ran in:  10.495296001434326
Exciton, frame 8215 ran in:  11.830495119094849
Exciton, frame 8216 ran in:  10.36760663986206
Exciton, frame 8217 ran in:  10.60700798034668
Exciton, frame 8218 ran in:  10.798633575439453
Exciton, frame 8219 ran in:  11.123223781585693
Exciton, frame 8220 ran in:  11.733572483062744
Exciton, frame 8221 ran in:  10.961419343948364
Exciton, frame 8222 ran in:  10.732271194458008
Exciton, frame 8223 ran in:  11.871996402740479
Exciton, frame 8224 ran in:  11.277373790740967
Exciton, frame 8225 ran in:  10.367279291152954
Exciton, frame 8226 ran in:  10.535359382629395
Exciton, frame 8227 ran in:  10.518352746963501
Exciton, frame 8228 ran in:  12.432108163833618
Exciton, frame 8229 ran in:  11.279470920562744
Exciton, frame 8230 ran in:  10.825099468231201
Exciton, frame 8231 ran in:  10.598489761352539
Exciton, frame 8232 ran in:  10.673453569412231
Exciton, frame 8233 ran in:  10.869835138320923
Exciton, frame 8234 ran in:  10.494616985321045
Exciton, frame 8235 ran in:  12.60697603225708
Exciton, frame 8236 ran in:  10.301287412643433
Exciton, frame 8237 ran in:  11.611514568328857
Exciton, frame 8238 ran in:  12.15000033378601
Exciton, frame 8239 ran in:  11.11683702468872
Exciton, frame 8240 ran in:  10.599624872207642
Exciton, frame 8241 ran in:  11.139434814453125
Exciton, frame 8242 ran in:  10.721189022064209
Exciton, frame 8243 ran in:  11.099299907684326
Exciton, frame 8244 ran in:  10.97536563873291
Exciton, frame 8245 ran in:  10.401281356811523
Exciton, frame 8246 ran in:  12.938966035842896
Exciton, frame 8247 ran in:  11.21399188041687
Exciton, frame 8248 ran in:  10.586135625839233
Exciton, frame 8249 ran in:  10.56736135482788
Exciton, frame 8250 ran in:  10.103485345840454
Exciton, frame 8251 ran in:  11.65870976448059
Exciton, frame 8252 ran in:  12.578794240951538
Exciton, frame 8253 ran in:  10.520380735397339
Exciton, frame 8254 ran in:  10.695653200149536
Exciton, frame 8255 ran in:  12.51413631439209
Exciton, frame 8256 ran in:  10.393424272537231
Exciton, frame 8257 ran in:  10.395116329193115
Exciton, frame 8258 ran in:  10.301209688186646
Exciton, frame 8259 ran in:  10.426811456680298
Exciton, frame 8260 ran in:  10.288076639175415
Exciton, frame 8261 ran in:  11.601953268051147
Exciton, frame 8262 ran in:  10.185627460479736
Exciton, frame 8263 ran in:  10.352232694625854
Exciton, frame 8264 ran in:  12.562468528747559
Exciton, frame 8265 ran in:  10.980545282363892
Exciton, frame 8266 ran in:  10.861241102218628
Exciton, frame 8267 ran in:  11.309261083602905
Exciton, frame 8268 ran in:  10.697416543960571
Exciton, frame 8269 ran in:  10.841710805892944
Exciton, frame 8270 ran in:  10.366787433624268
Exciton, frame 8271 ran in:  10.735639810562134
Exciton, frame 8272 ran in:  11.69339656829834
Exciton, frame 8273 ran in:  10.772022247314453
Exciton, frame 8274 ran in:  11.640042066574097
Exciton, frame 8275 ran in:  10.479152202606201
Exciton, frame 8276 ran in:  10.196139097213745
Exciton, frame 8277 ran in:  10.796030282974243
Exciton, frame 8278 ran in:  11.27785038948059
Exciton, frame 8279 ran in:  10.336954355239868
Exciton, frame 8280 ran in:  10.63372015953064
Exciton, frame 8281 ran in:  10.21809720993042
Exciton, frame 8282 ran in:  10.383090734481812
Exciton, frame 8283 ran in:  10.276521682739258
Exciton, frame 8284 ran in:  10.12817120552063
Exciton, frame 8285 ran in:  10.474305629730225
Exciton, frame 8286 ran in:  10.545511722564697
Exciton, frame 8287 ran in:  10.19771957397461
Exciton, frame 8288 ran in:  10.657685995101929
Exciton, frame 8289 ran in:  10.677325010299683
Exciton, frame 8290 ran in:  10.73103666305542
Exciton, frame 8291 ran in:  10.06934928894043
Exciton, frame 8292 ran in:  10.733347415924072
Exciton, frame 8293 ran in:  10.30124831199646
Exciton, frame 8294 ran in:  10.981278419494629
Exciton, frame 8295 ran in:  12.381712198257446
Exciton, frame 8296 ran in:  10.545418977737427
Exciton, frame 8297 ran in:  10.316190481185913
Exciton, frame 8298 ran in:  11.027620077133179
Exciton, frame 8299 ran in:  10.415832996368408
Exciton, frame 8300 ran in:  10.771567106246948
Exciton, frame 8301 ran in:  10.527307271957397
Exciton, frame 8302 ran in:  10.647371530532837
Exciton, frame 8303 ran in:  10.51447343826294
Exciton, frame 8304 ran in:  10.152360200881958
Exciton, frame 8305 ran in:  10.151169300079346
Exciton, frame 8306 ran in:  13.052253246307373
Exciton, frame 8307 ran in:  10.762226343154907
Exciton, frame 8308 ran in:  12.492411613464355
Exciton, frame 8309 ran in:  10.91784119606018
Exciton, frame 8310 ran in:  10.250148296356201
Exciton, frame 8311 ran in:  10.804780960083008
Exciton, frame 8312 ran in:  10.192332029342651
Exciton, frame 8313 ran in:  10.770806789398193
Exciton, frame 8314 ran in:  10.84016728401184
Exciton, frame 8315 ran in:  10.383761882781982
Exciton, frame 8316 ran in:  10.336328983306885
Exciton, frame 8317 ran in:  11.685626745223999
Exciton, frame 8318 ran in:  11.310651540756226
Exciton, frame 8319 ran in:  10.57058596611023
Exciton, frame 8320 ran in:  10.08813214302063
Exciton, frame 8321 ran in:  10.20676302909851
Exciton, frame 8322 ran in:  10.990787267684937
Exciton, frame 8323 ran in:  10.0146484375
Exciton, frame 8324 ran in:  10.174579381942749
Exciton, frame 8325 ran in:  11.38825798034668
Exciton, frame 8326 ran in:  11.496006488800049
Exciton, frame 8327 ran in:  11.34586238861084
Exciton, frame 8328 ran in:  10.401126146316528
Exciton, frame 8329 ran in:  10.683052062988281
Exciton, frame 8330 ran in:  11.047805786132812
Exciton, frame 8331 ran in:  12.40821623802185
Exciton, frame 8332 ran in:  10.200185060501099
Exciton, frame 8333 ran in:  10.76415753364563
Exciton, frame 8334 ran in:  10.149292707443237
Exciton, frame 8335 ran in:  10.517931461334229
Exciton, frame 8336 ran in:  11.96446704864502
Exciton, frame 8337 ran in:  10.368356704711914
Exciton, frame 8338 ran in:  10.430092573165894
Exciton, frame 8339 ran in:  11.429672241210938
Exciton, frame 8340 ran in:  11.510343551635742
Exciton, frame 8341 ran in:  10.340447902679443
Exciton, frame 8342 ran in:  10.2645742893219
Exciton, frame 8343 ran in:  11.014958620071411
Exciton, frame 8344 ran in:  10.91829252243042
Exciton, frame 8345 ran in:  10.675758123397827
Exciton, frame 8346 ran in:  10.691528081893921
Exciton, frame 8347 ran in:  13.302874565124512
Exciton, frame 8348 ran in:  10.705387830734253
Exciton, frame 8349 ran in:  13.627548217773438
Exciton, frame 8350 ran in:  11.803873538970947
Exciton, frame 8351 ran in:  11.812621355056763
Exciton, frame 8352 ran in:  10.675721645355225
Exciton, frame 8353 ran in:  11.069887161254883
Exciton, frame 8354 ran in:  10.81797981262207
Exciton, frame 8355 ran in:  11.590882062911987
Exciton, frame 8356 ran in:  11.264131307601929
Exciton, frame 8357 ran in:  10.965069770812988
Exciton, frame 8358 ran in:  12.722994089126587
Exciton, frame 8359 ran in:  11.358322858810425
Exciton, frame 8360 ran in:  10.585887908935547
Exciton, frame 8361 ran in:  10.649741172790527
Exciton, frame 8362 ran in:  10.464860677719116
Exciton, frame 8363 ran in:  10.221744537353516
Exciton, frame 8364 ran in:  10.70569133758545
Exciton, frame 8365 ran in:  10.643719673156738
Exciton, frame 8366 ran in:  14.093026161193848
Exciton, frame 8367 ran in:  10.121737718582153
Exciton, frame 8368 ran in:  10.220644235610962
Exciton, frame 8369 ran in:  11.940050601959229
Exciton, frame 8370 ran in:  10.365237474441528
Exciton, frame 8371 ran in:  10.603561878204346
Exciton, frame 8372 ran in:  10.72960638999939
Exciton, frame 8373 ran in:  10.929405689239502
Exciton, frame 8374 ran in:  10.904342889785767
Exciton, frame 8375 ran in:  10.823014497756958
Exciton, frame 8376 ran in:  10.80477499961853
Exciton, frame 8377 ran in:  10.510634899139404
Exciton, frame 8378 ran in:  10.768582582473755
Exciton, frame 8379 ran in:  10.831775665283203
Exciton, frame 8380 ran in:  10.970466136932373
Exciton, frame 8381 ran in:  10.543229818344116
Exciton, frame 8382 ran in:  10.693700551986694
Exciton, frame 8383 ran in:  12.594888925552368
Exciton, frame 8384 ran in:  11.240177154541016
Exciton, frame 8385 ran in:  11.258245468139648
Exciton, frame 8386 ran in:  10.73556637763977
Exciton, frame 8387 ran in:  10.704997539520264
Exciton, frame 8388 ran in:  10.411521196365356
Exciton, frame 8389 ran in:  11.268789291381836
Exciton, frame 8390 ran in:  10.74397087097168
Exciton, frame 8391 ran in:  11.890664100646973
Exciton, frame 8392 ran in:  12.874435663223267
Exciton, frame 8393 ran in:  10.80425500869751
Exciton, frame 8394 ran in:  10.54408574104309
Exciton, frame 8395 ran in:  12.208182334899902
Exciton, frame 8396 ran in:  14.119397163391113
Exciton, frame 8397 ran in:  11.127769231796265
Exciton, frame 8398 ran in:  12.006365537643433
Exciton, frame 8399 ran in:  10.75532865524292
Exciton, frame 8400 ran in:  10.609347105026245
Exciton, frame 8401 ran in:  10.19943642616272
Exciton, frame 8402 ran in:  10.22817850112915
Exciton, frame 8403 ran in:  10.243082523345947
Exciton, frame 8404 ran in:  11.471649885177612
Exciton, frame 8405 ran in:  10.888659477233887
Exciton, frame 8406 ran in:  10.208934545516968
Exciton, frame 8407 ran in:  13.30789589881897
Exciton, frame 8408 ran in:  10.52458381652832
Exciton, frame 8409 ran in:  10.42243242263794
Exciton, frame 8410 ran in:  13.338541269302368
Exciton, frame 8411 ran in:  11.374652862548828
Exciton, frame 8412 ran in:  10.653077840805054
Exciton, frame 8413 ran in:  10.80832552909851
Exciton, frame 8414 ran in:  10.173268556594849
Exciton, frame 8415 ran in:  10.766373634338379
Exciton, frame 8416 ran in:  11.052753210067749
Exciton, frame 8417 ran in:  11.129514455795288
Exciton, frame 8418 ran in:  12.49474287033081
Exciton, frame 8419 ran in:  11.594123840332031
Exciton, frame 8420 ran in:  12.106170177459717
Exciton, frame 8421 ran in:  10.583682298660278
Exciton, frame 8422 ran in:  11.969460010528564
Exciton, frame 8423 ran in:  11.415341854095459
Exciton, frame 8424 ran in:  10.985631227493286
Exciton, frame 8425 ran in:  9.981120824813843
Exciton, frame 8426 ran in:  10.47495174407959
Exciton, frame 8427 ran in:  10.175450325012207
Exciton, frame 8428 ran in:  10.333101034164429
Exciton, frame 8429 ran in:  10.24680209159851
Exciton, frame 8430 ran in:  11.906537532806396
Exciton, frame 8431 ran in:  10.724705696105957
Exciton, frame 8432 ran in:  10.746930360794067
Exciton, frame 8433 ran in:  10.85866403579712
Exciton, frame 8434 ran in:  10.647996664047241
Exciton, frame 8435 ran in:  10.687181949615479
Exciton, frame 8436 ran in:  10.856532573699951
Exciton, frame 8437 ran in:  10.010995388031006
Exciton, frame 8438 ran in:  11.462590217590332
Exciton, frame 8439 ran in:  10.47767972946167
Exciton, frame 8440 ran in:  11.102712154388428
Exciton, frame 8441 ran in:  11.88181471824646
Exciton, frame 8442 ran in:  10.899969339370728
Exciton, frame 8443 ran in:  10.182553768157959
Exciton, frame 8444 ran in:  11.147376775741577
Exciton, frame 8445 ran in:  10.114192724227905
Exciton, frame 8446 ran in:  10.205541849136353
Exciton, frame 8447 ran in:  14.071243524551392
Exciton, frame 8448 ran in:  10.965060710906982
Exciton, frame 8449 ran in:  10.623750925064087
Exciton, frame 8450 ran in:  10.673558950424194
Exciton, frame 8451 ran in:  10.159042358398438
Exciton, frame 8452 ran in:  11.453690528869629
Exciton, frame 8453 ran in:  10.527750492095947
Exciton, frame 8454 ran in:  10.3378746509552
Exciton, frame 8455 ran in:  10.830962657928467
Exciton, frame 8456 ran in:  10.310393571853638
Exciton, frame 8457 ran in:  10.864367723464966
Exciton, frame 8458 ran in:  10.521273851394653
Exciton, frame 8459 ran in:  10.850314855575562
Exciton, frame 8460 ran in:  11.075641393661499
Exciton, frame 8461 ran in:  10.8166663646698
Exciton, frame 8462 ran in:  10.842464923858643
Exciton, frame 8463 ran in:  10.367197275161743
Exciton, frame 8464 ran in:  10.530212640762329
Exciton, frame 8465 ran in:  11.906423568725586
Exciton, frame 8466 ran in:  10.350395202636719
Exciton, frame 8467 ran in:  10.635120153427124
Exciton, frame 8468 ran in:  10.745344638824463
Exciton, frame 8469 ran in:  10.531182527542114
Exciton, frame 8470 ran in:  12.830248355865479
Exciton, frame 8471 ran in:  11.827636003494263
Exciton, frame 8472 ran in:  12.23914361000061
Exciton, frame 8473 ran in:  10.832767724990845
Exciton, frame 8474 ran in:  12.055975914001465
Exciton, frame 8475 ran in:  10.821713209152222
Exciton, frame 8476 ran in:  11.33501386642456
Exciton, frame 8477 ran in:  10.35468578338623
Exciton, frame 8478 ran in:  9.981503963470459
Exciton, frame 8479 ran in:  10.920558452606201
Exciton, frame 8480 ran in:  10.861647129058838
Exciton, frame 8481 ran in:  12.70766019821167
Exciton, frame 8482 ran in:  11.26287579536438
Exciton, frame 8483 ran in:  10.104851484298706
Exciton, frame 8484 ran in:  10.298894166946411
Exciton, frame 8485 ran in:  10.885974884033203
Exciton, frame 8486 ran in:  10.792515754699707
Exciton, frame 8487 ran in:  10.235513687133789
Exciton, frame 8488 ran in:  10.957356929779053
Exciton, frame 8489 ran in:  10.27327013015747
Exciton, frame 8490 ran in:  10.772716522216797
Exciton, frame 8491 ran in:  10.112400531768799
Exciton, frame 8492 ran in:  11.24994444847107
Exciton, frame 8493 ran in:  10.715077638626099
Exciton, frame 8494 ran in:  10.619581937789917
Exciton, frame 8495 ran in:  10.870815753936768
Exciton, frame 8496 ran in:  12.615423917770386
Exciton, frame 8497 ran in:  10.696714401245117
Exciton, frame 8498 ran in:  10.781906843185425
Exciton, frame 8499 ran in:  10.759219408035278
Exciton, frame 8500 ran in:  10.421550273895264
Exciton, frame 8501 ran in:  12.142030239105225
Exciton, frame 8502 ran in:  10.602784156799316
Exciton, frame 8503 ran in:  10.576232433319092
Exciton, frame 8504 ran in:  10.793989658355713
Exciton, frame 8505 ran in:  10.493870258331299
Exciton, frame 8506 ran in:  11.265986204147339
Exciton, frame 8507 ran in:  10.435447454452515
Exciton, frame 8508 ran in:  10.2610764503479
Exciton, frame 8509 ran in:  11.921388387680054
Exciton, frame 8510 ran in:  10.31353759765625
Exciton, frame 8511 ran in:  10.370724201202393
Exciton, frame 8512 ran in:  10.821304321289062
Exciton, frame 8513 ran in:  10.795779943466187
Exciton, frame 8514 ran in:  10.50933027267456
Exciton, frame 8515 ran in:  10.859853267669678
Exciton, frame 8516 ran in:  10.637995719909668
Exciton, frame 8517 ran in:  10.183993577957153
Exciton, frame 8518 ran in:  11.057040929794312
Exciton, frame 8519 ran in:  11.088124513626099
Exciton, frame 8520 ran in:  10.693052053451538
Exciton, frame 8521 ran in:  11.983226776123047
Exciton, frame 8522 ran in:  10.78248381614685
Exciton, frame 8523 ran in:  12.580432176589966
Exciton, frame 8524 ran in:  10.355236768722534
Exciton, frame 8525 ran in:  11.063393115997314
Exciton, frame 8526 ran in:  10.271198987960815
Exciton, frame 8527 ran in:  10.311434984207153
Exciton, frame 8528 ran in:  10.94196367263794
Exciton, frame 8529 ran in:  10.21331262588501
Exciton, frame 8530 ran in:  10.277463436126709
Exciton, frame 8531 ran in:  12.708129405975342
Exciton, frame 8532 ran in:  10.329006433486938
Exciton, frame 8533 ran in:  10.127998352050781
Exciton, frame 8534 ran in:  10.416891813278198
Exciton, frame 8535 ran in:  10.997879266738892
Exciton, frame 8536 ran in:  10.498203754425049
Exciton, frame 8537 ran in:  10.947075843811035
Exciton, frame 8538 ran in:  10.729599952697754
Exciton, frame 8539 ran in:  10.088087558746338
Exciton, frame 8540 ran in:  10.788730382919312
Exciton, frame 8541 ran in:  10.43452262878418
Exciton, frame 8542 ran in:  10.406253576278687
Exciton, frame 8543 ran in:  10.544133186340332
Exciton, frame 8544 ran in:  11.117408514022827
Exciton, frame 8545 ran in:  10.417533874511719
Exciton, frame 8546 ran in:  10.376758575439453
Exciton, frame 8547 ran in:  10.951947450637817
Exciton, frame 8548 ran in:  10.509270906448364
Exciton, frame 8549 ran in:  10.349839210510254
Exciton, frame 8550 ran in:  12.832664012908936
Exciton, frame 8551 ran in:  10.399153470993042
Exciton, frame 8552 ran in:  10.249530553817749
Exciton, frame 8553 ran in:  10.759382247924805
Exciton, frame 8554 ran in:  12.547412157058716
Exciton, frame 8555 ran in:  11.702953338623047
Exciton, frame 8556 ran in:  10.27330756187439
Exciton, frame 8557 ran in:  10.395208358764648
Exciton, frame 8558 ran in:  10.566606998443604
Exciton, frame 8559 ran in:  10.897143840789795
Exciton, frame 8560 ran in:  10.536429405212402
Exciton, frame 8561 ran in:  10.7425377368927
Exciton, frame 8562 ran in:  10.365788221359253
Exciton, frame 8563 ran in:  10.598627090454102
Exciton, frame 8564 ran in:  10.80617380142212
Exciton, frame 8565 ran in:  11.163630485534668
Exciton, frame 8566 ran in:  11.365344047546387
Exciton, frame 8567 ran in:  10.547550439834595
Exciton, frame 8568 ran in:  11.484195470809937
Exciton, frame 8569 ran in:  10.140611410140991
Exciton, frame 8570 ran in:  11.056898593902588
Exciton, frame 8571 ran in:  11.178908109664917
Exciton, frame 8572 ran in:  12.672587156295776
Exciton, frame 8573 ran in:  11.11856985092163
Exciton, frame 8574 ran in:  11.431947708129883
Exciton, frame 8575 ran in:  10.713411569595337
Exciton, frame 8576 ran in:  10.16011905670166
Exciton, frame 8577 ran in:  10.643272399902344
Exciton, frame 8578 ran in:  12.007533073425293
Exciton, frame 8579 ran in:  10.738337278366089
Exciton, frame 8580 ran in:  10.486450433731079
Exciton, frame 8581 ran in:  10.410522699356079
Exciton, frame 8582 ran in:  10.349185705184937
Exciton, frame 8583 ran in:  10.272330045700073
Exciton, frame 8584 ran in:  11.238485097885132
Exciton, frame 8585 ran in:  10.35774278640747
Exciton, frame 8586 ran in:  10.32325005531311
Exciton, frame 8587 ran in:  10.707732677459717
Exciton, frame 8588 ran in:  11.611259698867798
Exciton, frame 8589 ran in:  10.848281860351562
Exciton, frame 8590 ran in:  11.860044479370117
Exciton, frame 8591 ran in:  12.225150108337402
Exciton, frame 8592 ran in:  11.228440999984741
Exciton, frame 8593 ran in:  12.68114447593689
Exciton, frame 8594 ran in:  10.976551532745361
Exciton, frame 8595 ran in:  10.619412899017334
Exciton, frame 8596 ran in:  10.887964010238647
Exciton, frame 8597 ran in:  11.24037218093872
Exciton, frame 8598 ran in:  10.260870456695557
Exciton, frame 8599 ran in:  10.236006498336792
Exciton, frame 8600 ran in:  11.448362827301025
Exciton, frame 8601 ran in:  10.382962703704834
Exciton, frame 8602 ran in:  10.75139331817627
Exciton, frame 8603 ran in:  10.648793697357178
Exciton, frame 8604 ran in:  10.902093887329102
Exciton, frame 8605 ran in:  11.868156671524048
Exciton, frame 8606 ran in:  10.325383424758911
Exciton, frame 8607 ran in:  10.693358898162842
Exciton, frame 8608 ran in:  11.749239921569824
Exciton, frame 8609 ran in:  11.12056589126587
Exciton, frame 8610 ran in:  12.426109075546265
Exciton, frame 8611 ran in:  10.111669301986694
Exciton, frame 8612 ran in:  10.992282629013062
Exciton, frame 8613 ran in:  10.98486328125
Exciton, frame 8614 ran in:  10.335200309753418
Exciton, frame 8615 ran in:  12.001755952835083
Exciton, frame 8616 ran in:  10.967442750930786
Exciton, frame 8617 ran in:  10.656996726989746
Exciton, frame 8618 ran in:  11.109786987304688
Exciton, frame 8619 ran in:  10.467796325683594
Exciton, frame 8620 ran in:  10.484679222106934
Exciton, frame 8621 ran in:  10.459365844726562
Exciton, frame 8622 ran in:  10.706674098968506
Exciton, frame 8623 ran in:  10.751226663589478
Exciton, frame 8624 ran in:  10.582158088684082
Exciton, frame 8625 ran in:  10.709230422973633
Exciton, frame 8626 ran in:  12.898734331130981
Exciton, frame 8627 ran in:  10.707363843917847
Exciton, frame 8628 ran in:  10.572613716125488
Exciton, frame 8629 ran in:  10.457411050796509
Exciton, frame 8630 ran in:  10.16712474822998
Exciton, frame 8631 ran in:  10.376035928726196
Exciton, frame 8632 ran in:  10.899327516555786
Exciton, frame 8633 ran in:  10.289710283279419
Exciton, frame 8634 ran in:  10.780933141708374
Exciton, frame 8635 ran in:  10.310535669326782
Exciton, frame 8636 ran in:  10.867445707321167
Exciton, frame 8637 ran in:  12.584043264389038
Exciton, frame 8638 ran in:  10.620103597640991
Exciton, frame 8639 ran in:  10.403412103652954
Exciton, frame 8640 ran in:  10.857852935791016
Exciton, frame 8641 ran in:  10.795339345932007
Exciton, frame 8642 ran in:  10.513526678085327
Exciton, frame 8643 ran in:  11.265496253967285
Exciton, frame 8644 ran in:  10.427770137786865
Exciton, frame 8645 ran in:  10.423727035522461
Exciton, frame 8646 ran in:  10.56001091003418
Exciton, frame 8647 ran in:  10.314448118209839
Exciton, frame 8648 ran in:  10.509818077087402
Exciton, frame 8649 ran in:  10.592366695404053
Exciton, frame 8650 ran in:  10.730892419815063
Exciton, frame 8651 ran in:  11.021026849746704
Exciton, frame 8652 ran in:  11.351414203643799
Exciton, frame 8653 ran in:  10.518168926239014
Exciton, frame 8654 ran in:  10.822334051132202
Exciton, frame 8655 ran in:  10.86966872215271
Exciton, frame 8656 ran in:  10.495039463043213
Exciton, frame 8657 ran in:  10.427866220474243
Exciton, frame 8658 ran in:  10.742645025253296
Exciton, frame 8659 ran in:  10.51677918434143
Exciton, frame 8660 ran in:  10.919702291488647
Exciton, frame 8661 ran in:  10.112617254257202
Exciton, frame 8662 ran in:  13.316709995269775
Exciton, frame 8663 ran in:  10.304872751235962
Exciton, frame 8664 ran in:  10.368497848510742
Exciton, frame 8665 ran in:  10.450889110565186
Exciton, frame 8666 ran in:  10.55968713760376
Exciton, frame 8667 ran in:  10.833365201950073
Exciton, frame 8668 ran in:  11.77478814125061
Exciton, frame 8669 ran in:  10.568167686462402
Exciton, frame 8670 ran in:  10.0461585521698
Exciton, frame 8671 ran in:  10.868831634521484
Exciton, frame 8672 ran in:  10.93668246269226
Exciton, frame 8673 ran in:  10.953074932098389
Exciton, frame 8674 ran in:  10.945496559143066
Exciton, frame 8675 ran in:  10.923972845077515
Exciton, frame 8676 ran in:  10.071953296661377
Exciton, frame 8677 ran in:  10.937944412231445
Exciton, frame 8678 ran in:  11.666236400604248
Exciton, frame 8679 ran in:  10.473583221435547
Exciton, frame 8680 ran in:  10.722334861755371
Exciton, frame 8681 ran in:  10.5317702293396
Exciton, frame 8682 ran in:  10.349941730499268
Exciton, frame 8683 ran in:  10.446347951889038
Exciton, frame 8684 ran in:  10.304283380508423
Exciton, frame 8685 ran in:  10.755545854568481
Exciton, frame 8686 ran in:  10.553576946258545
Exciton, frame 8687 ran in:  10.931130170822144
Exciton, frame 8688 ran in:  10.286226749420166
Exciton, frame 8689 ran in:  10.143476724624634
Exciton, frame 8690 ran in:  10.01827096939087
Exciton, frame 8691 ran in:  10.128017663955688
Exciton, frame 8692 ran in:  10.649607181549072
Exciton, frame 8693 ran in:  10.553563356399536
Exciton, frame 8694 ran in:  9.916393041610718
Exciton, frame 8695 ran in:  10.405274152755737
Exciton, frame 8696 ran in:  11.161880493164062
Exciton, frame 8697 ran in:  10.326038122177124
Exciton, frame 8698 ran in:  10.520322322845459
Exciton, frame 8699 ran in:  10.802211284637451
Exciton, frame 8700 ran in:  10.253021955490112
Exciton, frame 8701 ran in:  10.566322326660156
Exciton, frame 8702 ran in:  11.08472204208374
Exciton, frame 8703 ran in:  10.834855318069458
Exciton, frame 8704 ran in:  11.233254432678223
Exciton, frame 8705 ran in:  10.400848150253296
Exciton, frame 8706 ran in:  11.345543146133423
Exciton, frame 8707 ran in:  10.945818662643433
Exciton, frame 8708 ran in:  11.390613079071045
Exciton, frame 8709 ran in:  10.740583658218384
Exciton, frame 8710 ran in:  11.3086097240448
Exciton, frame 8711 ran in:  10.535026550292969
Exciton, frame 8712 ran in:  11.290912389755249
Exciton, frame 8713 ran in:  11.94310736656189
Exciton, frame 8714 ran in:  10.601366758346558
Exciton, frame 8715 ran in:  10.382995367050171
Exciton, frame 8716 ran in:  10.601670265197754
Exciton, frame 8717 ran in:  10.46931529045105
Exciton, frame 8718 ran in:  11.14179539680481
Exciton, frame 8719 ran in:  11.290617227554321
Exciton, frame 8720 ran in:  10.728982925415039
Exciton, frame 8721 ran in:  10.56270146369934
Exciton, frame 8722 ran in:  11.106574296951294
Exciton, frame 8723 ran in:  14.178636074066162
Exciton, frame 8724 ran in:  10.50695514678955
Exciton, frame 8725 ran in:  10.877629041671753
Exciton, frame 8726 ran in:  10.090348720550537
Exciton, frame 8727 ran in:  12.144643545150757
Exciton, frame 8728 ran in:  10.977074146270752
Exciton, frame 8729 ran in:  11.354495763778687
Exciton, frame 8730 ran in:  11.000284910202026
Exciton, frame 8731 ran in:  10.369343042373657
Exciton, frame 8732 ran in:  11.794138669967651
Exciton, frame 8733 ran in:  10.149489402770996
Exciton, frame 8734 ran in:  10.369494676589966
Exciton, frame 8735 ran in:  10.36838960647583
Exciton, frame 8736 ran in:  11.579243659973145
Exciton, frame 8737 ran in:  13.140496253967285
Exciton, frame 8738 ran in:  10.181867361068726
Exciton, frame 8739 ran in:  11.066063165664673
Exciton, frame 8740 ran in:  10.607422828674316
Exciton, frame 8741 ran in:  10.612260818481445
Exciton, frame 8742 ran in:  10.85974383354187
Exciton, frame 8743 ran in:  10.644283771514893
Exciton, frame 8744 ran in:  11.15538501739502
Exciton, frame 8745 ran in:  10.442997217178345
Exciton, frame 8746 ran in:  10.937227249145508
Exciton, frame 8747 ran in:  11.582525491714478
Exciton, frame 8748 ran in:  10.579823017120361
Exciton, frame 8749 ran in:  10.588022708892822
Exciton, frame 8750 ran in:  12.28067398071289
Exciton, frame 8751 ran in:  10.23943018913269
Exciton, frame 8752 ran in:  11.417515754699707
Exciton, frame 8753 ran in:  10.964081287384033
Exciton, frame 8754 ran in:  11.138772010803223
Exciton, frame 8755 ran in:  10.625568866729736
Exciton, frame 8756 ran in:  10.513514757156372
Exciton, frame 8757 ran in:  10.128569602966309
Exciton, frame 8758 ran in:  11.698558330535889
Exciton, frame 8759 ran in:  12.891530990600586
Exciton, frame 8760 ran in:  11.402791976928711
Exciton, frame 8761 ran in:  12.386225938796997
Exciton, frame 8762 ran in:  10.750694274902344
Exciton, frame 8763 ran in:  10.457279682159424
Exciton, frame 8764 ran in:  10.271040439605713
Exciton, frame 8765 ran in:  13.01280689239502
Exciton, frame 8766 ran in:  10.263954401016235
Exciton, frame 8767 ran in:  10.593366861343384
Exciton, frame 8768 ran in:  10.273954391479492
Exciton, frame 8769 ran in:  10.924329996109009
Exciton, frame 8770 ran in:  10.574227094650269
Exciton, frame 8771 ran in:  10.299968719482422
Exciton, frame 8772 ran in:  10.728243112564087
Exciton, frame 8773 ran in:  10.616368532180786
Exciton, frame 8774 ran in:  10.40093731880188
Exciton, frame 8775 ran in:  10.384406566619873
Exciton, frame 8776 ran in:  10.855144739151001
Exciton, frame 8777 ran in:  10.37682843208313
Exciton, frame 8778 ran in:  11.253986597061157
Exciton, frame 8779 ran in:  10.912933111190796
Exciton, frame 8780 ran in:  10.12604808807373
Exciton, frame 8781 ran in:  11.060750961303711
Exciton, frame 8782 ran in:  11.759451150894165
Exciton, frame 8783 ran in:  10.59358835220337
Exciton, frame 8784 ran in:  11.150655508041382
Exciton, frame 8785 ran in:  11.179012537002563
Exciton, frame 8786 ran in:  10.877004623413086
Exciton, frame 8787 ran in:  10.344992637634277
Exciton, frame 8788 ran in:  10.488129138946533
Exciton, frame 8789 ran in:  10.457489013671875
Exciton, frame 8790 ran in:  11.345611810684204
Exciton, frame 8791 ran in:  10.638572931289673
Exciton, frame 8792 ran in:  10.51388692855835
Exciton, frame 8793 ran in:  14.118239641189575
Exciton, frame 8794 ran in:  13.338599443435669
Exciton, frame 8795 ran in:  10.093112230300903
Exciton, frame 8796 ran in:  10.393027067184448
Exciton, frame 8797 ran in:  10.615720748901367
Exciton, frame 8798 ran in:  10.112565994262695
Exciton, frame 8799 ran in:  11.284400939941406
Exciton, frame 8800 ran in:  10.379604816436768
Exciton, frame 8801 ran in:  11.220111608505249
Exciton, frame 8802 ran in:  11.194883584976196
Exciton, frame 8803 ran in:  11.200353860855103
Exciton, frame 8804 ran in:  12.292505264282227
Exciton, frame 8805 ran in:  10.306042432785034
Exciton, frame 8806 ran in:  10.501677989959717
Exciton, frame 8807 ran in:  10.684072732925415
Exciton, frame 8808 ran in:  10.509452104568481
Exciton, frame 8809 ran in:  10.76616621017456
Exciton, frame 8810 ran in:  11.114006042480469
Exciton, frame 8811 ran in:  11.292394399642944
Exciton, frame 8812 ran in:  10.9154953956604
Exciton, frame 8813 ran in:  10.60809588432312
Exciton, frame 8814 ran in:  10.75198221206665
Exciton, frame 8815 ran in:  10.305875778198242
Exciton, frame 8816 ran in:  10.635764360427856
Exciton, frame 8817 ran in:  10.221320390701294
Exciton, frame 8818 ran in:  10.676673412322998
Exciton, frame 8819 ran in:  10.173442602157593
Exciton, frame 8820 ran in:  10.836917400360107
Exciton, frame 8821 ran in:  10.504554748535156
Exciton, frame 8822 ran in:  10.722495794296265
Exciton, frame 8823 ran in:  10.483953714370728
Exciton, frame 8824 ran in:  10.23590087890625
Exciton, frame 8825 ran in:  10.897433280944824
Exciton, frame 8826 ran in:  11.33919095993042
Exciton, frame 8827 ran in:  10.800166606903076
Exciton, frame 8828 ran in:  10.447267770767212
Exciton, frame 8829 ran in:  11.011654376983643
Exciton, frame 8830 ran in:  12.976447343826294
Exciton, frame 8831 ran in:  10.318088293075562
Exciton, frame 8832 ran in:  10.485414743423462
Exciton, frame 8833 ran in:  10.818166255950928
Exciton, frame 8834 ran in:  10.963195085525513
Exciton, frame 8835 ran in:  10.512411117553711
Exciton, frame 8836 ran in:  13.901333570480347
Exciton, frame 8837 ran in:  10.167237043380737
Exciton, frame 8838 ran in:  10.753775835037231
Exciton, frame 8839 ran in:  11.427975177764893
Exciton, frame 8840 ran in:  10.540847778320312
Exciton, frame 8841 ran in:  10.688575506210327
Exciton, frame 8842 ran in:  10.371939420700073
Exciton, frame 8843 ran in:  9.904103517532349
Exciton, frame 8844 ran in:  10.954381704330444
Exciton, frame 8845 ran in:  10.55742073059082
Exciton, frame 8846 ran in:  10.965943813323975
Exciton, frame 8847 ran in:  10.751631259918213
Exciton, frame 8848 ran in:  10.86323094367981
Exciton, frame 8849 ran in:  10.515891551971436
Exciton, frame 8850 ran in:  10.713314056396484
Exciton, frame 8851 ran in:  10.789374351501465
Exciton, frame 8852 ran in:  12.051045179367065
Exciton, frame 8853 ran in:  10.445656061172485
Exciton, frame 8854 ran in:  10.612460374832153
Exciton, frame 8855 ran in:  11.307917356491089
Exciton, frame 8856 ran in:  10.284616231918335
Exciton, frame 8857 ran in:  10.280668258666992
Exciton, frame 8858 ran in:  10.810450077056885
Exciton, frame 8859 ran in:  11.574575662612915
Exciton, frame 8860 ran in:  10.999853610992432
Exciton, frame 8861 ran in:  10.305551052093506
Exciton, frame 8862 ran in:  10.57457447052002
Exciton, frame 8863 ran in:  10.931790351867676
Exciton, frame 8864 ran in:  12.239038467407227
Exciton, frame 8865 ran in:  10.255903959274292
Exciton, frame 8866 ran in:  10.373399019241333
Exciton, frame 8867 ran in:  10.33402943611145
Exciton, frame 8868 ran in:  11.244914531707764
Exciton, frame 8869 ran in:  11.140182733535767
Exciton, frame 8870 ran in:  11.781363487243652
Exciton, frame 8871 ran in:  11.129669189453125
Exciton, frame 8872 ran in:  10.814130306243896
Exciton, frame 8873 ran in:  10.45300841331482
Exciton, frame 8874 ran in:  10.358539819717407
Exciton, frame 8875 ran in:  11.137109756469727
Exciton, frame 8876 ran in:  13.480776309967041
Exciton, frame 8877 ran in:  12.277019262313843
Exciton, frame 8878 ran in:  10.490466833114624
Exciton, frame 8879 ran in:  10.944679975509644
Exciton, frame 8880 ran in:  10.397071123123169
Exciton, frame 8881 ran in:  10.446448802947998
Exciton, frame 8882 ran in:  10.502840757369995
Exciton, frame 8883 ran in:  11.116721391677856
Exciton, frame 8884 ran in:  11.547820568084717
Exciton, frame 8885 ran in:  10.162509202957153
Exciton, frame 8886 ran in:  11.206103086471558
Exciton, frame 8887 ran in:  10.493120193481445
Exciton, frame 8888 ran in:  10.544930934906006
Exciton, frame 8889 ran in:  10.437600135803223
Exciton, frame 8890 ran in:  10.087321043014526
Exciton, frame 8891 ran in:  11.078887462615967
Exciton, frame 8892 ran in:  12.54730772972107
Exciton, frame 8893 ran in:  13.162511110305786
Exciton, frame 8894 ran in:  11.088610887527466
Exciton, frame 8895 ran in:  10.672440767288208
Exciton, frame 8896 ran in:  10.454948902130127
Exciton, frame 8897 ran in:  13.323755264282227
Exciton, frame 8898 ran in:  13.678694248199463
Exciton, frame 8899 ran in:  10.167893886566162
Exciton, frame 8900 ran in:  10.758124113082886
Exciton, frame 8901 ran in:  10.539628982543945
Exciton, frame 8902 ran in:  10.435543298721313
Exciton, frame 8903 ran in:  10.594235181808472
Exciton, frame 8904 ran in:  10.241488456726074
Exciton, frame 8905 ran in:  10.867575645446777
Exciton, frame 8906 ran in:  10.191912174224854
Exciton, frame 8907 ran in:  10.386464834213257
Exciton, frame 8908 ran in:  10.24673342704773
Exciton, frame 8909 ran in:  10.47346305847168
Exciton, frame 8910 ran in:  10.82067060470581
Exciton, frame 8911 ran in:  10.372153520584106
Exciton, frame 8912 ran in:  10.52159070968628
Exciton, frame 8913 ran in:  11.268006324768066
Exciton, frame 8914 ran in:  10.549240350723267
Exciton, frame 8915 ran in:  11.158790826797485
Exciton, frame 8916 ran in:  10.827290296554565
Exciton, frame 8917 ran in:  12.785561800003052
Exciton, frame 8918 ran in:  10.760452032089233
Exciton, frame 8919 ran in:  11.400684595108032
Exciton, frame 8920 ran in:  11.304240226745605
Exciton, frame 8921 ran in:  11.010647535324097
Exciton, frame 8922 ran in:  12.910141229629517
Exciton, frame 8923 ran in:  10.74862289428711
Exciton, frame 8924 ran in:  13.289986848831177
Exciton, frame 8925 ran in:  10.720086336135864
Exciton, frame 8926 ran in:  10.796080589294434
Exciton, frame 8927 ran in:  10.175728797912598
Exciton, frame 8928 ran in:  10.439521312713623
Exciton, frame 8929 ran in:  10.790228843688965
Exciton, frame 8930 ran in:  10.18663477897644
Exciton, frame 8931 ran in:  10.464417219161987
Exciton, frame 8932 ran in:  12.019718408584595
Exciton, frame 8933 ran in:  10.614449977874756
Exciton, frame 8934 ran in:  10.290112972259521
Exciton, frame 8935 ran in:  10.564878463745117
Exciton, frame 8936 ran in:  10.605576753616333
Exciton, frame 8937 ran in:  10.750951528549194
Exciton, frame 8938 ran in:  11.114166736602783
Exciton, frame 8939 ran in:  10.536072969436646
Exciton, frame 8940 ran in:  10.286926507949829
Exciton, frame 8941 ran in:  10.282220602035522
Exciton, frame 8942 ran in:  10.617491245269775
Exciton, frame 8943 ran in:  10.421296834945679
Exciton, frame 8944 ran in:  10.59878921508789
Exciton, frame 8945 ran in:  10.449273824691772
Exciton, frame 8946 ran in:  10.76386284828186
Exciton, frame 8947 ran in:  10.679396867752075
Exciton, frame 8948 ran in:  11.046974420547485
Exciton, frame 8949 ran in:  11.022592067718506
Exciton, frame 8950 ran in:  11.121659994125366
Exciton, frame 8951 ran in:  10.5643470287323
Exciton, frame 8952 ran in:  10.846341609954834
Exciton, frame 8953 ran in:  10.7587149143219
Exciton, frame 8954 ran in:  10.251997232437134
Exciton, frame 8955 ran in:  11.8337984085083
Exciton, frame 8956 ran in:  10.648854732513428
Exciton, frame 8957 ran in:  10.060771703720093
Exciton, frame 8958 ran in:  12.689874649047852
Exciton, frame 8959 ran in:  10.352683782577515
Exciton, frame 8960 ran in:  10.72411561012268
Exciton, frame 8961 ran in:  11.167641878128052
Exciton, frame 8962 ran in:  10.49699878692627
Exciton, frame 8963 ran in:  10.635705947875977
Exciton, frame 8964 ran in:  13.301882982254028
Exciton, frame 8965 ran in:  10.47556185722351
Exciton, frame 8966 ran in:  10.87356948852539
Exciton, frame 8967 ran in:  10.278693199157715
Exciton, frame 8968 ran in:  14.252047538757324
Exciton, frame 8969 ran in:  10.616933584213257
Exciton, frame 8970 ran in:  10.7781400680542
Exciton, frame 8971 ran in:  10.519078969955444
Exciton, frame 8972 ran in:  10.471961975097656
Exciton, frame 8973 ran in:  10.82709789276123
Exciton, frame 8974 ran in:  10.74523138999939
Exciton, frame 8975 ran in:  10.196965456008911
Exciton, frame 8976 ran in:  10.529274702072144
Exciton, frame 8977 ran in:  10.93087649345398
Exciton, frame 8978 ran in:  10.314518451690674
Exciton, frame 8979 ran in:  11.009440660476685
Exciton, frame 8980 ran in:  10.56270146369934
Exciton, frame 8981 ran in:  10.401361227035522
Exciton, frame 8982 ran in:  10.875657320022583
Exciton, frame 8983 ran in:  10.787797927856445
Exciton, frame 8984 ran in:  10.561902284622192
Exciton, frame 8985 ran in:  10.398338079452515
Exciton, frame 8986 ran in:  10.431110143661499
Exciton, frame 8987 ran in:  11.450553894042969
Exciton, frame 8988 ran in:  10.804646015167236
Exciton, frame 8989 ran in:  10.379286766052246
Exciton, frame 8990 ran in:  11.040420770645142
Exciton, frame 8991 ran in:  12.54396104812622
Exciton, frame 8992 ran in:  10.530884265899658
Exciton, frame 8993 ran in:  10.521869421005249
Exciton, frame 8994 ran in:  10.84876823425293
Exciton, frame 8995 ran in:  11.109001159667969
Exciton, frame 8996 ran in:  10.492320537567139
Exciton, frame 8997 ran in:  11.123544454574585
Exciton, frame 8998 ran in:  13.16204023361206
Exciton, frame 8999 ran in:  11.087977886199951
Finished 'run_trajectory' in 11082.283752 secs
