cpu-bind=MASK - bp1-compute067, task 4294967295 4294967295 [0]: mask 0x2fdfff2fdfff set
/user/home/of15641/.conda/envs/openmm/bin/python
Finished 'load_dcd_file' in 45.960856 secs
Exciton, frame 0 ran in:  13.712676286697388
Exciton, frame 1 ran in:  11.729367017745972
Exciton, frame 2 ran in:  11.698407173156738
Exciton, frame 3 ran in:  12.007092475891113
Exciton, frame 4 ran in:  12.10940670967102
Exciton, frame 5 ran in:  11.71416163444519
Exciton, frame 6 ran in:  12.174569368362427
Exciton, frame 7 ran in:  11.93347716331482
Exciton, frame 8 ran in:  11.669687509536743
Exciton, frame 9 ran in:  11.803754091262817
Exciton, frame 10 ran in:  11.844218015670776
Exciton, frame 11 ran in:  11.58347225189209
Exciton, frame 12 ran in:  11.88605809211731
Exciton, frame 13 ran in:  11.633211851119995
Exciton, frame 14 ran in:  11.881129503250122
Exciton, frame 15 ran in:  11.784152507781982
Exciton, frame 16 ran in:  11.789578676223755
Exciton, frame 17 ran in:  11.557246446609497
Exciton, frame 18 ran in:  11.751808404922485
Exciton, frame 19 ran in:  11.892954349517822
Exciton, frame 20 ran in:  11.827956199645996
Exciton, frame 21 ran in:  11.908969640731812
Exciton, frame 22 ran in:  11.868171215057373
Exciton, frame 23 ran in:  11.837054252624512
Exciton, frame 24 ran in:  11.7969069480896
Exciton, frame 25 ran in:  11.56345272064209
Exciton, frame 26 ran in:  12.111304521560669
Exciton, frame 27 ran in:  11.811082124710083
Exciton, frame 28 ran in:  11.94739556312561
Exciton, frame 29 ran in:  11.876193046569824
Exciton, frame 30 ran in:  11.890156269073486
Exciton, frame 31 ran in:  11.773463726043701
Exciton, frame 32 ran in:  11.8603196144104
Exciton, frame 33 ran in:  11.628095865249634
Exciton, frame 34 ran in:  11.969165325164795
Exciton, frame 35 ran in:  12.194332122802734
Exciton, frame 36 ran in:  11.647369384765625
Exciton, frame 37 ran in:  11.632535219192505
Exciton, frame 38 ran in:  11.682082891464233
Exciton, frame 39 ran in:  12.159230947494507
Exciton, frame 40 ran in:  11.792483806610107
Exciton, frame 41 ran in:  11.75377082824707
Exciton, frame 42 ran in:  11.554718732833862
Exciton, frame 43 ran in:  11.908948421478271
Exciton, frame 44 ran in:  11.64710021018982
Exciton, frame 45 ran in:  11.64247751235962
Exciton, frame 46 ran in:  11.355049133300781
Exciton, frame 47 ran in:  11.795090198516846
Exciton, frame 48 ran in:  11.80631136894226
Exciton, frame 49 ran in:  12.038551807403564
Exciton, frame 50 ran in:  11.780523538589478
Exciton, frame 51 ran in:  11.868224620819092
Exciton, frame 52 ran in:  12.231287002563477
Exciton, frame 53 ran in:  11.761539220809937
Exciton, frame 54 ran in:  11.846306085586548
Exciton, frame 55 ran in:  11.917802572250366
Exciton, frame 56 ran in:  11.91860842704773
Exciton, frame 57 ran in:  11.75730562210083
Exciton, frame 58 ran in:  12.337996006011963
Exciton, frame 59 ran in:  11.812094688415527
Exciton, frame 60 ran in:  11.76836371421814
Exciton, frame 61 ran in:  11.699116945266724
Exciton, frame 62 ran in:  12.007117986679077
Exciton, frame 63 ran in:  11.741035223007202
Exciton, frame 64 ran in:  11.93739652633667
Exciton, frame 65 ran in:  12.067668914794922
Exciton, frame 66 ran in:  11.781245470046997
Exciton, frame 67 ran in:  11.959147930145264
Exciton, frame 68 ran in:  11.633399248123169
Exciton, frame 69 ran in:  11.801179885864258
Exciton, frame 70 ran in:  11.932196378707886
Exciton, frame 71 ran in:  12.206220626831055
Exciton, frame 72 ran in:  11.93760061264038
Exciton, frame 73 ran in:  11.450478553771973
Exciton, frame 74 ran in:  12.018587350845337
Exciton, frame 75 ran in:  11.902570486068726
Exciton, frame 76 ran in:  11.967166900634766
Exciton, frame 77 ran in:  11.951082706451416
Exciton, frame 78 ran in:  11.910979270935059
Exciton, frame 79 ran in:  11.75208330154419
Exciton, frame 80 ran in:  11.725461721420288
Exciton, frame 81 ran in:  12.07276177406311
Exciton, frame 82 ran in:  11.891546964645386
Exciton, frame 83 ran in:  11.43693232536316
Exciton, frame 84 ran in:  11.770793914794922
Exciton, frame 85 ran in:  11.979402542114258
Exciton, frame 86 ran in:  11.866371154785156
Exciton, frame 87 ran in:  11.72789454460144
Exciton, frame 88 ran in:  11.811285495758057
Exciton, frame 89 ran in:  12.208738803863525
Exciton, frame 90 ran in:  11.823087930679321
Exciton, frame 91 ran in:  11.58173394203186
Exciton, frame 92 ran in:  11.83037543296814
Exciton, frame 93 ran in:  12.3718421459198
Exciton, frame 94 ran in:  11.775692462921143
Exciton, frame 95 ran in:  11.907139778137207
Exciton, frame 96 ran in:  11.854138374328613
Exciton, frame 97 ran in:  12.55010175704956
Exciton, frame 98 ran in:  11.831620454788208
Exciton, frame 99 ran in:  12.00393009185791
Exciton, frame 100 ran in:  11.907411098480225
Exciton, frame 101 ran in:  11.568683385848999
Exciton, frame 102 ran in:  11.620732307434082
Exciton, frame 103 ran in:  12.235514879226685
Exciton, frame 104 ran in:  12.341363191604614
Exciton, frame 105 ran in:  11.909593105316162
Exciton, frame 106 ran in:  11.873609066009521
Exciton, frame 107 ran in:  11.8645601272583
Exciton, frame 108 ran in:  12.285776615142822
Exciton, frame 109 ran in:  12.053306341171265
Exciton, frame 110 ran in:  11.850606441497803
Exciton, frame 111 ran in:  11.73336410522461
Exciton, frame 112 ran in:  12.106705904006958
Exciton, frame 113 ran in:  11.802915811538696
Exciton, frame 114 ran in:  11.97214674949646
Exciton, frame 115 ran in:  12.070727348327637
Exciton, frame 116 ran in:  11.986231565475464
Exciton, frame 117 ran in:  12.053752899169922
Exciton, frame 118 ran in:  12.052605390548706
Exciton, frame 119 ran in:  11.93338942527771
Exciton, frame 120 ran in:  11.835103511810303
Exciton, frame 121 ran in:  11.719688415527344
Exciton, frame 122 ran in:  11.909815549850464
Exciton, frame 123 ran in:  12.081806659698486
Exciton, frame 124 ran in:  11.66860842704773
Exciton, frame 125 ran in:  12.186919212341309
Exciton, frame 126 ran in:  11.457989931106567
Exciton, frame 127 ran in:  11.6598961353302
Exciton, frame 128 ran in:  12.42473554611206
Exciton, frame 129 ran in:  12.112122535705566
Exciton, frame 130 ran in:  11.918334484100342
Exciton, frame 131 ran in:  11.750952005386353
Exciton, frame 132 ran in:  11.415975093841553
Exciton, frame 133 ran in:  11.965569972991943
Exciton, frame 134 ran in:  11.820709228515625
Exciton, frame 135 ran in:  12.328545331954956
Exciton, frame 136 ran in:  12.053202152252197
Exciton, frame 137 ran in:  11.838267803192139
Exciton, frame 138 ran in:  11.944437265396118
Exciton, frame 139 ran in:  11.749281644821167
Exciton, frame 140 ran in:  11.93301773071289
Exciton, frame 141 ran in:  11.824649572372437
Exciton, frame 142 ran in:  11.99898076057434
Exciton, frame 143 ran in:  12.162638902664185
Exciton, frame 144 ran in:  12.008800029754639
Exciton, frame 145 ran in:  11.751643180847168
Exciton, frame 146 ran in:  12.76487112045288
Exciton, frame 147 ran in:  12.02863359451294
Exciton, frame 148 ran in:  11.876514434814453
Exciton, frame 149 ran in:  12.384920597076416
Exciton, frame 150 ran in:  11.795957326889038
Exciton, frame 151 ran in:  12.167574167251587
Exciton, frame 152 ran in:  11.82980489730835
Exciton, frame 153 ran in:  11.888909816741943
Exciton, frame 154 ran in:  12.160394191741943
Exciton, frame 155 ran in:  11.495666265487671
Exciton, frame 156 ran in:  12.195334672927856
Exciton, frame 157 ran in:  12.284540176391602
Exciton, frame 158 ran in:  11.372501373291016
Exciton, frame 159 ran in:  12.128017902374268
Exciton, frame 160 ran in:  12.089278221130371
Exciton, frame 161 ran in:  11.916233539581299
Exciton, frame 162 ran in:  12.308923959732056
Exciton, frame 163 ran in:  11.945000410079956
Exciton, frame 164 ran in:  12.01462459564209
Exciton, frame 165 ran in:  11.58784008026123
Exciton, frame 166 ran in:  12.164608716964722
Exciton, frame 167 ran in:  11.850379943847656
Exciton, frame 168 ran in:  12.121159076690674
Exciton, frame 169 ran in:  11.858744382858276
Exciton, frame 170 ran in:  12.147559642791748
Exciton, frame 171 ran in:  12.025217056274414
Exciton, frame 172 ran in:  11.736193180084229
Exciton, frame 173 ran in:  11.75535535812378
Exciton, frame 174 ran in:  12.0498206615448
Exciton, frame 175 ran in:  11.902501344680786
Exciton, frame 176 ran in:  12.424385786056519
Exciton, frame 177 ran in:  11.860828638076782
Exciton, frame 178 ran in:  11.82319974899292
Exciton, frame 179 ran in:  11.897822856903076
Exciton, frame 180 ran in:  12.319129943847656
Exciton, frame 181 ran in:  11.721420288085938
Exciton, frame 182 ran in:  12.083876132965088
Exciton, frame 183 ran in:  12.097658157348633
Exciton, frame 184 ran in:  12.224297285079956
Exciton, frame 185 ran in:  11.691519737243652
Exciton, frame 186 ran in:  12.411609888076782
Exciton, frame 187 ran in:  11.94408106803894
Exciton, frame 188 ran in:  12.196239709854126
Exciton, frame 189 ran in:  11.781087636947632
Exciton, frame 190 ran in:  11.951417684555054
Exciton, frame 191 ran in:  12.012756586074829
Exciton, frame 192 ran in:  11.83304738998413
Exciton, frame 193 ran in:  11.645766019821167
Exciton, frame 194 ran in:  12.056746482849121
Exciton, frame 195 ran in:  12.012220621109009
Exciton, frame 196 ran in:  11.744850397109985
Exciton, frame 197 ran in:  11.46856689453125
Exciton, frame 198 ran in:  11.990768194198608
Exciton, frame 199 ran in:  12.015233755111694
Exciton, frame 200 ran in:  11.79720950126648
Exciton, frame 201 ran in:  12.38327932357788
Exciton, frame 202 ran in:  11.846225023269653
Exciton, frame 203 ran in:  11.958527088165283
Exciton, frame 204 ran in:  11.891934871673584
Exciton, frame 205 ran in:  12.138835906982422
Exciton, frame 206 ran in:  11.833508014678955
Exciton, frame 207 ran in:  11.82110047340393
Exciton, frame 208 ran in:  11.76395058631897
Exciton, frame 209 ran in:  11.807424306869507
Exciton, frame 210 ran in:  12.273576021194458
Exciton, frame 211 ran in:  11.678464412689209
Exciton, frame 212 ran in:  11.959983110427856
Exciton, frame 213 ran in:  11.863293647766113
Exciton, frame 214 ran in:  12.379407405853271
Exciton, frame 215 ran in:  12.1551513671875
Exciton, frame 216 ran in:  11.702704906463623
Exciton, frame 217 ran in:  11.85770297050476
Exciton, frame 218 ran in:  11.840084314346313
Exciton, frame 219 ran in:  11.66455078125
Exciton, frame 220 ran in:  11.826567888259888
Exciton, frame 221 ran in:  11.975770711898804
Exciton, frame 222 ran in:  12.4023916721344
Exciton, frame 223 ran in:  11.635013580322266
Exciton, frame 224 ran in:  12.198760271072388
Exciton, frame 225 ran in:  11.891838312149048
Exciton, frame 226 ran in:  11.87092661857605
Exciton, frame 227 ran in:  12.259860038757324
Exciton, frame 228 ran in:  11.69991397857666
Exciton, frame 229 ran in:  11.822690725326538
Exciton, frame 230 ran in:  12.054157733917236
Exciton, frame 231 ran in:  11.977005243301392
Exciton, frame 232 ran in:  11.886603593826294
Exciton, frame 233 ran in:  11.800483703613281
Exciton, frame 234 ran in:  11.884206533432007
Exciton, frame 235 ran in:  11.607657432556152
Exciton, frame 236 ran in:  12.083457946777344
Exciton, frame 237 ran in:  11.932135105133057
Exciton, frame 238 ran in:  11.958725452423096
Exciton, frame 239 ran in:  12.402830362319946
Exciton, frame 240 ran in:  11.876561880111694
Exciton, frame 241 ran in:  12.291229009628296
Exciton, frame 242 ran in:  11.77481985092163
Exciton, frame 243 ran in:  11.985142946243286
Exciton, frame 244 ran in:  12.12431812286377
Exciton, frame 245 ran in:  12.145461082458496
Exciton, frame 246 ran in:  12.067080020904541
Exciton, frame 247 ran in:  12.23197054862976
Exciton, frame 248 ran in:  11.95446515083313
Exciton, frame 249 ran in:  12.204280614852905
Exciton, frame 250 ran in:  11.991039514541626
Exciton, frame 251 ran in:  11.829830408096313
Exciton, frame 252 ran in:  12.093928575515747
Exciton, frame 253 ran in:  11.764236211776733
Exciton, frame 254 ran in:  11.790833234786987
Exciton, frame 255 ran in:  11.634284496307373
Exciton, frame 256 ran in:  11.834269046783447
Exciton, frame 257 ran in:  12.151023149490356
Exciton, frame 258 ran in:  12.41355299949646
Exciton, frame 259 ran in:  11.839672565460205
Exciton, frame 260 ran in:  12.193097591400146
Exciton, frame 261 ran in:  12.004072904586792
Exciton, frame 262 ran in:  11.899698734283447
Exciton, frame 263 ran in:  12.306795120239258
Exciton, frame 264 ran in:  11.86219835281372
Exciton, frame 265 ran in:  11.854394912719727
Exciton, frame 266 ran in:  12.031408071517944
Exciton, frame 267 ran in:  12.019109010696411
Exciton, frame 268 ran in:  12.210520505905151
Exciton, frame 269 ran in:  12.167266845703125
Exciton, frame 270 ran in:  12.195308923721313
Exciton, frame 271 ran in:  11.979033708572388
Exciton, frame 272 ran in:  11.676057815551758
Exciton, frame 273 ran in:  11.981562614440918
Exciton, frame 274 ran in:  11.88461947441101
Exciton, frame 275 ran in:  12.040831089019775
Exciton, frame 276 ran in:  11.777173042297363
Exciton, frame 277 ran in:  11.858185291290283
Exciton, frame 278 ran in:  11.703857660293579
Exciton, frame 279 ran in:  11.497312068939209
Exciton, frame 280 ran in:  11.737889766693115
Exciton, frame 281 ran in:  11.786251306533813
Exciton, frame 282 ran in:  12.12967848777771
Exciton, frame 283 ran in:  11.849508047103882
Exciton, frame 284 ran in:  12.17183542251587
Exciton, frame 285 ran in:  11.934338569641113
Exciton, frame 286 ran in:  11.803083658218384
Exciton, frame 287 ran in:  11.96722412109375
Exciton, frame 288 ran in:  11.996643304824829
Exciton, frame 289 ran in:  12.669406175613403
Exciton, frame 290 ran in:  11.775245666503906
Exciton, frame 291 ran in:  11.633341073989868
Exciton, frame 292 ran in:  12.138425827026367
Exciton, frame 293 ran in:  12.117877721786499
Exciton, frame 294 ran in:  11.835140466690063
Exciton, frame 295 ran in:  12.3574697971344
Exciton, frame 296 ran in:  12.40968656539917
Exciton, frame 297 ran in:  12.1488356590271
Exciton, frame 298 ran in:  11.959023237228394
Exciton, frame 299 ran in:  11.716667652130127
Exciton, frame 300 ran in:  11.981561183929443
Exciton, frame 301 ran in:  12.3033607006073
Exciton, frame 302 ran in:  11.813828229904175
Exciton, frame 303 ran in:  11.824237585067749
Exciton, frame 304 ran in:  11.925369501113892
Exciton, frame 305 ran in:  12.321786403656006
Exciton, frame 306 ran in:  12.251227855682373
Exciton, frame 307 ran in:  12.232521057128906
Exciton, frame 308 ran in:  11.909061670303345
Exciton, frame 309 ran in:  11.978923082351685
Exciton, frame 310 ran in:  11.815176963806152
Exciton, frame 311 ran in:  12.075656652450562
Exciton, frame 312 ran in:  11.779341697692871
Exciton, frame 313 ran in:  11.834438562393188
Exciton, frame 314 ran in:  12.125808715820312
Exciton, frame 315 ran in:  11.960438013076782
Exciton, frame 316 ran in:  12.137671947479248
Exciton, frame 317 ran in:  11.99380898475647
Exciton, frame 318 ran in:  11.955815553665161
Exciton, frame 319 ran in:  12.073237419128418
Exciton, frame 320 ran in:  11.700786352157593
Exciton, frame 321 ran in:  11.677261352539062
Exciton, frame 322 ran in:  11.737518787384033
Exciton, frame 323 ran in:  12.395524740219116
Exciton, frame 324 ran in:  12.495343923568726
Exciton, frame 325 ran in:  12.058237791061401
Exciton, frame 326 ran in:  12.116089582443237
Exciton, frame 327 ran in:  11.591150999069214
Exciton, frame 328 ran in:  11.984264612197876
Exciton, frame 329 ran in:  11.901691436767578
Exciton, frame 330 ran in:  11.737800598144531
Exciton, frame 331 ran in:  12.087203979492188
Exciton, frame 332 ran in:  12.249364376068115
Exciton, frame 333 ran in:  11.70926809310913
Exciton, frame 334 ran in:  12.121020555496216
Exciton, frame 335 ran in:  11.966778039932251
Exciton, frame 336 ran in:  11.991117238998413
Exciton, frame 337 ran in:  11.896749258041382
Exciton, frame 338 ran in:  12.117736339569092
Exciton, frame 339 ran in:  11.819960355758667
Exciton, frame 340 ran in:  11.917973279953003
Exciton, frame 341 ran in:  11.865247249603271
Exciton, frame 342 ran in:  11.949980974197388
Exciton, frame 343 ran in:  11.843762397766113
Exciton, frame 344 ran in:  12.183412075042725
Exciton, frame 345 ran in:  12.172317266464233
Exciton, frame 346 ran in:  12.12257170677185
Exciton, frame 347 ran in:  12.136349201202393
Exciton, frame 348 ran in:  12.052475214004517
Exciton, frame 349 ran in:  12.104003429412842
Exciton, frame 350 ran in:  11.809694290161133
Exciton, frame 351 ran in:  11.700511693954468
Exciton, frame 352 ran in:  11.92800760269165
Exciton, frame 353 ran in:  11.660953760147095
Exciton, frame 354 ran in:  11.82334589958191
Exciton, frame 355 ran in:  11.876844882965088
Exciton, frame 356 ran in:  11.898247957229614
Exciton, frame 357 ran in:  11.699764013290405
Exciton, frame 358 ran in:  12.30984902381897
Exciton, frame 359 ran in:  11.993916511535645
Exciton, frame 360 ran in:  11.958698511123657
Exciton, frame 361 ran in:  11.810937643051147
Exciton, frame 362 ran in:  11.613711595535278
Exciton, frame 363 ran in:  12.32475233078003
Exciton, frame 364 ran in:  11.611055612564087
Exciton, frame 365 ran in:  11.776038646697998
Exciton, frame 366 ran in:  12.29787302017212
Exciton, frame 367 ran in:  12.252601861953735
Exciton, frame 368 ran in:  12.167163848876953
Exciton, frame 369 ran in:  12.40821123123169
Exciton, frame 370 ran in:  12.095077514648438
Exciton, frame 371 ran in:  12.238350629806519
Exciton, frame 372 ran in:  11.754928350448608
Exciton, frame 373 ran in:  12.500290155410767
Exciton, frame 374 ran in:  11.948151350021362
Exciton, frame 375 ran in:  11.67280650138855
Exciton, frame 376 ran in:  11.942559957504272
Exciton, frame 377 ran in:  11.834226131439209
Exciton, frame 378 ran in:  11.998060464859009
Exciton, frame 379 ran in:  11.751302480697632
Exciton, frame 380 ran in:  12.553287506103516
Exciton, frame 381 ran in:  11.763501405715942
Exciton, frame 382 ran in:  12.17605972290039
Exciton, frame 383 ran in:  11.632397174835205
Exciton, frame 384 ran in:  12.283268213272095
Exciton, frame 385 ran in:  11.866555452346802
Exciton, frame 386 ran in:  11.931453466415405
Exciton, frame 387 ran in:  12.134671211242676
Exciton, frame 388 ran in:  12.685058355331421
Exciton, frame 389 ran in:  11.706729412078857
Exciton, frame 390 ran in:  11.886183500289917
Exciton, frame 391 ran in:  12.00875210762024
Exciton, frame 392 ran in:  12.464221477508545
Exciton, frame 393 ran in:  12.161278247833252
Exciton, frame 394 ran in:  12.169068574905396
Exciton, frame 395 ran in:  11.987866401672363
Exciton, frame 396 ran in:  11.842366933822632
Exciton, frame 397 ran in:  12.313632249832153
Exciton, frame 398 ran in:  12.076985359191895
Exciton, frame 399 ran in:  12.111817359924316
Exciton, frame 400 ran in:  12.13696575164795
Exciton, frame 401 ran in:  12.04299283027649
Exciton, frame 402 ran in:  12.025655746459961
Exciton, frame 403 ran in:  11.744407415390015
Exciton, frame 404 ran in:  12.00663423538208
Exciton, frame 405 ran in:  12.112616777420044
Exciton, frame 406 ran in:  12.208913564682007
Exciton, frame 407 ran in:  12.287195682525635
Exciton, frame 408 ran in:  11.884876489639282
Exciton, frame 409 ran in:  11.788477420806885
Exciton, frame 410 ran in:  12.043024778366089
Exciton, frame 411 ran in:  11.81395411491394
Exciton, frame 412 ran in:  11.944498538970947
Exciton, frame 413 ran in:  11.927113771438599
Exciton, frame 414 ran in:  11.729031801223755
Exciton, frame 415 ran in:  12.020899295806885
Exciton, frame 416 ran in:  11.949921607971191
Exciton, frame 417 ran in:  12.0425386428833
Exciton, frame 418 ran in:  12.18365478515625
Exciton, frame 419 ran in:  12.097324132919312
Exciton, frame 420 ran in:  11.800195455551147
Exciton, frame 421 ran in:  11.786207914352417
Exciton, frame 422 ran in:  12.059762954711914
Exciton, frame 423 ran in:  11.934704542160034
Exciton, frame 424 ran in:  11.823328018188477
Exciton, frame 425 ran in:  11.604169368743896
Exciton, frame 426 ran in:  11.809194564819336
Exciton, frame 427 ran in:  12.216501235961914
Exciton, frame 428 ran in:  11.642817735671997
Exciton, frame 429 ran in:  11.881189823150635
Exciton, frame 430 ran in:  11.631527423858643
Exciton, frame 431 ran in:  11.923180341720581
Exciton, frame 432 ran in:  11.724158763885498
Exciton, frame 433 ran in:  11.777029514312744
Exciton, frame 434 ran in:  11.712258338928223
Exciton, frame 435 ran in:  11.910948514938354
Exciton, frame 436 ran in:  11.945601463317871
Exciton, frame 437 ran in:  12.220875978469849
Exciton, frame 438 ran in:  11.763252258300781
Exciton, frame 439 ran in:  12.072558879852295
Exciton, frame 440 ran in:  12.163440227508545
Exciton, frame 441 ran in:  11.847068071365356
Exciton, frame 442 ran in:  11.925158262252808
Exciton, frame 443 ran in:  12.322398662567139
Exciton, frame 444 ran in:  11.945655584335327
Exciton, frame 445 ran in:  11.9915931224823
Exciton, frame 446 ran in:  12.091393947601318
Exciton, frame 447 ran in:  11.566997766494751
Exciton, frame 448 ran in:  11.805447101593018
Exciton, frame 449 ran in:  11.876227617263794
Exciton, frame 450 ran in:  11.87403917312622
Exciton, frame 451 ran in:  12.039266347885132
Exciton, frame 452 ran in:  11.825649976730347
Exciton, frame 453 ran in:  11.904402256011963
Exciton, frame 454 ran in:  12.34749984741211
Exciton, frame 455 ran in:  12.814758777618408
Exciton, frame 456 ran in:  12.042607545852661
Exciton, frame 457 ran in:  12.203480958938599
Exciton, frame 458 ran in:  11.86562204360962
Exciton, frame 459 ran in:  12.045745611190796
Exciton, frame 460 ran in:  11.835543394088745
Exciton, frame 461 ran in:  11.678580284118652
Exciton, frame 462 ran in:  12.299232006072998
Exciton, frame 463 ran in:  12.614299774169922
Exciton, frame 464 ran in:  11.725794076919556
Exciton, frame 465 ran in:  11.958914279937744
Exciton, frame 466 ran in:  12.328312158584595
Exciton, frame 467 ran in:  12.167515277862549
Exciton, frame 468 ran in:  12.348559379577637
Exciton, frame 469 ran in:  12.087793111801147
Exciton, frame 470 ran in:  12.297842979431152
Exciton, frame 471 ran in:  11.756816387176514
Exciton, frame 472 ran in:  12.077244758605957
Exciton, frame 473 ran in:  12.079005479812622
Exciton, frame 474 ran in:  12.069175720214844
Exciton, frame 475 ran in:  11.457782983779907
Exciton, frame 476 ran in:  11.93508768081665
Exciton, frame 477 ran in:  12.38301396369934
Exciton, frame 478 ran in:  11.861721992492676
Exciton, frame 479 ran in:  12.099662780761719
Exciton, frame 480 ran in:  12.110572576522827
Exciton, frame 481 ran in:  11.896496534347534
Exciton, frame 482 ran in:  12.162095069885254
Exciton, frame 483 ran in:  11.549741268157959
Exciton, frame 484 ran in:  11.755469560623169
Exciton, frame 485 ran in:  12.541466236114502
Exciton, frame 486 ran in:  11.73834228515625
Exciton, frame 487 ran in:  11.927218198776245
Exciton, frame 488 ran in:  11.75445818901062
Exciton, frame 489 ran in:  11.803248882293701
Exciton, frame 490 ran in:  11.460034370422363
Exciton, frame 491 ran in:  12.029074907302856
Exciton, frame 492 ran in:  11.743208646774292
Exciton, frame 493 ran in:  12.245671033859253
Exciton, frame 494 ran in:  12.409714460372925
Exciton, frame 495 ran in:  11.875820875167847
Exciton, frame 496 ran in:  12.013582468032837
Exciton, frame 497 ran in:  11.708422660827637
Exciton, frame 498 ran in:  12.415142297744751
Exciton, frame 499 ran in:  12.03287959098816
Exciton, frame 500 ran in:  12.354965209960938
Exciton, frame 501 ran in:  11.727577924728394
Exciton, frame 502 ran in:  11.928810834884644
Exciton, frame 503 ran in:  12.057151556015015
Exciton, frame 504 ran in:  11.743242740631104
Exciton, frame 505 ran in:  12.194695711135864
Exciton, frame 506 ran in:  12.083172798156738
Exciton, frame 507 ran in:  11.805813550949097
Exciton, frame 508 ran in:  12.390621900558472
Exciton, frame 509 ran in:  12.272637367248535
Exciton, frame 510 ran in:  11.823528051376343
Exciton, frame 511 ran in:  12.259522914886475
Exciton, frame 512 ran in:  12.012826442718506
Exciton, frame 513 ran in:  11.99531602859497
Exciton, frame 514 ran in:  12.613129138946533
Exciton, frame 515 ran in:  11.888810396194458
Exciton, frame 516 ran in:  12.161860942840576
Exciton, frame 517 ran in:  11.78850793838501
Exciton, frame 518 ran in:  12.281250476837158
Exciton, frame 519 ran in:  11.863080739974976
Exciton, frame 520 ran in:  12.045423746109009
Exciton, frame 521 ran in:  12.049254417419434
Exciton, frame 522 ran in:  11.978817701339722
Exciton, frame 523 ran in:  11.683646202087402
Exciton, frame 524 ran in:  11.892482995986938
Exciton, frame 525 ran in:  11.839261770248413
Exciton, frame 526 ran in:  11.931458473205566
Exciton, frame 527 ran in:  12.345998048782349
Exciton, frame 528 ran in:  12.113768339157104
Exciton, frame 529 ran in:  11.988147020339966
Exciton, frame 530 ran in:  12.083197355270386
Exciton, frame 531 ran in:  12.003720998764038
Exciton, frame 532 ran in:  11.92573618888855
Exciton, frame 533 ran in:  11.72626256942749
Exciton, frame 534 ran in:  11.82291030883789
Exciton, frame 535 ran in:  11.637038469314575
Exciton, frame 536 ran in:  11.806621074676514
Exciton, frame 537 ran in:  11.676169157028198
Exciton, frame 538 ran in:  11.86833119392395
Exciton, frame 539 ran in:  11.920207738876343
Exciton, frame 540 ran in:  12.070706367492676
Exciton, frame 541 ran in:  12.0921311378479
Exciton, frame 542 ran in:  11.896531581878662
Exciton, frame 543 ran in:  12.069733381271362
Exciton, frame 544 ran in:  12.16719937324524
Exciton, frame 545 ran in:  11.816039085388184
Exciton, frame 546 ran in:  11.892367601394653
Exciton, frame 547 ran in:  12.767597675323486
Exciton, frame 548 ran in:  11.910754203796387
Exciton, frame 549 ran in:  12.141818046569824
Exciton, frame 550 ran in:  11.637146711349487
Exciton, frame 551 ran in:  12.192662715911865
Exciton, frame 552 ran in:  12.214030265808105
Exciton, frame 553 ran in:  12.08383059501648
Exciton, frame 554 ran in:  11.695368766784668
Exciton, frame 555 ran in:  11.79543948173523
Exciton, frame 556 ran in:  12.010221004486084
Exciton, frame 557 ran in:  12.633878946304321
Exciton, frame 558 ran in:  11.956539154052734
Exciton, frame 559 ran in:  12.100589752197266
Exciton, frame 560 ran in:  11.990822792053223
Exciton, frame 561 ran in:  11.936818838119507
Exciton, frame 562 ran in:  11.885084629058838
Exciton, frame 563 ran in:  11.740352153778076
Exciton, frame 564 ran in:  11.947351932525635
Exciton, frame 565 ran in:  12.070777177810669
Exciton, frame 566 ran in:  12.296502828598022
Exciton, frame 567 ran in:  11.998659610748291
Exciton, frame 568 ran in:  11.751621961593628
Exciton, frame 569 ran in:  11.648971796035767
Exciton, frame 570 ran in:  12.223338603973389
Exciton, frame 571 ran in:  11.718756675720215
Exciton, frame 572 ran in:  12.112208366394043
Exciton, frame 573 ran in:  11.89541506767273
Exciton, frame 574 ran in:  12.084442377090454
Exciton, frame 575 ran in:  11.654694557189941
Exciton, frame 576 ran in:  12.415437698364258
Exciton, frame 577 ran in:  11.762252807617188
Exciton, frame 578 ran in:  12.064852952957153
Exciton, frame 579 ran in:  11.982633590698242
Exciton, frame 580 ran in:  11.674246072769165
Exciton, frame 581 ran in:  12.351179838180542
Exciton, frame 582 ran in:  11.970433235168457
Exciton, frame 583 ran in:  11.92316460609436
Exciton, frame 584 ran in:  11.980028867721558
Exciton, frame 585 ran in:  12.656864404678345
Exciton, frame 586 ran in:  11.877817869186401
Exciton, frame 587 ran in:  12.364457845687866
Exciton, frame 588 ran in:  12.057545900344849
Exciton, frame 589 ran in:  12.435731410980225
Exciton, frame 590 ran in:  12.050421714782715
Exciton, frame 591 ran in:  11.926002025604248
Exciton, frame 592 ran in:  12.61551308631897
Exciton, frame 593 ran in:  11.831627607345581
Exciton, frame 594 ran in:  12.136258363723755
Exciton, frame 595 ran in:  11.918570756912231
Exciton, frame 596 ran in:  11.752394437789917
Exciton, frame 597 ran in:  11.752007007598877
Exciton, frame 598 ran in:  11.853809356689453
Exciton, frame 599 ran in:  12.386825561523438
Exciton, frame 600 ran in:  12.170929193496704
Exciton, frame 601 ran in:  12.371587991714478
Exciton, frame 602 ran in:  12.54580807685852
Exciton, frame 603 ran in:  11.698269367218018
Exciton, frame 604 ran in:  11.758861303329468
Exciton, frame 605 ran in:  11.878505945205688
Exciton, frame 606 ran in:  12.2336905002594
Exciton, frame 607 ran in:  13.29500150680542
Exciton, frame 608 ran in:  11.969905376434326
Exciton, frame 609 ran in:  11.87351131439209
Exciton, frame 610 ran in:  11.98104453086853
Exciton, frame 611 ran in:  12.080951452255249
Exciton, frame 612 ran in:  12.48241138458252
Exciton, frame 613 ran in:  11.81175422668457
Exciton, frame 614 ran in:  11.70196795463562
Exciton, frame 615 ran in:  11.911824226379395
Exciton, frame 616 ran in:  11.942718029022217
Exciton, frame 617 ran in:  11.585848331451416
Exciton, frame 618 ran in:  11.88827657699585
Exciton, frame 619 ran in:  11.7004075050354
Exciton, frame 620 ran in:  11.729233503341675
Exciton, frame 621 ran in:  12.198716163635254
Exciton, frame 622 ran in:  11.84184455871582
Exciton, frame 623 ran in:  11.93381381034851
Exciton, frame 624 ran in:  11.753504276275635
Exciton, frame 625 ran in:  12.1526460647583
Exciton, frame 626 ran in:  12.061265468597412
Exciton, frame 627 ran in:  12.021497964859009
Exciton, frame 628 ran in:  12.140174388885498
Exciton, frame 629 ran in:  11.880067586898804
Exciton, frame 630 ran in:  12.024763345718384
Exciton, frame 631 ran in:  11.924585342407227
Exciton, frame 632 ran in:  11.851027727127075
Exciton, frame 633 ran in:  12.056227207183838
Exciton, frame 634 ran in:  11.739427328109741
Exciton, frame 635 ran in:  11.965035200119019
Exciton, frame 636 ran in:  12.177805662155151
Exciton, frame 637 ran in:  11.608631610870361
Exciton, frame 638 ran in:  11.823210954666138
Exciton, frame 639 ran in:  12.225582361221313
Exciton, frame 640 ran in:  12.14164113998413
Exciton, frame 641 ran in:  12.218277215957642
Exciton, frame 642 ran in:  11.67105484008789
Exciton, frame 643 ran in:  11.733437061309814
Exciton, frame 644 ran in:  11.732567548751831
Exciton, frame 645 ran in:  12.269276142120361
Exciton, frame 646 ran in:  12.032643556594849
Exciton, frame 647 ran in:  11.96861457824707
Exciton, frame 648 ran in:  11.929412603378296
Exciton, frame 649 ran in:  12.262734174728394
Exciton, frame 650 ran in:  12.116988897323608
Exciton, frame 651 ran in:  12.06802749633789
Exciton, frame 652 ran in:  11.860875606536865
Exciton, frame 653 ran in:  11.54800534248352
Exciton, frame 654 ran in:  12.335200309753418
Exciton, frame 655 ran in:  12.19103193283081
Exciton, frame 656 ran in:  11.982633829116821
Exciton, frame 657 ran in:  12.154431343078613
Exciton, frame 658 ran in:  12.402891635894775
Exciton, frame 659 ran in:  11.78691029548645
Exciton, frame 660 ran in:  11.887762069702148
Exciton, frame 661 ran in:  11.845444202423096
Exciton, frame 662 ran in:  11.670511484146118
Exciton, frame 663 ran in:  11.969907522201538
Exciton, frame 664 ran in:  11.891196966171265
Exciton, frame 665 ran in:  11.815086841583252
Exciton, frame 666 ran in:  11.93410062789917
Exciton, frame 667 ran in:  12.209578275680542
Exciton, frame 668 ran in:  11.878990888595581
Exciton, frame 669 ran in:  11.807323217391968
Exciton, frame 670 ran in:  11.662850856781006
Exciton, frame 671 ran in:  11.650666952133179
Exciton, frame 672 ran in:  11.873932838439941
Exciton, frame 673 ran in:  12.33171820640564
Exciton, frame 674 ran in:  11.87863826751709
Exciton, frame 675 ran in:  12.001977682113647
Exciton, frame 676 ran in:  11.708888292312622
Exciton, frame 677 ran in:  12.457224607467651
Exciton, frame 678 ran in:  11.698919296264648
Exciton, frame 679 ran in:  12.163732290267944
Exciton, frame 680 ran in:  12.80492877960205
Exciton, frame 681 ran in:  11.66478180885315
Exciton, frame 682 ran in:  12.152358531951904
Exciton, frame 683 ran in:  11.831149816513062
Exciton, frame 684 ran in:  12.034197807312012
Exciton, frame 685 ran in:  11.817439079284668
Exciton, frame 686 ran in:  11.836240768432617
Exciton, frame 687 ran in:  11.734946489334106
Exciton, frame 688 ran in:  12.114347457885742
Exciton, frame 689 ran in:  11.927727460861206
Exciton, frame 690 ran in:  11.992379188537598
Exciton, frame 691 ran in:  12.381394624710083
Exciton, frame 692 ran in:  12.096072912216187
Exciton, frame 693 ran in:  12.048380374908447
Exciton, frame 694 ran in:  12.320241451263428
Exciton, frame 695 ran in:  12.049010276794434
Exciton, frame 696 ran in:  12.140809535980225
Exciton, frame 697 ran in:  12.345294952392578
Exciton, frame 698 ran in:  12.188441753387451
Exciton, frame 699 ran in:  11.87949275970459
Exciton, frame 700 ran in:  12.251311779022217
Exciton, frame 701 ran in:  12.152110576629639
Exciton, frame 702 ran in:  12.261913299560547
Exciton, frame 703 ran in:  12.110035181045532
Exciton, frame 704 ran in:  11.938817501068115
Exciton, frame 705 ran in:  11.721862316131592
Exciton, frame 706 ran in:  12.117462635040283
Exciton, frame 707 ran in:  12.039820671081543
Exciton, frame 708 ran in:  12.100566625595093
Exciton, frame 709 ran in:  12.198485374450684
Exciton, frame 710 ran in:  12.262162685394287
Exciton, frame 711 ran in:  11.933767080307007
Exciton, frame 712 ran in:  12.299570798873901
Exciton, frame 713 ran in:  11.727046251296997
Exciton, frame 714 ran in:  11.985955476760864
Exciton, frame 715 ran in:  12.228149890899658
Exciton, frame 716 ran in:  11.999022960662842
Exciton, frame 717 ran in:  11.891417026519775
Exciton, frame 718 ran in:  12.080339193344116
Exciton, frame 719 ran in:  11.745144844055176
Exciton, frame 720 ran in:  11.80653715133667
Exciton, frame 721 ran in:  11.700734376907349
Exciton, frame 722 ran in:  11.626282453536987
Exciton, frame 723 ran in:  11.82710075378418
Exciton, frame 724 ran in:  12.043700933456421
Exciton, frame 725 ran in:  11.554157733917236
Exciton, frame 726 ran in:  12.081168413162231
Exciton, frame 727 ran in:  12.455539464950562
Exciton, frame 728 ran in:  12.215026378631592
Exciton, frame 729 ran in:  12.000452041625977
Exciton, frame 730 ran in:  12.472507953643799
Exciton, frame 731 ran in:  12.290187358856201
Exciton, frame 732 ran in:  12.061114072799683
Exciton, frame 733 ran in:  11.99662184715271
Exciton, frame 734 ran in:  11.9060800075531
Exciton, frame 735 ran in:  12.485347032546997
Exciton, frame 736 ran in:  11.964142084121704
Exciton, frame 737 ran in:  11.846312522888184
Exciton, frame 738 ran in:  11.457109212875366
Exciton, frame 739 ran in:  11.878231287002563
Exciton, frame 740 ran in:  11.821689128875732
Exciton, frame 741 ran in:  12.313107252120972
Exciton, frame 742 ran in:  11.603878736495972
Exciton, frame 743 ran in:  12.551491260528564
Exciton, frame 744 ran in:  11.753889560699463
Exciton, frame 745 ran in:  12.02799105644226
Exciton, frame 746 ran in:  11.937931299209595
Exciton, frame 747 ran in:  12.184211015701294
Exciton, frame 748 ran in:  11.966873168945312
Exciton, frame 749 ran in:  12.212158203125
Exciton, frame 750 ran in:  11.710481882095337
Exciton, frame 751 ran in:  11.813597917556763
Exciton, frame 752 ran in:  11.673047065734863
Exciton, frame 753 ran in:  12.061416387557983
Exciton, frame 754 ran in:  11.818221092224121
Exciton, frame 755 ran in:  11.887490510940552
Exciton, frame 756 ran in:  11.91737151145935
Exciton, frame 757 ran in:  12.26916766166687
Exciton, frame 758 ran in:  11.9739670753479
Exciton, frame 759 ran in:  12.040275812149048
Exciton, frame 760 ran in:  11.815670251846313
Exciton, frame 761 ran in:  11.835051536560059
Exciton, frame 762 ran in:  11.605084896087646
Exciton, frame 763 ran in:  11.981070041656494
Exciton, frame 764 ran in:  12.587770700454712
Exciton, frame 765 ran in:  12.161322832107544
Exciton, frame 766 ran in:  11.762631893157959
Exciton, frame 767 ran in:  11.978357553482056
Exciton, frame 768 ran in:  11.92618703842163
Exciton, frame 769 ran in:  12.082690477371216
Exciton, frame 770 ran in:  12.10454511642456
Exciton, frame 771 ran in:  11.834412574768066
Exciton, frame 772 ran in:  11.940881729125977
Exciton, frame 773 ran in:  11.897692918777466
Exciton, frame 774 ran in:  11.91465973854065
Exciton, frame 775 ran in:  11.917067766189575
Exciton, frame 776 ran in:  12.202048063278198
Exciton, frame 777 ran in:  11.66797161102295
Exciton, frame 778 ran in:  11.881283283233643
Exciton, frame 779 ran in:  11.980074882507324
Exciton, frame 780 ran in:  12.22124695777893
Exciton, frame 781 ran in:  12.121169328689575
Exciton, frame 782 ran in:  12.493304252624512
Exciton, frame 783 ran in:  11.961784601211548
Exciton, frame 784 ran in:  11.853278875350952
Exciton, frame 785 ran in:  11.71345329284668
Exciton, frame 786 ran in:  12.067564249038696
Exciton, frame 787 ran in:  11.97870421409607
Exciton, frame 788 ran in:  11.716606140136719
Exciton, frame 789 ran in:  11.907896280288696
Exciton, frame 790 ran in:  11.535475492477417
Exciton, frame 791 ran in:  11.730351686477661
Exciton, frame 792 ran in:  12.183631420135498
Exciton, frame 793 ran in:  11.892170190811157
Exciton, frame 794 ran in:  12.193276166915894
Exciton, frame 795 ran in:  12.114237546920776
Exciton, frame 796 ran in:  12.13736629486084
Exciton, frame 797 ran in:  11.649136304855347
Exciton, frame 798 ran in:  11.973605155944824
Exciton, frame 799 ran in:  11.863624811172485
Exciton, frame 800 ran in:  11.672402143478394
Exciton, frame 801 ran in:  11.825135707855225
Exciton, frame 802 ran in:  11.690823316574097
Exciton, frame 803 ran in:  11.699970483779907
Exciton, frame 804 ran in:  11.533909320831299
Exciton, frame 805 ran in:  12.188203811645508
Exciton, frame 806 ran in:  12.16710638999939
Exciton, frame 807 ran in:  12.110087871551514
Exciton, frame 808 ran in:  11.96735143661499
Exciton, frame 809 ran in:  12.033624172210693
Exciton, frame 810 ran in:  12.08006477355957
Exciton, frame 811 ran in:  11.76449990272522
Exciton, frame 812 ran in:  11.851215362548828
Exciton, frame 813 ran in:  11.804881572723389
Exciton, frame 814 ran in:  12.1218900680542
Exciton, frame 815 ran in:  11.970314979553223
Exciton, frame 816 ran in:  11.959617853164673
Exciton, frame 817 ran in:  11.655864953994751
Exciton, frame 818 ran in:  12.047581195831299
Exciton, frame 819 ran in:  11.917426824569702
Exciton, frame 820 ran in:  12.272661447525024
Exciton, frame 821 ran in:  12.142032623291016
Exciton, frame 822 ran in:  11.915252447128296
Exciton, frame 823 ran in:  12.187342166900635
Exciton, frame 824 ran in:  11.99651837348938
Exciton, frame 825 ran in:  11.92689299583435
Exciton, frame 826 ran in:  11.687891244888306
Exciton, frame 827 ran in:  12.241716384887695
Exciton, frame 828 ran in:  12.574138164520264
Exciton, frame 829 ran in:  11.815571308135986
Exciton, frame 830 ran in:  11.796842813491821
Exciton, frame 831 ran in:  11.901671648025513
Exciton, frame 832 ran in:  11.794134855270386
Exciton, frame 833 ran in:  11.87328052520752
Exciton, frame 834 ran in:  11.902175188064575
Exciton, frame 835 ran in:  12.045678853988647
Exciton, frame 836 ran in:  12.082222700119019
Exciton, frame 837 ran in:  11.564876794815063
Exciton, frame 838 ran in:  11.760938882827759
Exciton, frame 839 ran in:  11.958641052246094
Exciton, frame 840 ran in:  11.753691673278809
Exciton, frame 841 ran in:  11.594106674194336
Exciton, frame 842 ran in:  12.405670166015625
Exciton, frame 843 ran in:  11.84045696258545
Exciton, frame 844 ran in:  12.076684474945068
Exciton, frame 845 ran in:  11.897821426391602
Exciton, frame 846 ran in:  11.941027641296387
Exciton, frame 847 ran in:  11.744268655776978
Exciton, frame 848 ran in:  11.812628269195557
Exciton, frame 849 ran in:  11.827958345413208
Exciton, frame 850 ran in:  12.055922269821167
Exciton, frame 851 ran in:  12.142460584640503
Exciton, frame 852 ran in:  12.163708209991455
Exciton, frame 853 ran in:  11.914294481277466
Exciton, frame 854 ran in:  11.560468196868896
Exciton, frame 855 ran in:  11.628989696502686
Exciton, frame 856 ran in:  12.029634475708008
Exciton, frame 857 ran in:  11.90549921989441
Exciton, frame 858 ran in:  12.06259274482727
Exciton, frame 859 ran in:  12.451908588409424
Exciton, frame 860 ran in:  12.22072458267212
Exciton, frame 861 ran in:  12.033637046813965
Exciton, frame 862 ran in:  11.984616041183472
Exciton, frame 863 ran in:  12.005198240280151
Exciton, frame 864 ran in:  12.089635133743286
Exciton, frame 865 ran in:  11.958965539932251
Exciton, frame 866 ran in:  12.36532211303711
Exciton, frame 867 ran in:  12.077887773513794
Exciton, frame 868 ran in:  11.782938957214355
Exciton, frame 869 ran in:  11.836606740951538
Exciton, frame 870 ran in:  11.81810188293457
Exciton, frame 871 ran in:  11.848486185073853
Exciton, frame 872 ran in:  11.803771257400513
Exciton, frame 873 ran in:  11.88001298904419
Exciton, frame 874 ran in:  11.98530888557434
Exciton, frame 875 ran in:  11.958572149276733
Exciton, frame 876 ran in:  11.68180227279663
Exciton, frame 877 ran in:  11.664218425750732
Exciton, frame 878 ran in:  12.180325269699097
Exciton, frame 879 ran in:  11.744237661361694
Exciton, frame 880 ran in:  11.645647287368774
Exciton, frame 881 ran in:  11.729111671447754
Exciton, frame 882 ran in:  12.22327208518982
Exciton, frame 883 ran in:  12.083932876586914
Exciton, frame 884 ran in:  12.175252676010132
Exciton, frame 885 ran in:  11.937892198562622
Exciton, frame 886 ran in:  12.06241226196289
Exciton, frame 887 ran in:  12.188892841339111
Exciton, frame 888 ran in:  11.937251806259155
Exciton, frame 889 ran in:  12.320841073989868
Exciton, frame 890 ran in:  11.817689657211304
Exciton, frame 891 ran in:  12.090632915496826
Exciton, frame 892 ran in:  11.735534429550171
Exciton, frame 893 ran in:  12.443305730819702
Exciton, frame 894 ran in:  11.911787033081055
Exciton, frame 895 ran in:  12.045616626739502
Exciton, frame 896 ran in:  11.832371473312378
Exciton, frame 897 ran in:  11.924817085266113
Exciton, frame 898 ran in:  12.109575510025024
Exciton, frame 899 ran in:  11.938235521316528
Exciton, frame 900 ran in:  11.698550462722778
Exciton, frame 901 ran in:  11.785145998001099
Exciton, frame 902 ran in:  12.125837087631226
Exciton, frame 903 ran in:  11.775658369064331
Exciton, frame 904 ran in:  11.860687494277954
Exciton, frame 905 ran in:  11.942229270935059
Exciton, frame 906 ran in:  11.761346817016602
Exciton, frame 907 ran in:  11.926652669906616
Exciton, frame 908 ran in:  12.133810758590698
Exciton, frame 909 ran in:  12.353382587432861
Exciton, frame 910 ran in:  11.906532049179077
Exciton, frame 911 ran in:  11.760810136795044
Exciton, frame 912 ran in:  12.050777435302734
Exciton, frame 913 ran in:  11.808838367462158
Exciton, frame 914 ran in:  12.14080810546875
Exciton, frame 915 ran in:  12.51076889038086
Exciton, frame 916 ran in:  11.74038815498352
Exciton, frame 917 ran in:  11.902399063110352
Exciton, frame 918 ran in:  12.156559228897095
Exciton, frame 919 ran in:  12.212638854980469
Exciton, frame 920 ran in:  12.241822957992554
Exciton, frame 921 ran in:  12.39366626739502
Exciton, frame 922 ran in:  11.940298080444336
Exciton, frame 923 ran in:  12.082791805267334
Exciton, frame 924 ran in:  12.007040739059448
Exciton, frame 925 ran in:  11.899498462677002
Exciton, frame 926 ran in:  12.006139516830444
Exciton, frame 927 ran in:  12.46386170387268
Exciton, frame 928 ran in:  11.892350435256958
Exciton, frame 929 ran in:  11.748148202896118
Exciton, frame 930 ran in:  12.100478410720825
Exciton, frame 931 ran in:  11.69482159614563
Exciton, frame 932 ran in:  12.219897747039795
Exciton, frame 933 ran in:  11.722534656524658
Exciton, frame 934 ran in:  11.980175256729126
Exciton, frame 935 ran in:  11.613929748535156
Exciton, frame 936 ran in:  12.043711423873901
Exciton, frame 937 ran in:  12.2305166721344
Exciton, frame 938 ran in:  11.899945259094238
Exciton, frame 939 ran in:  11.88487720489502
Exciton, frame 940 ran in:  11.988555669784546
Exciton, frame 941 ran in:  11.888113498687744
Exciton, frame 942 ran in:  11.833809852600098
Exciton, frame 943 ran in:  11.814334154129028
Exciton, frame 944 ran in:  12.366578102111816
Exciton, frame 945 ran in:  11.750255346298218
Exciton, frame 946 ran in:  12.417680978775024
Exciton, frame 947 ran in:  11.566177368164062
Exciton, frame 948 ran in:  12.383016347885132
Exciton, frame 949 ran in:  12.333430051803589
Exciton, frame 950 ran in:  12.055327892303467
Exciton, frame 951 ran in:  12.060579538345337
Exciton, frame 952 ran in:  12.082956314086914
Exciton, frame 953 ran in:  12.049931526184082
Exciton, frame 954 ran in:  11.800458431243896
Exciton, frame 955 ran in:  11.739950180053711
Exciton, frame 956 ran in:  11.799208879470825
Exciton, frame 957 ran in:  11.98734712600708
Exciton, frame 958 ran in:  12.680481433868408
Exciton, frame 959 ran in:  11.64470911026001
Exciton, frame 960 ran in:  12.028027057647705
Exciton, frame 961 ran in:  11.753907918930054
Exciton, frame 962 ran in:  11.724527597427368
Exciton, frame 963 ran in:  12.349643230438232
Exciton, frame 964 ran in:  11.755045890808105
Exciton, frame 965 ran in:  11.678658962249756
Exciton, frame 966 ran in:  12.216041088104248
Exciton, frame 967 ran in:  11.753506183624268
Exciton, frame 968 ran in:  11.788913011550903
Exciton, frame 969 ran in:  12.145501852035522
Exciton, frame 970 ran in:  11.673396348953247
Exciton, frame 971 ran in:  12.123489379882812
Exciton, frame 972 ran in:  11.788203477859497
Exciton, frame 973 ran in:  11.733431100845337
Exciton, frame 974 ran in:  12.014697313308716
Exciton, frame 975 ran in:  11.72814416885376
Exciton, frame 976 ran in:  11.859761238098145
Exciton, frame 977 ran in:  12.185741186141968
Exciton, frame 978 ran in:  11.974509239196777
Exciton, frame 979 ran in:  12.120851993560791
Exciton, frame 980 ran in:  12.508727788925171
Exciton, frame 981 ran in:  12.3279128074646
Exciton, frame 982 ran in:  11.954104661941528
Exciton, frame 983 ran in:  11.751935243606567
Exciton, frame 984 ran in:  11.964438676834106
Exciton, frame 985 ran in:  11.78099799156189
Exciton, frame 986 ran in:  11.69056248664856
Exciton, frame 987 ran in:  11.864241600036621
Exciton, frame 988 ran in:  11.75857424736023
Exciton, frame 989 ran in:  11.911540508270264
Exciton, frame 990 ran in:  12.172593593597412
Exciton, frame 991 ran in:  11.678198099136353
Exciton, frame 992 ran in:  11.9477379322052
Exciton, frame 993 ran in:  11.930763959884644
Exciton, frame 994 ran in:  11.969560384750366
Exciton, frame 995 ran in:  12.011636972427368
Exciton, frame 996 ran in:  12.284176111221313
Exciton, frame 997 ran in:  12.203094005584717
Exciton, frame 998 ran in:  11.613715648651123
Exciton, frame 999 ran in:  11.768497228622437
Finished 'run_trajectory' in 12130.815834 secs
