cpu-bind=MASK - bp1-compute117, task 4294967295 4294967295 [0]: mask 0x3f6fff3f6fff set
/user/home/of15641/.conda/envs/openmm/bin/python
Finished 'load_dcd_file' in 56.075989 secs
Exciton, frame 5000 ran in:  17.75608801841736
Exciton, frame 5001 ran in:  12.018279790878296
Exciton, frame 5002 ran in:  11.630223274230957
Exciton, frame 5003 ran in:  11.6947660446167
Exciton, frame 5004 ran in:  11.947158575057983
Exciton, frame 5005 ran in:  12.337154626846313
Exciton, frame 5006 ran in:  11.547043561935425
Exciton, frame 5007 ran in:  11.871486902236938
Exciton, frame 5008 ran in:  11.768383979797363
Exciton, frame 5009 ran in:  12.295172691345215
Exciton, frame 5010 ran in:  11.849622011184692
Exciton, frame 5011 ran in:  11.699377298355103
Exciton, frame 5012 ran in:  11.885372877120972
Exciton, frame 5013 ran in:  12.13661527633667
Exciton, frame 5014 ran in:  11.74106740951538
Exciton, frame 5015 ran in:  12.02519941329956
Exciton, frame 5016 ran in:  11.8694589138031
Exciton, frame 5017 ran in:  11.935850143432617
Exciton, frame 5018 ran in:  11.679219245910645
Exciton, frame 5019 ran in:  11.89654016494751
Exciton, frame 5020 ran in:  11.748972415924072
Exciton, frame 5021 ran in:  12.47663927078247
Exciton, frame 5022 ran in:  12.35204005241394
Exciton, frame 5023 ran in:  12.018449544906616
Exciton, frame 5024 ran in:  11.669665336608887
Exciton, frame 5025 ran in:  12.039982080459595
Exciton, frame 5026 ran in:  11.594702005386353
Exciton, frame 5027 ran in:  11.92411494255066
Exciton, frame 5028 ran in:  11.605966806411743
Exciton, frame 5029 ran in:  11.837078094482422
Exciton, frame 5030 ran in:  11.729280948638916
Exciton, frame 5031 ran in:  11.85227918624878
Exciton, frame 5032 ran in:  11.759231090545654
Exciton, frame 5033 ran in:  12.055314302444458
Exciton, frame 5034 ran in:  11.594161748886108
Exciton, frame 5035 ran in:  11.81382703781128
Exciton, frame 5036 ran in:  11.7608163356781
Exciton, frame 5037 ran in:  12.007914781570435
Exciton, frame 5038 ran in:  11.715563535690308
Exciton, frame 5039 ran in:  11.711479663848877
Exciton, frame 5040 ran in:  12.159902811050415
Exciton, frame 5041 ran in:  12.116649866104126
Exciton, frame 5042 ran in:  11.729451417922974
Exciton, frame 5043 ran in:  11.817254781723022
Exciton, frame 5044 ran in:  12.017779111862183
Exciton, frame 5045 ran in:  11.938256025314331
Exciton, frame 5046 ran in:  11.796206712722778
Exciton, frame 5047 ran in:  12.076686143875122
Exciton, frame 5048 ran in:  12.116997003555298
Exciton, frame 5049 ran in:  11.567678928375244
Exciton, frame 5050 ran in:  11.508744478225708
Exciton, frame 5051 ran in:  11.941481113433838
Exciton, frame 5052 ran in:  11.991355895996094
Exciton, frame 5053 ran in:  11.473839521408081
Exciton, frame 5054 ran in:  11.89959192276001
Exciton, frame 5055 ran in:  12.160379648208618
Exciton, frame 5056 ran in:  11.904297590255737
Exciton, frame 5057 ran in:  11.769834995269775
Exciton, frame 5058 ran in:  11.724650144577026
Exciton, frame 5059 ran in:  11.920389890670776
Exciton, frame 5060 ran in:  11.600726127624512
Exciton, frame 5061 ran in:  12.03845763206482
Exciton, frame 5062 ran in:  11.766629219055176
Exciton, frame 5063 ran in:  12.143558740615845
Exciton, frame 5064 ran in:  11.868446826934814
Exciton, frame 5065 ran in:  11.8600172996521
Exciton, frame 5066 ran in:  11.686260461807251
Exciton, frame 5067 ran in:  11.671441555023193
Exciton, frame 5068 ran in:  11.816855907440186
Exciton, frame 5069 ran in:  12.00889778137207
Exciton, frame 5070 ran in:  11.786447048187256
Exciton, frame 5071 ran in:  11.635905981063843
Exciton, frame 5072 ran in:  12.063930749893188
Exciton, frame 5073 ran in:  11.57059931755066
Exciton, frame 5074 ran in:  11.528644800186157
Exciton, frame 5075 ran in:  11.788140296936035
Exciton, frame 5076 ran in:  11.88102412223816
Exciton, frame 5077 ran in:  11.866384029388428
Exciton, frame 5078 ran in:  12.132203578948975
Exciton, frame 5079 ran in:  11.71985149383545
Exciton, frame 5080 ran in:  12.240861415863037
Exciton, frame 5081 ran in:  12.361039638519287
Exciton, frame 5082 ran in:  11.810142755508423
Exciton, frame 5083 ran in:  11.858120203018188
Exciton, frame 5084 ran in:  11.919127941131592
Exciton, frame 5085 ran in:  11.93585729598999
Exciton, frame 5086 ran in:  11.867861032485962
Exciton, frame 5087 ran in:  11.780531167984009
Exciton, frame 5088 ran in:  11.775471210479736
Exciton, frame 5089 ran in:  11.939322471618652
Exciton, frame 5090 ran in:  11.856204986572266
Exciton, frame 5091 ran in:  11.697528839111328
Exciton, frame 5092 ran in:  11.538117408752441
Exciton, frame 5093 ran in:  12.004222631454468
Exciton, frame 5094 ran in:  11.649136066436768
Exciton, frame 5095 ran in:  12.292458057403564
Exciton, frame 5096 ran in:  11.891012907028198
Exciton, frame 5097 ran in:  11.549740314483643
Exciton, frame 5098 ran in:  12.624816179275513
Exciton, frame 5099 ran in:  11.851017236709595
Exciton, frame 5100 ran in:  11.861058235168457
Exciton, frame 5101 ran in:  11.61015510559082
Exciton, frame 5102 ran in:  11.499732494354248
Exciton, frame 5103 ran in:  12.061455726623535
Exciton, frame 5104 ran in:  11.650225639343262
Exciton, frame 5105 ran in:  11.72218632698059
Exciton, frame 5106 ran in:  11.933121919631958
Exciton, frame 5107 ran in:  11.914229393005371
Exciton, frame 5108 ran in:  11.58284854888916
Exciton, frame 5109 ran in:  11.719249725341797
Exciton, frame 5110 ran in:  12.041360139846802
Exciton, frame 5111 ran in:  11.793121337890625
Exciton, frame 5112 ran in:  12.436454772949219
Exciton, frame 5113 ran in:  11.926478624343872
Exciton, frame 5114 ran in:  11.983399629592896
Exciton, frame 5115 ran in:  11.940159320831299
Exciton, frame 5116 ran in:  11.683430433273315
Exciton, frame 5117 ran in:  11.76120638847351
Exciton, frame 5118 ran in:  11.930049896240234
Exciton, frame 5119 ran in:  11.934547424316406
Exciton, frame 5120 ran in:  11.718257665634155
Exciton, frame 5121 ran in:  11.852396726608276
Exciton, frame 5122 ran in:  11.828566312789917
Exciton, frame 5123 ran in:  12.220494747161865
Exciton, frame 5124 ran in:  11.641313791275024
Exciton, frame 5125 ran in:  12.00429105758667
Exciton, frame 5126 ran in:  11.889269828796387
Exciton, frame 5127 ran in:  12.133731603622437
Exciton, frame 5128 ran in:  11.809902906417847
Exciton, frame 5129 ran in:  12.211025714874268
Exciton, frame 5130 ran in:  12.06881856918335
Exciton, frame 5131 ran in:  12.149742841720581
Exciton, frame 5132 ran in:  11.705872535705566
Exciton, frame 5133 ran in:  11.713004112243652
Exciton, frame 5134 ran in:  11.933184146881104
Exciton, frame 5135 ran in:  12.21623706817627
Exciton, frame 5136 ran in:  11.936623096466064
Exciton, frame 5137 ran in:  11.679639101028442
Exciton, frame 5138 ran in:  11.663996696472168
Exciton, frame 5139 ran in:  11.798691272735596
Exciton, frame 5140 ran in:  11.780985593795776
Exciton, frame 5141 ran in:  12.064384460449219
Exciton, frame 5142 ran in:  11.628875970840454
Exciton, frame 5143 ran in:  11.934535264968872
Exciton, frame 5144 ran in:  11.365298509597778
Exciton, frame 5145 ran in:  12.073297023773193
Exciton, frame 5146 ran in:  12.056661128997803
Exciton, frame 5147 ran in:  12.131828784942627
Exciton, frame 5148 ran in:  11.675890922546387
Exciton, frame 5149 ran in:  11.659592628479004
Exciton, frame 5150 ran in:  12.17244815826416
Exciton, frame 5151 ran in:  11.798124074935913
Exciton, frame 5152 ran in:  11.92962646484375
Exciton, frame 5153 ran in:  11.758019208908081
Exciton, frame 5154 ran in:  11.611749410629272
Exciton, frame 5155 ran in:  11.620324611663818
Exciton, frame 5156 ran in:  11.77454662322998
Exciton, frame 5157 ran in:  11.51108193397522
Exciton, frame 5158 ran in:  12.143708229064941
Exciton, frame 5159 ran in:  11.558521509170532
Exciton, frame 5160 ran in:  12.462375164031982
Exciton, frame 5161 ran in:  11.622880697250366
Exciton, frame 5162 ran in:  11.821505784988403
Exciton, frame 5163 ran in:  11.645164728164673
Exciton, frame 5164 ran in:  11.790920972824097
Exciton, frame 5165 ran in:  11.912221670150757
Exciton, frame 5166 ran in:  11.696996212005615
Exciton, frame 5167 ran in:  11.848965883255005
Exciton, frame 5168 ran in:  11.880323648452759
Exciton, frame 5169 ran in:  11.734172344207764
Exciton, frame 5170 ran in:  12.428369760513306
Exciton, frame 5171 ran in:  11.777127027511597
Exciton, frame 5172 ran in:  11.957426309585571
Exciton, frame 5173 ran in:  12.078887701034546
Exciton, frame 5174 ran in:  11.913785219192505
Exciton, frame 5175 ran in:  11.8645498752594
Exciton, frame 5176 ran in:  11.799168348312378
Exciton, frame 5177 ran in:  11.796269178390503
Exciton, frame 5178 ran in:  11.83173394203186
Exciton, frame 5179 ran in:  11.924015760421753
Exciton, frame 5180 ran in:  11.966439723968506
Exciton, frame 5181 ran in:  12.038375854492188
Exciton, frame 5182 ran in:  11.787100553512573
Exciton, frame 5183 ran in:  11.715009689331055
Exciton, frame 5184 ran in:  11.661117553710938
Exciton, frame 5185 ran in:  12.254727125167847
Exciton, frame 5186 ran in:  11.588420152664185
Exciton, frame 5187 ran in:  12.020476341247559
Exciton, frame 5188 ran in:  12.192890644073486
Exciton, frame 5189 ran in:  11.72533893585205
Exciton, frame 5190 ran in:  12.03994870185852
Exciton, frame 5191 ran in:  11.505081415176392
Exciton, frame 5192 ran in:  11.668087244033813
Exciton, frame 5193 ran in:  11.800923585891724
Exciton, frame 5194 ran in:  11.986681461334229
Exciton, frame 5195 ran in:  11.823163986206055
Exciton, frame 5196 ran in:  12.09645414352417
Exciton, frame 5197 ran in:  11.705709218978882
Exciton, frame 5198 ran in:  11.684484481811523
Exciton, frame 5199 ran in:  11.982998609542847
Exciton, frame 5200 ran in:  12.002188682556152
Exciton, frame 5201 ran in:  11.873992204666138
Exciton, frame 5202 ran in:  12.523378133773804
Exciton, frame 5203 ran in:  12.12220287322998
Exciton, frame 5204 ran in:  12.101168632507324
Exciton, frame 5205 ran in:  11.565159559249878
Exciton, frame 5206 ran in:  12.257635354995728
Exciton, frame 5207 ran in:  11.85092568397522
Exciton, frame 5208 ran in:  11.743995666503906
Exciton, frame 5209 ran in:  12.167419910430908
Exciton, frame 5210 ran in:  11.918334007263184
Exciton, frame 5211 ran in:  11.50279974937439
Exciton, frame 5212 ran in:  12.103511571884155
Exciton, frame 5213 ran in:  11.619430303573608
Exciton, frame 5214 ran in:  11.810571193695068
Exciton, frame 5215 ran in:  11.96644401550293
Exciton, frame 5216 ran in:  11.632643699645996
Exciton, frame 5217 ran in:  11.836084127426147
Exciton, frame 5218 ran in:  11.984717845916748
Exciton, frame 5219 ran in:  12.196268320083618
Exciton, frame 5220 ran in:  11.715752840042114
Exciton, frame 5221 ran in:  11.821682453155518
Exciton, frame 5222 ran in:  11.764071464538574
Exciton, frame 5223 ran in:  12.30539870262146
Exciton, frame 5224 ran in:  12.043821811676025
Exciton, frame 5225 ran in:  11.86911678314209
Exciton, frame 5226 ran in:  11.991822481155396
Exciton, frame 5227 ran in:  11.727049589157104
Exciton, frame 5228 ran in:  11.830451488494873
Exciton, frame 5229 ran in:  11.813114404678345
Exciton, frame 5230 ran in:  11.956027030944824
Exciton, frame 5231 ran in:  11.68397855758667
Exciton, frame 5232 ran in:  12.061335563659668
Exciton, frame 5233 ran in:  12.189035892486572
Exciton, frame 5234 ran in:  11.928987503051758
Exciton, frame 5235 ran in:  12.305362939834595
Exciton, frame 5236 ran in:  11.683449983596802
Exciton, frame 5237 ran in:  11.980992555618286
Exciton, frame 5238 ran in:  11.837364196777344
Exciton, frame 5239 ran in:  12.06056261062622
Exciton, frame 5240 ran in:  11.657202243804932
Exciton, frame 5241 ran in:  11.689105749130249
Exciton, frame 5242 ran in:  12.003417253494263
Exciton, frame 5243 ran in:  11.798382759094238
Exciton, frame 5244 ran in:  11.874900817871094
Exciton, frame 5245 ran in:  11.8721604347229
Exciton, frame 5246 ran in:  11.558205604553223
Exciton, frame 5247 ran in:  11.79331922531128
Exciton, frame 5248 ran in:  11.66323447227478
Exciton, frame 5249 ran in:  11.395848989486694
Exciton, frame 5250 ran in:  11.950587272644043
Exciton, frame 5251 ran in:  11.795786142349243
Exciton, frame 5252 ran in:  11.756247997283936
Exciton, frame 5253 ran in:  11.863303184509277
Exciton, frame 5254 ran in:  11.573593378067017
Exciton, frame 5255 ran in:  11.320571422576904
Exciton, frame 5256 ran in:  11.7011399269104
Exciton, frame 5257 ran in:  11.795220136642456
Exciton, frame 5258 ran in:  11.5878746509552
Exciton, frame 5259 ran in:  11.680701494216919
Exciton, frame 5260 ran in:  11.540835618972778
Exciton, frame 5261 ran in:  11.865480184555054
Exciton, frame 5262 ran in:  12.06917953491211
Exciton, frame 5263 ran in:  11.740690231323242
Exciton, frame 5264 ran in:  11.759117603302002
Exciton, frame 5265 ran in:  11.912976026535034
Exciton, frame 5266 ran in:  11.55111026763916
Exciton, frame 5267 ran in:  11.641897439956665
Exciton, frame 5268 ran in:  11.773506164550781
Exciton, frame 5269 ran in:  11.67486310005188
Exciton, frame 5270 ran in:  11.874729871749878
Exciton, frame 5271 ran in:  12.251737117767334
Exciton, frame 5272 ran in:  11.72675609588623
Exciton, frame 5273 ran in:  11.908407211303711
Exciton, frame 5274 ran in:  11.968395471572876
Exciton, frame 5275 ran in:  12.53854751586914
Exciton, frame 5276 ran in:  11.787362575531006
Exciton, frame 5277 ran in:  11.725990533828735
Exciton, frame 5278 ran in:  12.060724973678589
Exciton, frame 5279 ran in:  11.908025026321411
Exciton, frame 5280 ran in:  11.518477201461792
Exciton, frame 5281 ran in:  11.643467903137207
Exciton, frame 5282 ran in:  12.124040842056274
Exciton, frame 5283 ran in:  12.056092500686646
Exciton, frame 5284 ran in:  11.88031268119812
Exciton, frame 5285 ran in:  12.200422286987305
Exciton, frame 5286 ran in:  12.238402605056763
Exciton, frame 5287 ran in:  11.490022897720337
Exciton, frame 5288 ran in:  11.72356629371643
Exciton, frame 5289 ran in:  11.805856227874756
Exciton, frame 5290 ran in:  11.83712649345398
Exciton, frame 5291 ran in:  11.842302799224854
Exciton, frame 5292 ran in:  11.662503480911255
Exciton, frame 5293 ran in:  11.990795135498047
Exciton, frame 5294 ran in:  11.748022556304932
Exciton, frame 5295 ran in:  11.730620861053467
Exciton, frame 5296 ran in:  11.70603895187378
Exciton, frame 5297 ran in:  12.016594648361206
Exciton, frame 5298 ran in:  11.962531328201294
Exciton, frame 5299 ran in:  11.67710256576538
Exciton, frame 5300 ran in:  12.201294898986816
Exciton, frame 5301 ran in:  12.906429767608643
Exciton, frame 5302 ran in:  11.740785837173462
Exciton, frame 5303 ran in:  11.79162859916687
Exciton, frame 5304 ran in:  11.987542152404785
Exciton, frame 5305 ran in:  11.51722502708435
Exciton, frame 5306 ran in:  12.015664100646973
Exciton, frame 5307 ran in:  11.954213380813599
Exciton, frame 5308 ran in:  11.5794358253479
Exciton, frame 5309 ran in:  12.037113904953003
Exciton, frame 5310 ran in:  11.645500421524048
Exciton, frame 5311 ran in:  12.255540609359741
Exciton, frame 5312 ran in:  12.093699932098389
Exciton, frame 5313 ran in:  12.027372121810913
Exciton, frame 5314 ran in:  11.916370391845703
Exciton, frame 5315 ran in:  11.678226232528687
Exciton, frame 5316 ran in:  11.656822443008423
Exciton, frame 5317 ran in:  11.945598363876343
Exciton, frame 5318 ran in:  11.95646333694458
Exciton, frame 5319 ran in:  11.864169836044312
Exciton, frame 5320 ran in:  11.503911018371582
Exciton, frame 5321 ran in:  12.475395202636719
Exciton, frame 5322 ran in:  11.868007898330688
Exciton, frame 5323 ran in:  11.937306642532349
Exciton, frame 5324 ran in:  11.88260293006897
Exciton, frame 5325 ran in:  11.995217561721802
Exciton, frame 5326 ran in:  11.869996070861816
Exciton, frame 5327 ran in:  11.355604887008667
Exciton, frame 5328 ran in:  11.480347156524658
Exciton, frame 5329 ran in:  11.536378860473633
Exciton, frame 5330 ran in:  11.431132555007935
Exciton, frame 5331 ran in:  12.18013620376587
Exciton, frame 5332 ran in:  11.967968225479126
Exciton, frame 5333 ran in:  11.486173868179321
Exciton, frame 5334 ran in:  12.326440572738647
Exciton, frame 5335 ran in:  11.385966777801514
Exciton, frame 5336 ran in:  11.779213905334473
Exciton, frame 5337 ran in:  11.95182466506958
Exciton, frame 5338 ran in:  11.84111475944519
Exciton, frame 5339 ran in:  12.062154054641724
Exciton, frame 5340 ran in:  11.654929876327515
Exciton, frame 5341 ran in:  11.724205017089844
Exciton, frame 5342 ran in:  11.818507432937622
Exciton, frame 5343 ran in:  12.205646991729736
Exciton, frame 5344 ran in:  12.071083784103394
Exciton, frame 5345 ran in:  11.685323476791382
Exciton, frame 5346 ran in:  12.064213275909424
Exciton, frame 5347 ran in:  11.385819911956787
Exciton, frame 5348 ran in:  11.529940366744995
Exciton, frame 5349 ran in:  11.87533974647522
Exciton, frame 5350 ran in:  11.461913585662842
Exciton, frame 5351 ran in:  11.703191757202148
Exciton, frame 5352 ran in:  11.837695360183716
Exciton, frame 5353 ran in:  12.00630497932434
Exciton, frame 5354 ran in:  11.678835391998291
Exciton, frame 5355 ran in:  11.731348991394043
Exciton, frame 5356 ran in:  12.302078008651733
Exciton, frame 5357 ran in:  12.14567518234253
Exciton, frame 5358 ran in:  11.651558876037598
Exciton, frame 5359 ran in:  11.857489109039307
Exciton, frame 5360 ran in:  11.560767889022827
Exciton, frame 5361 ran in:  11.918765306472778
Exciton, frame 5362 ran in:  11.674963474273682
Exciton, frame 5363 ran in:  12.072577714920044
Exciton, frame 5364 ran in:  11.765442132949829
Exciton, frame 5365 ran in:  11.813742399215698
Exciton, frame 5366 ran in:  11.5752534866333
Exciton, frame 5367 ran in:  11.606724262237549
Exciton, frame 5368 ran in:  11.736572980880737
Exciton, frame 5369 ran in:  12.027225971221924
Exciton, frame 5370 ran in:  12.19301962852478
Exciton, frame 5371 ran in:  11.755990505218506
Exciton, frame 5372 ran in:  11.392636060714722
Exciton, frame 5373 ran in:  11.401625156402588
Exciton, frame 5374 ran in:  11.680970907211304
Exciton, frame 5375 ran in:  11.812990188598633
Exciton, frame 5376 ran in:  11.563080072402954
Exciton, frame 5377 ran in:  11.639493465423584
Exciton, frame 5378 ran in:  11.714465618133545
Exciton, frame 5379 ran in:  12.047152757644653
Exciton, frame 5380 ran in:  11.799957990646362
Exciton, frame 5381 ran in:  11.784411668777466
Exciton, frame 5382 ran in:  11.737245321273804
Exciton, frame 5383 ran in:  11.857702493667603
Exciton, frame 5384 ran in:  12.073904037475586
Exciton, frame 5385 ran in:  11.319515228271484
Exciton, frame 5386 ran in:  11.84217882156372
Exciton, frame 5387 ran in:  11.963799238204956
Exciton, frame 5388 ran in:  12.277501106262207
Exciton, frame 5389 ran in:  11.482182741165161
Exciton, frame 5390 ran in:  11.614923238754272
Exciton, frame 5391 ran in:  11.983857870101929
Exciton, frame 5392 ran in:  11.342586994171143
Exciton, frame 5393 ran in:  12.079134225845337
Exciton, frame 5394 ran in:  11.354299068450928
Exciton, frame 5395 ran in:  11.701754093170166
Exciton, frame 5396 ran in:  11.897254467010498
Exciton, frame 5397 ran in:  11.734224557876587
Exciton, frame 5398 ran in:  11.529694080352783
Exciton, frame 5399 ran in:  11.842978954315186
Exciton, frame 5400 ran in:  12.049349546432495
Exciton, frame 5401 ran in:  11.846558332443237
Exciton, frame 5402 ran in:  11.683524131774902
Exciton, frame 5403 ran in:  12.042433738708496
Exciton, frame 5404 ran in:  11.87488842010498
Exciton, frame 5405 ran in:  11.857301235198975
Exciton, frame 5406 ran in:  11.956098556518555
Exciton, frame 5407 ran in:  11.733227968215942
Exciton, frame 5408 ran in:  11.743530511856079
Exciton, frame 5409 ran in:  11.8670494556427
Exciton, frame 5410 ran in:  11.460275411605835
Exciton, frame 5411 ran in:  11.896970748901367
Exciton, frame 5412 ran in:  12.085305213928223
Exciton, frame 5413 ran in:  11.689722061157227
Exciton, frame 5414 ran in:  11.731078147888184
Exciton, frame 5415 ran in:  11.736409902572632
Exciton, frame 5416 ran in:  11.540777444839478
Exciton, frame 5417 ran in:  11.744346857070923
Exciton, frame 5418 ran in:  11.94320559501648
Exciton, frame 5419 ran in:  11.966328620910645
Exciton, frame 5420 ran in:  11.797394037246704
Exciton, frame 5421 ran in:  11.87947130203247
Exciton, frame 5422 ran in:  11.625666856765747
Exciton, frame 5423 ran in:  11.652009963989258
Exciton, frame 5424 ran in:  11.726935148239136
Exciton, frame 5425 ran in:  11.860229015350342
Exciton, frame 5426 ran in:  11.728582382202148
Exciton, frame 5427 ran in:  11.777186393737793
Exciton, frame 5428 ran in:  11.89802360534668
Exciton, frame 5429 ran in:  11.642966270446777
Exciton, frame 5430 ran in:  11.734315156936646
Exciton, frame 5431 ran in:  11.688602209091187
Exciton, frame 5432 ran in:  11.906195402145386
Exciton, frame 5433 ran in:  12.001038312911987
Exciton, frame 5434 ran in:  11.94159722328186
Exciton, frame 5435 ran in:  12.017828226089478
Exciton, frame 5436 ran in:  11.654760360717773
Exciton, frame 5437 ran in:  12.006592273712158
Exciton, frame 5438 ran in:  11.809303283691406
Exciton, frame 5439 ran in:  12.16163682937622
Exciton, frame 5440 ran in:  11.705188512802124
Exciton, frame 5441 ran in:  11.678206205368042
Exciton, frame 5442 ran in:  12.094559907913208
Exciton, frame 5443 ran in:  11.440309762954712
Exciton, frame 5444 ran in:  11.67657208442688
Exciton, frame 5445 ran in:  11.985701560974121
Exciton, frame 5446 ran in:  11.57981252670288
Exciton, frame 5447 ran in:  12.210013389587402
Exciton, frame 5448 ran in:  11.88482403755188
Exciton, frame 5449 ran in:  11.552964210510254
Exciton, frame 5450 ran in:  11.909781217575073
Exciton, frame 5451 ran in:  11.788948059082031
Exciton, frame 5452 ran in:  11.791926383972168
Exciton, frame 5453 ran in:  11.753947734832764
Exciton, frame 5454 ran in:  11.834595918655396
Exciton, frame 5455 ran in:  12.028000593185425
Exciton, frame 5456 ran in:  12.063122749328613
Exciton, frame 5457 ran in:  11.84183645248413
Exciton, frame 5458 ran in:  11.49648118019104
Exciton, frame 5459 ran in:  12.104794979095459
Exciton, frame 5460 ran in:  12.019056558609009
Exciton, frame 5461 ran in:  11.772979497909546
Exciton, frame 5462 ran in:  11.868553638458252
Exciton, frame 5463 ran in:  11.94988465309143
Exciton, frame 5464 ran in:  11.76822018623352
Exciton, frame 5465 ran in:  11.933507919311523
Exciton, frame 5466 ran in:  11.900224208831787
Exciton, frame 5467 ran in:  12.037874460220337
Exciton, frame 5468 ran in:  12.040530443191528
Exciton, frame 5469 ran in:  11.762757301330566
Exciton, frame 5470 ran in:  12.050139665603638
Exciton, frame 5471 ran in:  11.67945146560669
Exciton, frame 5472 ran in:  11.997381210327148
Exciton, frame 5473 ran in:  11.715627908706665
Exciton, frame 5474 ran in:  11.646246671676636
Exciton, frame 5475 ran in:  11.563570499420166
Exciton, frame 5476 ran in:  11.762805938720703
Exciton, frame 5477 ran in:  11.412175178527832
Exciton, frame 5478 ran in:  12.031299591064453
Exciton, frame 5479 ran in:  12.029619693756104
Exciton, frame 5480 ran in:  11.957507371902466
Exciton, frame 5481 ran in:  12.016803979873657
Exciton, frame 5482 ran in:  11.775704145431519
Exciton, frame 5483 ran in:  12.191247940063477
Exciton, frame 5484 ran in:  11.781262636184692
Exciton, frame 5485 ran in:  11.724839925765991
Exciton, frame 5486 ran in:  11.569798707962036
Exciton, frame 5487 ran in:  11.981332063674927
Exciton, frame 5488 ran in:  11.904078483581543
Exciton, frame 5489 ran in:  12.020246028900146
Exciton, frame 5490 ran in:  11.48198413848877
Exciton, frame 5491 ran in:  11.997364044189453
Exciton, frame 5492 ran in:  11.791618347167969
Exciton, frame 5493 ran in:  11.743156671524048
Exciton, frame 5494 ran in:  11.78139877319336
Exciton, frame 5495 ran in:  12.076698064804077
Exciton, frame 5496 ran in:  11.908145904541016
Exciton, frame 5497 ran in:  11.891071081161499
Exciton, frame 5498 ran in:  11.942069292068481
Exciton, frame 5499 ran in:  11.593387365341187
Exciton, frame 5500 ran in:  12.018713235855103
Exciton, frame 5501 ran in:  11.83414340019226
Exciton, frame 5502 ran in:  12.076285600662231
Exciton, frame 5503 ran in:  11.627723217010498
Exciton, frame 5504 ran in:  11.631139993667603
Exciton, frame 5505 ran in:  11.576384544372559
Exciton, frame 5506 ran in:  11.758173942565918
Exciton, frame 5507 ran in:  12.27108645439148
Exciton, frame 5508 ran in:  12.299638509750366
Exciton, frame 5509 ran in:  11.592095613479614
Exciton, frame 5510 ran in:  11.870381116867065
Exciton, frame 5511 ran in:  12.055520057678223
Exciton, frame 5512 ran in:  11.707479476928711
Exciton, frame 5513 ran in:  11.83834195137024
Exciton, frame 5514 ran in:  11.716035842895508
Exciton, frame 5515 ran in:  11.673644542694092
Exciton, frame 5516 ran in:  11.575462102890015
Exciton, frame 5517 ran in:  11.998701333999634
Exciton, frame 5518 ran in:  11.360866069793701
Exciton, frame 5519 ran in:  12.05272102355957
Exciton, frame 5520 ran in:  11.569571733474731
Exciton, frame 5521 ran in:  11.650891065597534
Exciton, frame 5522 ran in:  11.796709775924683
Exciton, frame 5523 ran in:  11.608236074447632
Exciton, frame 5524 ran in:  11.9908926486969
Exciton, frame 5525 ran in:  11.753520727157593
Exciton, frame 5526 ran in:  11.73777985572815
Exciton, frame 5527 ran in:  11.913719177246094
Exciton, frame 5528 ran in:  12.24740219116211
Exciton, frame 5529 ran in:  11.976648807525635
Exciton, frame 5530 ran in:  11.782252311706543
Exciton, frame 5531 ran in:  11.720956802368164
Exciton, frame 5532 ran in:  11.805315494537354
Exciton, frame 5533 ran in:  11.762274026870728
Exciton, frame 5534 ran in:  11.7899329662323
Exciton, frame 5535 ran in:  11.822918176651001
Exciton, frame 5536 ran in:  11.603753089904785
Exciton, frame 5537 ran in:  12.18554139137268
Exciton, frame 5538 ran in:  11.655526161193848
Exciton, frame 5539 ran in:  11.460551977157593
Exciton, frame 5540 ran in:  11.66272258758545
Exciton, frame 5541 ran in:  12.166746377944946
Exciton, frame 5542 ran in:  11.740203619003296
Exciton, frame 5543 ran in:  11.504728317260742
Exciton, frame 5544 ran in:  11.652182340621948
Exciton, frame 5545 ran in:  12.038552284240723
Exciton, frame 5546 ran in:  11.967264652252197
Exciton, frame 5547 ran in:  11.726607322692871
Exciton, frame 5548 ran in:  11.722219228744507
Exciton, frame 5549 ran in:  11.431992769241333
Exciton, frame 5550 ran in:  11.896172046661377
Exciton, frame 5551 ran in:  11.815242052078247
Exciton, frame 5552 ran in:  11.71054744720459
Exciton, frame 5553 ran in:  11.853417873382568
Exciton, frame 5554 ran in:  11.623309135437012
Exciton, frame 5555 ran in:  11.87639594078064
Exciton, frame 5556 ran in:  11.594756126403809
Exciton, frame 5557 ran in:  12.048219919204712
Exciton, frame 5558 ran in:  11.530413627624512
Exciton, frame 5559 ran in:  11.926830768585205
Exciton, frame 5560 ran in:  12.116857290267944
Exciton, frame 5561 ran in:  11.625433206558228
Exciton, frame 5562 ran in:  11.913694858551025
Exciton, frame 5563 ran in:  11.372979640960693
Exciton, frame 5564 ran in:  11.649776935577393
Exciton, frame 5565 ran in:  11.649491786956787
Exciton, frame 5566 ran in:  11.634490728378296
Exciton, frame 5567 ran in:  11.50467824935913
Exciton, frame 5568 ran in:  11.63986587524414
Exciton, frame 5569 ran in:  12.03140640258789
Exciton, frame 5570 ran in:  11.829434633255005
Exciton, frame 5571 ran in:  11.887397766113281
Exciton, frame 5572 ran in:  11.84795594215393
Exciton, frame 5573 ran in:  11.74726152420044
Exciton, frame 5574 ran in:  11.585477590560913
Exciton, frame 5575 ran in:  11.82894778251648
Exciton, frame 5576 ran in:  11.796092987060547
Exciton, frame 5577 ran in:  11.53804636001587
Exciton, frame 5578 ran in:  12.003803253173828
Exciton, frame 5579 ran in:  11.660931587219238
Exciton, frame 5580 ran in:  11.848727941513062
Exciton, frame 5581 ran in:  12.083439111709595
Exciton, frame 5582 ran in:  11.802378177642822
Exciton, frame 5583 ran in:  12.056768655776978
Exciton, frame 5584 ran in:  11.867268085479736
Exciton, frame 5585 ran in:  12.013358116149902
Exciton, frame 5586 ran in:  11.51346492767334
Exciton, frame 5587 ran in:  11.641056537628174
Exciton, frame 5588 ran in:  11.819905757904053
Exciton, frame 5589 ran in:  11.66335415840149
Exciton, frame 5590 ran in:  11.975167751312256
Exciton, frame 5591 ran in:  11.91806173324585
Exciton, frame 5592 ran in:  11.900269269943237
Exciton, frame 5593 ran in:  11.50037407875061
Exciton, frame 5594 ran in:  11.84895133972168
Exciton, frame 5595 ran in:  11.776088237762451
Exciton, frame 5596 ran in:  11.764753103256226
Exciton, frame 5597 ran in:  11.713467597961426
Exciton, frame 5598 ran in:  12.104968309402466
Exciton, frame 5599 ran in:  11.861146211624146
Exciton, frame 5600 ran in:  11.482371807098389
Exciton, frame 5601 ran in:  11.94039011001587
Exciton, frame 5602 ran in:  11.670625448226929
Exciton, frame 5603 ran in:  12.051117897033691
Exciton, frame 5604 ran in:  12.353480100631714
Exciton, frame 5605 ran in:  11.812933921813965
Exciton, frame 5606 ran in:  11.980149745941162
Exciton, frame 5607 ran in:  11.773179292678833
Exciton, frame 5608 ran in:  11.716962814331055
Exciton, frame 5609 ran in:  11.474871397018433
Exciton, frame 5610 ran in:  11.692730903625488
Exciton, frame 5611 ran in:  11.67689847946167
Exciton, frame 5612 ran in:  11.710553884506226
Exciton, frame 5613 ran in:  12.00663423538208
Exciton, frame 5614 ran in:  11.851549625396729
Exciton, frame 5615 ran in:  11.701424360275269
Exciton, frame 5616 ran in:  11.86324667930603
Exciton, frame 5617 ran in:  11.938278913497925
Exciton, frame 5618 ran in:  11.534472942352295
Exciton, frame 5619 ran in:  11.827255725860596
Exciton, frame 5620 ran in:  11.723268747329712
Exciton, frame 5621 ran in:  12.03670597076416
Exciton, frame 5622 ran in:  12.181219100952148
Exciton, frame 5623 ran in:  11.739384174346924
Exciton, frame 5624 ran in:  12.036690473556519
Exciton, frame 5625 ran in:  12.10332703590393
Exciton, frame 5626 ran in:  11.825222492218018
Exciton, frame 5627 ran in:  11.910958766937256
Exciton, frame 5628 ran in:  11.846938610076904
Exciton, frame 5629 ran in:  11.915204763412476
Exciton, frame 5630 ran in:  11.622908115386963
Exciton, frame 5631 ran in:  11.455812215805054
Exciton, frame 5632 ran in:  11.890867471694946
Exciton, frame 5633 ran in:  12.093711853027344
Exciton, frame 5634 ran in:  11.697348356246948
Exciton, frame 5635 ran in:  11.750671148300171
Exciton, frame 5636 ran in:  11.912683963775635
Exciton, frame 5637 ran in:  11.610544681549072
Exciton, frame 5638 ran in:  11.863897800445557
Exciton, frame 5639 ran in:  12.154751539230347
Exciton, frame 5640 ran in:  11.9298734664917
Exciton, frame 5641 ran in:  11.781363248825073
Exciton, frame 5642 ran in:  11.8799147605896
Exciton, frame 5643 ran in:  12.15969204902649
Exciton, frame 5644 ran in:  11.616228103637695
Exciton, frame 5645 ran in:  11.683332681655884
Exciton, frame 5646 ran in:  11.558695077896118
Exciton, frame 5647 ran in:  12.039103269577026
Exciton, frame 5648 ran in:  12.068664312362671
Exciton, frame 5649 ran in:  11.862102270126343
Exciton, frame 5650 ran in:  11.595967531204224
Exciton, frame 5651 ran in:  12.024464845657349
Exciton, frame 5652 ran in:  11.965643882751465
Exciton, frame 5653 ran in:  11.516403198242188
Exciton, frame 5654 ran in:  12.022316455841064
Exciton, frame 5655 ran in:  11.81155252456665
Exciton, frame 5656 ran in:  12.345775842666626
Exciton, frame 5657 ran in:  11.5574312210083
Exciton, frame 5658 ran in:  12.032025575637817
Exciton, frame 5659 ran in:  11.537229776382446
Exciton, frame 5660 ran in:  11.550230979919434
Exciton, frame 5661 ran in:  11.839126110076904
Exciton, frame 5662 ran in:  11.741936206817627
Exciton, frame 5663 ran in:  11.602710962295532
Exciton, frame 5664 ran in:  12.053667306900024
Exciton, frame 5665 ran in:  11.903554916381836
Exciton, frame 5666 ran in:  12.032611846923828
Exciton, frame 5667 ran in:  11.800799131393433
Exciton, frame 5668 ran in:  11.61829948425293
Exciton, frame 5669 ran in:  11.954360961914062
Exciton, frame 5670 ran in:  11.903474569320679
Exciton, frame 5671 ran in:  12.380308389663696
Exciton, frame 5672 ran in:  11.989511013031006
Exciton, frame 5673 ran in:  11.725209951400757
Exciton, frame 5674 ran in:  11.54035997390747
Exciton, frame 5675 ran in:  11.954991817474365
Exciton, frame 5676 ran in:  11.776111602783203
Exciton, frame 5677 ran in:  12.00881290435791
Exciton, frame 5678 ran in:  11.730306625366211
Exciton, frame 5679 ran in:  11.73941445350647
Exciton, frame 5680 ran in:  11.727091789245605
Exciton, frame 5681 ran in:  11.966005325317383
Exciton, frame 5682 ran in:  11.738215684890747
Exciton, frame 5683 ran in:  11.819355010986328
Exciton, frame 5684 ran in:  11.985946416854858
Exciton, frame 5685 ran in:  12.171059131622314
Exciton, frame 5686 ran in:  12.271549701690674
Exciton, frame 5687 ran in:  12.027615070343018
Exciton, frame 5688 ran in:  11.761306524276733
Exciton, frame 5689 ran in:  12.455698490142822
Exciton, frame 5690 ran in:  12.38773512840271
Exciton, frame 5691 ran in:  12.33504843711853
Exciton, frame 5692 ran in:  11.942118883132935
Exciton, frame 5693 ran in:  12.023711919784546
Exciton, frame 5694 ran in:  11.745734453201294
Exciton, frame 5695 ran in:  11.891366481781006
Exciton, frame 5696 ran in:  12.800153493881226
Exciton, frame 5697 ran in:  11.7500159740448
Exciton, frame 5698 ran in:  12.053947687149048
Exciton, frame 5699 ran in:  11.835216283798218
Exciton, frame 5700 ran in:  11.7724289894104
Exciton, frame 5701 ran in:  11.45563793182373
Exciton, frame 5702 ran in:  12.273518562316895
Exciton, frame 5703 ran in:  11.697083950042725
Exciton, frame 5704 ran in:  11.890264749526978
Exciton, frame 5705 ran in:  11.531167268753052
Exciton, frame 5706 ran in:  12.085004568099976
Exciton, frame 5707 ran in:  11.26891040802002
Exciton, frame 5708 ran in:  12.080535650253296
Exciton, frame 5709 ran in:  11.57469367980957
Exciton, frame 5710 ran in:  11.718969345092773
Exciton, frame 5711 ran in:  11.668999433517456
Exciton, frame 5712 ran in:  12.18167519569397
Exciton, frame 5713 ran in:  11.830543518066406
Exciton, frame 5714 ran in:  11.750914812088013
Exciton, frame 5715 ran in:  11.79824185371399
Exciton, frame 5716 ran in:  11.790974140167236
Exciton, frame 5717 ran in:  11.821757078170776
Exciton, frame 5718 ran in:  11.66473388671875
Exciton, frame 5719 ran in:  11.88294506072998
Exciton, frame 5720 ran in:  12.23425030708313
Exciton, frame 5721 ran in:  11.969213247299194
Exciton, frame 5722 ran in:  11.771289110183716
Exciton, frame 5723 ran in:  11.768289566040039
Exciton, frame 5724 ran in:  11.976221561431885
Exciton, frame 5725 ran in:  11.941883325576782
Exciton, frame 5726 ran in:  12.03644609451294
Exciton, frame 5727 ran in:  11.344430446624756
Exciton, frame 5728 ran in:  11.80325174331665
Exciton, frame 5729 ran in:  11.869883060455322
Exciton, frame 5730 ran in:  11.678401947021484
Exciton, frame 5731 ran in:  11.806675672531128
Exciton, frame 5732 ran in:  11.69677472114563
Exciton, frame 5733 ran in:  11.662686109542847
Exciton, frame 5734 ran in:  11.95604944229126
Exciton, frame 5735 ran in:  12.064774990081787
Exciton, frame 5736 ran in:  11.536343097686768
Exciton, frame 5737 ran in:  11.899739265441895
Exciton, frame 5738 ran in:  11.96553897857666
Exciton, frame 5739 ran in:  12.272636651992798
Exciton, frame 5740 ran in:  11.908859252929688
Exciton, frame 5741 ran in:  11.728577613830566
Exciton, frame 5742 ran in:  11.70163893699646
Exciton, frame 5743 ran in:  11.55946683883667
Exciton, frame 5744 ran in:  12.045382738113403
Exciton, frame 5745 ran in:  11.8646240234375
Exciton, frame 5746 ran in:  11.604822158813477
Exciton, frame 5747 ran in:  11.983869314193726
Exciton, frame 5748 ran in:  11.826904773712158
Exciton, frame 5749 ran in:  11.700077533721924
Exciton, frame 5750 ran in:  11.665709972381592
Exciton, frame 5751 ran in:  11.924867391586304
Exciton, frame 5752 ran in:  11.99621033668518
Exciton, frame 5753 ran in:  11.85054612159729
Exciton, frame 5754 ran in:  11.859886407852173
Exciton, frame 5755 ran in:  11.61497688293457
Exciton, frame 5756 ran in:  11.863389492034912
Exciton, frame 5757 ran in:  11.778068780899048
Exciton, frame 5758 ran in:  11.541966676712036
Exciton, frame 5759 ran in:  12.2920081615448
Exciton, frame 5760 ran in:  11.691506147384644
Exciton, frame 5761 ran in:  11.848754644393921
Exciton, frame 5762 ran in:  11.579190015792847
Exciton, frame 5763 ran in:  12.196103572845459
Exciton, frame 5764 ran in:  11.581676006317139
Exciton, frame 5765 ran in:  11.669565439224243
Exciton, frame 5766 ran in:  11.940340518951416
Exciton, frame 5767 ran in:  11.692476749420166
Exciton, frame 5768 ran in:  12.076801538467407
Exciton, frame 5769 ran in:  11.816388130187988
Exciton, frame 5770 ran in:  11.568327903747559
Exciton, frame 5771 ran in:  12.124705076217651
Exciton, frame 5772 ran in:  11.744149208068848
Exciton, frame 5773 ran in:  11.515477418899536
Exciton, frame 5774 ran in:  11.634700775146484
Exciton, frame 5775 ran in:  11.555781602859497
Exciton, frame 5776 ran in:  11.74437952041626
Exciton, frame 5777 ran in:  11.81109356880188
Exciton, frame 5778 ran in:  11.757726907730103
Exciton, frame 5779 ran in:  12.345606088638306
Exciton, frame 5780 ran in:  11.604573488235474
Exciton, frame 5781 ran in:  12.056900262832642
Exciton, frame 5782 ran in:  11.839304208755493
Exciton, frame 5783 ran in:  11.423782110214233
Exciton, frame 5784 ran in:  12.1157386302948
Exciton, frame 5785 ran in:  11.922726392745972
Exciton, frame 5786 ran in:  12.167463779449463
Exciton, frame 5787 ran in:  11.88520622253418
Exciton, frame 5788 ran in:  11.73633599281311
Exciton, frame 5789 ran in:  11.699511051177979
Exciton, frame 5790 ran in:  11.740962982177734
Exciton, frame 5791 ran in:  11.945244312286377
Exciton, frame 5792 ran in:  11.835795879364014
Exciton, frame 5793 ran in:  11.778080224990845
Exciton, frame 5794 ran in:  11.411254167556763
Exciton, frame 5795 ran in:  11.656876802444458
Exciton, frame 5796 ran in:  11.88828444480896
Exciton, frame 5797 ran in:  11.977624654769897
Exciton, frame 5798 ran in:  11.69192099571228
Exciton, frame 5799 ran in:  11.73426342010498
Exciton, frame 5800 ran in:  11.977172613143921
Exciton, frame 5801 ran in:  11.893522500991821
Exciton, frame 5802 ran in:  11.708492755889893
Exciton, frame 5803 ran in:  11.813327074050903
Exciton, frame 5804 ran in:  11.899864673614502
Exciton, frame 5805 ran in:  11.798104047775269
Exciton, frame 5806 ran in:  11.916098594665527
Exciton, frame 5807 ran in:  11.429709434509277
Exciton, frame 5808 ran in:  11.712100744247437
Exciton, frame 5809 ran in:  11.699487447738647
Exciton, frame 5810 ran in:  11.771167278289795
Exciton, frame 5811 ran in:  11.672804832458496
Exciton, frame 5812 ran in:  11.42081356048584
Exciton, frame 5813 ran in:  11.742376327514648
Exciton, frame 5814 ran in:  12.242208242416382
Exciton, frame 5815 ran in:  12.042131900787354
Exciton, frame 5816 ran in:  11.987988710403442
Exciton, frame 5817 ran in:  12.089704990386963
Exciton, frame 5818 ran in:  11.68297266960144
Exciton, frame 5819 ran in:  11.639256238937378
Exciton, frame 5820 ran in:  11.751505136489868
Exciton, frame 5821 ran in:  12.001395225524902
Exciton, frame 5822 ran in:  12.089700937271118
Exciton, frame 5823 ran in:  11.475722074508667
Exciton, frame 5824 ran in:  12.066754341125488
Exciton, frame 5825 ran in:  11.75687050819397
Exciton, frame 5826 ran in:  11.8975248336792
Exciton, frame 5827 ran in:  11.945515871047974
Exciton, frame 5828 ran in:  11.797314643859863
Exciton, frame 5829 ran in:  11.712716817855835
Exciton, frame 5830 ran in:  11.712326288223267
Exciton, frame 5831 ran in:  11.331527471542358
Exciton, frame 5832 ran in:  11.741572618484497
Exciton, frame 5833 ran in:  12.080414295196533
Exciton, frame 5834 ran in:  11.777393102645874
Exciton, frame 5835 ran in:  11.871721744537354
Exciton, frame 5836 ran in:  12.005969524383545
Exciton, frame 5837 ran in:  11.766769409179688
Exciton, frame 5838 ran in:  11.740673780441284
Exciton, frame 5839 ran in:  11.989003419876099
Exciton, frame 5840 ran in:  11.857909917831421
Exciton, frame 5841 ran in:  12.2440824508667
Exciton, frame 5842 ran in:  11.669907331466675
Exciton, frame 5843 ran in:  11.87982988357544
Exciton, frame 5844 ran in:  11.876349687576294
Exciton, frame 5845 ran in:  11.705424547195435
Exciton, frame 5846 ran in:  11.905258893966675
Exciton, frame 5847 ran in:  12.110379695892334
Exciton, frame 5848 ran in:  11.970755338668823
Exciton, frame 5849 ran in:  11.745742082595825
Exciton, frame 5850 ran in:  12.54989504814148
Exciton, frame 5851 ran in:  11.709638118743896
Exciton, frame 5852 ran in:  11.777422666549683
Exciton, frame 5853 ran in:  11.707781791687012
Exciton, frame 5854 ran in:  12.12467336654663
Exciton, frame 5855 ran in:  11.831140279769897
Exciton, frame 5856 ran in:  11.936364650726318
Exciton, frame 5857 ran in:  11.914326667785645
Exciton, frame 5858 ran in:  11.843677759170532
Exciton, frame 5859 ran in:  11.9804847240448
Exciton, frame 5860 ran in:  11.435810089111328
Exciton, frame 5861 ran in:  11.666441917419434
Exciton, frame 5862 ran in:  12.312364101409912
Exciton, frame 5863 ran in:  11.834697246551514
Exciton, frame 5864 ran in:  11.45764684677124
Exciton, frame 5865 ran in:  11.977606534957886
Exciton, frame 5866 ran in:  11.566944360733032
Exciton, frame 5867 ran in:  12.074571132659912
Exciton, frame 5868 ran in:  11.573703527450562
Exciton, frame 5869 ran in:  11.753418207168579
Exciton, frame 5870 ran in:  11.647974967956543
Exciton, frame 5871 ran in:  11.79962682723999
Exciton, frame 5872 ran in:  11.950557947158813
Exciton, frame 5873 ran in:  12.004724979400635
Exciton, frame 5874 ran in:  11.999966621398926
Exciton, frame 5875 ran in:  11.60939335823059
Exciton, frame 5876 ran in:  11.784223079681396
Exciton, frame 5877 ran in:  12.39900827407837
Exciton, frame 5878 ran in:  11.979315280914307
Exciton, frame 5879 ran in:  12.061610460281372
Exciton, frame 5880 ran in:  11.743423223495483
Exciton, frame 5881 ran in:  11.76935362815857
Exciton, frame 5882 ran in:  11.814774513244629
Exciton, frame 5883 ran in:  11.489552736282349
Exciton, frame 5884 ran in:  11.76757001876831
Exciton, frame 5885 ran in:  12.11414098739624
Exciton, frame 5886 ran in:  11.584423303604126
Exciton, frame 5887 ran in:  12.143831253051758
Exciton, frame 5888 ran in:  11.727615356445312
Exciton, frame 5889 ran in:  12.005019187927246
Exciton, frame 5890 ran in:  11.692333459854126
Exciton, frame 5891 ran in:  11.718204021453857
Exciton, frame 5892 ran in:  11.699699401855469
Exciton, frame 5893 ran in:  11.766820430755615
Exciton, frame 5894 ran in:  11.956199407577515
Exciton, frame 5895 ran in:  11.743595838546753
Exciton, frame 5896 ran in:  11.551263809204102
Exciton, frame 5897 ran in:  12.091850519180298
Exciton, frame 5898 ran in:  11.632320165634155
Exciton, frame 5899 ran in:  11.875926733016968
Exciton, frame 5900 ran in:  12.032258749008179
Exciton, frame 5901 ran in:  12.276212930679321
Exciton, frame 5902 ran in:  11.892181873321533
Exciton, frame 5903 ran in:  11.666123628616333
Exciton, frame 5904 ran in:  11.757959365844727
Exciton, frame 5905 ran in:  11.984769582748413
Exciton, frame 5906 ran in:  11.961157083511353
Exciton, frame 5907 ran in:  11.868402242660522
Exciton, frame 5908 ran in:  11.641087055206299
Exciton, frame 5909 ran in:  11.820151090621948
Exciton, frame 5910 ran in:  11.512479305267334
Exciton, frame 5911 ran in:  12.05872654914856
Exciton, frame 5912 ran in:  11.837489128112793
Exciton, frame 5913 ran in:  11.895901441574097
Exciton, frame 5914 ran in:  11.74852466583252
Exciton, frame 5915 ran in:  11.583325386047363
Exciton, frame 5916 ran in:  11.917575120925903
Exciton, frame 5917 ran in:  11.886480569839478
Exciton, frame 5918 ran in:  11.787187337875366
Exciton, frame 5919 ran in:  11.776432037353516
Exciton, frame 5920 ran in:  11.840949058532715
Exciton, frame 5921 ran in:  11.732972383499146
Exciton, frame 5922 ran in:  12.236489057540894
Exciton, frame 5923 ran in:  11.818251371383667
Exciton, frame 5924 ran in:  11.664469003677368
Exciton, frame 5925 ran in:  11.68576169013977
Exciton, frame 5926 ran in:  11.941635370254517
Exciton, frame 5927 ran in:  11.553988456726074
Exciton, frame 5928 ran in:  11.763197183609009
Exciton, frame 5929 ran in:  11.694630146026611
Exciton, frame 5930 ran in:  11.650974035263062
Exciton, frame 5931 ran in:  11.934273958206177
Exciton, frame 5932 ran in:  11.601999521255493
Exciton, frame 5933 ran in:  12.29892611503601
Exciton, frame 5934 ran in:  12.140013217926025
Exciton, frame 5935 ran in:  11.61734390258789
Exciton, frame 5936 ran in:  11.890010118484497
Exciton, frame 5937 ran in:  11.243466854095459
Exciton, frame 5938 ran in:  12.159088611602783
Exciton, frame 5939 ran in:  11.513456344604492
Exciton, frame 5940 ran in:  11.524483442306519
Exciton, frame 5941 ran in:  11.5792236328125
Exciton, frame 5942 ran in:  11.639740467071533
Exciton, frame 5943 ran in:  11.607800006866455
Exciton, frame 5944 ran in:  11.566940307617188
Exciton, frame 5945 ran in:  11.880362510681152
Exciton, frame 5946 ran in:  12.030438423156738
Exciton, frame 5947 ran in:  12.200830459594727
Exciton, frame 5948 ran in:  11.921344518661499
Exciton, frame 5949 ran in:  11.925430297851562
Exciton, frame 5950 ran in:  11.811094760894775
Exciton, frame 5951 ran in:  11.846777439117432
Exciton, frame 5952 ran in:  11.977808237075806
Exciton, frame 5953 ran in:  11.315923929214478
Exciton, frame 5954 ran in:  12.114489316940308
Exciton, frame 5955 ran in:  11.894259214401245
Exciton, frame 5956 ran in:  11.67190408706665
Exciton, frame 5957 ran in:  11.851974725723267
Exciton, frame 5958 ran in:  11.613717794418335
Exciton, frame 5959 ran in:  11.542347431182861
Exciton, frame 5960 ran in:  11.874464988708496
Exciton, frame 5961 ran in:  11.471457958221436
Exciton, frame 5962 ran in:  11.723666429519653
Exciton, frame 5963 ran in:  11.949440479278564
Exciton, frame 5964 ran in:  12.031383752822876
Exciton, frame 5965 ran in:  12.176527738571167
Exciton, frame 5966 ran in:  11.677865505218506
Exciton, frame 5967 ran in:  11.402878046035767
Exciton, frame 5968 ran in:  12.099958658218384
Exciton, frame 5969 ran in:  12.0036141872406
Exciton, frame 5970 ran in:  11.843831300735474
Exciton, frame 5971 ran in:  11.64547872543335
Exciton, frame 5972 ran in:  12.131682872772217
Exciton, frame 5973 ran in:  11.601894617080688
Exciton, frame 5974 ran in:  11.93216586112976
Exciton, frame 5975 ran in:  12.057070016860962
Exciton, frame 5976 ran in:  11.625709295272827
Exciton, frame 5977 ran in:  11.857401847839355
Exciton, frame 5978 ran in:  12.165621995925903
Exciton, frame 5979 ran in:  11.951154947280884
Exciton, frame 5980 ran in:  11.991827726364136
Exciton, frame 5981 ran in:  11.558619976043701
Exciton, frame 5982 ran in:  12.068085193634033
Exciton, frame 5983 ran in:  11.719308376312256
Exciton, frame 5984 ran in:  11.703958511352539
Exciton, frame 5985 ran in:  11.446890592575073
Exciton, frame 5986 ran in:  11.922584772109985
Exciton, frame 5987 ran in:  11.75149154663086
Exciton, frame 5988 ran in:  12.04562783241272
Exciton, frame 5989 ran in:  11.950030326843262
Exciton, frame 5990 ran in:  12.004132747650146
Exciton, frame 5991 ran in:  11.653841257095337
Exciton, frame 5992 ran in:  11.606973648071289
Exciton, frame 5993 ran in:  11.851960897445679
Exciton, frame 5994 ran in:  11.971589803695679
Exciton, frame 5995 ran in:  11.84860372543335
Exciton, frame 5996 ran in:  11.80018925666809
Exciton, frame 5997 ran in:  11.781261682510376
Exciton, frame 5998 ran in:  11.850857734680176
Exciton, frame 5999 ran in:  11.894675970077515
Finished 'run_trajectory' in 12015.125189 secs
