cpu-bind=MASK - bp1-compute130, task 4294967295 4294967295 [0]: mask 0x3bfdff003bfdff set
/user/home/of15641/.conda/envs/openmm/bin/python
Finished 'load_dcd_file' in 43.442608 secs
Exciton, frame 8000 ran in:  13.231096267700195
Exciton, frame 8001 ran in:  13.252090454101562
Exciton, frame 8002 ran in:  12.849882125854492
Exciton, frame 8003 ran in:  12.600114107131958
Exciton, frame 8004 ran in:  12.359476089477539
Exciton, frame 8005 ran in:  13.013054132461548
Exciton, frame 8006 ran in:  12.60349178314209
Exciton, frame 8007 ran in:  12.664058208465576
Exciton, frame 8008 ran in:  12.92880630493164
Exciton, frame 8009 ran in:  12.715674638748169
Exciton, frame 8010 ran in:  12.561384916305542
Exciton, frame 8011 ran in:  12.452084064483643
Exciton, frame 8012 ran in:  12.432056903839111
Exciton, frame 8013 ran in:  12.873506546020508
Exciton, frame 8014 ran in:  12.680757522583008
Exciton, frame 8015 ran in:  13.400471925735474
Exciton, frame 8016 ran in:  13.142915964126587
Exciton, frame 8017 ran in:  13.731082439422607
Exciton, frame 8018 ran in:  13.680678129196167
Exciton, frame 8019 ran in:  13.926422595977783
Exciton, frame 8020 ran in:  12.103576898574829
Exciton, frame 8021 ran in:  12.566512823104858
Exciton, frame 8022 ran in:  12.475268125534058
Exciton, frame 8023 ran in:  13.979442834854126
Exciton, frame 8024 ran in:  12.777055740356445
Exciton, frame 8025 ran in:  12.947466373443604
Exciton, frame 8026 ran in:  12.385329008102417
Exciton, frame 8027 ran in:  12.631311178207397
Exciton, frame 8028 ran in:  14.665026426315308
Exciton, frame 8029 ran in:  13.330965518951416
Exciton, frame 8030 ran in:  12.698712825775146
Exciton, frame 8031 ran in:  12.852163076400757
Exciton, frame 8032 ran in:  12.664980411529541
Exciton, frame 8033 ran in:  12.492117166519165
Exciton, frame 8034 ran in:  13.242098093032837
Exciton, frame 8035 ran in:  12.281981945037842
Exciton, frame 8036 ran in:  13.216552257537842
Exciton, frame 8037 ran in:  12.487102508544922
Exciton, frame 8038 ran in:  13.596867322921753
Exciton, frame 8039 ran in:  12.279431104660034
Exciton, frame 8040 ran in:  12.558571338653564
Exciton, frame 8041 ran in:  12.645183086395264
Exciton, frame 8042 ran in:  13.748976469039917
Exciton, frame 8043 ran in:  13.780377864837646
Exciton, frame 8044 ran in:  12.615071773529053
Exciton, frame 8045 ran in:  12.525736093521118
Exciton, frame 8046 ran in:  12.398816347122192
Exciton, frame 8047 ran in:  12.52605938911438
Exciton, frame 8048 ran in:  12.636634111404419
Exciton, frame 8049 ran in:  12.45546817779541
Exciton, frame 8050 ran in:  12.602249145507812
Exciton, frame 8051 ran in:  12.916959762573242
Exciton, frame 8052 ran in:  12.871210098266602
Exciton, frame 8053 ran in:  12.856757879257202
Exciton, frame 8054 ran in:  12.508501529693604
Exciton, frame 8055 ran in:  12.687610864639282
Exciton, frame 8056 ran in:  12.62063455581665
Exciton, frame 8057 ran in:  12.995301008224487
Exciton, frame 8058 ran in:  13.900397300720215
Exciton, frame 8059 ran in:  12.546943187713623
Exciton, frame 8060 ran in:  12.830416440963745
Exciton, frame 8061 ran in:  12.340168476104736
Exciton, frame 8062 ran in:  12.5478835105896
Exciton, frame 8063 ran in:  13.07536244392395
Exciton, frame 8064 ran in:  12.6230788230896
Exciton, frame 8065 ran in:  12.8159499168396
Exciton, frame 8066 ran in:  13.494470596313477
Exciton, frame 8067 ran in:  12.360238313674927
Exciton, frame 8068 ran in:  12.540132761001587
Exciton, frame 8069 ran in:  12.627699136734009
Exciton, frame 8070 ran in:  12.761060953140259
Exciton, frame 8071 ran in:  13.03890872001648
Exciton, frame 8072 ran in:  14.12960147857666
Exciton, frame 8073 ran in:  14.185917615890503
Exciton, frame 8074 ran in:  13.024603366851807
Exciton, frame 8075 ran in:  12.615099668502808
Exciton, frame 8076 ran in:  12.752098798751831
Exciton, frame 8077 ran in:  13.503487348556519
Exciton, frame 8078 ran in:  12.477952003479004
Exciton, frame 8079 ran in:  12.31037449836731
Exciton, frame 8080 ran in:  12.557003259658813
Exciton, frame 8081 ran in:  12.770571947097778
Exciton, frame 8082 ran in:  12.674935817718506
Exciton, frame 8083 ran in:  13.835692405700684
Exciton, frame 8084 ran in:  12.606305360794067
Exciton, frame 8085 ran in:  12.65130066871643
Exciton, frame 8086 ran in:  12.457855224609375
Exciton, frame 8087 ran in:  11.955660820007324
Exciton, frame 8088 ran in:  12.736157655715942
Exciton, frame 8089 ran in:  12.454165935516357
Exciton, frame 8090 ran in:  12.79640817642212
Exciton, frame 8091 ran in:  12.65757966041565
Exciton, frame 8092 ran in:  12.539013147354126
Exciton, frame 8093 ran in:  12.49764108657837
Exciton, frame 8094 ran in:  13.073418378829956
Exciton, frame 8095 ran in:  14.54349136352539
Exciton, frame 8096 ran in:  12.66755485534668
Exciton, frame 8097 ran in:  13.55857253074646
Exciton, frame 8098 ran in:  12.646052360534668
Exciton, frame 8099 ran in:  12.920352458953857
Exciton, frame 8100 ran in:  12.450425148010254
Exciton, frame 8101 ran in:  12.56118631362915
Exciton, frame 8102 ran in:  13.214847803115845
Exciton, frame 8103 ran in:  12.867748737335205
Exciton, frame 8104 ran in:  12.677843570709229
Exciton, frame 8105 ran in:  12.731750249862671
Exciton, frame 8106 ran in:  13.795680284500122
Exciton, frame 8107 ran in:  12.519248485565186
Exciton, frame 8108 ran in:  13.920283794403076
Exciton, frame 8109 ran in:  12.426955699920654
Exciton, frame 8110 ran in:  13.12349820137024
Exciton, frame 8111 ran in:  12.579190015792847
Exciton, frame 8112 ran in:  13.26473617553711
Exciton, frame 8113 ran in:  12.422657489776611
Exciton, frame 8114 ran in:  12.639721870422363
Exciton, frame 8115 ran in:  12.567744016647339
Exciton, frame 8116 ran in:  13.368073225021362
Exciton, frame 8117 ran in:  12.571010828018188
Exciton, frame 8118 ran in:  12.382051944732666
Exciton, frame 8119 ran in:  12.922263860702515
Exciton, frame 8120 ran in:  12.32704472541809
Exciton, frame 8121 ran in:  12.58756136894226
Exciton, frame 8122 ran in:  12.83379578590393
Exciton, frame 8123 ran in:  12.623326778411865
Exciton, frame 8124 ran in:  12.736335277557373
Exciton, frame 8125 ran in:  12.950822353363037
Exciton, frame 8126 ran in:  12.691411256790161
Exciton, frame 8127 ran in:  12.419337272644043
Exciton, frame 8128 ran in:  12.658612728118896
Exciton, frame 8129 ran in:  12.614622354507446
Exciton, frame 8130 ran in:  12.538618803024292
Exciton, frame 8131 ran in:  12.551205158233643
Exciton, frame 8132 ran in:  14.636720657348633
Exciton, frame 8133 ran in:  14.276897668838501
Exciton, frame 8134 ran in:  12.306876182556152
Exciton, frame 8135 ran in:  13.054160356521606
Exciton, frame 8136 ran in:  14.12043046951294
Exciton, frame 8137 ran in:  12.398104667663574
Exciton, frame 8138 ran in:  12.792230367660522
Exciton, frame 8139 ran in:  12.79831314086914
Exciton, frame 8140 ran in:  12.824182987213135
Exciton, frame 8141 ran in:  12.692752361297607
Exciton, frame 8142 ran in:  12.458728313446045
Exciton, frame 8143 ran in:  12.5572509765625
Exciton, frame 8144 ran in:  12.557548761367798
Exciton, frame 8145 ran in:  13.898110389709473
Exciton, frame 8146 ran in:  12.878072023391724
Exciton, frame 8147 ran in:  12.98499870300293
Exciton, frame 8148 ran in:  13.144126176834106
Exciton, frame 8149 ran in:  14.22272276878357
Exciton, frame 8150 ran in:  13.268640041351318
Exciton, frame 8151 ran in:  12.257903575897217
Exciton, frame 8152 ran in:  12.767019271850586
Exciton, frame 8153 ran in:  12.642739057540894
Exciton, frame 8154 ran in:  13.878847360610962
Exciton, frame 8155 ran in:  13.489959001541138
Exciton, frame 8156 ran in:  13.536082029342651
Exciton, frame 8157 ran in:  12.820050239562988
Exciton, frame 8158 ran in:  12.582568645477295
Exciton, frame 8159 ran in:  13.093941688537598
Exciton, frame 8160 ran in:  12.704078197479248
Exciton, frame 8161 ran in:  14.338657855987549
Exciton, frame 8162 ran in:  12.658604621887207
Exciton, frame 8163 ran in:  12.607695817947388
Exciton, frame 8164 ran in:  12.431082248687744
Exciton, frame 8165 ran in:  12.90185022354126
Exciton, frame 8166 ran in:  12.500086069107056
Exciton, frame 8167 ran in:  12.354074716567993
Exciton, frame 8168 ran in:  12.309153318405151
Exciton, frame 8169 ran in:  12.708603620529175
Exciton, frame 8170 ran in:  12.822663068771362
Exciton, frame 8171 ran in:  12.482579708099365
Exciton, frame 8172 ran in:  12.5122971534729
Exciton, frame 8173 ran in:  12.270808458328247
Exciton, frame 8174 ran in:  13.044660568237305
Exciton, frame 8175 ran in:  12.919327974319458
Exciton, frame 8176 ran in:  12.823512315750122
Exciton, frame 8177 ran in:  12.583289861679077
Exciton, frame 8178 ran in:  12.460927248001099
Exciton, frame 8179 ran in:  12.620102405548096
Exciton, frame 8180 ran in:  12.788914442062378
Exciton, frame 8181 ran in:  12.653890609741211
Exciton, frame 8182 ran in:  12.954050779342651
Exciton, frame 8183 ran in:  14.316431283950806
Exciton, frame 8184 ran in:  12.252667903900146
Exciton, frame 8185 ran in:  12.75972843170166
Exciton, frame 8186 ran in:  12.318464040756226
Exciton, frame 8187 ran in:  12.806069374084473
Exciton, frame 8188 ran in:  12.649566173553467
Exciton, frame 8189 ran in:  12.136206865310669
Exciton, frame 8190 ran in:  12.539434432983398
Exciton, frame 8191 ran in:  12.328675746917725
Exciton, frame 8192 ran in:  12.26561975479126
Exciton, frame 8193 ran in:  13.099788665771484
Exciton, frame 8194 ran in:  13.449483633041382
Exciton, frame 8195 ran in:  12.545025825500488
Exciton, frame 8196 ran in:  12.876556158065796
Exciton, frame 8197 ran in:  12.81906795501709
Exciton, frame 8198 ran in:  12.864812135696411
Exciton, frame 8199 ran in:  12.775609493255615
Exciton, frame 8200 ran in:  12.128460168838501
Exciton, frame 8201 ran in:  12.715229034423828
Exciton, frame 8202 ran in:  12.544744968414307
Exciton, frame 8203 ran in:  12.99906587600708
Exciton, frame 8204 ran in:  12.445903539657593
Exciton, frame 8205 ran in:  12.219084024429321
Exciton, frame 8206 ran in:  12.35960602760315
Exciton, frame 8207 ran in:  12.639005899429321
Exciton, frame 8208 ran in:  12.541385412216187
Exciton, frame 8209 ran in:  12.631521701812744
Exciton, frame 8210 ran in:  13.016313552856445
Exciton, frame 8211 ran in:  12.516530513763428
Exciton, frame 8212 ran in:  12.977686643600464
Exciton, frame 8213 ran in:  13.586032629013062
Exciton, frame 8214 ran in:  12.574613571166992
Exciton, frame 8215 ran in:  12.663528442382812
Exciton, frame 8216 ran in:  13.35919713973999
Exciton, frame 8217 ran in:  13.053049325942993
Exciton, frame 8218 ran in:  12.71216893196106
Exciton, frame 8219 ran in:  12.666699409484863
Exciton, frame 8220 ran in:  12.589824914932251
Exciton, frame 8221 ran in:  12.76629090309143
Exciton, frame 8222 ran in:  12.69322943687439
Exciton, frame 8223 ran in:  12.38759160041809
Exciton, frame 8224 ran in:  12.771258354187012
Exciton, frame 8225 ran in:  14.40907883644104
Exciton, frame 8226 ran in:  12.546485900878906
Exciton, frame 8227 ran in:  12.78357458114624
Exciton, frame 8228 ran in:  14.13853144645691
Exciton, frame 8229 ran in:  12.626685857772827
Exciton, frame 8230 ran in:  12.212831020355225
Exciton, frame 8231 ran in:  12.718301057815552
Exciton, frame 8232 ran in:  12.752677202224731
Exciton, frame 8233 ran in:  12.596256732940674
Exciton, frame 8234 ran in:  12.523265361785889
Exciton, frame 8235 ran in:  13.132692098617554
Exciton, frame 8236 ran in:  12.425380945205688
Exciton, frame 8237 ran in:  13.225722074508667
Exciton, frame 8238 ran in:  12.754605054855347
Exciton, frame 8239 ran in:  12.555568218231201
Exciton, frame 8240 ran in:  12.801697015762329
Exciton, frame 8241 ran in:  12.54356861114502
Exciton, frame 8242 ran in:  12.768879652023315
Exciton, frame 8243 ran in:  13.032719850540161
Exciton, frame 8244 ran in:  12.86144495010376
Exciton, frame 8245 ran in:  12.945658683776855
Exciton, frame 8246 ran in:  12.718068599700928
Exciton, frame 8247 ran in:  12.782064437866211
Exciton, frame 8248 ran in:  13.577023983001709
Exciton, frame 8249 ran in:  12.764066934585571
Exciton, frame 8250 ran in:  12.37870454788208
Exciton, frame 8251 ran in:  13.180017471313477
Exciton, frame 8252 ran in:  12.623139381408691
Exciton, frame 8253 ran in:  12.88368034362793
Exciton, frame 8254 ran in:  12.787802457809448
Exciton, frame 8255 ran in:  13.446638822555542
Exciton, frame 8256 ran in:  12.460848808288574
Exciton, frame 8257 ran in:  14.421664953231812
Exciton, frame 8258 ran in:  12.631553411483765
Exciton, frame 8259 ran in:  12.757648229598999
Exciton, frame 8260 ran in:  12.815206289291382
Exciton, frame 8261 ran in:  12.598177909851074
Exciton, frame 8262 ran in:  12.800531148910522
Exciton, frame 8263 ran in:  12.463978290557861
Exciton, frame 8264 ran in:  14.040141820907593
Exciton, frame 8265 ran in:  14.327235221862793
Exciton, frame 8266 ran in:  12.838006973266602
Exciton, frame 8267 ran in:  13.177464485168457
Exciton, frame 8268 ran in:  12.912755489349365
Exciton, frame 8269 ran in:  13.229195833206177
Exciton, frame 8270 ran in:  12.540198564529419
Exciton, frame 8271 ran in:  12.757226705551147
Exciton, frame 8272 ran in:  12.647993087768555
Exciton, frame 8273 ran in:  12.652804851531982
Exciton, frame 8274 ran in:  12.564112901687622
Exciton, frame 8275 ran in:  12.664047479629517
Exciton, frame 8276 ran in:  12.357526540756226
Exciton, frame 8277 ran in:  12.791155576705933
Exciton, frame 8278 ran in:  12.91660451889038
Exciton, frame 8279 ran in:  12.256846189498901
Exciton, frame 8280 ran in:  12.814071416854858
Exciton, frame 8281 ran in:  12.7114417552948
Exciton, frame 8282 ran in:  12.528635025024414
Exciton, frame 8283 ran in:  13.231144666671753
Exciton, frame 8284 ran in:  12.683100700378418
Exciton, frame 8285 ran in:  12.835884094238281
Exciton, frame 8286 ran in:  13.120776414871216
Exciton, frame 8287 ran in:  13.441192150115967
Exciton, frame 8288 ran in:  12.560001611709595
Exciton, frame 8289 ran in:  12.415573358535767
Exciton, frame 8290 ran in:  13.386730194091797
Exciton, frame 8291 ran in:  12.76528263092041
Exciton, frame 8292 ran in:  12.582831859588623
Exciton, frame 8293 ran in:  12.55122184753418
Exciton, frame 8294 ran in:  12.638378143310547
Exciton, frame 8295 ran in:  13.37924337387085
Exciton, frame 8296 ran in:  12.719774723052979
Exciton, frame 8297 ran in:  12.300212144851685
Exciton, frame 8298 ran in:  13.726524353027344
Exciton, frame 8299 ran in:  12.847955703735352
Exciton, frame 8300 ran in:  12.776849269866943
Exciton, frame 8301 ran in:  14.30650782585144
Exciton, frame 8302 ran in:  12.583670616149902
Exciton, frame 8303 ran in:  12.412904024124146
Exciton, frame 8304 ran in:  12.699986934661865
Exciton, frame 8305 ran in:  12.895891189575195
Exciton, frame 8306 ran in:  12.785841226577759
Exciton, frame 8307 ran in:  13.846336364746094
Exciton, frame 8308 ran in:  12.82968521118164
Exciton, frame 8309 ran in:  12.75050687789917
Exciton, frame 8310 ran in:  12.700602769851685
Exciton, frame 8311 ran in:  14.284185647964478
Exciton, frame 8312 ran in:  12.695927381515503
Exciton, frame 8313 ran in:  12.701425313949585
Exciton, frame 8314 ran in:  12.652559280395508
Exciton, frame 8315 ran in:  12.760197162628174
Exciton, frame 8316 ran in:  12.412871837615967
Exciton, frame 8317 ran in:  12.785946369171143
Exciton, frame 8318 ran in:  13.416733741760254
Exciton, frame 8319 ran in:  12.801494121551514
Exciton, frame 8320 ran in:  13.211279392242432
Exciton, frame 8321 ran in:  12.731016397476196
Exciton, frame 8322 ran in:  12.5806405544281
Exciton, frame 8323 ran in:  12.895150184631348
Exciton, frame 8324 ran in:  12.932366371154785
Exciton, frame 8325 ran in:  12.707247257232666
Exciton, frame 8326 ran in:  13.285350561141968
Exciton, frame 8327 ran in:  12.509259462356567
Exciton, frame 8328 ran in:  12.528827905654907
Exciton, frame 8329 ran in:  12.854429244995117
Exciton, frame 8330 ran in:  13.051078796386719
Exciton, frame 8331 ran in:  12.71139907836914
Exciton, frame 8332 ran in:  12.424331665039062
Exciton, frame 8333 ran in:  12.205928087234497
Exciton, frame 8334 ran in:  12.867590427398682
Exciton, frame 8335 ran in:  12.787195444107056
Exciton, frame 8336 ran in:  12.201173782348633
Exciton, frame 8337 ran in:  14.093610763549805
Exciton, frame 8338 ran in:  12.710067749023438
Exciton, frame 8339 ran in:  13.643448114395142
Exciton, frame 8340 ran in:  13.684386968612671
Exciton, frame 8341 ran in:  13.644192934036255
Exciton, frame 8342 ran in:  12.762590885162354
Exciton, frame 8343 ran in:  12.940992593765259
Exciton, frame 8344 ran in:  12.552999258041382
Exciton, frame 8345 ran in:  14.000677824020386
Exciton, frame 8346 ran in:  12.296627521514893
Exciton, frame 8347 ran in:  12.403631925582886
Exciton, frame 8348 ran in:  12.915351867675781
Exciton, frame 8349 ran in:  12.705731868743896
Exciton, frame 8350 ran in:  13.152335405349731
Exciton, frame 8351 ran in:  12.724964618682861
Exciton, frame 8352 ran in:  12.651240825653076
Exciton, frame 8353 ran in:  12.477428674697876
Exciton, frame 8354 ran in:  12.423007488250732
Exciton, frame 8355 ran in:  12.861162185668945
Exciton, frame 8356 ran in:  12.72036361694336
Exciton, frame 8357 ran in:  12.854243516921997
Exciton, frame 8358 ran in:  13.06899380683899
Exciton, frame 8359 ran in:  12.962900876998901
Exciton, frame 8360 ran in:  12.802853345870972
Exciton, frame 8361 ran in:  12.319137573242188
Exciton, frame 8362 ran in:  13.16499400138855
Exciton, frame 8363 ran in:  14.036523342132568
Exciton, frame 8364 ran in:  13.013892412185669
Exciton, frame 8365 ran in:  12.57570767402649
Exciton, frame 8366 ran in:  14.499880313873291
Exciton, frame 8367 ran in:  12.564013719558716
Exciton, frame 8368 ran in:  12.791845083236694
Exciton, frame 8369 ran in:  12.721274137496948
Exciton, frame 8370 ran in:  12.486134052276611
Exciton, frame 8371 ran in:  12.634126901626587
Exciton, frame 8372 ran in:  13.95346999168396
Exciton, frame 8373 ran in:  12.701545238494873
Exciton, frame 8374 ran in:  12.690449476242065
Exciton, frame 8375 ran in:  14.479461669921875
Exciton, frame 8376 ran in:  13.808911323547363
Exciton, frame 8377 ran in:  13.638291358947754
Exciton, frame 8378 ran in:  12.78029751777649
Exciton, frame 8379 ran in:  13.960011005401611
Exciton, frame 8380 ran in:  14.28156590461731
Exciton, frame 8381 ran in:  12.741176128387451
Exciton, frame 8382 ran in:  13.338767766952515
Exciton, frame 8383 ran in:  12.662292003631592
Exciton, frame 8384 ran in:  12.767151594161987
Exciton, frame 8385 ran in:  12.532217025756836
Exciton, frame 8386 ran in:  12.903179168701172
Exciton, frame 8387 ran in:  12.321636199951172
Exciton, frame 8388 ran in:  12.6258385181427
Exciton, frame 8389 ran in:  12.577216625213623
Exciton, frame 8390 ran in:  12.464173316955566
Exciton, frame 8391 ran in:  12.642518520355225
Exciton, frame 8392 ran in:  12.645147562026978
Exciton, frame 8393 ran in:  12.542108535766602
Exciton, frame 8394 ran in:  12.31653356552124
Exciton, frame 8395 ran in:  12.653857469558716
Exciton, frame 8396 ran in:  12.661454439163208
Exciton, frame 8397 ran in:  13.139615535736084
Exciton, frame 8398 ran in:  12.36134147644043
Exciton, frame 8399 ran in:  12.703574895858765
Exciton, frame 8400 ran in:  12.68231987953186
Exciton, frame 8401 ran in:  12.713684797286987
Exciton, frame 8402 ran in:  12.304961919784546
Exciton, frame 8403 ran in:  13.324483633041382
Exciton, frame 8404 ran in:  12.93000078201294
Exciton, frame 8405 ran in:  12.67209005355835
Exciton, frame 8406 ran in:  12.427767038345337
Exciton, frame 8407 ran in:  12.545166254043579
Exciton, frame 8408 ran in:  12.63687801361084
Exciton, frame 8409 ran in:  12.297773361206055
Exciton, frame 8410 ran in:  14.576660871505737
Exciton, frame 8411 ran in:  12.789758205413818
Exciton, frame 8412 ran in:  12.586800575256348
Exciton, frame 8413 ran in:  12.815337896347046
Exciton, frame 8414 ran in:  13.759360790252686
Exciton, frame 8415 ran in:  12.803408861160278
Exciton, frame 8416 ran in:  12.702424764633179
Exciton, frame 8417 ran in:  12.305908441543579
Exciton, frame 8418 ran in:  12.463335752487183
Exciton, frame 8419 ran in:  12.5904221534729
Exciton, frame 8420 ran in:  13.92288613319397
Exciton, frame 8421 ran in:  12.645414352416992
Exciton, frame 8422 ran in:  12.805996656417847
Exciton, frame 8423 ran in:  12.685738801956177
Exciton, frame 8424 ran in:  12.581723690032959
Exciton, frame 8425 ran in:  12.476812362670898
Exciton, frame 8426 ran in:  12.095593690872192
Exciton, frame 8427 ran in:  12.895359992980957
Exciton, frame 8428 ran in:  13.99037790298462
Exciton, frame 8429 ran in:  12.431497573852539
Exciton, frame 8430 ran in:  12.398762941360474
Exciton, frame 8431 ran in:  12.659289598464966
Exciton, frame 8432 ran in:  12.674827337265015
Exciton, frame 8433 ran in:  12.679499387741089
Exciton, frame 8434 ran in:  12.769330263137817
Exciton, frame 8435 ran in:  12.437413215637207
Exciton, frame 8436 ran in:  12.621278285980225
Exciton, frame 8437 ran in:  12.261466979980469
Exciton, frame 8438 ran in:  12.50437331199646
Exciton, frame 8439 ran in:  12.47929835319519
Exciton, frame 8440 ran in:  12.679927349090576
Exciton, frame 8441 ran in:  12.33522915840149
Exciton, frame 8442 ran in:  12.504607200622559
Exciton, frame 8443 ran in:  12.543214797973633
Exciton, frame 8444 ran in:  12.849657535552979
Exciton, frame 8445 ran in:  13.200473070144653
Exciton, frame 8446 ran in:  12.485721826553345
Exciton, frame 8447 ran in:  13.972301959991455
Exciton, frame 8448 ran in:  12.418753623962402
Exciton, frame 8449 ran in:  12.7828049659729
Exciton, frame 8450 ran in:  12.50632929801941
Exciton, frame 8451 ran in:  12.843034267425537
Exciton, frame 8452 ran in:  12.45656943321228
Exciton, frame 8453 ran in:  12.54946255683899
Exciton, frame 8454 ran in:  13.192629098892212
Exciton, frame 8455 ran in:  12.53609299659729
Exciton, frame 8456 ran in:  12.594470262527466
Exciton, frame 8457 ran in:  12.790985345840454
Exciton, frame 8458 ran in:  13.065925121307373
Exciton, frame 8459 ran in:  12.990649223327637
Exciton, frame 8460 ran in:  12.878907442092896
Exciton, frame 8461 ran in:  12.705731868743896
Exciton, frame 8462 ran in:  12.279298067092896
Exciton, frame 8463 ran in:  12.64457368850708
Exciton, frame 8464 ran in:  12.730872392654419
Exciton, frame 8465 ran in:  12.720057487487793
Exciton, frame 8466 ran in:  13.066707134246826
Exciton, frame 8467 ran in:  12.40707778930664
Exciton, frame 8468 ran in:  13.387527227401733
Exciton, frame 8469 ran in:  13.223312854766846
Exciton, frame 8470 ran in:  13.609058856964111
Exciton, frame 8471 ran in:  13.31315302848816
Exciton, frame 8472 ran in:  12.497066974639893
Exciton, frame 8473 ran in:  12.786295175552368
Exciton, frame 8474 ran in:  13.722566843032837
Exciton, frame 8475 ran in:  13.369033098220825
Exciton, frame 8476 ran in:  13.62319564819336
Exciton, frame 8477 ran in:  12.548647403717041
Exciton, frame 8478 ran in:  12.95964241027832
Exciton, frame 8479 ran in:  12.79741096496582
Exciton, frame 8480 ran in:  12.47195291519165
Exciton, frame 8481 ran in:  13.383958578109741
Exciton, frame 8482 ran in:  13.023163080215454
Exciton, frame 8483 ran in:  12.859484910964966
Exciton, frame 8484 ran in:  12.915271997451782
Exciton, frame 8485 ran in:  11.92746877670288
Exciton, frame 8486 ran in:  12.555647850036621
Exciton, frame 8487 ran in:  12.179183006286621
Exciton, frame 8488 ran in:  12.483490943908691
Exciton, frame 8489 ran in:  12.744741439819336
Exciton, frame 8490 ran in:  13.469712257385254
Exciton, frame 8491 ran in:  13.293333530426025
Exciton, frame 8492 ran in:  12.808135986328125
Exciton, frame 8493 ran in:  12.554121255874634
Exciton, frame 8494 ran in:  12.738275527954102
Exciton, frame 8495 ran in:  13.420685052871704
Exciton, frame 8496 ran in:  12.85851263999939
Exciton, frame 8497 ran in:  13.291826725006104
Exciton, frame 8498 ran in:  13.79206371307373
Exciton, frame 8499 ran in:  12.397728204727173
Exciton, frame 8500 ran in:  12.795544862747192
Exciton, frame 8501 ran in:  12.615402460098267
Exciton, frame 8502 ran in:  12.496132612228394
Exciton, frame 8503 ran in:  12.980380058288574
Exciton, frame 8504 ran in:  13.014214754104614
Exciton, frame 8505 ran in:  12.718056440353394
Exciton, frame 8506 ran in:  15.397269010543823
Exciton, frame 8507 ran in:  12.858669996261597
Exciton, frame 8508 ran in:  12.858648538589478
Exciton, frame 8509 ran in:  12.55310845375061
Exciton, frame 8510 ran in:  14.008829832077026
Exciton, frame 8511 ran in:  12.775119304656982
Exciton, frame 8512 ran in:  12.881872177124023
Exciton, frame 8513 ran in:  14.522353172302246
Exciton, frame 8514 ran in:  12.859710216522217
Exciton, frame 8515 ran in:  12.700641393661499
Exciton, frame 8516 ran in:  12.86820101737976
Exciton, frame 8517 ran in:  12.68567180633545
Exciton, frame 8518 ran in:  12.877028226852417
Exciton, frame 8519 ran in:  12.837366580963135
Exciton, frame 8520 ran in:  12.792902946472168
Exciton, frame 8521 ran in:  12.699527263641357
Exciton, frame 8522 ran in:  12.79661250114441
Exciton, frame 8523 ran in:  12.93109941482544
Exciton, frame 8524 ran in:  12.669504165649414
Exciton, frame 8525 ran in:  12.640155792236328
Exciton, frame 8526 ran in:  12.910358905792236
Exciton, frame 8527 ran in:  12.367063283920288
Exciton, frame 8528 ran in:  12.702929973602295
Exciton, frame 8529 ran in:  12.623014688491821
Exciton, frame 8530 ran in:  12.528385639190674
Exciton, frame 8531 ran in:  12.941102981567383
Exciton, frame 8532 ran in:  13.640485763549805
Exciton, frame 8533 ran in:  12.762957334518433
Exciton, frame 8534 ran in:  12.689844369888306
Exciton, frame 8535 ran in:  12.640660762786865
Exciton, frame 8536 ran in:  12.94736647605896
Exciton, frame 8537 ran in:  12.845154523849487
Exciton, frame 8538 ran in:  13.406203746795654
Exciton, frame 8539 ran in:  12.606902122497559
Exciton, frame 8540 ran in:  12.562925338745117
Exciton, frame 8541 ran in:  13.145087718963623
Exciton, frame 8542 ran in:  12.702356815338135
Exciton, frame 8543 ran in:  13.22463321685791
Exciton, frame 8544 ran in:  12.681390285491943
Exciton, frame 8545 ran in:  13.097826957702637
Exciton, frame 8546 ran in:  12.921028852462769
Exciton, frame 8547 ran in:  12.535025119781494
Exciton, frame 8548 ran in:  13.649071455001831
Exciton, frame 8549 ran in:  12.11797046661377
Exciton, frame 8550 ran in:  12.895451307296753
Exciton, frame 8551 ran in:  12.795682668685913
Exciton, frame 8552 ran in:  12.39129090309143
Exciton, frame 8553 ran in:  12.67867636680603
Exciton, frame 8554 ran in:  13.101216554641724
Exciton, frame 8555 ran in:  12.722360849380493
Exciton, frame 8556 ran in:  12.667350053787231
Exciton, frame 8557 ran in:  12.937270164489746
Exciton, frame 8558 ran in:  12.5791654586792
Exciton, frame 8559 ran in:  12.676425695419312
Exciton, frame 8560 ran in:  13.158169031143188
Exciton, frame 8561 ran in:  12.843940258026123
Exciton, frame 8562 ran in:  12.573142528533936
Exciton, frame 8563 ran in:  12.816393375396729
Exciton, frame 8564 ran in:  12.639032363891602
Exciton, frame 8565 ran in:  12.781516551971436
Exciton, frame 8566 ran in:  12.715024948120117
Exciton, frame 8567 ran in:  12.714129447937012
Exciton, frame 8568 ran in:  12.482391595840454
Exciton, frame 8569 ran in:  12.28177809715271
Exciton, frame 8570 ran in:  14.109493494033813
Exciton, frame 8571 ran in:  12.455716133117676
Exciton, frame 8572 ran in:  12.708537817001343
Exciton, frame 8573 ran in:  12.587998151779175
Exciton, frame 8574 ran in:  12.949113845825195
Exciton, frame 8575 ran in:  12.646971940994263
Exciton, frame 8576 ran in:  12.847795486450195
Exciton, frame 8577 ran in:  12.61787486076355
Exciton, frame 8578 ran in:  12.750064134597778
Exciton, frame 8579 ran in:  12.798038482666016
Exciton, frame 8580 ran in:  12.561694622039795
Exciton, frame 8581 ran in:  12.717263460159302
Exciton, frame 8582 ran in:  13.330156087875366
Exciton, frame 8583 ran in:  12.88213562965393
Exciton, frame 8584 ran in:  12.626471757888794
Exciton, frame 8585 ran in:  12.238863468170166
Exciton, frame 8586 ran in:  12.92856502532959
Exciton, frame 8587 ran in:  12.57374358177185
Exciton, frame 8588 ran in:  12.799696922302246
Exciton, frame 8589 ran in:  12.654149532318115
Exciton, frame 8590 ran in:  12.680957555770874
Exciton, frame 8591 ran in:  12.653063535690308
Exciton, frame 8592 ran in:  12.431213855743408
Exciton, frame 8593 ran in:  12.363816022872925
Exciton, frame 8594 ran in:  13.693053007125854
Exciton, frame 8595 ran in:  13.099113702774048
Exciton, frame 8596 ran in:  12.45189881324768
Exciton, frame 8597 ran in:  12.666535377502441
Exciton, frame 8598 ran in:  12.504457950592041
Exciton, frame 8599 ran in:  12.226609230041504
Exciton, frame 8600 ran in:  12.39714002609253
Exciton, frame 8601 ran in:  12.663708448410034
Exciton, frame 8602 ran in:  12.715208053588867
Exciton, frame 8603 ran in:  12.555153608322144
Exciton, frame 8604 ran in:  12.70306658744812
Exciton, frame 8605 ran in:  12.461325645446777
Exciton, frame 8606 ran in:  12.02328872680664
Exciton, frame 8607 ran in:  12.771431922912598
Exciton, frame 8608 ran in:  12.766592502593994
Exciton, frame 8609 ran in:  13.319595098495483
Exciton, frame 8610 ran in:  12.667650699615479
Exciton, frame 8611 ran in:  12.841986417770386
Exciton, frame 8612 ran in:  12.433514833450317
Exciton, frame 8613 ran in:  13.693024396896362
Exciton, frame 8614 ran in:  13.489532709121704
Exciton, frame 8615 ran in:  12.555283069610596
Exciton, frame 8616 ran in:  13.26753854751587
Exciton, frame 8617 ran in:  12.407280921936035
Exciton, frame 8618 ran in:  12.469625234603882
Exciton, frame 8619 ran in:  12.602892398834229
Exciton, frame 8620 ran in:  13.436436653137207
Exciton, frame 8621 ran in:  12.148599624633789
Exciton, frame 8622 ran in:  12.203226566314697
Exciton, frame 8623 ran in:  12.604478359222412
Exciton, frame 8624 ran in:  13.043766975402832
Exciton, frame 8625 ran in:  13.185869932174683
Exciton, frame 8626 ran in:  13.241113424301147
Exciton, frame 8627 ran in:  13.0368971824646
Exciton, frame 8628 ran in:  12.5445716381073
Exciton, frame 8629 ran in:  12.941168308258057
Exciton, frame 8630 ran in:  12.709031343460083
Exciton, frame 8631 ran in:  12.98870301246643
Exciton, frame 8632 ran in:  12.867160320281982
Exciton, frame 8633 ran in:  12.879856824874878
Exciton, frame 8634 ran in:  12.663995027542114
Exciton, frame 8635 ran in:  12.950223445892334
Exciton, frame 8636 ran in:  12.912652969360352
Exciton, frame 8637 ran in:  12.968639850616455
Exciton, frame 8638 ran in:  13.058447360992432
Exciton, frame 8639 ran in:  12.991626024246216
Exciton, frame 8640 ran in:  12.768212795257568
Exciton, frame 8641 ran in:  13.217843294143677
Exciton, frame 8642 ran in:  13.053966283798218
Exciton, frame 8643 ran in:  12.832352876663208
Exciton, frame 8644 ran in:  13.072232484817505
Exciton, frame 8645 ran in:  13.242942333221436
Exciton, frame 8646 ran in:  12.88323712348938
Exciton, frame 8647 ran in:  13.131701707839966
Exciton, frame 8648 ran in:  13.00567889213562
Exciton, frame 8649 ran in:  12.719296932220459
Exciton, frame 8650 ran in:  12.681102514266968
Exciton, frame 8651 ran in:  13.11281132698059
Exciton, frame 8652 ran in:  12.8590567111969
Exciton, frame 8653 ran in:  12.940757513046265
Exciton, frame 8654 ran in:  12.51373553276062
Exciton, frame 8655 ran in:  13.07745623588562
Exciton, frame 8656 ran in:  13.141662836074829
Exciton, frame 8657 ran in:  12.749408483505249
Exciton, frame 8658 ran in:  12.924022912979126
Exciton, frame 8659 ran in:  12.75563383102417
Exciton, frame 8660 ran in:  12.848858833312988
Exciton, frame 8661 ran in:  13.075608968734741
Exciton, frame 8662 ran in:  12.938735961914062
Exciton, frame 8663 ran in:  13.014898300170898
Exciton, frame 8664 ran in:  12.849944829940796
Exciton, frame 8665 ran in:  13.086073637008667
Exciton, frame 8666 ran in:  12.958451271057129
Exciton, frame 8667 ran in:  12.9760422706604
Exciton, frame 8668 ran in:  12.826759815216064
Exciton, frame 8669 ran in:  13.158055067062378
Exciton, frame 8670 ran in:  12.895229816436768
Exciton, frame 8671 ran in:  13.183568954467773
Exciton, frame 8672 ran in:  12.690146923065186
Exciton, frame 8673 ran in:  12.680980443954468
Exciton, frame 8674 ran in:  12.958096027374268
Exciton, frame 8675 ran in:  12.812302827835083
Exciton, frame 8676 ran in:  12.89779782295227
Exciton, frame 8677 ran in:  13.032450675964355
Exciton, frame 8678 ran in:  13.008894205093384
Exciton, frame 8679 ran in:  12.984160423278809
Exciton, frame 8680 ran in:  12.606821060180664
Exciton, frame 8681 ran in:  12.822637557983398
Exciton, frame 8682 ran in:  12.665403842926025
Exciton, frame 8683 ran in:  12.73595905303955
Exciton, frame 8684 ran in:  12.689955711364746
Exciton, frame 8685 ran in:  12.776374578475952
Exciton, frame 8686 ran in:  12.917709827423096
Exciton, frame 8687 ran in:  13.081668138504028
Exciton, frame 8688 ran in:  13.20864987373352
Exciton, frame 8689 ran in:  12.790634632110596
Exciton, frame 8690 ran in:  12.993279457092285
Exciton, frame 8691 ran in:  12.704237937927246
Exciton, frame 8692 ran in:  12.81015920639038
Exciton, frame 8693 ran in:  12.88280987739563
Exciton, frame 8694 ran in:  12.010396003723145
Exciton, frame 8695 ran in:  12.81074047088623
Exciton, frame 8696 ran in:  12.749844551086426
Exciton, frame 8697 ran in:  12.822929382324219
Exciton, frame 8698 ran in:  13.095437288284302
Exciton, frame 8699 ran in:  12.898975133895874
Exciton, frame 8700 ran in:  13.110434770584106
Exciton, frame 8701 ran in:  12.572746992111206
Exciton, frame 8702 ran in:  12.802461385726929
Exciton, frame 8703 ran in:  13.045368909835815
Exciton, frame 8704 ran in:  13.103560447692871
Exciton, frame 8705 ran in:  13.115039348602295
Exciton, frame 8706 ran in:  12.915844440460205
Exciton, frame 8707 ran in:  13.204420566558838
Exciton, frame 8708 ran in:  13.04304051399231
Exciton, frame 8709 ran in:  13.221184015274048
Exciton, frame 8710 ran in:  13.085140705108643
Exciton, frame 8711 ran in:  12.869176864624023
Exciton, frame 8712 ran in:  13.233473300933838
Exciton, frame 8713 ran in:  12.960662364959717
Exciton, frame 8714 ran in:  13.164873123168945
Exciton, frame 8715 ran in:  12.901574611663818
Exciton, frame 8716 ran in:  12.868500709533691
Exciton, frame 8717 ran in:  12.995044946670532
Exciton, frame 8718 ran in:  12.764069080352783
Exciton, frame 8719 ran in:  13.060863971710205
Exciton, frame 8720 ran in:  12.7876615524292
Exciton, frame 8721 ran in:  13.14067816734314
Exciton, frame 8722 ran in:  12.883219242095947
Exciton, frame 8723 ran in:  12.9091956615448
Exciton, frame 8724 ran in:  12.81483244895935
Exciton, frame 8725 ran in:  12.772492170333862
Exciton, frame 8726 ran in:  12.916806697845459
Exciton, frame 8727 ran in:  12.683114767074585
Exciton, frame 8728 ran in:  12.91909646987915
Exciton, frame 8729 ran in:  12.780146598815918
Exciton, frame 8730 ran in:  12.909306526184082
Exciton, frame 8731 ran in:  12.781758308410645
Exciton, frame 8732 ran in:  12.983386516571045
Exciton, frame 8733 ran in:  13.016184568405151
Exciton, frame 8734 ran in:  12.838111639022827
Exciton, frame 8735 ran in:  12.669684886932373
Exciton, frame 8736 ran in:  13.006253242492676
Exciton, frame 8737 ran in:  13.159876823425293
Exciton, frame 8738 ran in:  13.058257341384888
Exciton, frame 8739 ran in:  13.058000802993774
Exciton, frame 8740 ran in:  13.235437154769897
Exciton, frame 8741 ran in:  12.878506183624268
Exciton, frame 8742 ran in:  12.972757577896118
Exciton, frame 8743 ran in:  12.957443237304688
Exciton, frame 8744 ran in:  12.846394777297974
Exciton, frame 8745 ran in:  12.738590240478516
Exciton, frame 8746 ran in:  12.822137832641602
Exciton, frame 8747 ran in:  13.242621421813965
Exciton, frame 8748 ran in:  12.793078660964966
Exciton, frame 8749 ran in:  12.654370307922363
Exciton, frame 8750 ran in:  13.1984224319458
Exciton, frame 8751 ran in:  13.000810623168945
Exciton, frame 8752 ran in:  12.925318717956543
Exciton, frame 8753 ran in:  13.440430641174316
Exciton, frame 8754 ran in:  13.098809242248535
Exciton, frame 8755 ran in:  12.56432056427002
Exciton, frame 8756 ran in:  13.037983894348145
Exciton, frame 8757 ran in:  12.99037218093872
Exciton, frame 8758 ran in:  12.833134174346924
Exciton, frame 8759 ran in:  12.945550203323364
Exciton, frame 8760 ran in:  12.89828372001648
Exciton, frame 8761 ran in:  12.832587003707886
Exciton, frame 8762 ran in:  12.454703330993652
Exciton, frame 8763 ran in:  12.643741846084595
Exciton, frame 8764 ran in:  12.382700443267822
Exciton, frame 8765 ran in:  12.594789981842041
Exciton, frame 8766 ran in:  12.433411598205566
Exciton, frame 8767 ran in:  12.401903629302979
Exciton, frame 8768 ran in:  12.56109619140625
Exciton, frame 8769 ran in:  12.628055810928345
Exciton, frame 8770 ran in:  12.523375034332275
Exciton, frame 8771 ran in:  12.554398536682129
Exciton, frame 8772 ran in:  12.751491785049438
Exciton, frame 8773 ran in:  12.538124561309814
Exciton, frame 8774 ran in:  12.588065385818481
Exciton, frame 8775 ran in:  12.516595363616943
Exciton, frame 8776 ran in:  12.410479307174683
Exciton, frame 8777 ran in:  12.777556657791138
Exciton, frame 8778 ran in:  12.702543020248413
Exciton, frame 8779 ran in:  12.68282699584961
Exciton, frame 8780 ran in:  12.396714687347412
Exciton, frame 8781 ran in:  12.468069553375244
Exciton, frame 8782 ran in:  12.470717906951904
Exciton, frame 8783 ran in:  12.591589212417603
Exciton, frame 8784 ran in:  12.493484020233154
Exciton, frame 8785 ran in:  12.540767908096313
Exciton, frame 8786 ran in:  12.578221321105957
Exciton, frame 8787 ran in:  12.609711408615112
Exciton, frame 8788 ran in:  12.424933910369873
Exciton, frame 8789 ran in:  12.59564733505249
Exciton, frame 8790 ran in:  12.444347858428955
Exciton, frame 8791 ran in:  12.378557205200195
Exciton, frame 8792 ran in:  12.644935369491577
Exciton, frame 8793 ran in:  12.27142882347107
Exciton, frame 8794 ran in:  12.476290225982666
Exciton, frame 8795 ran in:  12.67529821395874
Exciton, frame 8796 ran in:  12.831971406936646
Exciton, frame 8797 ran in:  12.145039558410645
Exciton, frame 8798 ran in:  12.475347518920898
Exciton, frame 8799 ran in:  12.534149646759033
Exciton, frame 8800 ran in:  12.238558053970337
Exciton, frame 8801 ran in:  12.396420001983643
Exciton, frame 8802 ran in:  12.530202388763428
Exciton, frame 8803 ran in:  12.575048923492432
Exciton, frame 8804 ran in:  12.30791187286377
Exciton, frame 8805 ran in:  12.55736780166626
Exciton, frame 8806 ran in:  12.412304162979126
Exciton, frame 8807 ran in:  12.690042495727539
Exciton, frame 8808 ran in:  12.38722825050354
Exciton, frame 8809 ran in:  12.60619854927063
Exciton, frame 8810 ran in:  12.37610650062561
Exciton, frame 8811 ran in:  12.54377007484436
Exciton, frame 8812 ran in:  12.504899263381958
Exciton, frame 8813 ran in:  12.707136869430542
Exciton, frame 8814 ran in:  12.638794183731079
Exciton, frame 8815 ran in:  12.605939149856567
Exciton, frame 8816 ran in:  12.45439338684082
Exciton, frame 8817 ran in:  12.598708868026733
Exciton, frame 8818 ran in:  12.873051643371582
Exciton, frame 8819 ran in:  12.355196714401245
Exciton, frame 8820 ran in:  12.635469913482666
Exciton, frame 8821 ran in:  12.519173860549927
Exciton, frame 8822 ran in:  12.957044839859009
Exciton, frame 8823 ran in:  12.569703817367554
Exciton, frame 8824 ran in:  13.128748416900635
Exciton, frame 8825 ran in:  12.505849361419678
Exciton, frame 8826 ran in:  12.330361604690552
Exciton, frame 8827 ran in:  12.452491760253906
Exciton, frame 8828 ran in:  12.240533590316772
Exciton, frame 8829 ran in:  12.48384690284729
Exciton, frame 8830 ran in:  12.573514938354492
Exciton, frame 8831 ran in:  12.51025652885437
Exciton, frame 8832 ran in:  12.330060243606567
Exciton, frame 8833 ran in:  12.32520842552185
Exciton, frame 8834 ran in:  12.568271160125732
Exciton, frame 8835 ran in:  12.640949964523315
Exciton, frame 8836 ran in:  12.50890326499939
Exciton, frame 8837 ran in:  12.478369951248169
Exciton, frame 8838 ran in:  12.458006381988525
Exciton, frame 8839 ran in:  12.918822288513184
Exciton, frame 8840 ran in:  12.654898166656494
Exciton, frame 8841 ran in:  12.453780889511108
Exciton, frame 8842 ran in:  12.441684246063232
Exciton, frame 8843 ran in:  12.67114543914795
Exciton, frame 8844 ran in:  12.563639163970947
Exciton, frame 8845 ran in:  12.667860746383667
Exciton, frame 8846 ran in:  12.731379270553589
Exciton, frame 8847 ran in:  12.566576480865479
Exciton, frame 8848 ran in:  12.377997398376465
Exciton, frame 8849 ran in:  13.181753396987915
Exciton, frame 8850 ran in:  12.50915813446045
Exciton, frame 8851 ran in:  12.530369281768799
Exciton, frame 8852 ran in:  12.552860021591187
Exciton, frame 8853 ran in:  12.670799493789673
Exciton, frame 8854 ran in:  12.529980659484863
Exciton, frame 8855 ran in:  12.891896724700928
Exciton, frame 8856 ran in:  12.371382474899292
Exciton, frame 8857 ran in:  12.641266107559204
Exciton, frame 8858 ran in:  12.246212482452393
Exciton, frame 8859 ran in:  12.733997583389282
Exciton, frame 8860 ran in:  12.249114990234375
Exciton, frame 8861 ran in:  12.766332149505615
Exciton, frame 8862 ran in:  12.546561002731323
Exciton, frame 8863 ran in:  12.82248592376709
Exciton, frame 8864 ran in:  12.434849262237549
Exciton, frame 8865 ran in:  12.655091762542725
Exciton, frame 8866 ran in:  12.465576648712158
Exciton, frame 8867 ran in:  12.472668170928955
Exciton, frame 8868 ran in:  12.721793413162231
Exciton, frame 8869 ran in:  12.625540018081665
Exciton, frame 8870 ran in:  12.56557822227478
Exciton, frame 8871 ran in:  12.592334508895874
Exciton, frame 8872 ran in:  12.468047380447388
Exciton, frame 8873 ran in:  12.06262731552124
Exciton, frame 8874 ran in:  12.524670839309692
Exciton, frame 8875 ran in:  12.525615930557251
Exciton, frame 8876 ran in:  12.643918514251709
Exciton, frame 8877 ran in:  12.459445476531982
Exciton, frame 8878 ran in:  12.588581085205078
Exciton, frame 8879 ran in:  12.642590045928955
Exciton, frame 8880 ran in:  12.558323383331299
Exciton, frame 8881 ran in:  12.586890459060669
Exciton, frame 8882 ran in:  12.638643264770508
Exciton, frame 8883 ran in:  12.329547882080078
Exciton, frame 8884 ran in:  12.714569091796875
Exciton, frame 8885 ran in:  12.302586793899536
Exciton, frame 8886 ran in:  12.783637523651123
Exciton, frame 8887 ran in:  12.595150709152222
Exciton, frame 8888 ran in:  12.128559589385986
Exciton, frame 8889 ran in:  12.48771619796753
Exciton, frame 8890 ran in:  12.648602485656738
Exciton, frame 8891 ran in:  12.672477960586548
Exciton, frame 8892 ran in:  12.329632759094238
Exciton, frame 8893 ran in:  12.317956924438477
Exciton, frame 8894 ran in:  12.552578687667847
Exciton, frame 8895 ran in:  12.65285873413086
Exciton, frame 8896 ran in:  12.53727912902832
Exciton, frame 8897 ran in:  12.483431339263916
Exciton, frame 8898 ran in:  12.554085969924927
Exciton, frame 8899 ran in:  12.267778635025024
Exciton, frame 8900 ran in:  12.515096426010132
Exciton, frame 8901 ran in:  12.455665588378906
Exciton, frame 8902 ran in:  12.849841594696045
Exciton, frame 8903 ran in:  12.580188035964966
Exciton, frame 8904 ran in:  12.420150995254517
Exciton, frame 8905 ran in:  12.43522596359253
Exciton, frame 8906 ran in:  12.263932704925537
Exciton, frame 8907 ran in:  12.386394500732422
Exciton, frame 8908 ran in:  12.530685186386108
Exciton, frame 8909 ran in:  12.285228252410889
Exciton, frame 8910 ran in:  12.950185537338257
Exciton, frame 8911 ran in:  12.837793588638306
Exciton, frame 8912 ran in:  12.698287010192871
Exciton, frame 8913 ran in:  12.791024684906006
Exciton, frame 8914 ran in:  13.021562337875366
Exciton, frame 8915 ran in:  12.749479055404663
Exciton, frame 8916 ran in:  13.279154539108276
Exciton, frame 8917 ran in:  12.912216186523438
Exciton, frame 8918 ran in:  12.919327974319458
Exciton, frame 8919 ran in:  13.222189664840698
Exciton, frame 8920 ran in:  12.649370908737183
Exciton, frame 8921 ran in:  12.880710363388062
Exciton, frame 8922 ran in:  13.07874083518982
Exciton, frame 8923 ran in:  13.286251068115234
Exciton, frame 8924 ran in:  12.88794207572937
Exciton, frame 8925 ran in:  12.998467683792114
Exciton, frame 8926 ran in:  12.802779197692871
Exciton, frame 8927 ran in:  13.111545324325562
Exciton, frame 8928 ran in:  13.195110559463501
Exciton, frame 8929 ran in:  12.558242321014404
Exciton, frame 8930 ran in:  13.163930892944336
Exciton, frame 8931 ran in:  13.094858169555664
Exciton, frame 8932 ran in:  13.058208227157593
Exciton, frame 8933 ran in:  13.076787233352661
Exciton, frame 8934 ran in:  13.0466787815094
Exciton, frame 8935 ran in:  13.05447006225586
Exciton, frame 8936 ran in:  12.740949392318726
Exciton, frame 8937 ran in:  13.091723918914795
Exciton, frame 8938 ran in:  12.822989225387573
Exciton, frame 8939 ran in:  12.754726648330688
Exciton, frame 8940 ran in:  12.722046613693237
Exciton, frame 8941 ran in:  12.654616832733154
Exciton, frame 8942 ran in:  13.18108081817627
Exciton, frame 8943 ran in:  12.707207202911377
Exciton, frame 8944 ran in:  12.76789116859436
Exciton, frame 8945 ran in:  12.78053903579712
Exciton, frame 8946 ran in:  13.316960096359253
Exciton, frame 8947 ran in:  12.899024486541748
Exciton, frame 8948 ran in:  13.210216522216797
Exciton, frame 8949 ran in:  13.105446815490723
Exciton, frame 8950 ran in:  13.047283172607422
Exciton, frame 8951 ran in:  12.824402332305908
Exciton, frame 8952 ran in:  13.027917861938477
Exciton, frame 8953 ran in:  13.12584376335144
Exciton, frame 8954 ran in:  12.940141201019287
Exciton, frame 8955 ran in:  13.104589223861694
Exciton, frame 8956 ran in:  12.913620948791504
Exciton, frame 8957 ran in:  12.879958391189575
Exciton, frame 8958 ran in:  13.080220937728882
Exciton, frame 8959 ran in:  12.974664211273193
Exciton, frame 8960 ran in:  12.99628210067749
Exciton, frame 8961 ran in:  12.954570770263672
Exciton, frame 8962 ran in:  13.114761114120483
Exciton, frame 8963 ran in:  12.838634252548218
Exciton, frame 8964 ran in:  13.006799459457397
Exciton, frame 8965 ran in:  13.103766441345215
Exciton, frame 8966 ran in:  12.711844682693481
Exciton, frame 8967 ran in:  13.312268733978271
Exciton, frame 8968 ran in:  13.340830564498901
Exciton, frame 8969 ran in:  12.962047815322876
Exciton, frame 8970 ran in:  13.023860931396484
Exciton, frame 8971 ran in:  12.665405750274658
Exciton, frame 8972 ran in:  12.75334095954895
Exciton, frame 8973 ran in:  13.105780601501465
Exciton, frame 8974 ran in:  12.859423637390137
Exciton, frame 8975 ran in:  13.11164927482605
Exciton, frame 8976 ran in:  13.146668672561646
Exciton, frame 8977 ran in:  13.117896795272827
Exciton, frame 8978 ran in:  13.085860967636108
Exciton, frame 8979 ran in:  13.289973258972168
Exciton, frame 8980 ran in:  12.999207496643066
Exciton, frame 8981 ran in:  13.002289056777954
Exciton, frame 8982 ran in:  13.017004251480103
Exciton, frame 8983 ran in:  12.682710409164429
Exciton, frame 8984 ran in:  12.941685199737549
Exciton, frame 8985 ran in:  12.613381624221802
Exciton, frame 8986 ran in:  12.728949546813965
Exciton, frame 8987 ran in:  12.55628252029419
Exciton, frame 8988 ran in:  13.193943977355957
Exciton, frame 8989 ran in:  13.147115707397461
Exciton, frame 8990 ran in:  12.90122389793396
Exciton, frame 8991 ran in:  12.795878887176514
Exciton, frame 8992 ran in:  12.945650339126587
Exciton, frame 8993 ran in:  12.869372844696045
Exciton, frame 8994 ran in:  12.949618339538574
Exciton, frame 8995 ran in:  12.759424924850464
Exciton, frame 8996 ran in:  12.961984634399414
Exciton, frame 8997 ran in:  12.947503328323364
Exciton, frame 8998 ran in:  13.046395778656006
Exciton, frame 8999 ran in:  13.0308678150177
Finished 'run_trajectory' in 12986.663919 secs
