cpu-bind=MASK - bp1-compute164, task 4294967295 4294967295 [0]: mask 0xd6dba6b6d6dba6b6 set
/user/home/of15641/.conda/envs/openmm/bin/python
Finished 'load_dcd_file' in 84.837916 secs
Exciton, frame 0 ran in:  18.450551748275757
Exciton, frame 1 ran in:  13.943164110183716
Exciton, frame 2 ran in:  14.211254835128784
Exciton, frame 3 ran in:  14.145322561264038
Exciton, frame 4 ran in:  13.957759857177734
Exciton, frame 5 ran in:  13.91560673713684
Exciton, frame 6 ran in:  13.960001230239868
Exciton, frame 7 ran in:  13.755970001220703
Exciton, frame 8 ran in:  14.264744997024536
Exciton, frame 9 ran in:  13.35515022277832
Exciton, frame 10 ran in:  14.00398874282837
Exciton, frame 11 ran in:  13.532816648483276
Exciton, frame 12 ran in:  13.644307136535645
Exciton, frame 13 ran in:  13.219170570373535
Exciton, frame 14 ran in:  13.911071538925171
Exciton, frame 15 ran in:  13.754865646362305
Exciton, frame 16 ran in:  13.39072036743164
Exciton, frame 17 ran in:  13.939340829849243
Exciton, frame 18 ran in:  13.997232437133789
Exciton, frame 19 ran in:  13.534335374832153
Exciton, frame 20 ran in:  13.74622654914856
Exciton, frame 21 ran in:  13.778398036956787
Exciton, frame 22 ran in:  14.221422910690308
Exciton, frame 23 ran in:  13.741630792617798
Exciton, frame 24 ran in:  13.97005844116211
Exciton, frame 25 ran in:  13.99151873588562
Exciton, frame 26 ran in:  13.83544397354126
Exciton, frame 27 ran in:  14.141887903213501
Exciton, frame 28 ran in:  13.973664999008179
Exciton, frame 29 ran in:  13.899234533309937
Exciton, frame 30 ran in:  13.840523958206177
Exciton, frame 31 ran in:  13.847482442855835
Exciton, frame 32 ran in:  13.689372301101685
Exciton, frame 33 ran in:  13.52590012550354
Exciton, frame 34 ran in:  13.478260278701782
Exciton, frame 35 ran in:  13.956564664840698
Exciton, frame 36 ran in:  14.106106281280518
Exciton, frame 37 ran in:  13.831527948379517
Exciton, frame 38 ran in:  14.182360410690308
Exciton, frame 39 ran in:  13.98030948638916
Exciton, frame 40 ran in:  14.02928113937378
Exciton, frame 41 ran in:  13.24695372581482
Exciton, frame 42 ran in:  13.520450830459595
Exciton, frame 43 ran in:  13.703299045562744
Exciton, frame 44 ran in:  14.17768907546997
Exciton, frame 45 ran in:  13.998616695404053
Exciton, frame 46 ran in:  13.82864761352539
Exciton, frame 47 ran in:  13.902625322341919
Exciton, frame 48 ran in:  14.647443056106567
Exciton, frame 49 ran in:  13.663881778717041
Exciton, frame 50 ran in:  13.853016376495361
Exciton, frame 51 ran in:  13.736993551254272
Exciton, frame 52 ran in:  13.521880626678467
Exciton, frame 53 ran in:  13.897146701812744
Exciton, frame 54 ran in:  13.941779613494873
Exciton, frame 55 ran in:  13.632968187332153
Exciton, frame 56 ran in:  13.807512760162354
Exciton, frame 57 ran in:  14.194243431091309
Exciton, frame 58 ran in:  13.825952768325806
Exciton, frame 59 ran in:  13.867265701293945
Exciton, frame 60 ran in:  13.90785551071167
Exciton, frame 61 ran in:  13.897120237350464
Exciton, frame 62 ran in:  13.63924789428711
Exciton, frame 63 ran in:  14.651947259902954
Exciton, frame 64 ran in:  13.922996759414673
Exciton, frame 65 ran in:  13.707509994506836
Exciton, frame 66 ran in:  13.71320652961731
Exciton, frame 67 ran in:  13.967417001724243
Exciton, frame 68 ran in:  13.967178106307983
Exciton, frame 69 ran in:  14.043943881988525
Exciton, frame 70 ran in:  13.922004461288452
Exciton, frame 71 ran in:  13.51842999458313
Exciton, frame 72 ran in:  13.346920490264893
Exciton, frame 73 ran in:  13.866998434066772
Exciton, frame 74 ran in:  13.918537139892578
Exciton, frame 75 ran in:  13.878337383270264
Exciton, frame 76 ran in:  13.63994026184082
Exciton, frame 77 ran in:  13.749152421951294
Exciton, frame 78 ran in:  13.730565786361694
Exciton, frame 79 ran in:  13.651906490325928
Exciton, frame 80 ran in:  13.827340126037598
Exciton, frame 81 ran in:  14.166036367416382
Exciton, frame 82 ran in:  13.885831117630005
Exciton, frame 83 ran in:  14.073066473007202
Exciton, frame 84 ran in:  13.921563148498535
Exciton, frame 85 ran in:  13.994691848754883
Exciton, frame 86 ran in:  14.249122381210327
Exciton, frame 87 ran in:  13.478664636611938
Exciton, frame 88 ran in:  13.389935493469238
Exciton, frame 89 ran in:  14.10535717010498
Exciton, frame 90 ran in:  14.14319920539856
Exciton, frame 91 ran in:  13.94583010673523
Exciton, frame 92 ran in:  14.086251258850098
Exciton, frame 93 ran in:  14.077474594116211
Exciton, frame 94 ran in:  13.823171377182007
Exciton, frame 95 ran in:  14.19260287284851
Exciton, frame 96 ran in:  13.829882860183716
Exciton, frame 97 ran in:  13.84972620010376
Exciton, frame 98 ran in:  14.086570501327515
Exciton, frame 99 ran in:  13.982831478118896
Exciton, frame 100 ran in:  14.099231004714966
Exciton, frame 101 ran in:  13.783136367797852
Exciton, frame 102 ran in:  13.950004816055298
Exciton, frame 103 ran in:  13.849174976348877
Exciton, frame 104 ran in:  13.782544136047363
Exciton, frame 105 ran in:  13.587613582611084
Exciton, frame 106 ran in:  13.972215175628662
Exciton, frame 107 ran in:  13.914761781692505
Exciton, frame 108 ran in:  13.838024854660034
Exciton, frame 109 ran in:  13.708678722381592
Exciton, frame 110 ran in:  13.9660804271698
Exciton, frame 111 ran in:  13.883132219314575
Exciton, frame 112 ran in:  14.039634466171265
Exciton, frame 113 ran in:  13.927756309509277
Exciton, frame 114 ran in:  13.632762670516968
Exciton, frame 115 ran in:  13.995375871658325
Exciton, frame 116 ran in:  13.78283429145813
Exciton, frame 117 ran in:  13.644571304321289
Exciton, frame 118 ran in:  13.603265047073364
Exciton, frame 119 ran in:  13.798924207687378
Exciton, frame 120 ran in:  14.075667142868042
Exciton, frame 121 ran in:  14.193097829818726
Exciton, frame 122 ran in:  14.063843011856079
Exciton, frame 123 ran in:  14.017477989196777
Exciton, frame 124 ran in:  14.138617992401123
Exciton, frame 125 ran in:  14.17979645729065
Exciton, frame 126 ran in:  13.484162092208862
Exciton, frame 127 ran in:  13.868817329406738
Exciton, frame 128 ran in:  14.089260816574097
Exciton, frame 129 ran in:  14.12917685508728
Exciton, frame 130 ran in:  13.905492544174194
Exciton, frame 131 ran in:  13.75512981414795
Exciton, frame 132 ran in:  14.051862955093384
Exciton, frame 133 ran in:  13.648617267608643
Exciton, frame 134 ran in:  13.877525806427002
Exciton, frame 135 ran in:  13.64855694770813
Exciton, frame 136 ran in:  13.64523196220398
Exciton, frame 137 ran in:  14.00422215461731
Exciton, frame 138 ran in:  14.182922840118408
Exciton, frame 139 ran in:  13.700587034225464
Exciton, frame 140 ran in:  13.720855712890625
Exciton, frame 141 ran in:  14.038165807723999
Exciton, frame 142 ran in:  13.99153757095337
Exciton, frame 143 ran in:  14.014673233032227
Exciton, frame 144 ran in:  13.690155982971191
Exciton, frame 145 ran in:  13.87077784538269
Exciton, frame 146 ran in:  13.760058641433716
Exciton, frame 147 ran in:  14.176129817962646
Exciton, frame 148 ran in:  14.0193932056427
Exciton, frame 149 ran in:  14.012017965316772
Exciton, frame 150 ran in:  13.87387728691101
Exciton, frame 151 ran in:  13.576072216033936
Exciton, frame 152 ran in:  13.830766201019287
Exciton, frame 153 ran in:  13.978670835494995
Exciton, frame 154 ran in:  13.945412874221802
Exciton, frame 155 ran in:  13.779119968414307
Exciton, frame 156 ran in:  13.946065425872803
Exciton, frame 157 ran in:  13.564655303955078
Exciton, frame 158 ran in:  13.528674840927124
Exciton, frame 159 ran in:  13.769942998886108
Exciton, frame 160 ran in:  13.504345178604126
Exciton, frame 161 ran in:  14.024275302886963
Exciton, frame 162 ran in:  13.660901546478271
Exciton, frame 163 ran in:  13.66691255569458
Exciton, frame 164 ran in:  13.793255090713501
Exciton, frame 165 ran in:  13.69710087776184
Exciton, frame 166 ran in:  13.936972618103027
Exciton, frame 167 ran in:  13.653684377670288
Exciton, frame 168 ran in:  13.759512901306152
Exciton, frame 169 ran in:  13.835887432098389
Exciton, frame 170 ran in:  13.645132303237915
Exciton, frame 171 ran in:  13.70314621925354
Exciton, frame 172 ran in:  13.734885454177856
Exciton, frame 173 ran in:  13.852447986602783
Exciton, frame 174 ran in:  13.80074143409729
Exciton, frame 175 ran in:  13.682406425476074
Exciton, frame 176 ran in:  13.722156047821045
Exciton, frame 177 ran in:  13.767921447753906
Exciton, frame 178 ran in:  13.629950761795044
Exciton, frame 179 ran in:  13.837171077728271
Exciton, frame 180 ran in:  13.557090282440186
Exciton, frame 181 ran in:  13.896539211273193
Exciton, frame 182 ran in:  13.814126014709473
Exciton, frame 183 ran in:  13.61203145980835
Exciton, frame 184 ran in:  13.87354040145874
Exciton, frame 185 ran in:  13.912585735321045
Exciton, frame 186 ran in:  13.577110290527344
Exciton, frame 187 ran in:  14.20896601676941
Exciton, frame 188 ran in:  13.600531339645386
Exciton, frame 189 ran in:  13.88756537437439
Exciton, frame 190 ran in:  13.57017731666565
Exciton, frame 191 ran in:  13.828818559646606
Exciton, frame 192 ran in:  13.580012559890747
Exciton, frame 193 ran in:  13.66108751296997
Exciton, frame 194 ran in:  13.641781330108643
Exciton, frame 195 ran in:  13.717068433761597
Exciton, frame 196 ran in:  13.493539094924927
Exciton, frame 197 ran in:  13.747644901275635
Exciton, frame 198 ran in:  14.103984117507935
Exciton, frame 199 ran in:  13.86851978302002
Exciton, frame 200 ran in:  13.773892641067505
Exciton, frame 201 ran in:  13.919595003128052
Exciton, frame 202 ran in:  13.750383853912354
Exciton, frame 203 ran in:  13.871453762054443
Exciton, frame 204 ran in:  13.758267641067505
Exciton, frame 205 ran in:  13.811453104019165
Exciton, frame 206 ran in:  13.588942766189575
Exciton, frame 207 ran in:  14.251311302185059
Exciton, frame 208 ran in:  13.905102014541626
Exciton, frame 209 ran in:  13.71095061302185
Exciton, frame 210 ran in:  13.907014608383179
Exciton, frame 211 ran in:  14.122763395309448
Exciton, frame 212 ran in:  13.838232517242432
Exciton, frame 213 ran in:  13.998489618301392
Exciton, frame 214 ran in:  13.504036664962769
Exciton, frame 215 ran in:  13.90933108329773
Exciton, frame 216 ran in:  13.793052911758423
Exciton, frame 217 ran in:  13.84918737411499
Exciton, frame 218 ran in:  14.009459972381592
Exciton, frame 219 ran in:  13.65877366065979
Exciton, frame 220 ran in:  13.696688413619995
Exciton, frame 221 ran in:  13.76511287689209
Exciton, frame 222 ran in:  13.73384714126587
Exciton, frame 223 ran in:  13.807904481887817
Exciton, frame 224 ran in:  13.948228359222412
Exciton, frame 225 ran in:  13.733755588531494
Exciton, frame 226 ran in:  13.884992837905884
Exciton, frame 227 ran in:  13.573874711990356
Exciton, frame 228 ran in:  13.612065553665161
Exciton, frame 229 ran in:  13.828974962234497
Exciton, frame 230 ran in:  14.001311302185059
Exciton, frame 231 ran in:  14.258629083633423
Exciton, frame 232 ran in:  13.84723687171936
Exciton, frame 233 ran in:  13.797566175460815
Exciton, frame 234 ran in:  13.584824800491333
Exciton, frame 235 ran in:  13.938024520874023
Exciton, frame 236 ran in:  13.83339548110962
Exciton, frame 237 ran in:  13.908380031585693
Exciton, frame 238 ran in:  13.802215099334717
Exciton, frame 239 ran in:  13.571706056594849
Exciton, frame 240 ran in:  13.7623929977417
Exciton, frame 241 ran in:  13.727328777313232
Exciton, frame 242 ran in:  13.969607591629028
Exciton, frame 243 ran in:  13.646427631378174
Exciton, frame 244 ran in:  13.821015357971191
Exciton, frame 245 ran in:  13.778043746948242
Exciton, frame 246 ran in:  13.960087299346924
Exciton, frame 247 ran in:  13.710411787033081
Exciton, frame 248 ran in:  13.855897426605225
Exciton, frame 249 ran in:  13.791115283966064
Exciton, frame 250 ran in:  13.772668600082397
Exciton, frame 251 ran in:  13.937921524047852
Exciton, frame 252 ran in:  13.918182134628296
Exciton, frame 253 ran in:  13.877711772918701
Exciton, frame 254 ran in:  13.95647931098938
Exciton, frame 255 ran in:  13.62129259109497
Exciton, frame 256 ran in:  13.680115222930908
Exciton, frame 257 ran in:  13.80656886100769
Exciton, frame 258 ran in:  14.033055543899536
Exciton, frame 259 ran in:  13.79079794883728
Exciton, frame 260 ran in:  13.732180118560791
Exciton, frame 261 ran in:  13.771758317947388
Exciton, frame 262 ran in:  13.656959295272827
Exciton, frame 263 ran in:  13.723560333251953
Exciton, frame 264 ran in:  13.71640920639038
Exciton, frame 265 ran in:  14.02004098892212
Exciton, frame 266 ran in:  13.73535442352295
Exciton, frame 267 ran in:  13.98750638961792
Exciton, frame 268 ran in:  13.743725538253784
Exciton, frame 269 ran in:  13.78489065170288
Exciton, frame 270 ran in:  13.71613883972168
Exciton, frame 271 ran in:  13.76216983795166
Exciton, frame 272 ran in:  13.93371033668518
Exciton, frame 273 ran in:  13.792535066604614
Exciton, frame 274 ran in:  13.593207359313965
Exciton, frame 275 ran in:  13.490791082382202
Exciton, frame 276 ran in:  13.942057847976685
Exciton, frame 277 ran in:  13.742053270339966
Exciton, frame 278 ran in:  13.627857685089111
Exciton, frame 279 ran in:  13.727831363677979
Exciton, frame 280 ran in:  14.031112670898438
Exciton, frame 281 ran in:  13.614891767501831
Exciton, frame 282 ran in:  13.626224517822266
Exciton, frame 283 ran in:  14.115495681762695
Exciton, frame 284 ran in:  13.661683559417725
Exciton, frame 285 ran in:  13.827045202255249
Exciton, frame 286 ran in:  13.746229648590088
Exciton, frame 287 ran in:  13.811830282211304
Exciton, frame 288 ran in:  13.7903151512146
Exciton, frame 289 ran in:  13.820487976074219
Exciton, frame 290 ran in:  13.819446563720703
Exciton, frame 291 ran in:  13.502158880233765
Exciton, frame 292 ran in:  14.046523332595825
Exciton, frame 293 ran in:  14.089257717132568
Exciton, frame 294 ran in:  13.839931964874268
Exciton, frame 295 ran in:  13.670993089675903
Exciton, frame 296 ran in:  14.07778286933899
Exciton, frame 297 ran in:  13.899170160293579
Exciton, frame 298 ran in:  13.724949359893799
Exciton, frame 299 ran in:  13.632957935333252
Exciton, frame 300 ran in:  13.654376745223999
Exciton, frame 301 ran in:  13.706396579742432
Exciton, frame 302 ran in:  13.832870960235596
Exciton, frame 303 ran in:  13.737700462341309
Exciton, frame 304 ran in:  13.71378779411316
Exciton, frame 305 ran in:  13.607283115386963
Exciton, frame 306 ran in:  13.769430160522461
Exciton, frame 307 ran in:  13.92831015586853
Exciton, frame 308 ran in:  13.930803537368774
Exciton, frame 309 ran in:  13.935552597045898
Exciton, frame 310 ran in:  14.00444221496582
Exciton, frame 311 ran in:  13.769464492797852
Exciton, frame 312 ran in:  13.610376358032227
Exciton, frame 313 ran in:  13.744863033294678
Exciton, frame 314 ran in:  13.631709337234497
Exciton, frame 315 ran in:  14.10607385635376
Exciton, frame 316 ran in:  13.925525903701782
Exciton, frame 317 ran in:  13.937726974487305
Exciton, frame 318 ran in:  13.807255744934082
Exciton, frame 319 ran in:  13.728311538696289
Exciton, frame 320 ran in:  13.967799425125122
Exciton, frame 321 ran in:  13.775421142578125
Exciton, frame 322 ran in:  13.971903800964355
Exciton, frame 323 ran in:  13.641738891601562
Exciton, frame 324 ran in:  13.60381007194519
Exciton, frame 325 ran in:  13.54399037361145
Exciton, frame 326 ran in:  13.915844202041626
Exciton, frame 327 ran in:  13.859038352966309
Exciton, frame 328 ran in:  14.046444177627563
Exciton, frame 329 ran in:  14.062175273895264
Exciton, frame 330 ran in:  13.612807035446167
Exciton, frame 331 ran in:  13.857261419296265
Exciton, frame 332 ran in:  13.641945362091064
Exciton, frame 333 ran in:  13.479213953018188
Exciton, frame 334 ran in:  13.86417531967163
Exciton, frame 335 ran in:  13.736158847808838
Exciton, frame 336 ran in:  13.58989691734314
Exciton, frame 337 ran in:  13.839269399642944
Exciton, frame 338 ran in:  13.911731719970703
Exciton, frame 339 ran in:  13.757869720458984
Exciton, frame 340 ran in:  14.198779344558716
Exciton, frame 341 ran in:  14.106875658035278
Exciton, frame 342 ran in:  13.679651975631714
Exciton, frame 343 ran in:  13.775347232818604
Exciton, frame 344 ran in:  13.685943841934204
Exciton, frame 345 ran in:  13.599438190460205
Exciton, frame 346 ran in:  13.812442302703857
Exciton, frame 347 ran in:  13.745445489883423
Exciton, frame 348 ran in:  13.882843494415283
Exciton, frame 349 ran in:  13.739923000335693
Exciton, frame 350 ran in:  13.599478483200073
Exciton, frame 351 ran in:  13.688999891281128
Exciton, frame 352 ran in:  13.786953687667847
Exciton, frame 353 ran in:  13.77335238456726
Exciton, frame 354 ran in:  14.082656383514404
Exciton, frame 355 ran in:  13.914631128311157
Exciton, frame 356 ran in:  13.69005537033081
Exciton, frame 357 ran in:  13.718892574310303
Exciton, frame 358 ran in:  13.857722997665405
Exciton, frame 359 ran in:  14.154315710067749
Exciton, frame 360 ran in:  13.878947496414185
Exciton, frame 361 ran in:  13.748801708221436
Exciton, frame 362 ran in:  13.965617656707764
Exciton, frame 363 ran in:  13.96739912033081
Exciton, frame 364 ran in:  13.695851564407349
Exciton, frame 365 ran in:  13.893240690231323
Exciton, frame 366 ran in:  13.706084966659546
Exciton, frame 367 ran in:  13.780681371688843
Exciton, frame 368 ran in:  13.701027154922485
Exciton, frame 369 ran in:  13.796335697174072
Exciton, frame 370 ran in:  13.696518182754517
Exciton, frame 371 ran in:  13.842921495437622
Exciton, frame 372 ran in:  13.663322925567627
Exciton, frame 373 ran in:  13.729383707046509
Exciton, frame 374 ran in:  14.079430103302002
Exciton, frame 375 ran in:  13.565738439559937
Exciton, frame 376 ran in:  13.699596405029297
Exciton, frame 377 ran in:  13.708820104598999
Exciton, frame 378 ran in:  13.80343222618103
Exciton, frame 379 ran in:  13.674839735031128
Exciton, frame 380 ran in:  13.755298852920532
Exciton, frame 381 ran in:  13.81097960472107
Exciton, frame 382 ran in:  13.742918968200684
Exciton, frame 383 ran in:  13.869739055633545
Exciton, frame 384 ran in:  14.05165696144104
Exciton, frame 385 ran in:  13.690649032592773
Exciton, frame 386 ran in:  13.576796293258667
Exciton, frame 387 ran in:  14.046298027038574
Exciton, frame 388 ran in:  13.796818494796753
Exciton, frame 389 ran in:  13.861768007278442
Exciton, frame 390 ran in:  13.683183670043945
Exciton, frame 391 ran in:  13.959801435470581
Exciton, frame 392 ran in:  13.738332748413086
Exciton, frame 393 ran in:  13.68929934501648
Exciton, frame 394 ran in:  13.872661590576172
Exciton, frame 395 ran in:  14.288148641586304
Exciton, frame 396 ran in:  13.79283332824707
Exciton, frame 397 ran in:  14.108620405197144
Exciton, frame 398 ran in:  13.73678207397461
Exciton, frame 399 ran in:  13.863325357437134
Exciton, frame 400 ran in:  13.728532314300537
Exciton, frame 401 ran in:  13.890298128128052
Exciton, frame 402 ran in:  13.70651125907898
Exciton, frame 403 ran in:  13.813247442245483
Exciton, frame 404 ran in:  13.658314943313599
Exciton, frame 405 ran in:  13.479437351226807
Exciton, frame 406 ran in:  13.770992994308472
Exciton, frame 407 ran in:  13.93558931350708
Exciton, frame 408 ran in:  13.745823383331299
Exciton, frame 409 ran in:  13.534490823745728
Exciton, frame 410 ran in:  13.66225814819336
Exciton, frame 411 ran in:  13.97017216682434
Exciton, frame 412 ran in:  14.093119144439697
Exciton, frame 413 ran in:  13.500284671783447
Exciton, frame 414 ran in:  13.493627071380615
Exciton, frame 415 ran in:  13.788256883621216
Exciton, frame 416 ran in:  13.537060260772705
Exciton, frame 417 ran in:  13.99141550064087
Exciton, frame 418 ran in:  13.71587324142456
Exciton, frame 419 ran in:  14.100742101669312
Exciton, frame 420 ran in:  14.013175964355469
Exciton, frame 421 ran in:  14.016226530075073
Exciton, frame 422 ran in:  13.872061252593994
Exciton, frame 423 ran in:  13.705459356307983
Exciton, frame 424 ran in:  13.818118572235107
Exciton, frame 425 ran in:  13.882961988449097
Exciton, frame 426 ran in:  13.446777820587158
Exciton, frame 427 ran in:  14.038655996322632
Exciton, frame 428 ran in:  13.739647626876831
Exciton, frame 429 ran in:  14.003509998321533
Exciton, frame 430 ran in:  13.815414667129517
Exciton, frame 431 ran in:  13.662640810012817
Exciton, frame 432 ran in:  13.818042039871216
Exciton, frame 433 ran in:  13.935070514678955
Exciton, frame 434 ran in:  13.805759906768799
Exciton, frame 435 ran in:  13.6161208152771
Exciton, frame 436 ran in:  13.68232798576355
Exciton, frame 437 ran in:  13.591642379760742
Exciton, frame 438 ran in:  13.446016550064087
Exciton, frame 439 ran in:  14.00388240814209
Exciton, frame 440 ran in:  13.881303071975708
Exciton, frame 441 ran in:  13.713409423828125
Exciton, frame 442 ran in:  13.906951427459717
Exciton, frame 443 ran in:  13.887706756591797
Exciton, frame 444 ran in:  13.658829927444458
Exciton, frame 445 ran in:  13.714008808135986
Exciton, frame 446 ran in:  14.09236216545105
Exciton, frame 447 ran in:  13.828143119812012
Exciton, frame 448 ran in:  13.866057634353638
Exciton, frame 449 ran in:  13.642473220825195
Exciton, frame 450 ran in:  14.146038055419922
Exciton, frame 451 ran in:  13.696223497390747
Exciton, frame 452 ran in:  13.831889867782593
Exciton, frame 453 ran in:  13.708245515823364
Exciton, frame 454 ran in:  13.752046823501587
Exciton, frame 455 ran in:  13.928056240081787
Exciton, frame 456 ran in:  13.780383348464966
Exciton, frame 457 ran in:  13.764451265335083
Exciton, frame 458 ran in:  13.710253953933716
Exciton, frame 459 ran in:  13.744117021560669
Exciton, frame 460 ran in:  13.663999557495117
Exciton, frame 461 ran in:  13.676082611083984
Exciton, frame 462 ran in:  13.862561464309692
Exciton, frame 463 ran in:  13.713266134262085
Exciton, frame 464 ran in:  13.889203310012817
Exciton, frame 465 ran in:  14.008433103561401
Exciton, frame 466 ran in:  13.899930715560913
Exciton, frame 467 ran in:  13.618673324584961
Exciton, frame 468 ran in:  13.775423288345337
Exciton, frame 469 ran in:  13.677000045776367
Exciton, frame 470 ran in:  13.798128604888916
Exciton, frame 471 ran in:  13.53401231765747
Exciton, frame 472 ran in:  13.839277029037476
Exciton, frame 473 ran in:  13.46009373664856
Exciton, frame 474 ran in:  13.91190767288208
Exciton, frame 475 ran in:  13.654542446136475
Exciton, frame 476 ran in:  13.766784429550171
Exciton, frame 477 ran in:  13.695625305175781
Exciton, frame 478 ran in:  13.70933747291565
Exciton, frame 479 ran in:  13.69901418685913
Exciton, frame 480 ran in:  13.886356353759766
Exciton, frame 481 ran in:  13.707210063934326
Exciton, frame 482 ran in:  13.985845565795898
Exciton, frame 483 ran in:  13.848248958587646
Exciton, frame 484 ran in:  13.467990398406982
Exciton, frame 485 ran in:  13.70954442024231
Exciton, frame 486 ran in:  13.973774433135986
Exciton, frame 487 ran in:  13.665569305419922
Exciton, frame 488 ran in:  13.455169916152954
Exciton, frame 489 ran in:  13.851082801818848
Exciton, frame 490 ran in:  13.89366340637207
Exciton, frame 491 ran in:  13.642788887023926
Exciton, frame 492 ran in:  14.005876541137695
Exciton, frame 493 ran in:  13.852591514587402
Exciton, frame 494 ran in:  13.869241952896118
Exciton, frame 495 ran in:  13.803839683532715
Exciton, frame 496 ran in:  13.84403657913208
Exciton, frame 497 ran in:  13.546006917953491
Exciton, frame 498 ran in:  13.936790943145752
Exciton, frame 499 ran in:  13.77891755104065
Exciton, frame 500 ran in:  13.901533365249634
Exciton, frame 501 ran in:  13.641554832458496
Exciton, frame 502 ran in:  13.512501001358032
Exciton, frame 503 ran in:  13.558707237243652
Exciton, frame 504 ran in:  13.854453325271606
Exciton, frame 505 ran in:  13.780083179473877
Exciton, frame 506 ran in:  14.065120935440063
Exciton, frame 507 ran in:  13.830023527145386
Exciton, frame 508 ran in:  13.986634492874146
Exciton, frame 509 ran in:  13.857221364974976
Exciton, frame 510 ran in:  14.115090370178223
Exciton, frame 511 ran in:  13.899996757507324
Exciton, frame 512 ran in:  13.711944818496704
Exciton, frame 513 ran in:  13.676512718200684
Exciton, frame 514 ran in:  13.571370124816895
Exciton, frame 515 ran in:  13.947931051254272
Exciton, frame 516 ran in:  13.993412256240845
Exciton, frame 517 ran in:  13.827323198318481
Exciton, frame 518 ran in:  13.885571002960205
Exciton, frame 519 ran in:  13.80551266670227
Exciton, frame 520 ran in:  13.547258377075195
Exciton, frame 521 ran in:  13.945765495300293
Exciton, frame 522 ran in:  13.694029808044434
Exciton, frame 523 ran in:  13.857100486755371
Exciton, frame 524 ran in:  13.934414386749268
Exciton, frame 525 ran in:  13.653991937637329
Exciton, frame 526 ran in:  13.655718564987183
Exciton, frame 527 ran in:  13.71100640296936
Exciton, frame 528 ran in:  13.485852003097534
Exciton, frame 529 ran in:  13.809916973114014
Exciton, frame 530 ran in:  13.707521200180054
Exciton, frame 531 ran in:  13.380485534667969
Exciton, frame 532 ran in:  13.654999732971191
Exciton, frame 533 ran in:  13.990240573883057
Exciton, frame 534 ran in:  13.595104455947876
Exciton, frame 535 ran in:  13.621358871459961
Exciton, frame 536 ran in:  13.951469659805298
Exciton, frame 537 ran in:  14.011223554611206
Exciton, frame 538 ran in:  13.779401779174805
Exciton, frame 539 ran in:  13.746184349060059
Exciton, frame 540 ran in:  13.559508323669434
Exciton, frame 541 ran in:  13.679835081100464
Exciton, frame 542 ran in:  13.951275825500488
Exciton, frame 543 ran in:  13.78535532951355
Exciton, frame 544 ran in:  13.891708612442017
Exciton, frame 545 ran in:  13.763157606124878
Exciton, frame 546 ran in:  13.86168885231018
Exciton, frame 547 ran in:  13.561590909957886
Exciton, frame 548 ran in:  13.715387344360352
Exciton, frame 549 ran in:  13.739345788955688
Exciton, frame 550 ran in:  13.871802568435669
Exciton, frame 551 ran in:  13.705621480941772
Exciton, frame 552 ran in:  13.708704948425293
Exciton, frame 553 ran in:  13.754163980484009
Exciton, frame 554 ran in:  13.899417638778687
Exciton, frame 555 ran in:  13.503918409347534
Exciton, frame 556 ran in:  13.937814474105835
Exciton, frame 557 ran in:  13.582209348678589
Exciton, frame 558 ran in:  13.713564157485962
Exciton, frame 559 ran in:  13.69885540008545
Exciton, frame 560 ran in:  13.798795700073242
Exciton, frame 561 ran in:  13.96923565864563
Exciton, frame 562 ran in:  13.610384702682495
Exciton, frame 563 ran in:  14.138046741485596
Exciton, frame 564 ran in:  13.606929063796997
Exciton, frame 565 ran in:  14.082334280014038
Exciton, frame 566 ran in:  13.980543375015259
Exciton, frame 567 ran in:  13.345645189285278
Exciton, frame 568 ran in:  13.578429937362671
Exciton, frame 569 ran in:  13.710158824920654
Exciton, frame 570 ran in:  13.868905782699585
Exciton, frame 571 ran in:  13.670098304748535
Exciton, frame 572 ran in:  13.58003044128418
Exciton, frame 573 ran in:  13.806212902069092
Exciton, frame 574 ran in:  13.765629768371582
Exciton, frame 575 ran in:  13.92431116104126
Exciton, frame 576 ran in:  13.644985914230347
Exciton, frame 577 ran in:  13.670747518539429
Exciton, frame 578 ran in:  13.753808975219727
Exciton, frame 579 ran in:  13.73721981048584
Exciton, frame 580 ran in:  13.662649393081665
Exciton, frame 581 ran in:  14.03714632987976
Exciton, frame 582 ran in:  13.542405128479004
Exciton, frame 583 ran in:  13.667199611663818
Exciton, frame 584 ran in:  13.61651349067688
Exciton, frame 585 ran in:  13.875945568084717
Exciton, frame 586 ran in:  14.023608446121216
Exciton, frame 587 ran in:  13.962143421173096
Exciton, frame 588 ran in:  13.681236028671265
Exciton, frame 589 ran in:  13.799302101135254
Exciton, frame 590 ran in:  13.6239755153656
Exciton, frame 591 ran in:  13.671027898788452
Exciton, frame 592 ran in:  13.698676824569702
Exciton, frame 593 ran in:  13.722766637802124
Exciton, frame 594 ran in:  13.842126607894897
Exciton, frame 595 ran in:  13.987980127334595
Exciton, frame 596 ran in:  13.715270757675171
Exciton, frame 597 ran in:  13.840891361236572
Exciton, frame 598 ran in:  14.038736581802368
Exciton, frame 599 ran in:  13.990872383117676
Exciton, frame 600 ran in:  13.814465045928955
Exciton, frame 601 ran in:  13.993471145629883
Exciton, frame 602 ran in:  13.773686647415161
Exciton, frame 603 ran in:  13.891581058502197
Exciton, frame 604 ran in:  13.65723991394043
Exciton, frame 605 ran in:  14.004199266433716
Exciton, frame 606 ran in:  13.619151830673218
Exciton, frame 607 ran in:  13.84683632850647
Exciton, frame 608 ran in:  13.682300806045532
Exciton, frame 609 ran in:  13.722103357315063
Exciton, frame 610 ran in:  13.796325206756592
Exciton, frame 611 ran in:  14.050142765045166
Exciton, frame 612 ran in:  14.046971321105957
Exciton, frame 613 ran in:  13.51724624633789
Exciton, frame 614 ran in:  13.659351587295532
Exciton, frame 615 ran in:  13.580500841140747
Exciton, frame 616 ran in:  13.575331449508667
Exciton, frame 617 ran in:  13.618128061294556
Exciton, frame 618 ran in:  13.688730716705322
Exciton, frame 619 ran in:  13.706870794296265
Exciton, frame 620 ran in:  13.917334794998169
Exciton, frame 621 ran in:  13.636688470840454
Exciton, frame 622 ran in:  13.868195056915283
Exciton, frame 623 ran in:  13.96552324295044
Exciton, frame 624 ran in:  13.941869497299194
Exciton, frame 625 ran in:  13.789507389068604
Exciton, frame 626 ran in:  13.570319175720215
Exciton, frame 627 ran in:  13.558579206466675
Exciton, frame 628 ran in:  13.808369874954224
Exciton, frame 629 ran in:  13.984362125396729
Exciton, frame 630 ran in:  13.639344215393066
Exciton, frame 631 ran in:  13.80038046836853
Exciton, frame 632 ran in:  13.698904037475586
Exciton, frame 633 ran in:  13.978528499603271
Exciton, frame 634 ran in:  14.05743932723999
Exciton, frame 635 ran in:  13.630891561508179
Exciton, frame 636 ran in:  13.735688924789429
Exciton, frame 637 ran in:  13.592754364013672
Exciton, frame 638 ran in:  13.86906909942627
Exciton, frame 639 ran in:  13.5581796169281
Exciton, frame 640 ran in:  13.819069623947144
Exciton, frame 641 ran in:  13.734509706497192
Exciton, frame 642 ran in:  13.782665967941284
Exciton, frame 643 ran in:  13.951808452606201
Exciton, frame 644 ran in:  14.025524854660034
Exciton, frame 645 ran in:  13.954397201538086
Exciton, frame 646 ran in:  14.05842638015747
Exciton, frame 647 ran in:  14.055990934371948
Exciton, frame 648 ran in:  13.679274320602417
Exciton, frame 649 ran in:  13.994098663330078
Exciton, frame 650 ran in:  14.05980396270752
Exciton, frame 651 ran in:  13.529507160186768
Exciton, frame 652 ran in:  13.620118856430054
Exciton, frame 653 ran in:  13.522705316543579
Exciton, frame 654 ran in:  13.838528633117676
Exciton, frame 655 ran in:  13.887511968612671
Exciton, frame 656 ran in:  13.888218879699707
Exciton, frame 657 ran in:  13.905688524246216
Exciton, frame 658 ran in:  13.877872705459595
Exciton, frame 659 ran in:  13.698006391525269
Exciton, frame 660 ran in:  13.823159456253052
Exciton, frame 661 ran in:  13.670123100280762
Exciton, frame 662 ran in:  13.835388660430908
Exciton, frame 663 ran in:  13.772822856903076
Exciton, frame 664 ran in:  13.67990231513977
Exciton, frame 665 ran in:  13.969932317733765
Exciton, frame 666 ran in:  13.832590579986572
Exciton, frame 667 ran in:  13.540420770645142
Exciton, frame 668 ran in:  13.708787202835083
Exciton, frame 669 ran in:  13.784990310668945
Exciton, frame 670 ran in:  13.823334455490112
Exciton, frame 671 ran in:  13.617013216018677
Exciton, frame 672 ran in:  14.053251504898071
Exciton, frame 673 ran in:  13.652198553085327
Exciton, frame 674 ran in:  13.560391187667847
Exciton, frame 675 ran in:  13.534099578857422
Exciton, frame 676 ran in:  13.68650507926941
Exciton, frame 677 ran in:  13.593771934509277
Exciton, frame 678 ran in:  13.89521074295044
Exciton, frame 679 ran in:  13.890870332717896
Exciton, frame 680 ran in:  13.88555645942688
Exciton, frame 681 ran in:  13.759044408798218
Exciton, frame 682 ran in:  13.733686447143555
Exciton, frame 683 ran in:  13.461697340011597
Exciton, frame 684 ran in:  13.744288682937622
Exciton, frame 685 ran in:  13.482782125473022
Exciton, frame 686 ran in:  13.703951120376587
Exciton, frame 687 ran in:  13.86463475227356
Exciton, frame 688 ran in:  13.713082313537598
Exciton, frame 689 ran in:  13.63782548904419
Exciton, frame 690 ran in:  13.460199117660522
Exciton, frame 691 ran in:  13.606081008911133
Exciton, frame 692 ran in:  13.538872718811035
Exciton, frame 693 ran in:  13.696955442428589
Exciton, frame 694 ran in:  13.815338850021362
Exciton, frame 695 ran in:  13.934634447097778
Exciton, frame 696 ran in:  13.86338210105896
Exciton, frame 697 ran in:  13.643233299255371
Exciton, frame 698 ran in:  13.923171043395996
Exciton, frame 699 ran in:  13.381879806518555
Exciton, frame 700 ran in:  13.779273748397827
Exciton, frame 701 ran in:  14.08053731918335
Exciton, frame 702 ran in:  13.913869380950928
Exciton, frame 703 ran in:  13.655078411102295
Exciton, frame 704 ran in:  13.839371681213379
Exciton, frame 705 ran in:  13.634857654571533
Exciton, frame 706 ran in:  13.67049789428711
Exciton, frame 707 ran in:  13.819652318954468
Exciton, frame 708 ran in:  13.778166770935059
Exciton, frame 709 ran in:  13.852324724197388
Exciton, frame 710 ran in:  13.57519268989563
Exciton, frame 711 ran in:  14.033523797988892
Exciton, frame 712 ran in:  13.918709993362427
Exciton, frame 713 ran in:  13.823525190353394
Exciton, frame 714 ran in:  13.792397022247314
Exciton, frame 715 ran in:  13.84714674949646
Exciton, frame 716 ran in:  13.88316798210144
Exciton, frame 717 ran in:  13.920264959335327
Exciton, frame 718 ran in:  13.622897863388062
Exciton, frame 719 ran in:  13.722146987915039
Exciton, frame 720 ran in:  13.769967794418335
Exciton, frame 721 ran in:  13.557631731033325
Exciton, frame 722 ran in:  13.947089195251465
Exciton, frame 723 ran in:  13.909782648086548
Exciton, frame 724 ran in:  13.864014863967896
Exciton, frame 725 ran in:  13.778218269348145
Exciton, frame 726 ran in:  13.920602560043335
Exciton, frame 727 ran in:  13.70196795463562
Exciton, frame 728 ran in:  13.685218811035156
Exciton, frame 729 ran in:  13.713509321212769
Exciton, frame 730 ran in:  13.56994080543518
Exciton, frame 731 ran in:  13.651378870010376
Exciton, frame 732 ran in:  13.993583679199219
Exciton, frame 733 ran in:  13.82652497291565
Exciton, frame 734 ran in:  13.645321130752563
Exciton, frame 735 ran in:  13.612486362457275
Exciton, frame 736 ran in:  13.528088569641113
Exciton, frame 737 ran in:  13.929964542388916
Exciton, frame 738 ran in:  13.536592721939087
Exciton, frame 739 ran in:  13.602149248123169
Exciton, frame 740 ran in:  13.841856241226196
Exciton, frame 741 ran in:  13.67323637008667
Exciton, frame 742 ran in:  13.932610511779785
Exciton, frame 743 ran in:  13.592150926589966
Exciton, frame 744 ran in:  13.48438286781311
Exciton, frame 745 ran in:  14.066203355789185
Exciton, frame 746 ran in:  13.92261004447937
Exciton, frame 747 ran in:  13.669845819473267
Exciton, frame 748 ran in:  13.837255954742432
Exciton, frame 749 ran in:  13.798519849777222
Exciton, frame 750 ran in:  13.704346895217896
Exciton, frame 751 ran in:  13.607401609420776
Exciton, frame 752 ran in:  13.742716789245605
Exciton, frame 753 ran in:  13.885284423828125
Exciton, frame 754 ran in:  13.587769985198975
Exciton, frame 755 ran in:  13.606990098953247
Exciton, frame 756 ran in:  13.940671443939209
Exciton, frame 757 ran in:  13.883744478225708
Exciton, frame 758 ran in:  13.963165283203125
Exciton, frame 759 ran in:  13.563326358795166
Exciton, frame 760 ran in:  13.782161474227905
Exciton, frame 761 ran in:  13.796884775161743
Exciton, frame 762 ran in:  13.846034288406372
Exciton, frame 763 ran in:  13.85682988166809
Exciton, frame 764 ran in:  13.77829885482788
Exciton, frame 765 ran in:  13.91134238243103
Exciton, frame 766 ran in:  13.725650548934937
Exciton, frame 767 ran in:  13.63204312324524
Exciton, frame 768 ran in:  13.9244544506073
Exciton, frame 769 ran in:  13.777033805847168
Exciton, frame 770 ran in:  13.654586791992188
Exciton, frame 771 ran in:  13.771442413330078
Exciton, frame 772 ran in:  13.629199981689453
Exciton, frame 773 ran in:  13.806462526321411
Exciton, frame 774 ran in:  13.819320678710938
Exciton, frame 775 ran in:  13.828291893005371
Exciton, frame 776 ran in:  13.539938688278198
Exciton, frame 777 ran in:  13.48791790008545
Exciton, frame 778 ran in:  13.939062595367432
Exciton, frame 779 ran in:  13.916068077087402
Exciton, frame 780 ran in:  13.861865758895874
Exciton, frame 781 ran in:  14.056873798370361
Exciton, frame 782 ran in:  13.794537782669067
Exciton, frame 783 ran in:  13.902767896652222
Exciton, frame 784 ran in:  13.967418909072876
Exciton, frame 785 ran in:  13.70681619644165
Exciton, frame 786 ran in:  13.631230592727661
Exciton, frame 787 ran in:  13.6688871383667
Exciton, frame 788 ran in:  13.637078523635864
Exciton, frame 789 ran in:  13.9853515625
Exciton, frame 790 ran in:  13.99092173576355
Exciton, frame 791 ran in:  13.725563287734985
Exciton, frame 792 ran in:  13.788946151733398
Exciton, frame 793 ran in:  13.564246892929077
Exciton, frame 794 ran in:  13.93827509880066
Exciton, frame 795 ran in:  14.021085977554321
Exciton, frame 796 ran in:  14.03643536567688
Exciton, frame 797 ran in:  13.79523515701294
Exciton, frame 798 ran in:  13.81237530708313
Exciton, frame 799 ran in:  13.846155881881714
Exciton, frame 800 ran in:  13.857178449630737
Exciton, frame 801 ran in:  13.610676050186157
Exciton, frame 802 ran in:  13.975105285644531
Exciton, frame 803 ran in:  13.743903398513794
Exciton, frame 804 ran in:  13.90397834777832
Exciton, frame 805 ran in:  13.688505172729492
Exciton, frame 806 ran in:  13.632994890213013
Exciton, frame 807 ran in:  13.493722200393677
Exciton, frame 808 ran in:  13.9544837474823
Exciton, frame 809 ran in:  13.824258089065552
Exciton, frame 810 ran in:  13.71487545967102
Exciton, frame 811 ran in:  13.602081060409546
Exciton, frame 812 ran in:  13.816139459609985
Exciton, frame 813 ran in:  13.791116714477539
Exciton, frame 814 ran in:  13.794070720672607
Exciton, frame 815 ran in:  14.136423110961914
Exciton, frame 816 ran in:  13.816798210144043
Exciton, frame 817 ran in:  13.51255750656128
Exciton, frame 818 ran in:  13.833207845687866
Exciton, frame 819 ran in:  13.750372648239136
Exciton, frame 820 ran in:  13.492844104766846
Exciton, frame 821 ran in:  13.406076431274414
Exciton, frame 822 ran in:  13.58252763748169
Exciton, frame 823 ran in:  13.954625606536865
Exciton, frame 824 ran in:  13.895214319229126
Exciton, frame 825 ran in:  13.745421886444092
Exciton, frame 826 ran in:  13.61825966835022
Exciton, frame 827 ran in:  13.788393020629883
Exciton, frame 828 ran in:  13.719191789627075
Exciton, frame 829 ran in:  13.645240306854248
Exciton, frame 830 ran in:  13.735971450805664
Exciton, frame 831 ran in:  13.742336750030518
Exciton, frame 832 ran in:  13.632823944091797
Exciton, frame 833 ran in:  13.72406530380249
Exciton, frame 834 ran in:  14.009092330932617
Exciton, frame 835 ran in:  13.65387773513794
Exciton, frame 836 ran in:  13.806518793106079
Exciton, frame 837 ran in:  14.04820966720581
Exciton, frame 838 ran in:  13.829115152359009
Exciton, frame 839 ran in:  13.905258178710938
Exciton, frame 840 ran in:  13.832939386367798
Exciton, frame 841 ran in:  13.752882242202759
Exciton, frame 842 ran in:  13.560647964477539
Exciton, frame 843 ran in:  13.93742847442627
Exciton, frame 844 ran in:  14.098463773727417
Exciton, frame 845 ran in:  13.7183678150177
Exciton, frame 846 ran in:  13.527113199234009
Exciton, frame 847 ran in:  13.453396320343018
Exciton, frame 848 ran in:  14.062309503555298
Exciton, frame 849 ran in:  13.56800103187561
Exciton, frame 850 ran in:  13.732799291610718
Exciton, frame 851 ran in:  13.62925100326538
Exciton, frame 852 ran in:  13.66373610496521
Exciton, frame 853 ran in:  13.582441806793213
Exciton, frame 854 ran in:  13.802967548370361
Exciton, frame 855 ran in:  13.861855268478394
Exciton, frame 856 ran in:  13.675934553146362
Exciton, frame 857 ran in:  13.894960641860962
Exciton, frame 858 ran in:  13.809364318847656
Exciton, frame 859 ran in:  13.935742855072021
Exciton, frame 860 ran in:  13.82051682472229
Exciton, frame 861 ran in:  14.044421911239624
Exciton, frame 862 ran in:  13.60818099975586
Exciton, frame 863 ran in:  13.712457656860352
Exciton, frame 864 ran in:  13.756963968276978
Exciton, frame 865 ran in:  13.816699266433716
Exciton, frame 866 ran in:  13.68520998954773
Exciton, frame 867 ran in:  13.826843500137329
Exciton, frame 868 ran in:  13.788940191268921
Exciton, frame 869 ran in:  14.029195785522461
Exciton, frame 870 ran in:  13.647513628005981
Exciton, frame 871 ran in:  13.69333815574646
Exciton, frame 872 ran in:  13.980509519577026
Exciton, frame 873 ran in:  13.671247720718384
Exciton, frame 874 ran in:  13.853862762451172
Exciton, frame 875 ran in:  13.813542604446411
Exciton, frame 876 ran in:  13.777233600616455
Exciton, frame 877 ran in:  13.587522506713867
Exciton, frame 878 ran in:  13.711078405380249
Exciton, frame 879 ran in:  13.97251558303833
Exciton, frame 880 ran in:  13.658733367919922
Exciton, frame 881 ran in:  14.004514217376709
Exciton, frame 882 ran in:  13.488219976425171
Exciton, frame 883 ran in:  14.11643385887146
Exciton, frame 884 ran in:  13.862938165664673
Exciton, frame 885 ran in:  13.702224731445312
Exciton, frame 886 ran in:  13.701092004776001
Exciton, frame 887 ran in:  13.630592584609985
Exciton, frame 888 ran in:  13.488503217697144
Exciton, frame 889 ran in:  13.80851697921753
Exciton, frame 890 ran in:  13.425232887268066
Exciton, frame 891 ran in:  13.504180192947388
Exciton, frame 892 ran in:  13.663038730621338
Exciton, frame 893 ran in:  14.025617599487305
Exciton, frame 894 ran in:  13.80884075164795
Exciton, frame 895 ran in:  13.879104852676392
Exciton, frame 896 ran in:  13.588248014450073
Exciton, frame 897 ran in:  13.624343633651733
Exciton, frame 898 ran in:  13.684276819229126
Exciton, frame 899 ran in:  13.698100805282593
Exciton, frame 900 ran in:  13.783205270767212
Exciton, frame 901 ran in:  13.584131002426147
Exciton, frame 902 ran in:  13.974393606185913
Exciton, frame 903 ran in:  13.870250940322876
Exciton, frame 904 ran in:  13.945643901824951
Exciton, frame 905 ran in:  14.130629062652588
Exciton, frame 906 ran in:  13.704434633255005
Exciton, frame 907 ran in:  13.9648277759552
Exciton, frame 908 ran in:  13.763696193695068
Exciton, frame 909 ran in:  13.719399690628052
Exciton, frame 910 ran in:  13.722187042236328
Exciton, frame 911 ran in:  13.958441257476807
Exciton, frame 912 ran in:  13.724226474761963
Exciton, frame 913 ran in:  13.761292457580566
Exciton, frame 914 ran in:  13.807525396347046
Exciton, frame 915 ran in:  13.665069580078125
Exciton, frame 916 ran in:  13.743974685668945
Exciton, frame 917 ran in:  14.008636236190796
Exciton, frame 918 ran in:  13.774872779846191
Exciton, frame 919 ran in:  13.599387168884277
Exciton, frame 920 ran in:  13.636136531829834
Exciton, frame 921 ran in:  14.022676706314087
Exciton, frame 922 ran in:  13.916471004486084
Exciton, frame 923 ran in:  13.839700937271118
Exciton, frame 924 ran in:  13.849628210067749
Exciton, frame 925 ran in:  13.764292001724243
Exciton, frame 926 ran in:  13.796114444732666
Exciton, frame 927 ran in:  13.809313535690308
Exciton, frame 928 ran in:  14.130221843719482
Exciton, frame 929 ran in:  13.86221981048584
Exciton, frame 930 ran in:  13.781577348709106
Exciton, frame 931 ran in:  13.825379848480225
Exciton, frame 932 ran in:  13.734357118606567
Exciton, frame 933 ran in:  13.870962858200073
Exciton, frame 934 ran in:  14.036778688430786
Exciton, frame 935 ran in:  13.713291883468628
Exciton, frame 936 ran in:  13.724733352661133
Exciton, frame 937 ran in:  14.054194450378418
Exciton, frame 938 ran in:  13.830617666244507
Exciton, frame 939 ran in:  13.962388038635254
Exciton, frame 940 ran in:  13.522555351257324
Exciton, frame 941 ran in:  13.941659688949585
Exciton, frame 942 ran in:  13.582550525665283
Exciton, frame 943 ran in:  14.22247052192688
Exciton, frame 944 ran in:  13.697028636932373
Exciton, frame 945 ran in:  13.920217514038086
Exciton, frame 946 ran in:  13.976140022277832
Exciton, frame 947 ran in:  13.695823907852173
Exciton, frame 948 ran in:  13.86296796798706
Exciton, frame 949 ran in:  13.54057240486145
Exciton, frame 950 ran in:  13.469621419906616
Exciton, frame 951 ran in:  13.733199834823608
Exciton, frame 952 ran in:  13.662273168563843
Exciton, frame 953 ran in:  13.687853574752808
Exciton, frame 954 ran in:  13.616535186767578
Exciton, frame 955 ran in:  13.675885677337646
Exciton, frame 956 ran in:  13.667945861816406
Exciton, frame 957 ran in:  13.73986268043518
Exciton, frame 958 ran in:  13.701063871383667
Exciton, frame 959 ran in:  13.899452924728394
Exciton, frame 960 ran in:  13.488712310791016
Exciton, frame 961 ran in:  13.811389446258545
Exciton, frame 962 ran in:  13.772763729095459
Exciton, frame 963 ran in:  13.826779127120972
Exciton, frame 964 ran in:  13.96306562423706
Exciton, frame 965 ran in:  14.065840721130371
Exciton, frame 966 ran in:  13.663410902023315
Exciton, frame 967 ran in:  13.73438024520874
Exciton, frame 968 ran in:  13.587410688400269
Exciton, frame 969 ran in:  14.00256061553955
Exciton, frame 970 ran in:  13.687744617462158
Exciton, frame 971 ran in:  13.784641027450562
Exciton, frame 972 ran in:  13.658973693847656
Exciton, frame 973 ran in:  13.790948390960693
Exciton, frame 974 ran in:  13.912174940109253
Exciton, frame 975 ran in:  13.909319877624512
Exciton, frame 976 ran in:  13.897756099700928
Exciton, frame 977 ran in:  13.914258480072021
Exciton, frame 978 ran in:  13.526541948318481
Exciton, frame 979 ran in:  13.776884317398071
Exciton, frame 980 ran in:  13.629667520523071
Exciton, frame 981 ran in:  13.912811517715454
Exciton, frame 982 ran in:  13.961637496948242
Exciton, frame 983 ran in:  13.774398565292358
Exciton, frame 984 ran in:  13.39762544631958
Exciton, frame 985 ran in:  13.571608781814575
Exciton, frame 986 ran in:  14.129243850708008
Exciton, frame 987 ran in:  13.59525442123413
Exciton, frame 988 ran in:  13.549278736114502
Exciton, frame 989 ran in:  13.9138503074646
Exciton, frame 990 ran in:  13.884283542633057
Exciton, frame 991 ran in:  13.545480489730835
Exciton, frame 992 ran in:  13.544729232788086
Exciton, frame 993 ran in:  13.63354229927063
Exciton, frame 994 ran in:  13.820897579193115
Exciton, frame 995 ran in:  13.766974210739136
Exciton, frame 996 ran in:  13.670279026031494
Exciton, frame 997 ran in:  13.76474404335022
Exciton, frame 998 ran in:  13.928905963897705
Exciton, frame 999 ran in:  13.939783334732056
Finished 'run_trajectory' in 14006.923017 secs
