cpu-bind=MASK - bp1-compute157, task 4294967295 4294967295 [0]: mask 0x1fbf6dd01fbf6dd set
/user/home/of15641/.conda/envs/openmm/bin/python
Finished 'load_dcd_file' in 21.669063 secs
Exciton, frame 4000 ran in:  15.483062505722046
Exciton, frame 4001 ran in:  13.988853216171265
Exciton, frame 4002 ran in:  13.473201990127563
Exciton, frame 4003 ran in:  14.023382902145386
Exciton, frame 4004 ran in:  14.227634191513062
Exciton, frame 4005 ran in:  13.64330005645752
Exciton, frame 4006 ran in:  13.384508848190308
Exciton, frame 4007 ran in:  13.99397587776184
Exciton, frame 4008 ran in:  14.060856819152832
Exciton, frame 4009 ran in:  13.699592351913452
Exciton, frame 4010 ran in:  13.832140684127808
Exciton, frame 4011 ran in:  13.68674373626709
Exciton, frame 4012 ran in:  13.760466575622559
Exciton, frame 4013 ran in:  13.606421947479248
Exciton, frame 4014 ran in:  14.054488182067871
Exciton, frame 4015 ran in:  13.615690469741821
Exciton, frame 4016 ran in:  13.937260866165161
Exciton, frame 4017 ran in:  14.014922618865967
Exciton, frame 4018 ran in:  14.012274503707886
Exciton, frame 4019 ran in:  13.9410560131073
Exciton, frame 4020 ran in:  13.686055421829224
Exciton, frame 4021 ran in:  13.572808027267456
Exciton, frame 4022 ran in:  13.91563868522644
Exciton, frame 4023 ran in:  14.061223983764648
Exciton, frame 4024 ran in:  14.154524803161621
Exciton, frame 4025 ran in:  13.697386741638184
Exciton, frame 4026 ran in:  13.713190078735352
Exciton, frame 4027 ran in:  13.471421241760254
Exciton, frame 4028 ran in:  13.829214096069336
Exciton, frame 4029 ran in:  13.613317251205444
Exciton, frame 4030 ran in:  13.867882251739502
Exciton, frame 4031 ran in:  13.996901512145996
Exciton, frame 4032 ran in:  14.080714225769043
Exciton, frame 4033 ran in:  13.512937784194946
Exciton, frame 4034 ran in:  13.916911602020264
Exciton, frame 4035 ran in:  13.902719736099243
Exciton, frame 4036 ran in:  13.512335538864136
Exciton, frame 4037 ran in:  14.115692615509033
Exciton, frame 4038 ran in:  14.206464529037476
Exciton, frame 4039 ran in:  13.700298309326172
Exciton, frame 4040 ran in:  14.120330810546875
Exciton, frame 4041 ran in:  13.840014457702637
Exciton, frame 4042 ran in:  13.548359632492065
Exciton, frame 4043 ran in:  13.714671611785889
Exciton, frame 4044 ran in:  13.500756025314331
Exciton, frame 4045 ran in:  13.616510391235352
Exciton, frame 4046 ran in:  13.603858232498169
Exciton, frame 4047 ran in:  13.959468841552734
Exciton, frame 4048 ran in:  13.879656076431274
Exciton, frame 4049 ran in:  14.010017395019531
Exciton, frame 4050 ran in:  13.492498636245728
Exciton, frame 4051 ran in:  13.996838331222534
Exciton, frame 4052 ran in:  13.943035364151001
Exciton, frame 4053 ran in:  13.763514518737793
Exciton, frame 4054 ran in:  13.694434881210327
Exciton, frame 4055 ran in:  13.803864479064941
Exciton, frame 4056 ran in:  14.178577899932861
Exciton, frame 4057 ran in:  13.459956407546997
Exciton, frame 4058 ran in:  14.071909666061401
Exciton, frame 4059 ran in:  13.99800705909729
Exciton, frame 4060 ran in:  13.802661895751953
Exciton, frame 4061 ran in:  13.536242485046387
Exciton, frame 4062 ran in:  13.797575950622559
Exciton, frame 4063 ran in:  13.988763093948364
Exciton, frame 4064 ran in:  13.613158702850342
Exciton, frame 4065 ran in:  14.002822875976562
Exciton, frame 4066 ran in:  14.050986289978027
Exciton, frame 4067 ran in:  13.839765787124634
Exciton, frame 4068 ran in:  14.03961181640625
Exciton, frame 4069 ran in:  13.815787553787231
Exciton, frame 4070 ran in:  13.368841171264648
Exciton, frame 4071 ran in:  14.013201236724854
Exciton, frame 4072 ran in:  13.723537683486938
Exciton, frame 4073 ran in:  13.617101430892944
Exciton, frame 4074 ran in:  14.044912576675415
Exciton, frame 4075 ran in:  13.523494720458984
Exciton, frame 4076 ran in:  13.979922533035278
Exciton, frame 4077 ran in:  14.095231771469116
Exciton, frame 4078 ran in:  14.076991319656372
Exciton, frame 4079 ran in:  14.194728374481201
Exciton, frame 4080 ran in:  14.016161680221558
Exciton, frame 4081 ran in:  13.66126561164856
Exciton, frame 4082 ran in:  13.682507276535034
Exciton, frame 4083 ran in:  13.988403797149658
Exciton, frame 4084 ran in:  13.844799757003784
Exciton, frame 4085 ran in:  13.507606506347656
Exciton, frame 4086 ran in:  13.62480640411377
Exciton, frame 4087 ran in:  14.082132577896118
Exciton, frame 4088 ran in:  13.765461683273315
Exciton, frame 4089 ran in:  14.00845980644226
Exciton, frame 4090 ran in:  14.008342504501343
Exciton, frame 4091 ran in:  13.564744472503662
Exciton, frame 4092 ran in:  14.003003597259521
Exciton, frame 4093 ran in:  13.554730653762817
Exciton, frame 4094 ran in:  13.926563024520874
Exciton, frame 4095 ran in:  13.59323263168335
Exciton, frame 4096 ran in:  14.14417839050293
Exciton, frame 4097 ran in:  13.874234199523926
Exciton, frame 4098 ran in:  13.694580078125
Exciton, frame 4099 ran in:  13.233050346374512
Exciton, frame 4100 ran in:  13.929062366485596
Exciton, frame 4101 ran in:  14.042358875274658
Exciton, frame 4102 ran in:  13.927966594696045
Exciton, frame 4103 ran in:  14.166852951049805
Exciton, frame 4104 ran in:  13.822528839111328
Exciton, frame 4105 ran in:  13.956496477127075
Exciton, frame 4106 ran in:  13.93169355392456
Exciton, frame 4107 ran in:  13.872969627380371
Exciton, frame 4108 ran in:  13.699769496917725
Exciton, frame 4109 ran in:  13.922010660171509
Exciton, frame 4110 ran in:  13.972793102264404
Exciton, frame 4111 ran in:  13.735189199447632
Exciton, frame 4112 ran in:  14.149549007415771
Exciton, frame 4113 ran in:  13.40822434425354
Exciton, frame 4114 ran in:  13.46621823310852
Exciton, frame 4115 ran in:  13.756443977355957
Exciton, frame 4116 ran in:  13.78801965713501
Exciton, frame 4117 ran in:  14.021422147750854
Exciton, frame 4118 ran in:  13.53965973854065
Exciton, frame 4119 ran in:  13.804976224899292
Exciton, frame 4120 ran in:  13.913168668746948
Exciton, frame 4121 ran in:  14.000905513763428
Exciton, frame 4122 ran in:  13.974413871765137
Exciton, frame 4123 ran in:  13.460561513900757
Exciton, frame 4124 ran in:  13.827998399734497
Exciton, frame 4125 ran in:  14.077841997146606
Exciton, frame 4126 ran in:  14.036259412765503
Exciton, frame 4127 ran in:  13.885054111480713
Exciton, frame 4128 ran in:  14.146254539489746
Exciton, frame 4129 ran in:  13.995174169540405
Exciton, frame 4130 ran in:  13.868425607681274
Exciton, frame 4131 ran in:  13.92512583732605
Exciton, frame 4132 ran in:  14.033404111862183
Exciton, frame 4133 ran in:  14.036129474639893
Exciton, frame 4134 ran in:  14.041343927383423
Exciton, frame 4135 ran in:  13.930184364318848
Exciton, frame 4136 ran in:  13.962186336517334
Exciton, frame 4137 ran in:  13.897036790847778
Exciton, frame 4138 ran in:  13.52688717842102
Exciton, frame 4139 ran in:  13.15754771232605
Exciton, frame 4140 ran in:  13.961260557174683
Exciton, frame 4141 ran in:  13.983918905258179
Exciton, frame 4142 ran in:  13.99367904663086
Exciton, frame 4143 ran in:  13.996477603912354
Exciton, frame 4144 ran in:  13.753960847854614
Exciton, frame 4145 ran in:  14.031736373901367
Exciton, frame 4146 ran in:  13.95989990234375
Exciton, frame 4147 ran in:  13.986657619476318
Exciton, frame 4148 ran in:  14.04322600364685
Exciton, frame 4149 ran in:  13.79034423828125
Exciton, frame 4150 ran in:  13.809118032455444
Exciton, frame 4151 ran in:  14.061940908432007
Exciton, frame 4152 ran in:  13.773874998092651
Exciton, frame 4153 ran in:  14.118135929107666
Exciton, frame 4154 ran in:  13.94977879524231
Exciton, frame 4155 ran in:  13.838143825531006
Exciton, frame 4156 ran in:  13.992762565612793
Exciton, frame 4157 ran in:  13.343426942825317
Exciton, frame 4158 ran in:  13.591645956039429
Exciton, frame 4159 ran in:  13.536484956741333
Exciton, frame 4160 ran in:  14.136396884918213
Exciton, frame 4161 ran in:  13.974403619766235
Exciton, frame 4162 ran in:  13.523127794265747
Exciton, frame 4163 ran in:  13.704414367675781
Exciton, frame 4164 ran in:  13.930847883224487
Exciton, frame 4165 ran in:  13.578603982925415
Exciton, frame 4166 ran in:  13.458966970443726
Exciton, frame 4167 ran in:  13.58944034576416
Exciton, frame 4168 ran in:  14.166038036346436
Exciton, frame 4169 ran in:  13.879528999328613
Exciton, frame 4170 ran in:  14.07346248626709
Exciton, frame 4171 ran in:  13.877380132675171
Exciton, frame 4172 ran in:  14.124793529510498
Exciton, frame 4173 ran in:  13.97306513786316
Exciton, frame 4174 ran in:  13.938455581665039
Exciton, frame 4175 ran in:  14.011789798736572
Exciton, frame 4176 ran in:  13.975315809249878
Exciton, frame 4177 ran in:  13.403005123138428
Exciton, frame 4178 ran in:  13.884591817855835
Exciton, frame 4179 ran in:  14.32293438911438
Exciton, frame 4180 ran in:  14.109788656234741
Exciton, frame 4181 ran in:  14.026723384857178
Exciton, frame 4182 ran in:  13.768276929855347
Exciton, frame 4183 ran in:  14.078937768936157
Exciton, frame 4184 ran in:  14.022219896316528
Exciton, frame 4185 ran in:  14.218547344207764
Exciton, frame 4186 ran in:  13.926984548568726
Exciton, frame 4187 ran in:  13.879336833953857
Exciton, frame 4188 ran in:  13.511277914047241
Exciton, frame 4189 ran in:  13.852604150772095
Exciton, frame 4190 ran in:  14.168236255645752
Exciton, frame 4191 ran in:  14.056331634521484
Exciton, frame 4192 ran in:  13.726325988769531
Exciton, frame 4193 ran in:  13.984095573425293
Exciton, frame 4194 ran in:  13.873670816421509
Exciton, frame 4195 ran in:  13.988354921340942
Exciton, frame 4196 ran in:  13.825284004211426
Exciton, frame 4197 ran in:  14.274714231491089
Exciton, frame 4198 ran in:  14.093863725662231
Exciton, frame 4199 ran in:  14.078991651535034
Exciton, frame 4200 ran in:  14.115292310714722
Exciton, frame 4201 ran in:  13.605722188949585
Exciton, frame 4202 ran in:  14.127185344696045
Exciton, frame 4203 ran in:  14.105600118637085
Exciton, frame 4204 ran in:  14.25163197517395
Exciton, frame 4205 ran in:  14.188896656036377
Exciton, frame 4206 ran in:  13.828709602355957
Exciton, frame 4207 ran in:  13.571014165878296
Exciton, frame 4208 ran in:  13.864922046661377
Exciton, frame 4209 ran in:  13.578546524047852
Exciton, frame 4210 ran in:  14.129043817520142
Exciton, frame 4211 ran in:  14.058257579803467
Exciton, frame 4212 ran in:  14.183371543884277
Exciton, frame 4213 ran in:  13.876471757888794
Exciton, frame 4214 ran in:  14.105113983154297
Exciton, frame 4215 ran in:  14.05916690826416
Exciton, frame 4216 ran in:  14.055901765823364
Exciton, frame 4217 ran in:  14.059223651885986
Exciton, frame 4218 ran in:  13.977131366729736
Exciton, frame 4219 ran in:  13.947046279907227
Exciton, frame 4220 ran in:  13.904777526855469
Exciton, frame 4221 ran in:  13.642332315444946
Exciton, frame 4222 ran in:  13.847307920455933
Exciton, frame 4223 ran in:  13.457642316818237
Exciton, frame 4224 ran in:  13.913679838180542
Exciton, frame 4225 ran in:  13.448197603225708
Exciton, frame 4226 ran in:  13.736937046051025
Exciton, frame 4227 ran in:  13.962183952331543
Exciton, frame 4228 ran in:  13.994943141937256
Exciton, frame 4229 ran in:  13.560923337936401
Exciton, frame 4230 ran in:  13.717588186264038
Exciton, frame 4231 ran in:  14.046072006225586
Exciton, frame 4232 ran in:  13.647684097290039
Exciton, frame 4233 ran in:  14.055180311203003
Exciton, frame 4234 ran in:  13.872743129730225
Exciton, frame 4235 ran in:  13.571903705596924
Exciton, frame 4236 ran in:  13.751893997192383
Exciton, frame 4237 ran in:  13.71310567855835
Exciton, frame 4238 ran in:  13.711202144622803
Exciton, frame 4239 ran in:  13.606072187423706
Exciton, frame 4240 ran in:  14.07892894744873
Exciton, frame 4241 ran in:  14.069550037384033
Exciton, frame 4242 ran in:  13.425006628036499
Exciton, frame 4243 ran in:  13.561490535736084
Exciton, frame 4244 ran in:  13.831255912780762
Exciton, frame 4245 ran in:  13.9300217628479
Exciton, frame 4246 ran in:  14.03196120262146
Exciton, frame 4247 ran in:  14.036855220794678
Exciton, frame 4248 ran in:  13.863194704055786
Exciton, frame 4249 ran in:  13.964748620986938
Exciton, frame 4250 ran in:  13.946348428726196
Exciton, frame 4251 ran in:  14.081503629684448
Exciton, frame 4252 ran in:  14.001033306121826
Exciton, frame 4253 ran in:  14.033383131027222
Exciton, frame 4254 ran in:  14.139163732528687
Exciton, frame 4255 ran in:  14.170074462890625
Exciton, frame 4256 ran in:  13.926265716552734
Exciton, frame 4257 ran in:  14.01177430152893
Exciton, frame 4258 ran in:  13.42705774307251
Exciton, frame 4259 ran in:  13.904036045074463
Exciton, frame 4260 ran in:  13.942329406738281
Exciton, frame 4261 ran in:  13.902629613876343
Exciton, frame 4262 ran in:  13.853994846343994
Exciton, frame 4263 ran in:  13.516530275344849
Exciton, frame 4264 ran in:  13.980726957321167
Exciton, frame 4265 ran in:  13.978174209594727
Exciton, frame 4266 ran in:  13.93540358543396
Exciton, frame 4267 ran in:  14.028294801712036
Exciton, frame 4268 ran in:  13.599031925201416
Exciton, frame 4269 ran in:  13.888262510299683
Exciton, frame 4270 ran in:  13.999619722366333
Exciton, frame 4271 ran in:  13.785321474075317
Exciton, frame 4272 ran in:  13.553144454956055
Exciton, frame 4273 ran in:  13.97193694114685
Exciton, frame 4274 ran in:  14.112059354782104
Exciton, frame 4275 ran in:  14.22668194770813
Exciton, frame 4276 ran in:  13.717219829559326
Exciton, frame 4277 ran in:  14.120400667190552
Exciton, frame 4278 ran in:  14.068382263183594
Exciton, frame 4279 ran in:  14.093841552734375
Exciton, frame 4280 ran in:  13.787786960601807
Exciton, frame 4281 ran in:  13.473886728286743
Exciton, frame 4282 ran in:  13.430645942687988
Exciton, frame 4283 ran in:  13.849173307418823
Exciton, frame 4284 ran in:  13.943481922149658
Exciton, frame 4285 ran in:  14.17215895652771
Exciton, frame 4286 ran in:  13.642637729644775
Exciton, frame 4287 ran in:  13.743809461593628
Exciton, frame 4288 ran in:  13.884798765182495
Exciton, frame 4289 ran in:  13.943115949630737
Exciton, frame 4290 ran in:  13.47171926498413
Exciton, frame 4291 ran in:  13.915982484817505
Exciton, frame 4292 ran in:  13.36594271659851
Exciton, frame 4293 ran in:  13.719838619232178
Exciton, frame 4294 ran in:  14.097834348678589
Exciton, frame 4295 ran in:  13.946439981460571
Exciton, frame 4296 ran in:  13.968573570251465
Exciton, frame 4297 ran in:  13.76099705696106
Exciton, frame 4298 ran in:  13.977417469024658
Exciton, frame 4299 ran in:  13.950918436050415
Exciton, frame 4300 ran in:  13.844534635543823
Exciton, frame 4301 ran in:  13.763632535934448
Exciton, frame 4302 ran in:  14.024336338043213
Exciton, frame 4303 ran in:  13.99408769607544
Exciton, frame 4304 ran in:  14.22000789642334
Exciton, frame 4305 ran in:  13.936886310577393
Exciton, frame 4306 ran in:  13.429563760757446
Exciton, frame 4307 ran in:  13.874799251556396
Exciton, frame 4308 ran in:  14.06584882736206
Exciton, frame 4309 ran in:  13.851517915725708
Exciton, frame 4310 ran in:  13.846748352050781
Exciton, frame 4311 ran in:  13.716083765029907
Exciton, frame 4312 ran in:  14.070941925048828
Exciton, frame 4313 ran in:  13.99648141860962
Exciton, frame 4314 ran in:  14.150550127029419
Exciton, frame 4315 ran in:  13.704334497451782
Exciton, frame 4316 ran in:  13.8624427318573
Exciton, frame 4317 ran in:  14.023809432983398
Exciton, frame 4318 ran in:  13.839744567871094
Exciton, frame 4319 ran in:  13.995976209640503
Exciton, frame 4320 ran in:  14.181110620498657
Exciton, frame 4321 ran in:  13.926973342895508
Exciton, frame 4322 ran in:  13.985274076461792
Exciton, frame 4323 ran in:  14.010398387908936
Exciton, frame 4324 ran in:  13.965103387832642
Exciton, frame 4325 ran in:  14.063652276992798
Exciton, frame 4326 ran in:  13.868152379989624
Exciton, frame 4327 ran in:  14.079519033432007
Exciton, frame 4328 ran in:  13.94935393333435
Exciton, frame 4329 ran in:  13.937621355056763
Exciton, frame 4330 ran in:  13.27841830253601
Exciton, frame 4331 ran in:  14.115768671035767
Exciton, frame 4332 ran in:  13.780714511871338
Exciton, frame 4333 ran in:  14.114316463470459
Exciton, frame 4334 ran in:  13.971392154693604
Exciton, frame 4335 ran in:  13.95836067199707
Exciton, frame 4336 ran in:  14.216994285583496
Exciton, frame 4337 ran in:  13.848193883895874
Exciton, frame 4338 ran in:  13.749499559402466
Exciton, frame 4339 ran in:  13.96890115737915
Exciton, frame 4340 ran in:  13.84367847442627
Exciton, frame 4341 ran in:  13.528321743011475
Exciton, frame 4342 ran in:  14.06106972694397
Exciton, frame 4343 ran in:  13.84110164642334
Exciton, frame 4344 ran in:  14.000904083251953
Exciton, frame 4345 ran in:  13.687405109405518
Exciton, frame 4346 ran in:  13.898978233337402
Exciton, frame 4347 ran in:  14.140708684921265
Exciton, frame 4348 ran in:  13.660539865493774
Exciton, frame 4349 ran in:  14.02047061920166
Exciton, frame 4350 ran in:  14.076278924942017
Exciton, frame 4351 ran in:  14.040529251098633
Exciton, frame 4352 ran in:  13.569307088851929
Exciton, frame 4353 ran in:  13.901331424713135
Exciton, frame 4354 ran in:  14.08782696723938
Exciton, frame 4355 ran in:  14.161498546600342
Exciton, frame 4356 ran in:  14.022298574447632
Exciton, frame 4357 ran in:  13.77979302406311
Exciton, frame 4358 ran in:  13.811242818832397
Exciton, frame 4359 ran in:  13.9904146194458
Exciton, frame 4360 ran in:  13.547098159790039
Exciton, frame 4361 ran in:  13.78842544555664
Exciton, frame 4362 ran in:  13.742785692214966
Exciton, frame 4363 ran in:  14.167401313781738
Exciton, frame 4364 ran in:  14.0354585647583
Exciton, frame 4365 ran in:  13.652723550796509
Exciton, frame 4366 ran in:  14.05185604095459
Exciton, frame 4367 ran in:  13.411848068237305
Exciton, frame 4368 ran in:  14.10097360610962
Exciton, frame 4369 ran in:  13.889705181121826
Exciton, frame 4370 ran in:  13.93669843673706
Exciton, frame 4371 ran in:  14.074110746383667
Exciton, frame 4372 ran in:  13.92671012878418
Exciton, frame 4373 ran in:  14.08120584487915
Exciton, frame 4374 ran in:  13.932880401611328
Exciton, frame 4375 ran in:  13.814579963684082
Exciton, frame 4376 ran in:  14.136785507202148
Exciton, frame 4377 ran in:  13.955263376235962
Exciton, frame 4378 ran in:  13.68848705291748
Exciton, frame 4379 ran in:  14.038045406341553
Exciton, frame 4380 ran in:  13.58873462677002
Exciton, frame 4381 ran in:  14.008833646774292
Exciton, frame 4382 ran in:  13.658508062362671
Exciton, frame 4383 ran in:  13.776250123977661
Exciton, frame 4384 ran in:  13.612967014312744
Exciton, frame 4385 ran in:  13.891627073287964
Exciton, frame 4386 ran in:  13.547796964645386
Exciton, frame 4387 ran in:  13.559120655059814
Exciton, frame 4388 ran in:  13.95948600769043
Exciton, frame 4389 ran in:  13.662016153335571
Exciton, frame 4390 ran in:  13.83151650428772
Exciton, frame 4391 ran in:  13.929243564605713
Exciton, frame 4392 ran in:  13.915761470794678
Exciton, frame 4393 ran in:  13.816457271575928
Exciton, frame 4394 ran in:  13.886848449707031
Exciton, frame 4395 ran in:  13.748531341552734
Exciton, frame 4396 ran in:  13.67702579498291
Exciton, frame 4397 ran in:  13.94088077545166
Exciton, frame 4398 ran in:  13.673367977142334
Exciton, frame 4399 ran in:  13.717867612838745
Exciton, frame 4400 ran in:  13.99405312538147
Exciton, frame 4401 ran in:  13.954509019851685
Exciton, frame 4402 ran in:  13.91015625
Exciton, frame 4403 ran in:  13.40515422821045
Exciton, frame 4404 ran in:  14.045859813690186
Exciton, frame 4405 ran in:  14.01820158958435
Exciton, frame 4406 ran in:  14.008011817932129
Exciton, frame 4407 ran in:  13.859561204910278
Exciton, frame 4408 ran in:  13.834932804107666
Exciton, frame 4409 ran in:  13.69989013671875
Exciton, frame 4410 ran in:  13.772690773010254
Exciton, frame 4411 ran in:  13.753762245178223
Exciton, frame 4412 ran in:  13.976045608520508
Exciton, frame 4413 ran in:  14.1216721534729
Exciton, frame 4414 ran in:  13.915113687515259
Exciton, frame 4415 ran in:  13.972208261489868
Exciton, frame 4416 ran in:  13.797556638717651
Exciton, frame 4417 ran in:  13.816749095916748
Exciton, frame 4418 ran in:  13.823016166687012
Exciton, frame 4419 ran in:  13.618287324905396
Exciton, frame 4420 ran in:  13.976913690567017
Exciton, frame 4421 ran in:  13.960318803787231
Exciton, frame 4422 ran in:  13.817843198776245
Exciton, frame 4423 ran in:  14.006791591644287
Exciton, frame 4424 ran in:  14.072103500366211
Exciton, frame 4425 ran in:  13.954275131225586
Exciton, frame 4426 ran in:  14.058444738388062
Exciton, frame 4427 ran in:  13.960132122039795
Exciton, frame 4428 ran in:  13.809853315353394
Exciton, frame 4429 ran in:  13.739392518997192
Exciton, frame 4430 ran in:  13.894073724746704
Exciton, frame 4431 ran in:  13.86007571220398
Exciton, frame 4432 ran in:  13.782846212387085
Exciton, frame 4433 ran in:  14.043848752975464
Exciton, frame 4434 ran in:  13.52144169807434
Exciton, frame 4435 ran in:  13.912912607192993
Exciton, frame 4436 ran in:  13.69343638420105
Exciton, frame 4437 ran in:  13.883759021759033
Exciton, frame 4438 ran in:  13.96673583984375
Exciton, frame 4439 ran in:  14.168239116668701
Exciton, frame 4440 ran in:  13.686726331710815
Exciton, frame 4441 ran in:  13.475071907043457
Exciton, frame 4442 ran in:  14.063137769699097
Exciton, frame 4443 ran in:  13.918533325195312
Exciton, frame 4444 ran in:  13.634305477142334
Exciton, frame 4445 ran in:  14.093693256378174
Exciton, frame 4446 ran in:  14.030466556549072
Exciton, frame 4447 ran in:  13.92039179801941
Exciton, frame 4448 ran in:  13.987545251846313
Exciton, frame 4449 ran in:  14.02163028717041
Exciton, frame 4450 ran in:  14.049051761627197
Exciton, frame 4451 ran in:  13.61732816696167
Exciton, frame 4452 ran in:  14.05003547668457
Exciton, frame 4453 ran in:  13.764616966247559
Exciton, frame 4454 ran in:  13.774429559707642
Exciton, frame 4455 ran in:  13.709213733673096
Exciton, frame 4456 ran in:  14.02669644355774
Exciton, frame 4457 ran in:  14.08759069442749
Exciton, frame 4458 ran in:  14.09630274772644
Exciton, frame 4459 ran in:  13.902636289596558
Exciton, frame 4460 ran in:  14.221132040023804
Exciton, frame 4461 ran in:  14.124906539916992
Exciton, frame 4462 ran in:  13.79064416885376
Exciton, frame 4463 ran in:  13.948958396911621
Exciton, frame 4464 ran in:  13.88083553314209
Exciton, frame 4465 ran in:  13.85052490234375
Exciton, frame 4466 ran in:  14.187350273132324
Exciton, frame 4467 ran in:  13.794989824295044
Exciton, frame 4468 ran in:  14.050616264343262
Exciton, frame 4469 ran in:  13.662469387054443
Exciton, frame 4470 ran in:  13.656718969345093
Exciton, frame 4471 ran in:  13.922377824783325
Exciton, frame 4472 ran in:  13.449380874633789
Exciton, frame 4473 ran in:  13.488155603408813
Exciton, frame 4474 ran in:  13.940378427505493
Exciton, frame 4475 ran in:  14.056442260742188
Exciton, frame 4476 ran in:  13.900349378585815
Exciton, frame 4477 ran in:  13.786597490310669
Exciton, frame 4478 ran in:  13.800429582595825
Exciton, frame 4479 ran in:  14.022135257720947
Exciton, frame 4480 ran in:  14.082182168960571
Exciton, frame 4481 ran in:  13.709087133407593
Exciton, frame 4482 ran in:  14.066545248031616
Exciton, frame 4483 ran in:  14.06286883354187
Exciton, frame 4484 ran in:  13.748115301132202
Exciton, frame 4485 ran in:  13.958729982376099
Exciton, frame 4486 ran in:  13.594960927963257
Exciton, frame 4487 ran in:  13.523494720458984
Exciton, frame 4488 ran in:  14.035851240158081
Exciton, frame 4489 ran in:  13.852942943572998
Exciton, frame 4490 ran in:  13.99097466468811
Exciton, frame 4491 ran in:  13.38691234588623
Exciton, frame 4492 ran in:  13.92335033416748
Exciton, frame 4493 ran in:  13.976168632507324
Exciton, frame 4494 ran in:  13.563331127166748
Exciton, frame 4495 ran in:  13.733151197433472
Exciton, frame 4496 ran in:  13.940123319625854
Exciton, frame 4497 ran in:  13.967098236083984
Exciton, frame 4498 ran in:  13.417751550674438
Exciton, frame 4499 ran in:  13.468070030212402
Exciton, frame 4500 ran in:  13.997379779815674
Exciton, frame 4501 ran in:  14.000129699707031
Exciton, frame 4502 ran in:  13.756725072860718
Exciton, frame 4503 ran in:  14.07542872428894
Exciton, frame 4504 ran in:  13.437392950057983
Exciton, frame 4505 ran in:  13.699743270874023
Exciton, frame 4506 ran in:  13.9351224899292
Exciton, frame 4507 ran in:  14.00783634185791
Exciton, frame 4508 ran in:  13.876074314117432
Exciton, frame 4509 ran in:  14.225303173065186
Exciton, frame 4510 ran in:  13.91719913482666
Exciton, frame 4511 ran in:  14.048852443695068
Exciton, frame 4512 ran in:  13.864399671554565
Exciton, frame 4513 ran in:  13.820968866348267
Exciton, frame 4514 ran in:  13.692713022232056
Exciton, frame 4515 ran in:  14.077749013900757
Exciton, frame 4516 ran in:  14.02881646156311
Exciton, frame 4517 ran in:  13.843861818313599
Exciton, frame 4518 ran in:  13.645097732543945
Exciton, frame 4519 ran in:  13.907617330551147
Exciton, frame 4520 ran in:  13.402493715286255
Exciton, frame 4521 ran in:  13.905070304870605
Exciton, frame 4522 ran in:  14.000975608825684
Exciton, frame 4523 ran in:  13.607291460037231
Exciton, frame 4524 ran in:  13.901596069335938
Exciton, frame 4525 ran in:  13.98418140411377
Exciton, frame 4526 ran in:  14.129897356033325
Exciton, frame 4527 ran in:  13.9275062084198
Exciton, frame 4528 ran in:  14.017733812332153
Exciton, frame 4529 ran in:  13.766929626464844
Exciton, frame 4530 ran in:  13.912522792816162
Exciton, frame 4531 ran in:  13.887073278427124
Exciton, frame 4532 ran in:  13.782351016998291
Exciton, frame 4533 ran in:  13.526941299438477
Exciton, frame 4534 ran in:  13.64478325843811
Exciton, frame 4535 ran in:  13.841595649719238
Exciton, frame 4536 ran in:  13.796325445175171
Exciton, frame 4537 ran in:  13.723343849182129
Exciton, frame 4538 ran in:  13.507128477096558
Exciton, frame 4539 ran in:  13.73770523071289
Exciton, frame 4540 ran in:  13.977015972137451
Exciton, frame 4541 ran in:  13.649909496307373
Exciton, frame 4542 ran in:  14.151345491409302
Exciton, frame 4543 ran in:  13.916180849075317
Exciton, frame 4544 ran in:  13.716602325439453
Exciton, frame 4545 ran in:  13.718446493148804
Exciton, frame 4546 ran in:  14.02590298652649
Exciton, frame 4547 ran in:  14.018730163574219
Exciton, frame 4548 ran in:  13.833507537841797
Exciton, frame 4549 ran in:  13.99554705619812
Exciton, frame 4550 ran in:  13.86832046508789
Exciton, frame 4551 ran in:  14.096761703491211
Exciton, frame 4552 ran in:  13.994189500808716
Exciton, frame 4553 ran in:  14.062542200088501
Exciton, frame 4554 ran in:  13.99490737915039
Exciton, frame 4555 ran in:  13.66999101638794
Exciton, frame 4556 ran in:  13.930659055709839
Exciton, frame 4557 ran in:  14.036659717559814
Exciton, frame 4558 ran in:  13.76472783088684
Exciton, frame 4559 ran in:  13.975209712982178
Exciton, frame 4560 ran in:  14.161234617233276
Exciton, frame 4561 ran in:  14.209680318832397
Exciton, frame 4562 ran in:  13.769944667816162
Exciton, frame 4563 ran in:  14.12879729270935
Exciton, frame 4564 ran in:  14.147580623626709
Exciton, frame 4565 ran in:  13.705307960510254
Exciton, frame 4566 ran in:  13.86888074874878
Exciton, frame 4567 ran in:  14.017459869384766
Exciton, frame 4568 ran in:  13.951961994171143
Exciton, frame 4569 ran in:  13.804332494735718
Exciton, frame 4570 ran in:  13.520584106445312
Exciton, frame 4571 ran in:  13.782312870025635
Exciton, frame 4572 ran in:  14.065515279769897
Exciton, frame 4573 ran in:  13.80420207977295
Exciton, frame 4574 ran in:  14.002187252044678
Exciton, frame 4575 ran in:  13.98738169670105
Exciton, frame 4576 ran in:  13.758843183517456
Exciton, frame 4577 ran in:  13.702353477478027
Exciton, frame 4578 ran in:  13.520591020584106
Exciton, frame 4579 ran in:  13.631433486938477
Exciton, frame 4580 ran in:  13.574285745620728
Exciton, frame 4581 ran in:  13.979750156402588
Exciton, frame 4582 ran in:  14.066511154174805
Exciton, frame 4583 ran in:  13.891567468643188
Exciton, frame 4584 ran in:  14.032641410827637
Exciton, frame 4585 ran in:  13.394408226013184
Exciton, frame 4586 ran in:  13.257410049438477
Exciton, frame 4587 ran in:  13.786804437637329
Exciton, frame 4588 ran in:  13.548367023468018
Exciton, frame 4589 ran in:  13.688392400741577
Exciton, frame 4590 ran in:  13.52346158027649
Exciton, frame 4591 ran in:  13.783223628997803
Exciton, frame 4592 ran in:  13.755345344543457
Exciton, frame 4593 ran in:  14.090268611907959
Exciton, frame 4594 ran in:  14.004873991012573
Exciton, frame 4595 ran in:  14.091334581375122
Exciton, frame 4596 ran in:  13.793862581253052
Exciton, frame 4597 ran in:  13.614722967147827
Exciton, frame 4598 ran in:  13.513139963150024
Exciton, frame 4599 ran in:  13.818236827850342
Exciton, frame 4600 ran in:  13.728379487991333
Exciton, frame 4601 ran in:  13.85064172744751
Exciton, frame 4602 ran in:  13.853516578674316
Exciton, frame 4603 ran in:  13.817605257034302
Exciton, frame 4604 ran in:  14.048946857452393
Exciton, frame 4605 ran in:  13.953073978424072
Exciton, frame 4606 ran in:  13.70971965789795
Exciton, frame 4607 ran in:  13.881465435028076
Exciton, frame 4608 ran in:  13.868256092071533
Exciton, frame 4609 ran in:  13.951691389083862
Exciton, frame 4610 ran in:  14.002133131027222
Exciton, frame 4611 ran in:  13.773810625076294
Exciton, frame 4612 ran in:  13.89280915260315
Exciton, frame 4613 ran in:  14.167758703231812
Exciton, frame 4614 ran in:  13.73992919921875
Exciton, frame 4615 ran in:  13.61153531074524
Exciton, frame 4616 ran in:  13.682482481002808
Exciton, frame 4617 ran in:  13.783018589019775
Exciton, frame 4618 ran in:  13.987050294876099
Exciton, frame 4619 ran in:  13.937655448913574
Exciton, frame 4620 ran in:  13.831827402114868
Exciton, frame 4621 ran in:  13.905768632888794
Exciton, frame 4622 ran in:  13.922841310501099
Exciton, frame 4623 ran in:  13.957665205001831
Exciton, frame 4624 ran in:  13.965985298156738
Exciton, frame 4625 ran in:  13.768013954162598
Exciton, frame 4626 ran in:  13.940528154373169
Exciton, frame 4627 ran in:  13.621204376220703
Exciton, frame 4628 ran in:  14.057193040847778
Exciton, frame 4629 ran in:  13.829885482788086
Exciton, frame 4630 ran in:  13.642484903335571
Exciton, frame 4631 ran in:  14.045696496963501
Exciton, frame 4632 ran in:  13.695459127426147
Exciton, frame 4633 ran in:  13.872031450271606
Exciton, frame 4634 ran in:  14.070276498794556
Exciton, frame 4635 ran in:  14.092386960983276
Exciton, frame 4636 ran in:  13.835511445999146
Exciton, frame 4637 ran in:  13.979630470275879
Exciton, frame 4638 ran in:  13.941958904266357
Exciton, frame 4639 ran in:  13.932175874710083
Exciton, frame 4640 ran in:  14.049507856369019
Exciton, frame 4641 ran in:  13.728159189224243
Exciton, frame 4642 ran in:  13.704955101013184
Exciton, frame 4643 ran in:  13.698356628417969
Exciton, frame 4644 ran in:  13.624151945114136
Exciton, frame 4645 ran in:  13.596659898757935
Exciton, frame 4646 ran in:  14.095929384231567
Exciton, frame 4647 ran in:  14.124834537506104
Exciton, frame 4648 ran in:  14.05772066116333
Exciton, frame 4649 ran in:  13.825563192367554
Exciton, frame 4650 ran in:  13.872933387756348
Exciton, frame 4651 ran in:  13.864337682723999
Exciton, frame 4652 ran in:  13.57638931274414
Exciton, frame 4653 ran in:  14.039177179336548
Exciton, frame 4654 ran in:  13.667072057723999
Exciton, frame 4655 ran in:  13.93398666381836
Exciton, frame 4656 ran in:  13.603421926498413
Exciton, frame 4657 ran in:  13.990972995758057
Exciton, frame 4658 ran in:  13.71718430519104
Exciton, frame 4659 ran in:  13.881952047348022
Exciton, frame 4660 ran in:  13.733312845230103
Exciton, frame 4661 ran in:  13.395326375961304
Exciton, frame 4662 ran in:  13.607210159301758
Exciton, frame 4663 ran in:  13.848166704177856
Exciton, frame 4664 ran in:  14.061609268188477
Exciton, frame 4665 ran in:  13.761755228042603
Exciton, frame 4666 ran in:  13.786548852920532
Exciton, frame 4667 ran in:  13.691759586334229
Exciton, frame 4668 ran in:  14.12202501296997
Exciton, frame 4669 ran in:  13.76201057434082
Exciton, frame 4670 ran in:  14.02514123916626
Exciton, frame 4671 ran in:  13.880210399627686
Exciton, frame 4672 ran in:  14.075477600097656
Exciton, frame 4673 ran in:  13.707464218139648
Exciton, frame 4674 ran in:  13.777482032775879
Exciton, frame 4675 ran in:  13.853535890579224
Exciton, frame 4676 ran in:  13.339003086090088
Exciton, frame 4677 ran in:  13.850417375564575
Exciton, frame 4678 ran in:  13.58122730255127
Exciton, frame 4679 ran in:  13.81465482711792
Exciton, frame 4680 ran in:  13.62675142288208
Exciton, frame 4681 ran in:  13.507895946502686
Exciton, frame 4682 ran in:  13.351262331008911
Exciton, frame 4683 ran in:  13.488823652267456
Exciton, frame 4684 ran in:  13.813332796096802
Exciton, frame 4685 ran in:  13.930996417999268
Exciton, frame 4686 ran in:  13.922549724578857
Exciton, frame 4687 ran in:  13.468849182128906
Exciton, frame 4688 ran in:  13.847959041595459
Exciton, frame 4689 ran in:  13.929309368133545
Exciton, frame 4690 ran in:  13.90903639793396
Exciton, frame 4691 ran in:  13.817102432250977
Exciton, frame 4692 ran in:  13.867823123931885
Exciton, frame 4693 ran in:  14.000762701034546
Exciton, frame 4694 ran in:  13.664162874221802
Exciton, frame 4695 ran in:  13.763139963150024
Exciton, frame 4696 ran in:  13.604772806167603
Exciton, frame 4697 ran in:  13.564988613128662
Exciton, frame 4698 ran in:  13.807292699813843
Exciton, frame 4699 ran in:  13.903389692306519
Exciton, frame 4700 ran in:  13.941562175750732
Exciton, frame 4701 ran in:  13.981625080108643
Exciton, frame 4702 ran in:  13.76362919807434
Exciton, frame 4703 ran in:  13.692560195922852
Exciton, frame 4704 ran in:  13.52451467514038
Exciton, frame 4705 ran in:  13.96288514137268
Exciton, frame 4706 ran in:  14.134788513183594
Exciton, frame 4707 ran in:  13.836993217468262
Exciton, frame 4708 ran in:  14.074291944503784
Exciton, frame 4709 ran in:  13.96584677696228
Exciton, frame 4710 ran in:  14.197798252105713
Exciton, frame 4711 ran in:  13.988123416900635
Exciton, frame 4712 ran in:  14.171392679214478
Exciton, frame 4713 ran in:  13.814058542251587
Exciton, frame 4714 ran in:  13.9785635471344
Exciton, frame 4715 ran in:  13.453681230545044
Exciton, frame 4716 ran in:  13.75807499885559
Exciton, frame 4717 ran in:  13.907589197158813
Exciton, frame 4718 ran in:  14.095354318618774
Exciton, frame 4719 ran in:  14.085872888565063
Exciton, frame 4720 ran in:  13.967920541763306
Exciton, frame 4721 ran in:  13.93401050567627
Exciton, frame 4722 ran in:  13.963842868804932
Exciton, frame 4723 ran in:  13.768526554107666
Exciton, frame 4724 ran in:  13.507822036743164
Exciton, frame 4725 ran in:  13.820042848587036
Exciton, frame 4726 ran in:  13.93762993812561
Exciton, frame 4727 ran in:  13.629342317581177
Exciton, frame 4728 ran in:  13.51808762550354
Exciton, frame 4729 ran in:  13.438982248306274
Exciton, frame 4730 ran in:  13.596416711807251
Exciton, frame 4731 ran in:  13.910030841827393
Exciton, frame 4732 ran in:  13.799669027328491
Exciton, frame 4733 ran in:  14.113933563232422
Exciton, frame 4734 ran in:  13.739533185958862
Exciton, frame 4735 ran in:  13.542073011398315
Exciton, frame 4736 ran in:  13.817051649093628
Exciton, frame 4737 ran in:  13.863032817840576
Exciton, frame 4738 ran in:  13.988805532455444
Exciton, frame 4739 ran in:  13.685449600219727
Exciton, frame 4740 ran in:  13.707716941833496
Exciton, frame 4741 ran in:  14.040400743484497
Exciton, frame 4742 ran in:  13.95662546157837
Exciton, frame 4743 ran in:  14.097643375396729
Exciton, frame 4744 ran in:  13.58189868927002
Exciton, frame 4745 ran in:  13.740824222564697
Exciton, frame 4746 ran in:  14.038647413253784
Exciton, frame 4747 ran in:  13.501829385757446
Exciton, frame 4748 ran in:  13.835638761520386
Exciton, frame 4749 ran in:  13.990967273712158
Exciton, frame 4750 ran in:  13.816684007644653
Exciton, frame 4751 ran in:  13.82502818107605
Exciton, frame 4752 ran in:  13.905887603759766
Exciton, frame 4753 ran in:  13.886661052703857
Exciton, frame 4754 ran in:  13.591286182403564
Exciton, frame 4755 ran in:  13.928904294967651
Exciton, frame 4756 ran in:  13.937630414962769
Exciton, frame 4757 ran in:  13.765462398529053
Exciton, frame 4758 ran in:  13.677927017211914
Exciton, frame 4759 ran in:  13.60315227508545
Exciton, frame 4760 ran in:  13.94713568687439
Exciton, frame 4761 ran in:  13.903163194656372
Exciton, frame 4762 ran in:  13.675606727600098
Exciton, frame 4763 ran in:  13.867151737213135
Exciton, frame 4764 ran in:  13.727248907089233
Exciton, frame 4765 ran in:  13.91055965423584
Exciton, frame 4766 ran in:  14.066179513931274
Exciton, frame 4767 ran in:  13.88430118560791
Exciton, frame 4768 ran in:  13.785271883010864
Exciton, frame 4769 ran in:  13.501317977905273
Exciton, frame 4770 ran in:  13.809526205062866
Exciton, frame 4771 ran in:  13.903173446655273
Exciton, frame 4772 ran in:  13.739347696304321
Exciton, frame 4773 ran in:  13.570587635040283
Exciton, frame 4774 ran in:  13.853731632232666
Exciton, frame 4775 ran in:  13.897160053253174
Exciton, frame 4776 ran in:  13.696895837783813
Exciton, frame 4777 ran in:  13.806191682815552
Exciton, frame 4778 ran in:  13.948515176773071
Exciton, frame 4779 ran in:  14.001537561416626
Exciton, frame 4780 ran in:  13.999979496002197
Exciton, frame 4781 ran in:  13.773249864578247
Exciton, frame 4782 ran in:  14.030923843383789
Exciton, frame 4783 ran in:  14.08843445777893
Exciton, frame 4784 ran in:  14.076152563095093
Exciton, frame 4785 ran in:  14.209216833114624
Exciton, frame 4786 ran in:  13.714197874069214
Exciton, frame 4787 ran in:  13.76055097579956
Exciton, frame 4788 ran in:  13.676451921463013
Exciton, frame 4789 ran in:  13.9604332447052
Exciton, frame 4790 ran in:  13.971705675125122
Exciton, frame 4791 ran in:  14.053759098052979
Exciton, frame 4792 ran in:  13.576602935791016
Exciton, frame 4793 ran in:  13.820390939712524
Exciton, frame 4794 ran in:  13.899347305297852
Exciton, frame 4795 ran in:  14.056196212768555
Exciton, frame 4796 ran in:  13.716819524765015
Exciton, frame 4797 ran in:  13.488296508789062
Exciton, frame 4798 ran in:  13.996170997619629
Exciton, frame 4799 ran in:  14.19579815864563
Exciton, frame 4800 ran in:  13.906808853149414
Exciton, frame 4801 ran in:  13.598654747009277
Exciton, frame 4802 ran in:  13.650947093963623
Exciton, frame 4803 ran in:  13.921007633209229
Exciton, frame 4804 ran in:  13.824117660522461
Exciton, frame 4805 ran in:  13.854603052139282
Exciton, frame 4806 ran in:  13.979530811309814
Exciton, frame 4807 ran in:  13.777650117874146
Exciton, frame 4808 ran in:  13.829451084136963
Exciton, frame 4809 ran in:  13.826794624328613
Exciton, frame 4810 ran in:  14.061630487442017
Exciton, frame 4811 ran in:  13.385212898254395
Exciton, frame 4812 ran in:  13.352682113647461
Exciton, frame 4813 ran in:  14.01986050605774
Exciton, frame 4814 ran in:  13.490281343460083
Exciton, frame 4815 ran in:  13.839782476425171
Exciton, frame 4816 ran in:  14.035301208496094
Exciton, frame 4817 ran in:  13.820141553878784
Exciton, frame 4818 ran in:  13.646824836730957
Exciton, frame 4819 ran in:  14.11787223815918
Exciton, frame 4820 ran in:  13.872589111328125
Exciton, frame 4821 ran in:  13.785017490386963
Exciton, frame 4822 ran in:  13.773295640945435
Exciton, frame 4823 ran in:  13.99335765838623
Exciton, frame 4824 ran in:  13.747112274169922
Exciton, frame 4825 ran in:  13.847092866897583
Exciton, frame 4826 ran in:  13.758321523666382
Exciton, frame 4827 ran in:  13.791663885116577
Exciton, frame 4828 ran in:  13.856593608856201
Exciton, frame 4829 ran in:  13.891209840774536
Exciton, frame 4830 ran in:  13.774127960205078
Exciton, frame 4831 ran in:  14.00845193862915
Exciton, frame 4832 ran in:  14.05106782913208
Exciton, frame 4833 ran in:  14.072351694107056
Exciton, frame 4834 ran in:  13.471286296844482
Exciton, frame 4835 ran in:  13.963988542556763
Exciton, frame 4836 ran in:  13.802773237228394
Exciton, frame 4837 ran in:  13.891671180725098
Exciton, frame 4838 ran in:  13.688005208969116
Exciton, frame 4839 ran in:  13.741086483001709
Exciton, frame 4840 ran in:  13.603569030761719
Exciton, frame 4841 ran in:  13.754719018936157
Exciton, frame 4842 ran in:  13.759788990020752
Exciton, frame 4843 ran in:  13.88336706161499
Exciton, frame 4844 ran in:  13.428052425384521
Exciton, frame 4845 ran in:  13.68953800201416
Exciton, frame 4846 ran in:  14.006246566772461
Exciton, frame 4847 ran in:  13.948132753372192
Exciton, frame 4848 ran in:  13.983777046203613
Exciton, frame 4849 ran in:  13.508513689041138
Exciton, frame 4850 ran in:  13.366143941879272
Exciton, frame 4851 ran in:  13.702509641647339
Exciton, frame 4852 ran in:  14.175596475601196
Exciton, frame 4853 ran in:  14.189486265182495
Exciton, frame 4854 ran in:  13.559798240661621
Exciton, frame 4855 ran in:  13.848278522491455
Exciton, frame 4856 ran in:  13.999044418334961
Exciton, frame 4857 ran in:  14.052932500839233
Exciton, frame 4858 ran in:  14.128503322601318
Exciton, frame 4859 ran in:  14.11807656288147
Exciton, frame 4860 ran in:  13.900369882583618
Exciton, frame 4861 ran in:  13.956841707229614
Exciton, frame 4862 ran in:  13.763365745544434
Exciton, frame 4863 ran in:  13.785278797149658
Exciton, frame 4864 ran in:  13.378454685211182
Exciton, frame 4865 ran in:  13.973040103912354
Exciton, frame 4866 ran in:  13.679465770721436
Exciton, frame 4867 ran in:  14.016654968261719
Exciton, frame 4868 ran in:  13.893273115158081
Exciton, frame 4869 ran in:  13.970571279525757
Exciton, frame 4870 ran in:  13.630221605300903
Exciton, frame 4871 ran in:  14.147953271865845
Exciton, frame 4872 ran in:  13.94687795639038
Exciton, frame 4873 ran in:  13.882895469665527
Exciton, frame 4874 ran in:  13.980629444122314
Exciton, frame 4875 ran in:  13.979994058609009
Exciton, frame 4876 ran in:  14.11932897567749
Exciton, frame 4877 ran in:  13.890033721923828
Exciton, frame 4878 ran in:  13.811976432800293
Exciton, frame 4879 ran in:  14.028621435165405
Exciton, frame 4880 ran in:  13.722934484481812
Exciton, frame 4881 ran in:  13.984586954116821
Exciton, frame 4882 ran in:  13.876121282577515
Exciton, frame 4883 ran in:  13.408331394195557
Exciton, frame 4884 ran in:  14.020075559616089
Exciton, frame 4885 ran in:  13.712690114974976
Exciton, frame 4886 ran in:  13.471590995788574
Exciton, frame 4887 ran in:  13.875118255615234
Exciton, frame 4888 ran in:  13.923645734786987
Exciton, frame 4889 ran in:  14.00494909286499
Exciton, frame 4890 ran in:  14.060843467712402
Exciton, frame 4891 ran in:  13.6664137840271
Exciton, frame 4892 ran in:  13.728997945785522
Exciton, frame 4893 ran in:  14.094188690185547
Exciton, frame 4894 ran in:  13.881794214248657
Exciton, frame 4895 ran in:  13.951247215270996
Exciton, frame 4896 ran in:  13.991342782974243
Exciton, frame 4897 ran in:  13.91744065284729
Exciton, frame 4898 ran in:  14.008426189422607
Exciton, frame 4899 ran in:  13.800511598587036
Exciton, frame 4900 ran in:  14.251168727874756
Exciton, frame 4901 ran in:  13.760670900344849
Exciton, frame 4902 ran in:  13.811006546020508
Exciton, frame 4903 ran in:  13.755316972732544
Exciton, frame 4904 ran in:  13.843747854232788
Exciton, frame 4905 ran in:  14.027590990066528
Exciton, frame 4906 ran in:  13.969636917114258
Exciton, frame 4907 ran in:  13.528706550598145
Exciton, frame 4908 ran in:  13.932779312133789
Exciton, frame 4909 ran in:  13.401620864868164
Exciton, frame 4910 ran in:  13.601794242858887
Exciton, frame 4911 ran in:  13.831658840179443
Exciton, frame 4912 ran in:  14.185410737991333
Exciton, frame 4913 ran in:  13.404439449310303
Exciton, frame 4914 ran in:  13.778716325759888
Exciton, frame 4915 ran in:  13.997851848602295
Exciton, frame 4916 ran in:  13.815368175506592
Exciton, frame 4917 ran in:  13.802580833435059
Exciton, frame 4918 ran in:  13.864797830581665
Exciton, frame 4919 ran in:  13.957802772521973
Exciton, frame 4920 ran in:  13.881048917770386
Exciton, frame 4921 ran in:  13.733047485351562
Exciton, frame 4922 ran in:  13.853384971618652
Exciton, frame 4923 ran in:  14.057639122009277
Exciton, frame 4924 ran in:  13.95447587966919
Exciton, frame 4925 ran in:  13.843030452728271
Exciton, frame 4926 ran in:  13.467542886734009
Exciton, frame 4927 ran in:  13.706531763076782
Exciton, frame 4928 ran in:  13.945173501968384
Exciton, frame 4929 ran in:  13.69005823135376
Exciton, frame 4930 ran in:  14.07607650756836
Exciton, frame 4931 ran in:  13.930420875549316
Exciton, frame 4932 ran in:  13.899011135101318
Exciton, frame 4933 ran in:  13.951591730117798
Exciton, frame 4934 ran in:  13.738818407058716
Exciton, frame 4935 ran in:  13.856136560440063
Exciton, frame 4936 ran in:  13.783304214477539
Exciton, frame 4937 ran in:  13.729062795639038
Exciton, frame 4938 ran in:  13.605400800704956
Exciton, frame 4939 ran in:  13.938737392425537
Exciton, frame 4940 ran in:  13.687581300735474
Exciton, frame 4941 ran in:  13.985229253768921
Exciton, frame 4942 ran in:  14.07441258430481
Exciton, frame 4943 ran in:  14.05623745918274
Exciton, frame 4944 ran in:  14.040709257125854
Exciton, frame 4945 ran in:  14.035332679748535
Exciton, frame 4946 ran in:  13.819028377532959
Exciton, frame 4947 ran in:  14.074658393859863
Exciton, frame 4948 ran in:  14.166849374771118
Exciton, frame 4949 ran in:  14.142776250839233
Exciton, frame 4950 ran in:  13.771010160446167
Exciton, frame 4951 ran in:  13.991946935653687
Exciton, frame 4952 ran in:  13.846697092056274
Exciton, frame 4953 ran in:  13.440305948257446
Exciton, frame 4954 ran in:  13.877154350280762
Exciton, frame 4955 ran in:  13.896690368652344
Exciton, frame 4956 ran in:  13.73563551902771
Exciton, frame 4957 ran in:  13.737531423568726
Exciton, frame 4958 ran in:  13.499634504318237
Exciton, frame 4959 ran in:  13.680506706237793
Exciton, frame 4960 ran in:  13.520003080368042
Exciton, frame 4961 ran in:  13.547090530395508
Exciton, frame 4962 ran in:  14.226516723632812
Exciton, frame 4963 ran in:  14.099279642105103
Exciton, frame 4964 ran in:  13.966144800186157
Exciton, frame 4965 ran in:  13.404016017913818
Exciton, frame 4966 ran in:  13.951290607452393
Exciton, frame 4967 ran in:  14.059479713439941
Exciton, frame 4968 ran in:  14.088209390640259
Exciton, frame 4969 ran in:  14.006501913070679
Exciton, frame 4970 ran in:  13.990190982818604
Exciton, frame 4971 ran in:  13.575098752975464
Exciton, frame 4972 ran in:  13.674127340316772
Exciton, frame 4973 ran in:  13.715736389160156
Exciton, frame 4974 ran in:  13.71654200553894
Exciton, frame 4975 ran in:  13.999264001846313
Exciton, frame 4976 ran in:  13.842221021652222
Exciton, frame 4977 ran in:  13.662098169326782
Exciton, frame 4978 ran in:  13.467589139938354
Exciton, frame 4979 ran in:  14.038236379623413
Exciton, frame 4980 ran in:  14.03555178642273
Exciton, frame 4981 ran in:  13.598617553710938
Exciton, frame 4982 ran in:  13.652687311172485
Exciton, frame 4983 ran in:  14.092697381973267
Exciton, frame 4984 ran in:  13.768062114715576
Exciton, frame 4985 ran in:  13.77675175666809
Exciton, frame 4986 ran in:  13.89801025390625
Exciton, frame 4987 ran in:  13.951271533966064
Exciton, frame 4988 ran in:  14.030346870422363
Exciton, frame 4989 ran in:  13.790476560592651
Exciton, frame 4990 ran in:  13.9759202003479
Exciton, frame 4991 ran in:  13.700727462768555
Exciton, frame 4992 ran in:  14.086901426315308
Exciton, frame 4993 ran in:  13.495230674743652
Exciton, frame 4994 ran in:  14.093400478363037
Exciton, frame 4995 ran in:  14.059856176376343
Exciton, frame 4996 ran in:  13.984593152999878
Exciton, frame 4997 ran in:  14.1454758644104
Exciton, frame 4998 ran in:  13.520208358764648
Exciton, frame 4999 ran in:  13.730562448501587
Finished 'run_trajectory' in 13987.086406 secs
