
================================================================================
          _____________ ________ _______________ ________     _________         
         / ___________// ______ \\_____   _____// ______ \   / ________)        
        / /_________  / /      \ \     | |     / /      \ \ | (_______          
       |  __________|| |        | |    | |    | |        | | \________ \        
        \ \_________ | |        | |    | |     \ \______/ /___________) |       
         \__________||_|        |_|    |_|      \________//____________/        
                                                                                
====================================[ Qcore ]===================================

 Git describe: 2.3.0-166-g4178ddb
 Compiler:     GNU 9.1.0
 Build type:   Release
 Version:      2.3.0-166-g4178ddb

 Start time:   Fri Jan 21 17:58:25 2022

 Data directory: /user/home/of15641/.local/src/Qcore/release/share/entos/qcore/data
 Number of threads: 32
 Number of threads was determined by: number of physical cores

 --------------------------------------------------------------------------------
                                 command: hessian                                
 --------------------------------------------------------------------------------

 -------------------------------
  Numerical Geometrical Hessian 
 -------------------------------

 Compute hessian using two-point central differentiation.
 Step size (bohr):                       0.0100

 Frequencies (including translational and rotational modes):
 mode    frequency (cm-1)
    0              289.57 i (imaginary)
    1              282.53 i (imaginary)
    2              281.40 i (imaginary)
    3              277.70 i (imaginary)
    4              236.94 i (imaginary)
    5              227.38 i (imaginary)
    6              208.98 i (imaginary)
    7              202.67 i (imaginary)
    8              178.77 i (imaginary)
    9              170.07 i (imaginary)
   10              164.22 i (imaginary)
   11              161.33 i (imaginary)
   12              155.82 i (imaginary)
   13              149.84 i (imaginary)
   14              149.60 i (imaginary)
   15              147.00 i (imaginary)
   16              144.73 i (imaginary)
   17              138.57 i (imaginary)
   18              135.10 i (imaginary)
   19              109.02 i (imaginary)
   20              100.58 i (imaginary)
   21               67.10 i (imaginary)
   22               53.12 i (imaginary)
   23               50.46 i (imaginary)
   24               49.69 i (imaginary)
   25               40.44 i (imaginary)
   26               34.45 i (imaginary)
   27               22.89 i (imaginary)
   28               10.24 i (imaginary)
   29                3.74 i (imaginary)
   30                1.84 i (imaginary)
   31                1.00 i (imaginary)
   32                8.77
   33               11.94
   34               12.97
   35               15.97
   36               19.45
   37               20.24
   38               24.73
   39               28.33
   40               36.76
   41               39.85
   42               41.37
   43               45.49
   44               47.91
   45               49.02
   46               50.11
   47               51.37
   48               53.98
   49               57.15
   50               58.96
   51               60.61
   52               62.39
   53               67.60
   54               68.46
   55               70.04
   56               73.03
   57               74.44
   58               77.80
   59               80.09
   60               81.38
   61               83.56
   62               86.64
   63               88.04
   64               90.18
   65               92.89
   66               94.69
   67               96.09
   68               96.67
   69              100.04
   70              101.48
   71              103.33
   72              104.85
   73              106.87
   74              107.81
   75              109.15
   76              110.09
   77              112.65
   78              113.85
   79              118.41
   80              119.51
   81              120.05
   82              126.45
   83              130.95
   84              132.22
   85              134.07
   86              136.60
   87              137.07
   88              138.72
   89              139.85
   90              143.29
   91              143.67
   92              145.31
   93              146.80
   94              147.69
   95              150.36
   96              152.05
   97              153.96
   98              156.32
   99              157.94
  100              158.39
  101              160.35
  102              160.47
  103              165.04
  104              165.69
  105              169.33
  106              170.88
  107              173.74
  108              176.02
  109              178.31
  110              179.11
  111              181.82
  112              182.82
  113              185.75
  114              186.66
  115              191.83
  116              194.91
  117              196.89
  118              197.59
  119              200.66
  120              200.98
  121              205.37
  122              208.93
  123              210.59
  124              214.29
  125              217.38
  126              218.07
  127              220.65
  128              220.88
  129              222.28
  130              223.34
  131              223.43
  132              223.82
  133              224.84
  134              227.23
  135              231.40
  136              233.51
  137              234.61
  138              236.19
  139              236.91
  140              237.16
  141              241.29
  142              242.74
  143              244.81
  144              245.50
  145              249.29
  146              249.57
  147              250.91
  148              254.34
  149              255.67
  150              259.48
  151              260.83
  152              265.77
  153              269.35
  154              270.48
  155              272.63
  156              274.08
  157              274.36
  158              282.00
  159              283.01
  160              286.94
  161              288.41
  162              290.14
  163              290.46
  164              292.06
  165              295.99
  166              300.40
  167              304.21
  168              307.47
  169              310.07
  170              310.73
  171              312.90
  172              313.35
  173              317.34
  174              320.60
  175              321.46
  176              327.23
  177              329.26
  178              332.62
  179              335.01
  180              335.28
  181              336.70
  182              338.01
  183              339.91
  184              340.24
  185              342.19
  186              347.33
  187              351.01
  188              351.48
  189              352.22
  190              353.79
  191              360.69
  192              361.13
  193              362.64
  194              363.36
  195              364.40
  196              367.38
  197              368.13
  198              373.34
  199              376.50
  200              389.48
  201              392.79
  202              394.60
  203              395.47
  204              400.64
  205              402.52
  206              403.21
  207              408.07
  208              411.54
  209              414.55
  210              416.21
  211              418.34
  212              419.43
  213              419.78
  214              427.29
  215              434.13
  216              435.61
  217              442.47
  218              445.12
  219              447.09
  220              450.66
  221              451.06
  222              454.70
  223              467.35
  224              469.36
  225              471.65
  226              479.41
  227              482.73
  228              485.61
  229              486.74
  230              489.25
  231              491.34
  232              495.81
  233              496.81
  234              503.45
  235              508.12
  236              513.47
  237              515.73
  238              525.56
  239              526.88
  240              538.43
  241              542.70
  242              549.11
  243              557.45
  244              560.90
  245              563.86
  246              564.64
  247              567.06
  248              569.24
  249              569.59
  250              573.76
  251              575.80
  252              577.87
  253              583.42
  254              588.96
  255              591.66
  256              597.78
  257              602.25
  258              603.83
  259              605.64
  260              609.34
  261              621.48
  262              621.78
  263              629.98
  264              633.79
  265              636.44
  266              641.52
  267              644.16
  268              647.71
  269              652.38
  270              657.54
  271              664.07
  272              665.07
  273              668.92
  274              681.11
  275              681.22
  276              690.18
  277              693.88
  278              694.63
  279              699.94
  280              700.84
  281              702.31
  282              706.18
  283              706.47
  284              708.72
  285              715.94
  286              716.63
  287              721.64
  288              724.67
  289              726.91
  290              728.18
  291              728.69
  292              729.73
  293              736.10
  294              737.86
  295              739.57
  296              741.49
  297              741.83
  298              743.38
  299              748.49
  300              754.82
  301              756.94
  302              761.74
  303              762.84
  304              766.84
  305              767.22
  306              769.28
  307              769.60
  308              775.59
  309              776.05
  310              783.30
  311              785.36
  312              787.49
  313              791.05
  314              792.01
  315              793.21
  316              795.99
  317              796.51
  318              797.94
  319              801.46
  320              804.05
  321              808.69
  322              813.24
  323              814.67
  324              816.77
  325              823.55
  326              823.95
  327              824.86
  328              826.91
  329              829.67
  330              831.71
  331              835.90
  332              837.02
  333              841.06
  334              841.71
  335              842.41
  336              847.52
  337              850.88
  338              853.07
  339              855.11
  340              857.98
  341              859.28
  342              860.84
  343              866.66
  344              867.05
  345              867.37
  346              870.17
  347              873.37
  348              877.26
  349              877.63
  350              878.71
  351              879.04
  352              879.18
  353              881.54
  354              882.80
  355              884.27
  356              884.70
  357              888.45
  358              891.11
  359              891.80
  360              893.38
  361              896.90
  362              897.02
  363              900.12
  364              903.47
  365              904.27
  366              905.09
  367              907.94
  368              908.26
  369              911.92
  370              913.12
  371              913.51
  372              915.08
  373              917.85
  374              918.43
  375              920.47
  376              924.80
  377              925.51
  378              926.87
  379              928.60
  380              930.87
  381              934.27
  382              938.93
  383              941.23
  384              941.60
  385              944.32
  386              948.74
  387              950.48
  388              951.70
  389              951.78
  390              952.36
  391              954.73
  392              957.65
  393              959.28
  394              964.60
  395              966.71
  396              968.53
  397              970.52
  398              972.08
  399              973.77
  400              975.29
  401              976.65
  402              977.88
  403              982.10
  404              986.02
  405              986.97
  406              988.46
  407              993.81
  408              994.58
  409              996.77
  410              998.04
  411              999.44
  412              999.55
  413             1001.74
  414             1002.26
  415             1006.83
  416             1011.44
  417             1016.18
  418             1016.37
  419             1019.16
  420             1023.09
  421             1023.59
  422             1025.00
  423             1028.19
  424             1034.51
  425             1038.72
  426             1039.11
  427             1040.90
  428             1043.06
  429             1044.27
  430             1045.45
  431             1048.60
  432             1049.76
  433             1051.05
  434             1052.79
  435             1055.39
  436             1055.81
  437             1056.79
  438             1060.62
  439             1064.53
  440             1067.31
  441             1068.26
  442             1070.42
  443             1072.01
  444             1073.80
  445             1075.14
  446             1077.04
  447             1077.19
  448             1080.13
  449             1081.86
  450             1084.28
  451             1086.79
  452             1088.24
  453             1088.46
  454             1089.88
  455             1090.63
  456             1095.24
  457             1098.55
  458             1100.74
  459             1103.61
  460             1104.53
  461             1106.79
  462             1110.22
  463             1111.56
  464             1113.39
  465             1114.75
  466             1117.30
  467             1120.95
  468             1124.41
  469             1128.98
  470             1130.22
  471             1130.74
  472             1130.96
  473             1132.30
  474             1133.06
  475             1135.91
  476             1137.58
  477             1138.28
  478             1139.24
  479             1141.33
  480             1143.77
  481             1145.40
  482             1145.77
  483             1145.91
  484             1147.51
  485             1149.77
  486             1151.61
  487             1156.78
  488             1158.69
  489             1161.36
  490             1163.90
  491             1164.93
  492             1165.88
  493             1170.81
  494             1171.87
  495             1175.86
  496             1177.93
  497             1182.37
  498             1183.14
  499             1183.91
  500             1184.55
  501             1185.76
  502             1186.71
  503             1190.56
  504             1191.64
  505             1197.36
  506             1197.97
  507             1200.71
  508             1203.71
  509             1207.93
  510             1209.05
  511             1212.07
  512             1215.73
  513             1216.71
  514             1221.46
  515             1222.01
  516             1222.09
  517             1224.59
  518             1226.48
  519             1228.78
  520             1231.71
  521             1233.36
  522             1233.86
  523             1238.03
  524             1239.07
  525             1244.13
  526             1244.31
  527             1246.40
  528             1247.19
  529             1248.84
  530             1249.00
  531             1249.87
  532             1254.46
  533             1255.11
  534             1256.98
  535             1259.02
  536             1261.70
  537             1264.97
  538             1265.45
  539             1265.77
  540             1269.77
  541             1272.19
  542             1273.87
  543             1276.31
  544             1276.57
  545             1278.29
  546             1279.04
  547             1279.76
  548             1279.93
  549             1284.32
  550             1287.50
  551             1289.04
  552             1290.19
  553             1290.92
  554             1291.19
  555             1291.63
  556             1293.80
  557             1294.41
  558             1295.04
  559             1295.60
  560             1298.08
  561             1300.98
  562             1302.33
  563             1302.87
  564             1305.26
  565             1305.77
  566             1305.88
  567             1306.20
  568             1307.28
  569             1308.11
  570             1312.80
  571             1317.14
  572             1319.45
  573             1321.08
  574             1321.38
  575             1321.64
  576             1321.66
  577             1322.17
  578             1322.56
  579             1322.96
  580             1323.91
  581             1324.89
  582             1326.35
  583             1328.22
  584             1328.34
  585             1328.70
  586             1333.77
  587             1336.89
  588             1339.07
  589             1339.18
  590             1339.77
  591             1340.57
  592             1341.18
  593             1343.95
  594             1345.17
  595             1345.43
  596             1345.61
  597             1345.67
  598             1346.07
  599             1347.19
  600             1349.91
  601             1351.35
  602             1352.37
  603             1353.29
  604             1354.07
  605             1356.89
  606             1357.77
  607             1358.08
  608             1358.23
  609             1360.06
  610             1360.54
  611             1361.38
  612             1362.07
  613             1366.05
  614             1367.23
  615             1367.35
  616             1367.41
  617             1367.77
  618             1369.82
  619             1370.28
  620             1371.71
  621             1373.29
  622             1374.09
  623             1375.24
  624             1375.32
  625             1375.79
  626             1377.76
  627             1378.56
  628             1380.45
  629             1380.73
  630             1382.77
  631             1384.28
  632             1387.34
  633             1387.64
  634             1390.59
  635             1391.24
  636             1391.72
  637             1392.59
  638             1393.39
  639             1393.71
  640             1394.15
  641             1396.21
  642             1397.79
  643             1399.90
  644             1400.92
  645             1403.10
  646             1403.97
  647             1404.78
  648             1405.12
  649             1405.71
  650             1406.20
  651             1408.16
  652             1411.96
  653             1412.21
  654             1417.39
  655             1417.80
  656             1418.59
  657             1423.87
  658             1424.98
  659             1427.31
  660             1428.05
  661             1433.35
  662             1436.66
  663             1446.88
  664             1449.20
  665             1451.66
  666             1462.71
  667             1467.57
  668             1477.38
  669             1493.89
  670             1495.24
  671             1503.31
  672             1512.31
  673             1514.74
  674             1522.61
  675             1537.65
  676             1542.19
  677             1548.85
  678             1551.51
  679             1568.78
  680             1580.75
  681             1592.48
  682             1639.39
  683             1647.12
  684             1660.41
  685             1664.37
  686             1668.97
  687             1673.17
  688             1708.86
  689             1740.27
  690             1752.02
  691             1814.92
  692             2944.25
  693             2951.37
  694             2954.94
  695             2956.02
  696             2957.37
  697             2958.46
  698             2960.24
  699             2960.89
  700             2961.27
  701             2962.19
  702             2962.54
  703             2963.85
  704             2967.38
  705             2968.25
  706             2969.40
  707             2973.37
  708             2976.04
  709             2976.94
  710             2977.58
  711             2978.20
  712             2978.59
  713             2982.43
  714             2983.68
  715             2989.47
  716             3004.58
  717             3007.28
  718             3016.46
  719             3018.60
  720             3020.67
  721             3021.65
  722             3024.03
  723             3025.76
  724             3026.77
  725             3027.47
  726             3028.58
  727             3030.17
  728             3031.52
  729             3032.71
  730             3034.46
  731             3035.33
  732             3035.59
  733             3037.17
  734             3039.67
  735             3041.20
  736             3042.25
  737             3043.44
  738             3045.62
  739             3047.17
  740             3048.13
  741             3052.42
  742             3052.74
  743             3058.27
  744             3060.45
  745             3062.52
  746             3064.17
  747             3065.33
  748             3069.01
  749             3069.95
  750             3071.00
  751             3072.14
  752             3076.88
  753             3077.48
  754             3077.77
  755             3078.18
  756             3080.56
  757             3080.97
  758             3082.91
  759             3084.23
  760             3084.84
  761             3086.08
  762             3089.40
  763             3090.58
  764             3092.13
  765             3093.18
  766             3094.50
  767             3094.87
  768             3095.19
  769             3095.50
  770             3098.10
  771             3099.88
  772             3105.89
  773             3108.61
  774             3108.67
  775             3109.52
  776             3109.56
  777             3109.58
  778             3110.17
  779             3110.97
  780             3111.76
  781             3111.78
  782             3112.39
  783             3112.63
  784             3112.73
  785             3113.13
  786             3115.08
  787             3115.13
  788             3115.36
  789             3115.68
  790             3115.85
  791             3116.22
  792             3116.27
  793             3116.76
  794             3116.84
  795             3117.27
  796             3117.58
  797             3117.60
  798             3119.02
  799             3119.27
  800             3120.49
  801             3121.71
  802             3121.97
  803             3122.39
  804             3122.64
  805             3122.80
  806             3122.98
  807             3123.28
  808             3123.30
  809             3124.26
  810             3124.30
  811             3124.82
  812             3125.47
  813             3125.61
  814             3125.92
  815             3125.97
  816             3126.14
  817             3126.74
  818             3127.48
  819             3127.59
  820             3127.76
  821             3127.78
  822             3127.86
  823             3127.91
  824             3128.11
  825             3129.15
  826             3130.49
  827             3131.34
  828             3131.50
  829             3131.62
  830             3132.95
  831             3137.49
  832             3137.52
  833             3137.95
  834             3138.12
  835             3138.45
  836             3138.85
  837             3139.28
  838             3140.32
  839             3143.63

 Project out translational and rotational motions 

 Degrees of freedom for translational and rotational motions: 6

 Vibrational frequencies:
 mode    frequency (cm-1)
    0              289.56 i (imaginary)
    1              282.53 i (imaginary)
    2              281.36 i (imaginary)
    3              277.70 i (imaginary)
    4              236.93 i (imaginary)
    5              227.37 i (imaginary)
    6              208.96 i (imaginary)
    7              202.66 i (imaginary)
    8              178.76 i (imaginary)
    9              170.05 i (imaginary)
   10              164.22 i (imaginary)
   11              161.33 i (imaginary)
   12              155.79 i (imaginary)
   13              149.84 i (imaginary)
   14              149.55 i (imaginary)
   15              146.99 i (imaginary)
   16              144.66 i (imaginary)
   17              138.54 i (imaginary)
   18              135.09 i (imaginary)
   19              109.00 i (imaginary)
   20              100.50 i (imaginary)
   21               67.08 i (imaginary)
   22               53.07 i (imaginary)
   23               50.29 i (imaginary)
   24               49.59 i (imaginary)
   25               40.39 i (imaginary)
   26               33.23 i (imaginary)
   27               22.80 i (imaginary)
   28                4.44
   29               10.78
   30               14.55
   31               19.31
   32               24.37
   33               26.96
   34               36.52
   35               39.18
   36               40.21
   37               44.81
   38               46.95
   39               48.23
   40               49.06
   41               50.67
   42               53.41
   43               56.46
   44               58.22
   45               60.23
   46               62.26
   47               67.43
   48               68.42
   49               69.63
   50               73.01
   51               74.40
   52               77.79
   53               80.03
   54               81.07
   55               83.32
   56               86.45
   57               87.95
   58               90.17
   59               92.81
   60               94.66
   61               96.09
   62               96.65
   63              100.01
   64              101.46
   65              103.28
   66              104.84
   67              106.85
   68              107.78
   69              109.14
   70              110.09
   71              112.63
   72              113.73
   73              118.37
   74              119.49
   75              120.00
   76              126.41
   77              130.91
   78              132.16
   79              134.06
   80              136.54
   81              137.01
   82              138.67
   83              139.84
   84              143.21
   85              143.65
   86              145.31
   87              146.77
   88              147.66
   89              150.34
   90              152.04
   91              153.95
   92              156.30
   93              157.91
   94              158.35
   95              160.30
   96              160.46
   97              165.00
   98              165.68
   99              169.31
  100              170.86
  101              173.72
  102              175.98
  103              178.31
  104              179.11
  105              181.82
  106              182.81
  107              185.75
  108              186.65
  109              191.81
  110              194.90
  111              196.84
  112              197.58
  113              200.65
  114              200.97
  115              205.36
  116              208.93
  117              210.59
  118              214.27
  119              217.38
  120              218.06
  121              220.65
  122              220.86
  123              222.26
  124              223.34
  125              223.42
  126              223.82
  127              224.83
  128              227.22
  129              231.39
  130              233.51
  131              234.58
  132              236.18
  133              236.91
  134              237.15
  135              241.28
  136              242.74
  137              244.80
  138              245.49
  139              249.29
  140              249.57
  141              250.91
  142              254.34
  143              255.67
  144              259.46
  145              260.82
  146              265.77
  147              269.35
  148              270.48
  149              272.63
  150              274.08
  151              274.36
  152              282.00
  153              283.01
  154              286.94
  155              288.40
  156              290.13
  157              290.46
  158              292.05
  159              295.97
  160              300.38
  161              304.20
  162              307.45
  163              310.06
  164              310.73
  165              312.90
  166              313.35
  167              317.34
  168              320.59
  169              321.46
  170              327.22
  171              329.26
  172              332.62
  173              335.01
  174              335.28
  175              336.70
  176              338.01
  177              339.91
  178              340.24
  179              342.19
  180              347.33
  181              351.01
  182              351.47
  183              352.22
  184              353.79
  185              360.69
  186              361.13
  187              362.62
  188              363.36
  189              364.39
  190              367.38
  191              368.13
  192              373.34
  193              376.49
  194              389.47
  195              392.79
  196              394.60
  197              395.46
  198              400.64
  199              402.51
  200              403.21
  201              408.07
  202              411.53
  203              414.55
  204              416.21
  205              418.34
  206              419.42
  207              419.78
  208              427.29
  209              434.12
  210              435.61
  211              442.47
  212              445.11
  213              447.09
  214              450.66
  215              451.06
  216              454.70
  217              467.35
  218              469.35
  219              471.65
  220              479.41
  221              482.73
  222              485.60
  223              486.73
  224              489.25
  225              491.34
  226              495.80
  227              496.81
  228              503.45
  229              508.11
  230              513.47
  231              515.73
  232              525.56
  233              526.88
  234              538.42
  235              542.70
  236              549.11
  237              557.45
  238              560.90
  239              563.85
  240              564.64
  241              567.06
  242              569.24
  243              569.58
  244              573.76
  245              575.79
  246              577.87
  247              583.41
  248              588.96
  249              591.66
  250              597.78
  251              602.25
  252              603.83
  253              605.63
  254              609.33
  255              621.48
  256              621.78
  257              629.98
  258              633.79
  259              636.44
  260              641.52
  261              644.16
  262              647.71
  263              652.37
  264              657.54
  265              664.07
  266              665.07
  267              668.92
  268              681.11
  269              681.22
  270              690.18
  271              693.88
  272              694.63
  273              699.94
  274              700.84
  275              702.31
  276              706.18
  277              706.47
  278              708.72
  279              715.94
  280              716.63
  281              721.64
  282              724.66
  283              726.91
  284              728.18
  285              728.69
  286              729.73
  287              736.10
  288              737.86
  289              739.57
  290              741.49
  291              741.83
  292              743.38
  293              748.48
  294              754.82
  295              756.94
  296              761.74
  297              762.84
  298              766.84
  299              767.21
  300              769.28
  301              769.60
  302              775.59
  303              776.05
  304              783.30
  305              785.36
  306              787.49
  307              791.05
  308              792.01
  309              793.21
  310              795.99
  311              796.51
  312              797.94
  313              801.45
  314              804.05
  315              808.69
  316              813.24
  317              814.67
  318              816.77
  319              823.55
  320              823.95
  321              824.86
  322              826.91
  323              829.67
  324              831.71
  325              835.90
  326              837.02
  327              841.06
  328              841.71
  329              842.41
  330              847.52
  331              850.88
  332              853.07
  333              855.11
  334              857.98
  335              859.28
  336              860.84
  337              866.66
  338              867.05
  339              867.37
  340              870.17
  341              873.37
  342              877.26
  343              877.63
  344              878.71
  345              879.04
  346              879.18
  347              881.54
  348              882.80
  349              884.27
  350              884.70
  351              888.45
  352              891.11
  353              891.80
  354              893.38
  355              896.90
  356              897.02
  357              900.12
  358              903.47
  359              904.27
  360              905.09
  361              907.94
  362              908.26
  363              911.92
  364              913.12
  365              913.51
  366              915.08
  367              917.84
  368              918.43
  369              920.47
  370              924.80
  371              925.51
  372              926.87
  373              928.60
  374              930.87
  375              934.27
  376              938.93
  377              941.23
  378              941.60
  379              944.32
  380              948.74
  381              950.48
  382              951.70
  383              951.78
  384              952.36
  385              954.73
  386              957.65
  387              959.28
  388              964.60
  389              966.71
  390              968.53
  391              970.52
  392              972.08
  393              973.77
  394              975.29
  395              976.65
  396              977.88
  397              982.10
  398              986.02
  399              986.97
  400              988.46
  401              993.81
  402              994.58
  403              996.77
  404              998.04
  405              999.44
  406              999.55
  407             1001.74
  408             1002.26
  409             1006.83
  410             1011.44
  411             1016.18
  412             1016.37
  413             1019.16
  414             1023.09
  415             1023.58
  416             1025.00
  417             1028.19
  418             1034.51
  419             1038.72
  420             1039.11
  421             1040.90
  422             1043.06
  423             1044.27
  424             1045.45
  425             1048.60
  426             1049.76
  427             1051.05
  428             1052.79
  429             1055.39
  430             1055.81
  431             1056.79
  432             1060.62
  433             1064.53
  434             1067.31
  435             1068.26
  436             1070.42
  437             1072.01
  438             1073.80
  439             1075.13
  440             1077.04
  441             1077.19
  442             1080.13
  443             1081.86
  444             1084.28
  445             1086.79
  446             1088.24
  447             1088.46
  448             1089.88
  449             1090.62
  450             1095.24
  451             1098.55
  452             1100.74
  453             1103.61
  454             1104.53
  455             1106.79
  456             1110.22
  457             1111.56
  458             1113.39
  459             1114.75
  460             1117.30
  461             1120.95
  462             1124.41
  463             1128.98
  464             1130.22
  465             1130.74
  466             1130.96
  467             1132.30
  468             1133.06
  469             1135.91
  470             1137.58
  471             1138.28
  472             1139.24
  473             1141.33
  474             1143.77
  475             1145.40
  476             1145.77
  477             1145.91
  478             1147.51
  479             1149.77
  480             1151.61
  481             1156.78
  482             1158.69
  483             1161.36
  484             1163.90
  485             1164.93
  486             1165.88
  487             1170.81
  488             1171.87
  489             1175.86
  490             1177.93
  491             1182.37
  492             1183.14
  493             1183.91
  494             1184.55
  495             1185.76
  496             1186.71
  497             1190.56
  498             1191.64
  499             1197.36
  500             1197.97
  501             1200.71
  502             1203.71
  503             1207.93
  504             1209.05
  505             1212.07
  506             1215.73
  507             1216.71
  508             1221.46
  509             1222.01
  510             1222.09
  511             1224.59
  512             1226.48
  513             1228.78
  514             1231.71
  515             1233.36
  516             1233.86
  517             1238.03
  518             1239.07
  519             1244.13
  520             1244.31
  521             1246.40
  522             1247.19
  523             1248.84
  524             1249.00
  525             1249.87
  526             1254.46
  527             1255.11
  528             1256.98
  529             1259.02
  530             1261.70
  531             1264.97
  532             1265.45
  533             1265.77
  534             1269.77
  535             1272.19
  536             1273.87
  537             1276.31
  538             1276.57
  539             1278.29
  540             1279.04
  541             1279.76
  542             1279.92
  543             1284.32
  544             1287.50
  545             1289.03
  546             1290.19
  547             1290.92
  548             1291.19
  549             1291.63
  550             1293.80
  551             1294.41
  552             1295.04
  553             1295.60
  554             1298.08
  555             1300.98
  556             1302.33
  557             1302.87
  558             1305.26
  559             1305.77
  560             1305.88
  561             1306.20
  562             1307.28
  563             1308.11
  564             1312.80
  565             1317.14
  566             1319.45
  567             1321.08
  568             1321.38
  569             1321.64
  570             1321.66
  571             1322.17
  572             1322.56
  573             1322.96
  574             1323.91
  575             1324.89
  576             1326.35
  577             1328.22
  578             1328.34
  579             1328.70
  580             1333.77
  581             1336.89
  582             1339.07
  583             1339.18
  584             1339.77
  585             1340.57
  586             1341.18
  587             1343.95
  588             1345.17
  589             1345.43
  590             1345.61
  591             1345.67
  592             1346.07
  593             1347.19
  594             1349.91
  595             1351.35
  596             1352.37
  597             1353.29
  598             1354.07
  599             1356.89
  600             1357.77
  601             1358.08
  602             1358.23
  603             1360.06
  604             1360.54
  605             1361.38
  606             1362.07
  607             1366.05
  608             1367.23
  609             1367.35
  610             1367.41
  611             1367.77
  612             1369.82
  613             1370.28
  614             1371.71
  615             1373.29
  616             1374.08
  617             1375.24
  618             1375.32
  619             1375.79
  620             1377.76
  621             1378.56
  622             1380.45
  623             1380.73
  624             1382.77
  625             1384.28
  626             1387.34
  627             1387.64
  628             1390.59
  629             1391.24
  630             1391.72
  631             1392.59
  632             1393.39
  633             1393.71
  634             1394.15
  635             1396.21
  636             1397.79
  637             1399.90
  638             1400.92
  639             1403.10
  640             1403.97
  641             1404.78
  642             1405.12
  643             1405.71
  644             1406.20
  645             1408.16
  646             1411.96
  647             1412.21
  648             1417.39
  649             1417.80
  650             1418.59
  651             1423.87
  652             1424.98
  653             1427.31
  654             1428.05
  655             1433.35
  656             1436.66
  657             1446.88
  658             1449.20
  659             1451.66
  660             1462.71
  661             1467.57
  662             1477.38
  663             1493.89
  664             1495.24
  665             1503.31
  666             1512.31
  667             1514.74
  668             1522.61
  669             1537.65
  670             1542.19
  671             1548.85
  672             1551.51
  673             1568.78
  674             1580.75
  675             1592.48
  676             1639.39
  677             1647.12
  678             1660.41
  679             1664.37
  680             1668.97
  681             1673.17
  682             1708.86
  683             1740.27
  684             1752.02
  685             1814.92
  686             2944.25
  687             2951.37
  688             2954.94
  689             2956.02
  690             2957.37
  691             2958.46
  692             2960.24
  693             2960.89
  694             2961.27
  695             2962.19
  696             2962.54
  697             2963.85
  698             2967.38
  699             2968.25
  700             2969.40
  701             2973.37
  702             2976.04
  703             2976.94
  704             2977.58
  705             2978.20
  706             2978.59
  707             2982.43
  708             2983.68
  709             2989.47
  710             3004.58
  711             3007.28
  712             3016.46
  713             3018.60
  714             3020.67
  715             3021.65
  716             3024.03
  717             3025.76
  718             3026.77
  719             3027.47
  720             3028.58
  721             3030.17
  722             3031.52
  723             3032.71
  724             3034.46
  725             3035.33
  726             3035.59
  727             3037.17
  728             3039.67
  729             3041.20
  730             3042.25
  731             3043.44
  732             3045.62
  733             3047.17
  734             3048.13
  735             3052.42
  736             3052.74
  737             3058.27
  738             3060.45
  739             3062.52
  740             3064.16
  741             3065.33
  742             3069.01
  743             3069.95
  744             3071.00
  745             3072.14
  746             3076.88
  747             3077.48
  748             3077.77
  749             3078.18
  750             3080.56
  751             3080.97
  752             3082.91
  753             3084.23
  754             3084.84
  755             3086.08
  756             3089.40
  757             3090.58
  758             3092.13
  759             3093.18
  760             3094.50
  761             3094.87
  762             3095.19
  763             3095.50
  764             3098.10
  765             3099.88
  766             3105.89
  767             3108.61
  768             3108.67
  769             3109.52
  770             3109.56
  771             3109.58
  772             3110.17
  773             3110.97
  774             3111.76
  775             3111.78
  776             3112.39
  777             3112.63
  778             3112.73
  779             3113.13
  780             3115.08
  781             3115.13
  782             3115.36
  783             3115.68
  784             3115.85
  785             3116.22
  786             3116.27
  787             3116.76
  788             3116.84
  789             3117.27
  790             3117.58
  791             3117.60
  792             3119.02
  793             3119.27
  794             3120.49
  795             3121.71
  796             3121.97
  797             3122.39
  798             3122.64
  799             3122.80
  800             3122.98
  801             3123.28
  802             3123.30
  803             3124.26
  804             3124.30
  805             3124.82
  806             3125.47
  807             3125.61
  808             3125.92
  809             3125.97
  810             3126.14
  811             3126.74
  812             3127.48
  813             3127.59
  814             3127.76
  815             3127.78
  816             3127.86
  817             3127.91
  818             3128.11
  819             3129.15
  820             3130.49
  821             3131.34
  822             3131.50
  823             3131.62
  824             3132.95
  825             3137.49
  826             3137.52
  827             3137.95
  828             3138.12
  829             3138.45
  830             3138.85
  831             3139.28
  832             3140.32
  833             3143.63
 Saving results in set 'hess'

 --------------------------------------------------------------------------------

 End time:                               Fri Jan 21 18:03:07 2022
 Total wall-clock time:                281.866 seconds
==================================================================================
