
================================================================================
          _____________ ________ _______________ ________     _________         
         / ___________// ______ \\_____   _____// ______ \   / ________)        
        / /_________  / /      \ \     | |     / /      \ \ | (_______          
       |  __________|| |        | |    | |    | |        | | \________ \        
        \ \_________ | |        | |    | |     \ \______/ /___________) |       
         \__________||_|        |_|    |_|      \________//____________/        
                                                                                
====================================[ Qcore ]===================================

 Git describe: 2.3.0-166-g4178ddb
 Compiler:     GNU 9.1.0
 Build type:   Release
 Version:      2.3.0-166-g4178ddb

 Start time:   Fri Jan 21 19:33:09 2022

 Data directory: /user/home/of15641/.local/src/Qcore/release/share/entos/qcore/data
 Number of threads: 32
 Number of threads was determined by: number of physical cores

 --------------------------------------------------------------------------------
                                 command: hessian                                
 --------------------------------------------------------------------------------

 -------------------------------
  Numerical Geometrical Hessian 
 -------------------------------

 Compute hessian using two-point central differentiation.
 Step size (bohr):                       0.0100

 Frequencies (including translational and rotational modes):
 mode    frequency (cm-1)
    0              308.08 i (imaginary)
    1              279.93 i (imaginary)
    2              269.62 i (imaginary)
    3              255.39 i (imaginary)
    4              240.98 i (imaginary)
    5              236.71 i (imaginary)
    6              201.52 i (imaginary)
    7              194.65 i (imaginary)
    8              193.63 i (imaginary)
    9              179.57 i (imaginary)
   10              175.23 i (imaginary)
   11              172.46 i (imaginary)
   12              151.61 i (imaginary)
   13              142.51 i (imaginary)
   14              141.53 i (imaginary)
   15              130.04 i (imaginary)
   16              110.04 i (imaginary)
   17              103.95 i (imaginary)
   18               91.27 i (imaginary)
   19               75.56 i (imaginary)
   20               45.05 i (imaginary)
   21               27.35 i (imaginary)
   22               18.25 i (imaginary)
   23               14.02 i (imaginary)
   24               12.18 i (imaginary)
   25                3.21 i (imaginary)
   26                0.58 i (imaginary)
   27                1.22
   28                4.53
   29                8.97
   30               12.04
   31               13.32
   32               15.16
   33               18.49
   34               20.42
   35               30.96
   36               33.24
   37               34.52
   38               37.36
   39               39.63
   40               39.95
   41               40.99
   42               43.57
   43               45.18
   44               45.84
   45               47.77
   46               53.07
   47               53.54
   48               53.84
   49               56.58
   50               58.18
   51               60.07
   52               64.52
   53               64.75
   54               66.66
   55               68.74
   56               73.76
   57               76.32
   58               77.58
   59               79.53
   60               82.88
   61               83.43
   62               86.12
   63               91.42
   64               92.73
   65               97.29
   66               98.03
   67              102.03
   68              104.16
   69              104.73
   70              106.76
   71              107.02
   72              110.13
   73              111.84
   74              112.59
   75              114.88
   76              115.12
   77              119.34
   78              122.59
   79              124.25
   80              124.71
   81              129.05
   82              131.12
   83              131.73
   84              132.45
   85              133.86
   86              134.91
   87              135.43
   88              137.93
   89              138.72
   90              144.82
   91              147.74
   92              149.84
   93              151.04
   94              153.05
   95              153.90
   96              155.54
   97              158.76
   98              163.53
   99              166.58
  100              166.94
  101              169.31
  102              169.78
  103              170.01
  104              172.31
  105              172.48
  106              174.66
  107              175.69
  108              175.84
  109              182.20
  110              182.55
  111              183.14
  112              188.52
  113              191.30
  114              193.13
  115              195.70
  116              197.47
  117              197.61
  118              198.61
  119              200.47
  120              201.37
  121              203.81
  122              205.66
  123              208.72
  124              209.71
  125              211.85
  126              213.17
  127              214.39
  128              215.67
  129              219.66
  130              222.51
  131              222.83
  132              224.71
  133              225.62
  134              229.20
  135              229.73
  136              230.34
  137              230.93
  138              235.11
  139              242.03
  140              242.58
  141              243.78
  142              246.50
  143              249.00
  144              250.05
  145              250.17
  146              251.55
  147              256.91
  148              261.03
  149              263.30
  150              264.18
  151              267.06
  152              269.18
  153              270.56
  154              271.09
  155              274.32
  156              276.85
  157              277.84
  158              279.16
  159              281.77
  160              284.53
  161              288.76
  162              290.39
  163              291.94
  164              296.86
  165              304.00
  166              306.06
  167              308.97
  168              314.82
  169              315.77
  170              319.04
  171              321.70
  172              326.18
  173              327.20
  174              332.46
  175              332.87
  176              332.98
  177              335.41
  178              338.24
  179              338.86
  180              340.14
  181              342.84
  182              344.45
  183              346.05
  184              352.23
  185              353.10
  186              361.60
  187              362.21
  188              365.91
  189              367.76
  190              368.37
  191              369.63
  192              372.09
  193              373.62
  194              377.39
  195              380.69
  196              383.40
  197              383.61
  198              385.42
  199              387.07
  200              390.73
  201              393.03
  202              402.47
  203              403.34
  204              407.21
  205              410.81
  206              411.86
  207              417.31
  208              419.45
  209              422.88
  210              424.66
  211              425.79
  212              428.42
  213              433.10
  214              435.21
  215              440.47
  216              442.66
  217              446.23
  218              451.20
  219              451.90
  220              462.31
  221              463.63
  222              466.12
  223              474.61
  224              481.29
  225              484.82
  226              487.34
  227              491.52
  228              492.19
  229              493.43
  230              495.26
  231              500.70
  232              502.64
  233              515.16
  234              522.90
  235              523.53
  236              527.82
  237              535.95
  238              537.62
  239              546.99
  240              548.95
  241              551.93
  242              552.76
  243              555.02
  244              559.33
  245              561.35
  246              570.46
  247              573.52
  248              573.70
  249              574.40
  250              574.89
  251              577.48
  252              581.81
  253              582.55
  254              584.12
  255              584.77
  256              590.76
  257              591.06
  258              597.52
  259              598.41
  260              605.41
  261              608.10
  262              613.70
  263              622.74
  264              630.30
  265              636.37
  266              636.54
  267              637.91
  268              643.61
  269              656.09
  270              663.48
  271              664.41
  272              667.14
  273              670.24
  274              670.52
  275              675.93
  276              677.14
  277              679.23
  278              680.59
  279              685.36
  280              688.99
  281              693.22
  282              693.79
  283              694.26
  284              697.51
  285              705.52
  286              709.04
  287              709.47
  288              710.56
  289              713.14
  290              716.47
  291              716.98
  292              717.54
  293              719.22
  294              727.60
  295              729.09
  296              733.63
  297              735.28
  298              741.07
  299              744.14
  300              745.64
  301              748.85
  302              751.58
  303              753.33
  304              758.64
  305              762.79
  306              763.25
  307              765.88
  308              768.56
  309              772.50
  310              776.54
  311              782.26
  312              786.14
  313              788.00
  314              789.45
  315              789.90
  316              792.69
  317              792.85
  318              800.95
  319              801.31
  320              803.71
  321              804.00
  322              806.05
  323              806.76
  324              810.16
  325              810.53
  326              814.22
  327              816.49
  328              816.88
  329              817.16
  330              820.40
  331              825.18
  332              825.92
  333              826.55
  334              832.12
  335              833.71
  336              834.57
  337              835.83
  338              838.29
  339              842.23
  340              845.05
  341              846.46
  342              850.75
  343              851.95
  344              852.52
  345              853.28
  346              854.06
  347              855.63
  348              856.40
  349              859.15
  350              860.28
  351              862.44
  352              865.44
  353              866.30
  354              870.91
  355              871.14
  356              871.54
  357              873.95
  358              881.36
  359              882.36
  360              882.72
  361              882.99
  362              885.49
  363              888.22
  364              890.17
  365              893.09
  366              896.42
  367              896.81
  368              899.54
  369              902.59
  370              903.65
  371              908.40
  372              912.16
  373              913.22
  374              913.79
  375              915.25
  376              919.05
  377              921.18
  378              921.45
  379              925.59
  380              925.91
  381              928.39
  382              932.57
  383              932.96
  384              935.53
  385              937.63
  386              938.73
  387              939.28
  388              940.59
  389              942.71
  390              943.16
  391              945.09
  392              945.95
  393              946.29
  394              947.76
  395              949.16
  396              950.67
  397              953.96
  398              959.16
  399              961.77
  400              962.01
  401              966.15
  402              966.91
  403              968.24
  404              968.51
  405              970.66
  406              972.71
  407              974.17
  408              975.01
  409              975.52
  410              978.63
  411              978.90
  412              984.18
  413              986.64
  414              995.07
  415              996.44
  416              997.33
  417              999.58
  418             1005.62
  419             1006.59
  420             1006.90
  421             1009.25
  422             1011.56
  423             1014.87
  424             1015.44
  425             1019.83
  426             1025.06
  427             1030.37
  428             1034.05
  429             1036.28
  430             1040.71
  431             1041.59
  432             1041.86
  433             1044.23
  434             1044.86
  435             1048.39
  436             1048.58
  437             1051.32
  438             1052.45
  439             1052.66
  440             1055.22
  441             1055.84
  442             1057.89
  443             1060.23
  444             1063.27
  445             1065.64
  446             1066.82
  447             1069.92
  448             1075.75
  449             1076.83
  450             1076.87
  451             1077.55
  452             1078.09
  453             1082.18
  454             1082.72
  455             1090.66
  456             1092.11
  457             1092.89
  458             1097.19
  459             1097.68
  460             1098.98
  461             1101.21
  462             1102.65
  463             1104.53
  464             1105.21
  465             1107.97
  466             1108.30
  467             1112.67
  468             1118.90
  469             1120.54
  470             1122.12
  471             1122.37
  472             1122.62
  473             1124.68
  474             1125.71
  475             1129.29
  476             1130.04
  477             1131.63
  478             1137.60
  479             1139.82
  480             1140.39
  481             1143.10
  482             1145.09
  483             1151.18
  484             1151.87
  485             1153.52
  486             1153.58
  487             1155.17
  488             1156.32
  489             1156.72
  490             1158.56
  491             1159.12
  492             1163.55
  493             1163.72
  494             1164.95
  495             1165.89
  496             1169.08
  497             1169.76
  498             1174.60
  499             1182.09
  500             1185.19
  501             1186.27
  502             1187.20
  503             1188.40
  504             1194.57
  505             1195.70
  506             1196.74
  507             1197.60
  508             1197.87
  509             1199.36
  510             1199.84
  511             1203.37
  512             1207.09
  513             1208.06
  514             1208.84
  515             1211.37
  516             1212.42
  517             1212.99
  518             1214.60
  519             1216.27
  520             1217.76
  521             1218.19
  522             1220.09
  523             1227.70
  524             1229.19
  525             1230.94
  526             1231.85
  527             1233.98
  528             1235.27
  529             1238.22
  530             1240.53
  531             1240.74
  532             1243.47
  533             1244.74
  534             1245.08
  535             1246.91
  536             1251.46
  537             1251.90
  538             1255.21
  539             1257.05
  540             1259.42
  541             1263.16
  542             1264.82
  543             1269.78
  544             1272.64
  545             1274.52
  546             1277.03
  547             1277.85
  548             1279.02
  549             1279.95
  550             1280.91
  551             1281.88
  552             1283.11
  553             1283.96
  554             1286.84
  555             1288.06
  556             1289.68
  557             1291.40
  558             1292.94
  559             1293.45
  560             1294.69
  561             1295.45
  562             1295.80
  563             1296.10
  564             1298.96
  565             1300.65
  566             1305.95
  567             1310.69
  568             1311.39
  569             1314.24
  570             1315.60
  571             1318.01
  572             1318.79
  573             1319.00
  574             1319.31
  575             1320.91
  576             1321.68
  577             1321.89
  578             1323.21
  579             1323.39
  580             1323.51
  581             1324.30
  582             1324.87
  583             1327.24
  584             1328.91
  585             1329.06
  586             1330.15
  587             1330.61
  588             1330.69
  589             1332.41
  590             1334.36
  591             1336.67
  592             1337.11
  593             1338.16
  594             1339.30
  595             1339.89
  596             1340.03
  597             1341.08
  598             1341.46
  599             1341.93
  600             1343.93
  601             1344.94
  602             1345.41
  603             1346.16
  604             1346.35
  605             1348.06
  606             1350.39
  607             1353.29
  608             1355.27
  609             1355.65
  610             1358.31
  611             1359.07
  612             1359.22
  613             1360.15
  614             1361.28
  615             1362.11
  616             1362.75
  617             1365.28
  618             1365.75
  619             1366.69
  620             1369.10
  621             1369.24
  622             1370.57
  623             1373.18
  624             1374.08
  625             1375.46
  626             1377.71
  627             1378.30
  628             1378.36
  629             1379.41
  630             1379.82
  631             1379.97
  632             1380.73
  633             1382.46
  634             1382.80
  635             1383.05
  636             1387.86
  637             1388.06
  638             1388.61
  639             1389.08
  640             1389.59
  641             1390.68
  642             1391.35
  643             1392.16
  644             1398.49
  645             1399.58
  646             1402.15
  647             1405.21
  648             1407.90
  649             1412.23
  650             1412.83
  651             1413.03
  652             1415.33
  653             1415.72
  654             1416.01
  655             1417.64
  656             1419.38
  657             1421.38
  658             1424.13
  659             1425.03
  660             1427.30
  661             1428.64
  662             1428.78
  663             1432.96
  664             1433.62
  665             1434.70
  666             1439.56
  667             1444.60
  668             1455.49
  669             1455.72
  670             1458.49
  671             1459.23
  672             1469.61
  673             1486.99
  674             1493.81
  675             1511.49
  676             1527.91
  677             1541.05
  678             1544.16
  679             1545.46
  680             1553.26
  681             1559.92
  682             1564.81
  683             1573.73
  684             1579.39
  685             1592.26
  686             1618.77
  687             1654.27
  688             1716.31
  689             1779.14
  690             1851.60
  691             1891.73
  692             2942.33
  693             2947.79
  694             2948.77
  695             2953.42
  696             2957.00
  697             2959.02
  698             2960.89
  699             2962.86
  700             2964.00
  701             2965.42
  702             2966.55
  703             2968.67
  704             2969.98
  705             2970.69
  706             2973.19
  707             2973.93
  708             2975.37
  709             2976.31
  710             2979.49
  711             2980.93
  712             2984.19
  713             2984.61
  714             2988.77
  715             2999.72
  716             3007.91
  717             3010.10
  718             3010.50
  719             3014.01
  720             3017.31
  721             3019.01
  722             3024.50
  723             3025.33
  724             3025.87
  725             3027.66
  726             3028.25
  727             3031.77
  728             3033.67
  729             3037.68
  730             3038.09
  731             3038.89
  732             3040.03
  733             3042.69
  734             3044.18
  735             3044.27
  736             3045.45
  737             3047.24
  738             3048.79
  739             3050.06
  740             3051.33
  741             3053.34
  742             3058.45
  743             3058.79
  744             3064.77
  745             3065.97
  746             3068.26
  747             3068.60
  748             3070.31
  749             3071.15
  750             3074.44
  751             3077.50
  752             3079.25
  753             3080.62
  754             3081.47
  755             3081.95
  756             3082.52
  757             3082.67
  758             3082.85
  759             3085.88
  760             3085.96
  761             3087.97
  762             3089.58
  763             3090.98
  764             3091.17
  765             3092.82
  766             3094.66
  767             3098.31
  768             3100.81
  769             3105.94
  770             3107.04
  771             3108.93
  772             3109.14
  773             3109.22
  774             3109.29
  775             3109.87
  776             3110.92
  777             3111.79
  778             3112.05
  779             3112.38
  780             3113.41
  781             3113.69
  782             3113.78
  783             3114.10
  784             3114.14
  785             3114.28
  786             3114.91
  787             3115.06
  788             3115.79
  789             3116.00
  790             3116.13
  791             3116.64
  792             3117.16
  793             3117.19
  794             3117.31
  795             3117.60
  796             3118.09
  797             3118.33
  798             3118.75
  799             3118.79
  800             3119.33
  801             3119.63
  802             3120.00
  803             3120.11
  804             3120.19
  805             3120.71
  806             3120.73
  807             3120.95
  808             3121.30
  809             3122.12
  810             3122.25
  811             3122.55
  812             3122.85
  813             3122.98
  814             3123.30
  815             3123.54
  816             3124.68
  817             3124.77
  818             3124.94
  819             3125.47
  820             3126.30
  821             3126.54
  822             3126.87
  823             3127.26
  824             3127.33
  825             3127.35
  826             3127.41
  827             3127.64
  828             3129.51
  829             3130.43
  830             3131.35
  831             3131.56
  832             3132.04
  833             3132.81
  834             3136.26
  835             3137.40
  836             3138.20
  837             3139.51
  838             3139.82
  839             3140.77

 Project out translational and rotational motions 

 Degrees of freedom for translational and rotational motions: 6

 Vibrational frequencies:
 mode    frequency (cm-1)
    0              308.08 i (imaginary)
    1              279.92 i (imaginary)
    2              269.62 i (imaginary)
    3              255.39 i (imaginary)
    4              240.97 i (imaginary)
    5              236.70 i (imaginary)
    6              201.52 i (imaginary)
    7              194.63 i (imaginary)
    8              193.63 i (imaginary)
    9              179.57 i (imaginary)
   10              175.21 i (imaginary)
   11              172.44 i (imaginary)
   12              151.59 i (imaginary)
   13              142.48 i (imaginary)
   14              141.53 i (imaginary)
   15              130.02 i (imaginary)
   16              109.96 i (imaginary)
   17              103.94 i (imaginary)
   18               91.22 i (imaginary)
   19               75.52 i (imaginary)
   20               43.19 i (imaginary)
   21               27.28 i (imaginary)
   22               16.95 i (imaginary)
   23               12.60 i (imaginary)
   24               10.01 i (imaginary)
   25                9.12
   26               13.59
   27               15.04
   28               19.20
   29               29.39
   30               32.78
   31               33.21
   32               36.85
   33               38.70
   34               39.74
   35               40.72
   36               43.50
   37               44.95
   38               45.07
   39               46.69
   40               52.37
   41               52.60
   42               53.27
   43               56.55
   44               57.85
   45               59.78
   46               63.91
   47               64.74
   48               66.48
   49               68.69
   50               73.74
   51               76.23
   52               77.51
   53               79.38
   54               82.82
   55               83.38
   56               86.08
   57               91.37
   58               92.68
   59               97.25
   60               97.93
   61              101.87
   62              104.10
   63              104.68
   64              106.71
   65              106.93
   66              109.98
   67              111.82
   68              112.57
   69              114.86
   70              115.10
   71              119.27
   72              122.55
   73              124.22
   74              124.70
   75              129.04
   76              131.10
   77              131.72
   78              132.42
   79              133.81
   80              134.88
   81              135.43
   82              137.89
   83              138.69
   84              144.81
   85              147.72
   86              149.83
   87              151.04
   88              153.03
   89              153.88
   90              155.51
   91              158.76
   92              163.45
   93              166.54
   94              166.94
   95              169.29
   96              169.77
   97              169.99
   98              172.30
   99              172.47
  100              174.64
  101              175.68
  102              175.83
  103              182.19
  104              182.55
  105              183.14
  106              188.49
  107              191.30
  108              193.13
  109              195.69
  110              197.47
  111              197.58
  112              198.60
  113              200.46
  114              201.36
  115              203.80
  116              205.65
  117              208.67
  118              209.70
  119              211.83
  120              213.17
  121              214.38
  122              215.66
  123              219.66
  124              222.51
  125              222.82
  126              224.70
  127              225.60
  128              229.19
  129              229.73
  130              230.34
  131              230.93
  132              235.10
  133              242.02
  134              242.58
  135              243.76
  136              246.49
  137              248.98
  138              250.03
  139              250.17
  140              251.55
  141              256.91
  142              261.01
  143              263.30
  144              264.17
  145              267.04
  146              269.18
  147              270.55
  148              271.09
  149              274.31
  150              276.85
  151              277.83
  152              279.15
  153              281.76
  154              284.52
  155              288.76
  156              290.37
  157              291.93
  158              296.85
  159              304.00
  160              306.06
  161              308.97
  162              314.81
  163              315.77
  164              319.03
  165              321.69
  166              326.17
  167              327.20
  168              332.46
  169              332.86
  170              332.98
  171              335.39
  172              338.24
  173              338.86
  174              340.14
  175              342.84
  176              344.45
  177              346.05
  178              352.23
  179              353.10
  180              361.59
  181              362.21
  182              365.91
  183              367.76
  184              368.37
  185              369.63
  186              372.08
  187              373.61
  188              377.39
  189              380.69
  190              383.40
  191              383.61
  192              385.41
  193              387.06
  194              390.73
  195              393.03
  196              402.46
  197              403.33
  198              407.21
  199              410.81
  200              411.85
  201              417.31
  202              419.44
  203              422.88
  204              424.66
  205              425.79
  206              428.42
  207              433.09
  208              435.21
  209              440.47
  210              442.65
  211              446.23
  212              451.19
  213              451.90
  214              462.31
  215              463.63
  216              466.11
  217              474.61
  218              481.29
  219              484.81
  220              487.34
  221              491.52
  222              492.19
  223              493.43
  224              495.26
  225              500.70
  226              502.64
  227              515.16
  228              522.90
  229              523.53
  230              527.82
  231              535.94
  232              537.62
  233              546.99
  234              548.95
  235              551.93
  236              552.75
  237              555.02
  238              559.33
  239              561.35
  240              570.46
  241              573.51
  242              573.70
  243              574.40
  244              574.89
  245              577.48
  246              581.80
  247              582.55
  248              584.11
  249              584.77
  250              590.75
  251              591.05
  252              597.52
  253              598.41
  254              605.41
  255              608.10
  256              613.70
  257              622.74
  258              630.30
  259              636.37
  260              636.54
  261              637.91
  262              643.61
  263              656.08
  264              663.48
  265              664.41
  266              667.14
  267              670.24
  268              670.52
  269              675.93
  270              677.14
  271              679.23
  272              680.59
  273              685.36
  274              688.99
  275              693.22
  276              693.79
  277              694.25
  278              697.51
  279              705.52
  280              709.04
  281              709.47
  282              710.56
  283              713.14
  284              716.47
  285              716.98
  286              717.54
  287              719.22
  288              727.60
  289              729.09
  290              733.63
  291              735.28
  292              741.07
  293              744.14
  294              745.64
  295              748.85
  296              751.58
  297              753.33
  298              758.64
  299              762.78
  300              763.25
  301              765.88
  302              768.56
  303              772.50
  304              776.54
  305              782.26
  306              786.14
  307              788.00
  308              789.45
  309              789.90
  310              792.69
  311              792.85
  312              800.95
  313              801.31
  314              803.71
  315              804.00
  316              806.04
  317              806.76
  318              810.16
  319              810.53
  320              814.21
  321              816.49
  322              816.88
  323              817.15
  324              820.40
  325              825.18
  326              825.92
  327              826.55
  328              832.12
  329              833.71
  330              834.57
  331              835.83
  332              838.29
  333              842.23
  334              845.05
  335              846.46
  336              850.75
  337              851.95
  338              852.52
  339              853.28
  340              854.06
  341              855.63
  342              856.40
  343              859.15
  344              860.28
  345              862.44
  346              865.44
  347              866.30
  348              870.91
  349              871.14
  350              871.54
  351              873.95
  352              881.36
  353              882.36
  354              882.72
  355              882.99
  356              885.49
  357              888.22
  358              890.17
  359              893.09
  360              896.42
  361              896.81
  362              899.54
  363              902.59
  364              903.65
  365              908.40
  366              912.16
  367              913.22
  368              913.79
  369              915.25
  370              919.05
  371              921.18
  372              921.45
  373              925.59
  374              925.91
  375              928.39
  376              932.56
  377              932.96
  378              935.53
  379              937.63
  380              938.73
  381              939.28
  382              940.58
  383              942.71
  384              943.16
  385              945.09
  386              945.95
  387              946.28
  388              947.76
  389              949.16
  390              950.67
  391              953.96
  392              959.16
  393              961.77
  394              962.01
  395              966.15
  396              966.91
  397              968.24
  398              968.51
  399              970.66
  400              972.71
  401              974.17
  402              975.01
  403              975.52
  404              978.63
  405              978.90
  406              984.18
  407              986.64
  408              995.07
  409              996.44
  410              997.33
  411              999.58
  412             1005.62
  413             1006.59
  414             1006.90
  415             1009.25
  416             1011.56
  417             1014.87
  418             1015.44
  419             1019.83
  420             1025.06
  421             1030.37
  422             1034.05
  423             1036.28
  424             1040.71
  425             1041.59
  426             1041.86
  427             1044.23
  428             1044.86
  429             1048.39
  430             1048.58
  431             1051.32
  432             1052.45
  433             1052.66
  434             1055.22
  435             1055.84
  436             1057.89
  437             1060.23
  438             1063.27
  439             1065.64
  440             1066.82
  441             1069.92
  442             1075.75
  443             1076.83
  444             1076.87
  445             1077.55
  446             1078.09
  447             1082.18
  448             1082.72
  449             1090.66
  450             1092.11
  451             1092.89
  452             1097.19
  453             1097.68
  454             1098.97
  455             1101.21
  456             1102.65
  457             1104.53
  458             1105.21
  459             1107.97
  460             1108.30
  461             1112.67
  462             1118.90
  463             1120.54
  464             1122.12
  465             1122.37
  466             1122.62
  467             1124.68
  468             1125.71
  469             1129.29
  470             1130.04
  471             1131.63
  472             1137.60
  473             1139.82
  474             1140.39
  475             1143.10
  476             1145.09
  477             1151.18
  478             1151.87
  479             1153.52
  480             1153.58
  481             1155.17
  482             1156.32
  483             1156.72
  484             1158.56
  485             1159.12
  486             1163.55
  487             1163.72
  488             1164.95
  489             1165.89
  490             1169.08
  491             1169.76
  492             1174.60
  493             1182.09
  494             1185.19
  495             1186.27
  496             1187.20
  497             1188.40
  498             1194.57
  499             1195.70
  500             1196.74
  501             1197.60
  502             1197.87
  503             1199.36
  504             1199.84
  505             1203.37
  506             1207.09
  507             1208.06
  508             1208.84
  509             1211.37
  510             1212.42
  511             1212.99
  512             1214.60
  513             1216.27
  514             1217.76
  515             1218.19
  516             1220.09
  517             1227.70
  518             1229.19
  519             1230.94
  520             1231.85
  521             1233.98
  522             1235.27
  523             1238.22
  524             1240.53
  525             1240.74
  526             1243.46
  527             1244.74
  528             1245.08
  529             1246.91
  530             1251.46
  531             1251.90
  532             1255.21
  533             1257.05
  534             1259.42
  535             1263.16
  536             1264.82
  537             1269.78
  538             1272.64
  539             1274.52
  540             1277.03
  541             1277.84
  542             1279.02
  543             1279.95
  544             1280.91
  545             1281.88
  546             1283.11
  547             1283.96
  548             1286.84
  549             1288.06
  550             1289.68
  551             1291.40
  552             1292.94
  553             1293.45
  554             1294.69
  555             1295.45
  556             1295.80
  557             1296.10
  558             1298.96
  559             1300.65
  560             1305.95
  561             1310.69
  562             1311.39
  563             1314.24
  564             1315.60
  565             1318.01
  566             1318.79
  567             1319.00
  568             1319.31
  569             1320.91
  570             1321.68
  571             1321.89
  572             1323.21
  573             1323.39
  574             1323.51
  575             1324.30
  576             1324.87
  577             1327.24
  578             1328.91
  579             1329.06
  580             1330.15
  581             1330.61
  582             1330.69
  583             1332.41
  584             1334.36
  585             1336.67
  586             1337.11
  587             1338.16
  588             1339.30
  589             1339.89
  590             1340.03
  591             1341.08
  592             1341.46
  593             1341.93
  594             1343.93
  595             1344.94
  596             1345.41
  597             1346.16
  598             1346.35
  599             1348.06
  600             1350.39
  601             1353.29
  602             1355.27
  603             1355.65
  604             1358.31
  605             1359.07
  606             1359.22
  607             1360.15
  608             1361.28
  609             1362.11
  610             1362.75
  611             1365.28
  612             1365.75
  613             1366.69
  614             1369.10
  615             1369.24
  616             1370.57
  617             1373.18
  618             1374.08
  619             1375.46
  620             1377.71
  621             1378.30
  622             1378.36
  623             1379.41
  624             1379.82
  625             1379.97
  626             1380.73
  627             1382.46
  628             1382.80
  629             1383.05
  630             1387.86
  631             1388.06
  632             1388.61
  633             1389.08
  634             1389.59
  635             1390.68
  636             1391.35
  637             1392.16
  638             1398.49
  639             1399.58
  640             1402.15
  641             1405.21
  642             1407.90
  643             1412.23
  644             1412.83
  645             1413.03
  646             1415.33
  647             1415.72
  648             1416.01
  649             1417.64
  650             1419.38
  651             1421.38
  652             1424.13
  653             1425.03
  654             1427.30
  655             1428.64
  656             1428.78
  657             1432.96
  658             1433.62
  659             1434.70
  660             1439.56
  661             1444.60
  662             1455.49
  663             1455.72
  664             1458.49
  665             1459.23
  666             1469.61
  667             1486.99
  668             1493.81
  669             1511.49
  670             1527.91
  671             1541.05
  672             1544.16
  673             1545.46
  674             1553.26
  675             1559.92
  676             1564.81
  677             1573.73
  678             1579.39
  679             1592.26
  680             1618.77
  681             1654.27
  682             1716.31
  683             1779.14
  684             1851.60
  685             1891.73
  686             2942.33
  687             2947.79
  688             2948.77
  689             2953.42
  690             2957.00
  691             2959.02
  692             2960.89
  693             2962.86
  694             2964.00
  695             2965.42
  696             2966.55
  697             2968.67
  698             2969.98
  699             2970.69
  700             2973.19
  701             2973.93
  702             2975.37
  703             2976.31
  704             2979.49
  705             2980.93
  706             2984.19
  707             2984.61
  708             2988.77
  709             2999.72
  710             3007.91
  711             3010.10
  712             3010.50
  713             3014.01
  714             3017.31
  715             3019.01
  716             3024.50
  717             3025.33
  718             3025.87
  719             3027.66
  720             3028.25
  721             3031.77
  722             3033.67
  723             3037.68
  724             3038.09
  725             3038.89
  726             3040.03
  727             3042.69
  728             3044.18
  729             3044.27
  730             3045.45
  731             3047.24
  732             3048.79
  733             3050.06
  734             3051.33
  735             3053.34
  736             3058.45
  737             3058.79
  738             3064.77
  739             3065.97
  740             3068.26
  741             3068.60
  742             3070.31
  743             3071.15
  744             3074.44
  745             3077.50
  746             3079.25
  747             3080.62
  748             3081.47
  749             3081.95
  750             3082.52
  751             3082.67
  752             3082.85
  753             3085.88
  754             3085.96
  755             3087.97
  756             3089.58
  757             3090.98
  758             3091.17
  759             3092.82
  760             3094.66
  761             3098.31
  762             3100.81
  763             3105.94
  764             3107.04
  765             3108.93
  766             3109.14
  767             3109.22
  768             3109.29
  769             3109.87
  770             3110.92
  771             3111.79
  772             3112.05
  773             3112.38
  774             3113.41
  775             3113.69
  776             3113.78
  777             3114.10
  778             3114.14
  779             3114.28
  780             3114.91
  781             3115.06
  782             3115.79
  783             3116.00
  784             3116.13
  785             3116.64
  786             3117.16
  787             3117.19
  788             3117.31
  789             3117.60
  790             3118.09
  791             3118.33
  792             3118.75
  793             3118.79
  794             3119.33
  795             3119.63
  796             3120.00
  797             3120.11
  798             3120.19
  799             3120.71
  800             3120.73
  801             3120.95
  802             3121.30
  803             3122.12
  804             3122.25
  805             3122.55
  806             3122.85
  807             3122.98
  808             3123.30
  809             3123.54
  810             3124.68
  811             3124.77
  812             3124.94
  813             3125.47
  814             3126.30
  815             3126.54
  816             3126.87
  817             3127.26
  818             3127.33
  819             3127.35
  820             3127.41
  821             3127.64
  822             3129.51
  823             3130.43
  824             3131.35
  825             3131.56
  826             3132.04
  827             3132.81
  828             3136.26
  829             3137.40
  830             3138.20
  831             3139.51
  832             3139.82
  833             3140.77
 Saving results in set 'hess'

 --------------------------------------------------------------------------------

 End time:                               Fri Jan 21 19:37:52 2022
 Total wall-clock time:                282.836 seconds
==================================================================================
