
================================================================================
          _____________ ________ _______________ ________     _________         
         / ___________// ______ \\_____   _____// ______ \   / ________)        
        / /_________  / /      \ \     | |     / /      \ \ | (_______          
       |  __________|| |        | |    | |    | |        | | \________ \        
        \ \_________ | |        | |    | |     \ \______/ /___________) |       
         \__________||_|        |_|    |_|      \________//____________/        
                                                                                
====================================[ Qcore ]===================================

 Git describe: 2.3.0-166-g4178ddb
 Compiler:     GNU 9.1.0
 Build type:   Release
 Version:      2.3.0-166-g4178ddb

 Start time:   Fri Jan 21 19:42:15 2022

 Data directory: /user/home/of15641/.local/src/Qcore/release/share/entos/qcore/data
 Number of threads: 32
 Number of threads was determined by: number of physical cores

 --------------------------------------------------------------------------------
                                 command: hessian                                
 --------------------------------------------------------------------------------

 -------------------------------
  Numerical Geometrical Hessian 
 -------------------------------

 Compute hessian using two-point central differentiation.
 Step size (bohr):                       0.0100

 Frequencies (including translational and rotational modes):
 mode    frequency (cm-1)
    0              307.86 i (imaginary)
    1              307.60 i (imaginary)
    2              288.03 i (imaginary)
    3              269.31 i (imaginary)
    4              241.75 i (imaginary)
    5              236.27 i (imaginary)
    6              209.70 i (imaginary)
    7              206.74 i (imaginary)
    8              197.21 i (imaginary)
    9              196.32 i (imaginary)
   10              184.87 i (imaginary)
   11              149.75 i (imaginary)
   12              140.33 i (imaginary)
   13              138.09 i (imaginary)
   14              130.19 i (imaginary)
   15              123.54 i (imaginary)
   16              114.65 i (imaginary)
   17               98.65 i (imaginary)
   18               91.45 i (imaginary)
   19               78.46 i (imaginary)
   20               54.44 i (imaginary)
   21               51.15 i (imaginary)
   22               49.82 i (imaginary)
   23               47.76 i (imaginary)
   24               34.81 i (imaginary)
   25               29.87 i (imaginary)
   26               16.33 i (imaginary)
   27                4.53 i (imaginary)
   28                2.32 i (imaginary)
   29                1.74 i (imaginary)
   30                1.77
   31                6.26
   32               11.27
   33               12.62
   34               14.21
   35               16.49
   36               17.48
   37               19.45
   38               22.37
   39               25.52
   40               31.34
   41               35.33
   42               38.22
   43               38.73
   44               41.51
   45               42.40
   46               45.37
   47               45.99
   48               50.21
   49               51.65
   50               52.19
   51               52.47
   52               54.39
   53               56.85
   54               61.90
   55               62.31
   56               64.26
   57               67.55
   58               68.70
   59               72.33
   60               74.49
   61               75.80
   62               77.44
   63               80.38
   64               84.69
   65               85.30
   66               86.05
   67               92.12
   68               92.60
   69               94.31
   70               96.91
   71               97.91
   72              100.38
   73              101.75
   74              103.78
   75              106.51
   76              109.35
   77              111.88
   78              113.18
   79              114.38
   80              118.15
   81              121.46
   82              123.71
   83              124.30
   84              128.27
   85              128.89
   86              130.98
   87              131.93
   88              134.11
   89              135.44
   90              137.37
   91              140.14
   92              143.82
   93              144.63
   94              145.92
   95              147.94
   96              151.29
   97              152.54
   98              153.47
   99              154.17
  100              157.33
  101              158.85
  102              162.77
  103              167.02
  104              168.18
  105              169.14
  106              170.22
  107              172.55
  108              174.36
  109              174.92
  110              176.09
  111              178.47
  112              178.99
  113              179.88
  114              182.63
  115              191.22
  116              192.73
  117              193.47
  118              193.78
  119              197.11
  120              197.81
  121              201.35
  122              202.86
  123              206.02
  124              210.44
  125              211.07
  126              213.13
  127              214.22
  128              214.76
  129              216.96
  130              217.66
  131              219.86
  132              220.29
  133              223.25
  134              225.39
  135              226.71
  136              229.04
  137              229.69
  138              231.14
  139              236.53
  140              241.85
  141              243.53
  142              244.74
  143              246.63
  144              249.91
  145              250.30
  146              252.16
  147              253.59
  148              256.86
  149              257.01
  150              262.75
  151              264.18
  152              268.99
  153              269.16
  154              271.04
  155              274.41
  156              275.34
  157              279.67
  158              281.38
  159              285.75
  160              288.64
  161              291.20
  162              291.37
  163              298.82
  164              299.39
  165              299.61
  166              305.24
  167              305.78
  168              311.39
  169              314.76
  170              315.41
  171              315.94
  172              318.12
  173              318.83
  174              324.30
  175              326.99
  176              328.80
  177              329.37
  178              331.33
  179              332.65
  180              336.53
  181              338.16
  182              339.90
  183              340.54
  184              344.10
  185              351.55
  186              353.30
  187              353.59
  188              355.47
  189              357.97
  190              362.03
  191              362.26
  192              363.77
  193              368.60
  194              370.52
  195              372.84
  196              382.60
  197              383.07
  198              383.51
  199              383.81
  200              384.87
  201              390.52
  202              393.03
  203              396.20
  204              400.79
  205              407.24
  206              411.19
  207              412.88
  208              417.22
  209              417.73
  210              421.49
  211              423.06
  212              424.50
  213              435.04
  214              435.85
  215              439.49
  216              439.90
  217              446.33
  218              449.80
  219              460.18
  220              461.00
  221              466.11
  222              468.13
  223              478.64
  224              481.25
  225              487.46
  226              488.64
  227              491.64
  228              494.19
  229              494.55
  230              494.67
  231              500.94
  232              503.46
  233              513.42
  234              520.71
  235              523.04
  236              523.61
  237              528.33
  238              530.77
  239              534.33
  240              548.37
  241              552.37
  242              552.96
  243              553.94
  244              554.37
  245              560.31
  246              563.80
  247              569.35
  248              569.62
  249              572.62
  250              573.61
  251              574.62
  252              579.46
  253              582.32
  254              583.91
  255              584.11
  256              589.41
  257              590.48
  258              592.97
  259              598.36
  260              607.74
  261              617.56
  262              621.86
  263              636.14
  264              636.49
  265              637.48
  266              638.99
  267              653.00
  268              655.74
  269              664.65
  270              665.25
  271              666.58
  272              668.27
  273              668.96
  274              669.33
  275              676.91
  276              678.82
  277              683.76
  278              690.41
  279              692.28
  280              693.44
  281              694.02
  282              698.30
  283              705.30
  284              708.78
  285              709.15
  286              709.44
  287              713.79
  288              716.40
  289              716.94
  290              717.65
  291              724.63
  292              728.11
  293              728.52
  294              729.38
  295              733.21
  296              735.76
  297              737.24
  298              740.35
  299              748.28
  300              748.65
  301              750.58
  302              758.69
  303              761.93
  304              762.66
  305              763.08
  306              765.88
  307              770.12
  308              771.39
  309              771.94
  310              774.02
  311              776.88
  312              781.55
  313              782.07
  314              788.18
  315              791.58
  316              793.95
  317              799.25
  318              801.93
  319              803.48
  320              804.88
  321              805.50
  322              807.44
  323              807.94
  324              810.47
  325              813.89
  326              816.21
  327              824.48
  328              825.90
  329              827.63
  330              829.89
  331              832.86
  332              834.50
  333              838.52
  334              840.03
  335              842.19
  336              847.46
  337              850.30
  338              851.06
  339              852.54
  340              854.02
  341              854.50
  342              857.71
  343              860.08
  344              861.07
  345              863.03
  346              865.59
  347              866.35
  348              869.36
  349              869.94
  350              871.00
  351              873.34
  352              874.30
  353              881.10
  354              881.40
  355              882.28
  356              883.08
  357              885.51
  358              887.47
  359              889.44
  360              890.44
  361              894.10
  362              896.07
  363              897.17
  364              898.09
  365              903.81
  366              905.80
  367              907.63
  368              911.12
  369              913.63
  370              914.23
  371              914.48
  372              914.53
  373              916.29
  374              919.07
  375              921.13
  376              924.33
  377              925.43
  378              928.02
  379              928.90
  380              930.70
  381              932.55
  382              935.31
  383              935.50
  384              937.67
  385              938.98
  386              942.43
  387              943.53
  388              945.47
  389              947.75
  390              948.86
  391              950.01
  392              950.48
  393              951.60
  394              953.51
  395              959.01
  396              959.34
  397              963.42
  398              966.85
  399              967.80
  400              968.81
  401              969.18
  402              970.37
  403              973.56
  404              973.61
  405              974.11
  406              975.42
  407              975.73
  408              977.25
  409              978.69
  410              979.93
  411              984.51
  412              985.67
  413              987.14
  414              997.52
  415              997.82
  416             1000.25
  417             1004.75
  418             1005.82
  419             1008.84
  420             1010.04
  421             1011.45
  422             1014.81
  423             1017.40
  424             1022.23
  425             1030.44
  426             1032.28
  427             1034.37
  428             1035.63
  429             1038.07
  430             1041.60
  431             1042.71
  432             1042.95
  433             1048.65
  434             1050.93
  435             1051.35
  436             1051.73
  437             1055.10
  438             1055.30
  439             1055.66
  440             1056.81
  441             1062.98
  442             1064.96
  443             1065.82
  444             1068.34
  445             1069.81
  446             1072.71
  447             1075.33
  448             1075.50
  449             1076.62
  450             1077.48
  451             1080.16
  452             1082.63
  453             1088.61
  454             1090.70
  455             1093.00
  456             1096.02
  457             1096.61
  458             1098.96
  459             1099.54
  460             1101.36
  461             1101.40
  462             1105.04
  463             1105.65
  464             1106.22
  465             1108.47
  466             1112.49
  467             1113.08
  468             1122.30
  469             1124.32
  470             1125.45
  471             1125.73
  472             1127.23
  473             1130.12
  474             1132.38
  475             1133.05
  476             1135.32
  477             1137.51
  478             1140.35
  479             1140.78
  480             1142.89
  481             1145.24
  482             1148.82
  483             1151.17
  484             1152.65
  485             1153.45
  486             1155.40
  487             1156.86
  488             1156.97
  489             1158.70
  490             1160.44
  491             1165.05
  492             1165.67
  493             1169.04
  494             1169.58
  495             1175.70
  496             1177.17
  497             1180.62
  498             1181.20
  499             1186.12
  500             1187.02
  501             1188.24
  502             1189.74
  503             1194.34
  504             1195.18
  505             1196.52
  506             1196.71
  507             1197.39
  508             1199.46
  509             1201.67
  510             1204.58
  511             1207.45
  512             1208.85
  513             1211.79
  514             1212.96
  515             1214.98
  516             1217.74
  517             1219.70
  518             1222.48
  519             1225.59
  520             1227.49
  521             1227.94
  522             1230.23
  523             1231.20
  524             1233.83
  525             1234.39
  526             1235.48
  527             1240.45
  528             1243.26
  529             1245.31
  530             1246.83
  531             1247.02
  532             1247.85
  533             1251.03
  534             1251.55
  535             1252.61
  536             1256.08
  537             1260.50
  538             1262.89
  539             1264.30
  540             1265.08
  541             1269.64
  542             1269.81
  543             1274.10
  544             1275.30
  545             1276.66
  546             1277.39
  547             1277.75
  548             1279.36
  549             1279.74
  550             1280.14
  551             1288.71
  552             1289.15
  553             1293.11
  554             1295.66
  555             1296.07
  556             1296.44
  557             1297.44
  558             1298.85
  559             1299.32
  560             1301.14
  561             1307.98
  562             1309.61
  563             1311.09
  564             1311.47
  565             1313.94
  566             1315.52
  567             1316.24
  568             1317.89
  569             1318.06
  570             1319.12
  571             1320.19
  572             1320.95
  573             1321.70
  574             1322.49
  575             1323.08
  576             1323.35
  577             1324.77
  578             1326.72
  579             1328.24
  580             1328.51
  581             1328.84
  582             1330.23
  583             1330.42
  584             1331.03
  585             1332.44
  586             1333.68
  587             1335.58
  588             1337.09
  589             1337.97
  590             1338.84
  591             1339.58
  592             1340.06
  593             1340.52
  594             1341.89
  595             1344.45
  596             1345.32
  597             1345.95
  598             1347.86
  599             1349.16
  600             1350.27
  601             1353.26
  602             1356.10
  603             1358.19
  604             1358.45
  605             1358.53
  606             1361.19
  607             1361.51
  608             1361.59
  609             1361.86
  610             1362.42
  611             1363.04
  612             1365.44
  613             1366.47
  614             1369.09
  615             1370.98
  616             1371.79
  617             1372.88
  618             1372.91
  619             1373.76
  620             1374.32
  621             1375.20
  622             1375.43
  623             1377.74
  624             1378.74
  625             1379.02
  626             1379.67
  627             1382.18
  628             1383.37
  629             1385.32
  630             1387.67
  631             1388.14
  632             1388.57
  633             1389.80
  634             1391.93
  635             1392.09
  636             1395.34
  637             1396.92
  638             1397.20
  639             1399.91
  640             1400.55
  641             1401.93
  642             1402.83
  643             1403.60
  644             1405.00
  645             1406.61
  646             1409.76
  647             1411.14
  648             1412.54
  649             1413.95
  650             1415.31
  651             1415.55
  652             1417.64
  653             1420.68
  654             1424.97
  655             1426.14
  656             1427.03
  657             1431.89
  658             1433.00
  659             1433.25
  660             1435.53
  661             1437.67
  662             1441.82
  663             1448.77
  664             1450.68
  665             1455.67
  666             1456.17
  667             1458.27
  668             1467.84
  669             1468.51
  670             1479.15
  671             1486.86
  672             1487.54
  673             1494.87
  674             1497.88
  675             1500.90
  676             1510.23
  677             1518.60
  678             1521.06
  679             1541.25
  680             1560.12
  681             1563.88
  682             1574.31
  683             1592.70
  684             1614.75
  685             1638.84
  686             1642.89
  687             1716.26
  688             1778.82
  689             1792.30
  690             1851.51
  691             1891.36
  692             2945.42
  693             2951.43
  694             2956.12
  695             2957.73
  696             2959.71
  697             2960.89
  698             2961.99
  699             2962.87
  700             2964.21
  701             2965.71
  702             2968.90
  703             2971.19
  704             2973.02
  705             2974.94
  706             2975.90
  707             2978.06
  708             2979.11
  709             2980.91
  710             2981.29
  711             2981.66
  712             2983.49
  713             2984.04
  714             2985.53
  715             2999.31
  716             3000.03
  717             3010.24
  718             3010.76
  719             3019.27
  720             3023.05
  721             3024.65
  722             3025.12
  723             3025.69
  724             3026.95
  725             3029.06
  726             3032.31
  727             3032.76
  728             3034.07
  729             3037.67
  730             3038.18
  731             3038.94
  732             3042.95
  733             3043.68
  734             3044.18
  735             3044.48
  736             3047.44
  737             3048.18
  738             3048.83
  739             3050.08
  740             3050.45
  741             3050.91
  742             3051.33
  743             3055.13
  744             3068.34
  745             3069.17
  746             3070.24
  747             3070.74
  748             3070.90
  749             3071.87
  750             3074.12
  751             3076.52
  752             3079.44
  753             3080.13
  754             3084.00
  755             3084.71
  756             3084.98
  757             3085.46
  758             3086.34
  759             3086.74
  760             3088.22
  761             3088.45
  762             3089.76
  763             3089.98
  764             3090.00
  765             3091.41
  766             3092.80
  767             3094.76
  768             3098.31
  769             3100.03
  770             3101.94
  771             3103.24
  772             3106.93
  773             3108.91
  774             3109.10
  775             3109.27
  776             3109.65
  777             3109.82
  778             3109.86
  779             3110.68
  780             3111.17
  781             3111.79
  782             3112.15
  783             3112.26
  784             3112.76
  785             3113.65
  786             3113.76
  787             3113.85
  788             3114.05
  789             3114.12
  790             3114.29
  791             3114.72
  792             3115.04
  793             3115.25
  794             3116.72
  795             3116.75
  796             3116.81
  797             3117.21
  798             3117.56
  799             3117.63
  800             3118.11
  801             3118.64
  802             3119.40
  803             3119.51
  804             3120.30
  805             3120.55
  806             3121.14
  807             3121.57
  808             3122.46
  809             3122.76
  810             3123.00
  811             3123.21
  812             3123.39
  813             3124.37
  814             3124.66
  815             3125.10
  816             3126.04
  817             3126.31
  818             3126.45
  819             3126.51
  820             3127.35
  821             3127.40
  822             3127.49
  823             3127.62
  824             3127.83
  825             3129.03
  826             3129.22
  827             3129.84
  828             3129.93
  829             3130.64
  830             3132.16
  831             3132.61
  832             3132.79
  833             3133.07
  834             3133.79
  835             3135.86
  836             3136.22
  837             3139.45
  838             3140.26
  839             3140.74

 Project out translational and rotational motions 

 Degrees of freedom for translational and rotational motions: 6

 Vibrational frequencies:
 mode    frequency (cm-1)
    0              307.85 i (imaginary)
    1              307.59 i (imaginary)
    2              288.02 i (imaginary)
    3              269.30 i (imaginary)
    4              241.74 i (imaginary)
    5              236.26 i (imaginary)
    6              209.69 i (imaginary)
    7              206.73 i (imaginary)
    8              197.20 i (imaginary)
    9              196.31 i (imaginary)
   10              184.86 i (imaginary)
   11              149.73 i (imaginary)
   12              140.30 i (imaginary)
   13              138.08 i (imaginary)
   14              130.17 i (imaginary)
   15              123.49 i (imaginary)
   16              114.63 i (imaginary)
   17               98.61 i (imaginary)
   18               91.41 i (imaginary)
   19               78.43 i (imaginary)
   20               54.40 i (imaginary)
   21               51.11 i (imaginary)
   22               49.68 i (imaginary)
   23               47.63 i (imaginary)
   24               34.49 i (imaginary)
   25               29.73 i (imaginary)
   26               15.52 i (imaginary)
   27                6.36
   28                8.59
   29               13.43
   30               15.99
   31               18.02
   32               21.26
   33               23.54
   34               30.78
   35               34.30
   36               37.78
   37               38.47
   38               40.79
   39               41.67
   40               44.23
   41               45.24
   42               49.67
   43               51.06
   44               51.50
   45               51.77
   46               53.80
   47               56.31
   48               61.73
   49               62.20
   50               63.75
   51               67.48
   52               68.65
   53               72.26
   54               74.39
   55               75.79
   56               77.32
   57               80.17
   58               84.60
   59               85.19
   60               85.96
   61               91.96
   62               92.58
   63               94.08
   64               96.87
   65               97.86
   66              100.32
   67              101.73
   68              103.70
   69              106.46
   70              109.30
   71              111.87
   72              113.14
   73              114.37
   74              118.15
   75              121.41
   76              123.70
   77              124.29
   78              128.27
   79              128.84
   80              130.94
   81              131.93
   82              134.05
   83              135.43
   84              137.35
   85              140.07
   86              143.80
   87              144.62
   88              145.90
   89              147.93
   90              151.28
   91              152.53
   92              153.46
   93              154.15
   94              157.33
   95              158.84
   96              162.69
   97              166.99
   98              168.17
   99              169.13
  100              170.22
  101              172.53
  102              174.34
  103              174.91
  104              176.08
  105              178.43
  106              178.98
  107              179.88
  108              182.63
  109              191.21
  110              192.72
  111              193.47
  112              193.77
  113              197.09
  114              197.80
  115              201.34
  116              202.86
  117              206.01
  118              210.44
  119              211.03
  120              213.13
  121              214.22
  122              214.74
  123              216.95
  124              217.65
  125              219.85
  126              220.27
  127              223.24
  128              225.39
  129              226.71
  130              229.04
  131              229.68
  132              231.13
  133              236.53
  134              241.85
  135              243.51
  136              244.74
  137              246.62
  138              249.90
  139              250.29
  140              252.14
  141              253.58
  142              256.85
  143              257.01
  144              262.75
  145              264.17
  146              268.99
  147              269.16
  148              271.03
  149              274.40
  150              275.33
  151              279.66
  152              281.38
  153              285.74
  154              288.64
  155              291.19
  156              291.36
  157              298.81
  158              299.39
  159              299.61
  160              305.24
  161              305.75
  162              311.39
  163              314.76
  164              315.39
  165              315.94
  166              318.12
  167              318.83
  168              324.29
  169              326.99
  170              328.79
  171              329.37
  172              331.32
  173              332.65
  174              336.53
  175              338.16
  176              339.90
  177              340.54
  178              344.10
  179              351.55
  180              353.30
  181              353.58
  182              355.47
  183              357.96
  184              362.03
  185              362.26
  186              363.76
  187              368.59
  188              370.51
  189              372.83
  190              382.60
  191              383.07
  192              383.51
  193              383.80
  194              384.87
  195              390.52
  196              393.02
  197              396.20
  198              400.79
  199              407.23
  200              411.19
  201              412.87
  202              417.21
  203              417.73
  204              421.49
  205              423.06
  206              424.50
  207              435.04
  208              435.85
  209              439.48
  210              439.90
  211              446.32
  212              449.80
  213              460.18
  214              460.99
  215              466.10
  216              468.12
  217              478.64
  218              481.24
  219              487.46
  220              488.64
  221              491.64
  222              494.19
  223              494.55
  224              494.67
  225              500.94
  226              503.46
  227              513.42
  228              520.71
  229              523.04
  230              523.61
  231              528.33
  232              530.77
  233              534.32
  234              548.36
  235              552.36
  236              552.96
  237              553.94
  238              554.36
  239              560.31
  240              563.80
  241              569.35
  242              569.62
  243              572.62
  244              573.61
  245              574.62
  246              579.46
  247              582.31
  248              583.91
  249              584.11
  250              589.41
  251              590.47
  252              592.97
  253              598.35
  254              607.74
  255              617.55
  256              621.86
  257              636.13
  258              636.49
  259              637.47
  260              638.99
  261              653.00
  262              655.74
  263              664.65
  264              665.25
  265              666.58
  266              668.26
  267              668.96
  268              669.33
  269              676.91
  270              678.82
  271              683.76
  272              690.41
  273              692.28
  274              693.44
  275              694.02
  276              698.30
  277              705.30
  278              708.78
  279              709.15
  280              709.44
  281              713.79
  282              716.40
  283              716.94
  284              717.65
  285              724.63
  286              728.11
  287              728.52
  288              729.38
  289              733.21
  290              735.76
  291              737.24
  292              740.35
  293              748.28
  294              748.65
  295              750.58
  296              758.69
  297              761.92
  298              762.66
  299              763.08
  300              765.88
  301              770.12
  302              771.39
  303              771.94
  304              774.01
  305              776.88
  306              781.55
  307              782.07
  308              788.18
  309              791.58
  310              793.95
  311              799.25
  312              801.93
  313              803.48
  314              804.88
  315              805.50
  316              807.44
  317              807.94
  318              810.47
  319              813.89
  320              816.21
  321              824.48
  322              825.90
  323              827.63
  324              829.88
  325              832.86
  326              834.50
  327              838.52
  328              840.03
  329              842.19
  330              847.46
  331              850.30
  332              851.06
  333              852.54
  334              854.01
  335              854.50
  336              857.71
  337              860.08
  338              861.07
  339              863.03
  340              865.59
  341              866.35
  342              869.36
  343              869.94
  344              871.00
  345              873.34
  346              874.30
  347              881.10
  348              881.40
  349              882.28
  350              883.08
  351              885.51
  352              887.47
  353              889.44
  354              890.44
  355              894.10
  356              896.07
  357              897.17
  358              898.09
  359              903.81
  360              905.80
  361              907.63
  362              911.12
  363              913.62
  364              914.23
  365              914.48
  366              914.53
  367              916.29
  368              919.07
  369              921.13
  370              924.33
  371              925.43
  372              928.02
  373              928.90
  374              930.70
  375              932.55
  376              935.31
  377              935.50
  378              937.67
  379              938.98
  380              942.43
  381              943.53
  382              945.47
  383              947.75
  384              948.86
  385              950.01
  386              950.48
  387              951.60
  388              953.51
  389              959.01
  390              959.34
  391              963.42
  392              966.85
  393              967.80
  394              968.81
  395              969.18
  396              970.37
  397              973.56
  398              973.61
  399              974.11
  400              975.42
  401              975.73
  402              977.25
  403              978.69
  404              979.93
  405              984.51
  406              985.67
  407              987.13
  408              997.52
  409              997.82
  410             1000.25
  411             1004.75
  412             1005.82
  413             1008.84
  414             1010.04
  415             1011.45
  416             1014.81
  417             1017.40
  418             1022.23
  419             1030.44
  420             1032.28
  421             1034.37
  422             1035.63
  423             1038.07
  424             1041.60
  425             1042.71
  426             1042.95
  427             1048.65
  428             1050.93
  429             1051.35
  430             1051.73
  431             1055.10
  432             1055.30
  433             1055.66
  434             1056.81
  435             1062.98
  436             1064.96
  437             1065.82
  438             1068.34
  439             1069.81
  440             1072.71
  441             1075.33
  442             1075.50
  443             1076.62
  444             1077.48
  445             1080.16
  446             1082.63
  447             1088.61
  448             1090.70
  449             1093.00
  450             1096.02
  451             1096.61
  452             1098.96
  453             1099.54
  454             1101.36
  455             1101.40
  456             1105.04
  457             1105.65
  458             1106.22
  459             1108.47
  460             1112.49
  461             1113.08
  462             1122.30
  463             1124.32
  464             1125.45
  465             1125.73
  466             1127.23
  467             1130.12
  468             1132.38
  469             1133.05
  470             1135.32
  471             1137.51
  472             1140.35
  473             1140.78
  474             1142.89
  475             1145.24
  476             1148.82
  477             1151.17
  478             1152.65
  479             1153.45
  480             1155.40
  481             1156.86
  482             1156.97
  483             1158.70
  484             1160.44
  485             1165.05
  486             1165.67
  487             1169.04
  488             1169.58
  489             1175.70
  490             1177.17
  491             1180.62
  492             1181.20
  493             1186.12
  494             1187.02
  495             1188.24
  496             1189.74
  497             1194.34
  498             1195.18
  499             1196.52
  500             1196.71
  501             1197.39
  502             1199.46
  503             1201.67
  504             1204.58
  505             1207.45
  506             1208.85
  507             1211.79
  508             1212.96
  509             1214.98
  510             1217.74
  511             1219.70
  512             1222.48
  513             1225.59
  514             1227.49
  515             1227.94
  516             1230.23
  517             1231.20
  518             1233.83
  519             1234.39
  520             1235.48
  521             1240.45
  522             1243.26
  523             1245.31
  524             1246.83
  525             1247.02
  526             1247.85
  527             1251.03
  528             1251.55
  529             1252.61
  530             1256.08
  531             1260.50
  532             1262.89
  533             1264.30
  534             1265.08
  535             1269.64
  536             1269.81
  537             1274.10
  538             1275.30
  539             1276.66
  540             1277.39
  541             1277.75
  542             1279.36
  543             1279.74
  544             1280.14
  545             1288.71
  546             1289.15
  547             1293.11
  548             1295.66
  549             1296.07
  550             1296.44
  551             1297.44
  552             1298.85
  553             1299.32
  554             1301.14
  555             1307.98
  556             1309.61
  557             1311.09
  558             1311.47
  559             1313.94
  560             1315.52
  561             1316.24
  562             1317.89
  563             1318.06
  564             1319.12
  565             1320.19
  566             1320.95
  567             1321.70
  568             1322.49
  569             1323.08
  570             1323.35
  571             1324.77
  572             1326.72
  573             1328.24
  574             1328.50
  575             1328.84
  576             1330.23
  577             1330.42
  578             1331.03
  579             1332.44
  580             1333.68
  581             1335.58
  582             1337.09
  583             1337.97
  584             1338.84
  585             1339.58
  586             1340.06
  587             1340.52
  588             1341.89
  589             1344.45
  590             1345.32
  591             1345.95
  592             1347.86
  593             1349.16
  594             1350.27
  595             1353.26
  596             1356.10
  597             1358.19
  598             1358.45
  599             1358.53
  600             1361.19
  601             1361.51
  602             1361.59
  603             1361.86
  604             1362.42
  605             1363.04
  606             1365.44
  607             1366.47
  608             1369.09
  609             1370.98
  610             1371.79
  611             1372.88
  612             1372.91
  613             1373.76
  614             1374.32
  615             1375.20
  616             1375.43
  617             1377.74
  618             1378.74
  619             1379.02
  620             1379.67
  621             1382.18
  622             1383.37
  623             1385.32
  624             1387.67
  625             1388.14
  626             1388.57
  627             1389.80
  628             1391.93
  629             1392.09
  630             1395.34
  631             1396.92
  632             1397.20
  633             1399.91
  634             1400.55
  635             1401.93
  636             1402.83
  637             1403.60
  638             1405.00
  639             1406.61
  640             1409.76
  641             1411.14
  642             1412.54
  643             1413.95
  644             1415.31
  645             1415.55
  646             1417.64
  647             1420.68
  648             1424.97
  649             1426.14
  650             1427.03
  651             1431.89
  652             1433.00
  653             1433.25
  654             1435.53
  655             1437.67
  656             1441.82
  657             1448.77
  658             1450.68
  659             1455.67
  660             1456.17
  661             1458.27
  662             1467.84
  663             1468.51
  664             1479.15
  665             1486.86
  666             1487.54
  667             1494.87
  668             1497.88
  669             1500.90
  670             1510.23
  671             1518.60
  672             1521.06
  673             1541.25
  674             1560.12
  675             1563.88
  676             1574.31
  677             1592.70
  678             1614.75
  679             1638.84
  680             1642.89
  681             1716.26
  682             1778.82
  683             1792.30
  684             1851.51
  685             1891.36
  686             2945.42
  687             2951.43
  688             2956.12
  689             2957.73
  690             2959.71
  691             2960.89
  692             2961.99
  693             2962.87
  694             2964.21
  695             2965.71
  696             2968.90
  697             2971.19
  698             2973.02
  699             2974.94
  700             2975.90
  701             2978.06
  702             2979.11
  703             2980.91
  704             2981.29
  705             2981.66
  706             2983.49
  707             2984.04
  708             2985.53
  709             2999.31
  710             3000.03
  711             3010.24
  712             3010.76
  713             3019.26
  714             3023.05
  715             3024.65
  716             3025.12
  717             3025.69
  718             3026.95
  719             3029.06
  720             3032.31
  721             3032.76
  722             3034.07
  723             3037.67
  724             3038.18
  725             3038.94
  726             3042.95
  727             3043.68
  728             3044.18
  729             3044.48
  730             3047.44
  731             3048.18
  732             3048.83
  733             3050.08
  734             3050.45
  735             3050.91
  736             3051.33
  737             3055.13
  738             3068.34
  739             3069.17
  740             3070.24
  741             3070.74
  742             3070.90
  743             3071.87
  744             3074.12
  745             3076.52
  746             3079.44
  747             3080.13
  748             3084.00
  749             3084.71
  750             3084.98
  751             3085.46
  752             3086.34
  753             3086.74
  754             3088.22
  755             3088.45
  756             3089.76
  757             3089.98
  758             3090.00
  759             3091.41
  760             3092.80
  761             3094.76
  762             3098.31
  763             3100.03
  764             3101.94
  765             3103.24
  766             3106.93
  767             3108.91
  768             3109.10
  769             3109.27
  770             3109.65
  771             3109.82
  772             3109.86
  773             3110.68
  774             3111.17
  775             3111.79
  776             3112.15
  777             3112.26
  778             3112.76
  779             3113.65
  780             3113.76
  781             3113.85
  782             3114.05
  783             3114.12
  784             3114.29
  785             3114.72
  786             3115.04
  787             3115.25
  788             3116.72
  789             3116.75
  790             3116.81
  791             3117.21
  792             3117.56
  793             3117.63
  794             3118.11
  795             3118.64
  796             3119.40
  797             3119.51
  798             3120.30
  799             3120.55
  800             3121.14
  801             3121.57
  802             3122.46
  803             3122.76
  804             3123.00
  805             3123.21
  806             3123.39
  807             3124.37
  808             3124.66
  809             3125.10
  810             3126.04
  811             3126.31
  812             3126.45
  813             3126.51
  814             3127.35
  815             3127.40
  816             3127.49
  817             3127.62
  818             3127.83
  819             3129.03
  820             3129.22
  821             3129.84
  822             3129.93
  823             3130.64
  824             3132.16
  825             3132.61
  826             3132.79
  827             3133.07
  828             3133.79
  829             3135.86
  830             3136.22
  831             3139.45
  832             3140.26
  833             3140.74
 Saving results in set 'hess'

 --------------------------------------------------------------------------------

 End time:                               Fri Jan 21 19:47:08 2022
 Total wall-clock time:                292.727 seconds
==================================================================================
