
================================================================================
          _____________ ________ _______________ ________     _________         
         / ___________// ______ \\_____   _____// ______ \   / ________)        
        / /_________  / /      \ \     | |     / /      \ \ | (_______          
       |  __________|| |        | |    | |    | |        | | \________ \        
        \ \_________ | |        | |    | |     \ \______/ /___________) |       
         \__________||_|        |_|    |_|      \________//____________/        
                                                                                
====================================[ Qcore ]===================================

 Git describe: 2.3.0-166-g4178ddb
 Compiler:     GNU 9.1.0
 Build type:   Release
 Version:      2.3.0-166-g4178ddb

 Start time:   Fri Jan 21 19:16:28 2022

 Data directory: /user/home/of15641/.local/src/Qcore/release/share/entos/qcore/data
 Number of threads: 32
 Number of threads was determined by: number of physical cores

 --------------------------------------------------------------------------------
                                 command: hessian                                
 --------------------------------------------------------------------------------

 -------------------------------
  Numerical Geometrical Hessian 
 -------------------------------

 Compute hessian using two-point central differentiation.
 Step size (bohr):                       0.0100

 Frequencies (including translational and rotational modes):
 mode    frequency (cm-1)
    0              280.30 i (imaginary)
    1              266.85 i (imaginary)
    2              258.76 i (imaginary)
    3              240.55 i (imaginary)
    4              216.89 i (imaginary)
    5              213.52 i (imaginary)
    6              210.87 i (imaginary)
    7              205.21 i (imaginary)
    8              196.37 i (imaginary)
    9              190.19 i (imaginary)
   10              184.64 i (imaginary)
   11              158.17 i (imaginary)
   12              153.25 i (imaginary)
   13              147.33 i (imaginary)
   14              142.90 i (imaginary)
   15              137.64 i (imaginary)
   16              137.06 i (imaginary)
   17              121.05 i (imaginary)
   18              115.15 i (imaginary)
   19              105.80 i (imaginary)
   20               83.63 i (imaginary)
   21               80.86 i (imaginary)
   22               70.09 i (imaginary)
   23               68.34 i (imaginary)
   24               64.44 i (imaginary)
   25               61.96 i (imaginary)
   26               58.70 i (imaginary)
   27               45.96 i (imaginary)
   28               31.49 i (imaginary)
   29               14.62 i (imaginary)
   30                7.26 i (imaginary)
   31                2.93 i (imaginary)
   32                1.07 i (imaginary)
   33                2.02
   34                5.11
   35                9.13
   36               10.01
   37               14.80
   38               16.01
   39               16.39
   40               21.10
   41               23.51
   42               23.72
   43               29.21
   44               32.23
   45               35.28
   46               45.28
   47               46.48
   48               48.02
   49               49.75
   50               50.52
   51               51.83
   52               52.72
   53               54.42
   54               56.81
   55               57.71
   56               61.40
   57               64.99
   58               66.13
   59               68.60
   60               73.37
   61               74.43
   62               75.55
   63               78.06
   64               80.84
   65               82.42
   66               85.74
   67               86.89
   68               90.29
   69               91.19
   70               94.32
   71               95.66
   72               99.92
   73              103.63
   74              103.72
   75              104.38
   76              106.16
   77              108.69
   78              110.10
   79              113.57
   80              113.95
   81              116.48
   82              120.16
   83              120.74
   84              125.16
   85              125.49
   86              125.97
   87              127.06
   88              128.34
   89              133.06
   90              134.96
   91              139.17
   92              139.85
   93              141.15
   94              142.74
   95              143.44
   96              145.82
   97              147.92
   98              148.62
   99              151.81
  100              154.82
  101              155.93
  102              156.42
  103              157.40
  104              159.99
  105              161.12
  106              164.93
  107              166.11
  108              167.40
  109              168.90
  110              171.40
  111              171.61
  112              176.19
  113              176.87
  114              178.65
  115              182.69
  116              184.74
  117              188.39
  118              189.45
  119              192.83
  120              193.24
  121              196.67
  122              197.84
  123              199.00
  124              201.37
  125              203.51
  126              205.99
  127              209.16
  128              211.60
  129              215.03
  130              215.44
  131              216.33
  132              217.59
  133              219.67
  134              223.81
  135              225.06
  136              226.77
  137              227.10
  138              229.98
  139              230.86
  140              232.24
  141              233.65
  142              233.98
  143              235.74
  144              241.68
  145              243.86
  146              246.39
  147              247.64
  148              258.60
  149              260.94
  150              267.58
  151              268.98
  152              271.08
  153              271.25
  154              271.98
  155              275.93
  156              276.53
  157              278.17
  158              285.32
  159              286.12
  160              292.79
  161              294.67
  162              300.64
  163              300.90
  164              304.45
  165              305.88
  166              307.57
  167              309.05
  168              310.41
  169              312.82
  170              316.53
  171              318.90
  172              320.10
  173              323.11
  174              325.36
  175              329.82
  176              336.50
  177              337.47
  178              340.16
  179              340.29
  180              342.51
  181              342.81
  182              346.11
  183              347.73
  184              349.70
  185              351.31
  186              355.53
  187              359.90
  188              361.31
  189              364.14
  190              365.95
  191              370.14
  192              370.46
  193              371.39
  194              372.38
  195              372.73
  196              377.99
  197              379.21
  198              382.45
  199              383.34
  200              384.41
  201              385.44
  202              389.37
  203              393.19
  204              396.37
  205              397.82
  206              403.71
  207              406.03
  208              409.25
  209              414.38
  210              416.91
  211              426.15
  212              430.28
  213              434.59
  214              436.56
  215              445.18
  216              446.46
  217              448.28
  218              449.29
  219              449.47
  220              454.74
  221              459.37
  222              464.26
  223              465.91
  224              470.22
  225              481.30
  226              483.61
  227              488.30
  228              493.32
  229              499.46
  230              502.62
  231              502.85
  232              504.26
  233              505.11
  234              513.32
  235              515.93
  236              517.62
  237              518.83
  238              527.09
  239              529.02
  240              536.47
  241              546.46
  242              547.64
  243              548.91
  244              552.89
  245              563.17
  246              566.86
  247              571.08
  248              571.71
  249              575.78
  250              577.19
  251              580.46
  252              581.28
  253              582.69
  254              586.70
  255              588.15
  256              596.24
  257              601.48
  258              604.65
  259              607.48
  260              617.61
  261              618.71
  262              622.38
  263              624.55
  264              627.13
  265              627.43
  266              639.86
  267              640.54
  268              643.21
  269              644.55
  270              653.46
  271              662.26
  272              667.05
  273              670.28
  274              676.94
  275              677.29
  276              679.60
  277              682.52
  278              686.77
  279              689.27
  280              695.52
  281              701.40
  282              704.25
  283              706.17
  284              706.88
  285              708.41
  286              711.66
  287              713.96
  288              720.94
  289              721.73
  290              725.61
  291              729.78
  292              730.48
  293              732.19
  294              733.11
  295              735.50
  296              735.60
  297              736.81
  298              737.34
  299              746.95
  300              747.69
  301              753.06
  302              756.89
  303              761.52
  304              762.79
  305              764.08
  306              769.05
  307              770.91
  308              773.33
  309              775.75
  310              777.17
  311              777.89
  312              788.57
  313              791.59
  314              794.22
  315              795.50
  316              797.62
  317              801.81
  318              803.07
  319              803.40
  320              805.25
  321              809.69
  322              809.95
  323              810.89
  324              813.96
  325              816.87
  326              820.48
  327              821.93
  328              824.73
  329              826.20
  330              826.83
  331              828.64
  332              831.81
  333              835.95
  334              837.90
  335              840.56
  336              841.29
  337              845.85
  338              848.14
  339              852.52
  340              856.64
  341              857.67
  342              859.13
  343              860.74
  344              862.05
  345              864.89
  346              867.54
  347              868.41
  348              870.15
  349              870.78
  350              872.95
  351              875.95
  352              876.80
  353              878.08
  354              879.81
  355              881.64
  356              882.51
  357              884.83
  358              885.29
  359              888.51
  360              890.83
  361              892.54
  362              893.44
  363              895.05
  364              899.04
  365              901.67
  366              903.75
  367              909.64
  368              914.11
  369              914.92
  370              916.71
  371              917.19
  372              917.89
  373              918.77
  374              922.70
  375              924.78
  376              925.97
  377              931.39
  378              933.49
  379              934.47
  380              934.76
  381              937.55
  382              942.83
  383              943.48
  384              945.08
  385              946.30
  386              950.37
  387              950.92
  388              952.80
  389              954.08
  390              959.76
  391              961.93
  392              966.76
  393              967.34
  394              972.76
  395              974.31
  396              976.83
  397              977.19
  398              979.08
  399              979.35
  400              981.69
  401              988.26
  402              988.84
  403              993.76
  404              994.23
  405              994.76
  406              995.98
  407              996.69
  408              999.86
  409             1000.32
  410             1001.97
  411             1004.42
  412             1008.48
  413             1011.32
  414             1019.27
  415             1020.39
  416             1021.73
  417             1022.19
  418             1024.42
  419             1028.59
  420             1029.28
  421             1031.58
  422             1031.83
  423             1034.28
  424             1035.04
  425             1035.93
  426             1038.13
  427             1040.51
  428             1044.10
  429             1046.70
  430             1046.80
  431             1048.36
  432             1049.55
  433             1051.53
  434             1052.20
  435             1054.38
  436             1055.89
  437             1057.57
  438             1060.88
  439             1061.65
  440             1066.11
  441             1068.18
  442             1069.80
  443             1070.90
  444             1071.07
  445             1073.19
  446             1073.66
  447             1075.22
  448             1079.69
  449             1082.36
  450             1083.68
  451             1087.37
  452             1089.01
  453             1090.99
  454             1093.01
  455             1096.24
  456             1099.49
  457             1100.93
  458             1104.26
  459             1104.94
  460             1105.45
  461             1106.32
  462             1111.09
  463             1113.16
  464             1115.53
  465             1120.24
  466             1121.07
  467             1123.53
  468             1123.56
  469             1125.33
  470             1126.00
  471             1132.90
  472             1133.42
  473             1133.56
  474             1133.98
  475             1135.23
  476             1135.90
  477             1138.95
  478             1139.65
  479             1140.21
  480             1141.73
  481             1143.82
  482             1146.49
  483             1148.41
  484             1151.08
  485             1153.11
  486             1155.23
  487             1156.26
  488             1156.95
  489             1159.05
  490             1161.30
  491             1162.73
  492             1164.63
  493             1166.53
  494             1166.92
  495             1167.38
  496             1170.54
  497             1173.92
  498             1176.46
  499             1176.75
  500             1180.47
  501             1182.68
  502             1183.16
  503             1189.53
  504             1191.20
  505             1193.07
  506             1194.58
  507             1195.39
  508             1197.46
  509             1197.92
  510             1199.04
  511             1200.21
  512             1202.34
  513             1205.16
  514             1206.61
  515             1215.84
  516             1218.99
  517             1220.00
  518             1220.41
  519             1223.37
  520             1224.44
  521             1226.52
  522             1227.48
  523             1227.69
  524             1231.35
  525             1236.47
  526             1236.78
  527             1239.09
  528             1239.63
  529             1240.92
  530             1243.45
  531             1245.00
  532             1248.72
  533             1258.54
  534             1259.14
  535             1263.64
  536             1264.39
  537             1265.37
  538             1268.92
  539             1271.49
  540             1273.15
  541             1275.04
  542             1276.54
  543             1277.81
  544             1279.23
  545             1279.85
  546             1282.34
  547             1284.14
  548             1286.78
  549             1289.23
  550             1292.33
  551             1293.44
  552             1294.96
  553             1295.27
  554             1295.87
  555             1298.12
  556             1300.47
  557             1301.97
  558             1303.53
  559             1303.66
  560             1305.34
  561             1306.53
  562             1307.50
  563             1307.98
  564             1310.36
  565             1311.14
  566             1311.90
  567             1313.14
  568             1316.58
  569             1319.96
  570             1320.05
  571             1321.69
  572             1322.65
  573             1325.21
  574             1326.37
  575             1328.35
  576             1328.62
  577             1329.10
  578             1331.14
  579             1334.38
  580             1335.35
  581             1336.08
  582             1336.44
  583             1337.32
  584             1337.85
  585             1338.96
  586             1339.08
  587             1340.64
  588             1341.79
  589             1345.18
  590             1345.54
  591             1345.63
  592             1346.22
  593             1348.83
  594             1349.17
  595             1349.27
  596             1349.73
  597             1350.75
  598             1355.05
  599             1356.02
  600             1356.14
  601             1356.97
  602             1357.20
  603             1359.18
  604             1360.65
  605             1362.67
  606             1362.91
  607             1365.73
  608             1365.79
  609             1366.47
  610             1367.49
  611             1368.05
  612             1369.97
  613             1371.25
  614             1372.13
  615             1372.47
  616             1373.49
  617             1373.62
  618             1374.40
  619             1374.70
  620             1375.60
  621             1375.86
  622             1376.91
  623             1377.24
  624             1377.66
  625             1379.39
  626             1379.73
  627             1382.26
  628             1383.14
  629             1386.33
  630             1387.98
  631             1389.34
  632             1390.09
  633             1390.14
  634             1391.43
  635             1392.21
  636             1393.61
  637             1397.06
  638             1397.64
  639             1398.51
  640             1399.11
  641             1399.44
  642             1401.35
  643             1401.72
  644             1402.38
  645             1404.28
  646             1406.13
  647             1406.52
  648             1407.60
  649             1409.38
  650             1411.68
  651             1411.78
  652             1411.84
  653             1414.20
  654             1416.84
  655             1417.02
  656             1418.73
  657             1421.05
  658             1421.23
  659             1421.29
  660             1425.23
  661             1430.95
  662             1431.40
  663             1431.59
  664             1431.88
  665             1436.91
  666             1445.05
  667             1448.55
  668             1448.75
  669             1461.98
  670             1474.47
  671             1480.15
  672             1489.93
  673             1498.92
  674             1508.22
  675             1518.90
  676             1530.77
  677             1532.31
  678             1539.78
  679             1542.82
  680             1549.63
  681             1562.09
  682             1565.11
  683             1570.27
  684             1572.60
  685             1597.49
  686             1603.40
  687             1607.50
  688             1630.75
  689             1639.03
  690             1704.18
  691             1831.36
  692             2938.70
  693             2948.66
  694             2951.59
  695             2953.88
  696             2958.03
  697             2962.06
  698             2962.96
  699             2963.05
  700             2963.89
  701             2966.38
  702             2968.69
  703             2969.39
  704             2971.03
  705             2972.92
  706             2973.97
  707             2975.75
  708             2976.39
  709             2976.81
  710             2977.24
  711             2978.11
  712             2979.36
  713             2981.33
  714             2988.36
  715             2993.53
  716             3016.44
  717             3019.23
  718             3020.05
  719             3024.14
  720             3025.70
  721             3026.46
  722             3027.49
  723             3027.67
  724             3029.77
  725             3034.07
  726             3034.92
  727             3036.02
  728             3036.67
  729             3038.07
  730             3038.94
  731             3040.48
  732             3042.69
  733             3045.17
  734             3045.87
  735             3045.96
  736             3047.36
  737             3049.31
  738             3049.51
  739             3051.80
  740             3055.88
  741             3056.47
  742             3057.29
  743             3058.91
  744             3060.20
  745             3061.30
  746             3065.11
  747             3066.60
  748             3073.84
  749             3074.06
  750             3078.11
  751             3079.73
  752             3080.45
  753             3081.41
  754             3083.16
  755             3083.77
  756             3087.40
  757             3090.56
  758             3090.90
  759             3091.44
  760             3091.45
  761             3093.27
  762             3094.06
  763             3094.68
  764             3095.16
  765             3095.67
  766             3096.73
  767             3097.81
  768             3098.75
  769             3100.42
  770             3100.71
  771             3102.47
  772             3109.01
  773             3110.05
  774             3110.09
  775             3110.26
  776             3110.38
  777             3111.30
  778             3111.58
  779             3111.77
  780             3112.32
  781             3112.54
  782             3112.55
  783             3113.15
  784             3113.27
  785             3113.92
  786             3114.21
  787             3114.22
  788             3114.26
  789             3114.30
  790             3114.55
  791             3114.87
  792             3115.12
  793             3115.52
  794             3116.54
  795             3116.66
  796             3117.28
  797             3117.51
  798             3117.54
  799             3117.76
  800             3118.11
  801             3118.14
  802             3118.21
  803             3118.30
  804             3120.74
  805             3120.86
  806             3121.10
  807             3121.15
  808             3121.44
  809             3122.07
  810             3122.24
  811             3122.43
  812             3122.56
  813             3122.58
  814             3123.53
  815             3123.77
  816             3123.81
  817             3124.00
  818             3124.27
  819             3124.80
  820             3124.96
  821             3125.04
  822             3125.62
  823             3126.09
  824             3126.75
  825             3127.20
  826             3127.80
  827             3127.87
  828             3128.92
  829             3129.91
  830             3129.93
  831             3130.30
  832             3131.19
  833             3131.93
  834             3132.91
  835             3134.19
  836             3135.15
  837             3136.04
  838             3136.45
  839             3138.16

 Project out translational and rotational motions 

 Degrees of freedom for translational and rotational motions: 6

 Vibrational frequencies:
 mode    frequency (cm-1)
    0              280.30 i (imaginary)
    1              266.84 i (imaginary)
    2              258.75 i (imaginary)
    3              240.54 i (imaginary)
    4              216.88 i (imaginary)
    5              213.51 i (imaginary)
    6              210.86 i (imaginary)
    7              205.20 i (imaginary)
    8              196.36 i (imaginary)
    9              190.18 i (imaginary)
   10              184.64 i (imaginary)
   11              158.16 i (imaginary)
   12              153.24 i (imaginary)
   13              147.30 i (imaginary)
   14              142.80 i (imaginary)
   15              137.62 i (imaginary)
   16              137.04 i (imaginary)
   17              121.04 i (imaginary)
   18              115.14 i (imaginary)
   19              105.79 i (imaginary)
   20               83.58 i (imaginary)
   21               80.78 i (imaginary)
   22               70.05 i (imaginary)
   23               68.18 i (imaginary)
   24               64.36 i (imaginary)
   25               61.91 i (imaginary)
   26               58.46 i (imaginary)
   27               45.91 i (imaginary)
   28               31.05 i (imaginary)
   29               10.35 i (imaginary)
   30                5.69
   31                7.20
   32               13.87
   33               15.14
   34               20.88
   35               23.20
   36               23.58
   37               28.82
   38               31.46
   39               35.19
   40               43.62
   41               45.90
   42               46.95
   43               49.68
   44               50.01
   45               50.68
   46               52.44
   47               53.81
   48               56.57
   49               57.06
   50               61.33
   51               64.67
   52               66.05
   53               68.26
   54               73.30
   55               74.38
   56               75.53
   57               78.02
   58               80.75
   59               82.33
   60               85.68
   61               86.88
   62               90.24
   63               90.94
   64               94.27
   65               95.59
   66               99.83
   67              103.58
   68              103.70
   69              104.37
   70              106.11
   71              108.65
   72              110.05
   73              113.49
   74              113.92
   75              116.42
   76              120.14
   77              120.73
   78              125.11
   79              125.48
   80              125.96
   81              127.04
   82              128.27
   83              133.04
   84              134.92
   85              139.16
   86              139.85
   87              141.14
   88              142.71
   89              143.43
   90              145.81
   91              147.90
   92              148.62
   93              151.80
   94              154.79
   95              155.92
   96              156.41
   97              157.39
   98              159.98
   99              161.08
  100              164.92
  101              166.09
  102              167.39
  103              168.89
  104              171.39
  105              171.61
  106              176.18
  107              176.83
  108              178.64
  109              182.68
  110              184.73
  111              188.37
  112              189.44
  113              192.83
  114              193.23
  115              196.66
  116              197.82
  117              198.99
  118              201.35
  119              203.50
  120              205.96
  121              209.14
  122              211.60
  123              215.03
  124              215.44
  125              216.32
  126              217.58
  127              219.67
  128              223.80
  129              225.04
  130              226.76
  131              227.10
  132              229.97
  133              230.84
  134              232.23
  135              233.63
  136              233.98
  137              235.73
  138              241.66
  139              243.85
  140              246.39
  141              247.63
  142              258.59
  143              260.94
  144              267.57
  145              268.97
  146              271.08
  147              271.22
  148              271.98
  149              275.93
  150              276.52
  151              278.16
  152              285.32
  153              286.10
  154              292.79
  155              294.66
  156              300.64
  157              300.89
  158              304.44
  159              305.87
  160              307.57
  161              309.04
  162              310.41
  163              312.81
  164              316.52
  165              318.90
  166              320.10
  167              323.11
  168              325.35
  169              329.82
  170              336.50
  171              337.47
  172              340.16
  173              340.29
  174              342.50
  175              342.81
  176              346.10
  177              347.73
  178              349.70
  179              351.31
  180              355.53
  181              359.89
  182              361.30
  183              364.14
  184              365.94
  185              370.13
  186              370.46
  187              371.39
  188              372.37
  189              372.73
  190              377.98
  191              379.20
  192              382.44
  193              383.33
  194              384.41
  195              385.44
  196              389.37
  197              393.19
  198              396.36
  199              397.81
  200              403.71
  201              406.03
  202              409.24
  203              414.38
  204              416.91
  205              426.14
  206              430.28
  207              434.59
  208              436.56
  209              445.18
  210              446.46
  211              448.27
  212              449.28
  213              449.47
  214              454.74
  215              459.36
  216              464.26
  217              465.91
  218              470.22
  219              481.30
  220              483.61
  221              488.30
  222              493.32
  223              499.46
  224              502.62
  225              502.85
  226              504.26
  227              505.11
  228              513.32
  229              515.93
  230              517.62
  231              518.83
  232              527.09
  233              529.01
  234              536.46
  235              546.46
  236              547.64
  237              548.91
  238              552.89
  239              563.17
  240              566.85
  241              571.08
  242              571.71
  243              575.78
  244              577.19
  245              580.46
  246              581.28
  247              582.69
  248              586.70
  249              588.15
  250              596.24
  251              601.48
  252              604.65
  253              607.47
  254              617.61
  255              618.71
  256              622.38
  257              624.55
  258              627.13
  259              627.43
  260              639.86
  261              640.54
  262              643.21
  263              644.54
  264              653.45
  265              662.25
  266              667.05
  267              670.28
  268              676.94
  269              677.29
  270              679.60
  271              682.52
  272              686.77
  273              689.27
  274              695.52
  275              701.40
  276              704.25
  277              706.17
  278              706.88
  279              708.41
  280              711.66
  281              713.96
  282              720.94
  283              721.73
  284              725.60
  285              729.78
  286              730.48
  287              732.19
  288              733.11
  289              735.50
  290              735.60
  291              736.81
  292              737.34
  293              746.95
  294              747.69
  295              753.06
  296              756.89
  297              761.52
  298              762.79
  299              764.08
  300              769.05
  301              770.91
  302              773.33
  303              775.75
  304              777.17
  305              777.89
  306              788.57
  307              791.59
  308              794.22
  309              795.50
  310              797.62
  311              801.81
  312              803.07
  313              803.40
  314              805.25
  315              809.69
  316              809.94
  317              810.89
  318              813.96
  319              816.87
  320              820.48
  321              821.92
  322              824.72
  323              826.20
  324              826.83
  325              828.64
  326              831.81
  327              835.95
  328              837.90
  329              840.56
  330              841.29
  331              845.85
  332              848.14
  333              852.52
  334              856.64
  335              857.67
  336              859.13
  337              860.74
  338              862.05
  339              864.89
  340              867.54
  341              868.41
  342              870.15
  343              870.78
  344              872.95
  345              875.95
  346              876.80
  347              878.07
  348              879.81
  349              881.64
  350              882.51
  351              884.83
  352              885.29
  353              888.51
  354              890.83
  355              892.54
  356              893.44
  357              895.05
  358              899.04
  359              901.67
  360              903.75
  361              909.64
  362              914.11
  363              914.92
  364              916.71
  365              917.19
  366              917.89
  367              918.77
  368              922.70
  369              924.78
  370              925.97
  371              931.39
  372              933.49
  373              934.47
  374              934.76
  375              937.55
  376              942.83
  377              943.48
  378              945.08
  379              946.30
  380              950.37
  381              950.92
  382              952.80
  383              954.08
  384              959.76
  385              961.93
  386              966.76
  387              967.34
  388              972.76
  389              974.31
  390              976.82
  391              977.19
  392              979.08
  393              979.35
  394              981.69
  395              988.26
  396              988.84
  397              993.76
  398              994.23
  399              994.76
  400              995.98
  401              996.69
  402              999.86
  403             1000.32
  404             1001.96
  405             1004.42
  406             1008.48
  407             1011.32
  408             1019.27
  409             1020.39
  410             1021.72
  411             1022.19
  412             1024.42
  413             1028.59
  414             1029.28
  415             1031.58
  416             1031.83
  417             1034.28
  418             1035.04
  419             1035.93
  420             1038.13
  421             1040.51
  422             1044.10
  423             1046.70
  424             1046.80
  425             1048.36
  426             1049.55
  427             1051.53
  428             1052.20
  429             1054.38
  430             1055.89
  431             1057.57
  432             1060.88
  433             1061.65
  434             1066.11
  435             1068.18
  436             1069.80
  437             1070.90
  438             1071.07
  439             1073.19
  440             1073.66
  441             1075.22
  442             1079.69
  443             1082.36
  444             1083.68
  445             1087.37
  446             1089.01
  447             1090.99
  448             1093.01
  449             1096.24
  450             1099.49
  451             1100.93
  452             1104.26
  453             1104.94
  454             1105.45
  455             1106.32
  456             1111.09
  457             1113.16
  458             1115.53
  459             1120.24
  460             1121.07
  461             1123.53
  462             1123.56
  463             1125.33
  464             1126.00
  465             1132.90
  466             1133.42
  467             1133.56
  468             1133.98
  469             1135.23
  470             1135.90
  471             1138.95
  472             1139.65
  473             1140.21
  474             1141.73
  475             1143.82
  476             1146.49
  477             1148.41
  478             1151.08
  479             1153.11
  480             1155.23
  481             1156.26
  482             1156.95
  483             1159.05
  484             1161.30
  485             1162.73
  486             1164.63
  487             1166.53
  488             1166.92
  489             1167.38
  490             1170.54
  491             1173.92
  492             1176.46
  493             1176.75
  494             1180.47
  495             1182.68
  496             1183.16
  497             1189.53
  498             1191.20
  499             1193.07
  500             1194.58
  501             1195.39
  502             1197.46
  503             1197.92
  504             1199.04
  505             1200.21
  506             1202.34
  507             1205.16
  508             1206.61
  509             1215.84
  510             1218.99
  511             1220.00
  512             1220.41
  513             1223.37
  514             1224.44
  515             1226.52
  516             1227.48
  517             1227.69
  518             1231.35
  519             1236.47
  520             1236.78
  521             1239.09
  522             1239.63
  523             1240.92
  524             1243.45
  525             1245.00
  526             1248.71
  527             1258.54
  528             1259.14
  529             1263.64
  530             1264.39
  531             1265.37
  532             1268.92
  533             1271.49
  534             1273.15
  535             1275.04
  536             1276.54
  537             1277.81
  538             1279.23
  539             1279.85
  540             1282.34
  541             1284.14
  542             1286.78
  543             1289.23
  544             1292.33
  545             1293.44
  546             1294.96
  547             1295.27
  548             1295.87
  549             1298.12
  550             1300.47
  551             1301.97
  552             1303.53
  553             1303.66
  554             1305.34
  555             1306.53
  556             1307.50
  557             1307.98
  558             1310.36
  559             1311.14
  560             1311.90
  561             1313.14
  562             1316.58
  563             1319.96
  564             1320.05
  565             1321.69
  566             1322.65
  567             1325.21
  568             1326.37
  569             1328.35
  570             1328.62
  571             1329.10
  572             1331.14
  573             1334.38
  574             1335.35
  575             1336.08
  576             1336.44
  577             1337.32
  578             1337.85
  579             1338.96
  580             1339.08
  581             1340.64
  582             1341.79
  583             1345.18
  584             1345.54
  585             1345.63
  586             1346.22
  587             1348.83
  588             1349.17
  589             1349.27
  590             1349.73
  591             1350.75
  592             1355.05
  593             1356.02
  594             1356.14
  595             1356.97
  596             1357.20
  597             1359.18
  598             1360.65
  599             1362.67
  600             1362.91
  601             1365.73
  602             1365.79
  603             1366.47
  604             1367.49
  605             1368.05
  606             1369.97
  607             1371.25
  608             1372.13
  609             1372.47
  610             1373.49
  611             1373.62
  612             1374.40
  613             1374.70
  614             1375.60
  615             1375.86
  616             1376.91
  617             1377.24
  618             1377.66
  619             1379.39
  620             1379.73
  621             1382.26
  622             1383.14
  623             1386.33
  624             1387.98
  625             1389.34
  626             1390.09
  627             1390.14
  628             1391.43
  629             1392.21
  630             1393.61
  631             1397.06
  632             1397.64
  633             1398.51
  634             1399.11
  635             1399.44
  636             1401.35
  637             1401.72
  638             1402.38
  639             1404.28
  640             1406.13
  641             1406.52
  642             1407.60
  643             1409.38
  644             1411.68
  645             1411.78
  646             1411.84
  647             1414.20
  648             1416.84
  649             1417.02
  650             1418.73
  651             1421.05
  652             1421.23
  653             1421.29
  654             1425.23
  655             1430.95
  656             1431.40
  657             1431.59
  658             1431.88
  659             1436.91
  660             1445.05
  661             1448.55
  662             1448.75
  663             1461.98
  664             1474.47
  665             1480.15
  666             1489.93
  667             1498.92
  668             1508.22
  669             1518.90
  670             1530.77
  671             1532.31
  672             1539.78
  673             1542.82
  674             1549.63
  675             1562.09
  676             1565.11
  677             1570.27
  678             1572.60
  679             1597.49
  680             1603.40
  681             1607.50
  682             1630.75
  683             1639.03
  684             1704.18
  685             1831.36
  686             2938.70
  687             2948.66
  688             2951.59
  689             2953.88
  690             2958.03
  691             2962.06
  692             2962.96
  693             2963.05
  694             2963.89
  695             2966.38
  696             2968.69
  697             2969.38
  698             2971.03
  699             2972.92
  700             2973.97
  701             2975.75
  702             2976.39
  703             2976.81
  704             2977.24
  705             2978.11
  706             2979.36
  707             2981.33
  708             2988.36
  709             2993.53
  710             3016.44
  711             3019.23
  712             3020.05
  713             3024.14
  714             3025.70
  715             3026.46
  716             3027.49
  717             3027.67
  718             3029.77
  719             3034.07
  720             3034.92
  721             3036.02
  722             3036.67
  723             3038.07
  724             3038.94
  725             3040.48
  726             3042.69
  727             3045.17
  728             3045.87
  729             3045.96
  730             3047.36
  731             3049.31
  732             3049.51
  733             3051.80
  734             3055.88
  735             3056.47
  736             3057.29
  737             3058.91
  738             3060.20
  739             3061.30
  740             3065.11
  741             3066.60
  742             3073.84
  743             3074.06
  744             3078.11
  745             3079.73
  746             3080.45
  747             3081.41
  748             3083.16
  749             3083.77
  750             3087.40
  751             3090.56
  752             3090.90
  753             3091.44
  754             3091.45
  755             3093.27
  756             3094.06
  757             3094.68
  758             3095.16
  759             3095.67
  760             3096.73
  761             3097.81
  762             3098.75
  763             3100.42
  764             3100.71
  765             3102.47
  766             3109.01
  767             3110.05
  768             3110.09
  769             3110.26
  770             3110.38
  771             3111.30
  772             3111.58
  773             3111.77
  774             3112.32
  775             3112.54
  776             3112.55
  777             3113.15
  778             3113.27
  779             3113.92
  780             3114.21
  781             3114.22
  782             3114.26
  783             3114.30
  784             3114.55
  785             3114.87
  786             3115.12
  787             3115.52
  788             3116.54
  789             3116.66
  790             3117.28
  791             3117.51
  792             3117.54
  793             3117.76
  794             3118.11
  795             3118.14
  796             3118.21
  797             3118.30
  798             3120.74
  799             3120.86
  800             3121.10
  801             3121.15
  802             3121.44
  803             3122.07
  804             3122.24
  805             3122.43
  806             3122.56
  807             3122.58
  808             3123.53
  809             3123.77
  810             3123.81
  811             3124.00
  812             3124.27
  813             3124.80
  814             3124.96
  815             3125.04
  816             3125.62
  817             3126.09
  818             3126.75
  819             3127.20
  820             3127.80
  821             3127.87
  822             3128.92
  823             3129.91
  824             3129.93
  825             3130.30
  826             3131.19
  827             3131.93
  828             3132.91
  829             3134.19
  830             3135.15
  831             3136.04
  832             3136.45
  833             3138.16
 Saving results in set 'hess'

 --------------------------------------------------------------------------------

 End time:                               Fri Jan 21 19:21:27 2022
 Total wall-clock time:                299.751 seconds
==================================================================================
