
================================================================================
          _____________ ________ _______________ ________     _________         
         / ___________// ______ \\_____   _____// ______ \   / ________)        
        / /_________  / /      \ \     | |     / /      \ \ | (_______          
       |  __________|| |        | |    | |    | |        | | \________ \        
        \ \_________ | |        | |    | |     \ \______/ /___________) |       
         \__________||_|        |_|    |_|      \________//____________/        
                                                                                
====================================[ Qcore ]===================================

 Git describe: 2.3.0-166-g4178ddb
 Compiler:     GNU 9.1.0
 Build type:   Release
 Version:      2.3.0-166-g4178ddb

 Start time:   Fri Jan 21 17:59:16 2022

 Data directory: /user/home/of15641/.local/src/Qcore/release/share/entos/qcore/data
 Number of threads: 32
 Number of threads was determined by: number of physical cores

 --------------------------------------------------------------------------------
                                 command: hessian                                
 --------------------------------------------------------------------------------

 -------------------------------
  Numerical Geometrical Hessian 
 -------------------------------

 Compute hessian using two-point central differentiation.
 Step size (bohr):                       0.0100

 Frequencies (including translational and rotational modes):
 mode    frequency (cm-1)
    0              289.83 i (imaginary)
    1              282.70 i (imaginary)
    2              282.25 i (imaginary)
    3              281.35 i (imaginary)
    4              230.75 i (imaginary)
    5              228.31 i (imaginary)
    6              215.32 i (imaginary)
    7              208.84 i (imaginary)
    8              203.26 i (imaginary)
    9              173.41 i (imaginary)
   10              167.55 i (imaginary)
   11              166.64 i (imaginary)
   12              159.53 i (imaginary)
   13              154.54 i (imaginary)
   14              150.37 i (imaginary)
   15              143.62 i (imaginary)
   16              138.75 i (imaginary)
   17              128.03 i (imaginary)
   18              119.20 i (imaginary)
   19               86.98 i (imaginary)
   20               66.54 i (imaginary)
   21               59.80 i (imaginary)
   22               55.81 i (imaginary)
   23               51.72 i (imaginary)
   24               33.79 i (imaginary)
   25               11.22 i (imaginary)
   26                5.18 i (imaginary)
   27                2.73 i (imaginary)
   28                0.75 i (imaginary)
   29                0.85
   30                6.52
   31                9.00
   32               13.18
   33               14.43
   34               16.62
   35               17.56
   36               23.29
   37               25.68
   38               37.53
   39               37.97
   40               38.93
   41               40.54
   42               45.90
   43               48.60
   44               50.21
   45               54.09
   46               54.51
   47               57.04
   48               60.35
   49               61.26
   50               61.63
   51               67.20
   52               69.67
   53               70.46
   54               73.64
   55               79.31
   56               80.20
   57               83.32
   58               85.83
   59               87.18
   60               90.85
   61               92.11
   62               93.82
   63               96.55
   64               98.19
   65               98.48
   66              101.04
   67              102.16
   68              106.25
   69              107.06
   70              107.19
   71              112.06
   72              113.37
   73              114.06
   74              116.21
   75              116.35
   76              119.38
   77              120.84
   78              123.84
   79              127.39
   80              128.21
   81              132.88
   82              135.41
   83              136.98
   84              139.59
   85              141.02
   86              141.27
   87              143.27
   88              144.49
   89              145.77
   90              146.89
   91              149.42
   92              152.81
   93              153.58
   94              158.04
   95              159.11
   96              159.89
   97              161.70
   98              163.41
   99              164.04
  100              165.42
  101              167.52
  102              169.61
  103              171.07
  104              174.72
  105              175.76
  106              177.29
  107              178.94
  108              180.20
  109              181.28
  110              184.69
  111              185.12
  112              190.22
  113              193.29
  114              195.26
  115              195.56
  116              196.57
  117              198.15
  118              203.84
  119              205.10
  120              207.60
  121              210.12
  122              211.62
  123              213.37
  124              217.07
  125              217.75
  126              217.92
  127              221.16
  128              222.15
  129              222.99
  130              224.68
  131              225.60
  132              226.41
  133              229.86
  134              231.18
  135              232.85
  136              237.07
  137              239.82
  138              241.06
  139              243.08
  140              244.67
  141              246.63
  142              249.90
  143              250.29
  144              252.27
  145              255.47
  146              256.96
  147              259.49
  148              261.88
  149              264.17
  150              267.19
  151              269.49
  152              270.42
  153              273.32
  154              274.07
  155              274.31
  156              279.20
  157              280.69
  158              282.87
  159              286.54
  160              288.50
  161              291.03
  162              293.52
  163              298.72
  164              301.25
  165              303.85
  166              305.45
  167              307.36
  168              309.62
  169              313.26
  170              315.59
  171              319.21
  172              320.14
  173              321.98
  174              328.85
  175              329.32
  176              335.06
  177              336.76
  178              337.35
  179              338.34
  180              339.60
  181              340.27
  182              341.97
  183              346.87
  184              351.58
  185              351.70
  186              352.66
  187              353.50
  188              360.82
  189              361.91
  190              363.27
  191              363.62
  192              367.83
  193              369.47
  194              370.84
  195              373.47
  196              377.00
  197              380.11
  198              384.07
  199              388.72
  200              389.47
  201              392.12
  202              393.17
  203              395.56
  204              400.93
  205              402.49
  206              409.53
  207              412.93
  208              414.39
  209              417.56
  210              419.26
  211              421.41
  212              424.58
  213              425.71
  214              435.91
  215              440.33
  216              443.08
  217              443.12
  218              447.81
  219              448.73
  220              451.71
  221              460.62
  222              461.73
  223              466.65
  224              471.75
  225              478.86
  226              479.45
  227              484.13
  228              485.60
  229              486.61
  230              487.12
  231              490.47
  232              493.43
  233              496.60
  234              502.56
  235              508.23
  236              513.49
  237              517.89
  238              520.12
  239              526.58
  240              547.03
  241              550.19
  242              558.95
  243              560.68
  244              562.09
  245              564.86
  246              565.88
  247              566.85
  248              569.15
  249              569.43
  250              575.86
  251              576.89
  252              578.10
  253              580.83
  254              584.48
  255              589.00
  256              589.96
  257              592.06
  258              595.43
  259              596.57
  260              602.36
  261              605.82
  262              606.52
  263              612.48
  264              615.69
  265              621.00
  266              633.08
  267              637.12
  268              641.80
  269              643.87
  270              648.37
  271              657.17
  272              663.76
  273              664.76
  274              666.15
  275              670.11
  276              670.24
  277              679.13
  278              680.96
  279              681.80
  280              683.42
  281              688.99
  282              700.77
  283              702.11
  284              705.20
  285              706.27
  286              706.81
  287              708.25
  288              709.21
  289              715.14
  290              716.71
  291              724.84
  292              728.27
  293              730.82
  294              735.23
  295              736.10
  296              738.35
  297              740.87
  298              741.83
  299              747.58
  300              747.94
  301              754.85
  302              757.27
  303              762.53
  304              765.78
  305              767.43
  306              769.44
  307              769.83
  308              770.27
  309              774.97
  310              776.00
  311              779.42
  312              782.34
  313              786.90
  314              787.16
  315              790.69
  316              792.04
  317              795.54
  318              797.09
  319              798.21
  320              801.00
  321              803.06
  322              808.73
  323              812.33
  324              814.85
  325              815.20
  326              820.73
  327              824.89
  328              825.69
  329              827.83
  330              828.25
  331              829.86
  332              830.17
  333              834.39
  334              837.25
  335              839.26
  336              842.12
  337              842.53
  338              843.87
  339              846.49
  340              847.35
  341              852.41
  342              852.88
  343              855.03
  344              855.19
  345              859.32
  346              861.14
  347              863.06
  348              864.79
  349              867.03
  350              867.53
  351              867.90
  352              869.32
  353              870.19
  354              872.01
  355              875.48
  356              878.49
  357              878.59
  358              879.17
  359              881.70
  360              883.04
  361              883.54
  362              884.57
  363              889.55
  364              892.36
  365              896.99
  366              898.72
  367              900.93
  368              902.82
  369              904.56
  370              904.68
  371              906.26
  372              906.50
  373              908.82
  374              913.06
  375              916.20
  376              917.27
  377              918.13
  378              920.93
  379              922.01
  380              930.33
  381              930.99
  382              931.25
  383              935.35
  384              937.00
  385              938.97
  386              941.11
  387              941.69
  388              942.57
  389              944.84
  390              947.43
  391              949.96
  392              950.96
  393              953.67
  394              954.59
  395              956.52
  396              960.33
  397              964.96
  398              965.67
  399              966.02
  400              968.78
  401              970.47
  402              973.45
  403              974.89
  404              977.28
  405              977.84
  406              979.73
  407              984.45
  408              984.73
  409              986.06
  410              986.72
  411              987.10
  412              991.69
  413              993.92
  414              994.77
  415              997.95
  416              999.64
  417             1001.76
  418             1004.58
  419             1006.88
  420             1011.50
  421             1012.44
  422             1014.90
  423             1016.42
  424             1020.53
  425             1022.29
  426             1028.70
  427             1029.06
  428             1033.82
  429             1035.52
  430             1035.64
  431             1039.21
  432             1041.26
  433             1043.62
  434             1044.66
  435             1047.65
  436             1047.73
  437             1050.05
  438             1051.50
  439             1053.65
  440             1055.44
  441             1056.26
  442             1061.48
  443             1064.52
  444             1064.61
  445             1067.16
  446             1067.38
  447             1069.59
  448             1070.29
  449             1073.87
  450             1075.62
  451             1075.90
  452             1077.58
  453             1081.06
  454             1084.44
  455             1086.59
  456             1088.65
  457             1089.86
  458             1090.14
  459             1090.38
  460             1095.55
  461             1097.89
  462             1098.43
  463             1104.38
  464             1106.77
  465             1110.28
  466             1111.63
  467             1112.42
  468             1116.45
  469             1118.15
  470             1121.49
  471             1122.02
  472             1125.84
  473             1130.03
  474             1131.02
  475             1131.22
  476             1132.83
  477             1133.65
  478             1134.68
  479             1135.32
  480             1137.60
  481             1139.99
  482             1142.26
  483             1143.97
  484             1145.24
  485             1145.75
  486             1145.92
  487             1147.72
  488             1150.03
  489             1151.42
  490             1156.09
  491             1159.24
  492             1160.52
  493             1164.82
  494             1168.38
  495             1171.21
  496             1171.90
  497             1174.48
  498             1177.85
  499             1180.39
  500             1182.19
  501             1182.23
  502             1183.15
  503             1185.27
  504             1185.44
  505             1188.00
  506             1191.97
  507             1192.16
  508             1194.39
  509             1197.97
  510             1198.70
  511             1200.76
  512             1203.22
  513             1207.86
  514             1207.92
  515             1209.99
  516             1212.95
  517             1215.35
  518             1215.63
  519             1221.39
  520             1221.92
  521             1224.78
  522             1226.54
  523             1228.37
  524             1229.08
  525             1230.73
  526             1233.83
  527             1234.25
  528             1237.28
  529             1238.32
  530             1239.50
  531             1242.44
  532             1244.09
  533             1249.12
  534             1253.89
  535             1254.37
  536             1254.81
  537             1255.29
  538             1256.68
  539             1257.16
  540             1258.92
  541             1265.44
  542             1265.77
  543             1267.41
  544             1267.76
  545             1271.13
  546             1271.91
  547             1272.99
  548             1274.64
  549             1276.48
  550             1279.26
  551             1280.97
  552             1283.08
  553             1284.44
  554             1287.59
  555             1288.16
  556             1290.12
  557             1290.90
  558             1291.88
  559             1294.90
  560             1295.92
  561             1298.21
  562             1299.57
  563             1301.93
  564             1302.37
  565             1305.33
  566             1306.01
  567             1307.49
  568             1308.06
  569             1309.05
  570             1309.36
  571             1311.71
  572             1312.27
  573             1313.75
  574             1315.70
  575             1317.25
  576             1317.35
  577             1318.73
  578             1318.85
  579             1321.15
  580             1321.82
  581             1323.26
  582             1324.15
  583             1324.96
  584             1326.55
  585             1326.74
  586             1327.65
  587             1329.30
  588             1330.18
  589             1331.42
  590             1335.03
  591             1337.14
  592             1339.22
  593             1340.61
  594             1341.21
  595             1341.54
  596             1342.43
  597             1344.47
  598             1345.55
  599             1345.64
  600             1346.15
  601             1347.36
  602             1349.95
  603             1351.43
  604             1352.64
  605             1353.05
  606             1353.31
  607             1355.07
  608             1356.68
  609             1358.32
  610             1361.43
  611             1361.69
  612             1362.46
  613             1364.16
  614             1365.62
  615             1366.37
  616             1367.44
  617             1367.46
  618             1367.59
  619             1368.59
  620             1369.79
  621             1370.49
  622             1373.00
  623             1373.33
  624             1374.28
  625             1375.57
  626             1376.95
  627             1376.96
  628             1377.42
  629             1378.24
  630             1380.61
  631             1381.24
  632             1384.28
  633             1385.49
  634             1386.77
  635             1389.47
  636             1390.92
  637             1392.17
  638             1392.64
  639             1393.43
  640             1395.22
  641             1397.33
  642             1398.19
  643             1400.78
  644             1400.84
  645             1402.03
  646             1404.07
  647             1405.18
  648             1405.94
  649             1407.70
  650             1409.35
  651             1411.75
  652             1412.79
  653             1414.42
  654             1416.07
  655             1419.17
  656             1421.28
  657             1422.26
  658             1425.04
  659             1426.71
  660             1427.84
  661             1429.15
  662             1429.73
  663             1429.99
  664             1436.73
  665             1439.55
  666             1448.68
  667             1453.12
  668             1469.76
  669             1494.60
  670             1495.71
  671             1503.15
  672             1511.87
  673             1520.06
  674             1533.03
  675             1541.17
  676             1548.98
  677             1551.83
  678             1583.64
  679             1591.48
  680             1595.55
  681             1602.17
  682             1639.38
  683             1660.50
  684             1662.16
  685             1669.42
  686             1676.63
  687             1686.84
  688             1698.85
  689             1708.69
  690             1722.28
  691             1751.59
  692             2935.24
  693             2944.40
  694             2949.71
  695             2954.29
  696             2955.52
  697             2956.29
  698             2956.49
  699             2958.53
  700             2960.78
  701             2961.20
  702             2961.72
  703             2962.44
  704             2965.04
  705             2969.30
  706             2973.36
  707             2975.18
  708             2977.34
  709             2978.98
  710             2982.17
  711             2983.71
  712             2986.47
  713             2987.10
  714             2989.21
  715             2996.50
  716             3009.94
  717             3013.21
  718             3016.93
  719             3020.20
  720             3021.51
  721             3023.53
  722             3025.12
  723             3028.43
  724             3028.67
  725             3029.99
  726             3031.05
  727             3033.51
  728             3034.56
  729             3035.65
  730             3036.25
  731             3038.22
  732             3039.31
  733             3041.09
  734             3042.08
  735             3043.48
  736             3046.83
  737             3047.02
  738             3048.08
  739             3050.17
  740             3050.59
  741             3052.69
  742             3054.16
  743             3061.44
  744             3062.70
  745             3063.12
  746             3064.47
  747             3065.35
  748             3066.88
  749             3068.53
  750             3069.44
  751             3069.96
  752             3071.00
  753             3072.06
  754             3073.26
  755             3077.50
  756             3080.44
  757             3083.83
  758             3084.63
  759             3086.94
  760             3088.14
  761             3090.12
  762             3091.23
  763             3092.93
  764             3094.46
  765             3094.97
  766             3095.14
  767             3095.60
  768             3096.54
  769             3100.94
  770             3104.58
  771             3105.92
  772             3106.41
  773             3107.37
  774             3109.34
  775             3109.87
  776             3110.45
  777             3111.18
  778             3111.25
  779             3111.44
  780             3111.58
  781             3111.65
  782             3111.70
  783             3112.15
  784             3112.27
  785             3112.61
  786             3113.27
  787             3113.51
  788             3114.78
  789             3115.29
  790             3115.43
  791             3115.49
  792             3115.87
  793             3115.92
  794             3116.56
  795             3116.95
  796             3117.38
  797             3117.60
  798             3118.77
  799             3119.19
  800             3119.79
  801             3120.03
  802             3120.19
  803             3120.22
  804             3121.15
  805             3121.24
  806             3121.54
  807             3121.70
  808             3122.03
  809             3122.84
  810             3122.88
  811             3123.06
  812             3123.61
  813             3123.69
  814             3124.27
  815             3124.73
  816             3125.17
  817             3125.27
  818             3125.79
  819             3126.20
  820             3126.47
  821             3126.78
  822             3127.20
  823             3127.45
  824             3127.48
  825             3127.70
  826             3128.37
  827             3128.73
  828             3129.32
  829             3130.51
  830             3130.71
  831             3131.47
  832             3132.30
  833             3133.92
  834             3136.89
  835             3137.24
  836             3138.04
  837             3138.91
  838             3139.15
  839             3140.35

 Project out translational and rotational motions 

 Degrees of freedom for translational and rotational motions: 6

 Vibrational frequencies:
 mode    frequency (cm-1)
    0              289.82 i (imaginary)
    1              282.69 i (imaginary)
    2              282.23 i (imaginary)
    3              281.34 i (imaginary)
    4              230.75 i (imaginary)
    5              228.30 i (imaginary)
    6              215.32 i (imaginary)
    7              208.83 i (imaginary)
    8              203.24 i (imaginary)
    9              173.40 i (imaginary)
   10              167.54 i (imaginary)
   11              166.62 i (imaginary)
   12              159.53 i (imaginary)
   13              154.52 i (imaginary)
   14              150.36 i (imaginary)
   15              143.61 i (imaginary)
   16              138.74 i (imaginary)
   17              127.99 i (imaginary)
   18              119.19 i (imaginary)
   19               86.97 i (imaginary)
   20               66.52 i (imaginary)
   21               59.77 i (imaginary)
   22               55.76 i (imaginary)
   23               51.60 i (imaginary)
   24               33.24 i (imaginary)
   25                6.92 i (imaginary)
   26                8.66
   27               11.38
   28               14.12
   29               17.36
   30               23.27
   31               24.86
   32               36.03
   33               37.72
   34               38.46
   35               40.01
   36               44.44
   37               48.15
   38               48.82
   39               52.68
   40               53.74
   41               56.70
   42               59.70
   43               61.22
   44               61.54
   45               67.14
   46               69.62
   47               70.39
   48               73.48
   49               79.27
   50               80.19
   51               83.28
   52               85.65
   53               87.14
   54               90.77
   55               92.09
   56               93.80
   57               96.53
   58               98.17
   59               98.47
   60              100.97
   61              102.15
   62              106.21
   63              107.04
   64              107.16
   65              112.02
   66              113.36
   67              114.00
   68              116.13
   69              116.30
   70              119.37
   71              120.81
   72              123.82
   73              127.38
   74              128.18
   75              132.86
   76              135.41
   77              136.93
   78              139.59
   79              141.01
   80              141.22
   81              143.24
   82              144.47
   83              145.75
   84              146.87
   85              149.40
   86              152.81
   87              153.57
   88              158.01
   89              159.10
   90              159.87
   91              161.69
   92              163.40
   93              164.00
   94              165.41
   95              167.48
   96              169.61
   97              171.06
   98              174.68
   99              175.70
  100              177.29
  101              178.93
  102              180.15
  103              181.27
  104              184.69
  105              185.12
  106              190.22
  107              193.27
  108              195.26
  109              195.52
  110              196.57
  111              198.13
  112              203.83
  113              205.09
  114              207.59
  115              210.12
  116              211.61
  117              213.37
  118              217.06
  119              217.74
  120              217.91
  121              221.16
  122              222.14
  123              222.98
  124              224.68
  125              225.60
  126              226.41
  127              229.85
  128              231.17
  129              232.85
  130              237.07
  131              239.81
  132              241.06
  133              243.07
  134              244.66
  135              246.63
  136              249.89
  137              250.27
  138              252.25
  139              255.47
  140              256.96
  141              259.48
  142              261.87
  143              264.17
  144              267.17
  145              269.49
  146              270.42
  147              273.32
  148              274.07
  149              274.31
  150              279.20
  151              280.68
  152              282.87
  153              286.53
  154              288.48
  155              291.02
  156              293.52
  157              298.71
  158              301.24
  159              303.84
  160              305.44
  161              307.36
  162              309.62
  163              313.25
  164              315.58
  165              319.21
  166              320.14
  167              321.97
  168              328.83
  169              329.32
  170              335.06
  171              336.75
  172              337.35
  173              338.33
  174              339.60
  175              340.27
  176              341.97
  177              346.87
  178              351.58
  179              351.70
  180              352.66
  181              353.50
  182              360.81
  183              361.90
  184              363.26
  185              363.61
  186              367.83
  187              369.46
  188              370.84
  189              373.46
  190              377.00
  191              380.11
  192              384.07
  193              388.71
  194              389.46
  195              392.12
  196              393.17
  197              395.56
  198              400.93
  199              402.49
  200              409.53
  201              412.93
  202              414.39
  203              417.56
  204              419.26
  205              421.41
  206              424.57
  207              425.71
  208              435.91
  209              440.32
  210              443.08
  211              443.12
  212              447.81
  213              448.73
  214              451.71
  215              460.62
  216              461.72
  217              466.65
  218              471.75
  219              478.86
  220              479.45
  221              484.13
  222              485.60
  223              486.61
  224              487.12
  225              490.46
  226              493.42
  227              496.60
  228              502.56
  229              508.23
  230              513.49
  231              517.89
  232              520.12
  233              526.58
  234              547.03
  235              550.19
  236              558.95
  237              560.68
  238              562.09
  239              564.86
  240              565.88
  241              566.85
  242              569.15
  243              569.43
  244              575.86
  245              576.89
  246              578.10
  247              580.83
  248              584.48
  249              589.00
  250              589.96
  251              592.06
  252              595.43
  253              596.57
  254              602.36
  255              605.82
  256              606.52
  257              612.48
  258              615.69
  259              621.00
  260              633.07
  261              637.11
  262              641.80
  263              643.87
  264              648.37
  265              657.17
  266              663.76
  267              664.76
  268              666.15
  269              670.11
  270              670.24
  271              679.13
  272              680.96
  273              681.80
  274              683.42
  275              688.99
  276              700.76
  277              702.11
  278              705.19
  279              706.27
  280              706.81
  281              708.24
  282              709.21
  283              715.14
  284              716.71
  285              724.84
  286              728.27
  287              730.82
  288              735.23
  289              736.10
  290              738.35
  291              740.87
  292              741.83
  293              747.58
  294              747.94
  295              754.85
  296              757.27
  297              762.53
  298              765.78
  299              767.43
  300              769.44
  301              769.83
  302              770.26
  303              774.97
  304              776.00
  305              779.42
  306              782.34
  307              786.90
  308              787.16
  309              790.69
  310              792.03
  311              795.54
  312              797.09
  313              798.21
  314              801.00
  315              803.06
  316              808.73
  317              812.33
  318              814.85
  319              815.20
  320              820.73
  321              824.89
  322              825.69
  323              827.83
  324              828.25
  325              829.86
  326              830.17
  327              834.39
  328              837.25
  329              839.26
  330              842.12
  331              842.53
  332              843.87
  333              846.49
  334              847.35
  335              852.41
  336              852.88
  337              855.03
  338              855.19
  339              859.32
  340              861.14
  341              863.06
  342              864.79
  343              867.03
  344              867.53
  345              867.90
  346              869.32
  347              870.19
  348              872.01
  349              875.48
  350              878.49
  351              878.59
  352              879.17
  353              881.70
  354              883.04
  355              883.54
  356              884.57
  357              889.55
  358              892.36
  359              896.99
  360              898.72
  361              900.93
  362              902.82
  363              904.56
  364              904.68
  365              906.26
  366              906.50
  367              908.82
  368              913.06
  369              916.20
  370              917.27
  371              918.13
  372              920.93
  373              922.01
  374              930.33
  375              930.99
  376              931.25
  377              935.34
  378              937.00
  379              938.97
  380              941.10
  381              941.69
  382              942.57
  383              944.84
  384              947.43
  385              949.96
  386              950.96
  387              953.67
  388              954.59
  389              956.52
  390              960.33
  391              964.96
  392              965.67
  393              966.02
  394              968.78
  395              970.47
  396              973.45
  397              974.89
  398              977.28
  399              977.84
  400              979.73
  401              984.45
  402              984.73
  403              986.06
  404              986.72
  405              987.10
  406              991.69
  407              993.92
  408              994.77
  409              997.95
  410              999.63
  411             1001.76
  412             1004.58
  413             1006.88
  414             1011.50
  415             1012.44
  416             1014.90
  417             1016.42
  418             1020.53
  419             1022.29
  420             1028.70
  421             1029.06
  422             1033.82
  423             1035.51
  424             1035.64
  425             1039.21
  426             1041.26
  427             1043.62
  428             1044.66
  429             1047.65
  430             1047.73
  431             1050.05
  432             1051.50
  433             1053.65
  434             1055.44
  435             1056.26
  436             1061.48
  437             1064.52
  438             1064.61
  439             1067.16
  440             1067.38
  441             1069.59
  442             1070.29
  443             1073.87
  444             1075.62
  445             1075.90
  446             1077.58
  447             1081.06
  448             1084.44
  449             1086.59
  450             1088.65
  451             1089.86
  452             1090.14
  453             1090.38
  454             1095.55
  455             1097.89
  456             1098.43
  457             1104.38
  458             1106.77
  459             1110.28
  460             1111.63
  461             1112.42
  462             1116.45
  463             1118.15
  464             1121.49
  465             1122.02
  466             1125.84
  467             1130.03
  468             1131.02
  469             1131.22
  470             1132.83
  471             1133.65
  472             1134.68
  473             1135.32
  474             1137.60
  475             1139.99
  476             1142.26
  477             1143.97
  478             1145.24
  479             1145.75
  480             1145.92
  481             1147.72
  482             1150.03
  483             1151.42
  484             1156.09
  485             1159.24
  486             1160.51
  487             1164.82
  488             1168.38
  489             1171.20
  490             1171.90
  491             1174.48
  492             1177.85
  493             1180.39
  494             1182.19
  495             1182.23
  496             1183.15
  497             1185.27
  498             1185.44
  499             1188.00
  500             1191.97
  501             1192.16
  502             1194.39
  503             1197.97
  504             1198.70
  505             1200.76
  506             1203.22
  507             1207.86
  508             1207.92
  509             1209.99
  510             1212.95
  511             1215.35
  512             1215.63
  513             1221.39
  514             1221.92
  515             1224.78
  516             1226.54
  517             1228.37
  518             1229.08
  519             1230.73
  520             1233.83
  521             1234.25
  522             1237.28
  523             1238.32
  524             1239.50
  525             1242.44
  526             1244.09
  527             1249.12
  528             1253.89
  529             1254.37
  530             1254.81
  531             1255.29
  532             1256.68
  533             1257.16
  534             1258.92
  535             1265.44
  536             1265.77
  537             1267.41
  538             1267.76
  539             1271.12
  540             1271.91
  541             1272.99
  542             1274.64
  543             1276.48
  544             1279.26
  545             1280.97
  546             1283.08
  547             1284.44
  548             1287.59
  549             1288.16
  550             1290.12
  551             1290.90
  552             1291.88
  553             1294.90
  554             1295.91
  555             1298.21
  556             1299.57
  557             1301.93
  558             1302.37
  559             1305.33
  560             1306.01
  561             1307.49
  562             1308.06
  563             1309.05
  564             1309.36
  565             1311.71
  566             1312.27
  567             1313.75
  568             1315.70
  569             1317.25
  570             1317.35
  571             1318.73
  572             1318.85
  573             1321.15
  574             1321.82
  575             1323.26
  576             1324.15
  577             1324.96
  578             1326.55
  579             1326.74
  580             1327.65
  581             1329.30
  582             1330.18
  583             1331.42
  584             1335.03
  585             1337.14
  586             1339.22
  587             1340.61
  588             1341.21
  589             1341.54
  590             1342.43
  591             1344.47
  592             1345.55
  593             1345.64
  594             1346.15
  595             1347.36
  596             1349.95
  597             1351.43
  598             1352.64
  599             1353.05
  600             1353.31
  601             1355.07
  602             1356.68
  603             1358.32
  604             1361.43
  605             1361.69
  606             1362.46
  607             1364.16
  608             1365.62
  609             1366.37
  610             1367.44
  611             1367.46
  612             1367.59
  613             1368.59
  614             1369.79
  615             1370.49
  616             1373.00
  617             1373.33
  618             1374.28
  619             1375.57
  620             1376.95
  621             1376.96
  622             1377.42
  623             1378.24
  624             1380.61
  625             1381.24
  626             1384.28
  627             1385.49
  628             1386.77
  629             1389.47
  630             1390.92
  631             1392.17
  632             1392.64
  633             1393.43
  634             1395.22
  635             1397.33
  636             1398.19
  637             1400.78
  638             1400.84
  639             1402.03
  640             1404.07
  641             1405.18
  642             1405.94
  643             1407.70
  644             1409.35
  645             1411.75
  646             1412.79
  647             1414.42
  648             1416.07
  649             1419.17
  650             1421.28
  651             1422.26
  652             1425.04
  653             1426.71
  654             1427.84
  655             1429.15
  656             1429.73
  657             1429.99
  658             1436.73
  659             1439.55
  660             1448.68
  661             1453.12
  662             1469.76
  663             1494.60
  664             1495.71
  665             1503.15
  666             1511.87
  667             1520.06
  668             1533.03
  669             1541.17
  670             1548.98
  671             1551.83
  672             1583.64
  673             1591.48
  674             1595.55
  675             1602.17
  676             1639.38
  677             1660.50
  678             1662.16
  679             1669.42
  680             1676.63
  681             1686.84
  682             1698.85
  683             1708.69
  684             1722.28
  685             1751.59
  686             2935.24
  687             2944.40
  688             2949.71
  689             2954.29
  690             2955.52
  691             2956.29
  692             2956.49
  693             2958.53
  694             2960.78
  695             2961.20
  696             2961.72
  697             2962.44
  698             2965.04
  699             2969.30
  700             2973.36
  701             2975.18
  702             2977.34
  703             2978.98
  704             2982.17
  705             2983.71
  706             2986.47
  707             2987.10
  708             2989.21
  709             2996.50
  710             3009.94
  711             3013.21
  712             3016.93
  713             3020.20
  714             3021.51
  715             3023.53
  716             3025.12
  717             3028.43
  718             3028.67
  719             3029.99
  720             3031.05
  721             3033.51
  722             3034.56
  723             3035.65
  724             3036.25
  725             3038.22
  726             3039.31
  727             3041.09
  728             3042.08
  729             3043.48
  730             3046.83
  731             3047.02
  732             3048.08
  733             3050.17
  734             3050.59
  735             3052.69
  736             3054.16
  737             3061.44
  738             3062.70
  739             3063.12
  740             3064.47
  741             3065.35
  742             3066.88
  743             3068.53
  744             3069.44
  745             3069.96
  746             3071.00
  747             3072.06
  748             3073.26
  749             3077.50
  750             3080.44
  751             3083.83
  752             3084.63
  753             3086.94
  754             3088.14
  755             3090.12
  756             3091.23
  757             3092.93
  758             3094.46
  759             3094.97
  760             3095.14
  761             3095.60
  762             3096.54
  763             3100.94
  764             3104.58
  765             3105.92
  766             3106.41
  767             3107.37
  768             3109.34
  769             3109.87
  770             3110.45
  771             3111.18
  772             3111.25
  773             3111.44
  774             3111.58
  775             3111.65
  776             3111.70
  777             3112.15
  778             3112.27
  779             3112.61
  780             3113.27
  781             3113.51
  782             3114.78
  783             3115.29
  784             3115.43
  785             3115.49
  786             3115.87
  787             3115.92
  788             3116.56
  789             3116.95
  790             3117.38
  791             3117.60
  792             3118.77
  793             3119.19
  794             3119.79
  795             3120.03
  796             3120.19
  797             3120.22
  798             3121.15
  799             3121.24
  800             3121.54
  801             3121.70
  802             3122.03
  803             3122.84
  804             3122.88
  805             3123.06
  806             3123.61
  807             3123.69
  808             3124.27
  809             3124.73
  810             3125.17
  811             3125.27
  812             3125.79
  813             3126.20
  814             3126.47
  815             3126.78
  816             3127.20
  817             3127.45
  818             3127.48
  819             3127.70
  820             3128.37
  821             3128.73
  822             3129.32
  823             3130.51
  824             3130.71
  825             3131.47
  826             3132.30
  827             3133.92
  828             3136.89
  829             3137.24
  830             3138.04
  831             3138.91
  832             3139.15
  833             3140.35
 Saving results in set 'hess'

 --------------------------------------------------------------------------------

 End time:                               Fri Jan 21 18:03:50 2022
 Total wall-clock time:                273.570 seconds
==================================================================================
