
================================================================================
          _____________ ________ _______________ ________     _________         
         / ___________// ______ \\_____   _____// ______ \   / ________)        
        / /_________  / /      \ \     | |     / /      \ \ | (_______          
       |  __________|| |        | |    | |    | |        | | \________ \        
        \ \_________ | |        | |    | |     \ \______/ /___________) |       
         \__________||_|        |_|    |_|      \________//____________/        
                                                                                
====================================[ Qcore ]===================================

 Git describe: 2.3.0-166-g4178ddb
 Compiler:     GNU 9.1.0
 Build type:   Release
 Version:      2.3.0-166-g4178ddb

 Start time:   Fri Jan 21 19:57:20 2022

 Data directory: /user/home/of15641/.local/src/Qcore/release/share/entos/qcore/data
 Number of threads: 32
 Number of threads was determined by: number of physical cores

 --------------------------------------------------------------------------------
                                 command: hessian                                
 --------------------------------------------------------------------------------

 -------------------------------
  Numerical Geometrical Hessian 
 -------------------------------

 Compute hessian using two-point central differentiation.
 Step size (bohr):                       0.0100

 Frequencies (including translational and rotational modes):
 mode    frequency (cm-1)
    0              299.20 i (imaginary)
    1              291.18 i (imaginary)
    2              258.01 i (imaginary)
    3              233.86 i (imaginary)
    4              230.88 i (imaginary)
    5              226.07 i (imaginary)
    6              207.00 i (imaginary)
    7              170.34 i (imaginary)
    8              169.52 i (imaginary)
    9              167.90 i (imaginary)
   10              160.10 i (imaginary)
   11              160.04 i (imaginary)
   12              152.04 i (imaginary)
   13              149.91 i (imaginary)
   14              145.99 i (imaginary)
   15              144.56 i (imaginary)
   16              140.93 i (imaginary)
   17              117.43 i (imaginary)
   18              102.63 i (imaginary)
   19               92.03 i (imaginary)
   20               81.93 i (imaginary)
   21               68.34 i (imaginary)
   22               67.43 i (imaginary)
   23               60.44 i (imaginary)
   24               60.06 i (imaginary)
   25               56.82 i (imaginary)
   26               36.24 i (imaginary)
   27               34.42 i (imaginary)
   28               18.92 i (imaginary)
   29               11.13 i (imaginary)
   30                5.93 i (imaginary)
   31                1.85 i (imaginary)
   32                0.29
   33                6.85
   34               10.94
   35               12.77
   36               15.22
   37               18.39
   38               21.47
   39               23.22
   40               26.87
   41               30.49
   42               34.60
   43               43.79
   44               43.96
   45               46.18
   46               47.10
   47               49.38
   48               50.06
   49               51.04
   50               53.63
   51               55.32
   52               56.09
   53               57.91
   54               60.00
   55               61.32
   56               65.83
   57               68.52
   58               69.46
   59               72.49
   60               77.87
   61               81.79
   62               82.62
   63               85.20
   64               86.51
   65               86.84
   66               88.46
   67               89.48
   68               93.60
   69               94.74
   70               96.90
   71               98.23
   72               98.32
   73               99.42
   74              102.61
   75              104.80
   76              108.42
   77              110.42
   78              112.41
   79              115.03
   80              115.56
   81              115.92
   82              119.16
   83              121.97
   84              123.76
   85              127.02
   86              127.89
   87              128.18
   88              130.21
   89              131.74
   90              135.74
   91              136.42
   92              138.10
   93              140.83
   94              143.46
   95              143.95
   96              146.59
   97              147.98
   98              149.19
   99              151.43
  100              156.67
  101              157.63
  102              161.14
  103              162.97
  104              165.04
  105              166.45
  106              171.16
  107              171.62
  108              172.20
  109              175.63
  110              178.05
  111              178.81
  112              179.66
  113              180.78
  114              184.28
  115              185.62
  116              186.15
  117              189.07
  118              192.88
  119              194.30
  120              195.66
  121              196.22
  122              199.47
  123              201.85
  124              202.44
  125              203.65
  126              209.29
  127              211.38
  128              212.14
  129              212.66
  130              215.83
  131              216.42
  132              218.69
  133              222.28
  134              222.51
  135              224.32
  136              226.42
  137              229.62
  138              230.61
  139              235.53
  140              237.17
  141              238.66
  142              243.61
  143              245.91
  144              246.20
  145              248.03
  146              253.99
  147              254.08
  148              258.39
  149              260.69
  150              265.24
  151              268.58
  152              271.10
  153              271.47
  154              274.18
  155              276.91
  156              278.74
  157              280.30
  158              284.24
  159              286.40
  160              290.56
  161              292.39
  162              296.11
  163              297.70
  164              301.17
  165              302.38
  166              307.32
  167              309.25
  168              312.81
  169              315.12
  170              316.45
  171              317.64
  172              320.24
  173              321.13
  174              324.24
  175              324.35
  176              325.99
  177              332.84
  178              334.04
  179              335.67
  180              337.27
  181              338.87
  182              342.56
  183              349.02
  184              350.00
  185              350.58
  186              351.39
  187              352.09
  188              352.80
  189              361.54
  190              364.18
  191              366.12
  192              368.05
  193              372.33
  194              375.35
  195              379.77
  196              381.37
  197              384.86
  198              388.21
  199              389.79
  200              391.02
  201              392.23
  202              393.39
  203              399.19
  204              400.62
  205              402.50
  206              403.82
  207              408.07
  208              409.48
  209              415.45
  210              416.91
  211              418.10
  212              421.22
  213              424.54
  214              425.14
  215              429.20
  216              432.04
  217              437.63
  218              443.79
  219              449.35
  220              456.46
  221              457.00
  222              466.14
  223              468.05
  224              469.00
  225              482.53
  226              483.17
  227              485.84
  228              488.12
  229              488.60
  230              489.64
  231              495.87
  232              500.58
  233              505.35
  234              510.21
  235              525.18
  236              533.08
  237              534.12
  238              535.18
  239              540.11
  240              542.32
  241              550.29
  242              552.66
  243              557.71
  244              559.52
  245              563.92
  246              564.84
  247              572.56
  248              576.74
  249              576.96
  250              580.53
  251              582.23
  252              587.60
  253              589.23
  254              597.29
  255              598.72
  256              601.36
  257              602.38
  258              611.03
  259              616.16
  260              616.57
  261              622.92
  262              632.55
  263              634.12
  264              639.55
  265              642.30
  266              642.98
  267              646.82
  268              655.96
  269              663.94
  270              666.19
  271              667.09
  272              672.67
  273              677.66
  274              680.96
  275              682.68
  276              683.76
  277              684.84
  278              689.65
  279              696.76
  280              699.43
  281              701.83
  282              703.78
  283              711.48
  284              717.95
  285              723.18
  286              723.53
  287              724.30
  288              728.06
  289              735.43
  290              738.16
  291              738.30
  292              740.89
  293              742.93
  294              745.49
  295              746.26
  296              748.53
  297              749.92
  298              751.40
  299              755.73
  300              755.93
  301              757.33
  302              759.67
  303              761.89
  304              766.55
  305              769.06
  306              777.11
  307              777.53
  308              778.15
  309              781.63
  310              782.58
  311              786.44
  312              790.40
  313              793.59
  314              793.86
  315              794.89
  316              797.56
  317              803.48
  318              805.48
  319              806.25
  320              806.89
  321              806.93
  322              813.05
  323              815.16
  324              818.73
  325              818.96
  326              819.91
  327              821.45
  328              822.74
  329              826.57
  330              828.71
  331              829.44
  332              833.28
  333              834.03
  334              836.17
  335              836.95
  336              838.95
  337              839.11
  338              844.47
  339              844.93
  340              849.77
  341              850.12
  342              853.28
  343              859.16
  344              859.44
  345              860.00
  346              860.22
  347              862.63
  348              863.16
  349              863.29
  350              864.46
  351              865.88
  352              871.59
  353              876.87
  354              879.64
  355              880.38
  356              882.51
  357              882.80
  358              883.80
  359              886.65
  360              888.97
  361              892.42
  362              893.48
  363              893.84
  364              898.94
  365              901.12
  366              903.17
  367              904.39
  368              907.76
  369              909.25
  370              912.06
  371              913.53
  372              921.09
  373              921.53
  374              921.90
  375              923.17
  376              924.93
  377              925.52
  378              926.18
  379              928.84
  380              932.98
  381              934.57
  382              937.07
  383              937.88
  384              940.74
  385              943.73
  386              944.07
  387              944.14
  388              950.33
  389              951.73
  390              952.44
  391              953.58
  392              954.37
  393              955.85
  394              961.48
  395              961.74
  396              962.07
  397              964.76
  398              966.88
  399              967.52
  400              969.63
  401              971.63
  402              972.12
  403              972.48
  404              979.04
  405              980.49
  406              981.05
  407              983.33
  408              984.61
  409              987.95
  410              988.37
  411              992.32
  412              995.43
  413              995.73
  414              996.31
  415              997.02
  416              999.59
  417             1002.14
  418             1002.22
  419             1006.53
  420             1012.09
  421             1012.90
  422             1015.39
  423             1017.86
  424             1018.43
  425             1023.64
  426             1024.16
  427             1025.31
  428             1026.28
  429             1029.32
  430             1029.63
  431             1031.06
  432             1032.27
  433             1037.05
  434             1041.53
  435             1045.89
  436             1046.40
  437             1049.90
  438             1052.64
  439             1057.27
  440             1059.42
  441             1061.41
  442             1062.74
  443             1063.74
  444             1071.46
  445             1072.06
  446             1072.39
  447             1073.79
  448             1075.30
  449             1077.72
  450             1081.76
  451             1082.20
  452             1084.21
  453             1087.49
  454             1090.58
  455             1091.00
  456             1091.72
  457             1094.01
  458             1096.05
  459             1097.93
  460             1099.34
  461             1100.78
  462             1104.13
  463             1106.21
  464             1108.54
  465             1109.75
  466             1114.11
  467             1115.95
  468             1121.69
  469             1122.69
  470             1123.16
  471             1123.47
  472             1128.42
  473             1132.28
  474             1132.33
  475             1133.30
  476             1137.88
  477             1141.24
  478             1142.33
  479             1142.36
  480             1145.62
  481             1148.04
  482             1149.61
  483             1149.95
  484             1151.90
  485             1154.44
  486             1158.17
  487             1158.88
  488             1160.88
  489             1164.65
  490             1165.22
  491             1167.38
  492             1170.33
  493             1171.09
  494             1172.04
  495             1172.74
  496             1177.25
  497             1179.56
  498             1184.25
  499             1185.78
  500             1188.25
  501             1188.73
  502             1189.45
  503             1193.83
  504             1195.80
  505             1197.64
  506             1198.02
  507             1202.24
  508             1202.52
  509             1203.50
  510             1206.21
  511             1206.54
  512             1208.92
  513             1210.83
  514             1211.49
  515             1215.80
  516             1216.12
  517             1217.07
  518             1220.56
  519             1222.02
  520             1223.54
  521             1223.70
  522             1225.83
  523             1227.02
  524             1230.73
  525             1232.13
  526             1233.89
  527             1233.97
  528             1238.05
  529             1241.48
  530             1243.19
  531             1245.10
  532             1246.09
  533             1249.98
  534             1252.29
  535             1252.35
  536             1254.58
  537             1256.05
  538             1259.26
  539             1263.31
  540             1269.44
  541             1271.09
  542             1273.37
  543             1273.99
  544             1274.31
  545             1277.08
  546             1281.61
  547             1283.18
  548             1285.52
  549             1286.53
  550             1288.30
  551             1293.20
  552             1294.30
  553             1295.71
  554             1297.01
  555             1297.96
  556             1298.27
  557             1298.74
  558             1304.03
  559             1306.83
  560             1307.85
  561             1310.33
  562             1310.98
  563             1313.82
  564             1314.41
  565             1316.09
  566             1316.75
  567             1316.78
  568             1317.17
  569             1318.05
  570             1320.11
  571             1320.22
  572             1322.32
  573             1322.74
  574             1323.41
  575             1323.71
  576             1325.46
  577             1326.40
  578             1329.22
  579             1330.95
  580             1333.15
  581             1333.99
  582             1337.21
  583             1338.30
  584             1338.48
  585             1339.15
  586             1339.44
  587             1341.08
  588             1342.38
  589             1342.75
  590             1342.96
  591             1345.74
  592             1345.93
  593             1346.19
  594             1346.85
  595             1347.91
  596             1348.59
  597             1349.59
  598             1350.18
  599             1350.80
  600             1352.02
  601             1355.26
  602             1356.32
  603             1356.58
  604             1357.99
  605             1359.90
  606             1359.91
  607             1361.14
  608             1361.32
  609             1365.32
  610             1367.27
  611             1369.88
  612             1371.54
  613             1371.73
  614             1371.91
  615             1372.42
  616             1372.81
  617             1373.05
  618             1373.50
  619             1375.69
  620             1376.93
  621             1379.48
  622             1380.43
  623             1381.30
  624             1383.80
  625             1384.70
  626             1384.89
  627             1385.77
  628             1386.79
  629             1387.03
  630             1387.73
  631             1390.29
  632             1390.57
  633             1391.75
  634             1391.96
  635             1395.72
  636             1396.93
  637             1398.26
  638             1400.75
  639             1401.10
  640             1401.38
  641             1404.27
  642             1404.68
  643             1405.15
  644             1406.38
  645             1406.68
  646             1407.21
  647             1408.46
  648             1408.89
  649             1414.04
  650             1415.82
  651             1417.43
  652             1419.64
  653             1421.01
  654             1421.67
  655             1422.28
  656             1422.87
  657             1423.62
  658             1428.69
  659             1434.44
  660             1439.89
  661             1441.70
  662             1444.99
  663             1446.33
  664             1457.25
  665             1458.53
  666             1469.80
  667             1483.05
  668             1487.65
  669             1494.79
  670             1497.23
  671             1499.90
  672             1516.56
  673             1525.10
  674             1544.82
  675             1548.56
  676             1560.34
  677             1579.66
  678             1602.92
  679             1624.30
  680             1637.94
  681             1657.36
  682             1673.16
  683             1685.95
  684             1709.66
  685             1710.18
  686             1715.52
  687             1733.43
  688             1761.76
  689             1772.60
  690             1819.43
  691             1839.27
  692             2946.23
  693             2952.07
  694             2956.29
  695             2959.24
  696             2962.98
  697             2964.05
  698             2965.69
  699             2966.30
  700             2967.38
  701             2967.45
  702             2968.46
  703             2969.59
  704             2970.37
  705             2970.66
  706             2970.89
  707             2972.49
  708             2973.13
  709             2973.31
  710             2974.71
  711             2975.89
  712             2976.64
  713             2980.60
  714             2983.55
  715             2984.47
  716             3009.32
  717             3011.59
  718             3013.51
  719             3014.78
  720             3022.35
  721             3026.81
  722             3027.76
  723             3032.02
  724             3033.18
  725             3034.00
  726             3034.11
  727             3034.86
  728             3035.20
  729             3035.75
  730             3038.73
  731             3039.46
  732             3040.53
  733             3042.96
  734             3043.20
  735             3044.41
  736             3046.33
  737             3047.04
  738             3047.27
  739             3051.02
  740             3052.46
  741             3054.22
  742             3058.62
  743             3059.12
  744             3060.12
  745             3067.88
  746             3073.13
  747             3074.73
  748             3074.83
  749             3077.04
  750             3078.79
  751             3079.07
  752             3079.62
  753             3079.68
  754             3079.96
  755             3080.38
  756             3081.04
  757             3081.61
  758             3081.78
  759             3083.73
  760             3085.21
  761             3085.74
  762             3087.08
  763             3087.25
  764             3087.90
  765             3090.10
  766             3092.19
  767             3093.84
  768             3096.09
  769             3102.98
  770             3106.24
  771             3106.43
  772             3107.03
  773             3107.30
  774             3107.69
  775             3107.73
  776             3108.45
  777             3109.54
  778             3109.88
  779             3110.70
  780             3111.51
  781             3112.28
  782             3113.04
  783             3113.42
  784             3113.54
  785             3114.18
  786             3114.71
  787             3114.76
  788             3115.21
  789             3115.72
  790             3116.16
  791             3116.54
  792             3116.81
  793             3117.12
  794             3117.77
  795             3117.96
  796             3118.33
  797             3119.08
  798             3119.71
  799             3119.75
  800             3119.96
  801             3119.99
  802             3120.65
  803             3120.76
  804             3120.78
  805             3121.49
  806             3121.68
  807             3122.28
  808             3122.76
  809             3122.90
  810             3122.94
  811             3123.37
  812             3123.45
  813             3124.06
  814             3124.34
  815             3124.72
  816             3125.17
  817             3125.77
  818             3125.88
  819             3125.92
  820             3126.29
  821             3126.92
  822             3127.19
  823             3127.43
  824             3127.73
  825             3128.11
  826             3128.75
  827             3128.78
  828             3129.63
  829             3130.33
  830             3131.88
  831             3131.89
  832             3133.51
  833             3133.66
  834             3134.34
  835             3136.99
  836             3138.17
  837             3138.28
  838             3139.35
  839             3140.65

 Project out translational and rotational motions 

 Degrees of freedom for translational and rotational motions: 6

 Vibrational frequencies:
 mode    frequency (cm-1)
    0              299.19 i (imaginary)
    1              291.18 i (imaginary)
    2              258.00 i (imaginary)
    3              233.86 i (imaginary)
    4              230.86 i (imaginary)
    5              226.06 i (imaginary)
    6              206.99 i (imaginary)
    7              170.32 i (imaginary)
    8              169.51 i (imaginary)
    9              167.87 i (imaginary)
   10              160.09 i (imaginary)
   11              160.04 i (imaginary)
   12              152.03 i (imaginary)
   13              149.88 i (imaginary)
   14              145.99 i (imaginary)
   15              144.55 i (imaginary)
   16              140.92 i (imaginary)
   17              117.39 i (imaginary)
   18              102.61 i (imaginary)
   19               91.99 i (imaginary)
   20               81.90 i (imaginary)
   21               68.23 i (imaginary)
   22               66.61 i (imaginary)
   23               60.38 i (imaginary)
   24               59.77 i (imaginary)
   25               56.74 i (imaginary)
   26               35.93 i (imaginary)
   27               34.39 i (imaginary)
   28               13.97 i (imaginary)
   29                4.83 i (imaginary)
   30               12.80
   31               14.76
   32               19.49
   33               22.99
   34               26.17
   35               29.57
   36               34.42
   37               43.07
   38               43.55
   39               45.58
   40               46.27
   41               48.74
   42               49.89
   43               50.78
   44               52.77
   45               54.74
   46               55.85
   47               57.01
   48               59.93
   49               61.27
   50               65.72
   51               68.27
   52               69.41
   53               72.44
   54               77.78
   55               81.77
   56               82.53
   57               85.19
   58               86.50
   59               86.80
   60               88.42
   61               89.43
   62               93.54
   63               94.62
   64               96.71
   65               98.21
   66               98.22
   67               99.39
   68              102.46
   69              104.72
   70              108.37
   71              110.40
   72              112.39
   73              114.91
   74              115.52
   75              115.86
   76              119.15
   77              121.93
   78              123.68
   79              127.01
   80              127.87
   81              128.14
   82              130.20
   83              131.71
   84              135.74
   85              136.42
   86              138.03
   87              140.78
   88              143.45
   89              143.93
   90              146.57
   91              147.96
   92              149.18
   93              151.43
   94              156.65
   95              157.63
   96              161.10
   97              162.96
   98              165.02
   99              166.43
  100              171.16
  101              171.60
  102              172.19
  103              175.61
  104              178.04
  105              178.81
  106              179.64
  107              180.77
  108              184.28
  109              185.60
  110              186.14
  111              189.06
  112              192.86
  113              194.29
  114              195.65
  115              196.22
  116              199.44
  117              201.83
  118              202.44
  119              203.64
  120              209.29
  121              211.37
  122              212.14
  123              212.65
  124              215.80
  125              216.42
  126              218.68
  127              222.27
  128              222.51
  129              224.31
  130              226.42
  131              229.61
  132              230.59
  133              235.53
  134              237.11
  135              238.65
  136              243.60
  137              245.90
  138              246.20
  139              248.03
  140              253.99
  141              254.08
  142              258.38
  143              260.69
  144              265.23
  145              268.58
  146              271.08
  147              271.47
  148              274.18
  149              276.90
  150              278.73
  151              280.29
  152              284.23
  153              286.38
  154              290.55
  155              292.39
  156              296.10
  157              297.70
  158              301.17
  159              302.38
  160              307.31
  161              309.25
  162              312.80
  163              315.12
  164              316.45
  165              317.63
  166              320.23
  167              321.13
  168              324.23
  169              324.35
  170              325.99
  171              332.84
  172              334.04
  173              335.67
  174              337.27
  175              338.86
  176              342.56
  177              349.02
  178              349.99
  179              350.57
  180              351.39
  181              352.09
  182              352.80
  183              361.53
  184              364.18
  185              366.12
  186              368.04
  187              372.33
  188              375.35
  189              379.77
  190              381.37
  191              384.86
  192              388.20
  193              389.79
  194              391.02
  195              392.22
  196              393.39
  197              399.18
  198              400.61
  199              402.49
  200              403.81
  201              408.07
  202              409.48
  203              415.45
  204              416.90
  205              418.10
  206              421.22
  207              424.54
  208              425.14
  209              429.20
  210              432.03
  211              437.63
  212              443.78
  213              449.35
  214              456.46
  215              456.99
  216              466.14
  217              468.05
  218              469.00
  219              482.53
  220              483.17
  221              485.84
  222              488.12
  223              488.60
  224              489.64
  225              495.87
  226              500.58
  227              505.35
  228              510.21
  229              525.18
  230              533.08
  231              534.12
  232              535.18
  233              540.11
  234              542.32
  235              550.29
  236              552.65
  237              557.71
  238              559.52
  239              563.92
  240              564.84
  241              572.56
  242              576.74
  243              576.96
  244              580.53
  245              582.22
  246              587.60
  247              589.23
  248              597.29
  249              598.71
  250              601.36
  251              602.38
  252              611.03
  253              616.16
  254              616.57
  255              622.92
  256              632.55
  257              634.12
  258              639.55
  259              642.30
  260              642.98
  261              646.82
  262              655.96
  263              663.94
  264              666.19
  265              667.09
  266              672.67
  267              677.66
  268              680.96
  269              682.68
  270              683.75
  271              684.84
  272              689.64
  273              696.76
  274              699.43
  275              701.83
  276              703.78
  277              711.48
  278              717.95
  279              723.18
  280              723.53
  281              724.30
  282              728.06
  283              735.42
  284              738.16
  285              738.30
  286              740.89
  287              742.93
  288              745.48
  289              746.25
  290              748.53
  291              749.92
  292              751.40
  293              755.73
  294              755.93
  295              757.33
  296              759.67
  297              761.89
  298              766.55
  299              769.06
  300              777.11
  301              777.53
  302              778.15
  303              781.63
  304              782.58
  305              786.44
  306              790.40
  307              793.58
  308              793.86
  309              794.89
  310              797.56
  311              803.48
  312              805.48
  313              806.25
  314              806.89
  315              806.93
  316              813.05
  317              815.16
  318              818.73
  319              818.95
  320              819.91
  321              821.44
  322              822.74
  323              826.57
  324              828.71
  325              829.44
  326              833.28
  327              834.03
  328              836.17
  329              836.95
  330              838.95
  331              839.11
  332              844.46
  333              844.93
  334              849.77
  335              850.12
  336              853.28
  337              859.16
  338              859.44
  339              860.00
  340              860.22
  341              862.63
  342              863.16
  343              863.29
  344              864.46
  345              865.88
  346              871.59
  347              876.87
  348              879.64
  349              880.38
  350              882.51
  351              882.80
  352              883.80
  353              886.65
  354              888.97
  355              892.42
  356              893.48
  357              893.84
  358              898.94
  359              901.12
  360              903.17
  361              904.39
  362              907.76
  363              909.25
  364              912.06
  365              913.52
  366              921.09
  367              921.53
  368              921.90
  369              923.17
  370              924.93
  371              925.52
  372              926.17
  373              928.84
  374              932.98
  375              934.57
  376              937.07
  377              937.88
  378              940.74
  379              943.73
  380              944.07
  381              944.14
  382              950.33
  383              951.73
  384              952.44
  385              953.57
  386              954.37
  387              955.85
  388              961.48
  389              961.74
  390              962.07
  391              964.76
  392              966.88
  393              967.52
  394              969.63
  395              971.63
  396              972.12
  397              972.48
  398              979.04
  399              980.49
  400              981.05
  401              983.33
  402              984.61
  403              987.95
  404              988.37
  405              992.32
  406              995.43
  407              995.73
  408              996.31
  409              997.02
  410              999.59
  411             1002.14
  412             1002.22
  413             1006.53
  414             1012.09
  415             1012.90
  416             1015.39
  417             1017.86
  418             1018.43
  419             1023.64
  420             1024.16
  421             1025.31
  422             1026.27
  423             1029.32
  424             1029.63
  425             1031.06
  426             1032.27
  427             1037.05
  428             1041.53
  429             1045.89
  430             1046.40
  431             1049.90
  432             1052.64
  433             1057.27
  434             1059.42
  435             1061.41
  436             1062.74
  437             1063.74
  438             1071.46
  439             1072.06
  440             1072.39
  441             1073.79
  442             1075.30
  443             1077.72
  444             1081.76
  445             1082.20
  446             1084.21
  447             1087.49
  448             1090.58
  449             1091.00
  450             1091.72
  451             1094.01
  452             1096.05
  453             1097.93
  454             1099.34
  455             1100.78
  456             1104.13
  457             1106.21
  458             1108.54
  459             1109.75
  460             1114.11
  461             1115.95
  462             1121.69
  463             1122.69
  464             1123.16
  465             1123.47
  466             1128.42
  467             1132.28
  468             1132.33
  469             1133.30
  470             1137.88
  471             1141.24
  472             1142.33
  473             1142.36
  474             1145.62
  475             1148.04
  476             1149.61
  477             1149.95
  478             1151.90
  479             1154.44
  480             1158.17
  481             1158.88
  482             1160.87
  483             1164.65
  484             1165.22
  485             1167.38
  486             1170.33
  487             1171.09
  488             1172.04
  489             1172.74
  490             1177.25
  491             1179.56
  492             1184.25
  493             1185.78
  494             1188.25
  495             1188.73
  496             1189.45
  497             1193.83
  498             1195.80
  499             1197.64
  500             1198.02
  501             1202.24
  502             1202.52
  503             1203.50
  504             1206.21
  505             1206.54
  506             1208.92
  507             1210.83
  508             1211.49
  509             1215.80
  510             1216.12
  511             1217.07
  512             1220.56
  513             1222.02
  514             1223.54
  515             1223.70
  516             1225.83
  517             1227.02
  518             1230.73
  519             1232.13
  520             1233.89
  521             1233.97
  522             1238.05
  523             1241.48
  524             1243.19
  525             1245.10
  526             1246.09
  527             1249.98
  528             1252.29
  529             1252.35
  530             1254.58
  531             1256.05
  532             1259.26
  533             1263.31
  534             1269.44
  535             1271.09
  536             1273.37
  537             1273.99
  538             1274.31
  539             1277.08
  540             1281.61
  541             1283.18
  542             1285.52
  543             1286.52
  544             1288.30
  545             1293.20
  546             1294.30
  547             1295.71
  548             1297.01
  549             1297.96
  550             1298.27
  551             1298.74
  552             1304.03
  553             1306.83
  554             1307.85
  555             1310.33
  556             1310.98
  557             1313.82
  558             1314.41
  559             1316.09
  560             1316.75
  561             1316.78
  562             1317.16
  563             1318.05
  564             1320.11
  565             1320.22
  566             1322.32
  567             1322.74
  568             1323.41
  569             1323.71
  570             1325.46
  571             1326.40
  572             1329.22
  573             1330.95
  574             1333.15
  575             1333.99
  576             1337.21
  577             1338.30
  578             1338.48
  579             1339.15
  580             1339.44
  581             1341.08
  582             1342.38
  583             1342.75
  584             1342.96
  585             1345.74
  586             1345.93
  587             1346.19
  588             1346.84
  589             1347.91
  590             1348.59
  591             1349.59
  592             1350.18
  593             1350.80
  594             1352.02
  595             1355.26
  596             1356.32
  597             1356.58
  598             1357.99
  599             1359.90
  600             1359.91
  601             1361.14
  602             1361.32
  603             1365.32
  604             1367.27
  605             1369.88
  606             1371.54
  607             1371.73
  608             1371.91
  609             1372.42
  610             1372.81
  611             1373.05
  612             1373.50
  613             1375.69
  614             1376.93
  615             1379.48
  616             1380.43
  617             1381.30
  618             1383.80
  619             1384.70
  620             1384.89
  621             1385.77
  622             1386.79
  623             1387.03
  624             1387.73
  625             1390.29
  626             1390.57
  627             1391.75
  628             1391.96
  629             1395.72
  630             1396.93
  631             1398.26
  632             1400.74
  633             1401.10
  634             1401.38
  635             1404.27
  636             1404.68
  637             1405.15
  638             1406.38
  639             1406.68
  640             1407.21
  641             1408.46
  642             1408.88
  643             1414.04
  644             1415.82
  645             1417.43
  646             1419.64
  647             1421.01
  648             1421.67
  649             1422.28
  650             1422.87
  651             1423.62
  652             1428.69
  653             1434.44
  654             1439.89
  655             1441.70
  656             1444.99
  657             1446.33
  658             1457.25
  659             1458.53
  660             1469.80
  661             1483.05
  662             1487.65
  663             1494.79
  664             1497.23
  665             1499.90
  666             1516.56
  667             1525.10
  668             1544.82
  669             1548.56
  670             1560.34
  671             1579.66
  672             1602.92
  673             1624.30
  674             1637.94
  675             1657.36
  676             1673.16
  677             1685.95
  678             1709.66
  679             1710.18
  680             1715.52
  681             1733.43
  682             1761.76
  683             1772.60
  684             1819.43
  685             1839.27
  686             2946.23
  687             2952.07
  688             2956.29
  689             2959.24
  690             2962.98
  691             2964.05
  692             2965.69
  693             2966.30
  694             2967.38
  695             2967.45
  696             2968.46
  697             2969.59
  698             2970.37
  699             2970.66
  700             2970.89
  701             2972.49
  702             2973.13
  703             2973.31
  704             2974.71
  705             2975.89
  706             2976.64
  707             2980.60
  708             2983.55
  709             2984.47
  710             3009.32
  711             3011.59
  712             3013.51
  713             3014.78
  714             3022.35
  715             3026.81
  716             3027.76
  717             3032.02
  718             3033.18
  719             3034.00
  720             3034.11
  721             3034.86
  722             3035.20
  723             3035.75
  724             3038.73
  725             3039.46
  726             3040.53
  727             3042.96
  728             3043.20
  729             3044.41
  730             3046.33
  731             3047.04
  732             3047.27
  733             3051.02
  734             3052.46
  735             3054.22
  736             3058.62
  737             3059.12
  738             3060.12
  739             3067.88
  740             3073.13
  741             3074.73
  742             3074.83
  743             3077.04
  744             3078.79
  745             3079.07
  746             3079.62
  747             3079.68
  748             3079.96
  749             3080.38
  750             3081.04
  751             3081.61
  752             3081.78
  753             3083.73
  754             3085.21
  755             3085.74
  756             3087.08
  757             3087.25
  758             3087.90
  759             3090.10
  760             3092.19
  761             3093.84
  762             3096.09
  763             3102.98
  764             3106.24
  765             3106.43
  766             3107.03
  767             3107.30
  768             3107.69
  769             3107.73
  770             3108.45
  771             3109.54
  772             3109.88
  773             3110.70
  774             3111.51
  775             3112.28
  776             3113.04
  777             3113.42
  778             3113.54
  779             3114.18
  780             3114.71
  781             3114.76
  782             3115.21
  783             3115.72
  784             3116.16
  785             3116.54
  786             3116.81
  787             3117.12
  788             3117.77
  789             3117.96
  790             3118.33
  791             3119.08
  792             3119.71
  793             3119.75
  794             3119.96
  795             3119.99
  796             3120.65
  797             3120.76
  798             3120.78
  799             3121.49
  800             3121.68
  801             3122.28
  802             3122.76
  803             3122.90
  804             3122.94
  805             3123.37
  806             3123.45
  807             3124.06
  808             3124.33
  809             3124.72
  810             3125.17
  811             3125.77
  812             3125.88
  813             3125.92
  814             3126.29
  815             3126.92
  816             3127.19
  817             3127.43
  818             3127.73
  819             3128.11
  820             3128.75
  821             3128.78
  822             3129.63
  823             3130.33
  824             3131.88
  825             3131.89
  826             3133.51
  827             3133.66
  828             3134.34
  829             3136.99
  830             3138.17
  831             3138.28
  832             3139.35
  833             3140.65
 Saving results in set 'hess'

 --------------------------------------------------------------------------------

 End time:                               Fri Jan 21 20:02:03 2022
 Total wall-clock time:                283.674 seconds
==================================================================================
