
================================================================================
          _____________ ________ _______________ ________     _________         
         / ___________// ______ \\_____   _____// ______ \   / ________)        
        / /_________  / /      \ \     | |     / /      \ \ | (_______          
       |  __________|| |        | |    | |    | |        | | \________ \        
        \ \_________ | |        | |    | |     \ \______/ /___________) |       
         \__________||_|        |_|    |_|      \________//____________/        
                                                                                
====================================[ Qcore ]===================================

 Git describe: 2.3.0-166-g4178ddb
 Compiler:     GNU 9.1.0
 Build type:   Release
 Version:      2.3.0-166-g4178ddb

 Start time:   Fri Jan 21 19:16:36 2022

 Data directory: /user/home/of15641/.local/src/Qcore/release/share/entos/qcore/data
 Number of threads: 24
 Number of threads was determined by: number of physical cores

 --------------------------------------------------------------------------------
                                 command: hessian                                
 --------------------------------------------------------------------------------

 -------------------------------
  Numerical Geometrical Hessian 
 -------------------------------

 Compute hessian using two-point central differentiation.
 Step size (bohr):                       0.0100

 Frequencies (including translational and rotational modes):
 mode    frequency (cm-1)
    0              364.57 i (imaginary)
    1              344.65 i (imaginary)
    2              224.04 i (imaginary)
    3              209.83 i (imaginary)
    4              178.70 i (imaginary)
    5              173.25 i (imaginary)
    6              169.13 i (imaginary)
    7              168.57 i (imaginary)
    8              168.27 i (imaginary)
    9              164.73 i (imaginary)
   10              153.79 i (imaginary)
   11              153.65 i (imaginary)
   12              149.64 i (imaginary)
   13              144.34 i (imaginary)
   14              126.97 i (imaginary)
   15              113.29 i (imaginary)
   16              106.86 i (imaginary)
   17               84.38 i (imaginary)
   18               82.48 i (imaginary)
   19               75.52 i (imaginary)
   20               74.69 i (imaginary)
   21               60.81 i (imaginary)
   22               56.64 i (imaginary)
   23               47.84 i (imaginary)
   24               40.33 i (imaginary)
   25                9.50 i (imaginary)
   26                1.85 i (imaginary)
   27                1.47 i (imaginary)
   28                7.06
   29                7.78
   30                9.00
   31               12.92
   32               15.79
   33               19.55
   34               20.39
   35               21.76
   36               21.98
   37               29.11
   38               35.26
   39               35.77
   40               38.44
   41               39.74
   42               41.72
   43               43.91
   44               44.80
   45               47.16
   46               51.43
   47               51.77
   48               52.17
   49               56.52
   50               56.72
   51               60.70
   52               61.66
   53               64.25
   54               65.64
   55               68.45
   56               70.75
   57               73.72
   58               75.25
   59               76.92
   60               79.25
   61               79.99
   62               83.43
   63               88.29
   64               88.72
   65               89.83
   66               91.86
   67               92.90
   68               95.09
   69              101.17
   70              102.18
   71              104.31
   72              105.19
   73              106.71
   74              109.51
   75              112.73
   76              113.80
   77              114.34
   78              116.44
   79              118.38
   80              119.81
   81              120.54
   82              124.30
   83              125.81
   84              127.51
   85              130.08
   86              132.60
   87              135.31
   88              138.33
   89              139.11
   90              140.25
   91              141.38
   92              141.82
   93              144.12
   94              145.56
   95              147.88
   96              150.91
   97              153.30
   98              154.71
   99              155.67
  100              158.34
  101              158.74
  102              158.98
  103              161.37
  104              161.94
  105              163.37
  106              164.93
  107              168.24
  108              168.79
  109              169.30
  110              171.26
  111              173.63
  112              176.37
  113              177.53
  114              181.92
  115              183.59
  116              185.88
  117              188.89
  118              193.76
  119              194.03
  120              196.77
  121              199.88
  122              200.54
  123              201.20
  124              204.06
  125              207.71
  126              209.30
  127              211.24
  128              214.05
  129              214.49
  130              215.22
  131              216.47
  132              222.32
  133              227.89
  134              230.33
  135              231.68
  136              232.30
  137              234.07
  138              235.79
  139              238.51
  140              239.16
  141              240.36
  142              241.38
  143              242.36
  144              250.82
  145              254.34
  146              254.99
  147              259.92
  148              263.66
  149              263.75
  150              265.47
  151              266.56
  152              267.48
  153              269.98
  154              271.76
  155              273.22
  156              273.83
  157              280.05
  158              281.87
  159              287.40
  160              287.99
  161              289.35
  162              292.39
  163              300.71
  164              301.54
  165              304.74
  166              306.09
  167              306.44
  168              308.17
  169              312.23
  170              312.38
  171              319.84
  172              320.75
  173              321.81
  174              323.22
  175              325.95
  176              327.64
  177              329.16
  178              329.89
  179              333.35
  180              335.22
  181              339.45
  182              340.82
  183              345.80
  184              347.64
  185              349.11
  186              357.87
  187              358.18
  188              360.11
  189              360.53
  190              363.74
  191              367.73
  192              369.36
  193              375.01
  194              376.56
  195              377.32
  196              378.81
  197              380.78
  198              385.07
  199              385.18
  200              394.16
  201              395.76
  202              396.42
  203              398.77
  204              402.32
  205              408.50
  206              409.05
  207              415.02
  208              416.35
  209              418.28
  210              422.17
  211              423.42
  212              425.31
  213              430.69
  214              430.94
  215              435.11
  216              444.97
  217              448.85
  218              449.09
  219              451.41
  220              451.90
  221              458.68
  222              464.37
  223              466.05
  224              469.50
  225              471.98
  226              473.59
  227              484.98
  228              487.73
  229              500.77
  230              506.88
  231              509.22
  232              509.73
  233              515.21
  234              515.72
  235              517.60
  236              522.28
  237              527.38
  238              532.62
  239              536.00
  240              550.16
  241              554.66
  242              556.03
  243              558.41
  244              558.75
  245              561.89
  246              564.53
  247              564.96
  248              568.01
  249              569.98
  250              570.19
  251              574.01
  252              575.68
  253              581.62
  254              584.12
  255              590.64
  256              594.72
  257              596.72
  258              603.17
  259              605.18
  260              606.36
  261              608.71
  262              615.83
  263              628.75
  264              631.58
  265              635.24
  266              637.02
  267              638.76
  268              650.17
  269              664.84
  270              665.71
  271              672.01
  272              676.12
  273              677.00
  274              680.96
  275              682.54
  276              684.27
  277              685.20
  278              688.78
  279              691.38
  280              692.21
  281              700.33
  282              706.98
  283              707.89
  284              709.77
  285              715.62
  286              722.28
  287              722.65
  288              723.34
  289              724.47
  290              727.78
  291              732.69
  292              733.94
  293              735.06
  294              737.20
  295              740.34
  296              742.49
  297              744.09
  298              747.09
  299              751.05
  300              755.43
  301              756.78
  302              761.74
  303              764.47
  304              765.36
  305              765.57
  306              766.18
  307              767.34
  308              768.01
  309              769.46
  310              779.58
  311              783.14
  312              790.53
  313              791.70
  314              794.29
  315              794.76
  316              795.09
  317              804.90
  318              811.58
  319              814.38
  320              814.89
  321              819.02
  322              820.04
  323              820.28
  324              823.57
  325              824.31
  326              827.79
  327              829.04
  328              831.98
  329              834.58
  330              837.33
  331              840.23
  332              842.00
  333              843.46
  334              845.72
  335              850.27
  336              850.98
  337              853.55
  338              854.47
  339              860.29
  340              863.59
  341              864.89
  342              866.12
  343              866.88
  344              871.41
  345              871.83
  346              875.79
  347              876.40
  348              876.95
  349              882.36
  350              882.48
  351              884.83
  352              885.42
  353              885.91
  354              886.70
  355              887.93
  356              889.35
  357              895.67
  358              896.19
  359              897.15
  360              898.81
  361              905.73
  362              907.41
  363              909.44
  364              910.63
  365              912.94
  366              913.61
  367              914.43
  368              917.98
  369              920.42
  370              921.12
  371              922.14
  372              923.34
  373              927.45
  374              928.46
  375              929.01
  376              932.17
  377              934.90
  378              936.72
  379              937.49
  380              939.97
  381              940.18
  382              942.45
  383              942.65
  384              946.13
  385              948.26
  386              951.58
  387              951.98
  388              952.75
  389              953.86
  390              957.16
  391              960.34
  392              961.16
  393              964.08
  394              966.03
  395              967.91
  396              970.70
  397              971.34
  398              972.21
  399              973.00
  400              975.65
  401              977.56
  402              978.73
  403              979.30
  404              980.85
  405              984.78
  406              985.35
  407              987.73
  408              993.49
  409              996.77
  410              998.72
  411              999.21
  412              999.96
  413             1000.30
  414             1001.14
  415             1003.66
  416             1005.93
  417             1010.93
  418             1011.20
  419             1017.67
  420             1021.78
  421             1024.04
  422             1024.85
  423             1026.42
  424             1031.35
  425             1036.28
  426             1038.38
  427             1038.85
  428             1040.21
  429             1041.38
  430             1043.39
  431             1043.57
  432             1044.35
  433             1047.51
  434             1052.41
  435             1052.81
  436             1054.47
  437             1060.80
  438             1061.17
  439             1064.69
  440             1066.53
  441             1068.14
  442             1071.48
  443             1072.75
  444             1074.42
  445             1079.30
  446             1079.58
  447             1083.65
  448             1083.85
  449             1084.81
  450             1089.70
  451             1092.08
  452             1092.27
  453             1095.01
  454             1096.02
  455             1100.07
  456             1101.39
  457             1102.98
  458             1103.18
  459             1110.48
  460             1114.34
  461             1115.98
  462             1119.83
  463             1119.92
  464             1124.12
  465             1125.03
  466             1126.60
  467             1127.87
  468             1129.28
  469             1129.63
  470             1130.53
  471             1132.38
  472             1134.16
  473             1136.92
  474             1137.96
  475             1138.25
  476             1143.05
  477             1144.06
  478             1146.08
  479             1147.95
  480             1150.35
  481             1151.43
  482             1153.49
  483             1153.79
  484             1157.06
  485             1159.97
  486             1160.82
  487             1161.82
  488             1162.60
  489             1166.34
  490             1167.47
  491             1168.44
  492             1169.34
  493             1171.57
  494             1180.21
  495             1180.58
  496             1181.02
  497             1181.04
  498             1188.25
  499             1190.36
  500             1190.50
  501             1191.65
  502             1194.11
  503             1196.96
  504             1198.51
  505             1200.32
  506             1200.48
  507             1204.49
  508             1204.61
  509             1208.78
  510             1209.46
  511             1210.36
  512             1211.05
  513             1211.53
  514             1215.18
  515             1215.75
  516             1217.78
  517             1218.54
  518             1221.02
  519             1221.39
  520             1221.42
  521             1230.19
  522             1232.56
  523             1234.21
  524             1238.48
  525             1240.11
  526             1240.92
  527             1241.36
  528             1242.47
  529             1245.46
  530             1247.30
  531             1247.41
  532             1247.96
  533             1252.99
  534             1254.43
  535             1255.05
  536             1262.20
  537             1263.15
  538             1265.78
  539             1267.10
  540             1267.66
  541             1271.63
  542             1274.26
  543             1276.74
  544             1277.21
  545             1277.75
  546             1281.55
  547             1282.43
  548             1283.16
  549             1285.73
  550             1287.27
  551             1288.40
  552             1288.47
  553             1288.90
  554             1290.12
  555             1292.38
  556             1294.97
  557             1295.89
  558             1297.65
  559             1297.70
  560             1298.49
  561             1300.61
  562             1301.43
  563             1302.94
  564             1304.26
  565             1305.26
  566             1305.90
  567             1308.11
  568             1311.43
  569             1312.68
  570             1313.72
  571             1313.94
  572             1314.94
  573             1316.18
  574             1316.34
  575             1317.23
  576             1318.68
  577             1323.57
  578             1324.97
  579             1327.49
  580             1329.00
  581             1329.78
  582             1330.26
  583             1330.86
  584             1332.28
  585             1333.29
  586             1333.68
  587             1334.79
  588             1335.22
  589             1335.96
  590             1337.35
  591             1337.57
  592             1337.74
  593             1338.66
  594             1343.55
  595             1343.71
  596             1344.70
  597             1345.31
  598             1346.78
  599             1347.16
  600             1351.95
  601             1352.42
  602             1353.02
  603             1353.74
  604             1355.27
  605             1355.96
  606             1358.20
  607             1359.63
  608             1360.28
  609             1361.21
  610             1363.58
  611             1364.49
  612             1364.74
  613             1365.50
  614             1365.81
  615             1366.61
  616             1367.21
  617             1370.44
  618             1371.81
  619             1372.12
  620             1372.68
  621             1373.19
  622             1373.43
  623             1374.36
  624             1374.53
  625             1375.35
  626             1375.83
  627             1375.86
  628             1379.18
  629             1379.40
  630             1380.56
  631             1380.86
  632             1381.95
  633             1382.56
  634             1383.43
  635             1384.30
  636             1384.76
  637             1385.24
  638             1385.78
  639             1389.29
  640             1390.36
  641             1391.01
  642             1392.74
  643             1393.39
  644             1394.37
  645             1394.61
  646             1397.97
  647             1399.59
  648             1401.57
  649             1401.80
  650             1402.43
  651             1405.03
  652             1411.43
  653             1412.06
  654             1413.00
  655             1415.93
  656             1417.41
  657             1418.75
  658             1419.85
  659             1420.03
  660             1428.13
  661             1430.57
  662             1438.71
  663             1445.74
  664             1448.21
  665             1455.01
  666             1466.66
  667             1480.12
  668             1486.36
  669             1490.49
  670             1491.16
  671             1508.80
  672             1532.41
  673             1539.74
  674             1563.20
  675             1578.46
  676             1582.17
  677             1583.89
  678             1596.11
  679             1627.32
  680             1632.35
  681             1635.63
  682             1644.28
  683             1648.65
  684             1662.80
  685             1679.83
  686             1693.84
  687             1701.22
  688             1732.88
  689             1749.89
  690             1777.75
  691             1795.72
  692             2942.73
  693             2952.03
  694             2952.78
  695             2954.28
  696             2954.94
  697             2955.13
  698             2955.68
  699             2956.36
  700             2958.58
  701             2959.97
  702             2960.69
  703             2961.27
  704             2962.06
  705             2963.39
  706             2965.27
  707             2965.57
  708             2966.56
  709             2970.07
  710             2971.30
  711             2973.49
  712             2977.04
  713             2981.10
  714             2981.48
  715             2982.24
  716             3001.73
  717             3009.11
  718             3011.42
  719             3016.07
  720             3019.67
  721             3021.28
  722             3021.91
  723             3022.72
  724             3023.75
  725             3024.35
  726             3026.70
  727             3028.62
  728             3033.00
  729             3035.00
  730             3035.34
  731             3036.56
  732             3037.70
  733             3040.74
  734             3041.30
  735             3041.85
  736             3042.40
  737             3042.97
  738             3050.11
  739             3052.91
  740             3055.08
  741             3059.20
  742             3060.90
  743             3062.79
  744             3063.36
  745             3066.47
  746             3067.99
  747             3069.50
  748             3071.16
  749             3075.54
  750             3076.45
  751             3076.87
  752             3077.42
  753             3077.87
  754             3078.26
  755             3079.17
  756             3080.03
  757             3080.98
  758             3081.68
  759             3085.79
  760             3090.89
  761             3091.35
  762             3092.37
  763             3093.44
  764             3094.86
  765             3100.30
  766             3101.19
  767             3101.77
  768             3101.92
  769             3105.33
  770             3105.90
  771             3107.11
  772             3107.32
  773             3107.44
  774             3108.26
  775             3108.50
  776             3109.37
  777             3109.47
  778             3109.56
  779             3110.03
  780             3110.56
  781             3110.72
  782             3111.12
  783             3111.96
  784             3112.07
  785             3112.65
  786             3113.67
  787             3113.95
  788             3114.14
  789             3114.51
  790             3114.62
  791             3114.70
  792             3114.85
  793             3115.56
  794             3116.07
  795             3116.60
  796             3116.82
  797             3117.04
  798             3117.23
  799             3119.43
  800             3119.76
  801             3120.27
  802             3120.30
  803             3120.37
  804             3120.50
  805             3121.03
  806             3122.83
  807             3123.03
  808             3123.35
  809             3123.65
  810             3123.94
  811             3124.88
  812             3124.91
  813             3125.13
  814             3125.23
  815             3125.50
  816             3126.01
  817             3126.13
  818             3127.33
  819             3127.40
  820             3127.48
  821             3127.63
  822             3127.89
  823             3128.07
  824             3128.72
  825             3129.93
  826             3130.00
  827             3130.60
  828             3131.21
  829             3131.31
  830             3131.64
  831             3132.06
  832             3133.69
  833             3133.93
  834             3135.16
  835             3135.20
  836             3136.50
  837             3137.75
  838             3138.63
  839             3139.00

 Project out translational and rotational motions 

 Degrees of freedom for translational and rotational motions: 6

 Vibrational frequencies:
 mode    frequency (cm-1)
    0              364.55 i (imaginary)
    1              344.65 i (imaginary)
    2              224.03 i (imaginary)
    3              209.83 i (imaginary)
    4              178.69 i (imaginary)
    5              173.22 i (imaginary)
    6              169.10 i (imaginary)
    7              168.55 i (imaginary)
    8              168.25 i (imaginary)
    9              164.68 i (imaginary)
   10              153.77 i (imaginary)
   11              153.65 i (imaginary)
   12              149.60 i (imaginary)
   13              144.33 i (imaginary)
   14              126.91 i (imaginary)
   15              113.25 i (imaginary)
   16              106.83 i (imaginary)
   17               84.29 i (imaginary)
   18               82.46 i (imaginary)
   19               75.44 i (imaginary)
   20               74.66 i (imaginary)
   21               60.65 i (imaginary)
   22               56.54 i (imaginary)
   23               47.49 i (imaginary)
   24               40.04 i (imaginary)
   25                7.29
   26               12.53
   27               16.05
   28               18.18
   29               20.97
   30               21.67
   31               28.72
   32               33.31
   33               35.71
   34               38.11
   35               38.67
   36               41.59
   37               43.38
   38               43.95
   39               47.00
   40               50.06
   41               51.16
   42               51.58
   43               56.00
   44               56.42
   45               60.57
   46               61.63
   47               64.13
   48               65.40
   49               68.26
   50               70.60
   51               73.71
   52               75.25
   53               76.89
   54               79.17
   55               79.94
   56               83.32
   57               88.15
   58               88.71
   59               89.78
   60               91.85
   61               92.75
   62               95.03
   63              101.16
   64              102.15
   65              104.12
   66              105.14
   67              106.71
   68              109.49
   69              112.71
   70              113.78
   71              114.33
   72              116.38
   73              118.34
   74              119.79
   75              120.40
   76              124.28
   77              125.79
   78              127.47
   79              130.07
   80              132.56
   81              135.28
   82              138.28
   83              139.08
   84              140.24
   85              141.36
   86              141.80
   87              144.05
   88              145.55
   89              147.85
   90              150.88
   91              153.30
   92              154.66
   93              155.65
   94              158.31
   95              158.73
   96              158.92
   97              161.37
   98              161.90
   99              163.36
  100              164.93
  101              168.22
  102              168.77
  103              169.28
  104              171.25
  105              173.60
  106              176.36
  107              177.51
  108              181.90
  109              183.57
  110              185.87
  111              188.88
  112              193.73
  113              194.00
  114              196.74
  115              199.86
  116              200.53
  117              201.19
  118              204.05
  119              207.70
  120              209.30
  121              211.22
  122              214.04
  123              214.49
  124              215.21
  125              216.47
  126              222.32
  127              227.89
  128              230.32
  129              231.66
  130              232.29
  131              234.07
  132              235.78
  133              238.50
  134              239.16
  135              240.35
  136              241.37
  137              242.35
  138              250.81
  139              254.33
  140              254.99
  141              259.90
  142              263.65
  143              263.74
  144              265.47
  145              266.55
  146              267.48
  147              269.97
  148              271.76
  149              273.21
  150              273.82
  151              280.05
  152              281.87
  153              287.40
  154              287.99
  155              289.35
  156              292.38
  157              300.69
  158              301.53
  159              304.73
  160              306.08
  161              306.42
  162              308.17
  163              312.22
  164              312.37
  165              319.84
  166              320.75
  167              321.81
  168              323.22
  169              325.94
  170              327.64
  171              329.15
  172              329.88
  173              333.35
  174              335.22
  175              339.44
  176              340.82
  177              345.80
  178              347.64
  179              349.11
  180              357.87
  181              358.18
  182              360.11
  183              360.52
  184              363.74
  185              367.73
  186              369.36
  187              375.00
  188              376.56
  189              377.32
  190              378.81
  191              380.78
  192              385.06
  193              385.18
  194              394.15
  195              395.75
  196              396.42
  197              398.76
  198              402.32
  199              408.49
  200              409.05
  201              415.00
  202              416.34
  203              418.28
  204              422.17
  205              423.42
  206              425.31
  207              430.69
  208              430.94
  209              435.11
  210              444.97
  211              448.85
  212              449.09
  213              451.40
  214              451.90
  215              458.68
  216              464.36
  217              466.04
  218              469.49
  219              471.98
  220              473.59
  221              484.97
  222              487.72
  223              500.77
  224              506.88
  225              509.22
  226              509.73
  227              515.21
  228              515.72
  229              517.60
  230              522.28
  231              527.37
  232              532.61
  233              536.00
  234              550.15
  235              554.66
  236              556.03
  237              558.41
  238              558.75
  239              561.89
  240              564.52
  241              564.96
  242              568.01
  243              569.98
  244              570.19
  245              574.01
  246              575.68
  247              581.62
  248              584.12
  249              590.64
  250              594.71
  251              596.71
  252              603.17
  253              605.18
  254              606.36
  255              608.71
  256              615.83
  257              628.75
  258              631.58
  259              635.24
  260              637.02
  261              638.75
  262              650.16
  263              664.84
  264              665.71
  265              672.01
  266              676.11
  267              677.00
  268              680.96
  269              682.53
  270              684.27
  271              685.20
  272              688.78
  273              691.37
  274              692.21
  275              700.33
  276              706.98
  277              707.89
  278              709.76
  279              715.61
  280              722.28
  281              722.65
  282              723.34
  283              724.47
  284              727.78
  285              732.69
  286              733.94
  287              735.06
  288              737.20
  289              740.34
  290              742.49
  291              744.09
  292              747.09
  293              751.05
  294              755.43
  295              756.78
  296              761.74
  297              764.47
  298              765.36
  299              765.57
  300              766.18
  301              767.34
  302              768.00
  303              769.45
  304              779.58
  305              783.14
  306              790.53
  307              791.70
  308              794.29
  309              794.75
  310              795.09
  311              804.90
  312              811.58
  313              814.38
  314              814.88
  315              819.02
  316              820.03
  317              820.27
  318              823.57
  319              824.31
  320              827.79
  321              829.04
  322              831.98
  323              834.58
  324              837.33
  325              840.23
  326              842.00
  327              843.46
  328              845.72
  329              850.27
  330              850.98
  331              853.55
  332              854.47
  333              860.29
  334              863.59
  335              864.89
  336              866.12
  337              866.88
  338              871.41
  339              871.83
  340              875.79
  341              876.40
  342              876.95
  343              882.36
  344              882.48
  345              884.83
  346              885.42
  347              885.91
  348              886.70
  349              887.93
  350              889.35
  351              895.67
  352              896.19
  353              897.15
  354              898.81
  355              905.73
  356              907.41
  357              909.44
  358              910.63
  359              912.94
  360              913.61
  361              914.43
  362              917.98
  363              920.42
  364              921.12
  365              922.14
  366              923.34
  367              927.45
  368              928.46
  369              929.01
  370              932.17
  371              934.90
  372              936.72
  373              937.49
  374              939.97
  375              940.18
  376              942.45
  377              942.65
  378              946.13
  379              948.26
  380              951.58
  381              951.98
  382              952.75
  383              953.86
  384              957.16
  385              960.34
  386              961.16
  387              964.08
  388              966.03
  389              967.91
  390              970.70
  391              971.34
  392              972.21
  393              973.00
  394              975.65
  395              977.56
  396              978.73
  397              979.30
  398              980.84
  399              984.78
  400              985.35
  401              987.73
  402              993.49
  403              996.77
  404              998.72
  405              999.21
  406              999.96
  407             1000.30
  408             1001.14
  409             1003.66
  410             1005.93
  411             1010.93
  412             1011.20
  413             1017.67
  414             1021.78
  415             1024.04
  416             1024.85
  417             1026.42
  418             1031.35
  419             1036.28
  420             1038.38
  421             1038.85
  422             1040.21
  423             1041.38
  424             1043.39
  425             1043.57
  426             1044.35
  427             1047.51
  428             1052.41
  429             1052.81
  430             1054.47
  431             1060.80
  432             1061.17
  433             1064.69
  434             1066.53
  435             1068.14
  436             1071.48
  437             1072.75
  438             1074.42
  439             1079.30
  440             1079.58
  441             1083.65
  442             1083.85
  443             1084.81
  444             1089.70
  445             1092.08
  446             1092.27
  447             1095.01
  448             1096.02
  449             1100.07
  450             1101.39
  451             1102.98
  452             1103.18
  453             1110.48
  454             1114.34
  455             1115.98
  456             1119.83
  457             1119.92
  458             1124.12
  459             1125.03
  460             1126.60
  461             1127.87
  462             1129.28
  463             1129.63
  464             1130.53
  465             1132.38
  466             1134.16
  467             1136.92
  468             1137.96
  469             1138.25
  470             1143.05
  471             1144.06
  472             1146.08
  473             1147.95
  474             1150.35
  475             1151.43
  476             1153.49
  477             1153.79
  478             1157.06
  479             1159.97
  480             1160.82
  481             1161.82
  482             1162.60
  483             1166.34
  484             1167.47
  485             1168.44
  486             1169.34
  487             1171.57
  488             1180.21
  489             1180.58
  490             1181.02
  491             1181.04
  492             1188.25
  493             1190.36
  494             1190.49
  495             1191.65
  496             1194.11
  497             1196.96
  498             1198.51
  499             1200.32
  500             1200.48
  501             1204.49
  502             1204.61
  503             1208.78
  504             1209.46
  505             1210.36
  506             1211.05
  507             1211.53
  508             1215.18
  509             1215.75
  510             1217.78
  511             1218.54
  512             1221.02
  513             1221.39
  514             1221.42
  515             1230.19
  516             1232.56
  517             1234.21
  518             1238.48
  519             1240.11
  520             1240.92
  521             1241.36
  522             1242.47
  523             1245.46
  524             1247.30
  525             1247.41
  526             1247.96
  527             1252.99
  528             1254.43
  529             1255.05
  530             1262.20
  531             1263.15
  532             1265.78
  533             1267.10
  534             1267.66
  535             1271.63
  536             1274.26
  537             1276.74
  538             1277.21
  539             1277.75
  540             1281.55
  541             1282.43
  542             1283.16
  543             1285.73
  544             1287.27
  545             1288.40
  546             1288.47
  547             1288.90
  548             1290.12
  549             1292.38
  550             1294.97
  551             1295.89
  552             1297.65
  553             1297.70
  554             1298.49
  555             1300.61
  556             1301.43
  557             1302.94
  558             1304.26
  559             1305.26
  560             1305.90
  561             1308.11
  562             1311.43
  563             1312.68
  564             1313.72
  565             1313.94
  566             1314.94
  567             1316.18
  568             1316.34
  569             1317.23
  570             1318.68
  571             1323.57
  572             1324.97
  573             1327.49
  574             1329.00
  575             1329.78
  576             1330.26
  577             1330.86
  578             1332.28
  579             1333.29
  580             1333.68
  581             1334.79
  582             1335.22
  583             1335.96
  584             1337.35
  585             1337.57
  586             1337.74
  587             1338.66
  588             1343.55
  589             1343.71
  590             1344.70
  591             1345.31
  592             1346.78
  593             1347.16
  594             1351.95
  595             1352.42
  596             1353.02
  597             1353.74
  598             1355.27
  599             1355.96
  600             1358.20
  601             1359.63
  602             1360.28
  603             1361.21
  604             1363.58
  605             1364.49
  606             1364.74
  607             1365.50
  608             1365.81
  609             1366.61
  610             1367.21
  611             1370.44
  612             1371.81
  613             1372.12
  614             1372.68
  615             1373.19
  616             1373.43
  617             1374.36
  618             1374.53
  619             1375.35
  620             1375.83
  621             1375.86
  622             1379.18
  623             1379.40
  624             1380.56
  625             1380.86
  626             1381.95
  627             1382.56
  628             1383.43
  629             1384.30
  630             1384.75
  631             1385.24
  632             1385.78
  633             1389.29
  634             1390.36
  635             1391.01
  636             1392.74
  637             1393.39
  638             1394.37
  639             1394.61
  640             1397.97
  641             1399.59
  642             1401.57
  643             1401.80
  644             1402.43
  645             1405.03
  646             1411.43
  647             1412.06
  648             1413.00
  649             1415.93
  650             1417.41
  651             1418.75
  652             1419.85
  653             1420.03
  654             1428.13
  655             1430.57
  656             1438.71
  657             1445.74
  658             1448.21
  659             1455.01
  660             1466.66
  661             1480.12
  662             1486.36
  663             1490.49
  664             1491.16
  665             1508.80
  666             1532.41
  667             1539.74
  668             1563.20
  669             1578.46
  670             1582.17
  671             1583.89
  672             1596.11
  673             1627.32
  674             1632.35
  675             1635.63
  676             1644.28
  677             1648.65
  678             1662.80
  679             1679.83
  680             1693.84
  681             1701.22
  682             1732.88
  683             1749.89
  684             1777.75
  685             1795.72
  686             2942.73
  687             2952.03
  688             2952.78
  689             2954.28
  690             2954.94
  691             2955.13
  692             2955.68
  693             2956.36
  694             2958.58
  695             2959.97
  696             2960.69
  697             2961.27
  698             2962.06
  699             2963.39
  700             2965.27
  701             2965.57
  702             2966.56
  703             2970.07
  704             2971.30
  705             2973.49
  706             2977.04
  707             2981.10
  708             2981.48
  709             2982.24
  710             3001.73
  711             3009.11
  712             3011.42
  713             3016.07
  714             3019.67
  715             3021.28
  716             3021.91
  717             3022.72
  718             3023.75
  719             3024.35
  720             3026.70
  721             3028.62
  722             3033.00
  723             3035.00
  724             3035.34
  725             3036.56
  726             3037.70
  727             3040.74
  728             3041.30
  729             3041.85
  730             3042.40
  731             3042.97
  732             3050.11
  733             3052.91
  734             3055.08
  735             3059.20
  736             3060.90
  737             3062.79
  738             3063.36
  739             3066.47
  740             3067.99
  741             3069.50
  742             3071.16
  743             3075.54
  744             3076.45
  745             3076.87
  746             3077.42
  747             3077.87
  748             3078.26
  749             3079.17
  750             3080.03
  751             3080.98
  752             3081.68
  753             3085.79
  754             3090.89
  755             3091.35
  756             3092.37
  757             3093.44
  758             3094.86
  759             3100.30
  760             3101.19
  761             3101.77
  762             3101.92
  763             3105.33
  764             3105.90
  765             3107.11
  766             3107.32
  767             3107.44
  768             3108.26
  769             3108.50
  770             3109.37
  771             3109.47
  772             3109.56
  773             3110.03
  774             3110.56
  775             3110.72
  776             3111.12
  777             3111.96
  778             3112.07
  779             3112.65
  780             3113.67
  781             3113.95
  782             3114.14
  783             3114.51
  784             3114.62
  785             3114.70
  786             3114.85
  787             3115.56
  788             3116.07
  789             3116.60
  790             3116.82
  791             3117.04
  792             3117.23
  793             3119.43
  794             3119.76
  795             3120.27
  796             3120.30
  797             3120.37
  798             3120.50
  799             3121.03
  800             3122.83
  801             3123.03
  802             3123.35
  803             3123.65
  804             3123.94
  805             3124.88
  806             3124.91
  807             3125.13
  808             3125.23
  809             3125.50
  810             3126.01
  811             3126.13
  812             3127.33
  813             3127.40
  814             3127.48
  815             3127.63
  816             3127.89
  817             3128.07
  818             3128.72
  819             3129.93
  820             3130.00
  821             3130.60
  822             3131.21
  823             3131.31
  824             3131.64
  825             3132.06
  826             3133.69
  827             3133.93
  828             3135.16
  829             3135.20
  830             3136.50
  831             3137.75
  832             3138.63
  833             3139.00
 Saving results in set 'hess'

 --------------------------------------------------------------------------------

 End time:                               Fri Jan 21 19:23:58 2022
 Total wall-clock time:                441.324 seconds
==================================================================================
