
================================================================================
          _____________ ________ _______________ ________     _________         
         / ___________// ______ \\_____   _____// ______ \   / ________)        
        / /_________  / /      \ \     | |     / /      \ \ | (_______          
       |  __________|| |        | |    | |    | |        | | \________ \        
        \ \_________ | |        | |    | |     \ \______/ /___________) |       
         \__________||_|        |_|    |_|      \________//____________/        
                                                                                
====================================[ Qcore ]===================================

 Git describe: 2.3.0-166-g4178ddb
 Compiler:     GNU 9.1.0
 Build type:   Release
 Version:      2.3.0-166-g4178ddb

 Start time:   Fri Jan 21 20:12:26 2022

 Data directory: /user/home/of15641/.local/src/Qcore/release/share/entos/qcore/data
 Number of threads: 32
 Number of threads was determined by: number of physical cores

 --------------------------------------------------------------------------------
                                 command: hessian                                
 --------------------------------------------------------------------------------

 -------------------------------
  Numerical Geometrical Hessian 
 -------------------------------

 Compute hessian using two-point central differentiation.
 Step size (bohr):                       0.0100

 Frequencies (including translational and rotational modes):
 mode    frequency (cm-1)
    0              283.40 i (imaginary)
    1              282.93 i (imaginary)
    2              281.03 i (imaginary)
    3              234.32 i (imaginary)
    4              230.53 i (imaginary)
    5              219.91 i (imaginary)
    6              202.99 i (imaginary)
    7              193.12 i (imaginary)
    8              178.78 i (imaginary)
    9              165.14 i (imaginary)
   10              164.11 i (imaginary)
   11              159.84 i (imaginary)
   12              150.29 i (imaginary)
   13              144.11 i (imaginary)
   14              136.34 i (imaginary)
   15              128.81 i (imaginary)
   16              127.89 i (imaginary)
   17              127.37 i (imaginary)
   18              119.10 i (imaginary)
   19              106.05 i (imaginary)
   20               97.47 i (imaginary)
   21               82.68 i (imaginary)
   22               73.30 i (imaginary)
   23               63.91 i (imaginary)
   24               60.15 i (imaginary)
   25               47.57 i (imaginary)
   26                7.27 i (imaginary)
   27                3.09 i (imaginary)
   28                1.07 i (imaginary)
   29                1.45
   30                8.39
   31               11.98
   32               13.73
   33               15.37
   34               16.29
   35               18.97
   36               22.81
   37               25.67
   38               27.36
   39               35.11
   40               38.65
   41               39.86
   42               42.00
   43               45.52
   44               47.32
   45               50.13
   46               50.84
   47               54.61
   48               57.51
   49               57.80
   50               62.22
   51               63.51
   52               67.06
   53               67.17
   54               68.58
   55               71.36
   56               74.10
   57               77.24
   58               79.19
   59               80.42
   60               84.35
   61               85.57
   62               87.25
   63               87.87
   64               91.03
   65               93.50
   66               94.81
   67               96.77
   68               97.43
   69              100.85
   70              102.87
   71              103.89
   72              106.88
   73              109.41
   74              112.03
   75              113.66
   76              114.29
   77              118.71
   78              120.45
   79              121.82
   80              123.92
   81              124.07
   82              127.02
   83              127.74
   84              130.37
   85              134.01
   86              135.94
   87              138.91
   88              140.59
   89              141.17
   90              142.05
   91              145.01
   92              147.27
   93              149.62
   94              150.62
   95              152.34
   96              154.45
   97              160.83
   98              162.65
   99              164.12
  100              164.80
  101              167.28
  102              169.09
  103              171.31
  104              171.61
  105              175.39
  106              177.87
  107              179.59
  108              180.99
  109              183.04
  110              185.74
  111              188.24
  112              190.96
  113              192.68
  114              195.05
  115              195.87
  116              196.59
  117              200.58
  118              202.53
  119              204.96
  120              205.32
  121              206.37
  122              207.87
  123              211.29
  124              211.92
  125              212.05
  126              212.66
  127              214.93
  128              216.56
  129              217.88
  130              219.24
  131              220.33
  132              222.26
  133              224.88
  134              226.28
  135              228.42
  136              230.91
  137              234.08
  138              234.41
  139              238.06
  140              240.17
  141              243.32
  142              248.12
  143              249.07
  144              250.71
  145              250.94
  146              253.84
  147              257.53
  148              261.18
  149              262.50
  150              265.14
  151              267.79
  152              269.78
  153              270.96
  154              274.07
  155              276.79
  156              278.17
  157              279.89
  158              285.03
  159              288.83
  160              292.60
  161              294.52
  162              299.81
  163              300.03
  164              301.65
  165              303.04
  166              305.44
  167              308.06
  168              310.36
  169              315.31
  170              316.89
  171              320.79
  172              321.08
  173              326.13
  174              326.53
  175              328.57
  176              330.17
  177              335.29
  178              335.44
  179              337.54
  180              339.82
  181              342.34
  182              342.81
  183              345.24
  184              348.59
  185              351.08
  186              351.85
  187              353.67
  188              360.18
  189              362.77
  190              363.46
  191              363.66
  192              366.69
  193              369.60
  194              370.48
  195              370.95
  196              371.58
  197              373.43
  198              375.98
  199              384.50
  200              386.90
  201              388.46
  202              388.82
  203              392.47
  204              394.39
  205              399.92
  206              409.32
  207              410.20
  208              413.06
  209              413.74
  210              419.24
  211              420.68
  212              424.16
  213              425.67
  214              426.16
  215              432.88
  216              440.05
  217              442.91
  218              448.61
  219              455.46
  220              456.92
  221              461.10
  222              462.09
  223              472.64
  224              479.25
  225              481.82
  226              483.27
  227              484.55
  228              485.67
  229              489.10
  230              493.35
  231              497.42
  232              502.54
  233              502.93
  234              504.43
  235              507.14
  236              510.68
  237              517.18
  238              519.68
  239              528.12
  240              546.52
  241              548.37
  242              554.40
  243              560.97
  244              562.37
  245              564.63
  246              565.58
  247              566.65
  248              569.45
  249              571.13
  250              575.81
  251              576.44
  252              581.65
  253              589.31
  254              591.78
  255              595.50
  256              596.09
  257              596.28
  258              596.70
  259              604.69
  260              611.39
  261              614.08
  262              616.16
  263              622.73
  264              631.60
  265              633.26
  266              638.09
  267              643.19
  268              648.60
  269              652.21
  270              656.54
  271              657.43
  272              664.19
  273              667.02
  274              669.52
  275              673.75
  276              676.14
  277              678.93
  278              682.29
  279              683.96
  280              688.30
  281              689.71
  282              696.37
  283              696.84
  284              697.42
  285              702.32
  286              705.73
  287              707.45
  288              708.14
  289              713.71
  290              714.90
  291              717.40
  292              720.94
  293              721.57
  294              729.47
  295              731.55
  296              732.02
  297              735.72
  298              736.66
  299              741.89
  300              745.57
  301              747.96
  302              748.26
  303              753.61
  304              763.03
  305              764.84
  306              765.68
  307              769.85
  308              772.65
  309              774.66
  310              777.74
  311              780.24
  312              783.21
  313              786.88
  314              787.51
  315              789.83
  316              792.98
  317              795.60
  318              796.87
  319              798.20
  320              798.44
  321              801.64
  322              804.28
  323              812.30
  324              814.02
  325              814.64
  326              818.93
  327              820.72
  328              823.53
  329              825.54
  330              827.97
  331              828.92
  332              830.72
  333              832.06
  334              834.26
  335              834.67
  336              834.91
  337              838.98
  338              839.56
  339              843.98
  340              847.37
  341              848.12
  342              851.86
  343              853.13
  344              854.91
  345              855.16
  346              855.33
  347              862.83
  348              864.75
  349              866.54
  350              867.88
  351              869.00
  352              870.87
  353              872.33
  354              875.73
  355              876.15
  356              878.50
  357              881.93
  358              882.79
  359              885.39
  360              887.97
  361              889.91
  362              891.69
  363              896.13
  364              898.29
  365              899.60
  366              901.56
  367              901.97
  368              903.28
  369              904.05
  370              904.31
  371              906.50
  372              906.94
  373              913.74
  374              916.41
  375              917.51
  376              917.76
  377              921.90
  378              925.97
  379              926.60
  380              929.25
  381              930.38
  382              931.21
  383              932.38
  384              933.95
  385              935.58
  386              937.16
  387              939.58
  388              941.50
  389              941.69
  390              942.89
  391              944.55
  392              945.04
  393              947.01
  394              952.45
  395              954.12
  396              954.31
  397              959.37
  398              960.94
  399              964.47
  400              964.53
  401              965.86
  402              973.19
  403              974.62
  404              977.40
  405              977.57
  406              979.06
  407              980.32
  408              983.49
  409              984.18
  410              985.33
  411              986.08
  412              992.09
  413              993.96
  414              994.69
  415             1000.14
  416             1000.87
  417             1004.51
  418             1006.02
  419             1010.41
  420             1012.01
  421             1012.77
  422             1014.93
  423             1019.82
  424             1022.39
  425             1022.86
  426             1028.33
  427             1028.53
  428             1031.94
  429             1033.51
  430             1035.78
  431             1037.81
  432             1040.34
  433             1047.49
  434             1047.74
  435             1047.81
  436             1049.41
  437             1049.70
  438             1052.11
  439             1052.80
  440             1055.22
  441             1056.23
  442             1061.01
  443             1061.35
  444             1064.17
  445             1064.77
  446             1067.04
  447             1067.14
  448             1069.59
  449             1072.65
  450             1074.19
  451             1076.54
  452             1077.61
  453             1081.02
  454             1081.68
  455             1081.84
  456             1086.66
  457             1087.22
  458             1090.14
  459             1090.43
  460             1095.81
  461             1096.41
  462             1098.36
  463             1099.98
  464             1102.97
  465             1111.50
  466             1115.66
  467             1116.73
  468             1118.16
  469             1120.77
  470             1121.96
  471             1123.77
  472             1125.47
  473             1127.87
  474             1131.74
  475             1133.45
  476             1135.11
  477             1135.32
  478             1138.31
  479             1139.14
  480             1141.81
  481             1142.23
  482             1142.27
  483             1145.43
  484             1145.56
  485             1148.77
  486             1150.15
  487             1150.98
  488             1156.48
  489             1157.87
  490             1160.86
  491             1162.31
  492             1169.19
  493             1170.76
  494             1171.71
  495             1173.64
  496             1174.51
  497             1174.86
  498             1177.12
  499             1178.13
  500             1180.66
  501             1182.66
  502             1183.49
  503             1184.37
  504             1188.10
  505             1190.85
  506             1194.43
  507             1194.70
  508             1195.89
  509             1198.36
  510             1198.59
  511             1203.71
  512             1204.61
  513             1207.03
  514             1207.26
  515             1209.90
  516             1211.71
  517             1213.25
  518             1215.15
  519             1219.53
  520             1221.71
  521             1225.11
  522             1226.26
  523             1227.84
  524             1228.21
  525             1228.36
  526             1230.72
  527             1231.56
  528             1232.23
  529             1234.16
  530             1237.05
  531             1240.79
  532             1242.59
  533             1243.24
  534             1244.62
  535             1251.47
  536             1251.87
  537             1252.78
  538             1254.02
  539             1255.15
  540             1255.59
  541             1256.69
  542             1258.84
  543             1259.91
  544             1264.72
  545             1268.44
  546             1270.94
  547             1272.17
  548             1277.43
  549             1280.28
  550             1280.61
  551             1283.15
  552             1284.72
  553             1287.37
  554             1287.43
  555             1289.00
  556             1289.23
  557             1289.79
  558             1292.75
  559             1295.71
  560             1296.38
  561             1298.02
  562             1300.72
  563             1301.92
  564             1302.43
  565             1303.51
  566             1306.78
  567             1308.81
  568             1309.33
  569             1309.60
  570             1311.95
  571             1311.97
  572             1313.20
  573             1313.35
  574             1315.03
  575             1315.28
  576             1318.92
  577             1318.96
  578             1320.24
  579             1323.97
  580             1326.17
  581             1326.27
  582             1327.07
  583             1328.63
  584             1329.29
  585             1330.05
  586             1331.55
  587             1332.08
  588             1334.39
  589             1337.05
  590             1337.47
  591             1340.28
  592             1340.88
  593             1341.09
  594             1342.86
  595             1344.90
  596             1345.41
  597             1349.06
  598             1349.22
  599             1351.33
  600             1351.95
  601             1352.67
  602             1352.81
  603             1353.54
  604             1354.18
  605             1354.34
  606             1355.28
  607             1357.93
  608             1359.21
  609             1361.29
  610             1362.12
  611             1362.81
  612             1363.05
  613             1365.19
  614             1365.88
  615             1366.16
  616             1367.41
  617             1368.43
  618             1368.55
  619             1369.36
  620             1370.48
  621             1371.87
  622             1372.87
  623             1375.49
  624             1375.84
  625             1378.20
  626             1379.09
  627             1379.68
  628             1380.14
  629             1381.42
  630             1381.82
  631             1382.91
  632             1384.90
  633             1385.54
  634             1386.35
  635             1388.75
  636             1389.47
  637             1392.79
  638             1393.30
  639             1393.76
  640             1397.31
  641             1397.67
  642             1398.29
  643             1399.14
  644             1400.86
  645             1400.91
  646             1402.12
  647             1405.15
  648             1407.87
  649             1409.59
  650             1413.03
  651             1414.34
  652             1414.49
  653             1415.83
  654             1420.86
  655             1422.37
  656             1422.43
  657             1425.27
  658             1426.69
  659             1427.03
  660             1429.32
  661             1429.72
  662             1430.13
  663             1433.90
  664             1439.63
  665             1439.89
  666             1445.80
  667             1456.55
  668             1469.85
  669             1478.91
  670             1495.17
  671             1506.20
  672             1515.98
  673             1519.36
  674             1531.02
  675             1531.61
  676             1548.98
  677             1553.36
  678             1583.86
  679             1591.26
  680             1595.04
  681             1595.88
  682             1602.17
  683             1603.66
  684             1623.60
  685             1661.58
  686             1663.34
  687             1686.10
  688             1698.23
  689             1698.98
  690             1722.58
  691             1795.58
  692             2933.13
  693             2936.65
  694             2938.00
  695             2943.60
  696             2951.18
  697             2955.28
  698             2957.48
  699             2960.18
  700             2962.56
  701             2963.75
  702             2965.48
  703             2969.04
  704             2973.59
  705             2975.21
  706             2976.41
  707             2977.28
  708             2979.40
  709             2980.36
  710             2981.05
  711             2984.27
  712             2986.70
  713             2988.97
  714             2993.28
  715             2997.44
  716             3010.24
  717             3012.50
  718             3013.43
  719             3017.06
  720             3019.37
  721             3021.33
  722             3022.40
  723             3023.82
  724             3024.51
  725             3025.50
  726             3028.58
  727             3033.55
  728             3034.48
  729             3034.62
  730             3034.76
  731             3036.58
  732             3038.40
  733             3039.58
  734             3040.34
  735             3041.49
  736             3043.50
  737             3047.00
  738             3050.24
  739             3053.01
  740             3054.19
  741             3054.58
  742             3055.81
  743             3057.57
  744             3060.26
  745             3061.93
  746             3062.83
  747             3066.24
  748             3068.05
  749             3068.65
  750             3070.01
  751             3073.34
  752             3079.36
  753             3084.04
  754             3085.78
  755             3087.29
  756             3088.25
  757             3088.92
  758             3090.02
  759             3090.41
  760             3091.28
  761             3094.45
  762             3097.15
  763             3098.09
  764             3098.56
  765             3100.85
  766             3101.56
  767             3101.71
  768             3102.74
  769             3103.05
  770             3105.61
  771             3106.57
  772             3107.36
  773             3108.68
  774             3109.07
  775             3110.25
  776             3110.40
  777             3111.15
  778             3111.72
  779             3111.73
  780             3111.83
  781             3111.86
  782             3112.17
  783             3112.28
  784             3113.05
  785             3113.47
  786             3114.71
  787             3114.93
  788             3115.31
  789             3115.40
  790             3115.71
  791             3116.04
  792             3116.17
  793             3116.29
  794             3116.45
  795             3116.65
  796             3116.76
  797             3116.81
  798             3118.08
  799             3119.41
  800             3119.45
  801             3119.47
  802             3119.79
  803             3120.07
  804             3120.28
  805             3120.33
  806             3121.27
  807             3121.66
  808             3121.96
  809             3121.97
  810             3122.45
  811             3123.35
  812             3123.51
  813             3123.88
  814             3124.05
  815             3124.52
  816             3125.20
  817             3125.30
  818             3125.85
  819             3125.90
  820             3126.56
  821             3126.75
  822             3127.47
  823             3127.66
  824             3127.70
  825             3128.19
  826             3128.39
  827             3128.90
  828             3129.31
  829             3130.27
  830             3130.65
  831             3130.82
  832             3130.92
  833             3132.29
  834             3132.76
  835             3133.86
  836             3136.86
  837             3137.05
  838             3137.40
  839             3138.16

 Project out translational and rotational motions 

 Degrees of freedom for translational and rotational motions: 6

 Vibrational frequencies:
 mode    frequency (cm-1)
    0              283.39 i (imaginary)
    1              282.92 i (imaginary)
    2              281.02 i (imaginary)
    3              234.31 i (imaginary)
    4              230.52 i (imaginary)
    5              219.91 i (imaginary)
    6              202.98 i (imaginary)
    7              193.11 i (imaginary)
    8              178.76 i (imaginary)
    9              165.13 i (imaginary)
   10              164.09 i (imaginary)
   11              159.82 i (imaginary)
   12              150.28 i (imaginary)
   13              144.10 i (imaginary)
   14              136.30 i (imaginary)
   15              128.81 i (imaginary)
   16              127.84 i (imaginary)
   17              127.34 i (imaginary)
   18              119.02 i (imaginary)
   19              106.03 i (imaginary)
   20               97.44 i (imaginary)
   21               82.68 i (imaginary)
   22               73.19 i (imaginary)
   23               63.86 i (imaginary)
   24               60.09 i (imaginary)
   25               47.46 i (imaginary)
   26                4.59 i (imaginary)
   27               12.10
   28               12.52
   29               18.68
   30               21.63
   31               23.48
   32               26.81
   33               34.44
   34               38.52
   35               39.73
   36               41.32
   37               43.71
   38               46.66
   39               49.44
   40               50.50
   41               54.01
   42               55.58
   43               57.18
   44               62.08
   45               63.38
   46               66.71
   47               67.01
   48               68.17
   49               71.27
   50               74.05
   51               77.05
   52               79.16
   53               80.39
   54               84.17
   55               85.55
   56               87.20
   57               87.83
   58               90.95
   59               93.48
   60               94.80
   61               96.73
   62               97.42
   63              100.78
   64              102.87
   65              103.89
   66              106.84
   67              109.37
   68              111.99
   69              113.64
   70              114.16
   71              118.69
   72              120.28
   73              121.78
   74              123.92
   75              124.07
   76              126.99
   77              127.73
   78              130.35
   79              134.00
   80              135.92
   81              138.91
   82              140.59
   83              141.11
   84              142.00
   85              144.98
   86              147.26
   87              149.60
   88              150.59
   89              152.34
   90              154.43
   91              160.83
   92              162.64
   93              164.11
   94              164.78
   95              167.25
   96              169.08
   97              171.30
   98              171.58
   99              175.39
  100              177.84
  101              179.57
  102              180.98
  103              183.01
  104              185.73
  105              188.20
  106              190.92
  107              192.67
  108              195.04
  109              195.81
  110              196.56
  111              200.58
  112              202.52
  113              204.95
  114              205.27
  115              206.36
  116              207.87
  117              211.28
  118              211.91
  119              212.04
  120              212.65
  121              214.92
  122              216.53
  123              217.86
  124              219.24
  125              220.33
  126              222.24
  127              224.88
  128              226.27
  129              228.42
  130              230.90
  131              234.08
  132              234.41
  133              238.06
  134              240.16
  135              243.31
  136              248.11
  137              249.05
  138              250.71
  139              250.91
  140              253.82
  141              257.51
  142              261.18
  143              262.50
  144              265.14
  145              267.78
  146              269.77
  147              270.95
  148              274.07
  149              276.76
  150              278.16
  151              279.88
  152              285.03
  153              288.83
  154              292.60
  155              294.52
  156              299.81
  157              300.02
  158              301.65
  159              303.03
  160              305.43
  161              308.06
  162              310.32
  163              315.31
  164              316.88
  165              320.79
  166              321.08
  167              326.13
  168              326.53
  169              328.55
  170              330.16
  171              335.29
  172              335.43
  173              337.54
  174              339.82
  175              342.34
  176              342.81
  177              345.23
  178              348.59
  179              351.08
  180              351.85
  181              353.67
  182              360.18
  183              362.77
  184              363.46
  185              363.65
  186              366.69
  187              369.59
  188              370.47
  189              370.94
  190              371.58
  191              373.42
  192              375.98
  193              384.49
  194              386.89
  195              388.45
  196              388.82
  197              392.47
  198              394.38
  199              399.91
  200              409.32
  201              410.20
  202              413.06
  203              413.74
  204              419.24
  205              420.68
  206              424.16
  207              425.67
  208              426.15
  209              432.88
  210              440.05
  211              442.91
  212              448.61
  213              455.46
  214              456.92
  215              461.09
  216              462.09
  217              472.64
  218              479.25
  219              481.81
  220              483.27
  221              484.55
  222              485.67
  223              489.10
  224              493.34
  225              497.42
  226              502.54
  227              502.93
  228              504.42
  229              507.14
  230              510.67
  231              517.18
  232              519.68
  233              528.12
  234              546.52
  235              548.37
  236              554.40
  237              560.97
  238              562.37
  239              564.63
  240              565.58
  241              566.65
  242              569.45
  243              571.13
  244              575.81
  245              576.43
  246              581.65
  247              589.31
  248              591.77
  249              595.50
  250              596.09
  251              596.28
  252              596.69
  253              604.69
  254              611.39
  255              614.07
  256              616.16
  257              622.73
  258              631.60
  259              633.26
  260              638.09
  261              643.19
  262              648.60
  263              652.20
  264              656.53
  265              657.42
  266              664.19
  267              667.01
  268              669.52
  269              673.75
  270              676.14
  271              678.93
  272              682.29
  273              683.95
  274              688.30
  275              689.71
  276              696.37
  277              696.84
  278              697.42
  279              702.32
  280              705.72
  281              707.45
  282              708.14
  283              713.71
  284              714.90
  285              717.40
  286              720.94
  287              721.57
  288              729.47
  289              731.55
  290              732.02
  291              735.72
  292              736.66
  293              741.89
  294              745.57
  295              747.96
  296              748.26
  297              753.60
  298              763.03
  299              764.84
  300              765.68
  301              769.85
  302              772.64
  303              774.66
  304              777.74
  305              780.24
  306              783.20
  307              786.88
  308              787.51
  309              789.83
  310              792.98
  311              795.60
  312              796.87
  313              798.20
  314              798.44
  315              801.64
  316              804.28
  317              812.30
  318              814.02
  319              814.64
  320              818.93
  321              820.72
  322              823.53
  323              825.54
  324              827.97
  325              828.92
  326              830.72
  327              832.06
  328              834.26
  329              834.67
  330              834.90
  331              838.98
  332              839.56
  333              843.98
  334              847.36
  335              848.12
  336              851.86
  337              853.13
  338              854.91
  339              855.16
  340              855.33
  341              862.83
  342              864.75
  343              866.54
  344              867.88
  345              869.00
  346              870.87
  347              872.33
  348              875.73
  349              876.15
  350              878.50
  351              881.93
  352              882.79
  353              885.39
  354              887.97
  355              889.91
  356              891.69
  357              896.13
  358              898.29
  359              899.60
  360              901.56
  361              901.97
  362              903.28
  363              904.05
  364              904.31
  365              906.50
  366              906.94
  367              913.74
  368              916.41
  369              917.51
  370              917.76
  371              921.90
  372              925.97
  373              926.60
  374              929.25
  375              930.38
  376              931.21
  377              932.38
  378              933.95
  379              935.58
  380              937.16
  381              939.58
  382              941.50
  383              941.69
  384              942.89
  385              944.55
  386              945.04
  387              947.01
  388              952.45
  389              954.12
  390              954.31
  391              959.37
  392              960.94
  393              964.46
  394              964.53
  395              965.86
  396              973.19
  397              974.62
  398              977.40
  399              977.57
  400              979.06
  401              980.32
  402              983.49
  403              984.18
  404              985.33
  405              986.08
  406              992.09
  407              993.96
  408              994.69
  409             1000.14
  410             1000.87
  411             1004.51
  412             1006.02
  413             1010.41
  414             1012.01
  415             1012.77
  416             1014.93
  417             1019.82
  418             1022.39
  419             1022.86
  420             1028.33
  421             1028.53
  422             1031.94
  423             1033.51
  424             1035.78
  425             1037.81
  426             1040.34
  427             1047.49
  428             1047.74
  429             1047.81
  430             1049.40
  431             1049.70
  432             1052.11
  433             1052.80
  434             1055.22
  435             1056.23
  436             1061.01
  437             1061.35
  438             1064.17
  439             1064.77
  440             1067.04
  441             1067.14
  442             1069.59
  443             1072.65
  444             1074.19
  445             1076.54
  446             1077.61
  447             1081.02
  448             1081.68
  449             1081.84
  450             1086.66
  451             1087.22
  452             1090.14
  453             1090.43
  454             1095.80
  455             1096.41
  456             1098.36
  457             1099.98
  458             1102.97
  459             1111.50
  460             1115.66
  461             1116.73
  462             1118.16
  463             1120.77
  464             1121.96
  465             1123.77
  466             1125.47
  467             1127.87
  468             1131.74
  469             1133.45
  470             1135.11
  471             1135.32
  472             1138.31
  473             1139.14
  474             1141.81
  475             1142.22
  476             1142.27
  477             1145.43
  478             1145.56
  479             1148.77
  480             1150.15
  481             1150.98
  482             1156.48
  483             1157.87
  484             1160.86
  485             1162.31
  486             1169.19
  487             1170.76
  488             1171.71
  489             1173.64
  490             1174.51
  491             1174.86
  492             1177.12
  493             1178.13
  494             1180.66
  495             1182.66
  496             1183.49
  497             1184.37
  498             1188.10
  499             1190.85
  500             1194.43
  501             1194.70
  502             1195.89
  503             1198.36
  504             1198.59
  505             1203.71
  506             1204.61
  507             1207.03
  508             1207.26
  509             1209.90
  510             1211.71
  511             1213.25
  512             1215.15
  513             1219.53
  514             1221.71
  515             1225.11
  516             1226.26
  517             1227.84
  518             1228.21
  519             1228.36
  520             1230.72
  521             1231.56
  522             1232.23
  523             1234.16
  524             1237.05
  525             1240.79
  526             1242.59
  527             1243.24
  528             1244.62
  529             1251.47
  530             1251.87
  531             1252.78
  532             1254.02
  533             1255.15
  534             1255.59
  535             1256.69
  536             1258.84
  537             1259.91
  538             1264.72
  539             1268.44
  540             1270.94
  541             1272.17
  542             1277.43
  543             1280.28
  544             1280.61
  545             1283.15
  546             1284.72
  547             1287.37
  548             1287.43
  549             1289.00
  550             1289.23
  551             1289.79
  552             1292.75
  553             1295.71
  554             1296.38
  555             1298.02
  556             1300.72
  557             1301.92
  558             1302.43
  559             1303.51
  560             1306.78
  561             1308.81
  562             1309.33
  563             1309.60
  564             1311.95
  565             1311.97
  566             1313.20
  567             1313.35
  568             1315.03
  569             1315.28
  570             1318.92
  571             1318.96
  572             1320.24
  573             1323.97
  574             1326.17
  575             1326.27
  576             1327.07
  577             1328.63
  578             1329.29
  579             1330.05
  580             1331.55
  581             1332.08
  582             1334.39
  583             1337.05
  584             1337.47
  585             1340.28
  586             1340.88
  587             1341.09
  588             1342.86
  589             1344.90
  590             1345.41
  591             1349.06
  592             1349.22
  593             1351.33
  594             1351.95
  595             1352.67
  596             1352.81
  597             1353.54
  598             1354.18
  599             1354.34
  600             1355.28
  601             1357.93
  602             1359.21
  603             1361.29
  604             1362.12
  605             1362.81
  606             1363.05
  607             1365.19
  608             1365.88
  609             1366.16
  610             1367.41
  611             1368.43
  612             1368.55
  613             1369.36
  614             1370.48
  615             1371.87
  616             1372.87
  617             1375.49
  618             1375.84
  619             1378.20
  620             1379.09
  621             1379.68
  622             1380.14
  623             1381.42
  624             1381.82
  625             1382.91
  626             1384.90
  627             1385.54
  628             1386.35
  629             1388.75
  630             1389.47
  631             1392.79
  632             1393.30
  633             1393.76
  634             1397.31
  635             1397.67
  636             1398.29
  637             1399.14
  638             1400.86
  639             1400.90
  640             1402.12
  641             1405.15
  642             1407.87
  643             1409.59
  644             1413.03
  645             1414.34
  646             1414.49
  647             1415.83
  648             1420.86
  649             1422.37
  650             1422.43
  651             1425.27
  652             1426.69
  653             1427.03
  654             1429.32
  655             1429.72
  656             1430.13
  657             1433.90
  658             1439.63
  659             1439.89
  660             1445.80
  661             1456.55
  662             1469.85
  663             1478.91
  664             1495.17
  665             1506.20
  666             1515.98
  667             1519.36
  668             1531.02
  669             1531.61
  670             1548.98
  671             1553.36
  672             1583.86
  673             1591.26
  674             1595.04
  675             1595.88
  676             1602.17
  677             1603.66
  678             1623.60
  679             1661.58
  680             1663.34
  681             1686.10
  682             1698.23
  683             1698.98
  684             1722.58
  685             1795.58
  686             2933.13
  687             2936.65
  688             2938.00
  689             2943.60
  690             2951.18
  691             2955.28
  692             2957.48
  693             2960.18
  694             2962.56
  695             2963.75
  696             2965.48
  697             2969.04
  698             2973.59
  699             2975.21
  700             2976.41
  701             2977.28
  702             2979.40
  703             2980.36
  704             2981.05
  705             2984.27
  706             2986.70
  707             2988.97
  708             2993.28
  709             2997.44
  710             3010.24
  711             3012.50
  712             3013.43
  713             3017.06
  714             3019.37
  715             3021.33
  716             3022.40
  717             3023.82
  718             3024.51
  719             3025.50
  720             3028.58
  721             3033.55
  722             3034.48
  723             3034.62
  724             3034.76
  725             3036.58
  726             3038.40
  727             3039.58
  728             3040.34
  729             3041.49
  730             3043.50
  731             3047.00
  732             3050.24
  733             3053.01
  734             3054.19
  735             3054.58
  736             3055.81
  737             3057.57
  738             3060.26
  739             3061.93
  740             3062.83
  741             3066.24
  742             3068.05
  743             3068.65
  744             3070.01
  745             3073.34
  746             3079.36
  747             3084.04
  748             3085.78
  749             3087.29
  750             3088.25
  751             3088.92
  752             3090.02
  753             3090.41
  754             3091.28
  755             3094.45
  756             3097.15
  757             3098.09
  758             3098.56
  759             3100.85
  760             3101.56
  761             3101.71
  762             3102.74
  763             3103.05
  764             3105.61
  765             3106.57
  766             3107.36
  767             3108.68
  768             3109.07
  769             3110.25
  770             3110.40
  771             3111.15
  772             3111.72
  773             3111.73
  774             3111.83
  775             3111.86
  776             3112.17
  777             3112.28
  778             3113.05
  779             3113.47
  780             3114.71
  781             3114.93
  782             3115.31
  783             3115.40
  784             3115.71
  785             3116.04
  786             3116.17
  787             3116.29
  788             3116.45
  789             3116.65
  790             3116.76
  791             3116.81
  792             3118.08
  793             3119.41
  794             3119.45
  795             3119.47
  796             3119.79
  797             3120.07
  798             3120.28
  799             3120.33
  800             3121.27
  801             3121.66
  802             3121.96
  803             3121.97
  804             3122.45
  805             3123.35
  806             3123.51
  807             3123.88
  808             3124.05
  809             3124.52
  810             3125.20
  811             3125.30
  812             3125.85
  813             3125.90
  814             3126.56
  815             3126.75
  816             3127.47
  817             3127.66
  818             3127.70
  819             3128.19
  820             3128.39
  821             3128.90
  822             3129.31
  823             3130.27
  824             3130.65
  825             3130.82
  826             3130.92
  827             3132.29
  828             3132.76
  829             3133.86
  830             3136.86
  831             3137.05
  832             3137.40
  833             3138.16
 Saving results in set 'hess'

 --------------------------------------------------------------------------------

 End time:                               Fri Jan 21 20:17:11 2022
 Total wall-clock time:                284.986 seconds
==================================================================================
