
================================================================================
          _____________ ________ _______________ ________     _________         
         / ___________// ______ \\_____   _____// ______ \   / ________)        
        / /_________  / /      \ \     | |     / /      \ \ | (_______          
       |  __________|| |        | |    | |    | |        | | \________ \        
        \ \_________ | |        | |    | |     \ \______/ /___________) |       
         \__________||_|        |_|    |_|      \________//____________/        
                                                                                
====================================[ Qcore ]===================================

 Git describe: 2.3.0-166-g4178ddb
 Compiler:     GNU 9.1.0
 Build type:   Release
 Version:      2.3.0-166-g4178ddb

 Start time:   Fri Jan 21 19:18:28 2022

 Data directory: /user/home/of15641/.local/src/Qcore/release/share/entos/qcore/data
 Number of threads: 32
 Number of threads was determined by: number of physical cores

 --------------------------------------------------------------------------------
                                 command: hessian                                
 --------------------------------------------------------------------------------

 -------------------------------
  Numerical Geometrical Hessian 
 -------------------------------

 Compute hessian using two-point central differentiation.
 Step size (bohr):                       0.0100

 Frequencies (including translational and rotational modes):
 mode    frequency (cm-1)
    0              258.45 i (imaginary)
    1              255.67 i (imaginary)
    2              247.17 i (imaginary)
    3              245.74 i (imaginary)
    4              243.33 i (imaginary)
    5              207.21 i (imaginary)
    6              200.84 i (imaginary)
    7              190.56 i (imaginary)
    8              179.75 i (imaginary)
    9              174.21 i (imaginary)
   10              172.35 i (imaginary)
   11              163.16 i (imaginary)
   12              161.41 i (imaginary)
   13              143.22 i (imaginary)
   14              142.65 i (imaginary)
   15              120.86 i (imaginary)
   16              108.65 i (imaginary)
   17               82.77 i (imaginary)
   18               82.35 i (imaginary)
   19               68.22 i (imaginary)
   20               63.33 i (imaginary)
   21               45.11 i (imaginary)
   22               30.58 i (imaginary)
   23               16.11 i (imaginary)
   24                9.62 i (imaginary)
   25                5.31 i (imaginary)
   26                1.25 i (imaginary)
   27                1.13 i (imaginary)
   28                7.61
   29                9.23
   30               10.45
   31               12.14
   32               15.28
   33               17.64
   34               18.99
   35               23.31
   36               26.15
   37               32.35
   38               33.72
   39               42.07
   40               44.28
   41               45.53
   42               46.17
   43               48.41
   44               49.47
   45               49.84
   46               52.31
   47               54.12
   48               54.40
   49               56.55
   50               57.57
   51               59.75
   52               64.56
   53               66.34
   54               70.48
   55               73.68
   56               75.28
   57               77.42
   58               77.78
   59               82.63
   60               83.38
   61               84.01
   62               88.69
   63               90.95
   64               91.60
   65               95.40
   66               96.60
   67              101.55
   68              102.16
   69              105.22
   70              106.86
   71              108.64
   72              110.41
   73              112.78
   74              113.51
   75              115.31
   76              119.65
   77              120.03
   78              121.05
   79              122.52
   80              123.82
   81              124.42
   82              130.90
   83              131.91
   84              133.07
   85              134.38
   86              135.42
   87              139.06
   88              139.37
   89              142.85
   90              143.16
   91              146.06
   92              149.55
   93              150.62
   94              153.14
   95              154.35
   96              155.51
   97              156.72
   98              160.24
   99              160.92
  100              167.91
  101              168.23
  102              169.46
  103              169.64
  104              170.21
  105              172.60
  106              175.90
  107              176.04
  108              177.85
  109              178.14
  110              182.62
  111              183.77
  112              184.54
  113              189.08
  114              189.48
  115              193.25
  116              195.97
  117              196.49
  118              198.34
  119              198.88
  120              200.92
  121              201.64
  122              204.02
  123              204.50
  124              207.84
  125              210.92
  126              212.61
  127              215.34
  128              215.81
  129              216.18
  130              219.77
  131              222.94
  132              224.71
  133              226.27
  134              226.67
  135              230.12
  136              231.27
  137              232.67
  138              233.90
  139              234.89
  140              235.41
  141              242.68
  142              243.78
  143              246.72
  144              247.15
  145              249.55
  146              250.40
  147              251.61
  148              258.10
  149              260.03
  150              267.40
  151              267.58
  152              270.13
  153              270.94
  154              274.26
  155              276.04
  156              277.66
  157              278.12
  158              279.49
  159              284.95
  160              285.48
  161              290.50
  162              292.41
  163              297.69
  164              299.82
  165              304.05
  166              304.51
  167              307.36
  168              308.71
  169              309.91
  170              316.27
  171              321.80
  172              322.84
  173              326.63
  174              329.58
  175              332.89
  176              335.52
  177              335.70
  178              338.29
  179              339.98
  180              342.35
  181              343.33
  182              345.53
  183              345.99
  184              352.59
  185              354.17
  186              355.09
  187              361.63
  188              363.95
  189              365.74
  190              367.10
  191              368.46
  192              370.10
  193              371.31
  194              371.47
  195              377.20
  196              377.75
  197              379.90
  198              380.44
  199              384.67
  200              384.85
  201              390.79
  202              393.38
  203              396.67
  204              403.54
  205              404.49
  206              407.02
  207              412.30
  208              414.47
  209              416.91
  210              420.71
  211              425.89
  212              428.51
  213              433.13
  214              434.65
  215              442.06
  216              442.93
  217              446.49
  218              448.30
  219              448.40
  220              451.98
  221              462.10
  222              462.34
  223              470.35
  224              474.65
  225              483.75
  226              485.83
  227              487.67
  228              492.20
  229              494.72
  230              501.33
  231              502.42
  232              503.45
  233              504.49
  234              514.22
  235              515.89
  236              517.27
  237              526.71
  238              534.94
  239              537.16
  240              537.70
  241              546.57
  242              552.36
  243              552.88
  244              558.77
  245              566.10
  246              570.32
  247              571.04
  248              574.23
  249              576.22
  250              576.92
  251              578.17
  252              580.99
  253              582.34
  254              583.12
  255              588.13
  256              589.74
  257              596.18
  258              598.03
  259              604.43
  260              607.27
  261              613.77
  262              622.64
  263              624.49
  264              627.31
  265              630.45
  266              637.02
  267              640.13
  268              640.46
  269              643.48
  270              644.66
  271              653.16
  272              662.20
  273              664.06
  274              670.39
  275              675.25
  276              676.11
  277              677.18
  278              680.30
  279              685.10
  280              685.63
  281              688.60
  282              692.96
  283              695.71
  284              696.64
  285              704.43
  286              708.39
  287              709.81
  288              711.42
  289              712.78
  290              716.88
  291              719.39
  292              725.90
  293              728.09
  294              732.08
  295              733.76
  296              735.37
  297              737.49
  298              744.10
  299              745.09
  300              746.69
  301              751.59
  302              753.03
  303              757.39
  304              762.40
  305              764.39
  306              766.22
  307              768.30
  308              770.39
  309              772.66
  310              775.86
  311              777.09
  312              786.40
  313              788.09
  314              789.45
  315              792.73
  316              793.40
  317              796.45
  318              801.12
  319              801.61
  320              802.70
  321              803.53
  322              806.45
  323              808.33
  324              809.96
  325              810.51
  326              814.49
  327              815.74
  328              817.16
  329              820.41
  330              823.82
  331              824.85
  332              826.96
  333              828.69
  334              831.62
  335              835.32
  336              836.91
  337              837.35
  338              841.14
  339              843.15
  340              845.14
  341              846.06
  342              852.30
  343              852.76
  344              853.14
  345              855.71
  346              856.37
  347              858.10
  348              858.24
  349              864.50
  350              865.26
  351              867.82
  352              868.67
  353              870.81
  354              870.98
  355              871.76
  356              873.08
  357              875.93
  358              877.79
  359              881.65
  360              882.21
  361              882.95
  362              884.35
  363              885.27
  364              887.67
  365              893.08
  366              893.66
  367              896.24
  368              896.44
  369              901.61
  370              903.16
  371              903.85
  372              907.93
  373              909.86
  374              910.66
  375              913.92
  376              914.27
  377              916.54
  378              917.65
  379              921.24
  380              924.73
  381              925.83
  382              926.33
  383              931.14
  384              932.51
  385              934.32
  386              937.95
  387              940.34
  388              942.92
  389              943.20
  390              943.52
  391              944.81
  392              946.32
  393              948.95
  394              950.33
  395              952.92
  396              960.12
  397              961.11
  398              962.07
  399              962.16
  400              966.05
  401              970.06
  402              973.62
  403              974.17
  404              976.84
  405              978.79
  406              981.40
  407              981.87
  408              983.73
  409              986.36
  410              988.26
  411              994.47
  412              995.10
  413              996.62
  414              997.12
  415              999.68
  416             1000.14
  417             1001.83
  418             1005.35
  419             1006.21
  420             1007.06
  421             1008.40
  422             1015.45
  423             1019.11
  424             1019.24
  425             1021.69
  426             1025.11
  427             1028.64
  428             1031.79
  429             1035.80
  430             1036.30
  431             1038.43
  432             1040.88
  433             1044.97
  434             1046.84
  435             1048.46
  436             1048.65
  437             1049.70
  438             1052.21
  439             1052.37
  440             1052.99
  441             1057.94
  442             1060.31
  443             1060.85
  444             1063.28
  445             1066.06
  446             1067.07
  447             1070.15
  448             1071.07
  449             1073.56
  450             1076.43
  451             1078.13
  452             1079.43
  453             1081.98
  454             1083.76
  455             1087.08
  456             1091.25
  457             1092.74
  458             1097.07
  459             1097.63
  460             1100.59
  461             1102.03
  462             1104.21
  463             1105.32
  464             1106.35
  465             1108.43
  466             1111.06
  467             1115.65
  468             1118.87
  469             1119.37
  470             1119.98
  471             1122.02
  472             1122.21
  473             1123.59
  474             1125.41
  475             1129.16
  476             1131.18
  477             1133.47
  478             1134.38
  479             1139.53
  480             1139.82
  481             1140.46
  482             1145.16
  483             1146.30
  484             1148.36
  485             1151.13
  486             1153.54
  487             1155.35
  488             1156.64
  489             1156.77
  490             1157.76
  491             1159.08
  492             1161.21
  493             1163.57
  494             1163.65
  495             1164.99
  496             1166.04
  497             1167.33
  498             1168.94
  499             1174.11
  500             1176.70
  501             1180.44
  502             1182.04
  503             1186.06
  504             1189.29
  505             1193.02
  506             1195.53
  507             1196.60
  508             1197.92
  509             1198.42
  510             1198.76
  511             1199.68
  512             1203.65
  513             1205.17
  514             1207.13
  515             1208.04
  516             1212.51
  517             1212.88
  518             1214.17
  519             1216.14
  520             1218.32
  521             1218.87
  522             1220.36
  523             1220.50
  524             1224.40
  525             1226.92
  526             1228.40
  527             1228.59
  528             1231.03
  529             1231.62
  530             1236.59
  531             1238.79
  532             1239.77
  533             1240.32
  534             1240.91
  535             1243.09
  536             1243.90
  537             1245.03
  538             1253.98
  539             1256.16
  540             1259.37
  541             1259.62
  542             1263.61
  543             1264.40
  544             1264.79
  545             1270.47
  546             1272.07
  547             1272.85
  548             1275.17
  549             1277.68
  550             1278.90
  551             1279.57
  552             1280.43
  553             1282.15
  554             1282.63
  555             1284.06
  556             1286.60
  557             1287.86
  558             1289.50
  559             1291.04
  560             1292.18
  561             1294.86
  562             1295.62
  563             1298.07
  564             1301.12
  565             1302.01
  566             1303.58
  567             1305.62
  568             1307.51
  569             1310.36
  570             1310.85
  571             1311.80
  572             1315.71
  573             1319.06
  574             1319.19
  575             1319.53
  576             1319.66
  577             1319.99
  578             1321.45
  579             1322.75
  580             1322.85
  581             1323.47
  582             1326.31
  583             1326.96
  584             1328.43
  585             1328.84
  586             1330.61
  587             1330.96
  588             1333.67
  589             1334.37
  590             1335.40
  591             1336.05
  592             1336.31
  593             1337.83
  594             1338.41
  595             1339.31
  596             1339.55
  597             1344.21
  598             1344.59
  599             1345.14
  600             1345.87
  601             1346.39
  602             1348.98
  603             1349.75
  604             1353.36
  605             1355.27
  606             1355.66
  607             1355.92
  608             1356.78
  609             1359.40
  610             1359.97
  611             1360.20
  612             1362.66
  613             1362.94
  614             1364.81
  615             1365.74
  616             1365.98
  617             1366.27
  618             1367.85
  619             1368.99
  620             1370.17
  621             1371.22
  622             1373.66
  623             1375.80
  624             1376.60
  625             1377.01
  626             1377.42
  627             1377.76
  628             1378.36
  629             1379.14
  630             1379.36
  631             1382.17
  632             1382.64
  633             1386.05
  634             1387.71
  635             1387.80
  636             1388.17
  637             1388.68
  638             1389.64
  639             1390.35
  640             1391.23
  641             1391.27
  642             1392.40
  643             1393.01
  644             1396.91
  645             1397.65
  646             1398.46
  647             1399.56
  648             1401.67
  649             1406.15
  650             1407.62
  651             1407.77
  652             1411.48
  653             1411.67
  654             1411.76
  655             1412.81
  656             1416.86
  657             1416.93
  658             1418.66
  659             1419.33
  660             1421.14
  661             1421.24
  662             1421.32
  663             1424.77
  664             1428.76
  665             1429.30
  666             1431.61
  667             1434.24
  668             1435.17
  669             1444.56
  670             1445.09
  671             1449.21
  672             1454.87
  673             1479.64
  674             1489.62
  675             1508.15
  676             1519.36
  677             1526.45
  678             1539.67
  679             1544.70
  680             1545.66
  681             1553.55
  682             1564.36
  683             1564.58
  684             1572.55
  685             1578.81
  686             1597.65
  687             1601.52
  688             1608.02
  689             1618.17
  690             1630.71
  691             1653.56
  692             2943.25
  693             2948.64
  694             2949.24
  695             2955.02
  696             2958.41
  697             2960.04
  698             2961.98
  699             2962.64
  700             2963.64
  701             2965.12
  702             2967.28
  703             2968.14
  704             2969.30
  705             2970.25
  706             2970.98
  707             2972.42
  708             2973.25
  709             2975.18
  710             2976.63
  711             2977.28
  712             2979.94
  713             2980.46
  714             2986.68
  715             2988.22
  716             3008.07
  717             3010.13
  718             3014.35
  719             3017.74
  720             3019.13
  721             3024.94
  722             3026.43
  723             3027.50
  724             3027.88
  725             3028.31
  726             3029.80
  727             3036.40
  728             3039.78
  729             3040.99
  730             3042.47
  731             3043.09
  732             3044.26
  733             3045.49
  734             3045.85
  735             3047.30
  736             3049.37
  737             3053.44
  738             3056.11
  739             3057.21
  740             3058.23
  741             3058.84
  742             3059.03
  743             3060.03
  744             3065.29
  745             3065.79
  746             3066.03
  747             3066.97
  748             3067.90
  749             3073.82
  750             3077.26
  751             3079.95
  752             3080.29
  753             3081.37
  754             3081.68
  755             3082.29
  756             3082.70
  757             3082.86
  758             3083.35
  759             3084.17
  760             3086.02
  761             3087.30
  762             3090.16
  763             3092.03
  764             3093.84
  765             3094.67
  766             3095.11
  767             3097.93
  768             3098.98
  769             3100.81
  770             3105.90
  771             3108.76
  772             3108.98
  773             3109.03
  774             3109.42
  775             3111.72
  776             3111.89
  777             3112.25
  778             3112.35
  779             3112.59
  780             3113.09
  781             3113.38
  782             3113.82
  783             3114.11
  784             3114.19
  785             3114.27
  786             3114.38
  787             3115.06
  788             3116.07
  789             3116.13
  790             3116.60
  791             3116.68
  792             3117.15
  793             3117.21
  794             3117.68
  795             3118.18
  796             3118.31
  797             3118.58
  798             3118.93
  799             3119.57
  800             3119.60
  801             3120.08
  802             3120.45
  803             3120.71
  804             3120.72
  805             3121.02
  806             3121.22
  807             3121.32
  808             3122.08
  809             3122.13
  810             3122.54
  811             3122.63
  812             3122.83
  813             3123.25
  814             3123.51
  815             3123.82
  816             3123.95
  817             3124.03
  818             3124.69
  819             3125.19
  820             3125.32
  821             3125.58
  822             3126.08
  823             3127.15
  824             3127.20
  825             3127.40
  826             3128.10
  827             3129.02
  828             3129.89
  829             3130.33
  830             3130.36
  831             3131.38
  832             3131.50
  833             3131.83
  834             3132.06
  835             3136.02
  836             3136.44
  837             3137.68
  838             3138.23
  839             3139.83

 Project out translational and rotational motions 

 Degrees of freedom for translational and rotational motions: 6

 Vibrational frequencies:
 mode    frequency (cm-1)
    0              258.44 i (imaginary)
    1              255.66 i (imaginary)
    2              247.16 i (imaginary)
    3              245.74 i (imaginary)
    4              243.32 i (imaginary)
    5              207.20 i (imaginary)
    6              200.83 i (imaginary)
    7              190.56 i (imaginary)
    8              179.74 i (imaginary)
    9              174.20 i (imaginary)
   10              172.33 i (imaginary)
   11              163.14 i (imaginary)
   12              161.40 i (imaginary)
   13              143.21 i (imaginary)
   14              142.60 i (imaginary)
   15              120.85 i (imaginary)
   16              108.53 i (imaginary)
   17               82.71 i (imaginary)
   18               82.00 i (imaginary)
   19               67.93 i (imaginary)
   20               63.30 i (imaginary)
   21               45.02 i (imaginary)
   22               30.05 i (imaginary)
   23               14.40 i (imaginary)
   24                7.13
   25                9.91
   26               11.03
   27               12.41
   28               17.11
   29               18.57
   30               25.74
   31               31.47
   32               33.67
   33               41.75
   34               43.24
   35               44.01
   36               46.04
   37               47.62
   38               48.61
   39               49.05
   40               51.47
   41               52.74
   42               53.63
   43               56.47
   44               56.95
   45               59.55
   46               64.51
   47               66.25
   48               69.78
   49               73.65
   50               75.17
   51               77.33
   52               77.70
   53               82.58
   54               83.27
   55               83.66
   56               88.55
   57               90.93
   58               91.40
   59               95.33
   60               96.44
   61              101.53
   62              101.94
   63              105.20
   64              106.74
   65              108.62
   66              110.25
   67              112.73
   68              113.50
   69              115.28
   70              119.60
   71              120.00
   72              121.05
   73              122.47
   74              123.77
   75              124.37
   76              130.88
   77              131.89
   78              132.98
   79              134.36
   80              135.38
   81              139.05
   82              139.35
   83              142.80
   84              143.13
   85              146.04
   86              149.54
   87              150.61
   88              153.12
   89              154.34
   90              155.48
   91              156.72
   92              160.23
   93              160.86
   94              167.89
   95              168.21
   96              169.44
   97              169.63
   98              170.19
   99              172.59
  100              175.90
  101              176.00
  102              177.83
  103              178.13
  104              182.61
  105              183.76
  106              184.53
  107              189.06
  108              189.44
  109              193.25
  110              195.96
  111              196.48
  112              198.33
  113              198.86
  114              200.89
  115              201.63
  116              204.02
  117              204.48
  118              207.78
  119              210.90
  120              212.60
  121              215.34
  122              215.79
  123              216.18
  124              219.77
  125              222.94
  126              224.70
  127              226.25
  128              226.67
  129              230.11
  130              231.27
  131              232.67
  132              233.89
  133              234.88
  134              235.41
  135              242.67
  136              243.77
  137              246.71
  138              247.15
  139              249.53
  140              250.38
  141              251.60
  142              258.09
  143              260.01
  144              267.38
  145              267.58
  146              270.11
  147              270.93
  148              274.25
  149              276.03
  150              277.65
  151              278.10
  152              279.47
  153              284.94
  154              285.48
  155              290.47
  156              292.40
  157              297.68
  158              299.82
  159              304.05
  160              304.50
  161              307.35
  162              308.70
  163              309.91
  164              316.26
  165              321.79
  166              322.84
  167              326.63
  168              329.57
  169              332.89
  170              335.49
  171              335.69
  172              338.28
  173              339.97
  174              342.35
  175              343.33
  176              345.53
  177              345.99
  178              352.59
  179              354.16
  180              355.09
  181              361.63
  182              363.95
  183              365.74
  184              367.10
  185              368.46
  186              370.09
  187              371.31
  188              371.47
  189              377.20
  190              377.74
  191              379.89
  192              380.44
  193              384.67
  194              384.85
  195              390.79
  196              393.37
  197              396.67
  198              403.53
  199              404.48
  200              407.02
  201              412.30
  202              414.47
  203              416.91
  204              420.70
  205              425.88
  206              428.51
  207              433.12
  208              434.65
  209              442.05
  210              442.92
  211              446.49
  212              448.30
  213              448.39
  214              451.98
  215              462.09
  216              462.34
  217              470.35
  218              474.65
  219              483.75
  220              485.82
  221              487.67
  222              492.20
  223              494.72
  224              501.33
  225              502.42
  226              503.45
  227              504.49
  228              514.22
  229              515.89
  230              517.27
  231              526.70
  232              534.94
  233              537.15
  234              537.69
  235              546.57
  236              552.36
  237              552.88
  238              558.77
  239              566.09
  240              570.32
  241              571.04
  242              574.23
  243              576.22
  244              576.92
  245              578.16
  246              580.99
  247              582.34
  248              583.12
  249              588.13
  250              589.73
  251              596.18
  252              598.03
  253              604.43
  254              607.26
  255              613.77
  256              622.64
  257              624.49
  258              627.30
  259              630.45
  260              637.02
  261              640.12
  262              640.46
  263              643.47
  264              644.65
  265              653.16
  266              662.20
  267              664.06
  268              670.39
  269              675.25
  270              676.11
  271              677.18
  272              680.30
  273              685.10
  274              685.63
  275              688.60
  276              692.96
  277              695.70
  278              696.64
  279              704.42
  280              708.39
  281              709.81
  282              711.42
  283              712.78
  284              716.88
  285              719.39
  286              725.90
  287              728.09
  288              732.08
  289              733.76
  290              735.37
  291              737.49
  292              744.10
  293              745.08
  294              746.69
  295              751.59
  296              753.03
  297              757.38
  298              762.40
  299              764.39
  300              766.21
  301              768.30
  302              770.38
  303              772.66
  304              775.86
  305              777.09
  306              786.40
  307              788.09
  308              789.45
  309              792.73
  310              793.40
  311              796.45
  312              801.12
  313              801.61
  314              802.70
  315              803.52
  316              806.45
  317              808.33
  318              809.96
  319              810.51
  320              814.49
  321              815.74
  322              817.16
  323              820.41
  324              823.82
  325              824.85
  326              826.95
  327              828.69
  328              831.62
  329              835.32
  330              836.91
  331              837.34
  332              841.14
  333              843.15
  334              845.14
  335              846.06
  336              852.30
  337              852.76
  338              853.14
  339              855.71
  340              856.37
  341              858.10
  342              858.24
  343              864.50
  344              865.26
  345              867.82
  346              868.67
  347              870.81
  348              870.98
  349              871.76
  350              873.08
  351              875.93
  352              877.79
  353              881.65
  354              882.21
  355              882.94
  356              884.35
  357              885.27
  358              887.67
  359              893.08
  360              893.66
  361              896.24
  362              896.44
  363              901.61
  364              903.16
  365              903.85
  366              907.93
  367              909.86
  368              910.66
  369              913.92
  370              914.27
  371              916.53
  372              917.64
  373              921.24
  374              924.73
  375              925.83
  376              926.33
  377              931.14
  378              932.51
  379              934.32
  380              937.95
  381              940.34
  382              942.92
  383              943.20
  384              943.52
  385              944.81
  386              946.32
  387              948.95
  388              950.33
  389              952.91
  390              960.12
  391              961.11
  392              962.07
  393              962.16
  394              966.05
  395              970.06
  396              973.62
  397              974.17
  398              976.84
  399              978.79
  400              981.40
  401              981.87
  402              983.73
  403              986.36
  404              988.26
  405              994.47
  406              995.10
  407              996.62
  408              997.12
  409              999.68
  410             1000.14
  411             1001.83
  412             1005.35
  413             1006.21
  414             1007.06
  415             1008.40
  416             1015.45
  417             1019.11
  418             1019.24
  419             1021.69
  420             1025.11
  421             1028.64
  422             1031.79
  423             1035.80
  424             1036.30
  425             1038.43
  426             1040.88
  427             1044.97
  428             1046.84
  429             1048.46
  430             1048.65
  431             1049.70
  432             1052.21
  433             1052.37
  434             1052.98
  435             1057.94
  436             1060.31
  437             1060.85
  438             1063.28
  439             1066.06
  440             1067.07
  441             1070.15
  442             1071.07
  443             1073.56
  444             1076.43
  445             1078.13
  446             1079.43
  447             1081.98
  448             1083.76
  449             1087.08
  450             1091.25
  451             1092.74
  452             1097.07
  453             1097.63
  454             1100.59
  455             1102.03
  456             1104.21
  457             1105.32
  458             1106.35
  459             1108.43
  460             1111.06
  461             1115.65
  462             1118.87
  463             1119.37
  464             1119.98
  465             1122.02
  466             1122.21
  467             1123.59
  468             1125.41
  469             1129.16
  470             1131.18
  471             1133.47
  472             1134.38
  473             1139.53
  474             1139.82
  475             1140.46
  476             1145.16
  477             1146.30
  478             1148.36
  479             1151.13
  480             1153.54
  481             1155.35
  482             1156.64
  483             1156.77
  484             1157.76
  485             1159.08
  486             1161.21
  487             1163.57
  488             1163.65
  489             1164.99
  490             1166.04
  491             1167.33
  492             1168.94
  493             1174.11
  494             1176.70
  495             1180.44
  496             1182.04
  497             1186.06
  498             1189.29
  499             1193.02
  500             1195.53
  501             1196.59
  502             1197.92
  503             1198.42
  504             1198.76
  505             1199.68
  506             1203.65
  507             1205.17
  508             1207.13
  509             1208.04
  510             1212.51
  511             1212.88
  512             1214.17
  513             1216.14
  514             1218.32
  515             1218.87
  516             1220.36
  517             1220.50
  518             1224.40
  519             1226.92
  520             1228.40
  521             1228.59
  522             1231.03
  523             1231.62
  524             1236.59
  525             1238.79
  526             1239.77
  527             1240.32
  528             1240.91
  529             1243.09
  530             1243.90
  531             1245.03
  532             1253.98
  533             1256.16
  534             1259.37
  535             1259.62
  536             1263.61
  537             1264.40
  538             1264.79
  539             1270.47
  540             1272.07
  541             1272.85
  542             1275.17
  543             1277.68
  544             1278.90
  545             1279.57
  546             1280.43
  547             1282.15
  548             1282.63
  549             1284.06
  550             1286.60
  551             1287.86
  552             1289.50
  553             1291.04
  554             1292.18
  555             1294.86
  556             1295.62
  557             1298.07
  558             1301.12
  559             1302.01
  560             1303.58
  561             1305.62
  562             1307.51
  563             1310.36
  564             1310.85
  565             1311.80
  566             1315.71
  567             1319.06
  568             1319.19
  569             1319.53
  570             1319.66
  571             1319.99
  572             1321.45
  573             1322.75
  574             1322.85
  575             1323.47
  576             1326.31
  577             1326.96
  578             1328.43
  579             1328.84
  580             1330.61
  581             1330.96
  582             1333.67
  583             1334.37
  584             1335.40
  585             1336.05
  586             1336.31
  587             1337.83
  588             1338.41
  589             1339.31
  590             1339.55
  591             1344.21
  592             1344.59
  593             1345.14
  594             1345.87
  595             1346.39
  596             1348.98
  597             1349.75
  598             1353.36
  599             1355.27
  600             1355.66
  601             1355.92
  602             1356.78
  603             1359.40
  604             1359.97
  605             1360.20
  606             1362.66
  607             1362.94
  608             1364.81
  609             1365.74
  610             1365.98
  611             1366.27
  612             1367.85
  613             1368.99
  614             1370.17
  615             1371.22
  616             1373.66
  617             1375.80
  618             1376.60
  619             1377.01
  620             1377.42
  621             1377.76
  622             1378.36
  623             1379.14
  624             1379.36
  625             1382.17
  626             1382.64
  627             1386.05
  628             1387.71
  629             1387.80
  630             1388.17
  631             1388.68
  632             1389.64
  633             1390.35
  634             1391.23
  635             1391.27
  636             1392.40
  637             1393.01
  638             1396.91
  639             1397.65
  640             1398.46
  641             1399.56
  642             1401.67
  643             1406.15
  644             1407.62
  645             1407.77
  646             1411.48
  647             1411.67
  648             1411.76
  649             1412.81
  650             1416.86
  651             1416.93
  652             1418.65
  653             1419.33
  654             1421.14
  655             1421.24
  656             1421.32
  657             1424.77
  658             1428.76
  659             1429.30
  660             1431.61
  661             1434.24
  662             1435.17
  663             1444.56
  664             1445.09
  665             1449.21
  666             1454.87
  667             1479.64
  668             1489.62
  669             1508.15
  670             1519.35
  671             1526.45
  672             1539.67
  673             1544.70
  674             1545.66
  675             1553.55
  676             1564.36
  677             1564.58
  678             1572.55
  679             1578.81
  680             1597.65
  681             1601.52
  682             1608.02
  683             1618.17
  684             1630.71
  685             1653.56
  686             2943.25
  687             2948.64
  688             2949.24
  689             2955.02
  690             2958.41
  691             2960.04
  692             2961.98
  693             2962.64
  694             2963.64
  695             2965.12
  696             2967.28
  697             2968.14
  698             2969.30
  699             2970.25
  700             2970.98
  701             2972.42
  702             2973.25
  703             2975.18
  704             2976.63
  705             2977.28
  706             2979.94
  707             2980.46
  708             2986.68
  709             2988.22
  710             3008.07
  711             3010.13
  712             3014.35
  713             3017.74
  714             3019.13
  715             3024.94
  716             3026.43
  717             3027.50
  718             3027.88
  719             3028.31
  720             3029.80
  721             3036.40
  722             3039.78
  723             3040.99
  724             3042.47
  725             3043.09
  726             3044.26
  727             3045.49
  728             3045.85
  729             3047.30
  730             3049.37
  731             3053.44
  732             3056.11
  733             3057.21
  734             3058.23
  735             3058.84
  736             3059.03
  737             3060.03
  738             3065.29
  739             3065.79
  740             3066.03
  741             3066.97
  742             3067.90
  743             3073.82
  744             3077.26
  745             3079.95
  746             3080.29
  747             3081.37
  748             3081.68
  749             3082.29
  750             3082.70
  751             3082.86
  752             3083.35
  753             3084.17
  754             3086.02
  755             3087.30
  756             3090.16
  757             3092.03
  758             3093.84
  759             3094.67
  760             3095.11
  761             3097.93
  762             3098.98
  763             3100.81
  764             3105.90
  765             3108.76
  766             3108.98
  767             3109.03
  768             3109.42
  769             3111.72
  770             3111.89
  771             3112.25
  772             3112.35
  773             3112.59
  774             3113.09
  775             3113.38
  776             3113.82
  777             3114.11
  778             3114.19
  779             3114.27
  780             3114.38
  781             3115.06
  782             3116.07
  783             3116.13
  784             3116.60
  785             3116.68
  786             3117.15
  787             3117.21
  788             3117.68
  789             3118.18
  790             3118.31
  791             3118.58
  792             3118.93
  793             3119.57
  794             3119.60
  795             3120.08
  796             3120.45
  797             3120.71
  798             3120.72
  799             3121.02
  800             3121.22
  801             3121.32
  802             3122.08
  803             3122.13
  804             3122.54
  805             3122.63
  806             3122.83
  807             3123.25
  808             3123.51
  809             3123.82
  810             3123.95
  811             3124.03
  812             3124.69
  813             3125.19
  814             3125.32
  815             3125.58
  816             3126.08
  817             3127.15
  818             3127.20
  819             3127.40
  820             3128.10
  821             3129.02
  822             3129.89
  823             3130.33
  824             3130.36
  825             3131.38
  826             3131.50
  827             3131.83
  828             3132.06
  829             3136.02
  830             3136.44
  831             3137.68
  832             3138.23
  833             3139.83
 Saving results in set 'hess'

 --------------------------------------------------------------------------------

 End time:                               Fri Jan 21 19:23:22 2022
 Total wall-clock time:                293.839 seconds
==================================================================================
