cpu-bind=MASK - bp1-compute153, task 4294967295 4294967295 [0]: mask 0xfffe4f00fffe4f set
bp1-compute153.data.bp.acrc.priv
no matplotlib
Calculating Huang-Rhys parameters
molden file : opt_truncated.molden
xyz file : opt_truncated.xyz
no. atoms : 79
Mode 0, v : 15.5 cm^-1
HRF : 0.0248
-----
Mode 1, v : 19.6 cm^-1
HRF : 0.0437
-----
Mode 2, v : 24.0 cm^-1
HRF : 0.1140
-----
Mode 3, v : 26.4 cm^-1
HRF : 0.0020
-----
Mode 4, v : 28.2 cm^-1
HRF : 0.1123
-----
Mode 5, v : 45.1 cm^-1
HRF : 0.1116
-----
Mode 6, v : 46.2 cm^-1
HRF : 0.0378
-----
Mode 7, v : 48.4 cm^-1
HRF : 0.0692
-----
Mode 8, v : 54.0 cm^-1
HRF : 0.3925
-----
Mode 9, v : 62.0 cm^-1
HRF : 0.0591
-----
Mode 10, v : 67.4 cm^-1
HRF : 0.1306
-----
Mode 11, v : 74.9 cm^-1
HRF : 0.0585
-----
Mode 12, v : 76.1 cm^-1
HRF : 0.0967
-----
Mode 13, v : 81.2 cm^-1
HRF : 0.0001
-----
Mode 14, v : 93.6 cm^-1
HRF : 0.0304
-----
Mode 15, v : 95.5 cm^-1
HRF : 0.0009
-----
Mode 16, v : 106.4 cm^-1
HRF : 0.1943
-----
Mode 17, v : 110.4 cm^-1
HRF : 0.2458
-----
Mode 18, v : 118.5 cm^-1
HRF : 0.0137
-----
Mode 19, v : 124.3 cm^-1
HRF : 0.0024
-----
Mode 20, v : 131.6 cm^-1
HRF : 0.0086
-----
Mode 21, v : 141.5 cm^-1
HRF : 0.0312
-----
Mode 22, v : 143.8 cm^-1
HRF : 0.3378
-----
Mode 23, v : 151.1 cm^-1
HRF : 0.0827
-----
Mode 24, v : 157.4 cm^-1
HRF : 0.3707
-----
Mode 25, v : 164.7 cm^-1
HRF : 0.0039
-----
Mode 26, v : 169.9 cm^-1
HRF : 0.5999
-----
Mode 27, v : 180.3 cm^-1
HRF : 0.0156
-----
Mode 28, v : 195.0 cm^-1
HRF : 0.1267
-----
Mode 29, v : 196.0 cm^-1
HRF : 0.1846
-----
Mode 30, v : 198.7 cm^-1
HRF : 0.1870
-----
Mode 31, v : 202.0 cm^-1
HRF : 0.0101
-----
Mode 32, v : 206.2 cm^-1
HRF : 0.5242
-----
Mode 33, v : 213.0 cm^-1
HRF : 0.0853
-----
Mode 34, v : 215.4 cm^-1
HRF : 0.0286
-----
Mode 35, v : 219.3 cm^-1
HRF : 0.0008
-----
Mode 36, v : 227.8 cm^-1
HRF : 0.1123
-----
Mode 37, v : 232.1 cm^-1
HRF : 0.0180
-----
Mode 38, v : 240.1 cm^-1
HRF : 0.0525
-----
Mode 39, v : 245.0 cm^-1
HRF : 0.0517
-----
Mode 40, v : 249.9 cm^-1
HRF : 0.0186
-----
Mode 41, v : 262.1 cm^-1
HRF : 0.0511
-----
Mode 42, v : 265.5 cm^-1
HRF : 0.0429
-----
Mode 43, v : 273.3 cm^-1
HRF : 0.2365
-----
Mode 44, v : 276.0 cm^-1
HRF : 0.0000
-----
Mode 45, v : 290.6 cm^-1
HRF : 0.0024
-----
Mode 46, v : 305.4 cm^-1
HRF : 0.5325
-----
Mode 47, v : 318.7 cm^-1
HRF : 0.0339
-----
Mode 48, v : 328.3 cm^-1
HRF : 0.0201
-----
Mode 49, v : 332.6 cm^-1
HRF : 0.1050
-----
Mode 50, v : 348.1 cm^-1
HRF : 0.0569
-----
Mode 51, v : 355.6 cm^-1
HRF : 0.1353
-----
Mode 52, v : 366.2 cm^-1
HRF : 0.0606
-----
Mode 53, v : 369.5 cm^-1
HRF : 0.0029
-----
Mode 54, v : 389.4 cm^-1
HRF : 0.0208
-----
Mode 55, v : 417.0 cm^-1
HRF : 0.0038
-----
Mode 56, v : 428.9 cm^-1
HRF : 0.0694
-----
Mode 57, v : 432.3 cm^-1
HRF : 0.0017
-----
Mode 58, v : 458.8 cm^-1
HRF : 0.1421
-----
Mode 59, v : 461.1 cm^-1
HRF : 0.0342
-----
Mode 60, v : 471.6 cm^-1
HRF : 0.0029
-----
Mode 61, v : 484.5 cm^-1
HRF : 0.0001
-----
Mode 62, v : 542.8 cm^-1
HRF : 0.0386
-----
Mode 63, v : 549.6 cm^-1
HRF : 0.0061
-----
Mode 64, v : 562.7 cm^-1
HRF : 0.0028
-----
Mode 65, v : 578.7 cm^-1
HRF : 0.0011
-----
Mode 66, v : 596.3 cm^-1
HRF : 0.0131
-----
Mode 67, v : 600.6 cm^-1
HRF : 0.0093
-----
Mode 68, v : 609.3 cm^-1
HRF : 0.0223
-----
Mode 69, v : 621.3 cm^-1
HRF : 0.0345
-----
Mode 70, v : 623.2 cm^-1
HRF : 0.0425
-----
Mode 71, v : 624.2 cm^-1
HRF : 0.0075
-----
Mode 72, v : 630.8 cm^-1
HRF : 0.0128
-----
Mode 73, v : 635.8 cm^-1
HRF : 0.0008
-----
Mode 74, v : 659.5 cm^-1
HRF : 0.0220
-----
Mode 75, v : 661.1 cm^-1
HRF : 0.0000
-----
Mode 76, v : 670.7 cm^-1
HRF : 0.1937
-----
Mode 77, v : 681.0 cm^-1
HRF : 0.0000
-----
Mode 78, v : 701.0 cm^-1
HRF : 0.0012
-----
Mode 79, v : 715.8 cm^-1
HRF : 0.1530
-----
Mode 80, v : 727.4 cm^-1
HRF : 0.2278
-----
Mode 81, v : 736.6 cm^-1
HRF : 0.0806
-----
Mode 82, v : 745.5 cm^-1
HRF : 0.1486
-----
Mode 83, v : 753.2 cm^-1
HRF : 0.0254
-----
Mode 84, v : 764.4 cm^-1
HRF : 0.0510
-----
Mode 85, v : 781.3 cm^-1
HRF : 0.0000
-----
Mode 86, v : 792.2 cm^-1
HRF : 0.0029
-----
Mode 87, v : 797.6 cm^-1
HRF : 0.0002
-----
Mode 88, v : 798.5 cm^-1
HRF : 0.0000
-----
Mode 89, v : 807.3 cm^-1
HRF : 0.0288
-----
Mode 90, v : 820.1 cm^-1
HRF : 0.0001
-----
Mode 91, v : 856.7 cm^-1
HRF : 0.0233
-----
Mode 92, v : 868.1 cm^-1
HRF : 0.0050
-----
Mode 93, v : 894.7 cm^-1
HRF : 0.1333
-----
Mode 94, v : 909.7 cm^-1
HRF : 0.0088
-----
Mode 95, v : 912.8 cm^-1
HRF : 0.0186
-----
Mode 96, v : 915.8 cm^-1
HRF : 0.0104
-----
Mode 97, v : 930.1 cm^-1
HRF : 0.0037
-----
Mode 98, v : 942.4 cm^-1
HRF : 0.0155
-----
Mode 99, v : 950.1 cm^-1
HRF : 0.0000
-----
Mode 100, v : 959.1 cm^-1
HRF : 0.0502
-----
Mode 101, v : 964.1 cm^-1
HRF : 0.0117
-----
Mode 102, v : 970.2 cm^-1
HRF : 0.0129
-----
Mode 103, v : 980.7 cm^-1
HRF : 0.0052
-----
Mode 104, v : 983.9 cm^-1
HRF : 0.0016
-----
Mode 105, v : 1009.5 cm^-1
HRF : 0.0001
-----
Mode 106, v : 1012.4 cm^-1
HRF : 0.0001
-----
Mode 107, v : 1027.8 cm^-1
HRF : 0.0001
-----
Mode 108, v : 1032.2 cm^-1
HRF : 0.0336
-----
Mode 109, v : 1034.0 cm^-1
HRF : 0.0074
-----
Mode 110, v : 1040.2 cm^-1
HRF : 0.0044
-----
Mode 111, v : 1041.4 cm^-1
HRF : 0.0379
-----
Mode 112, v : 1051.2 cm^-1
HRF : 0.0336
-----
Mode 113, v : 1054.7 cm^-1
HRF : 0.0373
-----
Mode 114, v : 1063.7 cm^-1
HRF : 0.0175
-----
Mode 115, v : 1067.0 cm^-1
HRF : 0.0001
-----
Mode 116, v : 1071.9 cm^-1
HRF : 0.0002
-----
Mode 117, v : 1085.5 cm^-1
HRF : 0.0040
-----
Mode 118, v : 1088.7 cm^-1
HRF : 0.0008
-----
Mode 119, v : 1093.6 cm^-1
HRF : 0.0000
-----
Mode 120, v : 1098.6 cm^-1
HRF : 0.0116
-----
Mode 121, v : 1105.9 cm^-1
HRF : 0.0013
-----
Mode 122, v : 1117.5 cm^-1
HRF : 0.0024
-----
Mode 123, v : 1129.6 cm^-1
HRF : 0.0388
-----
Mode 124, v : 1134.3 cm^-1
HRF : 0.0007
-----
Mode 125, v : 1140.7 cm^-1
HRF : 0.0786
-----
Mode 126, v : 1146.1 cm^-1
HRF : 0.0040
-----
Mode 127, v : 1156.0 cm^-1
HRF : 0.0113
-----
Mode 128, v : 1160.4 cm^-1
HRF : 0.0002
-----
Mode 129, v : 1166.8 cm^-1
HRF : 0.1709
-----
Mode 130, v : 1183.4 cm^-1
HRF : 0.0085
-----
Mode 131, v : 1185.7 cm^-1
HRF : 0.5136
-----
Mode 132, v : 1194.2 cm^-1
HRF : 0.0000
-----
Mode 133, v : 1196.5 cm^-1
HRF : 0.0000
-----
Mode 134, v : 1202.0 cm^-1
HRF : 0.1094
-----
Mode 135, v : 1207.1 cm^-1
HRF : 0.0025
-----
Mode 136, v : 1220.5 cm^-1
HRF : 0.2479
-----
Mode 137, v : 1232.4 cm^-1
HRF : 0.0951
-----
Mode 138, v : 1234.7 cm^-1
HRF : 0.0086
-----
Mode 139, v : 1249.0 cm^-1
HRF : 0.0998
-----
Mode 140, v : 1257.6 cm^-1
HRF : 0.0262
-----
Mode 141, v : 1261.3 cm^-1
HRF : 0.0464
-----
Mode 142, v : 1268.0 cm^-1
HRF : 0.0236
-----
Mode 143, v : 1274.6 cm^-1
HRF : 0.0595
-----
Mode 144, v : 1280.3 cm^-1
HRF : 0.0843
-----
Mode 145, v : 1285.6 cm^-1
HRF : 0.0469
-----
Mode 146, v : 1311.1 cm^-1
HRF : 0.0352
-----
Mode 147, v : 1314.3 cm^-1
HRF : 0.0069
-----
Mode 148, v : 1321.5 cm^-1
HRF : 0.0048
-----
Mode 149, v : 1323.7 cm^-1
HRF : 0.2941
-----
Mode 150, v : 1333.8 cm^-1
HRF : 0.0806
-----
Mode 151, v : 1336.1 cm^-1
HRF : 0.0010
-----
Mode 152, v : 1339.4 cm^-1
HRF : 0.0035
-----
Mode 153, v : 1344.2 cm^-1
HRF : 0.0048
-----
Mode 154, v : 1355.9 cm^-1
HRF : 0.1112
-----
Mode 155, v : 1361.7 cm^-1
HRF : 0.1437
-----
Mode 156, v : 1379.6 cm^-1
HRF : 0.0007
-----
Mode 157, v : 1383.8 cm^-1
HRF : 0.0001
-----
Mode 158, v : 1384.2 cm^-1
HRF : 0.0012
-----
Mode 159, v : 1385.0 cm^-1
HRF : 0.0000
-----
Mode 160, v : 1396.5 cm^-1
HRF : 0.0001
-----
Mode 161, v : 1396.8 cm^-1
HRF : 0.0000
-----
Mode 162, v : 1399.5 cm^-1
HRF : 0.0037
-----
Mode 163, v : 1409.0 cm^-1
HRF : 0.0000
-----
Mode 164, v : 1436.8 cm^-1
HRF : 0.0030
-----
Mode 165, v : 1442.0 cm^-1
HRF : 0.0001
-----
Mode 166, v : 1444.0 cm^-1
HRF : 0.0000
-----
Mode 167, v : 1450.4 cm^-1
HRF : 0.0033
-----
Mode 168, v : 1451.0 cm^-1
HRF : 0.0053
-----
Mode 169, v : 1452.9 cm^-1
HRF : 0.0006
-----
Mode 170, v : 1454.9 cm^-1
HRF : 0.0000
-----
Mode 171, v : 1456.0 cm^-1
HRF : 0.0033
-----
Mode 172, v : 1463.7 cm^-1
HRF : 0.0063
-----
Mode 173, v : 1464.1 cm^-1
HRF : 0.0003
-----
Mode 174, v : 1464.6 cm^-1
HRF : 0.0000
-----
Mode 175, v : 1466.0 cm^-1
HRF : 0.0041
-----
Mode 176, v : 1473.4 cm^-1
HRF : 0.0000
-----
Mode 177, v : 1473.4 cm^-1
HRF : 0.0001
-----
Mode 178, v : 1474.7 cm^-1
HRF : 0.0004
-----
Mode 179, v : 1475.4 cm^-1
HRF : 0.0001
-----
Mode 180, v : 1478.0 cm^-1
HRF : 0.0060
-----
Mode 181, v : 1478.8 cm^-1
HRF : 0.0000
-----
Mode 182, v : 1479.2 cm^-1
HRF : 0.0000
-----
Mode 183, v : 1479.5 cm^-1
HRF : 0.0000
-----
Mode 184, v : 1482.8 cm^-1
HRF : 0.0001
-----
Mode 185, v : 1488.8 cm^-1
HRF : 0.0170
-----
Mode 186, v : 1509.4 cm^-1
HRF : 0.0024
-----
Mode 187, v : 1524.0 cm^-1
HRF : 0.0138
-----
Mode 188, v : 1538.3 cm^-1
HRF : 0.2868
-----
Mode 189, v : 1563.4 cm^-1
HRF : 0.0225
-----
Mode 190, v : 1576.3 cm^-1
HRF : 0.0070
-----
Mode 191, v : 1605.4 cm^-1
HRF : 0.0081
-----
Mode 192, v : 1724.4 cm^-1
HRF : 0.0067
-----
Mode 193, v : 1774.4 cm^-1
HRF : 0.0073
-----
Mode 194, v : 1797.6 cm^-1
HRF : 0.0198
-----
Mode 195, v : 2993.4 cm^-1
HRF : 0.0000
-----
Mode 196, v : 2996.7 cm^-1
HRF : 0.0000
-----
Mode 197, v : 3000.9 cm^-1
HRF : 0.0000
-----
Mode 198, v : 3005.7 cm^-1
HRF : 0.0000
-----
Mode 199, v : 3007.5 cm^-1
HRF : 0.0000
-----
Mode 200, v : 3012.2 cm^-1
HRF : 0.0001
-----
Mode 201, v : 3013.3 cm^-1
HRF : 0.0000
-----
Mode 202, v : 3018.4 cm^-1
HRF : 0.0010
-----
Mode 203, v : 3019.9 cm^-1
HRF : 0.0000
-----
Mode 204, v : 3022.0 cm^-1
HRF : 0.0000
-----
Mode 205, v : 3022.5 cm^-1
HRF : 0.0001
-----
Mode 206, v : 3029.4 cm^-1
HRF : 0.0001
-----
Mode 207, v : 3030.7 cm^-1
HRF : 0.0000
-----
Mode 208, v : 3031.5 cm^-1
HRF : 0.0000
-----
Mode 209, v : 3032.5 cm^-1
HRF : 0.0000
-----
Mode 210, v : 3038.8 cm^-1
HRF : 0.0000
-----
Mode 211, v : 3047.5 cm^-1
HRF : 0.0000
-----
Mode 212, v : 3050.4 cm^-1
HRF : 0.0000
-----
Mode 213, v : 3062.6 cm^-1
HRF : 0.0000
-----
Mode 214, v : 3066.5 cm^-1
HRF : 0.0000
-----
Mode 215, v : 3070.4 cm^-1
HRF : 0.0000
-----
Mode 216, v : 3074.7 cm^-1
HRF : 0.0000
-----
Mode 217, v : 3076.8 cm^-1
HRF : 0.0000
-----
Mode 218, v : 3079.3 cm^-1
HRF : 0.0000
-----
Mode 219, v : 3080.5 cm^-1
HRF : 0.0000
-----
Mode 220, v : 3080.8 cm^-1
HRF : 0.0000
-----
Mode 221, v : 3082.5 cm^-1
HRF : 0.0000
-----
Mode 222, v : 3082.8 cm^-1
HRF : 0.0000
-----
Mode 223, v : 3085.3 cm^-1
HRF : 0.0000
-----
Mode 224, v : 3085.7 cm^-1
HRF : 0.0000
-----
Mode 225, v : 3087.9 cm^-1
HRF : 0.0000
-----
Mode 226, v : 3097.1 cm^-1
HRF : 0.0000
-----
Mode 227, v : 3097.6 cm^-1
HRF : 0.0000
-----
Mode 228, v : 3098.6 cm^-1
HRF : 0.0000
-----
Mode 229, v : 3103.4 cm^-1
HRF : 0.0000
-----
Mode 230, v : 3129.7 cm^-1
HRF : 0.0000
-----

real	49m31.443s
user	200m33.013s
sys	75m19.531s
