
================================================================================
          _____________ ________ _______________ ________     _________         
         / ___________// ______ \\_____   _____// ______ \   / ________)        
        / /_________  / /      \ \     | |     / /      \ \ | (_______          
       |  __________|| |        | |    | |    | |        | | \________ \        
        \ \_________ | |        | |    | |     \ \______/ /___________) |       
         \__________||_|        |_|    |_|      \________//____________/        
                                                                                
====================================[ Qcore ]===================================

 Git describe: 2.3.0-166-g4178ddb
 Compiler:     GNU 9.1.0
 Build type:   Release
 Version:      2.3.0-166-g4178ddb

 Start time:   Tue Jan 25 14:50:30 2022

 Data directory: /user/home/of15641/.local/src/Qcore/release/share/entos/qcore/data
 Number of threads: 24
 Number of threads was determined by: number of physical cores

 --------------------------------------------------------------------------------
                                 command: hessian                                
 --------------------------------------------------------------------------------

 -------------------------------
  Numerical Geometrical Hessian 
 -------------------------------

 Compute hessian using two-point central differentiation.
 Step size (bohr):                       0.0100

 Frequencies (including translational and rotational modes):
 mode    frequency (cm-1)
    0              280.02 i (imaginary)
    1              199.69 i (imaginary)
    2              187.86 i (imaginary)
    3              118.62 i (imaginary)
    4              117.04 i (imaginary)
    5              116.08 i (imaginary)
    6              105.68 i (imaginary)
    7              101.01 i (imaginary)
    8               77.78 i (imaginary)
    9               54.47 i (imaginary)
   10               51.33 i (imaginary)
   11               48.81 i (imaginary)
   12               39.95 i (imaginary)
   13               23.84 i (imaginary)
   14               20.21 i (imaginary)
   15               18.18 i (imaginary)
   16               17.08 i (imaginary)
   17                9.08 i (imaginary)
   18                7.50 i (imaginary)
   19                2.57 i (imaginary)
   20                1.43 i (imaginary)
   21                0.91 i (imaginary)
   22               13.34
   23               16.84
   24               21.42
   25               22.86
   26               28.69
   27               32.99
   28               39.39
   29               42.66
   30               48.13
   31               56.43
   32               57.41
   33               64.71
   34               67.60
   35               69.91
   36               78.79
   37               87.41
   38               89.86
   39               91.60
   40               95.05
   41              102.79
   42              109.26
   43              114.82
   44              118.73
   45              121.98
   46              132.57
   47              134.08
   48              138.37
   49              139.71
   50              142.19
   51              147.99
   52              159.79
   53              163.69
   54              167.79
   55              169.44
   56              171.04
   57              179.83
   58              186.97
   59              189.91
   60              192.03
   61              194.48
   62              201.86
   63              204.56
   64              206.96
   65              209.23
   66              216.55
   67              217.12
   68              224.44
   69              227.96
   70              228.45
   71              231.08
   72              237.44
   73              240.10
   74              247.09
   75              248.04
   76              253.44
   77              256.23
   78              264.14
   79              268.06
   80              269.26
   81              271.60
   82              282.54
   83              293.53
   84              294.42
   85              299.13
   86              305.25
   87              325.90
   88              329.08
   89              335.40
   90              341.91
   91              347.89
   92              355.65
   93              356.52
   94              360.23
   95              367.91
   96              370.71
   97              375.34
   98              376.29
   99              395.90
  100              398.48
  101              401.24
  102              405.18
  103              419.04
  104              433.54
  105              435.68
  106              451.97
  107              454.69
  108              460.08
  109              471.23
  110              472.43
  111              489.18
  112              499.83
  113              507.40
  114              525.94
  115              529.79
  116              540.28
  117              543.02
  118              548.19
  119              560.14
  120              569.15
  121              572.82
  122              587.89
  123              593.55
  124              604.62
  125              615.14
  126              617.70
  127              633.38
  128              643.46
  129              645.26
  130              650.36
  131              659.83
  132              674.50
  133              678.39
  134              689.90
  135              692.30
  136              702.34
  137              705.22
  138              706.95
  139              710.72
  140              714.07
  141              729.45
  142              751.23
  143              759.38
  144              764.76
  145              767.99
  146              772.82
  147              780.44
  148              799.37
  149              802.13
  150              811.77
  151              812.53
  152              823.13
  153              831.24
  154              838.45
  155              839.93
  156              840.25
  157              850.02
  158              853.10
  159              857.32
  160              857.87
  161              860.31
  162              884.15
  163              889.14
  164              893.77
  165              898.23
  166              903.88
  167              907.58
  168              918.30
  169              921.06
  170              923.78
  171              927.12
  172              928.87
  173              933.27
  174              940.88
  175              944.38
  176              952.19
  177              957.73
  178              957.93
  179              965.57
  180              970.25
  181              972.60
  182              974.08
  183              981.99
  184              986.66
  185              989.28
  186              993.26
  187              995.94
  188              997.02
  189             1001.21
  190             1004.74
  191             1006.34
  192             1009.07
  193             1012.26
  194             1019.22
  195             1020.37
  196             1028.08
  197             1030.22
  198             1030.82
  199             1037.65
  200             1046.00
  201             1047.54
  202             1051.20
  203             1058.60
  204             1059.35
  205             1064.94
  206             1071.99
  207             1073.00
  208             1080.08
  209             1080.37
  210             1085.08
  211             1091.87
  212             1093.06
  213             1098.89
  214             1100.75
  215             1101.82
  216             1110.03
  217             1115.96
  218             1129.65
  219             1130.71
  220             1131.17
  221             1135.47
  222             1137.31
  223             1143.64
  224             1149.92
  225             1150.16
  226             1152.97
  227             1160.44
  228             1172.64
  229             1173.58
  230             1177.17
  231             1179.03
  232             1187.10
  233             1188.67
  234             1189.52
  235             1193.31
  236             1197.42
  237             1200.47
  238             1201.82
  239             1212.52
  240             1216.03
  241             1220.96
  242             1223.70
  243             1229.85
  244             1235.52
  245             1238.20
  246             1239.94
  247             1241.24
  248             1245.56
  249             1247.49
  250             1249.42
  251             1252.32
  252             1257.18
  253             1261.72
  254             1265.40
  255             1273.19
  256             1274.82
  257             1281.50
  258             1284.61
  259             1285.67
  260             1293.32
  261             1295.82
  262             1297.29
  263             1297.74
  264             1304.31
  265             1305.00
  266             1306.53
  267             1307.26
  268             1311.13
  269             1316.04
  270             1316.37
  271             1321.26
  272             1325.18
  273             1326.90
  274             1334.47
  275             1335.63
  276             1336.64
  277             1341.86
  278             1342.73
  279             1348.97
  280             1349.44
  281             1351.54
  282             1353.60
  283             1356.27
  284             1356.80
  285             1359.51
  286             1359.74
  287             1366.49
  288             1367.74
  289             1369.01
  290             1374.27
  291             1380.01
  292             1383.49
  293             1390.41
  294             1390.77
  295             1391.11
  296             1391.49
  297             1393.88
  298             1400.79
  299             1403.72
  300             1413.57
  301             1420.38
  302             1424.00
  303             1428.51
  304             1432.06
  305             1432.35
  306             1435.19
  307             1444.60
  308             1447.91
  309             1448.84
  310             1449.68
  311             1450.02
  312             1455.10
  313             1457.32
  314             1457.68
  315             1458.12
  316             1461.16
  317             1463.56
  318             1470.07
  319             1476.63
  320             1476.91
  321             1477.67
  322             1479.15
  323             1479.88
  324             1480.19
  325             1491.60
  326             1493.22
  327             1495.75
  328             1496.14
  329             1499.56
  330             1499.77
  331             1502.38
  332             1502.83
  333             1517.60
  334             1519.44
  335             1520.79
  336             1522.81
  337             1539.80
  338             1553.93
  339             1594.84
  340             1649.26
  341             1650.80
  342             1694.78
  343             1721.84
  344             1772.02
  345             1793.64
  346             3011.87
  347             3014.85
  348             3017.40
  349             3020.73
  350             3022.74
  351             3023.86
  352             3025.71
  353             3028.42
  354             3030.78
  355             3032.31
  356             3032.86
  357             3033.59
  358             3034.78
  359             3035.79
  360             3036.33
  361             3037.97
  362             3038.94
  363             3042.22
  364             3042.99
  365             3043.62
  366             3045.89
  367             3047.14
  368             3048.13
  369             3049.65
  370             3050.23
  371             3052.59
  372             3052.73
  373             3053.31
  374             3054.75
  375             3055.04
  376             3055.57
  377             3055.93
  378             3056.84
  379             3057.28
  380             3058.82
  381             3061.43
  382             3062.27
  383             3062.78
  384             3063.83
  385             3065.82
  386             3065.93
  387             3066.41
  388             3066.51
  389             3067.55
  390             3068.49
  391             3068.65
  392             3071.05
  393             3072.17
  394             3072.53
  395             3072.65
  396             3073.26
  397             3073.64
  398             3074.79
  399             3075.94
  400             3076.71
  401             3078.62
  402             3080.26
  403             3081.19
  404             3082.26
  405             3084.64
  406             3086.13
  407             3087.37
  408             3088.31
  409             3089.97
  410             3092.20
  411             3093.08
  412             3093.56
  413             3095.08
  414             3097.15
  415             3098.56
  416             3099.31
  417             3100.44
  418             3103.43
  419             3117.47

 Project out translational and rotational motions 

 Degrees of freedom for translational and rotational motions: 6

 Vibrational frequencies:
 mode    frequency (cm-1)
    0              279.93 i (imaginary)
    1              199.46 i (imaginary)
    2              187.80 i (imaginary)
    3              118.53 i (imaginary)
    4              116.88 i (imaginary)
    5              115.07 i (imaginary)
    6              105.12 i (imaginary)
    7              100.46 i (imaginary)
    8               76.75 i (imaginary)
    9               54.40 i (imaginary)
   10               50.70 i (imaginary)
   11               48.53 i (imaginary)
   12               38.78 i (imaginary)
   13               22.74 i (imaginary)
   14               19.88 i (imaginary)
   15               16.70 i (imaginary)
   16               14.37 i (imaginary)
   17                1.83
   18               14.74
   19               20.56
   20               28.35
   21               32.71
   22               38.85
   23               41.98
   24               47.75
   25               56.40
   26               56.97
   27               64.21
   28               66.26
   29               69.86
   30               78.72
   31               87.28
   32               88.84
   33               91.56
   34               94.92
   35              102.78
   36              109.17
   37              114.80
   38              118.37
   39              121.95
   40              132.55
   41              134.03
   42              138.35
   43              139.70
   44              142.14
   45              147.94
   46              159.75
   47              163.67
   48              167.76
   49              169.42
   50              171.02
   51              179.73
   52              186.74
   53              189.90
   54              192.02
   55              194.37
   56              201.86
   57              204.53
   58              206.91
   59              209.22
   60              216.47
   61              217.08
   62              224.44
   63              227.90
   64              228.42
   65              231.07
   66              237.40
   67              240.08
   68              247.09
   69              248.03
   70              253.43
   71              256.22
   72              264.14
   73              268.03
   74              269.25
   75              271.59
   76              282.54
   77              293.51
   78              294.41
   79              299.13
   80              305.24
   81              325.90
   82              329.08
   83              335.37
   84              341.90
   85              347.89
   86              355.64
   87              356.52
   88              360.22
   89              367.91
   90              370.70
   91              375.34
   92              376.29
   93              395.88
   94              398.47
   95              401.23
   96              405.18
   97              419.04
   98              433.52
   99              435.68
  100              451.97
  101              454.68
  102              460.08
  103              471.23
  104              472.43
  105              489.17
  106              499.83
  107              507.39
  108              525.94
  109              529.78
  110              540.28
  111              543.01
  112              548.19
  113              560.13
  114              569.15
  115              572.82
  116              587.89
  117              593.54
  118              604.61
  119              615.13
  120              617.70
  121              633.37
  122              643.45
  123              645.25
  124              650.35
  125              659.83
  126              674.49
  127              678.39
  128              689.90
  129              692.30
  130              702.34
  131              705.22
  132              706.95
  133              710.72
  134              714.07
  135              729.44
  136              751.22
  137              759.38
  138              764.76
  139              767.99
  140              772.81
  141              780.44
  142              799.37
  143              802.13
  144              811.77
  145              812.53
  146              823.13
  147              831.24
  148              838.45
  149              839.93
  150              840.25
  151              850.02
  152              853.10
  153              857.31
  154              857.86
  155              860.31
  156              884.14
  157              889.14
  158              893.77
  159              898.23
  160              903.88
  161              907.58
  162              918.30
  163              921.06
  164              923.78
  165              927.12
  166              928.87
  167              933.27
  168              940.88
  169              944.38
  170              952.19
  171              957.73
  172              957.93
  173              965.57
  174              970.25
  175              972.60
  176              974.08
  177              981.99
  178              986.66
  179              989.28
  180              993.26
  181              995.94
  182              997.02
  183             1001.21
  184             1004.74
  185             1006.33
  186             1009.07
  187             1012.26
  188             1019.22
  189             1020.37
  190             1028.08
  191             1030.22
  192             1030.82
  193             1037.65
  194             1046.00
  195             1047.54
  196             1051.20
  197             1058.60
  198             1059.35
  199             1064.94
  200             1071.99
  201             1073.00
  202             1080.08
  203             1080.37
  204             1085.08
  205             1091.87
  206             1093.06
  207             1098.89
  208             1100.75
  209             1101.82
  210             1110.03
  211             1115.96
  212             1129.65
  213             1130.71
  214             1131.17
  215             1135.47
  216             1137.31
  217             1143.64
  218             1149.91
  219             1150.16
  220             1152.97
  221             1160.44
  222             1172.64
  223             1173.58
  224             1177.17
  225             1179.03
  226             1187.10
  227             1188.67
  228             1189.52
  229             1193.31
  230             1197.42
  231             1200.47
  232             1201.82
  233             1212.52
  234             1216.03
  235             1220.96
  236             1223.70
  237             1229.85
  238             1235.52
  239             1238.20
  240             1239.94
  241             1241.24
  242             1245.56
  243             1247.49
  244             1249.42
  245             1252.32
  246             1257.18
  247             1261.72
  248             1265.40
  249             1273.19
  250             1274.82
  251             1281.50
  252             1284.61
  253             1285.67
  254             1293.32
  255             1295.82
  256             1297.29
  257             1297.74
  258             1304.31
  259             1305.00
  260             1306.53
  261             1307.26
  262             1311.13
  263             1316.04
  264             1316.37
  265             1321.26
  266             1325.18
  267             1326.90
  268             1334.47
  269             1335.63
  270             1336.64
  271             1341.86
  272             1342.73
  273             1348.97
  274             1349.44
  275             1351.54
  276             1353.60
  277             1356.27
  278             1356.80
  279             1359.51
  280             1359.74
  281             1366.49
  282             1367.74
  283             1369.01
  284             1374.27
  285             1380.01
  286             1383.49
  287             1390.41
  288             1390.76
  289             1391.11
  290             1391.49
  291             1393.88
  292             1400.79
  293             1403.72
  294             1413.57
  295             1420.38
  296             1424.00
  297             1428.51
  298             1432.06
  299             1432.35
  300             1435.19
  301             1444.60
  302             1447.91
  303             1448.84
  304             1449.68
  305             1450.02
  306             1455.10
  307             1457.32
  308             1457.68
  309             1458.12
  310             1461.16
  311             1463.56
  312             1470.07
  313             1476.63
  314             1476.91
  315             1477.67
  316             1479.15
  317             1479.88
  318             1480.19
  319             1491.60
  320             1493.22
  321             1495.75
  322             1496.14
  323             1499.56
  324             1499.77
  325             1502.38
  326             1502.83
  327             1517.60
  328             1519.44
  329             1520.79
  330             1522.81
  331             1539.80
  332             1553.93
  333             1594.84
  334             1649.26
  335             1650.80
  336             1694.78
  337             1721.84
  338             1772.02
  339             1793.64
  340             3011.87
  341             3014.85
  342             3017.40
  343             3020.73
  344             3022.74
  345             3023.86
  346             3025.71
  347             3028.42
  348             3030.78
  349             3032.31
  350             3032.86
  351             3033.59
  352             3034.78
  353             3035.79
  354             3036.33
  355             3037.97
  356             3038.94
  357             3042.22
  358             3042.99
  359             3043.62
  360             3045.89
  361             3047.14
  362             3048.13
  363             3049.65
  364             3050.23
  365             3052.59
  366             3052.73
  367             3053.31
  368             3054.75
  369             3055.04
  370             3055.57
  371             3055.93
  372             3056.84
  373             3057.28
  374             3058.82
  375             3061.43
  376             3062.27
  377             3062.78
  378             3063.83
  379             3065.82
  380             3065.93
  381             3066.41
  382             3066.51
  383             3067.55
  384             3068.49
  385             3068.65
  386             3071.05
  387             3072.17
  388             3072.53
  389             3072.65
  390             3073.26
  391             3073.64
  392             3074.79
  393             3075.94
  394             3076.71
  395             3078.62
  396             3080.26
  397             3081.19
  398             3082.26
  399             3084.64
  400             3086.13
  401             3087.37
  402             3088.31
  403             3089.97
  404             3092.20
  405             3093.08
  406             3093.56
  407             3095.08
  408             3097.15
  409             3098.56
  410             3099.31
  411             3100.44
  412             3103.43
  413             3117.47
 Saving results in set 'hess'

 --------------------------------------------------------------------------------

 End time:                               Tue Jan 25 14:50:54 2022
 Total wall-clock time:                 23.486 seconds
==================================================================================
