
================================================================================
          _____________ ________ _______________ ________     _________         
         / ___________// ______ \\_____   _____// ______ \   / ________)        
        / /_________  / /      \ \     | |     / /      \ \ | (_______          
       |  __________|| |        | |    | |    | |        | | \________ \        
        \ \_________ | |        | |    | |     \ \______/ /___________) |       
         \__________||_|        |_|    |_|      \________//____________/        
                                                                                
====================================[ Qcore ]===================================

 Git describe: 2.3.0-166-g4178ddb
 Compiler:     GNU 9.1.0
 Build type:   Release
 Version:      2.3.0-166-g4178ddb

 Start time:   Tue Jan 25 14:51:01 2022

 Data directory: /user/home/of15641/.local/src/Qcore/release/share/entos/qcore/data
 Number of threads: 24
 Number of threads was determined by: number of physical cores

 --------------------------------------------------------------------------------
                                 command: hessian                                
 --------------------------------------------------------------------------------

 -------------------------------
  Numerical Geometrical Hessian 
 -------------------------------

 Compute hessian using two-point central differentiation.
 Step size (bohr):                       0.0100

 Frequencies (including translational and rotational modes):
 mode    frequency (cm-1)
    0              265.54 i (imaginary)
    1              227.05 i (imaginary)
    2              206.19 i (imaginary)
    3              189.83 i (imaginary)
    4              168.10 i (imaginary)
    5              122.37 i (imaginary)
    6              104.45 i (imaginary)
    7              101.72 i (imaginary)
    8               78.27 i (imaginary)
    9               34.96 i (imaginary)
   10               28.40 i (imaginary)
   11               20.31 i (imaginary)
   12               18.72 i (imaginary)
   13               17.83 i (imaginary)
   14                5.36 i (imaginary)
   15                0.50 i (imaginary)
   16                0.26 i (imaginary)
   17                4.54
   18                8.22
   19               13.15
   20               18.32
   21               23.16
   22               27.73
   23               28.96
   24               37.83
   25               39.94
   26               45.92
   27               51.07
   28               56.59
   29               63.95
   30               68.00
   31               72.54
   32               78.52
   33               80.39
   34               81.01
   35               83.52
   36               95.30
   37               97.09
   38              101.42
   39              103.54
   40              106.96
   41              110.63
   42              112.37
   43              113.51
   44              117.69
   45              127.96
   46              135.83
   47              137.68
   48              141.78
   49              142.79
   50              148.35
   51              152.84
   52              156.58
   53              158.94
   54              160.70
   55              165.45
   56              170.76
   57              174.53
   58              176.41
   59              182.96
   60              187.95
   61              190.17
   62              193.25
   63              205.12
   64              211.05
   65              213.16
   66              215.19
   67              218.73
   68              223.12
   69              227.30
   70              230.01
   71              241.59
   72              244.06
   73              244.44
   74              248.93
   75              256.53
   76              257.91
   77              262.26
   78              268.81
   79              274.28
   80              279.29
   81              281.16
   82              284.36
   83              293.97
   84              296.89
   85              299.85
   86              303.31
   87              313.76
   88              328.03
   89              329.57
   90              331.37
   91              341.34
   92              350.60
   93              356.21
   94              357.41
   95              364.34
   96              374.96
   97              385.94
   98              390.47
   99              392.43
  100              394.78
  101              399.30
  102              418.70
  103              423.90
  104              438.35
  105              448.34
  106              450.49
  107              457.59
  108              466.51
  109              477.70
  110              479.71
  111              490.34
  112              497.41
  113              508.11
  114              523.58
  115              533.93
  116              538.76
  117              547.57
  118              553.15
  119              560.33
  120              567.54
  121              574.23
  122              581.46
  123              588.48
  124              599.91
  125              620.36
  126              623.37
  127              629.81
  128              644.20
  129              646.38
  130              648.43
  131              655.28
  132              660.35
  133              666.14
  134              679.80
  135              683.76
  136              689.44
  137              709.46
  138              714.97
  139              719.98
  140              722.05
  141              725.95
  142              733.85
  143              746.60
  144              749.97
  145              752.80
  146              767.89
  147              771.61
  148              793.14
  149              801.30
  150              806.57
  151              812.72
  152              817.89
  153              820.60
  154              824.07
  155              831.11
  156              840.62
  157              846.76
  158              848.74
  159              849.44
  160              850.67
  161              860.86
  162              864.65
  163              883.03
  164              885.34
  165              887.73
  166              887.98
  167              906.32
  168              906.64
  169              913.33
  170              926.22
  171              927.58
  172              928.44
  173              931.45
  174              942.55
  175              944.21
  176              946.83
  177              954.45
  178              956.18
  179              957.43
  180              969.24
  181              971.06
  182              971.46
  183              976.43
  184              979.12
  185              984.30
  186              988.25
  187              992.62
  188              993.43
  189             1002.78
  190             1006.45
  191             1007.05
  192             1007.76
  193             1015.63
  194             1020.99
  195             1024.90
  196             1025.24
  197             1026.84
  198             1029.12
  199             1036.43
  200             1037.49
  201             1041.54
  202             1046.42
  203             1048.65
  204             1058.67
  205             1062.83
  206             1064.39
  207             1068.65
  208             1081.45
  209             1085.03
  210             1089.22
  211             1097.29
  212             1097.64
  213             1099.07
  214             1101.82
  215             1113.81
  216             1115.88
  217             1120.45
  218             1123.94
  219             1126.14
  220             1127.76
  221             1135.51
  222             1136.03
  223             1140.60
  224             1146.48
  225             1157.37
  226             1158.90
  227             1161.54
  228             1162.72
  229             1167.31
  230             1169.03
  231             1172.34
  232             1175.69
  233             1181.76
  234             1184.83
  235             1185.64
  236             1192.71
  237             1196.08
  238             1200.10
  239             1201.85
  240             1210.51
  241             1215.52
  242             1216.86
  243             1224.89
  244             1231.47
  245             1234.53
  246             1237.82
  247             1245.17
  248             1247.18
  249             1248.91
  250             1251.90
  251             1253.04
  252             1253.88
  253             1257.02
  254             1258.90
  255             1259.56
  256             1272.28
  257             1278.45
  258             1284.56
  259             1285.17
  260             1288.89
  261             1291.57
  262             1292.33
  263             1295.43
  264             1296.95
  265             1298.86
  266             1305.30
  267             1309.50
  268             1313.81
  269             1315.74
  270             1317.08
  271             1321.95
  272             1322.09
  273             1330.33
  274             1333.22
  275             1334.69
  276             1336.07
  277             1336.58
  278             1337.72
  279             1343.96
  280             1344.37
  281             1348.51
  282             1352.17
  283             1357.29
  284             1358.19
  285             1362.89
  286             1372.46
  287             1377.21
  288             1378.76
  289             1381.54
  290             1384.33
  291             1385.71
  292             1399.01
  293             1399.39
  294             1399.51
  295             1406.51
  296             1416.30
  297             1420.23
  298             1420.38
  299             1421.56
  300             1421.76
  301             1423.33
  302             1424.68
  303             1425.45
  304             1425.68
  305             1427.06
  306             1430.03
  307             1438.37
  308             1443.05
  309             1444.89
  310             1448.61
  311             1449.26
  312             1450.67
  313             1455.51
  314             1455.90
  315             1458.09
  316             1461.81
  317             1462.82
  318             1465.84
  319             1466.11
  320             1467.30
  321             1468.24
  322             1469.66
  323             1474.86
  324             1476.16
  325             1477.72
  326             1491.22
  327             1498.12
  328             1498.19
  329             1500.48
  330             1504.46
  331             1505.29
  332             1509.16
  333             1523.35
  334             1524.88
  335             1525.60
  336             1531.23
  337             1542.05
  338             1543.53
  339             1571.80
  340             1635.86
  341             1663.36
  342             1670.81
  343             1673.65
  344             1685.65
  345             1726.44
  346             3012.59
  347             3015.06
  348             3017.77
  349             3018.38
  350             3020.10
  351             3023.25
  352             3027.41
  353             3030.05
  354             3034.36
  355             3035.72
  356             3036.57
  357             3037.52
  358             3037.78
  359             3038.67
  360             3040.04
  361             3040.41
  362             3041.26
  363             3042.53
  364             3042.87
  365             3044.07
  366             3044.47
  367             3046.63
  368             3047.98
  369             3048.58
  370             3049.67
  371             3049.93
  372             3050.63
  373             3051.45
  374             3052.82
  375             3054.36
  376             3054.98
  377             3055.66
  378             3057.46
  379             3057.89
  380             3058.70
  381             3060.27
  382             3062.84
  383             3064.08
  384             3064.58
  385             3064.93
  386             3067.94
  387             3068.54
  388             3069.45
  389             3070.35
  390             3070.87
  391             3070.91
  392             3072.12
  393             3072.22
  394             3072.38
  395             3073.00
  396             3073.66
  397             3073.68
  398             3074.50
  399             3074.62
  400             3077.60
  401             3079.39
  402             3080.39
  403             3081.99
  404             3084.54
  405             3085.59
  406             3085.76
  407             3088.88
  408             3090.24
  409             3092.07
  410             3092.22
  411             3092.41
  412             3092.49
  413             3093.38
  414             3094.46
  415             3097.77
  416             3099.74
  417             3100.79
  418             3102.33
  419             3107.87

 Project out translational and rotational motions 

 Degrees of freedom for translational and rotational motions: 6

 Vibrational frequencies:
 mode    frequency (cm-1)
    0              265.43 i (imaginary)
    1              226.96 i (imaginary)
    2              206.16 i (imaginary)
    3              189.81 i (imaginary)
    4              168.08 i (imaginary)
    5              122.17 i (imaginary)
    6              104.26 i (imaginary)
    7              101.52 i (imaginary)
    8               78.23 i (imaginary)
    9               33.53 i (imaginary)
   10               27.63 i (imaginary)
   11               18.99 i (imaginary)
   12               17.06 i (imaginary)
   13                9.32
   14               16.89
   15               17.62
   16               23.83
   17               26.81
   18               37.31
   19               39.72
   20               45.30
   21               50.10
   22               56.40
   23               63.85
   24               67.92
   25               72.46
   26               78.22
   27               80.35
   28               80.85
   29               83.34
   30               95.27
   31               96.92
   32              101.32
   33              103.49
   34              106.93
   35              110.37
   36              112.32
   37              113.49
   38              117.64
   39              127.93
   40              135.78
   41              137.67
   42              141.77
   43              142.60
   44              148.34
   45              152.74
   46              156.56
   47              158.93
   48              160.68
   49              165.41
   50              170.76
   51              174.50
   52              176.41
   53              182.92
   54              187.91
   55              190.16
   56              193.21
   57              205.10
   58              210.90
   59              213.15
   60              215.17
   61              218.70
   62              223.12
   63              227.30
   64              229.99
   65              241.56
   66              244.04
   67              244.43
   68              248.92
   69              256.53
   70              257.91
   71              262.24
   72              268.81
   73              274.27
   74              279.29
   75              281.16
   76              284.35
   77              293.97
   78              296.87
   79              299.85
   80              303.28
   81              313.76
   82              328.03
   83              329.57
   84              331.36
   85              341.34
   86              350.60
   87              356.20
   88              357.41
   89              364.33
   90              374.96
   91              385.94
   92              390.47
   93              392.42
   94              394.76
   95              399.30
   96              418.69
   97              423.89
   98              438.34
   99              448.33
  100              450.49
  101              457.59
  102              466.51
  103              477.70
  104              479.71
  105              490.34
  106              497.40
  107              508.11
  108              523.58
  109              533.93
  110              538.75
  111              547.56
  112              553.15
  113              560.33
  114              567.54
  115              574.22
  116              581.45
  117              588.48
  118              599.90
  119              620.36
  120              623.36
  121              629.80
  122              644.20
  123              646.38
  124              648.43
  125              655.28
  126              660.34
  127              666.14
  128              679.80
  129              683.76
  130              689.44
  131              709.46
  132              714.97
  133              719.98
  134              722.05
  135              725.95
  136              733.85
  137              746.59
  138              749.97
  139              752.80
  140              767.89
  141              771.61
  142              793.14
  143              801.30
  144              806.56
  145              812.72
  146              817.89
  147              820.60
  148              824.07
  149              831.11
  150              840.62
  151              846.76
  152              848.74
  153              849.44
  154              850.67
  155              860.86
  156              864.65
  157              883.02
  158              885.34
  159              887.73
  160              887.98
  161              906.32
  162              906.64
  163              913.33
  164              926.22
  165              927.58
  166              928.44
  167              931.45
  168              942.55
  169              944.21
  170              946.83
  171              954.45
  172              956.18
  173              957.43
  174              969.23
  175              971.06
  176              971.46
  177              976.43
  178              979.12
  179              984.30
  180              988.25
  181              992.62
  182              993.43
  183             1002.78
  184             1006.45
  185             1007.05
  186             1007.76
  187             1015.63
  188             1020.99
  189             1024.90
  190             1025.24
  191             1026.84
  192             1029.12
  193             1036.43
  194             1037.49
  195             1041.54
  196             1046.42
  197             1048.65
  198             1058.67
  199             1062.83
  200             1064.38
  201             1068.65
  202             1081.45
  203             1085.03
  204             1089.22
  205             1097.29
  206             1097.64
  207             1099.07
  208             1101.82
  209             1113.81
  210             1115.88
  211             1120.45
  212             1123.94
  213             1126.14
  214             1127.76
  215             1135.51
  216             1136.03
  217             1140.60
  218             1146.48
  219             1157.37
  220             1158.90
  221             1161.54
  222             1162.72
  223             1167.31
  224             1169.03
  225             1172.34
  226             1175.69
  227             1181.76
  228             1184.83
  229             1185.64
  230             1192.71
  231             1196.08
  232             1200.10
  233             1201.85
  234             1210.51
  235             1215.52
  236             1216.86
  237             1224.89
  238             1231.47
  239             1234.53
  240             1237.82
  241             1245.17
  242             1247.18
  243             1248.91
  244             1251.90
  245             1253.04
  246             1253.88
  247             1257.02
  248             1258.90
  249             1259.56
  250             1272.27
  251             1278.45
  252             1284.56
  253             1285.17
  254             1288.89
  255             1291.57
  256             1292.33
  257             1295.43
  258             1296.95
  259             1298.86
  260             1305.30
  261             1309.50
  262             1313.81
  263             1315.74
  264             1317.08
  265             1321.95
  266             1322.09
  267             1330.33
  268             1333.22
  269             1334.69
  270             1336.07
  271             1336.58
  272             1337.72
  273             1343.96
  274             1344.37
  275             1348.51
  276             1352.17
  277             1357.29
  278             1358.19
  279             1362.89
  280             1372.46
  281             1377.21
  282             1378.76
  283             1381.54
  284             1384.33
  285             1385.71
  286             1399.01
  287             1399.39
  288             1399.51
  289             1406.51
  290             1416.30
  291             1420.23
  292             1420.38
  293             1421.56
  294             1421.76
  295             1423.33
  296             1424.68
  297             1425.45
  298             1425.68
  299             1427.06
  300             1430.03
  301             1438.37
  302             1443.05
  303             1444.89
  304             1448.61
  305             1449.26
  306             1450.67
  307             1455.51
  308             1455.90
  309             1458.09
  310             1461.81
  311             1462.82
  312             1465.84
  313             1466.11
  314             1467.30
  315             1468.24
  316             1469.66
  317             1474.86
  318             1476.16
  319             1477.72
  320             1491.22
  321             1498.12
  322             1498.18
  323             1500.48
  324             1504.46
  325             1505.29
  326             1509.16
  327             1523.35
  328             1524.88
  329             1525.60
  330             1531.23
  331             1542.05
  332             1543.53
  333             1571.80
  334             1635.86
  335             1663.36
  336             1670.81
  337             1673.65
  338             1685.65
  339             1726.44
  340             3012.59
  341             3015.06
  342             3017.77
  343             3018.38
  344             3020.10
  345             3023.25
  346             3027.41
  347             3030.05
  348             3034.36
  349             3035.72
  350             3036.57
  351             3037.52
  352             3037.78
  353             3038.67
  354             3040.04
  355             3040.41
  356             3041.26
  357             3042.53
  358             3042.87
  359             3044.07
  360             3044.47
  361             3046.63
  362             3047.98
  363             3048.58
  364             3049.67
  365             3049.93
  366             3050.63
  367             3051.45
  368             3052.82
  369             3054.36
  370             3054.98
  371             3055.66
  372             3057.46
  373             3057.89
  374             3058.70
  375             3060.27
  376             3062.84
  377             3064.08
  378             3064.58
  379             3064.93
  380             3067.94
  381             3068.54
  382             3069.45
  383             3070.35
  384             3070.87
  385             3070.91
  386             3072.12
  387             3072.22
  388             3072.38
  389             3073.00
  390             3073.66
  391             3073.68
  392             3074.50
  393             3074.62
  394             3077.60
  395             3079.39
  396             3080.39
  397             3081.99
  398             3084.54
  399             3085.59
  400             3085.76
  401             3088.88
  402             3090.24
  403             3092.07
  404             3092.22
  405             3092.41
  406             3092.49
  407             3093.38
  408             3094.46
  409             3097.77
  410             3099.74
  411             3100.79
  412             3102.33
  413             3107.87
 Saving results in set 'hess'

 --------------------------------------------------------------------------------

 End time:                               Tue Jan 25 14:51:30 2022
 Total wall-clock time:                 29.027 seconds
==================================================================================
