
================================================================================
          _____________ ________ _______________ ________     _________         
         / ___________// ______ \\_____   _____// ______ \   / ________)        
        / /_________  / /      \ \     | |     / /      \ \ | (_______          
       |  __________|| |        | |    | |    | |        | | \________ \        
        \ \_________ | |        | |    | |     \ \______/ /___________) |       
         \__________||_|        |_|    |_|      \________//____________/        
                                                                                
====================================[ Qcore ]===================================

 Git describe: 2.3.0-166-g4178ddb
 Compiler:     GNU 9.1.0
 Build type:   Release
 Version:      2.3.0-166-g4178ddb

 Start time:   Tue Jan 25 14:51:04 2022

 Data directory: /user/home/of15641/.local/src/Qcore/release/share/entos/qcore/data
 Number of threads: 24
 Number of threads was determined by: number of physical cores

 --------------------------------------------------------------------------------
                                 command: hessian                                
 --------------------------------------------------------------------------------

 -------------------------------
  Numerical Geometrical Hessian 
 -------------------------------

 Compute hessian using two-point central differentiation.
 Step size (bohr):                       0.0100

 Frequencies (including translational and rotational modes):
 mode    frequency (cm-1)
    0              240.21 i (imaginary)
    1              207.55 i (imaginary)
    2              201.96 i (imaginary)
    3              161.11 i (imaginary)
    4              138.26 i (imaginary)
    5              132.97 i (imaginary)
    6              128.91 i (imaginary)
    7              112.60 i (imaginary)
    8              110.36 i (imaginary)
    9               74.46 i (imaginary)
   10               72.26 i (imaginary)
   11               60.75 i (imaginary)
   12               25.58 i (imaginary)
   13               23.30 i (imaginary)
   14                3.11 i (imaginary)
   15                1.75 i (imaginary)
   16                0.65 i (imaginary)
   17                0.29 i (imaginary)
   18                7.55
   19               16.18
   20               17.81
   21               26.31
   22               28.14
   23               31.69
   24               41.83
   25               43.06
   26               52.57
   27               53.67
   28               60.60
   29               63.61
   30               66.35
   31               68.35
   32               75.58
   33               79.80
   34               81.53
   35               92.87
   36               96.44
   37              102.58
   38              105.21
   39              107.79
   40              113.51
   41              115.30
   42              122.50
   43              125.79
   44              135.39
   45              140.42
   46              142.72
   47              144.87
   48              147.06
   49              152.77
   50              157.19
   51              162.14
   52              167.47
   53              169.44
   54              172.70
   55              174.71
   56              182.83
   57              186.99
   58              189.96
   59              195.52
   60              196.00
   61              199.95
   62              203.20
   63              206.39
   64              210.37
   65              213.96
   66              221.00
   67              224.16
   68              228.43
   69              231.79
   70              232.92
   71              237.53
   72              244.33
   73              244.81
   74              246.52
   75              251.92
   76              255.27
   77              258.04
   78              269.04
   79              272.29
   80              276.94
   81              280.90
   82              282.82
   83              284.95
   84              289.00
   85              298.19
   86              304.31
   87              309.53
   88              317.54
   89              328.33
   90              343.45
   91              345.18
   92              351.67
   93              353.25
   94              355.63
   95              364.17
   96              369.43
   97              391.14
   98              397.14
   99              402.68
  100              408.83
  101              417.66
  102              418.74
  103              423.28
  104              437.18
  105              446.56
  106              453.03
  107              461.28
  108              462.01
  109              466.38
  110              476.81
  111              481.67
  112              495.02
  113              506.35
  114              511.53
  115              541.25
  116              547.65
  117              557.57
  118              561.61
  119              566.62
  120              572.64
  121              582.07
  122              586.64
  123              592.21
  124              604.31
  125              607.34
  126              615.86
  127              627.01
  128              637.81
  129              640.99
  130              649.68
  131              661.68
  132              670.70
  133              674.70
  134              678.94
  135              690.27
  136              692.73
  137              702.73
  138              709.16
  139              714.27
  140              718.22
  141              722.04
  142              725.61
  143              727.69
  144              740.66
  145              747.96
  146              778.30
  147              779.94
  148              794.01
  149              796.27
  150              802.32
  151              811.39
  152              812.79
  153              815.26
  154              826.49
  155              829.31
  156              832.51
  157              835.75
  158              839.01
  159              849.56
  160              852.07
  161              856.96
  162              859.30
  163              861.22
  164              867.38
  165              877.36
  166              890.30
  167              895.36
  168              897.78
  169              903.41
  170              909.38
  171              910.80
  172              913.16
  173              922.85
  174              925.55
  175              937.04
  176              937.88
  177              941.62
  178              944.09
  179              947.60
  180              951.66
  181              954.53
  182              959.81
  183              964.39
  184              968.46
  185              969.51
  186              975.79
  187              976.86
  188              980.89
  189              988.78
  190              991.57
  191              993.29
  192              995.50
  193             1002.16
  194             1003.58
  195             1004.43
  196             1004.86
  197             1008.52
  198             1025.30
  199             1030.61
  200             1037.88
  201             1038.16
  202             1041.75
  203             1045.94
  204             1051.05
  205             1055.05
  206             1056.03
  207             1065.04
  208             1066.65
  209             1071.41
  210             1072.22
  211             1073.56
  212             1078.21
  213             1079.59
  214             1082.64
  215             1090.60
  216             1091.10
  217             1099.52
  218             1104.04
  219             1105.36
  220             1109.26
  221             1116.04
  222             1124.34
  223             1126.49
  224             1132.52
  225             1134.28
  226             1139.76
  227             1145.28
  228             1154.05
  229             1160.19
  230             1163.49
  231             1165.12
  232             1165.88
  233             1169.13
  234             1170.74
  235             1183.82
  236             1186.71
  237             1188.58
  238             1190.09
  239             1192.45
  240             1192.89
  241             1198.57
  242             1210.08
  243             1216.33
  244             1219.92
  245             1228.24
  246             1230.93
  247             1231.39
  248             1232.96
  249             1233.51
  250             1239.24
  251             1246.08
  252             1251.61
  253             1256.57
  254             1258.21
  255             1259.67
  256             1266.07
  257             1267.08
  258             1270.26
  259             1272.99
  260             1281.43
  261             1283.06
  262             1284.50
  263             1288.73
  264             1289.71
  265             1296.58
  266             1296.97
  267             1298.31
  268             1301.13
  269             1304.23
  270             1310.99
  271             1313.31
  272             1313.58
  273             1314.76
  274             1319.03
  275             1324.78
  276             1330.19
  277             1330.41
  278             1332.67
  279             1338.20
  280             1339.90
  281             1341.50
  282             1343.97
  283             1347.98
  284             1348.76
  285             1351.06
  286             1366.07
  287             1367.44
  288             1368.18
  289             1374.02
  290             1380.89
  291             1382.61
  292             1383.51
  293             1384.74
  294             1387.61
  295             1389.42
  296             1396.74
  297             1399.97
  298             1404.09
  299             1409.73
  300             1414.96
  301             1417.40
  302             1419.27
  303             1422.93
  304             1424.08
  305             1428.17
  306             1434.77
  307             1438.29
  308             1438.62
  309             1439.05
  310             1441.06
  311             1442.13
  312             1443.77
  313             1445.81
  314             1445.95
  315             1447.93
  316             1448.93
  317             1449.77
  318             1454.83
  319             1457.41
  320             1464.25
  321             1464.51
  322             1466.63
  323             1467.01
  324             1471.57
  325             1474.15
  326             1475.04
  327             1475.76
  328             1488.96
  329             1495.94
  330             1499.56
  331             1501.12
  332             1504.06
  333             1505.46
  334             1510.62
  335             1512.55
  336             1513.27
  337             1515.59
  338             1518.48
  339             1534.02
  340             1535.71
  341             1542.28
  342             1548.01
  343             1561.37
  344             1632.55
  345             1638.59
  346             3007.91
  347             3010.80
  348             3012.75
  349             3015.59
  350             3019.81
  351             3022.21
  352             3024.80
  353             3025.96
  354             3027.02
  355             3030.01
  356             3031.24
  357             3032.11
  358             3033.79
  359             3036.01
  360             3037.32
  361             3037.53
  362             3039.75
  363             3041.54
  364             3041.63
  365             3042.32
  366             3047.53
  367             3048.92
  368             3050.69
  369             3051.16
  370             3051.42
  371             3051.85
  372             3053.26
  373             3053.92
  374             3054.40
  375             3056.14
  376             3056.28
  377             3057.48
  378             3057.84
  379             3060.20
  380             3061.81
  381             3062.86
  382             3063.67
  383             3064.90
  384             3066.10
  385             3068.59
  386             3069.13
  387             3069.85
  388             3070.03
  389             3071.60
  390             3071.95
  391             3072.21
  392             3073.20
  393             3073.47
  394             3075.17
  395             3075.23
  396             3076.76
  397             3077.57
  398             3079.26
  399             3079.62
  400             3080.48
  401             3081.12
  402             3082.49
  403             3083.37
  404             3084.92
  405             3086.39
  406             3086.70
  407             3087.42
  408             3087.95
  409             3089.40
  410             3089.54
  411             3089.66
  412             3090.33
  413             3090.97
  414             3091.12
  415             3093.01
  416             3094.65
  417             3094.92
  418             3096.02
  419             3098.90

 Project out translational and rotational motions 

 Degrees of freedom for translational and rotational motions: 6

 Vibrational frequencies:
 mode    frequency (cm-1)
    0              240.19 i (imaginary)
    1              207.52 i (imaginary)
    2              201.87 i (imaginary)
    3              160.97 i (imaginary)
    4              137.92 i (imaginary)
    5              132.01 i (imaginary)
    6              128.88 i (imaginary)
    7              111.90 i (imaginary)
    8              110.31 i (imaginary)
    9               74.21 i (imaginary)
   10               71.34 i (imaginary)
   11               60.66 i (imaginary)
   12               24.23 i (imaginary)
   13               10.66
   14               14.12
   15               16.89
   16               26.77
   17               30.05
   18               35.46
   19               41.69
   20               51.85
   21               53.18
   22               60.49
   23               62.49
   24               66.03
   25               68.08
   26               75.48
   27               77.90
   28               81.16
   29               92.79
   30               96.25
   31              102.52
   32              105.01
   33              107.73
   34              113.43
   35              115.25
   36              122.35
   37              125.68
   38              135.35
   39              140.18
   40              142.51
   41              144.83
   42              147.04
   43              152.72
   44              157.18
   45              162.06
   46              167.44
   47              169.37
   48              172.66
   49              174.56
   50              182.81
   51              186.97
   52              189.93
   53              195.51
   54              195.97
   55              199.90
   56              203.13
   57              206.36
   58              210.36
   59              213.91
   60              220.98
   61              224.09
   62              228.29
   63              231.76
   64              232.83
   65              237.53
   66              244.32
   67              244.81
   68              246.50
   69              251.86
   70              255.26
   71              258.04
   72              268.98
   73              272.15
   74              276.94
   75              280.90
   76              282.81
   77              284.94
   78              289.00
   79              298.18
   80              304.29
   81              309.52
   82              317.53
   83              328.33
   84              343.44
   85              345.17
   86              351.66
   87              353.24
   88              355.62
   89              364.17
   90              369.43
   91              391.14
   92              397.14
   93              402.68
   94              408.83
   95              417.66
   96              418.74
   97              423.28
   98              437.18
   99              446.56
  100              453.01
  101              461.28
  102              462.00
  103              466.38
  104              476.80
  105              481.67
  106              495.01
  107              506.35
  108              511.52
  109              541.25
  110              547.65
  111              557.54
  112              561.61
  113              566.60
  114              572.64
  115              582.07
  116              586.64
  117              592.21
  118              604.30
  119              607.34
  120              615.85
  121              627.01
  122              637.81
  123              640.98
  124              649.67
  125              661.68
  126              670.70
  127              674.70
  128              678.94
  129              690.27
  130              692.73
  131              702.72
  132              709.16
  133              714.27
  134              718.22
  135              722.04
  136              725.61
  137              727.69
  138              740.66
  139              747.95
  140              778.29
  141              779.94
  142              794.00
  143              796.27
  144              802.32
  145              811.39
  146              812.78
  147              815.26
  148              826.49
  149              829.31
  150              832.51
  151              835.75
  152              839.01
  153              849.56
  154              852.07
  155              856.96
  156              859.30
  157              861.22
  158              867.38
  159              877.36
  160              890.30
  161              895.36
  162              897.78
  163              903.41
  164              909.38
  165              910.80
  166              913.16
  167              922.85
  168              925.55
  169              937.04
  170              937.88
  171              941.62
  172              944.09
  173              947.60
  174              951.66
  175              954.53
  176              959.81
  177              964.39
  178              968.46
  179              969.51
  180              975.79
  181              976.86
  182              980.89
  183              988.78
  184              991.57
  185              993.29
  186              995.50
  187             1002.16
  188             1003.58
  189             1004.43
  190             1004.86
  191             1008.52
  192             1025.30
  193             1030.61
  194             1037.88
  195             1038.16
  196             1041.75
  197             1045.94
  198             1051.05
  199             1055.05
  200             1056.03
  201             1065.04
  202             1066.65
  203             1071.41
  204             1072.22
  205             1073.56
  206             1078.21
  207             1079.59
  208             1082.64
  209             1090.59
  210             1091.10
  211             1099.52
  212             1104.04
  213             1105.36
  214             1109.26
  215             1116.04
  216             1124.34
  217             1126.49
  218             1132.52
  219             1134.28
  220             1139.76
  221             1145.28
  222             1154.05
  223             1160.19
  224             1163.49
  225             1165.12
  226             1165.88
  227             1169.13
  228             1170.74
  229             1183.82
  230             1186.71
  231             1188.58
  232             1190.09
  233             1192.45
  234             1192.89
  235             1198.57
  236             1210.08
  237             1216.33
  238             1219.92
  239             1228.24
  240             1230.93
  241             1231.39
  242             1232.96
  243             1233.51
  244             1239.24
  245             1246.08
  246             1251.60
  247             1256.57
  248             1258.21
  249             1259.67
  250             1266.07
  251             1267.08
  252             1270.26
  253             1272.99
  254             1281.43
  255             1283.06
  256             1284.50
  257             1288.73
  258             1289.71
  259             1296.58
  260             1296.97
  261             1298.31
  262             1301.13
  263             1304.23
  264             1310.99
  265             1313.31
  266             1313.58
  267             1314.76
  268             1319.03
  269             1324.78
  270             1330.19
  271             1330.41
  272             1332.67
  273             1338.20
  274             1339.90
  275             1341.50
  276             1343.97
  277             1347.98
  278             1348.76
  279             1351.06
  280             1366.07
  281             1367.44
  282             1368.18
  283             1374.02
  284             1380.89
  285             1382.61
  286             1383.51
  287             1384.74
  288             1387.61
  289             1389.42
  290             1396.74
  291             1399.97
  292             1404.09
  293             1409.73
  294             1414.96
  295             1417.40
  296             1419.27
  297             1422.93
  298             1424.08
  299             1428.17
  300             1434.77
  301             1438.29
  302             1438.62
  303             1439.05
  304             1441.06
  305             1442.13
  306             1443.77
  307             1445.81
  308             1445.95
  309             1447.93
  310             1448.93
  311             1449.77
  312             1454.83
  313             1457.41
  314             1464.25
  315             1464.51
  316             1466.63
  317             1467.01
  318             1471.57
  319             1474.15
  320             1475.04
  321             1475.76
  322             1488.96
  323             1495.94
  324             1499.56
  325             1501.12
  326             1504.06
  327             1505.46
  328             1510.62
  329             1512.55
  330             1513.27
  331             1515.59
  332             1518.48
  333             1534.02
  334             1535.71
  335             1542.28
  336             1548.01
  337             1561.37
  338             1632.55
  339             1638.59
  340             3007.91
  341             3010.80
  342             3012.75
  343             3015.59
  344             3019.81
  345             3022.21
  346             3024.80
  347             3025.96
  348             3027.02
  349             3030.01
  350             3031.24
  351             3032.11
  352             3033.79
  353             3036.01
  354             3037.32
  355             3037.53
  356             3039.75
  357             3041.54
  358             3041.63
  359             3042.32
  360             3047.53
  361             3048.92
  362             3050.69
  363             3051.16
  364             3051.42
  365             3051.85
  366             3053.26
  367             3053.92
  368             3054.40
  369             3056.14
  370             3056.28
  371             3057.48
  372             3057.84
  373             3060.20
  374             3061.81
  375             3062.86
  376             3063.67
  377             3064.90
  378             3066.10
  379             3068.59
  380             3069.13
  381             3069.85
  382             3070.03
  383             3071.60
  384             3071.95
  385             3072.21
  386             3073.20
  387             3073.47
  388             3075.17
  389             3075.23
  390             3076.76
  391             3077.57
  392             3079.26
  393             3079.62
  394             3080.48
  395             3081.12
  396             3082.49
  397             3083.37
  398             3084.92
  399             3086.39
  400             3086.70
  401             3087.42
  402             3087.95
  403             3089.40
  404             3089.54
  405             3089.66
  406             3090.33
  407             3090.97
  408             3091.12
  409             3093.01
  410             3094.65
  411             3094.92
  412             3096.02
  413             3098.90
 Saving results in set 'hess'

 --------------------------------------------------------------------------------

 End time:                               Tue Jan 25 14:51:28 2022
 Total wall-clock time:                 23.733 seconds
==================================================================================
