
================================================================================
          _____________ ________ _______________ ________     _________         
         / ___________// ______ \\_____   _____// ______ \   / ________)        
        / /_________  / /      \ \     | |     / /      \ \ | (_______          
       |  __________|| |        | |    | |    | |        | | \________ \        
        \ \_________ | |        | |    | |     \ \______/ /___________) |       
         \__________||_|        |_|    |_|      \________//____________/        
                                                                                
====================================[ Qcore ]===================================

 Git describe: 2.3.0-166-g4178ddb
 Compiler:     GNU 9.1.0
 Build type:   Release
 Version:      2.3.0-166-g4178ddb

 Start time:   Tue Jan 25 14:51:41 2022

 Data directory: /user/home/of15641/.local/src/Qcore/release/share/entos/qcore/data
 Number of threads: 24
 Number of threads was determined by: number of physical cores

 --------------------------------------------------------------------------------
                                 command: hessian                                
 --------------------------------------------------------------------------------

 -------------------------------
  Numerical Geometrical Hessian 
 -------------------------------

 Compute hessian using two-point central differentiation.
 Step size (bohr):                       0.0100

 Frequencies (including translational and rotational modes):
 mode    frequency (cm-1)
    0              297.40 i (imaginary)
    1              162.75 i (imaginary)
    2              155.96 i (imaginary)
    3              139.66 i (imaginary)
    4              135.61 i (imaginary)
    5              133.36 i (imaginary)
    6              113.11 i (imaginary)
    7              103.31 i (imaginary)
    8              100.24 i (imaginary)
    9               98.56 i (imaginary)
   10               88.50 i (imaginary)
   11               86.41 i (imaginary)
   12               66.62 i (imaginary)
   13               63.94 i (imaginary)
   14               48.14 i (imaginary)
   15               44.62 i (imaginary)
   16               37.13 i (imaginary)
   17               15.45 i (imaginary)
   18                9.51 i (imaginary)
   19                9.10 i (imaginary)
   20                2.27 i (imaginary)
   21                1.37 i (imaginary)
   22                0.63 i (imaginary)
   23                5.91
   24                7.33
   25               17.92
   26               21.09
   27               24.58
   28               29.81
   29               39.99
   30               42.18
   31               46.62
   32               49.18
   33               62.45
   34               64.19
   35               69.49
   36               72.04
   37               72.89
   38               86.59
   39               87.83
   40               90.55
   41               92.53
   42               98.95
   43              107.04
   44              116.39
   45              120.83
   46              123.70
   47              130.01
   48              133.72
   49              135.95
   50              142.01
   51              146.38
   52              155.02
   53              155.48
   54              161.20
   55              164.47
   56              170.85
   57              171.81
   58              173.64
   59              175.72
   60              179.14
   61              187.34
   62              188.54
   63              191.54
   64              197.60
   65              197.89
   66              200.06
   67              202.43
   68              206.77
   69              212.53
   70              219.05
   71              226.13
   72              229.51
   73              232.74
   74              243.32
   75              251.00
   76              254.97
   77              256.27
   78              260.80
   79              263.62
   80              272.03
   81              278.04
   82              282.90
   83              285.23
   84              288.17
   85              298.12
   86              300.16
   87              305.26
   88              321.35
   89              328.81
   90              333.49
   91              340.83
   92              345.78
   93              355.79
   94              359.23
   95              359.99
   96              372.44
   97              378.41
   98              392.80
   99              395.95
  100              406.11
  101              408.31
  102              419.15
  103              422.10
  104              427.06
  105              440.15
  106              444.06
  107              445.79
  108              457.35
  109              458.81
  110              476.38
  111              479.91
  112              481.34
  113              502.51
  114              513.53
  115              535.68
  116              541.02
  117              543.50
  118              557.07
  119              559.01
  120              575.25
  121              592.44
  122              603.82
  123              611.03
  124              618.42
  125              627.52
  126              630.15
  127              632.72
  128              637.84
  129              647.53
  130              661.21
  131              663.85
  132              680.85
  133              681.99
  134              693.54
  135              696.61
  136              705.31
  137              715.94
  138              721.23
  139              723.76
  140              727.60
  141              731.50
  142              740.47
  143              751.03
  144              762.31
  145              775.79
  146              788.45
  147              794.69
  148              797.95
  149              805.11
  150              809.23
  151              820.85
  152              823.89
  153              827.75
  154              829.20
  155              832.75
  156              838.84
  157              839.36
  158              857.12
  159              862.90
  160              865.20
  161              874.02
  162              889.61
  163              895.93
  164              900.66
  165              909.44
  166              912.34
  167              917.69
  168              924.35
  169              927.50
  170              934.24
  171              937.49
  172              941.85
  173              942.13
  174              945.81
  175              951.44
  176              953.68
  177              957.10
  178              959.62
  179              966.28
  180              974.77
  181              974.95
  182              976.08
  183              982.57
  184              982.96
  185              988.55
  186              993.09
  187              998.76
  188             1001.30
  189             1003.50
  190             1004.33
  191             1009.51
  192             1016.05
  193             1019.01
  194             1021.49
  195             1025.02
  196             1027.10
  197             1031.47
  198             1035.63
  199             1039.01
  200             1043.83
  201             1045.65
  202             1054.59
  203             1058.71
  204             1062.44
  205             1062.76
  206             1065.95
  207             1071.08
  208             1073.46
  209             1079.68
  210             1082.52
  211             1093.21
  212             1095.09
  213             1099.04
  214             1110.43
  215             1110.92
  216             1112.39
  217             1114.42
  218             1121.66
  219             1125.59
  220             1128.60
  221             1131.74
  222             1134.01
  223             1138.75
  224             1142.87
  225             1150.50
  226             1156.31
  227             1159.89
  228             1163.94
  229             1170.73
  230             1175.80
  231             1178.33
  232             1178.81
  233             1180.37
  234             1186.78
  235             1189.61
  236             1193.35
  237             1196.45
  238             1200.05
  239             1201.54
  240             1204.93
  241             1210.76
  242             1216.23
  243             1218.87
  244             1226.16
  245             1228.33
  246             1239.06
  247             1239.98
  248             1240.86
  249             1241.26
  250             1241.89
  251             1252.43
  252             1253.98
  253             1258.48
  254             1258.53
  255             1264.60
  256             1265.28
  257             1268.99
  258             1281.57
  259             1281.66
  260             1284.26
  261             1289.78
  262             1291.31
  263             1302.04
  264             1307.89
  265             1310.33
  266             1313.85
  267             1315.22
  268             1316.06
  269             1319.43
  270             1329.06
  271             1332.70
  272             1335.45
  273             1344.31
  274             1345.27
  275             1350.02
  276             1351.85
  277             1354.07
  278             1355.30
  279             1356.31
  280             1357.24
  281             1365.52
  282             1369.66
  283             1372.76
  284             1373.32
  285             1376.26
  286             1379.89
  287             1381.48
  288             1386.69
  289             1390.48
  290             1391.11
  291             1400.60
  292             1403.18
  293             1409.72
  294             1410.94
  295             1423.53
  296             1424.26
  297             1424.86
  298             1427.16
  299             1428.90
  300             1433.67
  301             1438.04
  302             1438.32
  303             1441.48
  304             1441.76
  305             1442.58
  306             1448.59
  307             1449.53
  308             1450.16
  309             1450.28
  310             1450.94
  311             1453.39
  312             1454.75
  313             1459.91
  314             1460.25
  315             1461.91
  316             1464.45
  317             1464.97
  318             1467.24
  319             1470.55
  320             1474.67
  321             1475.04
  322             1475.15
  323             1482.55
  324             1486.01
  325             1486.21
  326             1490.91
  327             1493.19
  328             1493.83
  329             1494.22
  330             1499.17
  331             1503.40
  332             1508.21
  333             1510.35
  334             1513.18
  335             1513.42
  336             1516.15
  337             1528.73
  338             1539.08
  339             1557.98
  340             1654.02
  341             1670.90
  342             1695.37
  343             1743.70
  344             1788.92
  345             1807.25
  346             3012.71
  347             3017.18
  348             3018.31
  349             3020.51
  350             3021.26
  351             3023.85
  352             3026.15
  353             3027.96
  354             3028.66
  355             3031.30
  356             3036.75
  357             3037.53
  358             3038.41
  359             3040.01
  360             3040.13
  361             3043.55
  362             3044.58
  363             3045.27
  364             3046.09
  365             3047.75
  366             3049.62
  367             3050.80
  368             3051.71
  369             3052.99
  370             3053.11
  371             3053.79
  372             3056.36
  373             3057.15
  374             3057.73
  375             3058.32
  376             3058.43
  377             3058.76
  378             3059.13
  379             3059.59
  380             3059.90
  381             3061.87
  382             3063.19
  383             3064.26
  384             3064.49
  385             3064.56
  386             3065.09
  387             3066.99
  388             3067.23
  389             3067.51
  390             3068.41
  391             3068.57
  392             3071.01
  393             3071.66
  394             3072.55
  395             3072.88
  396             3074.47
  397             3074.96
  398             3075.61
  399             3075.69
  400             3078.62
  401             3079.08
  402             3079.70
  403             3079.86
  404             3080.53
  405             3081.46
  406             3083.75
  407             3085.65
  408             3085.99
  409             3087.07
  410             3088.14
  411             3090.19
  412             3091.25
  413             3092.31
  414             3093.31
  415             3096.43
  416             3097.79
  417             3097.98
  418             3098.78
  419             3103.78

 Project out translational and rotational motions 

 Degrees of freedom for translational and rotational motions: 6

 Vibrational frequencies:
 mode    frequency (cm-1)
    0              297.36 i (imaginary)
    1              162.54 i (imaginary)
    2              155.73 i (imaginary)
    3              139.62 i (imaginary)
    4              135.36 i (imaginary)
    5              133.30 i (imaginary)
    6              112.49 i (imaginary)
    7              103.17 i (imaginary)
    8               98.49 i (imaginary)
    9               97.03 i (imaginary)
   10               86.78 i (imaginary)
   11               83.74 i (imaginary)
   12               66.48 i (imaginary)
   13               63.42 i (imaginary)
   14               48.04 i (imaginary)
   15               43.27 i (imaginary)
   16               35.32 i (imaginary)
   17               14.75 i (imaginary)
   18                8.96 i (imaginary)
   19                2.58 i (imaginary)
   20               17.48
   21               24.47
   22               28.74
   23               37.02
   24               41.27
   25               43.40
   26               49.10
   27               61.50
   28               62.72
   29               69.24
   30               71.59
   31               72.86
   32               85.96
   33               87.82
   34               90.39
   35               92.42
   36               98.85
   37              106.74
   38              116.27
   39              120.74
   40              123.65
   41              129.97
   42              133.62
   43              135.86
   44              142.00
   45              146.37
   46              154.99
   47              155.41
   48              161.07
   49              164.44
   50              170.85
   51              171.59
   52              173.33
   53              175.68
   54              179.12
   55              187.33
   56              188.53
   57              191.54
   58              197.59
   59              197.81
   60              200.04
   61              202.36
   62              206.77
   63              212.51
   64              219.05
   65              226.11
   66              229.49
   67              232.69
   68              243.31
   69              250.99
   70              254.96
   71              256.26
   72              260.80
   73              263.60
   74              272.03
   75              277.99
   76              282.90
   77              285.23
   78              288.16
   79              298.12
   80              300.15
   81              305.25
   82              321.35
   83              328.80
   84              333.48
   85              340.82
   86              345.78
   87              355.79
   88              359.23
   89              359.98
   90              372.42
   91              378.40
   92              392.80
   93              395.94
   94              406.11
   95              408.31
   96              419.14
   97              422.10
   98              427.05
   99              440.14
  100              444.05
  101              445.79
  102              457.35
  103              458.80
  104              476.38
  105              479.90
  106              481.34
  107              502.51
  108              513.53
  109              535.66
  110              541.01
  111              543.50
  112              557.07
  113              559.00
  114              575.25
  115              592.44
  116              603.82
  117              611.03
  118              618.40
  119              627.52
  120              630.15
  121              632.72
  122              637.84
  123              647.53
  124              661.21
  125              663.85
  126              680.85
  127              681.99
  128              693.54
  129              696.61
  130              705.31
  131              715.94
  132              721.23
  133              723.76
  134              727.60
  135              731.50
  136              740.47
  137              751.02
  138              762.31
  139              775.79
  140              788.45
  141              794.69
  142              797.95
  143              805.11
  144              809.23
  145              820.85
  146              823.89
  147              827.75
  148              829.20
  149              832.75
  150              838.84
  151              839.36
  152              857.12
  153              862.90
  154              865.20
  155              874.02
  156              889.60
  157              895.93
  158              900.66
  159              909.44
  160              912.34
  161              917.69
  162              924.35
  163              927.50
  164              934.24
  165              937.49
  166              941.85
  167              942.13
  168              945.80
  169              951.44
  170              953.68
  171              957.10
  172              959.62
  173              966.28
  174              974.77
  175              974.95
  176              976.08
  177              982.57
  178              982.96
  179              988.55
  180              993.09
  181              998.76
  182             1001.30
  183             1003.50
  184             1004.33
  185             1009.51
  186             1016.05
  187             1019.01
  188             1021.49
  189             1025.02
  190             1027.10
  191             1031.47
  192             1035.63
  193             1039.01
  194             1043.83
  195             1045.65
  196             1054.59
  197             1058.71
  198             1062.44
  199             1062.76
  200             1065.95
  201             1071.08
  202             1073.46
  203             1079.68
  204             1082.52
  205             1093.21
  206             1095.09
  207             1099.04
  208             1110.43
  209             1110.92
  210             1112.39
  211             1114.42
  212             1121.66
  213             1125.59
  214             1128.60
  215             1131.74
  216             1134.01
  217             1138.75
  218             1142.87
  219             1150.50
  220             1156.31
  221             1159.89
  222             1163.94
  223             1170.73
  224             1175.80
  225             1178.33
  226             1178.81
  227             1180.36
  228             1186.78
  229             1189.61
  230             1193.35
  231             1196.45
  232             1200.05
  233             1201.54
  234             1204.93
  235             1210.76
  236             1216.23
  237             1218.87
  238             1226.16
  239             1228.33
  240             1239.06
  241             1239.98
  242             1240.86
  243             1241.26
  244             1241.89
  245             1252.43
  246             1253.98
  247             1258.48
  248             1258.53
  249             1264.60
  250             1265.28
  251             1268.99
  252             1281.57
  253             1281.66
  254             1284.26
  255             1289.78
  256             1291.31
  257             1302.04
  258             1307.89
  259             1310.33
  260             1313.85
  261             1315.22
  262             1316.06
  263             1319.43
  264             1329.06
  265             1332.70
  266             1335.45
  267             1344.31
  268             1345.27
  269             1350.02
  270             1351.85
  271             1354.07
  272             1355.30
  273             1356.31
  274             1357.24
  275             1365.52
  276             1369.66
  277             1372.76
  278             1373.32
  279             1376.26
  280             1379.89
  281             1381.48
  282             1386.69
  283             1390.48
  284             1391.11
  285             1400.60
  286             1403.18
  287             1409.72
  288             1410.94
  289             1423.53
  290             1424.26
  291             1424.86
  292             1427.16
  293             1428.90
  294             1433.67
  295             1438.04
  296             1438.32
  297             1441.48
  298             1441.76
  299             1442.58
  300             1448.59
  301             1449.53
  302             1450.16
  303             1450.28
  304             1450.94
  305             1453.39
  306             1454.75
  307             1459.91
  308             1460.25
  309             1461.91
  310             1464.45
  311             1464.97
  312             1467.24
  313             1470.55
  314             1474.67
  315             1475.04
  316             1475.15
  317             1482.55
  318             1486.01
  319             1486.21
  320             1490.91
  321             1493.19
  322             1493.83
  323             1494.22
  324             1499.17
  325             1503.40
  326             1508.21
  327             1510.35
  328             1513.18
  329             1513.42
  330             1516.15
  331             1528.73
  332             1539.08
  333             1557.98
  334             1654.02
  335             1670.90
  336             1695.37
  337             1743.70
  338             1788.92
  339             1807.25
  340             3012.71
  341             3017.18
  342             3018.31
  343             3020.51
  344             3021.26
  345             3023.85
  346             3026.15
  347             3027.96
  348             3028.66
  349             3031.30
  350             3036.75
  351             3037.53
  352             3038.41
  353             3040.01
  354             3040.13
  355             3043.55
  356             3044.58
  357             3045.27
  358             3046.09
  359             3047.75
  360             3049.62
  361             3050.80
  362             3051.71
  363             3052.99
  364             3053.11
  365             3053.79
  366             3056.36
  367             3057.15
  368             3057.73
  369             3058.32
  370             3058.43
  371             3058.76
  372             3059.13
  373             3059.59
  374             3059.90
  375             3061.87
  376             3063.19
  377             3064.26
  378             3064.49
  379             3064.56
  380             3065.09
  381             3066.99
  382             3067.23
  383             3067.51
  384             3068.41
  385             3068.57
  386             3071.01
  387             3071.66
  388             3072.55
  389             3072.88
  390             3074.47
  391             3074.96
  392             3075.61
  393             3075.69
  394             3078.62
  395             3079.08
  396             3079.70
  397             3079.86
  398             3080.53
  399             3081.46
  400             3083.75
  401             3085.65
  402             3085.99
  403             3087.07
  404             3088.14
  405             3090.19
  406             3091.25
  407             3092.31
  408             3093.31
  409             3096.43
  410             3097.79
  411             3097.98
  412             3098.78
  413             3103.78
 Saving results in set 'hess'

 --------------------------------------------------------------------------------

 End time:                               Tue Jan 25 14:52:05 2022
 Total wall-clock time:                 24.282 seconds
==================================================================================
