
================================================================================
          _____________ ________ _______________ ________     _________         
         / ___________// ______ \\_____   _____// ______ \   / ________)        
        / /_________  / /      \ \     | |     / /      \ \ | (_______          
       |  __________|| |        | |    | |    | |        | | \________ \        
        \ \_________ | |        | |    | |     \ \______/ /___________) |       
         \__________||_|        |_|    |_|      \________//____________/        
                                                                                
====================================[ Qcore ]===================================

 Git describe: 2.3.0-166-g4178ddb
 Compiler:     GNU 9.1.0
 Build type:   Release
 Version:      2.3.0-166-g4178ddb

 Start time:   Tue Jan 25 14:50:51 2022

 Data directory: /user/home/of15641/.local/src/Qcore/release/share/entos/qcore/data
 Number of threads: 24
 Number of threads was determined by: number of physical cores

 --------------------------------------------------------------------------------
                                 command: hessian                                
 --------------------------------------------------------------------------------

 -------------------------------
  Numerical Geometrical Hessian 
 -------------------------------

 Compute hessian using two-point central differentiation.
 Step size (bohr):                       0.0100

 Frequencies (including translational and rotational modes):
 mode    frequency (cm-1)
    0              252.98 i (imaginary)
    1              219.13 i (imaginary)
    2              216.33 i (imaginary)
    3              209.11 i (imaginary)
    4              208.10 i (imaginary)
    5              189.37 i (imaginary)
    6              174.51 i (imaginary)
    7              172.27 i (imaginary)
    8              128.43 i (imaginary)
    9              124.76 i (imaginary)
   10              108.47 i (imaginary)
   11               97.59 i (imaginary)
   12               93.65 i (imaginary)
   13               68.77 i (imaginary)
   14               52.16 i (imaginary)
   15               47.25 i (imaginary)
   16               37.90 i (imaginary)
   17               29.33 i (imaginary)
   18               21.46 i (imaginary)
   19               18.41 i (imaginary)
   20                2.58 i (imaginary)
   21                1.48 i (imaginary)
   22                0.41 i (imaginary)
   23                1.20
   24                7.38
   25               19.53
   26               21.36
   27               24.78
   28               24.89
   29               33.06
   30               37.03
   31               44.57
   32               49.47
   33               50.63
   34               52.03
   35               63.16
   36               66.87
   37               71.20
   38               80.41
   39               81.47
   40               84.22
   41               89.55
   42               98.49
   43               98.93
   44              102.65
   45              105.77
   46              107.14
   47              117.64
   48              124.55
   49              127.54
   50              129.82
   51              133.74
   52              138.27
   53              146.91
   54              154.71
   55              161.16
   56              165.65
   57              167.90
   58              169.53
   59              176.93
   60              178.37
   61              183.90
   62              186.46
   63              196.44
   64              200.91
   65              205.56
   66              205.70
   67              209.66
   68              217.76
   69              220.87
   70              221.41
   71              231.86
   72              232.66
   73              236.01
   74              236.78
   75              241.45
   76              243.91
   77              247.13
   78              257.79
   79              265.14
   80              270.58
   81              278.48
   82              280.11
   83              282.44
   84              295.61
   85              297.44
   86              302.89
   87              313.44
   88              329.26
   89              335.69
   90              339.51
   91              351.28
   92              352.54
   93              358.43
   94              364.30
   95              366.64
   96              376.11
   97              379.13
   98              390.58
   99              400.43
  100              411.95
  101              412.74
  102              416.14
  103              422.59
  104              426.79
  105              442.72
  106              444.43
  107              460.66
  108              465.24
  109              467.16
  110              469.38
  111              484.75
  112              489.21
  113              508.24
  114              517.29
  115              535.48
  116              541.45
  117              545.70
  118              547.60
  119              555.45
  120              564.49
  121              575.87
  122              596.70
  123              603.04
  124              616.35
  125              619.75
  126              633.71
  127              640.14
  128              644.13
  129              657.15
  130              658.76
  131              662.98
  132              668.43
  133              678.55
  134              684.38
  135              699.79
  136              705.30
  137              710.41
  138              715.98
  139              723.91
  140              728.80
  141              729.40
  142              738.47
  143              743.62
  144              747.12
  145              757.25
  146              771.59
  147              772.92
  148              795.56
  149              798.74
  150              800.46
  151              808.64
  152              818.31
  153              823.72
  154              825.02
  155              831.14
  156              841.24
  157              846.75
  158              853.37
  159              855.55
  160              859.57
  161              863.90
  162              872.51
  163              881.43
  164              886.59
  165              890.31
  166              895.64
  167              898.30
  168              901.75
  169              906.90
  170              910.06
  171              913.26
  172              921.38
  173              938.02
  174              939.34
  175              944.25
  176              949.58
  177              954.71
  178              963.70
  179              968.20
  180              968.89
  181              972.63
  182              974.38
  183              983.04
  184              987.48
  185              998.59
  186             1003.61
  187             1007.72
  188             1011.54
  189             1015.66
  190             1019.93
  191             1020.65
  192             1029.62
  193             1031.47
  194             1039.75
  195             1043.85
  196             1049.91
  197             1052.17
  198             1060.44
  199             1060.56
  200             1066.15
  201             1067.50
  202             1067.85
  203             1072.33
  204             1086.05
  205             1086.93
  206             1089.88
  207             1091.62
  208             1092.43
  209             1096.70
  210             1099.46
  211             1109.27
  212             1109.44
  213             1114.13
  214             1116.94
  215             1118.63
  216             1126.53
  217             1127.28
  218             1128.57
  219             1129.97
  220             1136.61
  221             1141.18
  222             1141.81
  223             1142.94
  224             1149.23
  225             1152.07
  226             1153.66
  227             1156.54
  228             1160.68
  229             1173.01
  230             1183.78
  231             1184.35
  232             1194.21
  233             1194.70
  234             1198.81
  235             1203.81
  236             1205.69
  237             1209.30
  238             1214.03
  239             1216.31
  240             1220.86
  241             1223.05
  242             1224.63
  243             1226.75
  244             1238.10
  245             1239.16
  246             1242.86
  247             1249.25
  248             1249.73
  249             1251.85
  250             1255.18
  251             1261.09
  252             1266.00
  253             1272.37
  254             1273.31
  255             1280.42
  256             1285.92
  257             1286.16
  258             1294.31
  259             1298.72
  260             1304.89
  261             1307.04
  262             1309.32
  263             1313.81
  264             1314.23
  265             1318.73
  266             1319.58
  267             1324.83
  268             1325.90
  269             1328.54
  270             1329.30
  271             1331.98
  272             1339.83
  273             1343.82
  274             1344.53
  275             1353.14
  276             1353.68
  277             1357.49
  278             1359.79
  279             1359.92
  280             1363.63
  281             1365.07
  282             1366.19
  283             1372.34
  284             1375.39
  285             1377.05
  286             1378.35
  287             1380.31
  288             1386.47
  289             1393.95
  290             1396.11
  291             1400.10
  292             1400.19
  293             1406.25
  294             1408.47
  295             1411.44
  296             1413.78
  297             1413.85
  298             1414.22
  299             1420.84
  300             1421.41
  301             1428.91
  302             1435.02
  303             1437.82
  304             1438.97
  305             1441.98
  306             1445.32
  307             1449.33
  308             1452.06
  309             1453.33
  310             1456.49
  311             1457.93
  312             1458.54
  313             1459.44
  314             1461.58
  315             1463.22
  316             1464.22
  317             1466.98
  318             1468.23
  319             1469.92
  320             1473.20
  321             1474.55
  322             1475.37
  323             1475.78
  324             1481.24
  325             1481.97
  326             1483.03
  327             1484.06
  328             1486.49
  329             1490.62
  330             1491.39
  331             1495.00
  332             1498.75
  333             1503.40
  334             1509.08
  335             1512.73
  336             1517.25
  337             1520.33
  338             1522.41
  339             1530.73
  340             1541.78
  341             1544.51
  342             1579.40
  343             1627.02
  344             1710.66
  345             1829.02
  346             3008.24
  347             3017.96
  348             3022.92
  349             3024.29
  350             3027.11
  351             3027.39
  352             3027.88
  353             3033.60
  354             3035.32
  355             3036.25
  356             3037.79
  357             3037.97
  358             3040.01
  359             3041.86
  360             3042.71
  361             3043.72
  362             3045.90
  363             3046.07
  364             3047.58
  365             3047.83
  366             3048.31
  367             3049.34
  368             3049.60
  369             3050.21
  370             3050.35
  371             3050.94
  372             3053.59
  373             3054.91
  374             3056.09
  375             3057.16
  376             3057.60
  377             3057.82
  378             3058.91
  379             3059.70
  380             3060.71
  381             3060.73
  382             3062.24
  383             3065.16
  384             3066.57
  385             3066.76
  386             3068.41
  387             3068.56
  388             3070.13
  389             3070.28
  390             3070.77
  391             3071.04
  392             3071.35
  393             3072.39
  394             3072.96
  395             3073.16
  396             3073.69
  397             3074.14
  398             3075.36
  399             3075.45
  400             3078.27
  401             3078.82
  402             3080.40
  403             3080.55
  404             3081.20
  405             3081.27
  406             3082.51
  407             3083.54
  408             3083.94
  409             3085.13
  410             3085.20
  411             3087.74
  412             3088.34
  413             3088.66
  414             3091.60
  415             3093.70
  416             3093.77
  417             3095.54
  418             3099.77
  419             3101.54

 Project out translational and rotational motions 

 Degrees of freedom for translational and rotational motions: 6

 Vibrational frequencies:
 mode    frequency (cm-1)
    0              252.97 i (imaginary)
    1              218.95 i (imaginary)
    2              216.32 i (imaginary)
    3              209.02 i (imaginary)
    4              208.08 i (imaginary)
    5              189.07 i (imaginary)
    6              174.48 i (imaginary)
    7              171.87 i (imaginary)
    8              127.96 i (imaginary)
    9              124.54 i (imaginary)
   10              108.32 i (imaginary)
   11               97.33 i (imaginary)
   12               93.57 i (imaginary)
   13               68.13 i (imaginary)
   14               51.95 i (imaginary)
   15               46.30 i (imaginary)
   16               37.12 i (imaginary)
   17               27.99 i (imaginary)
   18               19.85 i (imaginary)
   19               17.59 i (imaginary)
   20               19.36
   21               21.41
   22               24.63
   23               32.87
   24               35.35
   25               44.23
   26               49.29
   27               50.18
   28               51.66
   29               63.04
   30               66.73
   31               71.19
   32               80.31
   33               81.34
   34               84.03
   35               89.29
   36               98.39
   37               98.53
   38              102.54
   39              105.67
   40              107.02
   41              117.63
   42              124.51
   43              127.52
   44              129.82
   45              133.73
   46              138.15
   47              146.86
   48              154.66
   49              161.14
   50              165.42
   51              167.84
   52              169.52
   53              176.91
   54              178.37
   55              183.86
   56              186.43
   57              196.42
   58              200.77
   59              205.54
   60              205.64
   61              209.65
   62              217.73
   63              220.81
   64              221.39
   65              231.85
   66              232.64
   67              235.97
   68              236.78
   69              241.42
   70              243.90
   71              247.12
   72              257.78
   73              265.14
   74              270.56
   75              278.46
   76              280.10
   77              282.44
   78              295.60
   79              297.43
   80              302.88
   81              313.44
   82              329.26
   83              335.69
   84              339.50
   85              351.28
   86              352.54
   87              358.42
   88              364.29
   89              366.64
   90              376.09
   91              379.12
   92              390.58
   93              400.41
   94              411.95
   95              412.74
   96              416.14
   97              422.59
   98              426.79
   99              442.72
  100              444.43
  101              460.66
  102              465.24
  103              467.15
  104              469.37
  105              484.75
  106              489.20
  107              508.24
  108              517.29
  109              535.47
  110              541.45
  111              545.70
  112              547.60
  113              555.45
  114              564.48
  115              575.87
  116              596.70
  117              603.04
  118              616.35
  119              619.75
  120              633.69
  121              640.13
  122              644.13
  123              657.15
  124              658.76
  125              662.98
  126              668.43
  127              678.55
  128              684.37
  129              699.79
  130              705.30
  131              710.41
  132              715.97
  133              723.91
  134              728.80
  135              729.40
  136              738.47
  137              743.62
  138              747.12
  139              757.25
  140              771.59
  141              772.92
  142              795.56
  143              798.73
  144              800.46
  145              808.64
  146              818.31
  147              823.72
  148              825.02
  149              831.14
  150              841.24
  151              846.75
  152              853.37
  153              855.55
  154              859.57
  155              863.90
  156              872.51
  157              881.43
  158              886.59
  159              890.31
  160              895.64
  161              898.30
  162              901.75
  163              906.90
  164              910.06
  165              913.26
  166              921.38
  167              938.02
  168              939.34
  169              944.25
  170              949.58
  171              954.71
  172              963.70
  173              968.20
  174              968.89
  175              972.63
  176              974.38
  177              983.04
  178              987.48
  179              998.59
  180             1003.61
  181             1007.72
  182             1011.54
  183             1015.66
  184             1019.93
  185             1020.65
  186             1029.62
  187             1031.47
  188             1039.75
  189             1043.85
  190             1049.91
  191             1052.17
  192             1060.44
  193             1060.56
  194             1066.15
  195             1067.50
  196             1067.85
  197             1072.33
  198             1086.05
  199             1086.93
  200             1089.88
  201             1091.62
  202             1092.43
  203             1096.70
  204             1099.46
  205             1109.27
  206             1109.44
  207             1114.13
  208             1116.94
  209             1118.63
  210             1126.53
  211             1127.28
  212             1128.57
  213             1129.97
  214             1136.61
  215             1141.18
  216             1141.81
  217             1142.94
  218             1149.23
  219             1152.07
  220             1153.66
  221             1156.54
  222             1160.68
  223             1173.01
  224             1183.78
  225             1184.35
  226             1194.21
  227             1194.70
  228             1198.81
  229             1203.81
  230             1205.69
  231             1209.30
  232             1214.03
  233             1216.31
  234             1220.86
  235             1223.05
  236             1224.63
  237             1226.75
  238             1238.10
  239             1239.16
  240             1242.86
  241             1249.25
  242             1249.73
  243             1251.85
  244             1255.18
  245             1261.09
  246             1265.99
  247             1272.37
  248             1273.31
  249             1280.42
  250             1285.92
  251             1286.16
  252             1294.31
  253             1298.72
  254             1304.89
  255             1307.04
  256             1309.32
  257             1313.81
  258             1314.23
  259             1318.73
  260             1319.58
  261             1324.83
  262             1325.90
  263             1328.54
  264             1329.30
  265             1331.98
  266             1339.83
  267             1343.82
  268             1344.53
  269             1353.14
  270             1353.68
  271             1357.49
  272             1359.79
  273             1359.92
  274             1363.63
  275             1365.07
  276             1366.19
  277             1372.34
  278             1375.39
  279             1377.05
  280             1378.35
  281             1380.31
  282             1386.47
  283             1393.95
  284             1396.11
  285             1400.10
  286             1400.19
  287             1406.25
  288             1408.47
  289             1411.44
  290             1413.78
  291             1413.85
  292             1414.22
  293             1420.84
  294             1421.41
  295             1428.91
  296             1435.02
  297             1437.82
  298             1438.97
  299             1441.98
  300             1445.32
  301             1449.33
  302             1452.06
  303             1453.33
  304             1456.49
  305             1457.93
  306             1458.54
  307             1459.44
  308             1461.58
  309             1463.22
  310             1464.22
  311             1466.98
  312             1468.23
  313             1469.92
  314             1473.20
  315             1474.55
  316             1475.37
  317             1475.78
  318             1481.24
  319             1481.97
  320             1483.03
  321             1484.06
  322             1486.49
  323             1490.62
  324             1491.39
  325             1495.00
  326             1498.75
  327             1503.39
  328             1509.08
  329             1512.73
  330             1517.25
  331             1520.33
  332             1522.41
  333             1530.73
  334             1541.78
  335             1544.51
  336             1579.40
  337             1627.02
  338             1710.66
  339             1829.02
  340             3008.24
  341             3017.96
  342             3022.92
  343             3024.29
  344             3027.11
  345             3027.39
  346             3027.88
  347             3033.60
  348             3035.32
  349             3036.25
  350             3037.79
  351             3037.97
  352             3040.01
  353             3041.86
  354             3042.71
  355             3043.72
  356             3045.90
  357             3046.07
  358             3047.58
  359             3047.83
  360             3048.31
  361             3049.34
  362             3049.60
  363             3050.21
  364             3050.35
  365             3050.94
  366             3053.59
  367             3054.91
  368             3056.09
  369             3057.16
  370             3057.60
  371             3057.82
  372             3058.91
  373             3059.70
  374             3060.71
  375             3060.73
  376             3062.24
  377             3065.16
  378             3066.57
  379             3066.76
  380             3068.41
  381             3068.56
  382             3070.13
  383             3070.28
  384             3070.77
  385             3071.04
  386             3071.35
  387             3072.39
  388             3072.96
  389             3073.16
  390             3073.69
  391             3074.14
  392             3075.36
  393             3075.45
  394             3078.27
  395             3078.82
  396             3080.40
  397             3080.55
  398             3081.20
  399             3081.27
  400             3082.51
  401             3083.54
  402             3083.94
  403             3085.13
  404             3085.20
  405             3087.74
  406             3088.34
  407             3088.66
  408             3091.60
  409             3093.70
  410             3093.77
  411             3095.54
  412             3099.77
  413             3101.54
 Saving results in set 'hess'

 --------------------------------------------------------------------------------

 End time:                               Tue Jan 25 14:51:16 2022
 Total wall-clock time:                 24.738 seconds
==================================================================================
