
================================================================================
          _____________ ________ _______________ ________     _________         
         / ___________// ______ \\_____   _____// ______ \   / ________)        
        / /_________  / /      \ \     | |     / /      \ \ | (_______          
       |  __________|| |        | |    | |    | |        | | \________ \        
        \ \_________ | |        | |    | |     \ \______/ /___________) |       
         \__________||_|        |_|    |_|      \________//____________/        
                                                                                
====================================[ Qcore ]===================================

 Git describe: 2.3.0-166-g4178ddb
 Compiler:     GNU 9.1.0
 Build type:   Release
 Version:      2.3.0-166-g4178ddb

 Start time:   Tue Jan 25 14:51:05 2022

 Data directory: /user/home/of15641/.local/src/Qcore/release/share/entos/qcore/data
 Number of threads: 24
 Number of threads was determined by: number of physical cores

 --------------------------------------------------------------------------------
                                 command: hessian                                
 --------------------------------------------------------------------------------

 -------------------------------
  Numerical Geometrical Hessian 
 -------------------------------

 Compute hessian using two-point central differentiation.
 Step size (bohr):                       0.0100

 Frequencies (including translational and rotational modes):
 mode    frequency (cm-1)
    0              219.26 i (imaginary)
    1              212.32 i (imaginary)
    2              198.66 i (imaginary)
    3              187.51 i (imaginary)
    4              165.40 i (imaginary)
    5              149.80 i (imaginary)
    6               76.40 i (imaginary)
    7               65.24 i (imaginary)
    8               63.94 i (imaginary)
    9               50.04 i (imaginary)
   10               48.56 i (imaginary)
   11               45.76 i (imaginary)
   12               42.29 i (imaginary)
   13               38.94 i (imaginary)
   14               29.00 i (imaginary)
   15               18.93 i (imaginary)
   16               12.87 i (imaginary)
   17                3.60 i (imaginary)
   18                1.74 i (imaginary)
   19                1.16 i (imaginary)
   20                0.42 i (imaginary)
   21               11.76
   22               15.68
   23               23.66
   24               30.34
   25               33.73
   26               37.96
   27               40.64
   28               48.70
   29               50.80
   30               63.47
   31               65.50
   32               73.41
   33               76.57
   34               79.42
   35               80.91
   36               84.50
   37               87.26
   38               91.14
   39               97.12
   40              101.86
   41              103.92
   42              106.61
   43              110.02
   44              119.43
   45              125.62
   46              128.78
   47              131.62
   48              140.25
   49              140.85
   50              142.94
   51              144.19
   52              147.61
   53              162.28
   54              163.80
   55              164.97
   56              167.68
   57              173.60
   58              178.76
   59              179.88
   60              185.11
   61              189.56
   62              192.85
   63              196.64
   64              199.74
   65              202.59
   66              212.02
   67              213.42
   68              222.56
   69              224.40
   70              232.26
   71              233.91
   72              236.49
   73              241.82
   74              245.30
   75              246.51
   76              251.89
   77              262.05
   78              262.60
   79              267.19
   80              270.62
   81              279.53
   82              281.89
   83              284.62
   84              298.67
   85              306.46
   86              312.00
   87              323.90
   88              329.10
   89              335.44
   90              336.92
   91              341.63
   92              342.46
   93              347.74
   94              362.69
   95              370.07
   96              380.99
   97              381.59
   98              388.66
   99              389.75
  100              395.52
  101              404.53
  102              419.92
  103              423.00
  104              432.30
  105              439.33
  106              443.16
  107              445.00
  108              454.11
  109              455.89
  110              472.71
  111              482.63
  112              493.42
  113              505.91
  114              530.20
  115              540.40
  116              553.04
  117              564.31
  118              566.63
  119              572.69
  120              577.26
  121              579.22
  122              590.08
  123              594.74
  124              604.26
  125              609.95
  126              624.17
  127              636.11
  128              639.30
  129              643.48
  130              657.90
  131              663.57
  132              667.37
  133              671.91
  134              675.96
  135              692.72
  136              698.88
  137              706.56
  138              713.32
  139              713.58
  140              718.59
  141              730.73
  142              736.59
  143              740.78
  144              748.23
  145              751.98
  146              760.37
  147              785.87
  148              791.30
  149              805.13
  150              809.83
  151              816.81
  152              817.15
  153              824.21
  154              826.61
  155              834.83
  156              846.01
  157              849.90
  158              854.47
  159              857.19
  160              860.17
  161              862.73
  162              865.80
  163              871.84
  164              876.46
  165              879.84
  166              882.77
  167              887.01
  168              890.23
  169              904.86
  170              912.74
  171              913.05
  172              914.89
  173              919.50
  174              922.52
  175              926.90
  176              930.01
  177              949.78
  178              950.48
  179              960.68
  180              962.81
  181              963.11
  182              966.42
  183              967.60
  184              976.91
  185              976.99
  186              983.21
  187              983.65
  188              987.13
  189              992.25
  190              994.65
  191              995.06
  192              996.31
  193             1005.74
  194             1010.67
  195             1013.94
  196             1019.63
  197             1023.62
  198             1023.70
  199             1026.47
  200             1032.88
  201             1042.76
  202             1046.16
  203             1047.32
  204             1049.69
  205             1056.57
  206             1059.61
  207             1063.88
  208             1066.55
  209             1066.83
  210             1071.21
  211             1074.25
  212             1081.40
  213             1085.59
  214             1091.35
  215             1098.90
  216             1107.93
  217             1112.64
  218             1115.74
  219             1117.64
  220             1120.87
  221             1125.38
  222             1127.78
  223             1129.90
  224             1130.69
  225             1137.15
  226             1142.86
  227             1152.81
  228             1154.21
  229             1158.66
  230             1162.78
  231             1166.54
  232             1170.67
  233             1174.27
  234             1177.53
  235             1178.78
  236             1181.67
  237             1186.63
  238             1196.41
  239             1206.59
  240             1208.90
  241             1211.82
  242             1212.31
  243             1214.43
  244             1220.07
  245             1223.29
  246             1224.61
  247             1228.91
  248             1235.15
  249             1235.76
  250             1242.45
  251             1248.50
  252             1250.88
  253             1254.93
  254             1262.14
  255             1268.50
  256             1277.65
  257             1278.38
  258             1281.70
  259             1288.37
  260             1291.46
  261             1292.27
  262             1294.63
  263             1300.22
  264             1301.23
  265             1305.26
  266             1307.77
  267             1313.53
  268             1315.99
  269             1317.12
  270             1330.43
  271             1334.24
  272             1336.57
  273             1338.28
  274             1342.69
  275             1346.01
  276             1349.37
  277             1350.91
  278             1357.38
  279             1358.24
  280             1360.13
  281             1363.78
  282             1364.36
  283             1364.89
  284             1369.01
  285             1374.16
  286             1376.23
  287             1377.10
  288             1384.38
  289             1388.98
  290             1389.85
  291             1395.67
  292             1398.13
  293             1399.12
  294             1399.27
  295             1404.23
  296             1416.50
  297             1421.82
  298             1422.24
  299             1423.78
  300             1427.62
  301             1427.87
  302             1429.03
  303             1432.28
  304             1432.95
  305             1438.36
  306             1443.85
  307             1444.44
  308             1449.17
  309             1452.23
  310             1452.41
  311             1453.37
  312             1454.63
  313             1457.66
  314             1459.55
  315             1459.69
  316             1461.61
  317             1461.75
  318             1466.26
  319             1468.78
  320             1471.50
  321             1481.96
  322             1485.24
  323             1488.96
  324             1491.73
  325             1493.74
  326             1494.31
  327             1496.11
  328             1500.54
  329             1506.17
  330             1506.32
  331             1508.04
  332             1516.58
  333             1517.77
  334             1518.17
  335             1520.45
  336             1529.36
  337             1549.06
  338             1596.39
  339             1631.45
  340             1638.31
  341             1664.68
  342             1691.21
  343             1698.92
  344             1729.68
  345             1783.44
  346             3016.76
  347             3019.80
  348             3022.32
  349             3023.72
  350             3025.97
  351             3027.11
  352             3028.98
  353             3030.47
  354             3031.45
  355             3032.53
  356             3033.27
  357             3034.63
  358             3034.85
  359             3036.68
  360             3038.24
  361             3038.67
  362             3039.80
  363             3041.43
  364             3042.66
  365             3046.61
  366             3047.47
  367             3048.44
  368             3049.65
  369             3050.64
  370             3052.53
  371             3052.93
  372             3053.28
  373             3053.63
  374             3053.86
  375             3055.66
  376             3056.03
  377             3056.48
  378             3057.45
  379             3058.18
  380             3058.25
  381             3059.81
  382             3060.94
  383             3064.67
  384             3065.10
  385             3066.40
  386             3066.85
  387             3068.33
  388             3068.63
  389             3069.04
  390             3069.83
  391             3070.67
  392             3071.30
  393             3073.72
  394             3073.93
  395             3075.20
  396             3076.46
  397             3076.85
  398             3077.20
  399             3077.45
  400             3078.12
  401             3079.43
  402             3080.91
  403             3085.60
  404             3086.16
  405             3086.65
  406             3087.47
  407             3088.04
  408             3088.31
  409             3089.24
  410             3090.27
  411             3090.40
  412             3090.96
  413             3091.18
  414             3093.72
  415             3094.61
  416             3096.76
  417             3099.99
  418             3100.62
  419             3100.68

 Project out translational and rotational motions 

 Degrees of freedom for translational and rotational motions: 6

 Vibrational frequencies:
 mode    frequency (cm-1)
    0              219.25 i (imaginary)
    1              212.28 i (imaginary)
    2              198.62 i (imaginary)
    3              187.38 i (imaginary)
    4              165.36 i (imaginary)
    5              149.72 i (imaginary)
    6               76.28 i (imaginary)
    7               64.74 i (imaginary)
    8               63.57 i (imaginary)
    9               49.94 i (imaginary)
   10               48.22 i (imaginary)
   11               45.54 i (imaginary)
   12               38.73 i (imaginary)
   13               36.77 i (imaginary)
   14               26.05 i (imaginary)
   15               17.56 i (imaginary)
   16                6.41 i (imaginary)
   17               15.08
   18               29.63
   19               32.94
   20               36.88
   21               40.26
   22               48.62
   23               50.49
   24               62.42
   25               65.16
   26               72.26
   27               76.55
   28               77.82
   29               80.85
   30               84.42
   31               87.05
   32               91.11
   33               97.04
   34              101.78
   35              103.82
   36              106.57
   37              110.00
   38              119.38
   39              125.59
   40              128.61
   41              131.46
   42              140.23
   43              140.84
   44              142.90
   45              144.11
   46              147.58
   47              162.26
   48              163.78
   49              164.96
   50              167.66
   51              173.56
   52              178.74
   53              179.74
   54              184.98
   55              189.55
   56              192.81
   57              196.61
   58              199.74
   59              202.58
   60              212.01
   61              213.35
   62              222.55
   63              224.38
   64              232.24
   65              233.91
   66              236.47
   67              241.82
   68              245.27
   69              246.48
   70              251.88
   71              262.04
   72              262.59
   73              267.17
   74              270.61
   75              279.53
   76              281.88
   77              284.62
   78              298.67
   79              306.45
   80              311.98
   81              323.90
   82              329.09
   83              335.43
   84              336.91
   85              341.63
   86              342.46
   87              347.74
   88              362.69
   89              370.07
   90              380.99
   91              381.58
   92              388.66
   93              389.75
   94              395.51
   95              404.52
   96              419.91
   97              423.00
   98              432.30
   99              439.32
  100              443.15
  101              444.99
  102              454.10
  103              455.89
  104              472.71
  105              482.63
  106              493.42
  107              505.90
  108              530.20
  109              540.40
  110              553.04
  111              564.31
  112              566.63
  113              572.69
  114              577.25
  115              579.21
  116              590.08
  117              594.74
  118              604.26
  119              609.95
  120              624.17
  121              636.11
  122              639.30
  123              643.48
  124              657.90
  125              663.56
  126              667.37
  127              671.91
  128              675.96
  129              692.72
  130              698.88
  131              706.56
  132              713.32
  133              713.58
  134              718.59
  135              730.73
  136              736.59
  137              740.78
  138              748.23
  139              751.98
  140              760.37
  141              785.87
  142              791.30
  143              805.13
  144              809.83
  145              816.81
  146              817.15
  147              824.21
  148              826.61
  149              834.83
  150              846.00
  151              849.90
  152              854.47
  153              857.19
  154              860.17
  155              862.73
  156              865.80
  157              871.84
  158              876.46
  159              879.84
  160              882.77
  161              887.01
  162              890.23
  163              904.86
  164              912.74
  165              913.05
  166              914.89
  167              919.50
  168              922.52
  169              926.90
  170              930.01
  171              949.78
  172              950.48
  173              960.68
  174              962.81
  175              963.11
  176              966.42
  177              967.60
  178              976.91
  179              976.99
  180              983.21
  181              983.65
  182              987.13
  183              992.25
  184              994.65
  185              995.06
  186              996.31
  187             1005.74
  188             1010.67
  189             1013.94
  190             1019.63
  191             1023.62
  192             1023.70
  193             1026.47
  194             1032.88
  195             1042.76
  196             1046.15
  197             1047.32
  198             1049.69
  199             1056.57
  200             1059.61
  201             1063.88
  202             1066.55
  203             1066.83
  204             1071.21
  205             1074.25
  206             1081.40
  207             1085.59
  208             1091.35
  209             1098.90
  210             1107.93
  211             1112.64
  212             1115.74
  213             1117.64
  214             1120.87
  215             1125.38
  216             1127.78
  217             1129.90
  218             1130.69
  219             1137.15
  220             1142.86
  221             1152.81
  222             1154.21
  223             1158.66
  224             1162.78
  225             1166.54
  226             1170.67
  227             1174.27
  228             1177.53
  229             1178.78
  230             1181.67
  231             1186.63
  232             1196.41
  233             1206.59
  234             1208.90
  235             1211.82
  236             1212.31
  237             1214.43
  238             1220.07
  239             1223.29
  240             1224.61
  241             1228.91
  242             1235.15
  243             1235.76
  244             1242.45
  245             1248.50
  246             1250.88
  247             1254.93
  248             1262.14
  249             1268.50
  250             1277.65
  251             1278.38
  252             1281.70
  253             1288.37
  254             1291.46
  255             1292.27
  256             1294.63
  257             1300.22
  258             1301.23
  259             1305.26
  260             1307.77
  261             1313.53
  262             1315.99
  263             1317.12
  264             1330.43
  265             1334.24
  266             1336.57
  267             1338.28
  268             1342.69
  269             1346.01
  270             1349.37
  271             1350.91
  272             1357.38
  273             1358.24
  274             1360.13
  275             1363.78
  276             1364.36
  277             1364.89
  278             1369.01
  279             1374.16
  280             1376.23
  281             1377.10
  282             1384.38
  283             1388.98
  284             1389.85
  285             1395.67
  286             1398.13
  287             1399.12
  288             1399.27
  289             1404.23
  290             1416.50
  291             1421.82
  292             1422.24
  293             1423.78
  294             1427.62
  295             1427.87
  296             1429.03
  297             1432.28
  298             1432.95
  299             1438.36
  300             1443.85
  301             1444.44
  302             1449.17
  303             1452.23
  304             1452.41
  305             1453.37
  306             1454.63
  307             1457.66
  308             1459.55
  309             1459.69
  310             1461.61
  311             1461.75
  312             1466.26
  313             1468.78
  314             1471.50
  315             1481.96
  316             1485.24
  317             1488.96
  318             1491.73
  319             1493.74
  320             1494.31
  321             1496.11
  322             1500.54
  323             1506.17
  324             1506.32
  325             1508.04
  326             1516.58
  327             1517.77
  328             1518.17
  329             1520.45
  330             1529.36
  331             1549.06
  332             1596.39
  333             1631.45
  334             1638.31
  335             1664.68
  336             1691.21
  337             1698.92
  338             1729.68
  339             1783.44
  340             3016.76
  341             3019.80
  342             3022.32
  343             3023.72
  344             3025.97
  345             3027.11
  346             3028.98
  347             3030.47
  348             3031.45
  349             3032.53
  350             3033.27
  351             3034.63
  352             3034.85
  353             3036.68
  354             3038.24
  355             3038.67
  356             3039.80
  357             3041.43
  358             3042.66
  359             3046.61
  360             3047.47
  361             3048.44
  362             3049.65
  363             3050.64
  364             3052.53
  365             3052.93
  366             3053.28
  367             3053.63
  368             3053.86
  369             3055.66
  370             3056.03
  371             3056.48
  372             3057.45
  373             3058.18
  374             3058.25
  375             3059.81
  376             3060.94
  377             3064.67
  378             3065.10
  379             3066.40
  380             3066.85
  381             3068.33
  382             3068.63
  383             3069.04
  384             3069.83
  385             3070.67
  386             3071.30
  387             3073.72
  388             3073.93
  389             3075.20
  390             3076.46
  391             3076.85
  392             3077.20
  393             3077.45
  394             3078.12
  395             3079.43
  396             3080.91
  397             3085.60
  398             3086.16
  399             3086.65
  400             3087.47
  401             3088.04
  402             3088.31
  403             3089.24
  404             3090.27
  405             3090.40
  406             3090.96
  407             3091.18
  408             3093.72
  409             3094.61
  410             3096.76
  411             3099.99
  412             3100.62
  413             3100.68
 Saving results in set 'hess'

 --------------------------------------------------------------------------------

 End time:                               Tue Jan 25 14:51:29 2022
 Total wall-clock time:                 23.557 seconds
==================================================================================
