
================================================================================
          _____________ ________ _______________ ________     _________         
         / ___________// ______ \\_____   _____// ______ \   / ________)        
        / /_________  / /      \ \     | |     / /      \ \ | (_______          
       |  __________|| |        | |    | |    | |        | | \________ \        
        \ \_________ | |        | |    | |     \ \______/ /___________) |       
         \__________||_|        |_|    |_|      \________//____________/        
                                                                                
====================================[ Qcore ]===================================

 Git describe: 2.3.0-166-g4178ddb
 Compiler:     GNU 9.1.0
 Build type:   Release
 Version:      2.3.0-166-g4178ddb

 Start time:   Tue Jan 25 14:51:12 2022

 Data directory: /user/home/of15641/.local/src/Qcore/release/share/entos/qcore/data
 Number of threads: 24
 Number of threads was determined by: number of physical cores

 --------------------------------------------------------------------------------
                                 command: hessian                                
 --------------------------------------------------------------------------------

 -------------------------------
  Numerical Geometrical Hessian 
 -------------------------------

 Compute hessian using two-point central differentiation.
 Step size (bohr):                       0.0100

 Frequencies (including translational and rotational modes):
 mode    frequency (cm-1)
    0              277.45 i (imaginary)
    1              234.13 i (imaginary)
    2              215.13 i (imaginary)
    3              214.79 i (imaginary)
    4              197.42 i (imaginary)
    5              167.67 i (imaginary)
    6              149.58 i (imaginary)
    7              109.97 i (imaginary)
    8              101.15 i (imaginary)
    9               84.49 i (imaginary)
   10               80.21 i (imaginary)
   11               58.50 i (imaginary)
   12               48.49 i (imaginary)
   13               34.36 i (imaginary)
   14               29.42 i (imaginary)
   15               11.82 i (imaginary)
   16                3.67 i (imaginary)
   17                1.23 i (imaginary)
   18                0.70 i (imaginary)
   19                1.71
   20               10.42
   21               12.60
   22               16.00
   23               22.17
   24               24.22
   25               29.93
   26               33.24
   27               38.57
   28               39.77
   29               45.04
   30               45.69
   31               49.60
   32               62.37
   33               65.76
   34               70.02
   35               75.41
   36               79.03
   37               80.37
   38               86.27
   39               88.77
   40               91.74
   41               95.12
   42              100.73
   43              104.69
   44              112.39
   45              117.80
   46              122.60
   47              129.42
   48              132.72
   49              137.67
   50              142.08
   51              144.77
   52              154.61
   53              159.29
   54              160.03
   55              161.90
   56              168.24
   57              174.99
   58              180.79
   59              182.80
   60              184.40
   61              186.60
   62              194.96
   63              196.17
   64              201.99
   65              207.57
   66              212.21
   67              219.41
   68              222.25
   69              226.90
   70              229.56
   71              235.47
   72              239.21
   73              240.03
   74              243.65
   75              247.57
   76              250.06
   77              252.85
   78              259.48
   79              264.36
   80              268.02
   81              273.05
   82              278.17
   83              282.61
   84              288.21
   85              295.84
   86              304.17
   87              311.41
   88              318.02
   89              321.21
   90              328.56
   91              338.28
   92              339.21
   93              344.13
   94              350.88
   95              357.21
   96              364.79
   97              379.30
   98              386.45
   99              389.37
  100              395.18
  101              404.86
  102              406.90
  103              412.54
  104              414.66
  105              420.93
  106              431.53
  107              445.81
  108              458.21
  109              465.49
  110              470.25
  111              489.97
  112              492.82
  113              503.41
  114              513.86
  115              541.97
  116              546.10
  117              560.05
  118              569.48
  119              571.26
  120              575.95
  121              580.26
  122              592.47
  123              606.63
  124              615.74
  125              623.65
  126              633.64
  127              639.42
  128              649.09
  129              657.39
  130              664.83
  131              673.73
  132              680.32
  133              684.32
  134              685.99
  135              693.70
  136              703.65
  137              706.50
  138              713.38
  139              723.10
  140              728.85
  141              731.67
  142              736.60
  143              748.51
  144              761.40
  145              765.09
  146              775.17
  147              780.89
  148              798.64
  149              804.96
  150              808.50
  151              810.82
  152              815.72
  153              819.76
  154              827.62
  155              830.58
  156              835.05
  157              840.25
  158              841.90
  159              844.85
  160              848.80
  161              859.16
  162              866.09
  163              882.03
  164              895.21
  165              901.11
  166              902.40
  167              903.92
  168              914.77
  169              916.93
  170              919.23
  171              923.18
  172              929.60
  173              934.68
  174              939.45
  175              944.49
  176              955.54
  177              958.53
  178              960.09
  179              967.59
  180              970.30
  181              974.43
  182              977.70
  183              979.61
  184              980.60
  185              984.16
  186              986.02
  187              988.45
  188              989.29
  189              993.04
  190              993.61
  191             1002.15
  192             1003.53
  193             1012.43
  194             1015.66
  195             1022.05
  196             1023.02
  197             1029.91
  198             1034.22
  199             1038.16
  200             1042.13
  201             1047.53
  202             1051.75
  203             1053.18
  204             1055.63
  205             1058.53
  206             1062.09
  207             1065.68
  208             1069.14
  209             1072.41
  210             1072.56
  211             1083.83
  212             1093.04
  213             1095.95
  214             1099.67
  215             1103.27
  216             1105.05
  217             1115.55
  218             1119.54
  219             1123.55
  220             1127.57
  221             1129.81
  222             1136.10
  223             1138.23
  224             1141.81
  225             1147.03
  226             1147.83
  227             1152.94
  228             1156.01
  229             1156.48
  230             1173.01
  231             1173.53
  232             1180.09
  233             1185.46
  234             1186.45
  235             1188.70
  236             1198.62
  237             1199.04
  238             1203.48
  239             1210.31
  240             1212.52
  241             1219.13
  242             1222.71
  243             1223.12
  244             1229.52
  245             1241.17
  246             1242.06
  247             1245.73
  248             1246.84
  249             1247.55
  250             1253.18
  251             1259.96
  252             1260.80
  253             1267.06
  254             1273.21
  255             1274.61
  256             1279.78
  257             1282.84
  258             1284.89
  259             1287.25
  260             1290.32
  261             1291.30
  262             1295.54
  263             1295.64
  264             1299.01
  265             1301.61
  266             1303.13
  267             1305.51
  268             1309.04
  269             1310.54
  270             1318.20
  271             1320.72
  272             1325.58
  273             1329.04
  274             1329.68
  275             1332.45
  276             1338.64
  277             1339.90
  278             1340.65
  279             1346.19
  280             1347.91
  281             1353.76
  282             1364.54
  283             1365.28
  284             1366.07
  285             1370.78
  286             1373.64
  287             1373.80
  288             1376.12
  289             1376.70
  290             1386.50
  291             1388.67
  292             1390.40
  293             1393.68
  294             1396.96
  295             1400.08
  296             1408.87
  297             1409.22
  298             1413.39
  299             1414.23
  300             1421.34
  301             1427.63
  302             1431.21
  303             1432.81
  304             1432.92
  305             1434.71
  306             1435.79
  307             1436.56
  308             1439.77
  309             1440.44
  310             1446.64
  311             1450.88
  312             1451.57
  313             1459.47
  314             1461.05
  315             1461.89
  316             1468.63
  317             1475.93
  318             1479.80
  319             1480.63
  320             1481.93
  321             1483.21
  322             1487.93
  323             1488.97
  324             1490.84
  325             1491.67
  326             1491.92
  327             1494.05
  328             1496.54
  329             1497.50
  330             1498.51
  331             1501.56
  332             1504.74
  333             1507.72
  334             1509.93
  335             1512.60
  336             1512.98
  337             1515.67
  338             1534.53
  339             1541.57
  340             1543.13
  341             1579.43
  342             1580.39
  343             1625.16
  344             1642.84
  345             1792.58
  346             3014.66
  347             3018.61
  348             3019.43
  349             3021.42
  350             3023.13
  351             3024.97
  352             3026.54
  353             3027.27
  354             3030.20
  355             3031.50
  356             3031.98
  357             3036.05
  358             3036.20
  359             3036.94
  360             3037.35
  361             3041.64
  362             3042.82
  363             3044.38
  364             3045.65
  365             3045.92
  366             3047.42
  367             3048.82
  368             3052.16
  369             3052.32
  370             3052.85
  371             3053.30
  372             3054.46
  373             3055.00
  374             3055.08
  375             3055.38
  376             3055.53
  377             3056.30
  378             3057.08
  379             3057.53
  380             3057.75
  381             3059.07
  382             3060.10
  383             3061.44
  384             3062.05
  385             3063.78
  386             3065.67
  387             3066.30
  388             3066.65
  389             3067.36
  390             3067.55
  391             3067.84
  392             3068.20
  393             3069.01
  394             3070.19
  395             3072.16
  396             3072.42
  397             3072.78
  398             3074.37
  399             3075.23
  400             3076.48
  401             3079.58
  402             3080.27
  403             3081.76
  404             3082.35
  405             3083.54
  406             3084.73
  407             3085.57
  408             3088.15
  409             3089.54
  410             3090.33
  411             3091.64
  412             3092.16
  413             3093.52
  414             3096.42
  415             3097.81
  416             3100.45
  417             3101.10
  418             3112.13
  419             3113.57

 Project out translational and rotational motions 

 Degrees of freedom for translational and rotational motions: 6

 Vibrational frequencies:
 mode    frequency (cm-1)
    0              277.44 i (imaginary)
    1              234.13 i (imaginary)
    2              215.11 i (imaginary)
    3              214.78 i (imaginary)
    4              197.29 i (imaginary)
    5              167.37 i (imaginary)
    6              149.35 i (imaginary)
    7              109.69 i (imaginary)
    8              101.04 i (imaginary)
    9               84.20 i (imaginary)
   10               79.90 i (imaginary)
   11               58.02 i (imaginary)
   12               47.90 i (imaginary)
   13               33.43 i (imaginary)
   14               28.90 i (imaginary)
   15               10.37 i (imaginary)
   16                8.01
   17               19.06
   18               23.75
   19               28.71
   20               31.36
   21               35.88
   22               39.47
   23               44.98
   24               45.36
   25               49.34
   26               62.30
   27               65.39
   28               69.96
   29               75.25
   30               78.73
   31               80.36
   32               86.18
   33               88.71
   34               91.72
   35               94.92
   36              100.70
   37              104.61
   38              112.33
   39              117.72
   40              122.47
   41              129.40
   42              132.69
   43              137.67
   44              142.07
   45              144.74
   46              154.61
   47              159.26
   48              160.03
   49              161.82
   50              168.21
   51              174.96
   52              180.76
   53              182.75
   54              184.38
   55              186.57
   56              194.94
   57              196.14
   58              201.90
   59              207.51
   60              212.19
   61              219.38
   62              222.22
   63              226.86
   64              229.54
   65              235.47
   66              239.20
   67              239.99
   68              243.54
   69              247.57
   70              250.06
   71              252.82
   72              259.47
   73              264.31
   74              268.00
   75              273.05
   76              278.17
   77              282.61
   78              288.21
   79              295.83
   80              304.16
   81              311.40
   82              318.01
   83              321.20
   84              328.55
   85              338.27
   86              339.21
   87              344.12
   88              350.86
   89              357.21
   90              364.78
   91              379.30
   92              386.44
   93              389.37
   94              395.18
   95              404.85
   96              406.90
   97              412.54
   98              414.65
   99              420.93
  100              431.53
  101              445.81
  102              458.21
  103              465.49
  104              470.25
  105              489.97
  106              492.82
  107              503.40
  108              513.86
  109              541.97
  110              546.10
  111              560.05
  112              569.47
  113              571.25
  114              575.95
  115              580.26
  116              592.47
  117              606.63
  118              615.73
  119              623.65
  120              633.64
  121              639.42
  122              649.08
  123              657.38
  124              664.83
  125              673.73
  126              680.32
  127              684.32
  128              685.99
  129              693.70
  130              703.65
  131              706.50
  132              713.38
  133              723.10
  134              728.85
  135              731.67
  136              736.60
  137              748.51
  138              761.39
  139              765.09
  140              775.17
  141              780.89
  142              798.64
  143              804.96
  144              808.50
  145              810.81
  146              815.71
  147              819.75
  148              827.62
  149              830.58
  150              835.05
  151              840.25
  152              841.90
  153              844.85
  154              848.80
  155              859.16
  156              866.09
  157              882.03
  158              895.21
  159              901.11
  160              902.40
  161              903.91
  162              914.77
  163              916.93
  164              919.23
  165              923.18
  166              929.59
  167              934.68
  168              939.45
  169              944.49
  170              955.54
  171              958.53
  172              960.09
  173              967.59
  174              970.29
  175              974.43
  176              977.70
  177              979.61
  178              980.60
  179              984.16
  180              986.02
  181              988.45
  182              989.29
  183              993.04
  184              993.61
  185             1002.15
  186             1003.53
  187             1012.43
  188             1015.66
  189             1022.05
  190             1023.02
  191             1029.91
  192             1034.21
  193             1038.16
  194             1042.13
  195             1047.53
  196             1051.75
  197             1053.18
  198             1055.63
  199             1058.53
  200             1062.09
  201             1065.68
  202             1069.14
  203             1072.41
  204             1072.56
  205             1083.83
  206             1093.04
  207             1095.95
  208             1099.67
  209             1103.27
  210             1105.05
  211             1115.55
  212             1119.54
  213             1123.54
  214             1127.57
  215             1129.81
  216             1136.10
  217             1138.23
  218             1141.81
  219             1147.03
  220             1147.83
  221             1152.94
  222             1156.01
  223             1156.48
  224             1173.01
  225             1173.53
  226             1180.09
  227             1185.46
  228             1186.45
  229             1188.70
  230             1198.62
  231             1199.04
  232             1203.48
  233             1210.31
  234             1212.52
  235             1219.13
  236             1222.71
  237             1223.12
  238             1229.52
  239             1241.17
  240             1242.06
  241             1245.72
  242             1246.84
  243             1247.55
  244             1253.18
  245             1259.96
  246             1260.80
  247             1267.06
  248             1273.21
  249             1274.61
  250             1279.78
  251             1282.84
  252             1284.89
  253             1287.25
  254             1290.32
  255             1291.30
  256             1295.54
  257             1295.64
  258             1299.01
  259             1301.61
  260             1303.13
  261             1305.51
  262             1309.04
  263             1310.54
  264             1318.20
  265             1320.72
  266             1325.58
  267             1329.04
  268             1329.68
  269             1332.45
  270             1338.64
  271             1339.90
  272             1340.65
  273             1346.19
  274             1347.91
  275             1353.76
  276             1364.54
  277             1365.28
  278             1366.07
  279             1370.78
  280             1373.64
  281             1373.80
  282             1376.12
  283             1376.70
  284             1386.50
  285             1388.67
  286             1390.40
  287             1393.68
  288             1396.96
  289             1400.08
  290             1408.87
  291             1409.22
  292             1413.39
  293             1414.23
  294             1421.34
  295             1427.63
  296             1431.21
  297             1432.81
  298             1432.92
  299             1434.71
  300             1435.79
  301             1436.56
  302             1439.77
  303             1440.44
  304             1446.64
  305             1450.88
  306             1451.57
  307             1459.47
  308             1461.05
  309             1461.89
  310             1468.63
  311             1475.93
  312             1479.80
  313             1480.63
  314             1481.93
  315             1483.21
  316             1487.93
  317             1488.97
  318             1490.84
  319             1491.67
  320             1491.92
  321             1494.05
  322             1496.54
  323             1497.50
  324             1498.51
  325             1501.56
  326             1504.74
  327             1507.72
  328             1509.93
  329             1512.60
  330             1512.98
  331             1515.67
  332             1534.53
  333             1541.57
  334             1543.13
  335             1579.43
  336             1580.39
  337             1625.16
  338             1642.84
  339             1792.58
  340             3014.66
  341             3018.61
  342             3019.43
  343             3021.42
  344             3023.13
  345             3024.97
  346             3026.54
  347             3027.27
  348             3030.20
  349             3031.50
  350             3031.98
  351             3036.05
  352             3036.20
  353             3036.94
  354             3037.35
  355             3041.64
  356             3042.82
  357             3044.38
  358             3045.65
  359             3045.92
  360             3047.42
  361             3048.82
  362             3052.16
  363             3052.32
  364             3052.85
  365             3053.30
  366             3054.46
  367             3055.00
  368             3055.08
  369             3055.38
  370             3055.53
  371             3056.30
  372             3057.08
  373             3057.53
  374             3057.75
  375             3059.07
  376             3060.10
  377             3061.44
  378             3062.05
  379             3063.78
  380             3065.67
  381             3066.30
  382             3066.65
  383             3067.36
  384             3067.55
  385             3067.84
  386             3068.20
  387             3069.01
  388             3070.19
  389             3072.16
  390             3072.42
  391             3072.78
  392             3074.37
  393             3075.23
  394             3076.48
  395             3079.58
  396             3080.27
  397             3081.76
  398             3082.35
  399             3083.54
  400             3084.73
  401             3085.57
  402             3088.15
  403             3089.54
  404             3090.33
  405             3091.64
  406             3092.16
  407             3093.52
  408             3096.42
  409             3097.81
  410             3100.45
  411             3101.10
  412             3112.13
  413             3113.57
 Saving results in set 'hess'

 --------------------------------------------------------------------------------

 End time:                               Tue Jan 25 14:51:35 2022
 Total wall-clock time:                 22.773 seconds
==================================================================================
