
================================================================================
          _____________ ________ _______________ ________     _________         
         / ___________// ______ \\_____   _____// ______ \   / ________)        
        / /_________  / /      \ \     | |     / /      \ \ | (_______          
       |  __________|| |        | |    | |    | |        | | \________ \        
        \ \_________ | |        | |    | |     \ \______/ /___________) |       
         \__________||_|        |_|    |_|      \________//____________/        
                                                                                
====================================[ Qcore ]===================================

 Git describe: 2.3.0-166-g4178ddb
 Compiler:     GNU 9.1.0
 Build type:   Release
 Version:      2.3.0-166-g4178ddb

 Start time:   Tue Jan 25 14:51:20 2022

 Data directory: /user/home/of15641/.local/src/Qcore/release/share/entos/qcore/data
 Number of threads: 24
 Number of threads was determined by: number of physical cores

 --------------------------------------------------------------------------------
                                 command: hessian                                
 --------------------------------------------------------------------------------

 -------------------------------
  Numerical Geometrical Hessian 
 -------------------------------

 Compute hessian using two-point central differentiation.
 Step size (bohr):                       0.0100

 Frequencies (including translational and rotational modes):
 mode    frequency (cm-1)
    0              306.32 i (imaginary)
    1              243.60 i (imaginary)
    2              231.13 i (imaginary)
    3              220.06 i (imaginary)
    4              176.13 i (imaginary)
    5              175.10 i (imaginary)
    6              157.21 i (imaginary)
    7              138.59 i (imaginary)
    8              124.13 i (imaginary)
    9               83.15 i (imaginary)
   10               76.95 i (imaginary)
   11               72.10 i (imaginary)
   12               55.75 i (imaginary)
   13               54.59 i (imaginary)
   14               50.76 i (imaginary)
   15               46.06 i (imaginary)
   16               44.54 i (imaginary)
   17               19.11 i (imaginary)
   18               16.53 i (imaginary)
   19                4.21 i (imaginary)
   20                0.69 i (imaginary)
   21                0.53 i (imaginary)
   22                6.26
   23                9.90
   24               15.56
   25               21.81
   26               24.98
   27               30.69
   28               36.65
   29               39.23
   30               43.49
   31               48.37
   32               54.76
   33               56.33
   34               62.01
   35               64.04
   36               72.74
   37               84.41
   38               87.82
   39               96.12
   40               98.75
   41              102.58
   42              104.72
   43              108.71
   44              117.92
   45              121.17
   46              122.79
   47              125.34
   48              126.57
   49              131.58
   50              135.45
   51              138.00
   52              148.83
   53              152.35
   54              155.36
   55              156.94
   56              164.18
   57              170.19
   58              173.47
   59              175.03
   60              184.95
   61              189.45
   62              196.33
   63              200.57
   64              203.01
   65              204.89
   66              216.66
   67              219.97
   68              222.39
   69              227.87
   70              229.40
   71              235.02
   72              235.70
   73              246.49
   74              249.55
   75              256.09
   76              266.16
   77              267.44
   78              279.68
   79              281.16
   80              284.07
   81              290.43
   82              294.20
   83              297.11
   84              307.98
   85              311.03
   86              314.39
   87              320.77
   88              326.23
   89              336.08
   90              342.89
   91              347.83
   92              353.05
   93              360.37
   94              365.89
   95              371.90
   96              373.11
   97              385.67
   98              396.10
   99              400.64
  100              409.18
  101              414.38
  102              419.75
  103              427.66
  104              442.29
  105              445.63
  106              454.44
  107              465.04
  108              465.44
  109              477.90
  110              486.09
  111              491.69
  112              496.70
  113              504.26
  114              522.59
  115              528.88
  116              535.46
  117              548.28
  118              552.10
  119              562.64
  120              562.86
  121              587.59
  122              592.59
  123              596.14
  124              611.66
  125              626.09
  126              631.35
  127              635.76
  128              637.51
  129              647.81
  130              660.48
  131              670.43
  132              675.75
  133              682.88
  134              696.46
  135              701.94
  136              707.19
  137              709.61
  138              714.85
  139              716.66
  140              726.38
  141              730.99
  142              736.96
  143              739.20
  144              754.52
  145              771.79
  146              782.12
  147              796.33
  148              801.53
  149              809.01
  150              810.97
  151              813.58
  152              820.08
  153              822.25
  154              822.75
  155              836.20
  156              838.28
  157              852.72
  158              854.48
  159              860.75
  160              864.52
  161              877.90
  162              886.97
  163              893.38
  164              895.43
  165              905.20
  166              912.81
  167              920.97
  168              927.98
  169              930.14
  170              932.99
  171              937.49
  172              939.10
  173              947.19
  174              949.82
  175              952.46
  176              953.65
  177              955.77
  178              959.89
  179              969.53
  180              970.36
  181              971.38
  182              980.22
  183              985.56
  184              986.82
  185              993.11
  186              998.43
  187             1000.11
  188             1004.51
  189             1006.34
  190             1008.50
  191             1012.09
  192             1013.10
  193             1018.19
  194             1018.74
  195             1023.00
  196             1032.59
  197             1035.03
  198             1043.61
  199             1044.74
  200             1049.36
  201             1057.32
  202             1059.34
  203             1061.37
  204             1064.32
  205             1070.23
  206             1071.46
  207             1072.33
  208             1081.67
  209             1092.32
  210             1094.71
  211             1097.32
  212             1099.57
  213             1101.39
  214             1102.96
  215             1107.25
  216             1111.67
  217             1113.91
  218             1120.16
  219             1120.29
  220             1123.87
  221             1129.01
  222             1133.41
  223             1135.15
  224             1139.02
  225             1140.72
  226             1141.91
  227             1151.61
  228             1152.04
  229             1155.50
  230             1162.43
  231             1166.15
  232             1166.95
  233             1175.33
  234             1177.23
  235             1184.84
  236             1185.62
  237             1193.58
  238             1200.09
  239             1202.62
  240             1219.18
  241             1221.13
  242             1223.46
  243             1227.55
  244             1231.19
  245             1233.95
  246             1236.80
  247             1238.27
  248             1246.18
  249             1246.70
  250             1254.37
  251             1258.86
  252             1260.12
  253             1263.64
  254             1265.01
  255             1270.18
  256             1272.34
  257             1275.93
  258             1277.34
  259             1277.75
  260             1285.64
  261             1289.67
  262             1295.10
  263             1297.67
  264             1302.16
  265             1304.28
  266             1309.32
  267             1312.29
  268             1316.97
  269             1322.29
  270             1325.67
  271             1327.03
  272             1330.14
  273             1336.20
  274             1337.18
  275             1341.59
  276             1343.10
  277             1343.84
  278             1345.31
  279             1346.06
  280             1348.34
  281             1348.69
  282             1352.09
  283             1353.87
  284             1354.72
  285             1357.31
  286             1364.65
  287             1366.26
  288             1370.65
  289             1371.35
  290             1383.77
  291             1384.23
  292             1386.36
  293             1389.90
  294             1395.04
  295             1398.13
  296             1400.41
  297             1408.35
  298             1408.62
  299             1420.90
  300             1424.34
  301             1428.37
  302             1432.02
  303             1437.85
  304             1438.92
  305             1439.45
  306             1439.84
  307             1440.29
  308             1440.44
  309             1440.85
  310             1443.23
  311             1447.53
  312             1451.12
  313             1455.33
  314             1455.57
  315             1456.43
  316             1460.60
  317             1461.75
  318             1465.09
  319             1469.27
  320             1469.64
  321             1479.25
  322             1481.96
  323             1485.34
  324             1489.49
  325             1491.51
  326             1495.06
  327             1502.20
  328             1504.11
  329             1506.20
  330             1509.56
  331             1511.29
  332             1511.57
  333             1512.18
  334             1517.75
  335             1519.54
  336             1529.55
  337             1531.12
  338             1546.09
  339             1573.12
  340             1575.10
  341             1673.63
  342             1737.77
  343             1765.53
  344             1783.11
  345             1834.11
  346             3004.43
  347             3012.75
  348             3015.19
  349             3020.11
  350             3021.81
  351             3022.59
  352             3023.00
  353             3029.99
  354             3032.95
  355             3034.51
  356             3036.25
  357             3036.92
  358             3038.28
  359             3039.19
  360             3040.27
  361             3041.31
  362             3044.63
  363             3045.98
  364             3046.47
  365             3047.47
  366             3047.86
  367             3049.88
  368             3050.98
  369             3051.06
  370             3051.81
  371             3052.17
  372             3052.90
  373             3053.26
  374             3053.93
  375             3054.94
  376             3056.62
  377             3057.46
  378             3058.40
  379             3058.74
  380             3059.75
  381             3060.24
  382             3060.36
  383             3061.47
  384             3062.56
  385             3064.38
  386             3065.12
  387             3065.40
  388             3066.69
  389             3068.04
  390             3068.71
  391             3069.45
  392             3070.83
  393             3072.38
  394             3072.96
  395             3073.17
  396             3074.36
  397             3074.54
  398             3075.36
  399             3075.48
  400             3075.96
  401             3076.57
  402             3079.88
  403             3081.23
  404             3084.29
  405             3084.76
  406             3088.23
  407             3088.45
  408             3088.86
  409             3090.76
  410             3090.92
  411             3092.30
  412             3092.88
  413             3095.19
  414             3097.85
  415             3098.34
  416             3098.92
  417             3099.25
  418             3103.60
  419             3106.34

 Project out translational and rotational motions 

 Degrees of freedom for translational and rotational motions: 6

 Vibrational frequencies:
 mode    frequency (cm-1)
    0              306.30 i (imaginary)
    1              243.58 i (imaginary)
    2              231.12 i (imaginary)
    3              220.06 i (imaginary)
    4              175.88 i (imaginary)
    5              174.73 i (imaginary)
    6              156.95 i (imaginary)
    7              138.49 i (imaginary)
    8              123.88 i (imaginary)
    9               82.79 i (imaginary)
   10               76.82 i (imaginary)
   11               71.45 i (imaginary)
   12               55.64 i (imaginary)
   13               54.25 i (imaginary)
   14               50.41 i (imaginary)
   15               45.14 i (imaginary)
   16               41.79 i (imaginary)
   17               18.86 i (imaginary)
   18               10.37 i (imaginary)
   19               14.91
   20               24.46
   21               29.01
   22               32.40
   23               38.96
   24               40.62
   25               46.92
   26               54.55
   27               56.04
   28               61.77
   29               63.96
   30               72.59
   31               84.26
   32               87.74
   33               95.96
   34               98.75
   35              102.40
   36              104.62
   37              108.67
   38              117.86
   39              121.12
   40              122.72
   41              125.29
   42              126.56
   43              131.49
   44              135.41
   45              137.97
   46              148.79
   47              152.33
   48              155.29
   49              156.88
   50              164.13
   51              170.19
   52              173.46
   53              174.98
   54              184.93
   55              189.44
   56              196.28
   57              200.56
   58              203.00
   59              204.89
   60              216.64
   61              219.96
   62              222.37
   63              227.87
   64              229.39
   65              235.01
   66              235.68
   67              246.49
   68              249.54
   69              256.08
   70              266.07
   71              267.44
   72              279.66
   73              281.16
   74              284.05
   75              290.43
   76              294.20
   77              297.10
   78              307.97
   79              311.03
   80              314.38
   81              320.77
   82              326.23
   83              336.07
   84              342.87
   85              347.81
   86              353.05
   87              360.36
   88              365.89
   89              371.90
   90              373.11
   91              385.66
   92              396.09
   93              400.64
   94              409.18
   95              414.38
   96              419.75
   97              427.65
   98              442.29
   99              445.63
  100              454.43
  101              465.03
  102              465.44
  103              477.90
  104              486.09
  105              491.69
  106              496.70
  107              504.26
  108              522.59
  109              528.87
  110              535.46
  111              548.28
  112              552.09
  113              562.64
  114              562.85
  115              587.58
  116              592.59
  117              596.13
  118              611.64
  119              626.09
  120              631.35
  121              635.76
  122              637.51
  123              647.80
  124              660.48
  125              670.43
  126              675.75
  127              682.88
  128              696.46
  129              701.94
  130              707.19
  131              709.61
  132              714.85
  133              716.66
  134              726.38
  135              730.99
  136              736.96
  137              739.20
  138              754.52
  139              771.79
  140              782.12
  141              796.33
  142              801.53
  143              809.01
  144              810.97
  145              813.58
  146              820.08
  147              822.25
  148              822.75
  149              836.20
  150              838.28
  151              852.72
  152              854.48
  153              860.75
  154              864.52
  155              877.90
  156              886.97
  157              893.38
  158              895.43
  159              905.20
  160              912.81
  161              920.97
  162              927.98
  163              930.14
  164              932.99
  165              937.49
  166              939.10
  167              947.19
  168              949.82
  169              952.46
  170              953.65
  171              955.77
  172              959.89
  173              969.53
  174              970.36
  175              971.38
  176              980.22
  177              985.56
  178              986.82
  179              993.11
  180              998.43
  181             1000.11
  182             1004.51
  183             1006.34
  184             1008.50
  185             1012.09
  186             1013.10
  187             1018.19
  188             1018.73
  189             1023.00
  190             1032.59
  191             1035.03
  192             1043.61
  193             1044.74
  194             1049.36
  195             1057.32
  196             1059.34
  197             1061.37
  198             1064.32
  199             1070.23
  200             1071.46
  201             1072.33
  202             1081.67
  203             1092.31
  204             1094.71
  205             1097.32
  206             1099.57
  207             1101.38
  208             1102.96
  209             1107.25
  210             1111.67
  211             1113.91
  212             1120.15
  213             1120.29
  214             1123.87
  215             1129.01
  216             1133.41
  217             1135.15
  218             1139.02
  219             1140.72
  220             1141.91
  221             1151.61
  222             1152.04
  223             1155.50
  224             1162.43
  225             1166.15
  226             1166.95
  227             1175.33
  228             1177.23
  229             1184.84
  230             1185.62
  231             1193.58
  232             1200.09
  233             1202.62
  234             1219.18
  235             1221.13
  236             1223.46
  237             1227.55
  238             1231.19
  239             1233.95
  240             1236.80
  241             1238.27
  242             1246.18
  243             1246.70
  244             1254.37
  245             1258.86
  246             1260.12
  247             1263.64
  248             1265.01
  249             1270.18
  250             1272.34
  251             1275.93
  252             1277.34
  253             1277.75
  254             1285.64
  255             1289.67
  256             1295.10
  257             1297.67
  258             1302.16
  259             1304.28
  260             1309.32
  261             1312.29
  262             1316.97
  263             1322.29
  264             1325.67
  265             1327.03
  266             1330.14
  267             1336.20
  268             1337.18
  269             1341.59
  270             1343.10
  271             1343.84
  272             1345.31
  273             1346.06
  274             1348.34
  275             1348.69
  276             1352.09
  277             1353.87
  278             1354.72
  279             1357.31
  280             1364.65
  281             1366.26
  282             1370.65
  283             1371.35
  284             1383.77
  285             1384.23
  286             1386.36
  287             1389.90
  288             1395.04
  289             1398.13
  290             1400.41
  291             1408.35
  292             1408.62
  293             1420.90
  294             1424.34
  295             1428.37
  296             1432.02
  297             1437.85
  298             1438.92
  299             1439.45
  300             1439.84
  301             1440.29
  302             1440.44
  303             1440.85
  304             1443.23
  305             1447.53
  306             1451.12
  307             1455.33
  308             1455.57
  309             1456.43
  310             1460.60
  311             1461.75
  312             1465.09
  313             1469.27
  314             1469.64
  315             1479.25
  316             1481.96
  317             1485.34
  318             1489.49
  319             1491.51
  320             1495.06
  321             1502.20
  322             1504.11
  323             1506.20
  324             1509.56
  325             1511.29
  326             1511.57
  327             1512.17
  328             1517.75
  329             1519.54
  330             1529.55
  331             1531.12
  332             1546.09
  333             1573.12
  334             1575.10
  335             1673.63
  336             1737.77
  337             1765.53
  338             1783.11
  339             1834.11
  340             3004.43
  341             3012.75
  342             3015.19
  343             3020.11
  344             3021.81
  345             3022.59
  346             3023.00
  347             3029.99
  348             3032.95
  349             3034.51
  350             3036.25
  351             3036.92
  352             3038.28
  353             3039.19
  354             3040.27
  355             3041.31
  356             3044.63
  357             3045.98
  358             3046.47
  359             3047.47
  360             3047.86
  361             3049.88
  362             3050.98
  363             3051.06
  364             3051.81
  365             3052.17
  366             3052.90
  367             3053.26
  368             3053.93
  369             3054.94
  370             3056.62
  371             3057.46
  372             3058.40
  373             3058.74
  374             3059.75
  375             3060.24
  376             3060.36
  377             3061.47
  378             3062.56
  379             3064.38
  380             3065.12
  381             3065.40
  382             3066.69
  383             3068.04
  384             3068.71
  385             3069.45
  386             3070.83
  387             3072.38
  388             3072.96
  389             3073.17
  390             3074.36
  391             3074.54
  392             3075.36
  393             3075.48
  394             3075.96
  395             3076.57
  396             3079.88
  397             3081.23
  398             3084.29
  399             3084.76
  400             3088.23
  401             3088.45
  402             3088.86
  403             3090.76
  404             3090.92
  405             3092.30
  406             3092.88
  407             3095.19
  408             3097.85
  409             3098.34
  410             3098.92
  411             3099.25
  412             3103.60
  413             3106.34
 Saving results in set 'hess'

 --------------------------------------------------------------------------------

 End time:                               Tue Jan 25 14:51:44 2022
 Total wall-clock time:                 24.398 seconds
==================================================================================
