
================================================================================
          _____________ ________ _______________ ________     _________         
         / ___________// ______ \\_____   _____// ______ \   / ________)        
        / /_________  / /      \ \     | |     / /      \ \ | (_______          
       |  __________|| |        | |    | |    | |        | | \________ \        
        \ \_________ | |        | |    | |     \ \______/ /___________) |       
         \__________||_|        |_|    |_|      \________//____________/        
                                                                                
====================================[ Qcore ]===================================

 Git describe: 2.3.0-166-g4178ddb
 Compiler:     GNU 9.1.0
 Build type:   Release
 Version:      2.3.0-166-g4178ddb

 Start time:   Tue Jan 25 14:50:54 2022

 Data directory: /user/home/of15641/.local/src/Qcore/release/share/entos/qcore/data
 Number of threads: 24
 Number of threads was determined by: number of physical cores

 --------------------------------------------------------------------------------
                                 command: hessian                                
 --------------------------------------------------------------------------------

 -------------------------------
  Numerical Geometrical Hessian 
 -------------------------------

 Compute hessian using two-point central differentiation.
 Step size (bohr):                       0.0100

 Frequencies (including translational and rotational modes):
 mode    frequency (cm-1)
    0              213.73 i (imaginary)
    1              170.12 i (imaginary)
    2              166.73 i (imaginary)
    3              161.55 i (imaginary)
    4              115.50 i (imaginary)
    5              102.50 i (imaginary)
    6               88.78 i (imaginary)
    7               79.65 i (imaginary)
    8               41.93 i (imaginary)
    9               41.72 i (imaginary)
   10               35.47 i (imaginary)
   11               12.55 i (imaginary)
   12                6.75 i (imaginary)
   13                1.88 i (imaginary)
   14                0.90 i (imaginary)
   15                0.61 i (imaginary)
   16                9.52
   17               14.10
   18               16.98
   19               24.99
   20               25.56
   21               29.61
   22               32.38
   23               35.62
   24               37.01
   25               41.58
   26               49.91
   27               52.45
   28               55.42
   29               58.75
   30               63.21
   31               64.71
   32               72.67
   33               75.19
   34               78.11
   35               79.37
   36               82.52
   37               88.00
   38               94.36
   39               99.02
   40              101.02
   41              109.90
   42              112.71
   43              113.63
   44              118.08
   45              118.61
   46              122.40
   47              128.11
   48              135.78
   49              137.74
   50              140.25
   51              144.76
   52              148.04
   53              155.31
   54              158.56
   55              163.79
   56              166.37
   57              169.38
   58              173.32
   59              180.44
   60              181.00
   61              184.37
   62              191.03
   63              195.01
   64              203.38
   65              210.37
   66              214.79
   67              215.12
   68              216.15
   69              221.76
   70              231.77
   71              232.71
   72              234.02
   73              234.55
   74              241.22
   75              245.70
   76              254.22
   77              258.06
   78              262.36
   79              266.31
   80              268.05
   81              275.14
   82              282.20
   83              290.94
   84              294.11
   85              299.94
   86              300.28
   87              307.32
   88              328.98
   89              333.07
   90              339.60
   91              345.57
   92              347.26
   93              350.57
   94              353.45
   95              362.42
   96              369.14
   97              369.55
   98              381.73
   99              390.12
  100              393.26
  101              397.70
  102              403.90
  103              421.69
  104              425.48
  105              436.68
  106              451.33
  107              452.85
  108              460.49
  109              468.66
  110              472.46
  111              476.65
  112              486.31
  113              512.34
  114              535.67
  115              549.04
  116              560.33
  117              560.63
  118              566.01
  119              574.06
  120              576.28
  121              586.23
  122              590.52
  123              593.93
  124              605.81
  125              615.07
  126              623.31
  127              624.93
  128              643.48
  129              659.99
  130              664.05
  131              666.08
  132              668.01
  133              675.07
  134              676.18
  135              677.79
  136              688.90
  137              694.52
  138              702.46
  139              705.26
  140              719.34
  141              730.05
  142              740.33
  143              742.13
  144              753.13
  145              759.48
  146              767.65
  147              772.65
  148              778.06
  149              795.21
  150              804.76
  151              813.14
  152              815.90
  153              822.40
  154              823.24
  155              825.02
  156              836.38
  157              837.20
  158              842.94
  159              847.58
  160              853.33
  161              858.59
  162              860.00
  163              868.65
  164              880.98
  165              882.54
  166              892.07
  167              894.77
  168              898.30
  169              903.27
  170              914.39
  171              924.60
  172              930.51
  173              931.11
  174              943.25
  175              945.29
  176              947.67
  177              950.95
  178              953.43
  179              959.38
  180              960.73
  181              961.05
  182              962.16
  183              970.63
  184              971.64
  185              975.99
  186              978.93
  187              982.50
  188              983.81
  189              990.73
  190              997.65
  191             1004.18
  192             1005.90
  193             1007.51
  194             1009.68
  195             1014.67
  196             1017.26
  197             1020.72
  198             1028.74
  199             1034.04
  200             1039.74
  201             1043.05
  202             1053.57
  203             1057.03
  204             1059.15
  205             1070.89
  206             1071.68
  207             1074.99
  208             1081.93
  209             1088.77
  210             1091.47
  211             1093.86
  212             1095.87
  213             1101.07
  214             1104.23
  215             1111.62
  216             1112.55
  217             1117.19
  218             1120.05
  219             1121.72
  220             1127.88
  221             1132.49
  222             1135.84
  223             1138.57
  224             1138.95
  225             1140.47
  226             1149.22
  227             1157.39
  228             1160.17
  229             1162.02
  230             1165.23
  231             1170.73
  232             1172.13
  233             1174.91
  234             1182.97
  235             1183.40
  236             1190.89
  237             1192.17
  238             1198.04
  239             1202.25
  240             1204.24
  241             1208.39
  242             1212.94
  243             1218.00
  244             1221.91
  245             1222.33
  246             1224.43
  247             1226.93
  248             1230.18
  249             1232.05
  250             1235.59
  251             1241.20
  252             1250.42
  253             1255.97
  254             1258.68
  255             1261.76
  256             1265.41
  257             1278.53
  258             1279.64
  259             1283.50
  260             1285.40
  261             1286.73
  262             1288.76
  263             1294.53
  264             1296.50
  265             1297.90
  266             1298.45
  267             1301.43
  268             1306.30
  269             1310.50
  270             1313.00
  271             1315.42
  272             1316.60
  273             1319.07
  274             1329.14
  275             1333.40
  276             1335.52
  277             1335.72
  278             1340.99
  279             1344.04
  280             1344.87
  281             1349.73
  282             1351.67
  283             1352.19
  284             1357.17
  285             1357.85
  286             1359.35
  287             1363.29
  288             1366.86
  289             1367.26
  290             1369.30
  291             1372.45
  292             1373.86
  293             1374.49
  294             1375.45
  295             1386.72
  296             1392.33
  297             1397.46
  298             1400.52
  299             1403.12
  300             1423.39
  301             1424.68
  302             1432.51
  303             1433.50
  304             1436.02
  305             1436.07
  306             1437.72
  307             1440.56
  308             1442.57
  309             1443.30
  310             1443.92
  311             1453.13
  312             1454.28
  313             1454.74
  314             1455.34
  315             1458.72
  316             1463.20
  317             1467.95
  318             1474.40
  319             1481.33
  320             1482.94
  321             1488.88
  322             1490.83
  323             1491.96
  324             1493.33
  325             1493.37
  326             1495.21
  327             1496.71
  328             1498.76
  329             1503.22
  330             1505.83
  331             1506.61
  332             1508.38
  333             1510.19
  334             1514.11
  335             1516.69
  336             1522.58
  337             1524.88
  338             1525.26
  339             1532.49
  340             1570.01
  341             1572.84
  342             1585.43
  343             1586.98
  344             1605.03
  345             1609.82
  346             3015.93
  347             3019.39
  348             3021.06
  349             3022.12
  350             3025.19
  351             3027.43
  352             3028.64
  353             3029.28
  354             3029.78
  355             3030.85
  356             3034.90
  357             3035.38
  358             3036.53
  359             3038.77
  360             3041.26
  361             3041.43
  362             3043.16
  363             3045.14
  364             3048.54
  365             3049.77
  366             3051.51
  367             3052.03
  368             3052.76
  369             3053.20
  370             3053.32
  371             3053.72
  372             3055.73
  373             3056.41
  374             3056.69
  375             3056.81
  376             3058.76
  377             3059.70
  378             3059.91
  379             3062.28
  380             3062.74
  381             3063.11
  382             3063.58
  383             3063.92
  384             3063.93
  385             3066.54
  386             3066.56
  387             3068.39
  388             3069.19
  389             3070.13
  390             3070.21
  391             3070.35
  392             3071.53
  393             3072.34
  394             3073.67
  395             3074.13
  396             3075.09
  397             3075.52
  398             3076.51
  399             3077.26
  400             3078.74
  401             3079.53
  402             3080.37
  403             3083.19
  404             3084.34
  405             3085.32
  406             3086.24
  407             3086.54
  408             3088.03
  409             3088.57
  410             3089.76
  411             3092.42
  412             3094.32
  413             3097.15
  414             3097.75
  415             3097.96
  416             3099.23
  417             3103.01
  418             3104.30
  419             3107.69

 Project out translational and rotational motions 

 Degrees of freedom for translational and rotational motions: 6

 Vibrational frequencies:
 mode    frequency (cm-1)
    0              213.71 i (imaginary)
    1              170.10 i (imaginary)
    2              166.59 i (imaginary)
    3              161.52 i (imaginary)
    4              115.19 i (imaginary)
    5              102.40 i (imaginary)
    6               88.72 i (imaginary)
    7               79.28 i (imaginary)
    8               41.72 i (imaginary)
    9               41.46 i (imaginary)
   10               34.39 i (imaginary)
   11               11.33 i (imaginary)
   12               11.15
   13               15.44
   14               25.49
   15               28.09
   16               29.06
   17               35.13
   18               36.79
   19               40.79
   20               49.89
   21               52.36
   22               54.60
   23               58.65
   24               63.19
   25               64.67
   26               72.37
   27               75.16
   28               78.02
   29               79.12
   30               82.28
   31               87.88
   32               94.36
   33               98.99
   34              100.98
   35              109.88
   36              112.60
   37              113.45
   38              117.91
   39              118.60
   40              122.22
   41              128.08
   42              135.74
   43              137.74
   44              140.18
   45              144.75
   46              148.03
   47              155.30
   48              158.52
   49              163.72
   50              166.36
   51              169.38
   52              173.31
   53              180.38
   54              180.96
   55              184.23
   56              191.02
   57              194.98
   58              203.35
   59              210.36
   60              214.79
   61              215.11
   62              216.14
   63              221.70
   64              231.76
   65              232.71
   66              233.99
   67              234.53
   68              241.19
   69              245.70
   70              254.17
   71              258.05
   72              262.35
   73              266.29
   74              268.05
   75              275.13
   76              282.19
   77              290.92
   78              294.10
   79              299.94
   80              300.28
   81              307.32
   82              328.98
   83              333.06
   84              339.60
   85              345.57
   86              347.26
   87              350.56
   88              353.44
   89              362.42
   90              369.13
   91              369.55
   92              381.72
   93              390.12
   94              393.26
   95              397.69
   96              403.90
   97              421.69
   98              425.47
   99              436.67
  100              451.33
  101              452.84
  102              460.48
  103              468.65
  104              472.46
  105              476.65
  106              486.30
  107              512.34
  108              535.66
  109              549.03
  110              560.33
  111              560.62
  112              566.01
  113              574.06
  114              576.28
  115              586.22
  116              590.52
  117              593.93
  118              605.80
  119              615.07
  120              623.31
  121              624.92
  122              643.48
  123              659.99
  124              664.05
  125              666.08
  126              668.01
  127              675.07
  128              676.18
  129              677.79
  130              688.90
  131              694.52
  132              702.46
  133              705.26
  134              719.34
  135              730.05
  136              740.33
  137              742.13
  138              753.12
  139              759.48
  140              767.65
  141              772.65
  142              778.06
  143              795.21
  144              804.76
  145              813.14
  146              815.90
  147              822.40
  148              823.24
  149              825.02
  150              836.38
  151              837.20
  152              842.94
  153              847.57
  154              853.33
  155              858.59
  156              860.00
  157              868.65
  158              880.98
  159              882.54
  160              892.07
  161              894.77
  162              898.30
  163              903.27
  164              914.39
  165              924.60
  166              930.51
  167              931.11
  168              943.25
  169              945.29
  170              947.67
  171              950.95
  172              953.43
  173              959.38
  174              960.73
  175              961.05
  176              962.16
  177              970.63
  178              971.64
  179              975.99
  180              978.93
  181              982.50
  182              983.81
  183              990.73
  184              997.65
  185             1004.17
  186             1005.90
  187             1007.51
  188             1009.68
  189             1014.67
  190             1017.26
  191             1020.72
  192             1028.74
  193             1034.04
  194             1039.74
  195             1043.05
  196             1053.57
  197             1057.03
  198             1059.15
  199             1070.89
  200             1071.68
  201             1074.99
  202             1081.93
  203             1088.77
  204             1091.47
  205             1093.86
  206             1095.87
  207             1101.07
  208             1104.23
  209             1111.62
  210             1112.55
  211             1117.19
  212             1120.04
  213             1121.72
  214             1127.88
  215             1132.49
  216             1135.84
  217             1138.56
  218             1138.95
  219             1140.47
  220             1149.22
  221             1157.39
  222             1160.17
  223             1162.02
  224             1165.23
  225             1170.73
  226             1172.13
  227             1174.91
  228             1182.97
  229             1183.40
  230             1190.89
  231             1192.17
  232             1198.04
  233             1202.25
  234             1204.24
  235             1208.39
  236             1212.94
  237             1218.00
  238             1221.91
  239             1222.33
  240             1224.43
  241             1226.93
  242             1230.18
  243             1232.05
  244             1235.59
  245             1241.20
  246             1250.42
  247             1255.97
  248             1258.68
  249             1261.76
  250             1265.41
  251             1278.53
  252             1279.63
  253             1283.50
  254             1285.40
  255             1286.73
  256             1288.76
  257             1294.53
  258             1296.50
  259             1297.90
  260             1298.45
  261             1301.43
  262             1306.30
  263             1310.50
  264             1313.00
  265             1315.42
  266             1316.60
  267             1319.07
  268             1329.14
  269             1333.40
  270             1335.52
  271             1335.72
  272             1340.99
  273             1344.04
  274             1344.87
  275             1349.73
  276             1351.67
  277             1352.19
  278             1357.17
  279             1357.85
  280             1359.35
  281             1363.29
  282             1366.86
  283             1367.26
  284             1369.30
  285             1372.45
  286             1373.86
  287             1374.49
  288             1375.45
  289             1386.72
  290             1392.33
  291             1397.45
  292             1400.52
  293             1403.12
  294             1423.39
  295             1424.68
  296             1432.51
  297             1433.50
  298             1436.02
  299             1436.07
  300             1437.72
  301             1440.56
  302             1442.57
  303             1443.30
  304             1443.92
  305             1453.13
  306             1454.28
  307             1454.74
  308             1455.34
  309             1458.72
  310             1463.20
  311             1467.95
  312             1474.40
  313             1481.33
  314             1482.94
  315             1488.88
  316             1490.83
  317             1491.96
  318             1493.33
  319             1493.37
  320             1495.21
  321             1496.71
  322             1498.76
  323             1503.22
  324             1505.83
  325             1506.61
  326             1508.38
  327             1510.19
  328             1514.11
  329             1516.69
  330             1522.58
  331             1524.88
  332             1525.26
  333             1532.49
  334             1570.01
  335             1572.84
  336             1585.43
  337             1586.98
  338             1605.03
  339             1609.82
  340             3015.93
  341             3019.39
  342             3021.06
  343             3022.12
  344             3025.19
  345             3027.43
  346             3028.64
  347             3029.28
  348             3029.78
  349             3030.85
  350             3034.90
  351             3035.38
  352             3036.53
  353             3038.77
  354             3041.26
  355             3041.43
  356             3043.16
  357             3045.14
  358             3048.54
  359             3049.77
  360             3051.51
  361             3052.03
  362             3052.76
  363             3053.20
  364             3053.32
  365             3053.72
  366             3055.73
  367             3056.41
  368             3056.69
  369             3056.81
  370             3058.76
  371             3059.70
  372             3059.91
  373             3062.28
  374             3062.74
  375             3063.11
  376             3063.58
  377             3063.92
  378             3063.93
  379             3066.54
  380             3066.56
  381             3068.39
  382             3069.19
  383             3070.13
  384             3070.21
  385             3070.35
  386             3071.53
  387             3072.34
  388             3073.67
  389             3074.13
  390             3075.09
  391             3075.52
  392             3076.51
  393             3077.26
  394             3078.74
  395             3079.53
  396             3080.37
  397             3083.19
  398             3084.34
  399             3085.32
  400             3086.24
  401             3086.54
  402             3088.03
  403             3088.57
  404             3089.76
  405             3092.42
  406             3094.32
  407             3097.15
  408             3097.75
  409             3097.96
  410             3099.23
  411             3103.01
  412             3104.30
  413             3107.69
 Saving results in set 'hess'

 --------------------------------------------------------------------------------

 End time:                               Tue Jan 25 14:51:18 2022
 Total wall-clock time:                 23.756 seconds
==================================================================================
