
================================================================================
          _____________ ________ _______________ ________     _________         
         / ___________// ______ \\_____   _____// ______ \   / ________)        
        / /_________  / /      \ \     | |     / /      \ \ | (_______          
       |  __________|| |        | |    | |    | |        | | \________ \        
        \ \_________ | |        | |    | |     \ \______/ /___________) |       
         \__________||_|        |_|    |_|      \________//____________/        
                                                                                
====================================[ Qcore ]===================================

 Git describe: 2.3.0-172-g9c7d846
 Compiler:     GNU 9.1.0
 Build type:   Release
 Version:      2.3.0-172-g9c7d846

 Start time:   Wed Feb 16 20:37:49 2022

 Data directory: /user/home/of15641/.local/src/Qcore/release/share/entos/qcore/data
 Number of threads: 32
 Number of threads was determined by: number of physical cores

 --------------------------------------------------------------------------------
                                 command: hessian                                
 --------------------------------------------------------------------------------

 -------------------------------
  Numerical Geometrical Hessian 
 -------------------------------

 Compute hessian using two-point central differentiation.
 Step size (bohr):                       0.0100

 Frequencies (including translational and rotational modes):
 mode    frequency (cm-1)
    0              231.79 i (imaginary)
    1              182.10 i (imaginary)
    2              137.48 i (imaginary)
    3              133.86 i (imaginary)
    4              106.06 i (imaginary)
    5                9.86 i (imaginary)
    6                4.20 i (imaginary)
    7                1.67 i (imaginary)
    8                0.58 i (imaginary)
    9               15.90
   10               23.19
   11               24.92
   12               38.51
   13               42.61
   14               45.51
   15               46.67
   16               48.75
   17               51.02
   18               61.55
   19               67.00
   20               70.04
   21               72.30
   22               73.95
   23               78.56
   24               82.33
   25               89.92
   26               92.01
   27               96.86
   28               99.51
   29              103.94
   30              113.06
   31              115.05
   32              117.35
   33              122.95
   34              125.42
   35              129.52
   36              131.31
   37              136.76
   38              141.23
   39              143.42
   40              145.97
   41              152.33
   42              155.01
   43              156.05
   44              162.99
   45              170.18
   46              176.21
   47              181.91
   48              189.17
   49              189.96
   50              193.46
   51              195.45
   52              199.13
   53              200.49
   54              202.58
   55              205.04
   56              209.34
   57              215.25
   58              216.63
   59              220.14
   60              221.66
   61              224.30
   62              228.22
   63              232.29
   64              235.43
   65              239.24
   66              250.27
   67              256.90
   68              262.61
   69              265.26
   70              268.84
   71              274.19
   72              279.40
   73              280.30
   74              283.41
   75              291.00
   76              293.09
   77              295.84
   78              304.86
   79              313.62
   80              316.54
   81              319.83
   82              325.95
   83              332.06
   84              333.06
   85              334.42
   86              341.17
   87              343.65
   88              345.06
   89              348.27
   90              357.35
   91              359.84
   92              365.08
   93              369.15
   94              374.92
   95              376.07
   96              377.45
   97              386.01
   98              387.20
   99              393.63
  100              403.70
  101              403.83
  102              407.88
  103              419.40
  104              425.41
  105              431.34
  106              437.58
  107              447.28
  108              453.40
  109              468.92
  110              482.46
  111              486.18
  112              489.44
  113              495.27
  114              498.77
  115              514.86
  116              520.58
  117              539.98
  118              544.79
  119              556.14
  120              560.06
  121              560.25
  122              564.95
  123              572.53
  124              595.40
  125              603.34
  126              623.72
  127              628.11
  128              629.86
  129              632.30
  130              642.30
  131              652.68
  132              663.81
  133              672.35
  134              682.30
  135              688.09
  136              689.80
  137              693.27
  138              701.85
  139              711.97
  140              722.08
  141              728.56
  142              734.33
  143              735.13
  144              741.65
  145              743.88
  146              746.39
  147              754.21
  148              759.54
  149              766.07
  150              769.39
  151              776.13
  152              784.82
  153              798.50
  154              802.02
  155              806.13
  156              812.28
  157              816.78
  158              823.95
  159              826.13
  160              833.93
  161              835.38
  162              843.33
  163              850.43
  164              852.17
  165              853.00
  166              855.68
  167              865.39
  168              869.65
  169              877.49
  170              877.55
  171              880.47
  172              886.10
  173              887.06
  174              888.37
  175              893.86
  176              900.12
  177              906.51
  178              908.56
  179              910.60
  180              912.76
  181              916.33
  182              919.34
  183              921.59
  184              925.74
  185              933.30
  186              935.25
  187              938.61
  188              939.73
  189              942.96
  190              945.33
  191              948.18
  192              952.15
  193              957.00
  194              959.42
  195              964.00
  196              968.35
  197              970.75
  198              973.43
  199              981.69
  200              983.79
  201              988.26
  202              990.18
  203              996.67
  204              997.83
  205              999.97
  206             1001.37
  207             1011.52
  208             1012.48
  209             1013.47
  210             1017.86
  211             1021.00
  212             1030.03
  213             1034.86
  214             1047.47
  215             1049.19
  216             1051.14
  217             1052.69
  218             1058.23
  219             1062.09
  220             1067.26
  221             1073.27
  222             1078.94
  223             1081.68
  224             1084.18
  225             1095.53
  226             1096.49
  227             1101.77
  228             1104.69
  229             1111.79
  230             1113.06
  231             1119.91
  232             1124.61
  233             1125.73
  234             1129.74
  235             1136.69
  236             1140.68
  237             1141.76
  238             1147.91
  239             1152.07
  240             1159.62
  241             1162.61
  242             1163.88
  243             1165.35
  244             1170.61
  245             1183.35
  246             1183.79
  247             1187.17
  248             1188.57
  249             1190.95
  250             1197.52
  251             1198.50
  252             1199.52
  253             1203.80
  254             1205.37
  255             1215.51
  256             1217.42
  257             1217.89
  258             1223.20
  259             1225.23
  260             1234.28
  261             1235.38
  262             1244.54
  263             1254.56
  264             1256.12
  265             1262.68
  266             1267.47
  267             1271.71
  268             1273.08
  269             1279.60
  270             1281.04
  271             1282.38
  272             1287.85
  273             1291.88
  274             1294.86
  275             1300.50
  276             1302.18
  277             1303.09
  278             1308.40
  279             1310.02
  280             1321.50
  281             1322.46
  282             1324.06
  283             1326.82
  284             1333.57
  285             1336.78
  286             1339.80
  287             1341.31
  288             1346.52
  289             1350.57
  290             1353.55
  291             1353.69
  292             1354.65
  293             1355.76
  294             1356.76
  295             1357.37
  296             1360.59
  297             1360.72
  298             1360.91
  299             1361.21
  300             1362.77
  301             1363.80
  302             1366.29
  303             1370.24
  304             1372.28
  305             1374.03
  306             1374.71
  307             1375.75
  308             1378.50
  309             1381.49
  310             1382.07
  311             1384.48
  312             1388.95
  313             1389.21
  314             1390.24
  315             1391.37
  316             1392.64
  317             1393.85
  318             1398.83
  319             1400.66
  320             1401.88
  321             1402.56
  322             1402.73
  323             1409.34
  324             1413.35
  325             1418.16
  326             1420.24
  327             1429.78
  328             1438.57
  329             1439.00
  330             1447.75
  331             1455.78
  332             1465.31
  333             1465.64
  334             1478.12
  335             1491.68
  336             1502.20
  337             1512.18
  338             1537.04
  339             1605.89
  340             1643.08
  341             1680.25
  342             1725.23
  343             1752.78
  344             1768.47
  345             1778.57
  346             2809.02
  347             2857.15
  348             2872.51
  349             2883.73
  350             2886.76
  351             2895.93
  352             2904.21
  353             2912.01
  354             2913.77
  355             2914.59
  356             2931.75
  357             2936.96
  358             2939.76
  359             2943.27
  360             2943.92
  361             2944.38
  362             2945.93
  363             2948.59
  364             2949.18
  365             2949.71
  366             2952.59
  367             2952.84
  368             2961.54
  369             2963.20
  370             2970.65
  371             2974.37
  372             2975.61
  373             2980.16
  374             2987.56
  375             2990.56
  376             2992.18
  377             2992.78
  378             2996.01
  379             2996.93
  380             3002.75
  381             3006.33
  382             3010.77
  383             3016.99
  384             3020.55
  385             3027.36
  386             3035.61
  387             3037.29
  388             3037.82
  389             3039.10
  390             3041.93
  391             3042.42
  392             3045.50
  393             3046.23
  394             3046.72
  395             3047.15
  396             3049.47
  397             3050.84
  398             3057.73
  399             3063.40
  400             3070.24
  401             3071.79
  402             3073.92
  403             3076.80
  404             3080.07
  405             3082.10
  406             3084.75
  407             3087.06
  408             3087.35
  409             3088.74
  410             3089.44
  411             3094.85
  412             3096.35
  413             3100.00
  414             3102.14
  415             3107.72
  416             3123.11
  417             3129.33
  418             3135.43
  419             3201.86

 Project out translational and rotational motions 

 Degrees of freedom for translational and rotational motions: 6

 Vibrational frequencies:
 mode    frequency (cm-1)
    0              231.77 i (imaginary)
    1              182.08 i (imaginary)
    2              137.46 i (imaginary)
    3              133.85 i (imaginary)
    4              105.84 i (imaginary)
    5               21.32
    6               24.45
    7               38.34
    8               44.00
    9               45.59
   10               48.12
   11               49.47
   12               59.35
   13               64.53
   14               69.98
   15               71.32
   16               73.74
   17               77.77
   18               82.24
   19               89.49
   20               91.88
   21               96.61
   22               99.49
   23              102.69
   24              113.01
   25              115.00
   26              117.11
   27              122.85
   28              125.38
   29              129.34
   30              131.22
   31              136.69
   32              141.15
   33              143.40
   34              145.95
   35              152.29
   36              154.96
   37              155.98
   38              162.83
   39              170.16
   40              176.20
   41              181.60
   42              189.17
   43              189.92
   44              193.45
   45              195.40
   46              199.12
   47              200.43
   48              202.57
   49              204.98
   50              209.18
   51              215.25
   52              216.53
   53              220.13
   54              221.64
   55              224.07
   56              228.18
   57              232.24
   58              235.37
   59              239.22
   60              250.24
   61              256.82
   62              262.59
   63              265.20
   64              268.66
   65              274.19
   66              279.39
   67              280.30
   68              283.40
   69              290.99
   70              293.09
   71              295.82
   72              304.85
   73              313.62
   74              316.51
   75              319.82
   76              325.92
   77              332.05
   78              333.04
   79              334.41
   80              341.15
   81              343.65
   82              345.06
   83              348.27
   84              357.33
   85              359.83
   86              365.08
   87              369.14
   88              374.92
   89              376.07
   90              377.44
   91              386.01
   92              387.20
   93              393.62
   94              403.70
   95              403.82
   96              407.80
   97              419.39
   98              425.40
   99              431.34
  100              437.57
  101              447.28
  102              453.39
  103              468.92
  104              482.46
  105              486.17
  106              489.44
  107              495.27
  108              498.77
  109              514.85
  110              520.57
  111              539.98
  112              544.78
  113              556.14
  114              560.05
  115              560.25
  116              564.95
  117              572.53
  118              595.38
  119              603.34
  120              623.71
  121              628.11
  122              629.85
  123              632.30
  124              642.30
  125              652.68
  126              663.81
  127              672.35
  128              682.30
  129              688.09
  130              689.80
  131              693.27
  132              701.85
  133              711.97
  134              722.08
  135              728.56
  136              734.33
  137              735.12
  138              741.64
  139              743.88
  140              746.39
  141              754.21
  142              759.53
  143              766.07
  144              769.39
  145              776.13
  146              784.82
  147              798.50
  148              802.02
  149              806.12
  150              812.27
  151              816.77
  152              823.95
  153              826.13
  154              833.93
  155              835.38
  156              843.33
  157              850.43
  158              852.17
  159              853.00
  160              855.68
  161              865.39
  162              869.65
  163              877.49
  164              877.54
  165              880.47
  166              886.09
  167              887.05
  168              888.36
  169              893.86
  170              900.12
  171              906.51
  172              908.55
  173              910.60
  174              912.76
  175              916.33
  176              919.34
  177              921.59
  178              925.74
  179              933.30
  180              935.25
  181              938.61
  182              939.72
  183              942.96
  184              945.33
  185              948.17
  186              952.15
  187              957.00
  188              959.42
  189              963.99
  190              968.35
  191              970.75
  192              973.43
  193              981.69
  194              983.79
  195              988.26
  196              990.18
  197              996.67
  198              997.83
  199              999.97
  200             1001.37
  201             1011.52
  202             1012.48
  203             1013.47
  204             1017.86
  205             1021.00
  206             1030.03
  207             1034.86
  208             1047.47
  209             1049.19
  210             1051.14
  211             1052.69
  212             1058.23
  213             1062.09
  214             1067.26
  215             1073.26
  216             1078.93
  217             1081.68
  218             1084.18
  219             1095.53
  220             1096.49
  221             1101.77
  222             1104.69
  223             1111.79
  224             1113.06
  225             1119.91
  226             1124.61
  227             1125.73
  228             1129.74
  229             1136.68
  230             1140.68
  231             1141.76
  232             1147.91
  233             1152.07
  234             1159.62
  235             1162.61
  236             1163.88
  237             1165.35
  238             1170.61
  239             1183.35
  240             1183.79
  241             1187.16
  242             1188.57
  243             1190.95
  244             1197.52
  245             1198.50
  246             1199.52
  247             1203.80
  248             1205.37
  249             1215.51
  250             1217.42
  251             1217.89
  252             1223.20
  253             1225.23
  254             1234.28
  255             1235.38
  256             1244.54
  257             1254.56
  258             1256.12
  259             1262.68
  260             1267.47
  261             1271.71
  262             1273.08
  263             1279.60
  264             1281.04
  265             1282.38
  266             1287.85
  267             1291.88
  268             1294.86
  269             1300.50
  270             1302.18
  271             1303.09
  272             1308.40
  273             1310.02
  274             1321.50
  275             1322.46
  276             1324.06
  277             1326.82
  278             1333.57
  279             1336.78
  280             1339.80
  281             1341.31
  282             1346.52
  283             1350.56
  284             1353.55
  285             1353.69
  286             1354.65
  287             1355.76
  288             1356.75
  289             1357.37
  290             1360.59
  291             1360.72
  292             1360.91
  293             1361.21
  294             1362.77
  295             1363.80
  296             1366.29
  297             1370.24
  298             1372.28
  299             1374.03
  300             1374.71
  301             1375.75
  302             1378.50
  303             1381.49
  304             1382.07
  305             1384.48
  306             1388.95
  307             1389.21
  308             1390.24
  309             1391.37
  310             1392.64
  311             1393.85
  312             1398.83
  313             1400.66
  314             1401.88
  315             1402.56
  316             1402.73
  317             1409.34
  318             1413.35
  319             1418.16
  320             1420.24
  321             1429.78
  322             1438.57
  323             1439.00
  324             1447.75
  325             1455.78
  326             1465.31
  327             1465.64
  328             1478.12
  329             1491.68
  330             1502.20
  331             1512.18
  332             1537.04
  333             1605.89
  334             1643.08
  335             1680.25
  336             1725.23
  337             1752.78
  338             1768.47
  339             1778.57
  340             2809.02
  341             2857.15
  342             2872.51
  343             2883.73
  344             2886.76
  345             2895.93
  346             2904.21
  347             2912.01
  348             2913.77
  349             2914.59
  350             2931.75
  351             2936.96
  352             2939.76
  353             2943.27
  354             2943.92
  355             2944.38
  356             2945.93
  357             2948.59
  358             2949.18
  359             2949.71
  360             2952.59
  361             2952.84
  362             2961.54
  363             2963.20
  364             2970.65
  365             2974.37
  366             2975.61
  367             2980.16
  368             2987.56
  369             2990.56
  370             2992.18
  371             2992.78
  372             2996.01
  373             2996.93
  374             3002.75
  375             3006.33
  376             3010.77
  377             3016.99
  378             3020.55
  379             3027.36
  380             3035.61
  381             3037.29
  382             3037.82
  383             3039.10
  384             3041.93
  385             3042.42
  386             3045.50
  387             3046.23
  388             3046.72
  389             3047.15
  390             3049.47
  391             3050.84
  392             3057.73
  393             3063.40
  394             3070.24
  395             3071.79
  396             3073.92
  397             3076.80
  398             3080.07
  399             3082.10
  400             3084.75
  401             3087.06
  402             3087.35
  403             3088.74
  404             3089.44
  405             3094.85
  406             3096.35
  407             3100.00
  408             3102.14
  409             3107.72
  410             3123.11
  411             3129.33
  412             3135.43
  413             3201.86
 Saving results in set 'hess'

 --------------------------------------------------------------------------------

 End time:                               Wed Feb 16 20:38:18 2022
 Total wall-clock time:                 29.407 seconds
==================================================================================
