
================================================================================
          _____________ ________ _______________ ________     _________         
         / ___________// ______ \\_____   _____// ______ \   / ________)        
        / /_________  / /      \ \     | |     / /      \ \ | (_______          
       |  __________|| |        | |    | |    | |        | | \________ \        
        \ \_________ | |        | |    | |     \ \______/ /___________) |       
         \__________||_|        |_|    |_|      \________//____________/        
                                                                                
====================================[ Qcore ]===================================

 Git describe: 2.3.0-176-gdef5730
 Compiler:     GNU 9.1.0
 Build type:   Release
 Version:      2.3.0-176-gdef5730

 Start time:   Tue Mar  1 16:12:41 2022

 Data directory: /user/home/of15641/.local/src/Qcore/release/share/entos/qcore/data
 Number of threads: 32
 Number of threads was determined by: number of physical cores

 --------------------------------------------------------------------------------
                                 command: hessian                                
 --------------------------------------------------------------------------------

 -------------------------------
  Numerical Geometrical Hessian 
 -------------------------------

 Compute hessian using two-point central differentiation.
 Step size (bohr):                       0.0100

 Frequencies (including translational and rotational modes):
 mode    frequency (cm-1)
    0                2.09 i (imaginary)
    1                1.34 i (imaginary)
    2                0.89 i (imaginary)
    3                0.76 i (imaginary)
    4                0.17 i (imaginary)
    5                0.31
    6               15.46
    7               19.63
    8               23.98
    9               26.44
   10               28.17
   11               45.10
   12               46.23
   13               48.45
   14               54.01
   15               62.00
   16               67.39
   17               74.91
   18               76.12
   19               81.20
   20               93.61
   21               95.47
   22              106.43
   23              110.38
   24              118.49
   25              124.28
   26              131.57
   27              141.48
   28              143.76
   29              151.06
   30              157.45
   31              164.70
   32              169.94
   33              180.29
   34              195.03
   35              195.98
   36              198.73
   37              202.00
   38              206.24
   39              213.00
   40              215.37
   41              219.34
   42              227.83
   43              232.06
   44              240.13
   45              244.96
   46              249.85
   47              262.08
   48              265.54
   49              273.32
   50              276.01
   51              290.55
   52              305.44
   53              318.71
   54              328.35
   55              332.63
   56              348.13
   57              355.56
   58              366.20
   59              369.51
   60              389.35
   61              417.02
   62              428.87
   63              432.30
   64              458.79
   65              461.09
   66              471.56
   67              484.47
   68              542.80
   69              549.62
   70              562.74
   71              578.75
   72              596.25
   73              600.58
   74              609.27
   75              621.26
   76              623.16
   77              624.23
   78              630.81
   79              635.79
   80              659.52
   81              661.15
   82              670.67
   83              680.98
   84              700.96
   85              715.80
   86              727.41
   87              736.61
   88              745.52
   89              753.21
   90              764.45
   91              781.30
   92              792.20
   93              797.64
   94              798.47
   95              807.29
   96              820.15
   97              856.70
   98              868.14
   99              894.74
  100              909.73
  101              912.84
  102              915.83
  103              930.07
  104              942.43
  105              950.06
  106              959.13
  107              964.13
  108              970.23
  109              980.72
  110              983.88
  111             1009.48
  112             1012.44
  113             1027.77
  114             1032.17
  115             1033.98
  116             1040.17
  117             1041.38
  118             1051.17
  119             1054.70
  120             1063.72
  121             1067.05
  122             1071.90
  123             1085.54
  124             1088.66
  125             1093.64
  126             1098.63
  127             1105.87
  128             1117.51
  129             1129.58
  130             1134.28
  131             1140.69
  132             1146.11
  133             1156.05
  134             1160.36
  135             1166.79
  136             1183.43
  137             1185.70
  138             1194.20
  139             1196.47
  140             1201.97
  141             1207.10
  142             1220.52
  143             1232.43
  144             1234.73
  145             1248.95
  146             1257.64
  147             1261.30
  148             1267.96
  149             1274.59
  150             1280.28
  151             1285.57
  152             1311.10
  153             1314.32
  154             1321.45
  155             1323.73
  156             1333.76
  157             1336.15
  158             1339.37
  159             1344.17
  160             1355.87
  161             1361.73
  162             1379.57
  163             1383.78
  164             1384.16
  165             1385.02
  166             1396.46
  167             1396.77
  168             1399.55
  169             1409.03
  170             1436.80
  171             1441.96
  172             1444.03
  173             1450.40
  174             1450.98
  175             1452.91
  176             1454.90
  177             1456.01
  178             1463.72
  179             1464.13
  180             1464.59
  181             1465.99
  182             1473.36
  183             1473.41
  184             1474.72
  185             1475.39
  186             1478.02
  187             1478.80
  188             1479.20
  189             1479.55
  190             1482.84
  191             1488.82
  192             1509.37
  193             1524.03
  194             1538.31
  195             1563.41
  196             1576.30
  197             1605.40
  198             1724.41
  199             1774.42
  200             1797.55
  201             2993.40
  202             2996.75
  203             3000.95
  204             3005.72
  205             3007.48
  206             3012.22
  207             3013.33
  208             3018.45
  209             3019.86
  210             3022.02
  211             3022.55
  212             3029.35
  213             3030.74
  214             3031.51
  215             3032.48
  216             3038.85
  217             3047.46
  218             3050.44
  219             3062.61
  220             3066.51
  221             3070.38
  222             3074.71
  223             3076.83
  224             3079.28
  225             3080.45
  226             3080.79
  227             3082.51
  228             3082.77
  229             3085.33
  230             3085.67
  231             3087.90
  232             3097.07
  233             3097.59
  234             3098.60
  235             3103.45
  236             3129.66

 Project out translational and rotational motions 

 Degrees of freedom for translational and rotational motions: 6

 Vibrational frequencies:
 mode    frequency (cm-1)
    0               15.46
    1               19.63
    2               23.98
    3               26.44
    4               28.17
    5               45.10
    6               46.23
    7               48.45
    8               54.01
    9               62.00
   10               67.39
   11               74.91
   12               76.12
   13               81.20
   14               93.61
   15               95.47
   16              106.43
   17              110.38
   18              118.49
   19              124.28
   20              131.57
   21              141.48
   22              143.76
   23              151.06
   24              157.45
   25              164.70
   26              169.94
   27              180.29
   28              195.03
   29              195.98
   30              198.73
   31              202.00
   32              206.24
   33              213.00
   34              215.37
   35              219.34
   36              227.83
   37              232.06
   38              240.13
   39              244.96
   40              249.85
   41              262.08
   42              265.54
   43              273.32
   44              276.01
   45              290.55
   46              305.43
   47              318.71
   48              328.35
   49              332.63
   50              348.13
   51              355.56
   52              366.20
   53              369.51
   54              389.35
   55              417.02
   56              428.87
   57              432.30
   58              458.79
   59              461.09
   60              471.56
   61              484.47
   62              542.80
   63              549.62
   64              562.74
   65              578.75
   66              596.25
   67              600.58
   68              609.27
   69              621.26
   70              623.16
   71              624.23
   72              630.81
   73              635.79
   74              659.52
   75              661.15
   76              670.67
   77              680.98
   78              700.96
   79              715.80
   80              727.41
   81              736.61
   82              745.52
   83              753.21
   84              764.45
   85              781.30
   86              792.20
   87              797.64
   88              798.47
   89              807.29
   90              820.15
   91              856.70
   92              868.14
   93              894.74
   94              909.73
   95              912.84
   96              915.83
   97              930.07
   98              942.43
   99              950.06
  100              959.13
  101              964.13
  102              970.23
  103              980.72
  104              983.88
  105             1009.48
  106             1012.44
  107             1027.77
  108             1032.17
  109             1033.98
  110             1040.17
  111             1041.38
  112             1051.17
  113             1054.70
  114             1063.72
  115             1067.05
  116             1071.90
  117             1085.54
  118             1088.66
  119             1093.64
  120             1098.63
  121             1105.87
  122             1117.51
  123             1129.58
  124             1134.28
  125             1140.69
  126             1146.11
  127             1156.05
  128             1160.36
  129             1166.79
  130             1183.43
  131             1185.70
  132             1194.20
  133             1196.47
  134             1201.97
  135             1207.10
  136             1220.52
  137             1232.43
  138             1234.73
  139             1248.95
  140             1257.64
  141             1261.30
  142             1267.96
  143             1274.59
  144             1280.28
  145             1285.57
  146             1311.10
  147             1314.32
  148             1321.45
  149             1323.73
  150             1333.76
  151             1336.15
  152             1339.37
  153             1344.17
  154             1355.87
  155             1361.73
  156             1379.57
  157             1383.78
  158             1384.16
  159             1385.02
  160             1396.46
  161             1396.77
  162             1399.55
  163             1409.03
  164             1436.80
  165             1441.96
  166             1444.03
  167             1450.40
  168             1450.98
  169             1452.91
  170             1454.90
  171             1456.01
  172             1463.72
  173             1464.13
  174             1464.59
  175             1465.99
  176             1473.36
  177             1473.41
  178             1474.72
  179             1475.39
  180             1478.02
  181             1478.80
  182             1479.20
  183             1479.55
  184             1482.84
  185             1488.82
  186             1509.37
  187             1524.03
  188             1538.31
  189             1563.41
  190             1576.30
  191             1605.40
  192             1724.41
  193             1774.42
  194             1797.55
  195             2993.40
  196             2996.75
  197             3000.95
  198             3005.72
  199             3007.48
  200             3012.22
  201             3013.33
  202             3018.45
  203             3019.86
  204             3022.02
  205             3022.55
  206             3029.35
  207             3030.74
  208             3031.51
  209             3032.48
  210             3038.85
  211             3047.46
  212             3050.44
  213             3062.61
  214             3066.51
  215             3070.38
  216             3074.71
  217             3076.83
  218             3079.28
  219             3080.45
  220             3080.79
  221             3082.51
  222             3082.77
  223             3085.33
  224             3085.67
  225             3087.90
  226             3097.07
  227             3097.59
  228             3098.60
  229             3103.45
  230             3129.66
 Saving results in set 'hess'

 --------------------------------------------------------------------------------

 End time:                               Tue Mar  1 16:12:47 2022
 Total wall-clock time:                  5.376 seconds
==================================================================================
