
================================================================================
          _____________ ________ _______________ ________     _________         
         / ___________// ______ \\_____   _____// ______ \   / ________)        
        / /_________  / /      \ \     | |     / /      \ \ | (_______          
       |  __________|| |        | |    | |    | |        | | \________ \        
        \ \_________ | |        | |    | |     \ \______/ /___________) |       
         \__________||_|        |_|    |_|      \________//____________/        
                                                                                
====================================[ Qcore ]===================================

 Git describe: 2.3.0-174-g27e0cc7
 Compiler:     GNU 9.1.0
 Build type:   Release
 Version:      2.3.0-174-g27e0cc7

 Start time:   Fri Feb 25 15:08:11 2022

 Data directory: /user/home/of15641/.local/src/Qcore/release/share/entos/qcore/data
 Number of threads: 32
 Number of threads was determined by: number of physical cores

 --------------------------------------------------------------------------------
                                command: optimize                                
 --------------------------------------------------------------------------------
 Using coordinate system:                tric

 -----------------------------
  Initial coordinates summary 
 -----------------------------
 Total coordinates:                    535
 Bond distances:                        87
 Bond angles:                          165
 Dihedral angles:                      253
 Linear bond angles:                     2
 Out-of-plane bends:                    22
 Translations:                           3
 Rotations:                              3
 Hessian update scheme:                  bfgs
 Initial hessian:                        full

 -------------------------------
  Numerical Geometrical Hessian 
 -------------------------------

 Compute hessian using two-point central differentiation.
 Step size (bohr):                       0.0010

 Degrees of freedom for translational and rotational motions: 6

 ------------------------------------------------------------------------------------------------------------
                   energy      change    grad rms    grad max    step rms    step max       trust    time (s)
 ------------------------------------------------------------------------------------------------------------
   1      -123.662477922                1.11e-02    5.33e-02                            2.00e-01        0.18
   2      -123.665540646   -3.06e-03    1.09e-02    5.23e-02    2.01e-01    4.34e-01    2.83e-01        4.84
   3      -123.674593604   -9.05e-03    9.49e-03    4.39e-02    2.82e-01    2.57e-01    4.00e-01        1.86
   4      -123.641260928    3.33e-02    1.11e-02    5.07e-02    3.95e-01    4.75e-01    5.66e-01        0.52
   5      -123.687451266   -4.62e-02    7.82e-03    3.28e-02    6.07e-01    5.21e-01    6.00e-01        1.45
   6      -123.693705384   -6.25e-03    6.53e-03    2.51e-02    6.18e-01    1.37e+00    6.00e-01        1.95
   7      -123.673682165    2.00e-02    7.12e-03    2.62e-02    6.03e-01    1.17e+00    6.00e-01        1.76
   8      -123.706539169   -3.29e-02    4.78e-03    1.83e-02    6.18e-01    5.78e-01    6.00e-01        0.58
   9      -123.712457894   -5.92e-03    3.23e-03    1.50e-02    6.03e-01    5.18e-01    6.00e-01        0.56
  10      -123.686530395    2.59e-02    4.83e-03    2.11e-02    5.97e-01    6.85e-01    6.00e-01        0.57
  11      -123.714964733   -2.84e-02    3.21e-03    1.49e-02    6.16e-01    6.57e-01    6.00e-01        0.81
  12      -123.721844083   -6.88e-03    3.81e-03    1.50e-02    6.04e-01    5.77e-01    6.00e-01        1.15
 Linear-angle threshold:                 3.054326191

 -------------------------------------------
  Angles larger than linear-angle threshold 
 -------------------------------------------
 atoms = [14, 1, 31] value = 175.81 degree
 Geometry optimization stopped:          some bond-angles are in the linear-angle regime

 Non-converged energy:                -123.721844083

 -----------------------------------
  Non-converged coordinates summary 
 -----------------------------------
 Total coordinates:                    535
 Bond distances:                        87
 Bond angles:                          165
 Dihedral angles:                      253
 Linear bond angles:                     2
 Out-of-plane bends:                    22
 Translations:                           3
 Rotations:                              3

 -------------------
  Non-converged XYZ 
 -------------------
79
Non-converged structure: -123.722 hartree
Mg          -0.004254065          0.054865289          0.166990874
C           -2.313835379         -2.486774734          0.500385916
C           -2.579266235          2.272963852          0.154642420
C            2.221582557          2.539963308         -0.058449248
C            2.618780272         -2.235515333          0.363579858
N           -2.172555744         -0.111631255          0.249603866
C           -2.908615476         -1.250493225          0.376177827
C           -4.388621098         -0.924578292          0.445162096
C           -4.406800687          0.539833527         -0.030381202
C           -2.966016918          0.956164484          0.129895781
C           -4.830612340          0.653183675         -1.501617298
C           -4.938404595         -1.097531238          1.888801973
C           -6.179360102         -1.990610673          1.970571845
N           -0.166422180          2.046282411          0.188708105
C           -1.298297052          2.790656157          0.244160976
C           -0.947251498          4.178529220          0.360054871
C            0.413971442          4.244076178          0.348640915
C            0.897252230          2.889550927          0.210218339
C           -1.899188490          5.306927273          0.523603916
C            1.379673049          5.272632043          0.730448340
O            2.284375660          4.931204826          1.463958388
C            1.335156420          6.707554166          0.289831701
N            2.080025579          0.134261382          0.079938550
C            2.747942104          1.276495536         -0.198460432
C            4.158936093          0.990662703         -0.693047837
C            4.380103210         -0.462554654         -0.219610153
C            2.949608823         -0.930603323          0.063092625
C            4.218697987          1.121262141         -2.237812531
C            5.274411954         -0.600660069          1.031772718
C            4.668095848          0.050605772          2.275800977
N            0.163259050         -1.917068096          0.290034039
C            1.283612375         -2.729974051          0.508060799
C            0.866246147         -4.077808865          0.811751872
C           -0.535637624         -4.063080831          0.748090022
C           -0.914909580         -2.711994957          0.462921380
C            1.734021303         -5.199893056          1.309687971
C           -1.734404322         -4.869058458          0.823811059
O           -1.884374539         -6.066668703          0.885663658
C           -2.947984250         -3.848875592          0.760391326
C           -3.562896861         -4.048218763          2.135632320
O           -3.218872552         -3.508052509          3.157834328
O           -4.499703402         -5.011419090          2.085684043
C           -4.943510026         -5.478540740          3.366716634
H           -3.376528317          2.995407403          0.108792414
H            2.919538316          3.359561179         -0.206049828
H            3.432058994         -2.972620966          0.443584455
H           -4.944165914         -1.578603427         -0.239322777
H           -5.069333683          1.165856075          0.570637438
H           -4.744972103          1.682179363         -1.849254231
H           -5.866377160          0.334384277         -1.605748367
H           -4.195289806          0.022996667         -2.125257585
H           -5.187171756         -0.117021948          2.307347971
H           -4.149078001         -1.513772989          2.522137403
H           -6.013772932         -2.951001918          1.471252007
H           -7.048146676         -1.516895230          1.502148365
H           -1.509220515          6.039255361          1.225778509
H           -2.862889558          4.964756830          0.884037228
H           -2.055845199          5.807941221         -0.429584912
H            0.736824281          6.858748040         -0.605115412
H            2.352195158          7.050331273          0.126904781
H            0.913387873          7.304584964          1.097185732
H            4.892020032          1.683574306         -0.260484355
H            4.812359380         -1.079401532         -1.027142134
H            4.885202510          1.931221506         -2.547132182
H            3.223248497          1.323907974         -2.647811337
H            4.573760825          0.186515118         -2.683190101
H            6.267390680         -0.173430395          0.829935763
H            5.408622475         -1.677183134          1.225559962
H            3.644352476         -0.304624252          2.470925320
H            4.665599924          1.145439311          2.196742318
H            5.278359786         -0.211307628          3.147467973
H            2.806939721         -5.012192926          1.166420672
H            1.453631000         -6.145594835          0.816080785
H            1.566644873         -5.310104208          2.394025451
H           -3.668145084         -4.184702751          0.000459511
H           -5.958928437         -5.875581231          3.216692356
H           -4.986723979         -4.661755655          4.104758787
H           -4.273816847         -6.266550053          3.745926002
H           -6.421481909         -2.182408329          3.020493709

 Structure in entos input format:

  structure(
    xyz = [
      ['Mg' ,         -0.004254065,          0.054865289,          0.166990874],
      ['C'  ,         -2.313835379,         -2.486774734,          0.500385916],
      ['C'  ,         -2.579266235,          2.272963852,          0.154642420],
      ['C'  ,          2.221582557,          2.539963308,         -0.058449248],
      ['C'  ,          2.618780272,         -2.235515333,          0.363579858],
      ['N'  ,         -2.172555744,         -0.111631255,          0.249603866],
      ['C'  ,         -2.908615476,         -1.250493225,          0.376177827],
      ['C'  ,         -4.388621098,         -0.924578292,          0.445162096],
      ['C'  ,         -4.406800687,          0.539833527,         -0.030381202],
      ['C'  ,         -2.966016918,          0.956164484,          0.129895781],
      ['C'  ,         -4.830612340,          0.653183675,         -1.501617298],
      ['C'  ,         -4.938404595,         -1.097531238,          1.888801973],
      ['C'  ,         -6.179360102,         -1.990610673,          1.970571845],
      ['N'  ,         -0.166422180,          2.046282411,          0.188708105],
      ['C'  ,         -1.298297052,          2.790656157,          0.244160976],
      ['C'  ,         -0.947251498,          4.178529220,          0.360054871],
      ['C'  ,          0.413971442,          4.244076178,          0.348640915],
      ['C'  ,          0.897252230,          2.889550927,          0.210218339],
      ['C'  ,         -1.899188490,          5.306927273,          0.523603916],
      ['C'  ,          1.379673049,          5.272632043,          0.730448340],
      ['O'  ,          2.284375660,          4.931204826,          1.463958388],
      ['C'  ,          1.335156420,          6.707554166,          0.289831701],
      ['N'  ,          2.080025579,          0.134261382,          0.079938550],
      ['C'  ,          2.747942104,          1.276495536,         -0.198460432],
      ['C'  ,          4.158936093,          0.990662703,         -0.693047837],
      ['C'  ,          4.380103210,         -0.462554654,         -0.219610153],
      ['C'  ,          2.949608823,         -0.930603323,          0.063092625],
      ['C'  ,          4.218697987,          1.121262141,         -2.237812531],
      ['C'  ,          5.274411954,         -0.600660069,          1.031772718],
      ['C'  ,          4.668095848,          0.050605772,          2.275800977],
      ['N'  ,          0.163259050,         -1.917068096,          0.290034039],
      ['C'  ,          1.283612375,         -2.729974051,          0.508060799],
      ['C'  ,          0.866246147,         -4.077808865,          0.811751872],
      ['C'  ,         -0.535637624,         -4.063080831,          0.748090022],
      ['C'  ,         -0.914909580,         -2.711994957,          0.462921380],
      ['C'  ,          1.734021303,         -5.199893056,          1.309687971],
      ['C'  ,         -1.734404322,         -4.869058458,          0.823811059],
      ['O'  ,         -1.884374539,         -6.066668703,          0.885663658],
      ['C'  ,         -2.947984250,         -3.848875592,          0.760391326],
      ['C'  ,         -3.562896861,         -4.048218763,          2.135632320],
      ['O'  ,         -3.218872552,         -3.508052509,          3.157834328],
      ['O'  ,         -4.499703402,         -5.011419090,          2.085684043],
      ['C'  ,         -4.943510026,         -5.478540740,          3.366716634],
      ['H'  ,         -3.376528317,          2.995407403,          0.108792414],
      ['H'  ,          2.919538316,          3.359561179,         -0.206049828],
      ['H'  ,          3.432058994,         -2.972620966,          0.443584455],
      ['H'  ,         -4.944165914,         -1.578603427,         -0.239322777],
      ['H'  ,         -5.069333683,          1.165856075,          0.570637438],
      ['H'  ,         -4.744972103,          1.682179363,         -1.849254231],
      ['H'  ,         -5.866377160,          0.334384277,         -1.605748367],
      ['H'  ,         -4.195289806,          0.022996667,         -2.125257585],
      ['H'  ,         -5.187171756,         -0.117021948,          2.307347971],
      ['H'  ,         -4.149078001,         -1.513772989,          2.522137403],
      ['H'  ,         -6.013772932,         -2.951001918,          1.471252007],
      ['H'  ,         -7.048146676,         -1.516895230,          1.502148365],
      ['H'  ,         -1.509220515,          6.039255361,          1.225778509],
      ['H'  ,         -2.862889558,          4.964756830,          0.884037228],
      ['H'  ,         -2.055845199,          5.807941221,         -0.429584912],
      ['H'  ,          0.736824281,          6.858748040,         -0.605115412],
      ['H'  ,          2.352195158,          7.050331273,          0.126904781],
      ['H'  ,          0.913387873,          7.304584964,          1.097185732],
      ['H'  ,          4.892020032,          1.683574306,         -0.260484355],
      ['H'  ,          4.812359380,         -1.079401532,         -1.027142134],
      ['H'  ,          4.885202510,          1.931221506,         -2.547132182],
      ['H'  ,          3.223248497,          1.323907974,         -2.647811337],
      ['H'  ,          4.573760825,          0.186515118,         -2.683190101],
      ['H'  ,          6.267390680,         -0.173430395,          0.829935763],
      ['H'  ,          5.408622475,         -1.677183134,          1.225559962],
      ['H'  ,          3.644352476,         -0.304624252,          2.470925320],
      ['H'  ,          4.665599924,          1.145439311,          2.196742318],
      ['H'  ,          5.278359786,         -0.211307628,          3.147467973],
      ['H'  ,          2.806939721,         -5.012192926,          1.166420672],
      ['H'  ,          1.453631000,         -6.145594835,          0.816080785],
      ['H'  ,          1.566644873,         -5.310104208,          2.394025451],
      ['H'  ,         -3.668145084,         -4.184702751,          0.000459511],
      ['H'  ,         -5.958928437,         -5.875581231,          3.216692356],
      ['H'  ,         -4.986723979,         -4.661755655,          4.104758787],
      ['H'  ,         -4.273816847,         -6.266550053,          3.745926002],
      ['H'  ,         -6.421481909,         -2.182408329,          3.020493709]
    ]
  )
 Rebuilding coordinates:                 some bond-angles are in the linear-angle regime
 Using coordinate system:                tric

 -----------------------------
  Rebuilt coordinates summary 
 -----------------------------
 Total coordinates:                    531
 Bond distances:                        87
 Bond angles:                          164
 Dihedral angles:                      249
 Linear bond angles:                     4
 Out-of-plane bends:                    21
 Translations:                           3
 Rotations:                              3
 Hessian update scheme:                  bfgs
 Rebuilding hessian from previous steps.

 ------------------------------------------------------------------------------------------------------------
                   energy      change    grad rms    grad max    step rms    step max       trust    time (s)
 ------------------------------------------------------------------------------------------------------------
  13      -123.721844083                3.81e-03    1.50e-02                            2.00e-01        0.03
  14      -123.721203208    6.41e-04    3.93e-03    1.55e-02    2.78e-02    2.49e-02    2.00e-01        1.23
  15      -123.722266434   -1.06e-03    3.84e-03    1.55e-02    4.09e-02    4.96e-02    2.00e-01        1.09
  16      -123.727478936   -5.21e-03    3.09e-03    1.17e-02    2.00e-01    1.71e-01    2.83e-01        0.95
  17      -123.731438581   -3.96e-03    2.49e-03    9.54e-03    1.50e-01    1.05e-01    2.83e-01        0.86
  18      -123.733698456   -2.26e-03    2.22e-03    8.31e-03    1.21e-01    3.76e-02    2.83e-01        0.87
  19      -123.735651550   -1.95e-03    1.87e-03    6.83e-03    1.09e-01    5.31e-02    2.83e-01        2.57
  20      -123.737010526   -1.36e-03    1.63e-03    5.90e-03    9.41e-02    3.68e-02    2.83e-01        0.95
  21      -123.738015255   -1.00e-03    1.41e-03    5.25e-03    8.32e-02    2.53e-02    2.83e-01        0.86
  22      -123.738677859   -6.63e-04    1.23e-03    4.86e-03    7.09e-02    2.06e-02    2.83e-01        0.88
  23      -123.739111934   -4.34e-04    1.11e-03    4.64e-03    6.39e-02    2.20e-02    2.83e-01        0.86
  24      -123.739367194   -2.55e-04    1.01e-03    4.48e-03    5.58e-02    2.48e-02    2.83e-01        0.87
  25      -123.739456645   -8.95e-05    9.59e-04    4.42e-03    3.89e-02    2.07e-02    2.83e-01        0.85
  26      -123.739452098    4.55e-06    9.40e-04    4.42e-03    1.87e-02    1.32e-02    2.83e-01        0.86
  27      -123.739456335   -4.24e-06    9.44e-04    4.42e-03    4.24e-03    3.31e-03    2.83e-01        0.84
  28      -123.739470159   -1.38e-05    9.51e-04    4.41e-03    9.55e-03    6.90e-03    2.83e-01        0.84
  29      -123.739492705   -2.25e-05    9.60e-04    4.40e-03    1.20e-02    8.89e-03    2.83e-01        1.57
Rejecting step due to low quality: Quality: -33.7509 New trust radius: 0.14397
  30      -123.737426525    2.07e-03    9.60e-04    4.40e-03    2.88e-01    7.26e-01    1.44e-01        1.45
Rejecting step due to low quality: Quality: -12.5503 New trust radius: 0.0723203
  31      -123.739092320    4.00e-04    9.60e-04    4.40e-03    1.45e-01    3.61e-01    7.23e-02        1.34
Rejecting step due to low quality: Quality: -4.80328 New trust radius: 0.0362001
  32      -123.739414440    7.83e-05    9.60e-04    4.40e-03    7.24e-02    1.80e-01    3.62e-02        1.RejRejecting step due to low quality: Quality: -1.6644 New trust radius: 0.0181043
  33      -123.739478998    1.37e-05    9.60e-04    4.40e-03    3.62e-02    9.01e-02    1.81e-02        1.2    34      -123.739491575    1.13e-06    9.59e-04    4.47e-03    1.81e-02    4.50e-02    9.05e-03        1.24
  35      -123.739518018   -2.64e-05    9.64e-04    4.45e-03    9.20e-03    7.38e-03    1.28e-02        0.44
  36      -123.739577347   -5.93e-05    9.65e-04    4.41e-03    1.28e-02    1.54e-02    1.81e-02        0.30
  37      -123.739664162   -8.68e-05    9.68e-04    4.35e-03    1.81e-02    1.64e-02    2.56e-02        0.27
  38      -123.739818824   -1.55e-04    9.66e-04    4.21e-03    2.56e-02    3.01e-02    3.62e-02        0.27
  39      -123.740059953   -2.41e-04    9.59e-04    3.97e-03    3.62e-02    4.13e-02    5.12e-02        0.28
  40      -123.740430066   -3.70e-04    9.33e-04    3.58e-03    5.12e-02    7.57e-02    7.24e-02        0.28
  41      -123.740931641   -5.02e-04    8.81e-04    3.29e-03    7.25e-02    1.18e-01    1.02e-01        0.28
  42      -123.741519291   -5.88e-04    7.70e-04    3.14e-03    1.03e-01    1.99e-01    1.45e-01        0.29
  43      -123.742004784   -4.85e-04    6.20e-04    2.60e-03    1.07e-01    1.96e-01    1.45e-01        0.25
  44      -123.742507636   -5.03e-04    4.07e-04    1.61e-03    1.45e-01    2.00e-01    2.05e-01        0.28
  45      -123.743021171   -5.14e-04    2.74e-04    1.23e-03    2.05e-01    2.40e-01    2.90e-01        0.29
  46      -123.743302558   -2.81e-04    3.46e-04    1.30e-03    1.52e-01    1.12e-01    2.90e-01        0.26
  47      -123.743504926   -2.02e-04    3.26e-04    1.10e-03    6.67e-02    9.26e-02    2.90e-01        0.24
  48      -123.743620687   -1.16e-04    3.00e-04    1.44e-03    8.43e-02    1.18e-01    2.90e-01        0.26
  49      -123.743693940   -7.33e-05    2.69e-04    1.45e-03    3.97e-02    8.40e-02    2.90e-01        0.24
  50      -123.743832910   -1.39e-04    3.10e-04    1.46e-03    5.45e-02    1.49e-01    2.90e-01        0.24
  51      -123.743834320   -1.41e-06    2.19e-04    9.88e-04    5.32e-02    1.01e-01    2.66e-02        0.27
  52      -123.743839884   -5.56e-06    1.36e-04    5.84e-04    1.58e-02    1.05e-01    2.66e-02        0.25
  53      -123.743855718   -1.58e-05    1.81e-04    7.87e-04    2.66e-02    1.90e-01    3.76e-02        0.31
  54      -123.743855487    2.30e-07    1.91e-04    8.22e-04    7.87e-03    3.02e-02    3.94e-03        0.24
  55      -123.743855089    3.98e-07    2.03e-04    8.72e-04    3.94e-03    1.36e-02    1.97e-03        0.28
  56      -123.743855458   -3.69e-07    1.95e-04    8.41e-04    1.97e-03    1.20e-02    2.78e-03        0.25
  57      -123.743856059   -6.01e-07    1.88e-04    8.09e-04    2.78e-03    2.73e-02    3.94e-03        0.25
  58      -123.743858393   -2.33e-06    1.76e-04    7.65e-04    3.94e-03    4.06e-02    5.57e-03        0.25
  59      -123.743861826   -3.43e-06    1.66e-04    7.34e-04    5.57e-03    6.13e-02    7.87e-03        0.25
  60      -123.743864677   -2.85e-06    2.04e-04    8.64e-04    7.87e-03    2.57e-02    1.11e-02        0.26
  61      -123.743887998   -2.33e-05    2.24e-04    9.28e-04    1.13e-02    5.09e-02    1.57e-02        0.45
  62      -123.743898317   -1.03e-05    3.07e-04    1.26e-03    1.57e-02    3.50e-01    2.23e-02        0.28
  63      -123.743950000   -5.17e-05    2.56e-04    9.98e-04    2.24e-02    2.85e-01    3.15e-02        0.38
  64      -123.744020426   -7.04e-05    2.53e-04    9.05e-04    3.19e-02    2.30e-01    4.45e-02        1.15
  65      -123.744114707   -9.43e-05    3.01e-04    1.41e-03    4.82e-02    1.28e-01    6.30e-02        0.73
  66      -123.744202540   -8.78e-05    3.59e-04    1.90e-03    6.34e-02    1.70e-01    8.91e-02        0.32
  67      -123.744260964   -5.84e-05    3.73e-04    1.94e-03    5.80e-02    1.59e-01    8.91e-02        0.23
  68      -123.744322052   -6.11e-05    3.23e-04    1.62e-03    3.17e-02    8.53e-02    8.91e-02        0.23
  69      -123.744403595   -8.15e-05    1.94e-04    6.76e-04    4.89e-02    9.65e-02    8.91e-02        0.24
  70      -123.744414278   -1.07e-05    1.79e-04    7.06e-04    1.17e-02    1.47e-02    8.91e-02        0.22
  71      -123.744418106   -3.83e-06    1.77e-04    7.08e-04    9.48e-03    1.50e-02    8.91e-02        0.22
  72      -123.744419468   -1.36e-06    1.79e-04    7.20e-04    6.19e-03    5.46e-03    8.91e-02        0.22
  73      -123.744420385   -9.17e-07    1.77e-04    6.92e-04    5.56e-03    4.22e-03    8.91e-02        0.22
  74      -123.744420850   -4.64e-07    1.76e-04    6.73e-04    3.12e-03    2.53e-03    8.91e-02        0.22
  75      -123.744421319   -4.70e-07    1.74e-04    6.75e-04    2.70e-03    3.48e-03    8.91e-02        0.22
  76      -123.744421732   -4.12e-07    1.68e-04    6.74e-04    4.38e-03    3.24e-03    8.91e-02        0.21
  77      -123.744422028   -2.97e-07    1.68e-04    6.79e-04    3.31e-03    6.98e-03    8.91e-02        0.21
  78      -123.744422730   -7.02e-07    1.70e-04    6.87e-04    7.67e-03    2.09e-02    8.91e-02        0.23
  79      -123.744423710   -9.80e-07    1.77e-04    7.16e-04    9.21e-03    2.50e-02    8.91e-02        0.22
  80      -123.744424499   -7.88e-07    1.78e-04    7.17e-04    8.38e-03    2.34e-02    8.91e-02        0.21
  81      -123.744425330   -8.32e-07    1.86e-04    7.48e-04    8.61e-03    2.37e-02    8.91e-02        0.22
  82      -123.744426082   -7.52e-07    1.86e-04    7.48e-04    8.24e-03    2.31e-02    8.91e-02        0.21
  83      -123.744426804   -7.22e-07    1.93e-04    7.74e-04    8.06e-03    2.22e-02    8.91e-02        0.2    84      -123.744427565   -7.60e-07    1.93e-04    7.74e-04    8.28e-03    2.31e-02    8.91e-02        0.2    85      -123.744428339   -7.75e-07    2.00e-04    8.01e-04    8.32e-03    2.29e-02    8.91e-02        0.2    86      -123.744429149   -8.10e-07    2.00e-04    8.01e-04    8.48e-03    2.37e-02    8.91e-02        0.2    87      -123.744430004   -8.55e-07    2.07e-04    8.30e-04    8.68e-03    2.39e-02    8.91e-02        0.2    88      -123.744430930   -9.26e-07    2.08e-04    8.30e-04    8.99e-03    2.52e-02    8.91e-02        0.2    89      -123.744431959   -1.03e-06    2.16e-04    8.63e-04    9.44e-03    2.60e-02    8.91e-02        0.2    90      -123.744433110   -1.15e-06    2.17e-04    8.65e-04    9.93e-03    2.78e-02    8.91e-02        0.2    91      -123.744434399   -1.29e-06    2.26e-04    9.02e-04    1.05e-02    2.87e-02    8.91e-02        0.2    92      -123.744435851   -1.45e-06    2.28e-04    9.05e-04    1.10e-02    3.08e-02    8.91e-02        0.2    93      -123.744437527   -1.68e-06    2.39e-04    9.49e-04    1.18e-02    3.23e-02    8.91e-02        0.2    94      -123.744439471   -1.94e-06    2.41e-04    9.55e-04    1.26e-02    3.52e-02    8.91e-02        0.2    95      -123.744441729   -2.26e-06    2.54e-04    1.01e-03    1.35e-02    3.68e-02    8.91e-02        0.2    96      -123.744444374   -2.64e-06    2.57e-04    1.02e-03    1.45e-02    4.04e-02    8.91e-02        0.2    97      -123.744447527   -3.15e-06    2.74e-04    1.08e-03    1.57e-02    4.27e-02    8.91e-02        0.2    98      -123.744451260   -3.73e-06    2.78e-04    1.10e-03    1.69e-02    4.72e-02    8.91e-02        0.2    99      -123.744455736   -4.48e-06    2.98e-04    1.18e-03    1.84e-02    4.98e-02    8.91e-02        0.2 1 100      -123.744461043   -5.31e-06    3.05e-04    1.20e-03    1.98e-02    5.52e-02    8.91e-02        0.2 1 101      -123.744467422   -6.38e-06    3.30e-04    1.30e-03    2.16e-02    5.82e-02    8.91e-02        0.2 1 102      -123.744474869   -7.45e-06    3.38e-04    1.33e-03    2.30e-02    6.43e-02    8.91e-02        0.2 1 103      -123.744483679   -8.81e-06    3.67e-04    1.45e-03    2.51e-02    6.73e-02    8.91e-02        0.2 1 104      -123.744493531   -9.85e-06    3.76e-04    1.48e-03    2.63e-02    7.33e-02    8.91e-02        0.2 1 105      -123.744504593   -1.11e-05    4.08e-04    1.61e-03    2.82e-02    7.53e-02    8.91e-02        0.2 1 106      -123.744516005   -1.14e-05    4.15e-04    1.64e-03    2.85e-02    7.95e-02    8.91e-02        0.2 1 107      -123.744527820   -1.18e-05    4.46e-04    1.77e-03    2.97e-02    7.93e-02    8.91e-02        0.2 1 108      -123.744538702   -1.09e-05    4.49e-04    1.78e-03    2.85e-02    7.93e-02    8.91e-02        0.2 1 109      -123.744548835   -1.01e-05    4.75e-04    1.89e-03    2.83e-02    7.58e-02    8.91e-02        0.2 1 110      -123.744557135   -8.30e-06    4.73e-04    1.88e-03    2.56e-02    7.11e-02    8.91e-02        0.2 1 111      -123.744564129   -6.99e-06    4.92e-04    1.97e-03    2.42e-02    6.52e-02    8.91e-02        0.2 1 112      -123.744569376   -5.25e-06    4.87e-04    1.95e-03    2.10e-02    5.82e-02    8.91e-02        0.2 1 113      -123.744573418   -4.04e-06    5.01e-04    2.01e-03    1.90e-02    5.15e-02    8.91e-02        0.2 1 114      -123.744576285   -2.87e-06    4.96e-04    1.99e-03    1.61e-02    4.46e-02    8.91e-02        0.2 1 115      -123.744578381   -2.10e-06    5.05e-04    2.03e-03    1.43e-02    3.88e-02    8.91e-02        0.2 116      -123.744582164   -8.97e-07    5.05e-04    2.04e-03    1.01e-02    2.77e-02    8.91e-02        0.23
 117      -123.744582716   -5.52e-07    5.01e-04    2.02e-03    8.18e-03    2.26e-02    8.91e-02        0.23
 118      -123.744583055   -3.39e-07    5.05e-04    2.04e-03    6.88e-03    1.89e-02    8.91e-02        0.24
 119      -123.744583195   -1.40e-07    5.03e-04    2.03e-03    5.01e-03    1.38e-02    8.91e-02        0.22
 120      -123.744583243   -4.79e-08    5.05e-04    2.04e-03    3.77e-03    1.04e-02    8.91e-02        0.22
 121      -123.744583265   -2.13e-08    5.03e-04    2.03e-03    2.99e-03    8.26e-03    8.91e-02        0.21
 122      -123.744583393   -1.28e-07    5.03e-04    2.03e-03    5.01e-03    1.38e-02    8.91e-02        0.23
 123      -123.744585080   -1.69e-06    5.13e-04    2.07e-03    1.34e-02    3.67e-02    8.91e-02        0.24
 124      -123.744585956   -8.77e-07    5.07e-04    2.04e-03    9.56e-03    2.62e-02    8.91e-02        0.22
 125      -123.744586104   -1.47e-07    5.09e-04    2.05e-03    4.37e-03    1.20e-02    8.91e-02        0.22
 126      -123.744586194   -9.03e-08    5.07e-04    2.05e-03    3.49e-03    9.60e-03    8.91e-02        0.22
 127      -123.744586251   -5.75e-08    5.09e-04    2.05e-03    3.03e-03    8.33e-03    8.91e-02        0.21
 128      -123.744586239    1.19e-08    5.09e-04    2.05e-03    1.10e-03    3.02e-03    8.91e-02        0.21
 129      -123.744586692   -4.52e-07    5.16e-04    2.08e-03    7.76e-03    2.10e-02    8.91e-02        0.27
 130      -123.744587649   -9.57e-07    5.10e-04    2.05e-03    9.77e-03    2.66e-02    8.91e-02        0.27
 131      -123.744587745   -9.66e-08    5.11e-04    2.06e-03    3.23e-03    8.77e-03    8.91e-02        0.26
 132      -123.744587866   -1.20e-07    5.10e-04    2.05e-03    3.43e-03    9.39e-03    8.91e-02        0.27
 133      -123.744588013   -1.47e-07    5.12e-04    2.07e-03    3.97e-03    1.09e-02    8.91e-02        0.27
 134      -123.744588041   -2.83e-08    5.11e-04    2.06e-03    1.66e-03    4.54e-03    8.91e-02        0.24
 135      -123.744588042   -3.80e-10    5.11e-04    2.06e-03    1.97e-04    5.15e-04    8.91e-02        0.24
 136      -123.744588076   -3.46e-08    5.10e-04    2.06e-03    2.88e-03    7.91e-03    8.91e-02        0.26
 137      -123.744588197   -1.20e-07    5.12e-04    2.06e-03    3.61e-03    9.88e-03    8.91e-02        0.26
 138      -123.744588205   -8.99e-09    5.12e-04    2.06e-03    8.63e-04    2.37e-03    8.91e-02        0.24
 139      -123.744588329   -1.23e-07    5.14e-04    2.07e-03    3.77e-03    1.03e-02    8.91e-02        0.26
 140      -123.744588563   -2.34e-07    5.12e-04    2.06e-03    4.81e-03    1.32e-02    8.91e-02        0.26
 141      -123.744588602   -3.93e-08    5.13e-04    2.07e-03    2.09e-03    5.69e-03    8.91e-02        0.28
 142      -123.744588611   -8.86e-09    5.12e-04    2.06e-03    8.48e-04    2.32e-03    8.91e-02        0.29
 143      -123.744588685   -7.45e-08    5.14e-04    2.07e-03    2.95e-03    8.02e-03    8.91e-02        0.27
 144      -123.744588780   -9.45e-08    5.12e-04    2.07e-03    3.01e-03    8.19e-03    8.91e-02        0.26
 145      -123.744588797   -1.69e-08    5.13e-04    2.07e-03    1.42e-03    3.85e-03    8.91e-02        0.25
 146      -123.744588803   -6.25e-09    5.13e-04    2.07e-03    6.83e-04    1.86e-03    8.91e-02        0.24
 147      -123.744588862   -5.87e-08    5.15e-04    2.08e-03    2.65e-03    7.15e-03    8.91e-02        0.25
 148      -123.744588971   -1.09e-07    5.13e-04    2.07e-03    3.23e-03    8.74e-03    8.91e-02        0.25
 149      -123.744588986   -1.50e-08    5.13e-04    2.07e-03    1.36e-03    3.68e-03    8.91e-02        0.25
 150      -123.744588991   -5.25e-09    5.13e-04    2.07e-03    6.00e-04    1.62e-03    8.91e-02        0.24
 151      -123.744589039   -4.79e-08    5.15e-04    2.08e-03    2.44e-03    6.55e-03    8.91e-02        0.26
 152      -123.744589118   -7.84e-08    5.13e-04    2.07e-03    2.70e-03    7.24e-03    8.91e-02        0.26
 153      -123.744589130   -1.21e-08    5.14e-04    2.07e-03    1.26e-03    3.39e-03    8.91e-02        0.26
 154      -123.744589137   -7.80e-09    5.13e-04    2.07e-03    7.49e-04    2.01e-03    8.91e-02        0.24
 155      -123.744589207   -6.96e-08    5.16e-04    2.08e-03    2.93e-03    7.79e-03    8.91e-02        0.26
 156      -123.744589335   -1.28e-07    5.13e-04    2.07e-03    3.47e-03    9.24e-03    8.91e-02        0.26
 157      -123.744589347   -1.23e-08    5.14e-04    2.07e-03    1.29e-03    3.44e-03    8.91e-02        0.25
 158      -123.744589356   -8.78e-09    5.14e-04    2.07e-03    7.87e-04    2.09e-03    8.91e-02        0.25
 159      -123.744589487   -1.31e-07    5.17e-04    2.09e-03    4.02e-03    1.06e-02    8.91e-02        0.27
 160      -123.744589718   -2.31e-07    5.14e-04    2.07e-03    4.70e-03    1.24e-02    8.91e-02        0.25
 161      -123.744589746   -2.79e-08    5.15e-04    2.08e-03    1.89e-03    4.96e-03    8.91e-02        0.26
 162      -123.744589765   -1.93e-08    5.14e-04    2.07e-03    1.23e-03    3.24e-03    8.91e-02        0.24
 163      -123.744590004   -2.39e-07    5.19e-04    2.09e-03    5.40e-03    1.40e-02    8.91e-02        0.27
 164      -123.744590378   -3.74e-07    5.15e-04    2.07e-03    6.02e-03    1.57e-02    8.91e-02        0.25
 165      -123.744590413   -3.51e-08    5.16e-04    2.08e-03    2.14e-03    5.54e-03    8.91e-02        0.25
 166      -123.744590494   -8.10e-08    5.15e-04    2.07e-03    2.76e-03    7.40e-03    8.91e-02        0.24
 167      -123.744591072   -5.78e-07    5.23e-04    2.11e-03    8.28e-03    2.27e-02    8.91e-02        0.26
 168      -123.744591609   -5.37e-07    5.16e-04    2.08e-03    7.32e-03    2.08e-02    8.91e-02        0.26
 169      -123.744591642   -3.32e-08    5.18e-04    2.09e-03    2.12e-03    6.00e-03    8.91e-02        0.25
 170      -123.744591859   -2.17e-07    5.15e-04    2.08e-03    4.46e-03    1.31e-02    8.91e-02        0.26
 171      -123.744592159   -3.00e-07    5.20e-04    2.10e-03    5.88e-03    1.72e-02    8.91e-02        0.27
 172      -123.744592247   -8.81e-08    5.18e-04    2.09e-03    2.82e-03    8.56e-03    8.91e-02        0.24
 173      -123.744592249   -2.18e-09    5.18e-04    2.09e-03    2.84e-04    8.29e-04    8.91e-02        0.25
 174      -123.744592858   -6.09e-07    5.13e-04    2.07e-03    1.04e-02    3.22e-02    8.91e-02        0.26
 175      -123.744594738   -1.88e-06    5.25e-04    2.12e-03    1.42e-02    4.19e-02    8.91e-02        0.26
 176      -123.744595038   -3.00e-07    5.21e-04    2.10e-03    5.31e-03    1.61e-02    8.91e-02        0.26
 177      -123.744595340   -3.02e-07    5.26e-04    2.12e-03    5.92e-03    1.83e-02    8.91e-02        0.26
 178      -123.744595639   -2.99e-07    5.22e-04    2.11e-03    5.31e-03    1.71e-02    8.91e-02        0.26
 179      -123.744595722   -8.27e-08    5.25e-04    2.12e-03    3.26e-03    1.06e-02    8.91e-02        0.25
 180      -123.744595744   -2.27e-08    5.24e-04    2.11e-03    1.26e-03    4.13e-03    8.91e-02        0.25
 181      -123.744595873   -1.29e-07    5.28e-04    2.13e-03    4.07e-03    1.38e-02    8.91e-02        0.27
 182      -123.744596090   -2.16e-07    5.24e-04    2.11e-03    4.49e-03    1.55e-02    8.91e-02        0.28
 183      -123.744596123   -3.35e-08    5.26e-04    2.12e-03    2.30e-03    8.14e-03    8.91e-02        0.26
 184      -123.744596135   -1.15e-08    5.28e-04    2.13e-03    1.57e-03    5.98e-03    8.91e-02        0.26
 185      -123.744596775   -6.40e-07    5.22e-04    2.10e-03    7.89e-03    3.11e-02    8.91e-02        0.26
 186      -123.744597484   -7.09e-07    5.31e-04    2.14e-03    9.02e-03    3.57e-02    8.91e-02        0.27
 187      -123.744597739   -2.55e-07    5.26e-04    2.12e-03    4.85e-03    1.97e-02    8.91e-02        0.27
 188      -123.744597936   -1.97e-07    5.31e-04    2.14e-03    4.98e-03    2.07e-02    8.91e-02        0.27
 189      -123.744598168   -2.32e-07    5.27e-04    2.13e-03    4.60e-03    1.95e-02    8.91e-02        0.27
 190      -123.744598261   -9.36e-08    5.30e-04    2.14e-03    3.57e-03    1.55e-02    8.91e-02        0.26
 191      -123.744598293   -3.20e-08    5.29e-04    2.14e-03    1.47e-03    6.18e-03    8.91e-02        0.26
 192      -123.744598399   -1.06e-07    5.33e-04    2.15e-03    3.77e-03    1.65e-02    8.91e-02        0.27
 193      -123.744598646   -2.46e-07    5.29e-04    2.13e-03    4.79e-03    2.12e-02    8.91e-02        0.25
 194      -123.744598698   -5.25e-08    5.32e-04    2.15e-03    2.78e-03    1.27e-02    8.91e-02        0.26
 195      -123.744598846   -1.48e-07    5.28e-04    2.13e-03    3.61e-03    1.69e-02    8.91e-02        0.26
 196      -123.744598943   -9.70e-08    5.32e-04    2.15e-03    3.71e-03    1.77e-02    8.91e-02        0.25
 197      -123.744598965   -2.18e-08    5.31e-04    2.14e-03    1.18e-03    5.33e-03    8.91e-02        0.23
 198      -123.744599042   -7.72e-08    5.29e-04    2.13e-03    2.89e-03    1.33e-02    8.91e-02        0.25
 199      -123.744599387   -3.45e-07    5.35e-04    2.16e-03    6.35e-03    3.00e-02    8.91e-02        0.26
 200      -123.744599599   -2.11e-07    5.31e-04    2.14e-03    4.34e-03    2.06e-02    8.91e-02        0.25
 201      -123.744599621   -2.21e-08    5.33e-04    2.15e-03    1.99e-03    9.89e-03    8.91e-02        0.25
 202      -123.744599765   -1.44e-07    5.30e-04    2.14e-03    3.53e-03    1.77e-02    8.91e-02        0.27
 203      -123.744599999   -2.33e-07    5.36e-04    2.17e-03    5.54e-03    2.84e-02    8.91e-02        0.27
 204      -123.744600080   -8.11e-08    5.33e-04    2.15e-03    2.53e-03    1.27e-02    8.91e-02        0.25
 205      -123.744600217   -1.38e-07    5.38e-04    2.18e-03    4.30e-03    2.25e-02    8.91e-02        0.28
 206      -123.744600433   -2.16e-07    5.33e-04    2.15e-03    4.43e-03    2.31e-02    8.91e-02        0.27
 207      -123.744600473   -4.02e-08    5.36e-04    2.17e-03    2.58e-03    1.41e-02    8.91e-02        0.26
 208      -123.744600552   -7.89e-08    5.34e-04    2.16e-03    2.46e-03    1.33e-02    8.91e-02        0.29
 209      -123.744600576   -2.32e-08    5.36e-04    2.17e-03    2.13e-03    1.22e-02    8.91e-02        0.29
 210      -123.744600597   -2.11e-08    5.35e-04    2.16e-03    9.79e-04    5.05e-03    8.91e-02        0.26
 211      -123.744600609   -1.27e-08    5.34e-04    2.16e-03    7.45e-04    3.30e-03    8.91e-02        0.24
 212      -123.744600636   -2.65e-08    5.37e-04    2.17e-03    1.93e-03    9.77e-03    8.91e-02        0.23
 213      -123.744600653   -1.66e-08    5.36e-04    2.17e-03    6.71e-04    2.25e-03    8.91e-02        0.25
 214      -123.744600880   -2.27e-07    5.32e-04    2.14e-03    7.29e-03    2.72e-02    8.91e-02        0.27
 215      -123.744601184   -3.04e-07    5.35e-04    2.16e-03    5.53e-03    2.23e-02    8.91e-02        0.27
 216      -123.744601186   -2.36e-09    5.36e-04    2.17e-03    4.69e-04    3.80e-03    8.91e-02        0.26
 217      -123.744601400   -2.14e-07    5.33e-04    2.15e-03    3.63e-03    2.55e-02    8.91e-02        0.27
 218      -123.744604050   -2.65e-06    5.57e-04    2.29e-03    1.66e-02    1.33e-01    8.91e-02        0.29
 219      -123.744604820   -7.71e-07    5.49e-04    2.23e-03    7.19e-03    5.37e-02    8.91e-02        0.29
 220      -123.744606204   -1.38e-06    5.66e-04    2.32e-03    9.46e-03    8.87e-02    8.91e-02        0.28
 221      -123.744606682   -4.78e-07    5.65e-04    2.32e-03    2.13e-03    4.75e-03    8.91e-02        0.25
 222      -123.744610970   -4.29e-06    5.86e-04    2.40e-03    1.95e-02    1.31e-01    8.91e-02        0.27
 223      -123.744622331   -1.14e-05    6.46e-04    2.73e-03    2.16e-02    3.79e-01    8.91e-02        0.29
 224      -123.744751933   -1.30e-04    1.04e-03    4.51e-03    9.22e-02    3.65e-01    8.91e-02        0.55
 225      -123.744763594   -1.17e-05    1.11e-03    4.88e-03    4.15e-02    6.10e-02    8.91e-02        0.29
 226      -123.744768957   -5.36e-06    1.03e-03    4.56e-03    1.59e-02    3.62e-02    8.91e-02        0.28
 227      -123.744770476   -1.52e-06    1.05e-03    4.65e-03    4.99e-03    8.98e-03    8.91e-02        0.28
 228      -123.744770937   -4.61e-07    1.06e-03    4.68e-03    2.85e-03    4.02e-03    8.91e-02        0.27
 229      -123.744771206   -2.69e-07    1.06e-03    4.67e-03    1.97e-03    2.63e-03    8.91e-02        0.27
 230      -123.744771380   -1.74e-07    1.05e-03    4.67e-03    2.17e-03    3.58e-03    8.91e-02        0.26
 231      -123.744771493   -1.13e-07    1.05e-03    4.66e-03    2.03e-03    3.65e-03    8.91e-02        0.25
 232      -123.744771580   -8.73e-08    1.05e-03    4.66e-03    2.07e-03    3.53e-03    8.91e-02        0.26
 233      -123.744771626   -4.59e-08    1.05e-03    4.66e-03    1.42e-03    2.14e-03    8.91e-02        0.25
 234      -123.744771650   -2.43e-08    1.05e-03    4.66e-03    8.93e-04    7.60e-04    8.91e-02        0.26
 235      -123.744771664   -1.32e-08    1.05e-03    4.66e-03    6.23e-04    4.33e-04    8.91e-02        0.27
 236      -123.744771667   -3.32e-09    1.05e-03    4.66e-03    2.04e-04    2.02e-04    8.91e-02        0.26
 237      -123.744771669   -2.36e-09    1.05e-03    4.66e-03    2.12e-04    1.50e-04    8.91e-02        0.26
 238      -123.744771672   -2.39e-09    1.05e-03    4.66e-03    2.51e-04    1.65e-04    8.91e-02        0.26
 239      -123.744771675   -3.02e-09    1.05e-03    4.66e-03    4.03e-04    4.46e-04    8.91e-02        0.25
 240      -123.744771680   -5.52e-09    1.05e-03    4.66e-03    7.19e-04    1.14e-03    8.91e-02        0.25
 241      -123.744771689   -8.81e-09    1.05e-03    4.66e-03    1.02e-03    1.87e-03    8.91e-02        0.24
 242      -123.744771697   -7.58e-09    1.05e-03    4.66e-03    8.25e-04    1.73e-03    8.91e-02        0.25
 243      -123.744771700   -2.79e-09    1.05e-03    4.66e-03    3.76e-04    7.97e-04    8.91e-02        0.24
 244      -123.744771702   -2.28e-09    1.05e-03    4.66e-03    5.61e-04    1.17e-03    8.91e-02        0.25
 245      -123.744771707   -4.84e-09    1.05e-03    4.66e-03    4.06e-04    9.06e-04    8.91e-02        0.25
Rejecting step due to low quality: Quality: -1.69504 New trust radius: 0.000740324
 246      -123.744771690    1.66e-08    1.05e-03    4.66e-03    1.48e-03    3.25e-03    7.40e-04        0.26
 247      -123.744771705    1.28e-09    1.05e-03    4.66e-03    7.40e-04    1.63e-03    3.70e-04        0.29
 248      -123.744771713   -7.22e-09    1.05e-03    4.66e-03    3.70e-04    7.27e-04    5.23e-04        0.27
 249      -123.744771720   -6.95e-09    1.05e-03    4.66e-03    2.57e-04    4.21e-04    5.23e-04        0.20
 250      -123.744771735   -1.52e-08    1.05e-03    4.66e-03    5.23e-04    6.57e-04    7.40e-04        0.24
 251      -123.744771749   -1.41e-08    1.05e-03    4.66e-03    7.40e-04    7.10e-04    7.40e-04        0.24
 252      -123.744771767   -1.78e-08    1.05e-03    4.66e-03    7.40e-04    6.26e-04    1.05e-03        0.25
 253      -123.744771804   -3.72e-08    1.05e-03    4.66e-03    1.05e-03    1.31e-03    1.48e-03        0.23
 254      -123.744771860   -5.63e-08    1.05e-03    4.66e-03    1.48e-03    1.44e-03    2.09e-03        0.25
 255      -123.744771956   -9.56e-08    1.05e-03    4.66e-03    2.09e-03    1.62e-03    2.96e-03        0.26
 256      -123.744772112   -1.56e-07    1.05e-03    4.66e-03    2.96e-03    1.64e-03    4.19e-03        0.26
 257      -123.744772340   -2.29e-07    1.05e-03    4.66e-03    3.42e-03    1.97e-03    5.92e-03        0.22
 258      -123.744772665   -3.24e-07    1.06e-03    4.66e-03    3.20e-03    2.14e-03    5.92e-03        0.23
 259      -123.744773195   -5.30e-07    1.06e-03    4.66e-03    2.51e-03    2.20e-03    5.92e-03        0.23
 260      -123.744774463   -1.27e-06    1.06e-03    4.66e-03    4.31e-03    5.32e-03    5.92e-03        0.24
 261      -123.744776538   -2.07e-06    1.06e-03    4.65e-03    5.77e-03    6.18e-03    8.38e-03        0.24
 262      -123.744780249   -3.71e-06    1.06e-03    4.65e-03    8.38e-03    5.84e-03    1.18e-02        0.29
 263      -123.744786650   -6.40e-06    1.06e-03    4.64e-03    1.18e-02    6.62e-03    1.68e-02        0.28
 264      -123.744797726   -1.11e-05    1.06e-03    4.63e-03    1.68e-02    8.89e-03    2.37e-02        0.28
 265      -123.744816962   -1.92e-05    1.06e-03    4.61e-03    2.37e-02    1.19e-02    3.35e-02        0.29
 266      -123.744851220   -3.43e-05    1.06e-03    4.58e-03    3.35e-02    1.94e-02    4.74e-02        0.31
 267      -123.744914752   -6.35e-05    1.06e-03    4.52e-03    4.74e-02    3.26e-02    6.70e-02        0.28
 268      -123.745033621   -1.19e-04    1.05e-03    4.38e-03    6.09e-02    4.46e-02    9.48e-02        0.24
 269      -123.745260948   -2.27e-04    1.02e-03    4.28e-03    7.15e-02    5.70e-02    9.48e-02        0.24
 270      -123.745680246   -4.19e-04    9.79e-04    4.75e-03    7.91e-02    8.49e-02    1.34e-01        0.30
 271      -123.746284396   -6.04e-04    9.13e-04    4.34e-03    8.99e-02    9.29e-02    1.34e-01        0.25
 272      -123.746959801   -6.75e-04    8.25e-04    3.83e-03    1.34e-01    8.64e-02    1.90e-01        0.29
 273      -123.747507349   -5.48e-04    6.39e-04    2.95e-03    1.71e-01    1.52e-01    2.68e-01        0.25
 274      -123.747768397   -2.61e-04    4.16e-04    1.70e-03    9.72e-02    1.03e-01    2.68e-01        0.24
 275      -123.747870542   -1.02e-04    2.29e-04    1.18e-03    5.41e-02    4.60e-02    2.68e-01        0.24
 276      -123.747914790   -4.42e-05    1.92e-04    8.53e-04    5.15e-02    5.87e-02    2.68e-01        0.24
 277      -123.747946237   -3.14e-05    1.26e-04    6.39e-04    2.93e-02    2.49e-02    2.68e-01        0.24
 278      -123.747966010   -1.98e-05    8.98e-05    4.91e-04    3.76e-02    3.47e-02    2.68e-01        0.27
 279      -123.747977998   -1.20e-05    8.17e-05    3.71e-04    3.15e-02    2.67e-02    2.68e-01        0.27
 280      -123.747987018   -9.02e-06    5.90e-05    2.13e-04    3.12e-02    2.15e-02    2.68e-01        0.24
 281      -123.747990023   -3.01e-06    2.69e-05    9.57e-05    1.05e-02    8.53e-03    2.68e-01        0.26
 282      -123.747990789   -7.66e-07    8.43e-06    4.87e-05    6.35e-03    3.26e-03    2.68e-01        0.22
 283      -123.747990912   -1.23e-07    5.18e-06    2.12e-05    2.84e-03    1.94e-03    2.68e-01        0.21
 284      -123.747990947   -3.55e-08    3.38e-06    1.85e-05    1.54e-03    1.95e-03    2.68e-01        0.21
 285      -123.747990959   -1.16e-08    3.05e-06    1.77e-05    7.94e-04    1.35e-03    2.68e-01        0.21
 286      -123.747990964   -4.73e-09    1.18e-06    7.23e-06    5.97e-04    1.03e-03    2.68e-01        0.21
 Geometry optimization stopped:          thresholds achieved

 Final energy:                        -123.747990964

 ---------------------------
  Final coordinates summary 
 ---------------------------
 Total coordinates:                    531
 Bond distances:                        87
 Bond angles:                          164
 Dihedral angles:                      249
 Linear bond angles:                     4
 Out-of-plane bends:                    21
 Translations:                           3
 Rotations:                              3

 -----------
  Final XYZ 
 -----------
79
Final structure: -123.748 hartree
Mg           0.045070997          0.032242589          0.327043398
C           -2.218621832         -2.547761589          0.530596897
C           -2.553984092          2.203879204          0.142671970
C            2.298655939          2.529789301          0.136461377
C            2.644957095         -2.280282786          0.233905474
N           -2.092411617         -0.172598385          0.385474477
C           -2.817892470         -1.311695413          0.543167983
C           -4.288760545         -1.000485303          0.705913524
C           -4.366261207          0.427412697          0.143713369
C           -2.922554490          0.883326513          0.241293258
C           -4.825352743          0.451761224         -1.319652052
C           -4.682709245         -1.033628318          2.196429204
C           -6.196407155         -0.964865596          2.384598473
N           -0.099294181          2.021830361          0.197809475
C           -1.257881140          2.747722775          0.159745455
C           -0.943990519          4.142349935          0.102223316
C            0.438198053          4.247710967          0.103153907
C            0.947302911          2.894744536          0.169247530
C           -1.963201915          5.237075508          0.105169755
C            1.296703086          5.435681313          0.040052786
O            2.455989519          5.428769888          0.399026432
C            0.699528161          6.709727879         -0.526856321
N            2.151259863          0.104367127          0.213724314
C            2.838215503          1.262765153          0.156460898
C            4.330655116          1.016197137          0.051435507
C            4.441151668         -0.487114841          0.345911518
C            3.001717891         -0.950901962          0.243599295
C            4.832433890          1.371002757         -1.353845899
C            5.010459753         -0.792977416          1.745254823
C            4.129162995         -0.268464339          2.878652881
N            0.234511194         -1.947811292          0.332454777
C            1.332390337         -2.777277945          0.254618883
C            0.915098494         -4.150915419          0.246925321
C           -0.466841420         -4.121662752          0.344764761
C           -0.837445159         -2.748459487          0.408023755
C            1.800296046         -5.346953971          0.161959260
C           -1.661080662         -4.936245559          0.377130750
O           -1.810302455         -6.121782714          0.247876584
C           -2.852381042         -3.927117673          0.603245278
C           -3.425658790         -4.254987479          1.969396135
O           -3.004678791         -3.824504705          3.011847159
O           -4.447072493         -5.103314290          1.874851985
C           -4.999217228         -5.552853457          3.112676884
H           -3.369227726          2.913795750          0.042113724
H            3.011140020          3.345450116          0.091506431
H            3.448289767         -3.010432421          0.227278570
H           -4.912168078         -1.707945327          0.147483761
H           -5.028168326          1.070801114          0.733305940
H           -4.790291280          1.470876109         -1.705508958
H           -5.847437552          0.081666783         -1.399561914
H           -4.174168044         -0.175349122         -1.930582471
H           -4.202070926         -0.193811735          2.709530474
H           -4.307468576         -1.951922758          2.650864784
H           -6.678767719         -1.815415757          1.900620862
H           -6.604931709         -0.047426136          1.958815917
H           -1.646739169          6.060778889          0.745269100
H           -2.923971752          4.877545838          0.473104020
H           -2.113413943          5.627486794         -0.904123786
H            0.042228628          6.507077951         -1.369238751
H            1.511426195          7.364224780         -0.839726218
H            0.132876491          7.216886188          0.253548184
H            4.880741097          1.620485954          0.781488882
H            5.069364474         -0.995918079         -0.394576581
H            4.677226786          2.431982782         -1.549178633
H            4.291729068          0.795083695         -2.106276731
H            5.896770591          1.152058911         -1.439318358
H            6.009531648         -0.352748991          1.822721071
H            5.115475969         -1.878111875          1.846344250
H            3.133449088         -0.716070386          2.829123177
H            4.023875300          0.815698014          2.823617909
H            4.574321783         -0.522387304          3.840438894
H            2.412546174         -5.309041875         -0.741449342
H            1.200008871         -6.256128352          0.143085553
H            2.473561419         -5.387853050          1.021068192
H           -3.619682911         -4.101801534         -0.156185602
H           -5.786476286         -6.264605197          2.867413455
H           -5.413052752         -4.707049360          3.669244479
H           -4.224315518         -6.035145581          3.714331798
H           -6.437762423         -0.988453190          3.447398659

 Structure in entos input format:

  structure(
    xyz = [
      ['Mg' ,          0.045070997,          0.032242589,          0.327043398],
      ['C'  ,         -2.218621832,         -2.547761589,          0.530596897],
      ['C'  ,         -2.553984092,          2.203879204,          0.142671970],
      ['C'  ,          2.298655939,          2.529789301,          0.136461377],
      ['C'  ,          2.644957095,         -2.280282786,          0.233905474],
      ['N'  ,         -2.092411617,         -0.172598385,          0.385474477],
      ['C'  ,         -2.817892470,         -1.311695413,          0.543167983],
      ['C'  ,         -4.288760545,         -1.000485303,          0.705913524],
      ['C'  ,         -4.366261207,          0.427412697,          0.143713369],
      ['C'  ,         -2.922554490,          0.883326513,          0.241293258],
      ['C'  ,         -4.825352743,          0.451761224,         -1.319652052],
      ['C'  ,         -4.682709245,         -1.033628318,          2.196429204],
      ['C'  ,         -6.196407155,         -0.964865596,          2.384598473],
      ['N'  ,         -0.099294181,          2.021830361,          0.197809475],
      ['C'  ,         -1.257881140,          2.747722775,          0.159745455],
      ['C'  ,         -0.943990519,          4.142349935,          0.102223316],
      ['C'  ,          0.438198053,          4.247710967,          0.103153907],
      ['C'  ,          0.947302911,          2.894744536,          0.169247530],
      ['C'  ,         -1.963201915,          5.237075508,          0.105169755],
      ['C'  ,          1.296703086,          5.435681313,          0.040052786],
      ['O'  ,          2.455989519,          5.428769888,          0.399026432],
      ['C'  ,          0.699528161,          6.709727879,         -0.526856321],
      ['N'  ,          2.151259863,          0.104367127,          0.213724314],
      ['C'  ,          2.838215503,          1.262765153,          0.156460898],
      ['C'  ,          4.330655116,          1.016197137,          0.051435507],
      ['C'  ,          4.441151668,         -0.487114841,          0.345911518],
      ['C'  ,          3.001717891,         -0.950901962,          0.243599295],
      ['C'  ,          4.832433890,          1.371002757,         -1.353845899],
      ['C'  ,          5.010459753,         -0.792977416,          1.745254823],
      ['C'  ,          4.129162995,         -0.268464339,          2.878652881],
      ['N'  ,          0.234511194,         -1.947811292,          0.332454777],
      ['C'  ,          1.332390337,         -2.777277945,          0.254618883],
      ['C'  ,          0.915098494,         -4.150915419,          0.246925321],
      ['C'  ,         -0.466841420,         -4.121662752,          0.344764761],
      ['C'  ,         -0.837445159,         -2.748459487,          0.408023755],
      ['C'  ,          1.800296046,         -5.346953971,          0.161959260],
      ['C'  ,         -1.661080662,         -4.936245559,          0.377130750],
      ['O'  ,         -1.810302455,         -6.121782714,          0.247876584],
      ['C'  ,         -2.852381042,         -3.927117673,          0.603245278],
      ['C'  ,         -3.425658790,         -4.254987479,          1.969396135],
      ['O'  ,         -3.004678791,         -3.824504705,          3.011847159],
      ['O'  ,         -4.447072493,         -5.103314290,          1.874851985],
      ['C'  ,         -4.999217228,         -5.552853457,          3.112676884],
      ['H'  ,         -3.369227726,          2.913795750,          0.042113724],
      ['H'  ,          3.011140020,          3.345450116,          0.091506431],
      ['H'  ,          3.448289767,         -3.010432421,          0.227278570],
      ['H'  ,         -4.912168078,         -1.707945327,          0.147483761],
      ['H'  ,         -5.028168326,          1.070801114,          0.733305940],
      ['H'  ,         -4.790291280,          1.470876109,         -1.705508958],
      ['H'  ,         -5.847437552,          0.081666783,         -1.399561914],
      ['H'  ,         -4.174168044,         -0.175349122,         -1.930582471],
      ['H'  ,         -4.202070926,         -0.193811735,          2.709530474],
      ['H'  ,         -4.307468576,         -1.951922758,          2.650864784],
      ['H'  ,         -6.678767719,         -1.815415757,          1.900620862],
      ['H'  ,         -6.604931709,         -0.047426136,          1.958815917],
      ['H'  ,         -1.646739169,          6.060778889,          0.745269100],
      ['H'  ,         -2.923971752,          4.877545838,          0.473104020],
      ['H'  ,         -2.113413943,          5.627486794,         -0.904123786],
      ['H'  ,          0.042228628,          6.507077951,         -1.369238751],
      ['H'  ,          1.511426195,          7.364224780,         -0.839726218],
      ['H'  ,          0.132876491,          7.216886188,          0.253548184],
      ['H'  ,          4.880741097,          1.620485954,          0.781488882],
      ['H'  ,          5.069364474,         -0.995918079,         -0.394576581],
      ['H'  ,          4.677226786,          2.431982782,         -1.549178633],
      ['H'  ,          4.291729068,          0.795083695,         -2.106276731],
      ['H'  ,          5.896770591,          1.152058911,         -1.439318358],
      ['H'  ,          6.009531648,         -0.352748991,          1.822721071],
      ['H'  ,          5.115475969,         -1.878111875,          1.846344250],
      ['H'  ,          3.133449088,         -0.716070386,          2.829123177],
      ['H'  ,          4.023875300,          0.815698014,          2.823617909],
      ['H'  ,          4.574321783,         -0.522387304,          3.840438894],
      ['H'  ,          2.412546174,         -5.309041875,         -0.741449342],
      ['H'  ,          1.200008871,         -6.256128352,          0.143085553],
      ['H'  ,          2.473561419,         -5.387853050,          1.021068192],
      ['H'  ,         -3.619682911,         -4.101801534,         -0.156185602],
      ['H'  ,         -5.786476286,         -6.264605197,          2.867413455],
      ['H'  ,         -5.413052752,         -4.707049360,          3.669244479],
      ['H'  ,         -4.224315518,         -6.035145581,          3.714331798],
      ['H'  ,         -6.437762423,         -0.988453190,          3.447398659]
    ]
  )

 --------------------------------
  Geometry optimization finished 
 --------------------------------

 --------------------------------------------------------------------------------

 End time:                               Fri Feb 25 15:10:06 2022
 Total wall-clock time:                111.970 seconds
==================================================================================
