            --------------------------------------------------------
                             AMBER SQM VERSION 19
 
                                     By
              Ross C. Walker, Michael F. Crowley, Scott Brozell,
                         Tim Giese, Andreas W. Goetz,
                        Tai-Sung Lee and David A. Case
 
            --------------------------------------------------------
 

--------------------------------------------------------------------------------
  QM CALCULATION INFO
--------------------------------------------------------------------------------

| QMMM: Citation for AMBER QMMM Run:
| QMMM: R.C. Walker, M.F. Crowley and D.A. Case, J. COMP. CHEM. 29:1019, 2008

QMMM: SINGLET STATE CALCULATION
QMMM: RHF CALCULATION, NO. OF DOUBLY OCCUPIED LEVELS = 16

| QMMM: *** Selected Hamiltonian *** 
| QMMM: AM1         

| QMMM: *** Parameter sets in use ***
| QMMM: C : M.J.S.DEWAR et al. JACS, 107, 3902, (1985)
| QMMM: O : M.J.S.DEWAR et al. JACS, 107, 3902, (1985)
| QMMM: H : M.J.S.DEWAR et al. JACS, 107, 3902, (1985)

| QMMM: *** SCF convergence criteria ***
| QMMM: Energy change                :  0.1D-09 kcal/mol
| QMMM: Error matrix |FP-PF|         :  0.1D+00 au
| QMMM: Density matrix change        :  0.5D-06
| QMMM: Maximum number of SCF cycles :     1000

| QMMM: *** Diagonalization Routine Information ***
| QMMM: Pseudo diagonalizations are allowed.
| QMMM: Auto diagonalization routine selection is in use.
| QMMM:
| QMMM: Timing diagonalization routines:
| QMMM:                              norbs =       30
| QMMM:    diag iterations used for timing =       20
| QMMM:
| QMMM:              Internal diag routine = 0.002784 seconds
| QMMM:                 Dspev diag routine = 0.002763 seconds
| QMMM:                Dspevd diag routine = 0.001810 seconds
| QMMM:                Dspevx diag routine = 0.009676 seconds
| QMMM:                 Dsyev diag routine = 0.001958 seconds
| QMMM:                Dsyevd diag routine = 0.001593 seconds
| QMMM:                Dsyevr diag routine = 0.002085 seconds
| QMMM:
| QMMM:                Pseudo diag routine = 0.000456 seconds
| QMMM:
| QMMM: Using dsyevd routine (diag_routine=6).

  QMMM: QM Region Cartesian Coordinates (*=link atom) 
  QMMM: QM_NO.   MM_NO.  ATOM         X         Y         Z
  QMMM:     1        1      C        0.9950   -2.0490    0.0000
  QMMM:     2        2      C        1.0990   -0.5420    0.0000
  QMMM:     3        3      O       -0.2330   -0.0340    0.0000
  QMMM:     4        4      C       -0.2680    1.3920    0.0000
  QMMM:     5        5      C       -1.7240    1.7960   -0.0000
  QMMM:     6        6      H        2.0190   -2.4920   -0.0000
  QMMM:     7        7      H        0.4430   -2.4010    0.9040
  QMMM:     8        8      H        0.4430   -2.4010   -0.9040
  QMMM:     9        9      H        1.6400   -0.1730    0.9130
  QMMM:    10       10      H        1.6400   -0.1730   -0.9130
  QMMM:    11       11      H        0.2600    1.7790    0.9130
  QMMM:    12       12      H        0.2600    1.7790   -0.9130
  QMMM:    13       13      H       -1.8010    2.9090    0.0000
  QMMM:    14       14      H       -2.2400    1.3930   -0.9040
  QMMM:    15       15      H       -2.2400    1.3930    0.9040

--------------------------------------------------------------------------------
  RESULTS
--------------------------------------------------------------------------------

  ... geometry converged !
 
 Final MO eigenvalues (eV):
 -38.9092  -33.0515  -30.3961  -23.4556  -23.2397  -17.5329  -17.0253  -15.2159
 -14.7891  -13.7644  -12.8584  -12.7905  -12.5314  -12.0003  -11.7571  -10.3931
   2.9812    3.9311    4.0164    4.1738    4.2690    4.3598    4.4510    4.5901
   4.8830    4.8963    4.9616    5.0376    5.1244    6.3257

 Heat of formation   =        -64.48728463 kcal/mol  (       -2.79637850 eV)

 Total SCF energy    =     -22390.85944755 kcal/mol  (     -970.94052502 eV)
 Electronic energy   =     -82522.86386592 kcal/mol  (    -3578.45990486 eV)
 Core-core repulsion =      60132.00441837 kcal/mol  (     2607.51937983 eV)
 
    Atomic Charges for Step       1 :
  Atom    Element       Mulliken Charge
     1      C                 -0.214
     2      C                 -0.020
     3      O                 -0.283
     4      C                 -0.020
     5      C                 -0.214
     6      H                  0.078
     7      H                  0.087
     8      H                  0.087
     9      H                  0.062
    10      H                  0.062
    11      H                  0.062
    12      H                  0.062
    13      H                  0.078
    14      H                  0.087
    15      H                  0.087
 Total Mulliken Charge =      -0.000
 
                  X        Y        Z     TOTAL  
  QM DIPOLE     1.017    0.719   -0.000    1.246
 
 Final Structure

  QMMM: QM Region Cartesian Coordinates (*=link atom) 
  QMMM: QM_NO.   MM_NO.  ATOM         X         Y         Z
  QMMM:     1        1      C        0.9948   -2.0493   -0.0000
  QMMM:     2        2      C        1.0990   -0.5419    0.0000
  QMMM:     3        3      O       -0.2336   -0.0339    0.0000
  QMMM:     4        4      C       -0.2684    1.3918    0.0000
  QMMM:     5        5      C       -1.7243    1.7959   -0.0000
  QMMM:     6        6      H        2.0192   -2.4909   -0.0000
  QMMM:     7        7      H        0.4435   -2.4009    0.9045
  QMMM:     8        8      H        0.4435   -2.4009   -0.9045
  QMMM:     9        9      H        1.6404   -0.1745    0.9130
  QMMM:    10       10      H        1.6403   -0.1744   -0.9130
  QMMM:    11       11      H        0.2585    1.7797    0.9130
  QMMM:    12       12      H        0.2585    1.7797   -0.9130
  QMMM:    13       13      H       -1.7993    2.9090   -0.0000
  QMMM:    14       14      H       -2.2396    1.3933   -0.9045
  QMMM:    15       15      H       -2.2396    1.3933    0.9045

           --------- Calculation Completed ----------

