
================================================================================
          _____________ ________ _______________ ________     _________         
         / ___________// ______ \\_____   _____// ______ \   / ________)        
        / /_________  / /      \ \     | |     / /      \ \ | (_______          
       |  __________|| |        | |    | |    | |        | | \________ \        
        \ \_________ | |        | |    | |     \ \______/ /___________) |       
         \__________||_|        |_|    |_|      \________//____________/        
                                                                                
====================================[ Qcore ]===================================

 Git describe: 2.3.0-162-g029f7e36e
 Compiler:     Clang 11.1.0
 Build type:   Release
 Version:      2.3.0-162-g029f7e36e

 Start time:   Fri Nov 26 16:40:58 2021

 Data directory: /Users/of15641/qcore/cmake-build-release/share/entos/qcore/data
 Number of threads: 2
 Number of threads was determined by: number of physical cores

 --------------------------------------------------------------------------------
                                 command: hessian                                
 --------------------------------------------------------------------------------
 Ground state p.c. interaction:          0.000000000 Ha
