
================================================================================
          _____________ ________ _______________ ________     _________         
         / ___________// ______ \\_____   _____// ______ \   / ________)        
        / /_________  / /      \ \     | |     / /      \ \ | (_______          
       |  __________|| |        | |    | |    | |        | | \________ \        
        \ \_________ | |        | |    | |     \ \______/ /___________) |       
         \__________||_|        |_|    |_|      \________//____________/        
                                                                                
====================================[ Qcore ]===================================

 Git describe: 2.3.0-166-g4178ddb
 Compiler:     GNU 9.1.0
 Build type:   Release
 Version:      2.3.0-166-g4178ddb

 Start time:   Fri Jan 21 20:02:15 2022

 Data directory: /user/home/of15641/.local/src/Qcore/release/share/entos/qcore/data
 Number of threads: 32
 Number of threads was determined by: number of physical cores

 --------------------------------------------------------------------------------
                                 command: hessian                                
 --------------------------------------------------------------------------------

 -------------------------------
  Numerical Geometrical Hessian 
 -------------------------------

 Compute hessian using two-point central differentiation.
 Step size (bohr):                       0.0100

 Frequencies (including translational and rotational modes):
 mode    frequency (cm-1)
    0              292.10 i (imaginary)
    1              290.89 i (imaginary)
    2              278.99 i (imaginary)
    3              232.07 i (imaginary)
    4              231.36 i (imaginary)
    5              230.76 i (imaginary)
    6              225.32 i (imaginary)
    7              205.46 i (imaginary)
    8              201.96 i (imaginary)
    9              194.55 i (imaginary)
   10              185.30 i (imaginary)
   11              183.25 i (imaginary)
   12              165.25 i (imaginary)
   13              144.94 i (imaginary)
   14              142.34 i (imaginary)
   15              126.03 i (imaginary)
   16              119.66 i (imaginary)
   17              117.79 i (imaginary)
   18              103.07 i (imaginary)
   19               98.90 i (imaginary)
   20               98.83 i (imaginary)
   21               65.13 i (imaginary)
   22               61.02 i (imaginary)
   23               35.90 i (imaginary)
   24               19.38 i (imaginary)
   25               18.35 i (imaginary)
   26               11.14 i (imaginary)
   27                3.65 i (imaginary)
   28                1.28 i (imaginary)
   29                5.84
   30                6.63
   31                8.26
   32               11.99
   33               17.20
   34               19.05
   35               20.11
   36               21.90
   37               27.35
   38               30.39
   39               31.98
   40               41.14
   41               43.89
   42               44.27
   43               45.20
   44               46.25
   45               50.94
   46               53.52
   47               55.04
   48               56.13
   49               57.50
   50               60.41
   51               61.19
   52               66.64
   53               68.35
   54               70.84
   55               71.38
   56               74.09
   57               76.65
   58               77.10
   59               78.75
   60               82.10
   61               84.67
   62               85.78
   63               88.17
   64               89.05
   65               91.31
   66               93.50
   67               95.83
   68               98.14
   69               99.27
   70              100.56
   71              102.77
   72              104.85
   73              107.69
   74              108.43
   75              110.11
   76              111.76
   77              114.75
   78              115.79
   79              116.10
   80              117.74
   81              122.01
   82              122.82
   83              126.96
   84              127.33
   85              129.65
   86              130.78
   87              131.91
   88              132.84
   89              136.24
   90              140.36
   91              140.59
   92              142.12
   93              143.60
   94              144.97
   95              146.65
   96              146.78
   97              148.26
   98              150.95
   99              152.36
  100              157.61
  101              158.66
  102              160.52
  103              160.83
  104              164.92
  105              165.74
  106              169.70
  107              175.12
  108              175.75
  109              178.00
  110              178.91
  111              179.83
  112              183.13
  113              184.22
  114              185.56
  115              187.25
  116              190.52
  117              192.87
  118              193.82
  119              195.00
  120              196.95
  121              198.42
  122              199.36
  123              201.45
  124              203.01
  125              206.41
  126              209.04
  127              213.03
  128              213.70
  129              216.46
  130              217.72
  131              218.66
  132              219.48
  133              223.40
  134              226.17
  135              229.27
  136              229.59
  137              231.31
  138              232.59
  139              238.64
  140              239.74
  141              245.19
  142              246.27
  143              247.97
  144              251.08
  145              252.72
  146              254.39
  147              258.29
  148              264.93
  149              265.25
  150              266.10
  151              271.15
  152              273.27
  153              278.33
  154              279.40
  155              279.79
  156              284.69
  157              285.54
  158              290.09
  159              292.32
  160              296.17
  161              300.54
  162              302.87
  163              304.21
  164              309.32
  165              310.55
  166              312.47
  167              312.83
  168              316.93
  169              320.53
  170              320.80
  171              322.00
  172              323.55
  173              324.00
  174              326.20
  175              329.04
  176              333.34
  177              333.92
  178              337.72
  179              339.35
  180              341.34
  181              342.65
  182              344.65
  183              348.21
  184              352.16
  185              352.48
  186              354.13
  187              355.21
  188              356.67
  189              365.16
  190              366.03
  191              368.35
  192              372.95
  193              375.02
  194              376.40
  195              379.52
  196              387.27
  197              388.22
  198              389.60
  199              390.76
  200              392.91
  201              395.95
  202              397.50
  203              399.01
  204              400.56
  205              403.58
  206              410.58
  207              411.20
  208              415.32
  209              415.75
  210              416.94
  211              420.36
  212              421.38
  213              422.12
  214              429.88
  215              438.42
  216              442.71
  217              445.29
  218              448.27
  219              456.33
  220              456.72
  221              461.78
  222              465.78
  223              466.21
  224              468.49
  225              476.27
  226              482.59
  227              483.34
  228              485.02
  229              488.93
  230              490.52
  231              496.02
  232              498.56
  233              504.73
  234              505.33
  235              508.00
  236              516.30
  237              529.46
  238              534.76
  239              540.09
  240              542.85
  241              543.57
  242              557.51
  243              558.71
  244              560.84
  245              562.65
  246              563.82
  247              566.41
  248              574.43
  249              577.46
  250              581.98
  251              588.06
  252              589.89
  253              596.07
  254              597.01
  255              598.59
  256              600.65
  257              602.36
  258              607.04
  259              609.43
  260              611.08
  261              616.65
  262              621.14
  263              622.26
  264              623.75
  265              633.74
  266              640.65
  267              642.67
  268              648.89
  269              653.24
  270              655.86
  271              663.81
  272              665.62
  273              672.42
  274              677.75
  275              680.73
  276              683.06
  277              683.16
  278              690.95
  279              693.97
  280              696.33
  281              700.87
  282              703.67
  283              709.90
  284              711.48
  285              719.01
  286              722.79
  287              724.27
  288              728.10
  289              730.43
  290              730.56
  291              735.67
  292              737.47
  293              738.60
  294              741.11
  295              741.73
  296              746.39
  297              747.02
  298              749.88
  299              751.73
  300              753.35
  301              757.34
  302              757.48
  303              758.88
  304              759.60
  305              762.00
  306              769.16
  307              776.90
  308              781.53
  309              782.91
  310              784.88
  311              786.22
  312              788.26
  313              790.20
  314              790.90
  315              792.72
  316              794.27
  317              796.25
  318              798.68
  319              800.95
  320              806.72
  321              807.00
  322              810.73
  323              811.79
  324              814.93
  325              817.27
  326              818.44
  327              818.77
  328              820.17
  329              822.23
  330              828.45
  331              828.82
  332              830.66
  333              832.40
  334              834.63
  335              835.48
  336              839.11
  337              839.42
  338              842.71
  339              843.86
  340              849.70
  341              850.31
  342              852.69
  343              853.35
  344              856.76
  345              858.54
  346              860.18
  347              860.88
  348              861.48
  349              861.65
  350              863.05
  351              864.22
  352              864.69
  353              875.50
  354              880.13
  355              881.97
  356              882.69
  357              883.09
  358              888.72
  359              889.08
  360              892.99
  361              893.46
  362              894.00
  363              895.05
  364              896.82
  365              897.86
  366              900.43
  367              904.38
  368              907.57
  369              908.98
  370              909.49
  371              912.31
  372              912.59
  373              913.09
  374              916.24
  375              916.66
  376              920.87
  377              921.52
  378              928.95
  379              932.61
  380              933.59
  381              934.47
  382              938.05
  383              940.43
  384              942.91
  385              944.36
  386              945.06
  387              948.12
  388              948.95
  389              950.73
  390              952.47
  391              953.57
  392              953.84
  393              954.60
  394              955.60
  395              955.86
  396              962.39
  397              964.37
  398              965.78
  399              967.26
  400              969.67
  401              970.71
  402              971.46
  403              971.93
  404              973.76
  405              978.65
  406              979.05
  407              979.27
  408              980.19
  409              981.35
  410              983.07
  411              983.84
  412              987.66
  413              988.80
  414              994.73
  415              995.15
  416              996.32
  417              996.38
  418             1002.07
  419             1003.52
  420             1006.58
  421             1015.17
  422             1015.92
  423             1017.90
  424             1018.23
  425             1025.04
  426             1028.28
  427             1029.51
  428             1031.01
  429             1032.26
  430             1032.63
  431             1036.28
  432             1036.83
  433             1039.24
  434             1042.97
  435             1046.36
  436             1048.23
  437             1051.57
  438             1053.23
  439             1055.55
  440             1056.25
  441             1059.19
  442             1060.89
  443             1061.39
  444             1063.90
  445             1066.57
  446             1068.89
  447             1071.57
  448             1072.53
  449             1073.95
  450             1080.17
  451             1080.73
  452             1081.68
  453             1082.09
  454             1082.28
  455             1084.17
  456             1090.47
  457             1094.20
  458             1097.88
  459             1098.30
  460             1099.79
  461             1100.63
  462             1101.26
  463             1103.77
  464             1106.06
  465             1106.27
  466             1112.93
  467             1115.94
  468             1119.41
  469             1121.27
  470             1121.56
  471             1123.14
  472             1124.91
  473             1126.13
  474             1128.28
  475             1132.14
  476             1133.07
  477             1137.67
  478             1140.12
  479             1141.64
  480             1142.23
  481             1143.76
  482             1145.49
  483             1146.34
  484             1149.87
  485             1151.35
  486             1153.09
  487             1154.31
  488             1159.01
  489             1160.38
  490             1164.77
  491             1165.04
  492             1165.74
  493             1166.45
  494             1173.95
  495             1175.08
  496             1178.06
  497             1179.22
  498             1188.26
  499             1188.68
  500             1192.12
  501             1195.66
  502             1195.74
  503             1197.07
  504             1197.15
  505             1197.79
  506             1198.77
  507             1202.25
  508             1206.25
  509             1206.75
  510             1207.87
  511             1208.78
  512             1210.80
  513             1210.87
  514             1215.76
  515             1217.51
  516             1222.39
  517             1223.24
  518             1224.01
  519             1225.31
  520             1225.93
  521             1226.65
  522             1229.78
  523             1230.56
  524             1231.09
  525             1233.79
  526             1234.14
  527             1234.79
  528             1241.67
  529             1243.12
  530             1244.00
  531             1245.44
  532             1246.11
  533             1250.28
  534             1252.61
  535             1253.52
  536             1254.46
  537             1255.99
  538             1257.54
  539             1262.07
  540             1262.37
  541             1263.36
  542             1265.38
  543             1271.15
  544             1273.10
  545             1273.55
  546             1274.11
  547             1276.86
  548             1280.55
  549             1285.98
  550             1286.64
  551             1288.21
  552             1291.34
  553             1292.68
  554             1293.95
  555             1295.01
  556             1297.93
  557             1298.07
  558             1298.77
  559             1299.40
  560             1304.29
  561             1306.23
  562             1310.06
  563             1310.27
  564             1311.63
  565             1313.68
  566             1314.13
  567             1315.40
  568             1318.00
  569             1319.09
  570             1319.94
  571             1320.70
  572             1321.86
  573             1322.73
  574             1323.91
  575             1324.55
  576             1328.75
  577             1329.14
  578             1329.61
  579             1329.96
  580             1330.24
  581             1331.24
  582             1333.77
  583             1335.44
  584             1338.41
  585             1339.04
  586             1339.34
  587             1342.17
  588             1343.12
  589             1343.69
  590             1344.71
  591             1345.46
  592             1345.74
  593             1346.08
  594             1346.24
  595             1347.93
  596             1348.61
  597             1350.73
  598             1352.17
  599             1354.51
  600             1357.35
  601             1358.12
  602             1358.95
  603             1359.86
  604             1360.98
  605             1361.20
  606             1362.57
  607             1363.34
  608             1364.11
  609             1369.40
  610             1370.92
  611             1371.57
  612             1371.75
  613             1373.27
  614             1374.50
  615             1375.54
  616             1376.04
  617             1379.26
  618             1380.24
  619             1382.18
  620             1382.96
  621             1384.38
  622             1384.66
  623             1384.88
  624             1385.91
  625             1386.50
  626             1386.73
  627             1387.51
  628             1389.49
  629             1389.94
  630             1391.73
  631             1391.96
  632             1393.69
  633             1393.98
  634             1394.70
  635             1395.48
  636             1396.68
  637             1398.00
  638             1398.50
  639             1400.96
  640             1401.69
  641             1403.90
  642             1404.22
  643             1404.62
  644             1405.94
  645             1406.35
  646             1407.18
  647             1408.13
  648             1408.88
  649             1409.60
  650             1410.89
  651             1417.44
  652             1419.58
  653             1420.93
  654             1421.60
  655             1423.45
  656             1426.07
  657             1431.18
  658             1431.19
  659             1431.56
  660             1433.92
  661             1434.93
  662             1438.82
  663             1439.71
  664             1441.47
  665             1444.53
  666             1450.80
  667             1453.03
  668             1458.36
  669             1459.29
  670             1468.71
  671             1482.72
  672             1490.33
  673             1493.44
  674             1503.00
  675             1548.82
  676             1561.90
  677             1582.05
  678             1583.99
  679             1604.24
  680             1625.63
  681             1656.99
  682             1685.54
  683             1696.91
  684             1710.12
  685             1712.69
  686             1715.49
  687             1730.96
  688             1766.17
  689             1772.59
  690             1777.81
  691             1859.87
  692             2947.57
  693             2955.12
  694             2958.67
  695             2962.56
  696             2964.02
  697             2964.54
  698             2966.54
  699             2967.37
  700             2967.49
  701             2968.68
  702             2970.50
  703             2970.89
  704             2972.63
  705             2973.18
  706             2973.77
  707             2973.96
  708             2974.92
  709             2976.22
  710             2978.29
  711             2981.90
  712             2983.20
  713             2984.98
  714             2987.11
  715             2988.55
  716             3009.95
  717             3011.39
  718             3013.28
  719             3014.21
  720             3014.79
  721             3024.01
  722             3026.97
  723             3027.50
  724             3027.92
  725             3028.86
  726             3029.46
  727             3032.55
  728             3034.06
  729             3034.90
  730             3037.81
  731             3038.82
  732             3039.70
  733             3040.79
  734             3043.33
  735             3044.32
  736             3044.85
  737             3046.19
  738             3047.44
  739             3050.28
  740             3051.19
  741             3054.58
  742             3056.83
  743             3058.88
  744             3059.73
  745             3064.51
  746             3066.95
  747             3068.34
  748             3072.57
  749             3073.26
  750             3073.58
  751             3074.93
  752             3076.87
  753             3077.39
  754             3079.13
  755             3080.03
  756             3081.03
  757             3081.69
  758             3082.92
  759             3084.14
  760             3084.60
  761             3086.14
  762             3088.01
  763             3088.09
  764             3089.75
  765             3092.24
  766             3093.36
  767             3099.93
  768             3102.98
  769             3105.20
  770             3106.35
  771             3106.93
  772             3107.36
  773             3107.67
  774             3108.21
  775             3108.62
  776             3109.72
  777             3110.64
  778             3110.89
  779             3111.10
  780             3113.00
  781             3113.42
  782             3113.66
  783             3113.69
  784             3114.05
  785             3114.17
  786             3114.28
  787             3114.37
  788             3114.45
  789             3114.82
  790             3115.14
  791             3115.22
  792             3116.21
  793             3117.19
  794             3117.78
  795             3118.36
  796             3118.71
  797             3119.60
  798             3119.62
  799             3119.92
  800             3120.18
  801             3120.62
  802             3120.66
  803             3120.92
  804             3121.20
  805             3121.24
  806             3122.12
  807             3122.47
  808             3123.47
  809             3124.02
  810             3124.31
  811             3124.68
  812             3124.93
  813             3125.45
  814             3125.75
  815             3125.78
  816             3125.87
  817             3125.99
  818             3126.44
  819             3126.51
  820             3126.68
  821             3126.78
  822             3127.09
  823             3127.13
  824             3127.30
  825             3128.08
  826             3128.64
  827             3129.75
  828             3129.83
  829             3130.32
  830             3130.88
  831             3131.09
  832             3131.85
  833             3133.28
  834             3133.65
  835             3134.10
  836             3134.30
  837             3138.07
  838             3138.28
  839             3140.80

 Project out translational and rotational motions 

 Degrees of freedom for translational and rotational motions: 6

 Vibrational frequencies:
 mode    frequency (cm-1)
    0              292.10 i (imaginary)
    1              290.88 i (imaginary)
    2              278.98 i (imaginary)
    3              232.06 i (imaginary)
    4              231.36 i (imaginary)
    5              230.73 i (imaginary)
    6              225.31 i (imaginary)
    7              205.44 i (imaginary)
    8              201.96 i (imaginary)
    9              194.53 i (imaginary)
   10              185.29 i (imaginary)
   11              183.21 i (imaginary)
   12              165.24 i (imaginary)
   13              144.93 i (imaginary)
   14              142.33 i (imaginary)
   15              126.03 i (imaginary)
   16              119.61 i (imaginary)
   17              117.75 i (imaginary)
   18              103.06 i (imaginary)
   19               98.89 i (imaginary)
   20               98.79 i (imaginary)
   21               64.86 i (imaginary)
   22               60.96 i (imaginary)
   23               35.63 i (imaginary)
   24               16.81 i (imaginary)
   25               15.16 i (imaginary)
   26                5.42
   27               13.26
   28               17.61
   29               19.86
   30               20.95
   31               23.63
   32               29.56
   33               30.69
   34               40.01
   35               43.17
   36               43.58
   37               44.79
   38               45.78
   39               50.30
   40               51.50
   41               54.17
   42               55.96
   43               57.35
   44               60.22
   45               61.10
   46               65.69
   47               68.08
   48               70.82
   49               71.10
   50               73.96
   51               76.53
   52               76.98
   53               78.70
   54               81.99
   55               84.65
   56               85.77
   57               88.15
   58               89.00
   59               91.13
   60               93.45
   61               95.83
   62               98.10
   63               99.23
   64              100.48
   65              102.73
   66              104.73
   67              107.65
   68              108.38
   69              110.07
   70              111.63
   71              114.68
   72              115.74
   73              116.07
   74              117.72
   75              121.95
   76              122.81
   77              126.95
   78              127.30
   79              129.62
   80              130.75
   81              131.88
   82              132.83
   83              136.23
   84              140.29
   85              140.58
   86              142.11
   87              143.59
   88              144.95
   89              146.64
   90              146.77
   91              148.23
   92              150.94
   93              152.36
   94              157.61
   95              158.62
   96              160.51
   97              160.80
   98              164.89
   99              165.73
  100              169.69
  101              175.11
  102              175.72
  103              177.96
  104              178.90
  105              179.82
  106              183.13
  107              184.21
  108              185.54
  109              187.24
  110              190.51
  111              192.83
  112              193.82
  113              194.99
  114              196.94
  115              198.42
  116              199.34
  117              201.39
  118              203.00
  119              206.41
  120              209.03
  121              213.02
  122              213.70
  123              216.43
  124              217.72
  125              218.65
  126              219.47
  127              223.40
  128              226.17
  129              229.27
  130              229.58
  131              231.31
  132              232.59
  133              238.62
  134              239.73
  135              245.18
  136              246.26
  137              247.95
  138              251.08
  139              252.71
  140              254.39
  141              258.28
  142              264.92
  143              265.24
  144              266.09
  145              271.15
  146              273.27
  147              278.33
  148              279.37
  149              279.79
  150              284.69
  151              285.53
  152              290.09
  153              292.31
  154              296.16
  155              300.54
  156              302.86
  157              304.21
  158              309.32
  159              310.55
  160              312.46
  161              312.83
  162              316.93
  163              320.52
  164              320.80
  165              322.00
  166              323.54
  167              323.99
  168              326.19
  169              329.02
  170              333.33
  171              333.91
  172              337.72
  173              339.34
  174              341.34
  175              342.64
  176              344.65
  177              348.21
  178              352.16
  179              352.47
  180              354.13
  181              355.21
  182              356.66
  183              365.16
  184              366.03
  185              368.35
  186              372.95
  187              375.01
  188              376.40
  189              379.51
  190              387.27
  191              388.22
  192              389.60
  193              390.75
  194              392.91
  195              395.95
  196              397.50
  197              399.00
  198              400.55
  199              403.58
  200              410.57
  201              411.19
  202              415.32
  203              415.74
  204              416.94
  205              420.36
  206              421.37
  207              422.11
  208              429.88
  209              438.41
  210              442.70
  211              445.28
  212              448.27
  213              456.33
  214              456.72
  215              461.78
  216              465.78
  217              466.20
  218              468.49
  219              476.27
  220              482.59
  221              483.34
  222              485.02
  223              488.93
  224              490.52
  225              496.02
  226              498.56
  227              504.73
  228              505.33
  229              508.00
  230              516.30
  231              529.46
  232              534.76
  233              540.09
  234              542.85
  235              543.57
  236              557.51
  237              558.71
  238              560.84
  239              562.65
  240              563.82
  241              566.41
  242              574.42
  243              577.46
  244              581.97
  245              588.05
  246              589.89
  247              596.07
  248              597.01
  249              598.59
  250              600.65
  251              602.35
  252              607.04
  253              609.43
  254              611.08
  255              616.64
  256              621.14
  257              622.26
  258              623.74
  259              633.74
  260              640.65
  261              642.66
  262              648.89
  263              653.24
  264              655.86
  265              663.81
  266              665.62
  267              672.41
  268              677.75
  269              680.73
  270              683.06
  271              683.16
  272              690.94
  273              693.97
  274              696.33
  275              700.87
  276              703.67
  277              709.90
  278              711.48
  279              719.01
  280              722.79
  281              724.27
  282              728.10
  283              730.43
  284              730.56
  285              735.67
  286              737.46
  287              738.60
  288              741.11
  289              741.73
  290              746.39
  291              747.01
  292              749.88
  293              751.73
  294              753.35
  295              757.34
  296              757.48
  297              758.88
  298              759.60
  299              762.00
  300              769.15
  301              776.90
  302              781.53
  303              782.91
  304              784.88
  305              786.21
  306              788.26
  307              790.19
  308              790.90
  309              792.72
  310              794.27
  311              796.25
  312              798.67
  313              800.95
  314              806.72
  315              807.00
  316              810.73
  317              811.79
  318              814.93
  319              817.27
  320              818.44
  321              818.77
  322              820.17
  323              822.23
  324              828.45
  325              828.82
  326              830.66
  327              832.40
  328              834.63
  329              835.48
  330              839.11
  331              839.41
  332              842.71
  333              843.86
  334              849.70
  335              850.31
  336              852.69
  337              853.35
  338              856.76
  339              858.54
  340              860.18
  341              860.88
  342              861.48
  343              861.65
  344              863.05
  345              864.22
  346              864.68
  347              875.50
  348              880.13
  349              881.97
  350              882.69
  351              883.09
  352              888.72
  353              889.08
  354              892.99
  355              893.46
  356              894.00
  357              895.05
  358              896.82
  359              897.86
  360              900.43
  361              904.38
  362              907.57
  363              908.97
  364              909.49
  365              912.31
  366              912.59
  367              913.08
  368              916.24
  369              916.66
  370              920.87
  371              921.52
  372              928.95
  373              932.61
  374              933.59
  375              934.47
  376              938.05
  377              940.43
  378              942.90
  379              944.36
  380              945.06
  381              948.12
  382              948.95
  383              950.73
  384              952.47
  385              953.57
  386              953.84
  387              954.60
  388              955.60
  389              955.86
  390              962.39
  391              964.37
  392              965.78
  393              967.26
  394              969.67
  395              970.71
  396              971.46
  397              971.93
  398              973.76
  399              978.65
  400              979.05
  401              979.27
  402              980.19
  403              981.35
  404              983.07
  405              983.84
  406              987.66
  407              988.80
  408              994.73
  409              995.15
  410              996.32
  411              996.38
  412             1002.07
  413             1003.52
  414             1006.58
  415             1015.17
  416             1015.92
  417             1017.90
  418             1018.23
  419             1025.04
  420             1028.28
  421             1029.51
  422             1031.01
  423             1032.26
  424             1032.63
  425             1036.28
  426             1036.83
  427             1039.24
  428             1042.97
  429             1046.36
  430             1048.23
  431             1051.57
  432             1053.23
  433             1055.55
  434             1056.25
  435             1059.19
  436             1060.89
  437             1061.39
  438             1063.90
  439             1066.57
  440             1068.89
  441             1071.57
  442             1072.53
  443             1073.95
  444             1080.17
  445             1080.73
  446             1081.68
  447             1082.09
  448             1082.28
  449             1084.17
  450             1090.47
  451             1094.20
  452             1097.88
  453             1098.30
  454             1099.79
  455             1100.63
  456             1101.25
  457             1103.77
  458             1106.06
  459             1106.27
  460             1112.93
  461             1115.94
  462             1119.41
  463             1121.27
  464             1121.56
  465             1123.14
  466             1124.91
  467             1126.13
  468             1128.28
  469             1132.14
  470             1133.07
  471             1137.67
  472             1140.12
  473             1141.64
  474             1142.23
  475             1143.76
  476             1145.49
  477             1146.34
  478             1149.87
  479             1151.35
  480             1153.09
  481             1154.31
  482             1159.01
  483             1160.38
  484             1164.77
  485             1165.04
  486             1165.74
  487             1166.45
  488             1173.95
  489             1175.08
  490             1178.06
  491             1179.22
  492             1188.26
  493             1188.68
  494             1192.12
  495             1195.66
  496             1195.74
  497             1197.07
  498             1197.15
  499             1197.79
  500             1198.77
  501             1202.25
  502             1206.25
  503             1206.75
  504             1207.87
  505             1208.78
  506             1210.80
  507             1210.87
  508             1215.76
  509             1217.51
  510             1222.39
  511             1223.24
  512             1224.01
  513             1225.31
  514             1225.93
  515             1226.65
  516             1229.78
  517             1230.56
  518             1231.09
  519             1233.79
  520             1234.14
  521             1234.79
  522             1241.67
  523             1243.11
  524             1244.00
  525             1245.44
  526             1246.11
  527             1250.28
  528             1252.61
  529             1253.52
  530             1254.46
  531             1255.99
  532             1257.54
  533             1262.07
  534             1262.37
  535             1263.36
  536             1265.38
  537             1271.15
  538             1273.10
  539             1273.55
  540             1274.11
  541             1276.86
  542             1280.55
  543             1285.98
  544             1286.64
  545             1288.21
  546             1291.34
  547             1292.68
  548             1293.95
  549             1295.01
  550             1297.93
  551             1298.07
  552             1298.77
  553             1299.40
  554             1304.29
  555             1306.23
  556             1310.06
  557             1310.27
  558             1311.63
  559             1313.68
  560             1314.13
  561             1315.40
  562             1318.00
  563             1319.09
  564             1319.94
  565             1320.70
  566             1321.86
  567             1322.73
  568             1323.91
  569             1324.55
  570             1328.75
  571             1329.14
  572             1329.61
  573             1329.96
  574             1330.24
  575             1331.24
  576             1333.77
  577             1335.44
  578             1338.41
  579             1339.04
  580             1339.34
  581             1342.17
  582             1343.12
  583             1343.69
  584             1344.71
  585             1345.46
  586             1345.74
  587             1346.08
  588             1346.24
  589             1347.93
  590             1348.61
  591             1350.73
  592             1352.17
  593             1354.51
  594             1357.35
  595             1358.12
  596             1358.95
  597             1359.86
  598             1360.98
  599             1361.20
  600             1362.57
  601             1363.34
  602             1364.11
  603             1369.40
  604             1370.92
  605             1371.57
  606             1371.75
  607             1373.27
  608             1374.50
  609             1375.54
  610             1376.04
  611             1379.26
  612             1380.24
  613             1382.18
  614             1382.96
  615             1384.38
  616             1384.66
  617             1384.88
  618             1385.91
  619             1386.50
  620             1386.73
  621             1387.51
  622             1389.49
  623             1389.94
  624             1391.73
  625             1391.96
  626             1393.69
  627             1393.98
  628             1394.70
  629             1395.48
  630             1396.68
  631             1398.00
  632             1398.50
  633             1400.96
  634             1401.69
  635             1403.90
  636             1404.22
  637             1404.62
  638             1405.94
  639             1406.35
  640             1407.18
  641             1408.13
  642             1408.88
  643             1409.60
  644             1410.89
  645             1417.44
  646             1419.58
  647             1420.93
  648             1421.60
  649             1423.45
  650             1426.07
  651             1431.18
  652             1431.19
  653             1431.56
  654             1433.92
  655             1434.93
  656             1438.82
  657             1439.71
  658             1441.47
  659             1444.53
  660             1450.80
  661             1453.03
  662             1458.36
  663             1459.29
  664             1468.71
  665             1482.72
  666             1490.33
  667             1493.44
  668             1503.00
  669             1548.82
  670             1561.90
  671             1582.05
  672             1583.99
  673             1604.24
  674             1625.63
  675             1656.99
  676             1685.54
  677             1696.91
  678             1710.12
  679             1712.69
  680             1715.49
  681             1730.96
  682             1766.17
  683             1772.59
  684             1777.81
  685             1859.87
  686             2947.57
  687             2955.12
  688             2958.67
  689             2962.56
  690             2964.02
  691             2964.54
  692             2966.54
  693             2967.37
  694             2967.49
  695             2968.68
  696             2970.50
  697             2970.89
  698             2972.63
  699             2973.18
  700             2973.77
  701             2973.96
  702             2974.92
  703             2976.22
  704             2978.29
  705             2981.90
  706             2983.20
  707             2984.98
  708             2987.11
  709             2988.55
  710             3009.95
  711             3011.39
  712             3013.28
  713             3014.21
  714             3014.79
  715             3024.01
  716             3026.97
  717             3027.50
  718             3027.92
  719             3028.86
  720             3029.46
  721             3032.55
  722             3034.06
  723             3034.90
  724             3037.81
  725             3038.82
  726             3039.70
  727             3040.79
  728             3043.33
  729             3044.32
  730             3044.85
  731             3046.19
  732             3047.44
  733             3050.28
  734             3051.19
  735             3054.58
  736             3056.83
  737             3058.88
  738             3059.73
  739             3064.51
  740             3066.95
  741             3068.34
  742             3072.57
  743             3073.26
  744             3073.58
  745             3074.93
  746             3076.87
  747             3077.39
  748             3079.13
  749             3080.03
  750             3081.03
  751             3081.69
  752             3082.92
  753             3084.14
  754             3084.60
  755             3086.14
  756             3088.01
  757             3088.09
  758             3089.75
  759             3092.24
  760             3093.36
  761             3099.93
  762             3102.98
  763             3105.20
  764             3106.35
  765             3106.93
  766             3107.36
  767             3107.67
  768             3108.21
  769             3108.62
  770             3109.72
  771             3110.64
  772             3110.89
  773             3111.10
  774             3113.00
  775             3113.42
  776             3113.66
  777             3113.69
  778             3114.05
  779             3114.17
  780             3114.28
  781             3114.37
  782             3114.45
  783             3114.82
  784             3115.14
  785             3115.22
  786             3116.21
  787             3117.19
  788             3117.78
  789             3118.36
  790             3118.71
  791             3119.60
  792             3119.62
  793             3119.92
  794             3120.18
  795             3120.62
  796             3120.66
  797             3120.92
  798             3121.20
  799             3121.24
  800             3122.12
  801             3122.47
  802             3123.47
  803             3124.02
  804             3124.31
  805             3124.68
  806             3124.93
  807             3125.45
  808             3125.75
  809             3125.78
  810             3125.87
  811             3125.99
  812             3126.44
  813             3126.51
  814             3126.68
  815             3126.78
  816             3127.09
  817             3127.13
  818             3127.30
  819             3128.08
  820             3128.64
  821             3129.75
  822             3129.83
  823             3130.32
  824             3130.88
  825             3131.09
  826             3131.85
  827             3133.28
  828             3133.65
  829             3134.10
  830             3134.30
  831             3138.07
  832             3138.28
  833             3140.80
 Saving results in set 'hess'

 --------------------------------------------------------------------------------

 End time:                               Fri Jan 21 20:07:06 2022
 Total wall-clock time:                291.126 seconds
==================================================================================
