
================================================================================
          _____________ ________ _______________ ________     _________         
         / ___________// ______ \\_____   _____// ______ \   / ________)        
        / /_________  / /      \ \     | |     / /      \ \ | (_______          
       |  __________|| |        | |    | |    | |        | | \________ \        
        \ \_________ | |        | |    | |     \ \______/ /___________) |       
         \__________||_|        |_|    |_|      \________//____________/        
                                                                                
====================================[ Qcore ]===================================

 Git describe: 2.3.0-166-g4178ddb
 Compiler:     GNU 9.1.0
 Build type:   Release
 Version:      2.3.0-166-g4178ddb

 Start time:   Fri Jan 21 19:16:52 2022

 Data directory: /user/home/of15641/.local/src/Qcore/release/share/entos/qcore/data
 Number of threads: 32
 Number of threads was determined by: number of physical cores

 --------------------------------------------------------------------------------
                                 command: hessian                                
 --------------------------------------------------------------------------------

 -------------------------------
  Numerical Geometrical Hessian 
 -------------------------------

 Compute hessian using two-point central differentiation.
 Step size (bohr):                       0.0100

 Frequencies (including translational and rotational modes):
 mode    frequency (cm-1)
    0              364.86 i (imaginary)
    1              265.65 i (imaginary)
    2              265.36 i (imaginary)
    3              210.51 i (imaginary)
    4              182.08 i (imaginary)
    5              181.84 i (imaginary)
    6              180.47 i (imaginary)
    7              168.99 i (imaginary)
    8              166.32 i (imaginary)
    9              165.59 i (imaginary)
   10              164.26 i (imaginary)
   11              159.15 i (imaginary)
   12              144.16 i (imaginary)
   13              140.98 i (imaginary)
   14              128.73 i (imaginary)
   15              125.85 i (imaginary)
   16              123.60 i (imaginary)
   17              116.57 i (imaginary)
   18              107.87 i (imaginary)
   19               89.84 i (imaginary)
   20               74.85 i (imaginary)
   21               65.78 i (imaginary)
   22               49.00 i (imaginary)
   23               48.14 i (imaginary)
   24               43.42 i (imaginary)
   25               39.75 i (imaginary)
   26               14.44 i (imaginary)
   27                6.66 i (imaginary)
   28                1.68 i (imaginary)
   29                0.19
   30                5.60
   31                8.25
   32               11.85
   33               13.27
   34               14.17
   35               14.89
   36               18.53
   37               19.91
   38               20.86
   39               35.35
   40               35.80
   41               38.54
   42               41.20
   43               42.15
   44               44.23
   45               47.02
   46               50.11
   47               51.98
   48               54.59
   49               54.89
   50               57.38
   51               60.10
   52               61.43
   53               62.61
   54               66.12
   55               67.15
   56               69.67
   57               70.52
   58               73.60
   59               75.11
   60               76.21
   61               79.09
   62               79.82
   63               88.05
   64               89.96
   65               91.38
   66               92.36
   67               94.03
   68               95.54
   69              101.16
   70              101.83
   71              103.16
   72              104.07
   73              106.86
   74              109.42
   75              110.51
   76              111.62
   77              112.35
   78              117.03
   79              117.39
   80              119.93
   81              124.98
   82              125.07
   83              129.76
   84              130.68
   85              132.25
   86              132.52
   87              135.66
   88              138.44
   89              140.12
   90              141.92
   91              143.83
   92              151.30
   93              151.66
   94              154.32
   95              155.50
   96              157.13
   97              157.51
   98              158.13
   99              159.95
  100              160.61
  101              160.99
  102              161.39
  103              168.14
  104              170.81
  105              171.73
  106              172.77
  107              173.52
  108              174.13
  109              176.97
  110              181.73
  111              182.10
  112              190.00
  113              190.24
  114              191.27
  115              194.19
  116              194.57
  117              196.81
  118              197.33
  119              199.96
  120              200.79
  121              202.69
  122              203.42
  123              207.50
  124              208.11
  125              211.08
  126              213.71
  127              213.84
  128              216.19
  129              218.64
  130              221.92
  131              222.63
  132              226.22
  133              228.90
  134              229.52
  135              231.79
  136              232.66
  137              233.96
  138              237.11
  139              238.78
  140              239.24
  141              240.50
  142              247.05
  143              249.75
  144              250.48
  145              252.19
  146              255.67
  147              256.62
  148              259.72
  149              263.22
  150              263.66
  151              266.78
  152              267.62
  153              269.29
  154              270.86
  155              273.25
  156              277.18
  157              279.87
  158              280.90
  159              290.40
  160              292.04
  161              295.12
  162              295.98
  163              300.72
  164              301.53
  165              304.60
  166              305.56
  167              308.43
  168              309.54
  169              310.82
  170              314.69
  171              319.80
  172              321.59
  173              322.51
  174              325.87
  175              326.34
  176              329.54
  177              332.49
  178              335.40
  179              340.81
  180              343.10
  181              344.27
  182              348.80
  183              349.00
  184              349.22
  185              354.51
  186              357.40
  187              357.71
  188              360.08
  189              361.92
  190              362.96
  191              366.51
  192              369.43
  193              370.78
  194              375.32
  195              376.73
  196              378.14
  197              381.37
  198              384.97
  199              385.63
  200              391.85
  201              396.33
  202              398.60
  203              399.27
  204              401.77
  205              403.21
  206              407.57
  207              409.83
  208              410.78
  209              417.58
  210              418.70
  211              425.46
  212              428.74
  213              429.67
  214              445.29
  215              446.34
  216              448.13
  217              451.75
  218              455.73
  219              458.89
  220              465.04
  221              468.90
  222              472.91
  223              473.04
  224              483.50
  225              487.22
  226              488.93
  227              490.98
  228              493.27
  229              500.18
  230              500.62
  231              509.09
  232              510.47
  233              510.73
  234              514.69
  235              517.72
  236              523.37
  237              528.57
  238              532.78
  239              539.69
  240              542.32
  241              550.24
  242              555.99
  243              556.74
  244              558.81
  245              564.93
  246              566.58
  247              569.30
  248              570.03
  249              573.91
  250              574.63
  251              575.52
  252              577.79
  253              583.57
  254              585.02
  255              589.86
  256              594.91
  257              599.20
  258              601.85
  259              603.76
  260              605.39
  261              606.43
  262              615.79
  263              616.90
  264              629.44
  265              631.51
  266              634.16
  267              638.71
  268              649.60
  269              656.38
  270              663.58
  271              664.56
  272              665.37
  273              671.79
  274              677.25
  275              677.61
  276              681.13
  277              681.51
  278              686.02
  279              688.69
  280              692.42
  281              700.40
  282              701.46
  283              708.24
  284              708.36
  285              709.75
  286              711.07
  287              716.39
  288              722.89
  289              724.10
  290              724.51
  291              731.65
  292              734.03
  293              736.46
  294              737.46
  295              741.12
  296              744.00
  297              746.65
  298              748.83
  299              752.65
  300              756.70
  301              760.05
  302              761.68
  303              764.56
  304              765.94
  305              766.97
  306              769.24
  307              771.82
  308              779.25
  309              779.88
  310              783.21
  311              787.17
  312              790.54
  313              791.75
  314              791.80
  315              794.14
  316              795.07
  317              795.79
  318              803.68
  319              804.65
  320              805.28
  321              814.39
  322              815.65
  323              818.87
  324              820.59
  325              821.23
  326              823.62
  327              824.38
  328              824.49
  329              827.84
  330              831.97
  331              837.23
  332              838.37
  333              840.06
  334              843.82
  335              846.00
  336              849.12
  337              850.45
  338              851.13
  339              851.77
  340              853.66
  341              857.62
  342              860.21
  343              864.81
  344              865.19
  345              867.54
  346              869.62
  347              870.85
  348              872.15
  349              877.12
  350              883.03
  351              885.07
  352              885.68
  353              886.65
  354              888.51
  355              889.40
  356              890.00
  357              891.22
  358              895.45
  359              895.70
  360              896.82
  361              899.30
  362              899.93
  363              903.59
  364              909.41
  365              910.39
  366              911.39
  367              913.27
  368              918.30
  369              920.03
  370              920.54
  371              920.96
  372              922.78
  373              923.81
  374              925.44
  375              927.71
  376              935.03
  377              938.10
  378              939.14
  379              941.71
  380              941.92
  381              942.52
  382              943.43
  383              948.87
  384              951.62
  385              953.93
  386              954.42
  387              954.52
  388              955.33
  389              957.11
  390              958.91
  391              959.36
  392              961.42
  393              965.93
  394              966.04
  395              971.40
  396              972.73
  397              973.31
  398              973.53
  399              975.05
  400              975.72
  401              979.09
  402              979.19
  403              985.29
  404              987.08
  405              989.55
  406              991.47
  407              996.30
  408              998.68
  409              999.53
  410             1000.04
  411             1001.21
  412             1001.85
  413             1004.89
  414             1011.09
  415             1014.32
  416             1017.06
  417             1018.24
  418             1019.20
  419             1021.71
  420             1024.28
  421             1027.15
  422             1027.81
  423             1031.37
  424             1034.47
  425             1034.89
  426             1038.42
  427             1039.03
  428             1040.31
  429             1043.44
  430             1043.55
  431             1045.69
  432             1052.71
  433             1054.14
  434             1055.17
  435             1057.45
  436             1060.53
  437             1061.40
  438             1064.81
  439             1065.99
  440             1067.50
  441             1068.43
  442             1068.70
  443             1074.63
  444             1079.40
  445             1079.65
  446             1081.18
  447             1083.94
  448             1084.65
  449             1085.32
  450             1090.22
  451             1092.09
  452             1093.84
  453             1095.99
  454             1096.37
  455             1100.10
  456             1101.36
  457             1101.39
  458             1101.47
  459             1103.14
  460             1106.42
  461             1107.19
  462             1110.00
  463             1115.54
  464             1116.03
  465             1123.25
  466             1124.65
  467             1126.61
  468             1129.63
  469             1130.57
  470             1131.14
  471             1132.35
  472             1134.41
  473             1137.03
  474             1137.36
  475             1138.61
  476             1139.28
  477             1142.96
  478             1144.19
  479             1147.79
  480             1148.39
  481             1153.68
  482             1154.72
  483             1155.78
  484             1156.90
  485             1157.06
  486             1157.67
  487             1160.00
  488             1161.78
  489             1162.70
  490             1163.17
  491             1164.18
  492             1166.33
  493             1166.64
  494             1168.48
  495             1171.16
  496             1171.58
  497             1174.25
  498             1180.66
  499             1181.00
  500             1181.52
  501             1187.52
  502             1188.14
  503             1191.11
  504             1193.58
  505             1194.16
  506             1196.65
  507             1199.44
  508             1200.55
  509             1202.74
  510             1204.74
  511             1205.82
  512             1207.34
  513             1209.14
  514             1211.99
  515             1213.66
  516             1216.77
  517             1218.58
  518             1221.07
  519             1221.44
  520             1222.72
  521             1223.11
  522             1226.25
  523             1230.36
  524             1234.46
  525             1234.54
  526             1238.56
  527             1240.14
  528             1240.92
  529             1243.57
  530             1245.11
  531             1250.27
  532             1253.32
  533             1253.57
  534             1258.29
  535             1262.18
  536             1262.89
  537             1264.56
  538             1266.01
  539             1266.51
  540             1269.27
  541             1269.52
  542             1271.50
  543             1275.63
  544             1276.31
  545             1276.97
  546             1277.24
  547             1277.61
  548             1280.87
  549             1282.48
  550             1283.17
  551             1287.44
  552             1288.50
  553             1288.58
  554             1288.91
  555             1289.81
  556             1291.25
  557             1297.47
  558             1298.54
  559             1299.08
  560             1300.94
  561             1301.75
  562             1303.29
  563             1303.57
  564             1303.94
  565             1305.45
  566             1305.78
  567             1306.26
  568             1308.99
  569             1309.34
  570             1312.45
  571             1313.95
  572             1314.83
  573             1315.03
  574             1316.73
  575             1317.59
  576             1318.14
  577             1320.36
  578             1320.98
  579             1323.62
  580             1324.43
  581             1324.84
  582             1325.39
  583             1327.74
  584             1330.45
  585             1331.48
  586             1332.55
  587             1333.31
  588             1334.04
  589             1334.57
  590             1335.46
  591             1337.24
  592             1337.57
  593             1338.38
  594             1339.97
  595             1340.91
  596             1341.74
  597             1342.83
  598             1343.66
  599             1344.74
  600             1346.79
  601             1347.43
  602             1348.15
  603             1352.44
  604             1353.61
  605             1356.08
  606             1358.27
  607             1358.85
  608             1361.12
  609             1361.63
  610             1362.45
  611             1363.20
  612             1364.25
  613             1364.44
  614             1365.81
  615             1367.40
  616             1367.60
  617             1370.15
  618             1370.40
  619             1371.84
  620             1372.09
  621             1372.45
  622             1372.94
  623             1373.22
  624             1374.69
  625             1375.11
  626             1377.26
  627             1379.46
  628             1379.86
  629             1379.99
  630             1380.86
  631             1382.06
  632             1383.43
  633             1384.17
  634             1384.30
  635             1384.59
  636             1385.13
  637             1385.74
  638             1387.54
  639             1389.44
  640             1391.27
  641             1392.80
  642             1394.48
  643             1394.66
  644             1397.74
  645             1401.72
  646             1402.12
  647             1406.25
  648             1407.48
  649             1410.38
  650             1413.05
  651             1413.18
  652             1415.41
  653             1417.37
  654             1418.66
  655             1418.80
  656             1420.16
  657             1426.40
  658             1428.46
  659             1431.00
  660             1438.70
  661             1441.75
  662             1443.29
  663             1448.02
  664             1448.18
  665             1452.11
  666             1455.58
  667             1462.85
  668             1465.74
  669             1476.63
  670             1479.79
  671             1486.40
  672             1494.78
  673             1514.56
  674             1531.67
  675             1538.82
  676             1549.21
  677             1562.79
  678             1583.41
  679             1586.24
  680             1617.01
  681             1635.36
  682             1650.37
  683             1681.21
  684             1693.87
  685             1707.73
  686             1713.18
  687             1717.07
  688             1750.45
  689             1778.30
  690             1795.38
  691             1856.21
  692             2931.24
  693             2936.43
  694             2942.73
  695             2946.56
  696             2949.13
  697             2950.50
  698             2953.29
  699             2955.63
  700             2957.04
  701             2959.80
  702             2961.11
  703             2962.49
  704             2962.94
  705             2965.44
  706             2966.36
  707             2968.47
  708             2970.09
  709             2973.35
  710             2974.61
  711             2976.98
  712             2980.45
  713             2981.06
  714             2981.80
  715             3001.43
  716             3003.24
  717             3009.13
  718             3016.57
  719             3019.80
  720             3023.05
  721             3023.87
  722             3025.47
  723             3026.86
  724             3027.82
  725             3028.61
  726             3031.73
  727             3032.77
  728             3033.02
  729             3035.37
  730             3038.80
  731             3040.90
  732             3041.41
  733             3041.71
  734             3042.52
  735             3042.58
  736             3042.89
  737             3044.33
  738             3047.83
  739             3052.26
  740             3059.14
  741             3062.21
  742             3063.35
  743             3064.76
  744             3065.19
  745             3066.60
  746             3066.89
  747             3069.02
  748             3069.22
  749             3070.87
  750             3071.81
  751             3073.70
  752             3075.97
  753             3076.36
  754             3077.46
  755             3077.64
  756             3077.75
  757             3078.13
  758             3079.42
  759             3081.67
  760             3082.78
  761             3087.79
  762             3091.27
  763             3091.52
  764             3094.91
  765             3096.09
  766             3099.35
  767             3100.01
  768             3105.22
  769             3107.00
  770             3107.29
  771             3107.78
  772             3108.36
  773             3109.12
  774             3109.19
  775             3109.53
  776             3110.36
  777             3110.75
  778             3110.83
  779             3111.20
  780             3111.77
  781             3112.84
  782             3112.90
  783             3113.14
  784             3113.31
  785             3113.52
  786             3114.17
  787             3114.18
  788             3114.60
  789             3114.69
  790             3114.86
  791             3116.04
  792             3116.17
  793             3116.30
  794             3116.58
  795             3116.70
  796             3117.00
  797             3117.44
  798             3118.09
  799             3118.55
  800             3118.88
  801             3118.98
  802             3119.05
  803             3119.42
  804             3119.88
  805             3120.24
  806             3120.27
  807             3120.44
  808             3120.88
  809             3121.95
  810             3122.34
  811             3122.52
  812             3122.55
  813             3122.75
  814             3122.90
  815             3123.59
  816             3123.85
  817             3124.09
  818             3124.33
  819             3124.87
  820             3125.10
  821             3125.20
  822             3125.51
  823             3126.61
  824             3127.29
  825             3127.65
  826             3128.71
  827             3129.05
  828             3129.75
  829             3130.62
  830             3131.02
  831             3131.77
  832             3132.10
  833             3133.70
  834             3135.14
  835             3136.66
  836             3136.81
  837             3137.51
  838             3137.64
  839             3139.47

 Project out translational and rotational motions 

 Degrees of freedom for translational and rotational motions: 6

 Vibrational frequencies:
 mode    frequency (cm-1)
    0              364.85 i (imaginary)
    1              265.64 i (imaginary)
    2              265.36 i (imaginary)
    3              210.50 i (imaginary)
    4              182.05 i (imaginary)
    5              181.82 i (imaginary)
    6              180.47 i (imaginary)
    7              168.97 i (imaginary)
    8              166.28 i (imaginary)
    9              165.56 i (imaginary)
   10              164.26 i (imaginary)
   11              159.14 i (imaginary)
   12              144.15 i (imaginary)
   13              140.98 i (imaginary)
   14              128.69 i (imaginary)
   15              125.83 i (imaginary)
   16              123.58 i (imaginary)
   17              116.55 i (imaginary)
   18              107.85 i (imaginary)
   19               89.81 i (imaginary)
   20               74.82 i (imaginary)
   21               65.76 i (imaginary)
   22               48.92 i (imaginary)
   23               47.77 i (imaginary)
   24               43.13 i (imaginary)
   25               39.51 i (imaginary)
   26               10.85 i (imaginary)
   27               10.91
   28               12.32
   29               14.52
   30               18.14
   31               19.03
   32               20.70
   33               33.99
   34               34.94
   35               38.21
   36               40.16
   37               41.36
   38               43.94
   39               46.94
   40               48.71
   41               51.40
   42               54.48
   43               54.60
   44               57.14
   45               60.07
   46               61.28
   47               62.41
   48               66.01
   49               66.76
   50               69.58
   51               70.35
   52               73.56
   53               75.10
   54               76.18
   55               79.01
   56               79.64
   57               87.91
   58               89.92
   59               91.36
   60               92.31
   61               93.99
   62               95.49
   63              101.13
   64              101.79
   65              103.12
   66              104.01
   67              106.76
   68              109.40
   69              110.48
   70              111.59
   71              112.33
   72              117.01
   73              117.37
   74              119.93
   75              124.93
   76              125.02
   77              129.72
   78              130.66
   79              132.24
   80              132.51
   81              135.62
   82              138.42
   83              140.09
   84              141.91
   85              143.81
   86              151.27
   87              151.63
   88              154.31
   89              155.47
   90              157.12
   91              157.42
   92              158.13
   93              159.95
   94              160.58
   95              160.98
   96              161.38
   97              168.13
   98              170.79
   99              171.72
  100              172.76
  101              173.51
  102              174.12
  103              176.96
  104              181.71
  105              182.09
  106              189.95
  107              190.23
  108              191.27
  109              194.17
  110              194.57
  111              196.81
  112              197.32
  113              199.95
  114              200.78
  115              202.69
  116              203.41
  117              207.49
  118              208.10
  119              211.06
  120              213.70
  121              213.82
  122              216.19
  123              218.64
  124              221.92
  125              222.63
  126              226.21
  127              228.89
  128              229.51
  129              231.78
  130              232.66
  131              233.95
  132              237.11
  133              238.77
  134              239.22
  135              240.50
  136              247.04
  137              249.74
  138              250.47
  139              252.18
  140              255.67
  141              256.61
  142              259.71
  143              263.22
  144              263.66
  145              266.77
  146              267.62
  147              269.28
  148              270.86
  149              273.24
  150              277.18
  151              279.87
  152              280.89
  153              290.40
  154              292.03
  155              295.11
  156              295.98
  157              300.70
  158              301.52
  159              304.60
  160              305.56
  161              308.42
  162              309.54
  163              310.82
  164              314.68
  165              319.80
  166              321.58
  167              322.50
  168              325.86
  169              326.34
  170              329.54
  171              332.49
  172              335.40
  173              340.81
  174              343.10
  175              344.27
  176              348.79
  177              349.00
  178              349.21
  179              354.51
  180              357.40
  181              357.71
  182              360.08
  183              361.92
  184              362.96
  185              366.51
  186              369.43
  187              370.77
  188              375.31
  189              376.73
  190              378.14
  191              381.37
  192              384.97
  193              385.62
  194              391.85
  195              396.33
  196              398.60
  197              399.27
  198              401.77
  199              403.21
  200              407.57
  201              409.83
  202              410.77
  203              417.58
  204              418.69
  205              425.46
  206              428.74
  207              429.67
  208              445.29
  209              446.34
  210              448.12
  211              451.75
  212              455.73
  213              458.89
  214              465.04
  215              468.90
  216              472.91
  217              473.04
  218              483.50
  219              487.21
  220              488.93
  221              490.98
  222              493.27
  223              500.18
  224              500.62
  225              509.09
  226              510.47
  227              510.73
  228              514.69
  229              517.72
  230              523.37
  231              528.56
  232              532.78
  233              539.69
  234              542.32
  235              550.24
  236              555.99
  237              556.74
  238              558.81
  239              564.92
  240              566.58
  241              569.30
  242              570.03
  243              573.91
  244              574.63
  245              575.52
  246              577.79
  247              583.57
  248              585.02
  249              589.86
  250              594.90
  251              599.20
  252              601.84
  253              603.76
  254              605.39
  255              606.43
  256              615.79
  257              616.90
  258              629.44
  259              631.50
  260              634.16
  261              638.71
  262              649.60
  263              656.38
  264              663.58
  265              664.55
  266              665.37
  267              671.79
  268              677.25
  269              677.61
  270              681.13
  271              681.51
  272              686.02
  273              688.69
  274              692.41
  275              700.40
  276              701.46
  277              708.24
  278              708.36
  279              709.75
  280              711.07
  281              716.39
  282              722.88
  283              724.10
  284              724.51
  285              731.65
  286              734.03
  287              736.46
  288              737.45
  289              741.12
  290              744.00
  291              746.64
  292              748.83
  293              752.65
  294              756.70
  295              760.05
  296              761.68
  297              764.56
  298              765.94
  299              766.97
  300              769.24
  301              771.82
  302              779.25
  303              779.87
  304              783.21
  305              787.17
  306              790.54
  307              791.75
  308              791.80
  309              794.14
  310              795.07
  311              795.79
  312              803.68
  313              804.65
  314              805.27
  315              814.39
  316              815.65
  317              818.87
  318              820.59
  319              821.23
  320              823.62
  321              824.38
  322              824.49
  323              827.84
  324              831.97
  325              837.23
  326              838.37
  327              840.06
  328              843.82
  329              846.00
  330              849.12
  331              850.45
  332              851.13
  333              851.77
  334              853.66
  335              857.62
  336              860.21
  337              864.81
  338              865.19
  339              867.54
  340              869.62
  341              870.85
  342              872.15
  343              877.12
  344              883.03
  345              885.07
  346              885.68
  347              886.65
  348              888.51
  349              889.40
  350              890.00
  351              891.22
  352              895.45
  353              895.70
  354              896.82
  355              899.30
  356              899.93
  357              903.59
  358              909.41
  359              910.39
  360              911.39
  361              913.27
  362              918.30
  363              920.03
  364              920.54
  365              920.96
  366              922.78
  367              923.80
  368              925.44
  369              927.71
  370              935.03
  371              938.10
  372              939.14
  373              941.71
  374              941.92
  375              942.52
  376              943.43
  377              948.87
  378              951.62
  379              953.93
  380              954.42
  381              954.51
  382              955.33
  383              957.11
  384              958.91
  385              959.36
  386              961.41
  387              965.93
  388              966.04
  389              971.40
  390              972.73
  391              973.31
  392              973.53
  393              975.05
  394              975.72
  395              979.09
  396              979.19
  397              985.29
  398              987.07
  399              989.55
  400              991.47
  401              996.30
  402              998.68
  403              999.53
  404             1000.04
  405             1001.21
  406             1001.85
  407             1004.89
  408             1011.09
  409             1014.32
  410             1017.06
  411             1018.24
  412             1019.20
  413             1021.71
  414             1024.28
  415             1027.15
  416             1027.81
  417             1031.37
  418             1034.47
  419             1034.89
  420             1038.42
  421             1039.03
  422             1040.31
  423             1043.44
  424             1043.55
  425             1045.69
  426             1052.71
  427             1054.14
  428             1055.17
  429             1057.45
  430             1060.53
  431             1061.40
  432             1064.81
  433             1065.99
  434             1067.50
  435             1068.43
  436             1068.70
  437             1074.63
  438             1079.40
  439             1079.65
  440             1081.18
  441             1083.94
  442             1084.65
  443             1085.32
  444             1090.22
  445             1092.09
  446             1093.84
  447             1095.99
  448             1096.37
  449             1100.10
  450             1101.36
  451             1101.39
  452             1101.47
  453             1103.14
  454             1106.42
  455             1107.19
  456             1110.00
  457             1115.54
  458             1116.03
  459             1123.25
  460             1124.65
  461             1126.61
  462             1129.63
  463             1130.57
  464             1131.14
  465             1132.34
  466             1134.41
  467             1137.03
  468             1137.36
  469             1138.61
  470             1139.28
  471             1142.96
  472             1144.19
  473             1147.79
  474             1148.39
  475             1153.68
  476             1154.72
  477             1155.78
  478             1156.90
  479             1157.06
  480             1157.67
  481             1160.00
  482             1161.78
  483             1162.70
  484             1163.17
  485             1164.18
  486             1166.33
  487             1166.64
  488             1168.48
  489             1171.16
  490             1171.58
  491             1174.25
  492             1180.66
  493             1181.00
  494             1181.52
  495             1187.52
  496             1188.14
  497             1191.11
  498             1193.58
  499             1194.15
  500             1196.65
  501             1199.44
  502             1200.55
  503             1202.74
  504             1204.74
  505             1205.82
  506             1207.34
  507             1209.14
  508             1211.99
  509             1213.66
  510             1216.77
  511             1218.58
  512             1221.07
  513             1221.44
  514             1222.72
  515             1223.11
  516             1226.25
  517             1230.36
  518             1234.46
  519             1234.54
  520             1238.56
  521             1240.14
  522             1240.92
  523             1243.57
  524             1245.11
  525             1250.27
  526             1253.32
  527             1253.57
  528             1258.29
  529             1262.18
  530             1262.89
  531             1264.56
  532             1266.01
  533             1266.51
  534             1269.27
  535             1269.52
  536             1271.49
  537             1275.63
  538             1276.30
  539             1276.97
  540             1277.24
  541             1277.61
  542             1280.87
  543             1282.48
  544             1283.17
  545             1287.44
  546             1288.50
  547             1288.58
  548             1288.91
  549             1289.81
  550             1291.25
  551             1297.47
  552             1298.54
  553             1299.08
  554             1300.94
  555             1301.75
  556             1303.29
  557             1303.57
  558             1303.94
  559             1305.45
  560             1305.78
  561             1306.26
  562             1308.99
  563             1309.34
  564             1312.45
  565             1313.95
  566             1314.83
  567             1315.03
  568             1316.73
  569             1317.59
  570             1318.14
  571             1320.36
  572             1320.98
  573             1323.62
  574             1324.43
  575             1324.84
  576             1325.39
  577             1327.74
  578             1330.45
  579             1331.48
  580             1332.55
  581             1333.31
  582             1334.04
  583             1334.57
  584             1335.46
  585             1337.24
  586             1337.57
  587             1338.38
  588             1339.97
  589             1340.91
  590             1341.74
  591             1342.83
  592             1343.66
  593             1344.74
  594             1346.79
  595             1347.43
  596             1348.15
  597             1352.44
  598             1353.61
  599             1356.08
  600             1358.27
  601             1358.85
  602             1361.12
  603             1361.63
  604             1362.45
  605             1363.20
  606             1364.25
  607             1364.44
  608             1365.81
  609             1367.40
  610             1367.60
  611             1370.15
  612             1370.40
  613             1371.84
  614             1372.09
  615             1372.45
  616             1372.94
  617             1373.22
  618             1374.69
  619             1375.11
  620             1377.26
  621             1379.46
  622             1379.86
  623             1379.99
  624             1380.86
  625             1382.06
  626             1383.43
  627             1384.17
  628             1384.30
  629             1384.59
  630             1385.13
  631             1385.74
  632             1387.54
  633             1389.44
  634             1391.27
  635             1392.80
  636             1394.48
  637             1394.65
  638             1397.74
  639             1401.72
  640             1402.12
  641             1406.25
  642             1407.48
  643             1410.38
  644             1413.05
  645             1413.18
  646             1415.41
  647             1417.37
  648             1418.66
  649             1418.80
  650             1420.16
  651             1426.40
  652             1428.46
  653             1431.00
  654             1438.70
  655             1441.75
  656             1443.29
  657             1448.02
  658             1448.18
  659             1452.11
  660             1455.58
  661             1462.85
  662             1465.74
  663             1476.63
  664             1479.79
  665             1486.40
  666             1494.78
  667             1514.56
  668             1531.67
  669             1538.82
  670             1549.21
  671             1562.79
  672             1583.41
  673             1586.24
  674             1617.01
  675             1635.36
  676             1650.37
  677             1681.21
  678             1693.87
  679             1707.73
  680             1713.18
  681             1717.07
  682             1750.45
  683             1778.30
  684             1795.38
  685             1856.21
  686             2931.24
  687             2936.43
  688             2942.73
  689             2946.56
  690             2949.13
  691             2950.50
  692             2953.29
  693             2955.63
  694             2957.04
  695             2959.80
  696             2961.11
  697             2962.49
  698             2962.94
  699             2965.44
  700             2966.36
  701             2968.47
  702             2970.09
  703             2973.35
  704             2974.61
  705             2976.98
  706             2980.45
  707             2981.06
  708             2981.80
  709             3001.43
  710             3003.24
  711             3009.13
  712             3016.57
  713             3019.80
  714             3023.05
  715             3023.87
  716             3025.47
  717             3026.86
  718             3027.82
  719             3028.61
  720             3031.73
  721             3032.77
  722             3033.02
  723             3035.37
  724             3038.80
  725             3040.90
  726             3041.41
  727             3041.71
  728             3042.52
  729             3042.58
  730             3042.89
  731             3044.33
  732             3047.83
  733             3052.26
  734             3059.14
  735             3062.21
  736             3063.35
  737             3064.76
  738             3065.19
  739             3066.60
  740             3066.89
  741             3069.02
  742             3069.22
  743             3070.87
  744             3071.81
  745             3073.70
  746             3075.97
  747             3076.36
  748             3077.46
  749             3077.64
  750             3077.75
  751             3078.13
  752             3079.42
  753             3081.67
  754             3082.78
  755             3087.79
  756             3091.27
  757             3091.52
  758             3094.91
  759             3096.09
  760             3099.35
  761             3100.01
  762             3105.22
  763             3107.00
  764             3107.29
  765             3107.78
  766             3108.36
  767             3109.12
  768             3109.19
  769             3109.53
  770             3110.36
  771             3110.75
  772             3110.83
  773             3111.20
  774             3111.77
  775             3112.84
  776             3112.90
  777             3113.14
  778             3113.31
  779             3113.52
  780             3114.17
  781             3114.18
  782             3114.60
  783             3114.69
  784             3114.86
  785             3116.04
  786             3116.17
  787             3116.30
  788             3116.58
  789             3116.70
  790             3117.00
  791             3117.44
  792             3118.09
  793             3118.55
  794             3118.88
  795             3118.98
  796             3119.05
  797             3119.42
  798             3119.88
  799             3120.24
  800             3120.27
  801             3120.44
  802             3120.88
  803             3121.95
  804             3122.34
  805             3122.52
  806             3122.55
  807             3122.75
  808             3122.90
  809             3123.59
  810             3123.85
  811             3124.09
  812             3124.33
  813             3124.87
  814             3125.10
  815             3125.20
  816             3125.51
  817             3126.61
  818             3127.29
  819             3127.65
  820             3128.71
  821             3129.05
  822             3129.75
  823             3130.62
  824             3131.02
  825             3131.77
  826             3132.10
  827             3133.70
  828             3135.14
  829             3136.66
  830             3136.81
  831             3137.51
  832             3137.64
  833             3139.47
 Saving results in set 'hess'

 --------------------------------------------------------------------------------

 End time:                               Fri Jan 21 19:22:01 2022
 Total wall-clock time:                309.348 seconds
==================================================================================
