
================================================================================
          _____________ ________ _______________ ________     _________         
         / ___________// ______ \\_____   _____// ______ \   / ________)        
        / /_________  / /      \ \     | |     / /      \ \ | (_______          
       |  __________|| |        | |    | |    | |        | | \________ \        
        \ \_________ | |        | |    | |     \ \______/ /___________) |       
         \__________||_|        |_|    |_|      \________//____________/        
                                                                                
====================================[ Qcore ]===================================

 Git describe: 2.3.0-166-g4178ddb
 Compiler:     GNU 9.1.0
 Build type:   Release
 Version:      2.3.0-166-g4178ddb

 Start time:   Fri Jan 21 17:58:57 2022

 Data directory: /user/home/of15641/.local/src/Qcore/release/share/entos/qcore/data
 Number of threads: 32
 Number of threads was determined by: number of physical cores

 --------------------------------------------------------------------------------
                                 command: hessian                                
 --------------------------------------------------------------------------------

 -------------------------------
  Numerical Geometrical Hessian 
 -------------------------------

 Compute hessian using two-point central differentiation.
 Step size (bohr):                       0.0100

 Frequencies (including translational and rotational modes):
 mode    frequency (cm-1)
    0              301.73 i (imaginary)
    1              294.80 i (imaginary)
    2              276.58 i (imaginary)
    3              251.69 i (imaginary)
    4              241.86 i (imaginary)
    5              208.52 i (imaginary)
    6              204.01 i (imaginary)
    7              190.02 i (imaginary)
    8              188.89 i (imaginary)
    9              179.30 i (imaginary)
   10              167.69 i (imaginary)
   11              153.62 i (imaginary)
   12              142.25 i (imaginary)
   13              140.16 i (imaginary)
   14              132.23 i (imaginary)
   15              119.03 i (imaginary)
   16              101.47 i (imaginary)
   17               99.41 i (imaginary)
   18               97.23 i (imaginary)
   19               75.39 i (imaginary)
   20               74.49 i (imaginary)
   21               74.33 i (imaginary)
   22               72.56 i (imaginary)
   23               71.57 i (imaginary)
   24               59.73 i (imaginary)
   25               48.03 i (imaginary)
   26               43.26 i (imaginary)
   27               33.95 i (imaginary)
   28                9.85 i (imaginary)
   29                3.09 i (imaginary)
   30                0.83 i (imaginary)
   31                3.55
   32                6.01
   33                7.38
   34               14.31
   35               15.45
   36               16.58
   37               20.93
   38               24.32
   39               26.25
   40               31.65
   41               33.35
   42               37.52
   43               38.39
   44               44.47
   45               45.75
   46               49.34
   47               51.63
   48               54.55
   49               56.06
   50               58.56
   51               59.08
   52               60.66
   53               63.87
   54               65.61
   55               67.98
   56               70.93
   57               71.84
   58               73.92
   59               75.28
   60               77.43
   61               78.27
   62               84.99
   63               86.42
   64               89.43
   65               90.06
   66               91.06
   67               93.17
   68               93.93
   69               96.06
   70               96.44
   71              100.98
   72              101.70
   73              104.08
   74              107.49
   75              108.23
   76              109.59
   77              112.62
   78              115.09
   79              116.90
   80              117.53
   81              120.84
   82              122.57
   83              123.31
   84              125.67
   85              128.51
   86              131.21
   87              131.80
   88              132.45
   89              132.94
   90              136.82
   91              138.12
   92              139.01
   93              139.54
   94              141.18
   95              141.67
   96              145.45
   97              146.32
   98              148.49
   99              149.51
  100              152.69
  101              153.70
  102              156.81
  103              158.71
  104              160.05
  105              161.73
  106              163.82
  107              169.37
  108              170.10
  109              171.65
  110              172.56
  111              174.22
  112              178.08
  113              178.39
  114              179.22
  115              180.48
  116              182.56
  117              183.21
  118              193.08
  119              193.31
  120              195.48
  121              196.30
  122              198.50
  123              202.09
  124              206.20
  125              208.05
  126              209.65
  127              211.38
  128              212.81
  129              218.92
  130              219.69
  131              225.13
  132              225.42
  133              228.91
  134              230.22
  135              230.51
  136              231.74
  137              232.11
  138              237.41
  139              238.42
  140              239.92
  141              242.50
  142              244.97
  143              245.66
  144              246.16
  145              249.82
  146              253.19
  147              254.57
  148              260.03
  149              262.04
  150              262.87
  151              265.05
  152              265.36
  153              268.85
  154              269.44
  155              273.93
  156              274.67
  157              277.30
  158              280.06
  159              281.61
  160              286.11
  161              286.69
  162              292.83
  163              296.12
  164              296.30
  165              301.80
  166              304.71
  167              306.22
  168              309.26
  169              310.14
  170              311.80
  171              314.75
  172              319.91
  173              323.23
  174              323.93
  175              325.38
  176              326.08
  177              330.27
  178              332.12
  179              337.30
  180              338.18
  181              338.37
  182              340.14
  183              343.97
  184              350.02
  185              351.34
  186              352.56
  187              353.41
  188              354.59
  189              358.55
  190              359.05
  191              359.59
  192              362.18
  193              363.55
  194              365.27
  195              368.62
  196              373.57
  197              378.26
  198              379.93
  199              385.53
  200              390.55
  201              391.89
  202              398.66
  203              399.61
  204              399.84
  205              399.96
  206              402.62
  207              407.65
  208              410.20
  209              411.04
  210              418.74
  211              418.87
  212              425.64
  213              425.78
  214              426.86
  215              428.58
  216              434.40
  217              440.09
  218              445.83
  219              450.69
  220              453.16
  221              455.57
  222              460.94
  223              465.96
  224              472.95
  225              481.07
  226              481.48
  227              489.94
  228              490.89
  229              493.98
  230              499.05
  231              499.55
  232              500.58
  233              500.93
  234              503.77
  235              506.21
  236              521.28
  237              528.48
  238              533.68
  239              533.96
  240              536.37
  241              543.74
  242              547.13
  243              552.27
  244              554.62
  245              558.09
  246              567.79
  247              568.33
  248              571.13
  249              574.95
  250              577.63
  251              580.12
  252              584.49
  253              588.08
  254              593.36
  255              595.51
  256              602.67
  257              604.71
  258              607.09
  259              610.28
  260              618.98
  261              622.89
  262              624.73
  263              630.23
  264              633.79
  265              639.33
  266              641.17
  267              650.81
  268              654.64
  269              660.80
  270              662.96
  271              668.48
  272              670.55
  273              672.96
  274              674.06
  275              678.90
  276              682.14
  277              688.60
  278              690.72
  279              692.36
  280              694.04
  281              695.77
  282              703.07
  283              709.68
  284              714.12
  285              714.42
  286              715.01
  287              716.32
  288              718.28
  289              727.43
  290              730.09
  291              734.53
  292              735.03
  293              738.72
  294              739.84
  295              743.64
  296              743.90
  297              747.56
  298              749.98
  299              752.72
  300              755.45
  301              761.48
  302              762.71
  303              763.52
  304              764.25
  305              770.45
  306              771.11
  307              772.08
  308              777.69
  309              778.07
  310              778.90
  311              781.26
  312              788.59
  313              789.35
  314              791.92
  315              794.97
  316              797.62
  317              802.41
  318              806.29
  319              806.91
  320              808.26
  321              814.19
  322              818.93
  323              821.92
  324              824.08
  325              824.93
  326              828.18
  327              829.56
  328              830.67
  329              830.89
  330              832.31
  331              832.61
  332              833.81
  333              842.08
  334              845.00
  335              847.62
  336              848.25
  337              849.26
  338              854.68
  339              857.32
  340              857.95
  341              858.84
  342              860.76
  343              864.18
  344              868.49
  345              871.79
  346              874.82
  347              879.18
  348              879.37
  349              882.55
  350              883.54
  351              884.68
  352              885.83
  353              886.70
  354              887.68
  355              889.10
  356              889.15
  357              891.08
  358              894.93
  359              895.33
  360              899.60
  361              902.20
  362              904.86
  363              905.54
  364              910.01
  365              910.24
  366              910.40
  367              912.39
  368              913.18
  369              918.85
  370              921.06
  371              923.64
  372              924.06
  373              925.65
  374              928.40
  375              929.45
  376              931.50
  377              932.30
  378              932.86
  379              939.62
  380              940.99
  381              941.21
  382              942.96
  383              944.51
  384              947.00
  385              947.52
  386              951.12
  387              951.66
  388              956.81
  389              958.77
  390              958.98
  391              961.34
  392              961.51
  393              961.84
  394              968.05
  395              969.41
  396              969.59
  397              970.41
  398              975.84
  399              978.83
  400              979.63
  401              984.12
  402              984.68
  403              986.32
  404              987.11
  405              989.59
  406              994.55
  407              994.60
  408              995.81
  409             1000.36
  410             1001.80
  411             1006.56
  412             1007.64
  413             1009.37
  414             1011.06
  415             1011.90
  416             1015.04
  417             1019.99
  418             1020.89
  419             1021.99
  420             1022.48
  421             1029.29
  422             1029.66
  423             1030.11
  424             1030.70
  425             1032.44
  426             1035.29
  427             1035.48
  428             1036.96
  429             1040.58
  430             1041.04
  431             1041.64
  432             1048.51
  433             1049.32
  434             1050.30
  435             1052.90
  436             1056.98
  437             1058.17
  438             1061.39
  439             1065.16
  440             1068.61
  441             1070.66
  442             1078.41
  443             1079.35
  444             1079.52
  445             1080.18
  446             1083.23
  447             1085.26
  448             1085.47
  449             1086.00
  450             1087.24
  451             1088.61
  452             1092.51
  453             1095.01
  454             1096.00
  455             1099.48
  456             1100.88
  457             1103.48
  458             1104.44
  459             1107.36
  460             1109.04
  461             1112.51
  462             1112.84
  463             1113.44
  464             1115.09
  465             1116.04
  466             1117.47
  467             1121.08
  468             1126.16
  469             1127.26
  470             1130.81
  471             1132.74
  472             1133.64
  473             1135.34
  474             1139.00
  475             1139.31
  476             1139.58
  477             1141.05
  478             1141.35
  479             1143.79
  480             1147.30
  481             1148.30
  482             1148.92
  483             1150.73
  484             1156.22
  485             1156.39
  486             1157.03
  487             1163.66
  488             1164.59
  489             1165.36
  490             1167.32
  491             1168.43
  492             1168.87
  493             1170.02
  494             1170.42
  495             1173.83
  496             1175.49
  497             1176.67
  498             1177.02
  499             1178.91
  500             1179.57
  501             1183.95
  502             1184.39
  503             1185.25
  504             1187.38
  505             1192.77
  506             1195.60
  507             1196.08
  508             1197.61
  509             1199.93
  510             1202.68
  511             1204.12
  512             1207.00
  513             1208.34
  514             1210.45
  515             1217.56
  516             1218.56
  517             1220.75
  518             1223.81
  519             1224.38
  520             1224.51
  521             1228.56
  522             1229.49
  523             1230.57
  524             1230.92
  525             1232.09
  526             1235.27
  527             1236.00
  528             1237.55
  529             1243.32
  530             1245.01
  531             1245.74
  532             1245.91
  533             1246.37
  534             1247.05
  535             1252.55
  536             1254.68
  537             1258.01
  538             1259.32
  539             1261.08
  540             1265.76
  541             1267.39
  542             1270.24
  543             1274.84
  544             1275.27
  545             1276.27
  546             1276.56
  547             1278.70
  548             1280.77
  549             1281.25
  550             1285.47
  551             1290.81
  552             1292.75
  553             1293.01
  554             1294.02
  555             1294.31
  556             1297.34
  557             1297.46
  558             1300.30
  559             1300.68
  560             1302.36
  561             1304.28
  562             1304.44
  563             1304.94
  564             1307.22
  565             1307.68
  566             1309.27
  567             1312.59
  568             1313.05
  569             1313.26
  570             1316.29
  571             1317.19
  572             1318.10
  573             1319.28
  574             1319.32
  575             1321.22
  576             1321.44
  577             1322.06
  578             1323.59
  579             1326.13
  580             1326.20
  581             1328.24
  582             1328.62
  583             1330.23
  584             1330.44
  585             1330.58
  586             1332.82
  587             1335.31
  588             1337.92
  589             1338.85
  590             1342.73
  591             1343.77
  592             1343.93
  593             1346.10
  594             1349.01
  595             1351.52
  596             1352.23
  597             1353.54
  598             1354.39
  599             1354.96
  600             1355.06
  601             1357.06
  602             1359.90
  603             1360.30
  604             1361.68
  605             1363.05
  606             1364.13
  607             1365.98
  608             1366.72
  609             1367.57
  610             1369.13
  611             1369.30
  612             1370.99
  613             1372.08
  614             1372.94
  615             1373.87
  616             1375.10
  617             1375.46
  618             1376.33
  619             1377.57
  620             1377.84
  621             1379.54
  622             1379.86
  623             1383.32
  624             1384.88
  625             1385.73
  626             1385.92
  627             1386.11
  628             1386.88
  629             1387.46
  630             1388.05
  631             1391.51
  632             1393.84
  633             1394.98
  634             1395.04
  635             1395.49
  636             1395.68
  637             1395.88
  638             1397.10
  639             1398.10
  640             1398.96
  641             1400.10
  642             1401.95
  643             1403.79
  644             1404.82
  645             1411.31
  646             1412.03
  647             1413.02
  648             1417.08
  649             1417.12
  650             1421.39
  651             1425.88
  652             1426.53
  653             1430.85
  654             1432.50
  655             1433.59
  656             1434.64
  657             1435.20
  658             1439.66
  659             1439.96
  660             1445.64
  661             1446.78
  662             1450.77
  663             1464.20
  664             1466.13
  665             1472.76
  666             1483.72
  667             1489.19
  668             1503.93
  669             1510.46
  670             1521.07
  671             1528.09
  672             1530.50
  673             1530.76
  674             1534.53
  675             1537.26
  676             1548.12
  677             1550.19
  678             1564.91
  679             1571.56
  680             1574.51
  681             1601.47
  682             1606.21
  683             1619.06
  684             1631.76
  685             1651.71
  686             1685.87
  687             1702.81
  688             1718.13
  689             1734.23
  690             1762.91
  691             1786.16
  692             2923.02
  693             2943.05
  694             2945.61
  695             2950.20
  696             2955.70
  697             2960.15
  698             2962.91
  699             2964.55
  700             2966.12
  701             2967.62
  702             2967.96
  703             2968.40
  704             2968.89
  705             2970.11
  706             2970.22
  707             2972.33
  708             2973.49
  709             2975.43
  710             2977.67
  711             2979.88
  712             2980.19
  713             2984.72
  714             2992.76
  715             2995.52
  716             3004.47
  717             3009.93
  718             3010.79
  719             3011.89
  720             3013.91
  721             3016.61
  722             3017.87
  723             3020.37
  724             3022.10
  725             3022.87
  726             3029.53
  727             3030.15
  728             3030.59
  729             3031.03
  730             3031.09
  731             3037.00
  732             3040.41
  733             3042.10
  734             3048.29
  735             3049.21
  736             3049.58
  737             3051.76
  738             3052.60
  739             3053.53
  740             3054.17
  741             3056.92
  742             3057.23
  743             3062.08
  744             3062.32
  745             3064.99
  746             3067.18
  747             3071.33
  748             3074.29
  749             3075.30
  750             3077.58
  751             3078.20
  752             3078.93
  753             3083.23
  754             3085.09
  755             3085.50
  756             3086.28
  757             3086.81
  758             3087.02
  759             3087.19
  760             3087.29
  761             3087.40
  762             3088.25
  763             3088.95
  764             3090.52
  765             3091.22
  766             3091.34
  767             3091.53
  768             3096.12
  769             3096.89
  770             3097.64
  771             3098.24
  772             3100.08
  773             3104.28
  774             3105.08
  775             3105.36
  776             3105.57
  777             3106.61
  778             3107.56
  779             3108.26
  780             3109.16
  781             3109.91
  782             3110.35
  783             3110.96
  784             3110.98
  785             3111.04
  786             3111.43
  787             3113.21
  788             3113.60
  789             3113.67
  790             3113.75
  791             3113.90
  792             3114.00
  793             3114.12
  794             3114.82
  795             3115.15
  796             3117.06
  797             3117.25
  798             3117.91
  799             3118.38
  800             3119.28
  801             3119.45
  802             3119.94
  803             3120.60
  804             3120.75
  805             3121.03
  806             3121.09
  807             3121.10
  808             3122.18
  809             3122.96
  810             3123.49
  811             3123.52
  812             3124.44
  813             3124.85
  814             3125.07
  815             3125.51
  816             3125.55
  817             3125.86
  818             3126.09
  819             3126.13
  820             3126.82
  821             3127.56
  822             3127.97
  823             3128.25
  824             3128.52
  825             3128.79
  826             3129.85
  827             3130.05
  828             3130.71
  829             3130.73
  830             3132.12
  831             3132.52
  832             3132.79
  833             3133.46
  834             3134.30
  835             3134.54
  836             3137.15
  837             3137.98
  838             3140.22
  839             3143.52

 Project out translational and rotational motions 

 Degrees of freedom for translational and rotational motions: 6

 Vibrational frequencies:
 mode    frequency (cm-1)
    0              301.72 i (imaginary)
    1              294.79 i (imaginary)
    2              276.58 i (imaginary)
    3              251.69 i (imaginary)
    4              241.85 i (imaginary)
    5              208.51 i (imaginary)
    6              203.99 i (imaginary)
    7              190.00 i (imaginary)
    8              188.87 i (imaginary)
    9              179.30 i (imaginary)
   10              167.68 i (imaginary)
   11              153.47 i (imaginary)
   12              142.25 i (imaginary)
   13              140.12 i (imaginary)
   14              132.19 i (imaginary)
   15              119.02 i (imaginary)
   16              101.44 i (imaginary)
   17               99.32 i (imaginary)
   18               97.20 i (imaginary)
   19               75.30 i (imaginary)
   20               74.42 i (imaginary)
   21               74.32 i (imaginary)
   22               72.56 i (imaginary)
   23               71.52 i (imaginary)
   24               59.16 i (imaginary)
   25               47.61 i (imaginary)
   26               42.57 i (imaginary)
   27               33.29 i (imaginary)
   28                3.66
   29               11.42
   30               15.82
   31               16.81
   32               19.63
   33               24.95
   34               30.36
   35               33.30
   36               37.32
   37               37.45
   38               43.45
   39               45.47
   40               48.21
   41               51.47
   42               53.39
   43               55.93
   44               58.36
   45               58.87
   46               60.51
   47               63.73
   48               65.36
   49               67.85
   50               70.89
   51               71.74
   52               73.90
   53               74.87
   54               77.40
   55               78.15
   56               84.38
   57               86.35
   58               89.42
   59               90.05
   60               90.99
   61               93.12
   62               93.91
   63               95.87
   64               96.12
   65              100.96
   66              101.70
   67              103.95
   68              107.46
   69              108.22
   70              109.54
   71              112.61
   72              115.07
   73              116.87
   74              117.50
   75              120.78
   76              122.55
   77              123.28
   78              125.67
   79              128.46
   80              131.15
   81              131.75
   82              132.40
   83              132.90
   84              136.80
   85              138.08
   86              139.00
   87              139.51
   88              141.15
   89              141.60
   90              145.42
   91              146.31
   92              148.48
   93              149.47
   94              152.67
   95              153.66
   96              156.81
   97              158.67
   98              160.03
   99              161.72
  100              163.78
  101              169.36
  102              170.10
  103              171.63
  104              172.55
  105              174.19
  106              178.08
  107              178.37
  108              179.22
  109              180.48
  110              182.51
  111              183.19
  112              193.06
  113              193.29
  114              195.47
  115              196.29
  116              198.49
  117              202.09
  118              206.19
  119              208.04
  120              209.62
  121              211.37
  122              212.80
  123              218.90
  124              219.69
  125              225.13
  126              225.39
  127              228.90
  128              230.21
  129              230.48
  130              231.73
  131              232.09
  132              237.41
  133              238.41
  134              239.91
  135              242.50
  136              244.95
  137              245.65
  138              246.16
  139              249.82
  140              253.19
  141              254.56
  142              260.03
  143              262.03
  144              262.86
  145              265.04
  146              265.36
  147              268.84
  148              269.43
  149              273.93
  150              274.66
  151              277.30
  152              280.05
  153              281.61
  154              286.09
  155              286.69
  156              292.82
  157              296.11
  158              296.29
  159              301.80
  160              304.71
  161              306.21
  162              309.25
  163              310.12
  164              311.80
  165              314.75
  166              319.90
  167              323.23
  168              323.93
  169              325.38
  170              326.08
  171              330.27
  172              332.12
  173              337.30
  174              338.17
  175              338.36
  176              340.13
  177              343.96
  178              350.01
  179              351.34
  180              352.56
  181              353.41
  182              354.59
  183              358.54
  184              359.05
  185              359.58
  186              362.17
  187              363.54
  188              365.25
  189              368.61
  190              373.57
  191              378.26
  192              379.92
  193              385.53
  194              390.55
  195              391.89
  196              398.65
  197              399.61
  198              399.84
  199              399.96
  200              402.61
  201              407.65
  202              410.19
  203              411.03
  204              418.73
  205              418.87
  206              425.64
  207              425.78
  208              426.85
  209              428.58
  210              434.40
  211              440.09
  212              445.83
  213              450.69
  214              453.15
  215              455.56
  216              460.94
  217              465.96
  218              472.95
  219              481.07
  220              481.48
  221              489.93
  222              490.88
  223              493.97
  224              499.05
  225              499.55
  226              500.58
  227              500.93
  228              503.77
  229              506.21
  230              521.28
  231              528.48
  232              533.68
  233              533.96
  234              536.37
  235              543.74
  236              547.12
  237              552.27
  238              554.62
  239              558.08
  240              567.79
  241              568.33
  242              571.13
  243              574.95
  244              577.62
  245              580.10
  246              584.49
  247              588.08
  248              593.36
  249              595.51
  250              602.67
  251              604.71
  252              607.09
  253              610.28
  254              618.97
  255              622.89
  256              624.73
  257              630.23
  258              633.79
  259              639.33
  260              641.17
  261              650.80
  262              654.64
  263              660.80
  264              662.96
  265              668.48
  266              670.55
  267              672.96
  268              674.06
  269              678.89
  270              682.14
  271              688.60
  272              690.72
  273              692.36
  274              694.04
  275              695.77
  276              703.07
  277              709.68
  278              714.12
  279              714.42
  280              715.01
  281              716.32
  282              718.28
  283              727.43
  284              730.09
  285              734.53
  286              735.02
  287              738.72
  288              739.84
  289              743.64
  290              743.90
  291              747.55
  292              749.98
  293              752.72
  294              755.45
  295              761.48
  296              762.71
  297              763.52
  298              764.25
  299              770.44
  300              771.11
  301              772.08
  302              777.69
  303              778.06
  304              778.90
  305              781.25
  306              788.58
  307              789.35
  308              791.91
  309              794.97
  310              797.62
  311              802.41
  312              806.29
  313              806.91
  314              808.26
  315              814.19
  316              818.93
  317              821.92
  318              824.08
  319              824.93
  320              828.17
  321              829.55
  322              830.67
  323              830.89
  324              832.31
  325              832.61
  326              833.81
  327              842.07
  328              845.00
  329              847.62
  330              848.25
  331              849.26
  332              854.68
  333              857.32
  334              857.95
  335              858.84
  336              860.76
  337              864.18
  338              868.49
  339              871.79
  340              874.82
  341              879.18
  342              879.37
  343              882.55
  344              883.54
  345              884.68
  346              885.83
  347              886.70
  348              887.68
  349              889.10
  350              889.15
  351              891.08
  352              894.93
  353              895.33
  354              899.60
  355              902.20
  356              904.86
  357              905.54
  358              910.01
  359              910.24
  360              910.40
  361              912.38
  362              913.18
  363              918.85
  364              921.06
  365              923.64
  366              924.06
  367              925.65
  368              928.40
  369              929.45
  370              931.50
  371              932.30
  372              932.86
  373              939.62
  374              940.99
  375              941.21
  376              942.96
  377              944.51
  378              947.00
  379              947.52
  380              951.12
  381              951.66
  382              956.81
  383              958.77
  384              958.98
  385              961.34
  386              961.51
  387              961.84
  388              968.05
  389              969.41
  390              969.59
  391              970.41
  392              975.84
  393              978.83
  394              979.63
  395              984.12
  396              984.68
  397              986.32
  398              987.11
  399              989.59
  400              994.55
  401              994.59
  402              995.81
  403             1000.36
  404             1001.80
  405             1006.56
  406             1007.64
  407             1009.37
  408             1011.06
  409             1011.90
  410             1015.04
  411             1019.99
  412             1020.89
  413             1021.99
  414             1022.48
  415             1029.29
  416             1029.66
  417             1030.11
  418             1030.70
  419             1032.44
  420             1035.29
  421             1035.48
  422             1036.96
  423             1040.58
  424             1041.04
  425             1041.64
  426             1048.51
  427             1049.32
  428             1050.30
  429             1052.90
  430             1056.98
  431             1058.17
  432             1061.39
  433             1065.16
  434             1068.61
  435             1070.66
  436             1078.41
  437             1079.35
  438             1079.52
  439             1080.18
  440             1083.23
  441             1085.26
  442             1085.47
  443             1086.00
  444             1087.24
  445             1088.61
  446             1092.51
  447             1095.01
  448             1096.00
  449             1099.48
  450             1100.88
  451             1103.48
  452             1104.44
  453             1107.36
  454             1109.04
  455             1112.51
  456             1112.84
  457             1113.44
  458             1115.09
  459             1116.04
  460             1117.47
  461             1121.08
  462             1126.16
  463             1127.26
  464             1130.81
  465             1132.74
  466             1133.64
  467             1135.34
  468             1139.00
  469             1139.31
  470             1139.58
  471             1141.05
  472             1141.35
  473             1143.79
  474             1147.30
  475             1148.30
  476             1148.92
  477             1150.73
  478             1156.22
  479             1156.39
  480             1157.03
  481             1163.66
  482             1164.59
  483             1165.36
  484             1167.32
  485             1168.43
  486             1168.87
  487             1170.02
  488             1170.42
  489             1173.83
  490             1175.49
  491             1176.67
  492             1177.02
  493             1178.91
  494             1179.57
  495             1183.95
  496             1184.39
  497             1185.25
  498             1187.38
  499             1192.77
  500             1195.60
  501             1196.08
  502             1197.60
  503             1199.93
  504             1202.68
  505             1204.12
  506             1207.00
  507             1208.34
  508             1210.45
  509             1217.56
  510             1218.56
  511             1220.75
  512             1223.81
  513             1224.38
  514             1224.51
  515             1228.56
  516             1229.49
  517             1230.57
  518             1230.92
  519             1232.09
  520             1235.27
  521             1236.00
  522             1237.55
  523             1243.31
  524             1245.01
  525             1245.74
  526             1245.91
  527             1246.37
  528             1247.05
  529             1252.55
  530             1254.68
  531             1258.01
  532             1259.32
  533             1261.07
  534             1265.76
  535             1267.39
  536             1270.24
  537             1274.84
  538             1275.27
  539             1276.27
  540             1276.56
  541             1278.70
  542             1280.77
  543             1281.25
  544             1285.47
  545             1290.80
  546             1292.75
  547             1293.01
  548             1294.02
  549             1294.31
  550             1297.34
  551             1297.46
  552             1300.30
  553             1300.68
  554             1302.36
  555             1304.28
  556             1304.44
  557             1304.94
  558             1307.22
  559             1307.68
  560             1309.27
  561             1312.59
  562             1313.05
  563             1313.26
  564             1316.29
  565             1317.19
  566             1318.10
  567             1319.28
  568             1319.32
  569             1321.22
  570             1321.44
  571             1322.06
  572             1323.59
  573             1326.13
  574             1326.20
  575             1328.24
  576             1328.62
  577             1330.23
  578             1330.44
  579             1330.58
  580             1332.82
  581             1335.31
  582             1337.92
  583             1338.85
  584             1342.73
  585             1343.77
  586             1343.93
  587             1346.10
  588             1349.01
  589             1351.52
  590             1352.23
  591             1353.54
  592             1354.39
  593             1354.96
  594             1355.06
  595             1357.06
  596             1359.90
  597             1360.30
  598             1361.68
  599             1363.05
  600             1364.13
  601             1365.98
  602             1366.72
  603             1367.57
  604             1369.13
  605             1369.30
  606             1370.99
  607             1372.08
  608             1372.94
  609             1373.87
  610             1375.10
  611             1375.46
  612             1376.33
  613             1377.57
  614             1377.84
  615             1379.54
  616             1379.86
  617             1383.32
  618             1384.88
  619             1385.73
  620             1385.92
  621             1386.11
  622             1386.88
  623             1387.46
  624             1388.05
  625             1391.51
  626             1393.84
  627             1394.98
  628             1395.04
  629             1395.49
  630             1395.68
  631             1395.88
  632             1397.10
  633             1398.10
  634             1398.96
  635             1400.10
  636             1401.95
  637             1403.79
  638             1404.82
  639             1411.31
  640             1412.03
  641             1413.02
  642             1417.08
  643             1417.12
  644             1421.39
  645             1425.88
  646             1426.53
  647             1430.85
  648             1432.50
  649             1433.59
  650             1434.64
  651             1435.20
  652             1439.66
  653             1439.96
  654             1445.64
  655             1446.78
  656             1450.77
  657             1464.20
  658             1466.13
  659             1472.76
  660             1483.72
  661             1489.19
  662             1503.93
  663             1510.46
  664             1521.07
  665             1528.09
  666             1530.50
  667             1530.76
  668             1534.53
  669             1537.26
  670             1548.12
  671             1550.19
  672             1564.91
  673             1571.56
  674             1574.51
  675             1601.47
  676             1606.21
  677             1619.06
  678             1631.76
  679             1651.71
  680             1685.87
  681             1702.81
  682             1718.13
  683             1734.23
  684             1762.91
  685             1786.16
  686             2923.02
  687             2943.05
  688             2945.61
  689             2950.20
  690             2955.70
  691             2960.15
  692             2962.91
  693             2964.55
  694             2966.12
  695             2967.62
  696             2967.96
  697             2968.40
  698             2968.89
  699             2970.11
  700             2970.22
  701             2972.33
  702             2973.49
  703             2975.43
  704             2977.67
  705             2979.88
  706             2980.19
  707             2984.72
  708             2992.76
  709             2995.52
  710             3004.47
  711             3009.93
  712             3010.79
  713             3011.89
  714             3013.91
  715             3016.61
  716             3017.87
  717             3020.37
  718             3022.10
  719             3022.87
  720             3029.53
  721             3030.15
  722             3030.59
  723             3031.03
  724             3031.09
  725             3037.00
  726             3040.41
  727             3042.10
  728             3048.29
  729             3049.21
  730             3049.58
  731             3051.76
  732             3052.60
  733             3053.53
  734             3054.17
  735             3056.92
  736             3057.23
  737             3062.08
  738             3062.32
  739             3064.99
  740             3067.18
  741             3071.33
  742             3074.29
  743             3075.30
  744             3077.58
  745             3078.20
  746             3078.93
  747             3083.23
  748             3085.09
  749             3085.50
  750             3086.28
  751             3086.81
  752             3087.02
  753             3087.19
  754             3087.29
  755             3087.40
  756             3088.25
  757             3088.95
  758             3090.52
  759             3091.22
  760             3091.34
  761             3091.53
  762             3096.12
  763             3096.89
  764             3097.64
  765             3098.24
  766             3100.08
  767             3104.28
  768             3105.08
  769             3105.36
  770             3105.57
  771             3106.61
  772             3107.56
  773             3108.26
  774             3109.16
  775             3109.91
  776             3110.35
  777             3110.96
  778             3110.98
  779             3111.04
  780             3111.43
  781             3113.21
  782             3113.60
  783             3113.67
  784             3113.75
  785             3113.90
  786             3114.00
  787             3114.12
  788             3114.82
  789             3115.15
  790             3117.06
  791             3117.25
  792             3117.91
  793             3118.38
  794             3119.28
  795             3119.45
  796             3119.94
  797             3120.60
  798             3120.75
  799             3121.03
  800             3121.09
  801             3121.10
  802             3122.18
  803             3122.96
  804             3123.49
  805             3123.52
  806             3124.44
  807             3124.85
  808             3125.07
  809             3125.51
  810             3125.55
  811             3125.86
  812             3126.09
  813             3126.13
  814             3126.82
  815             3127.56
  816             3127.97
  817             3128.25
  818             3128.52
  819             3128.79
  820             3129.85
  821             3130.05
  822             3130.71
  823             3130.73
  824             3132.12
  825             3132.52
  826             3132.79
  827             3133.46
  828             3134.30
  829             3134.54
  830             3137.15
  831             3137.98
  832             3140.22
  833             3143.52
 Saving results in set 'hess'

 --------------------------------------------------------------------------------

 End time:                               Fri Jan 21 18:04:04 2022
 Total wall-clock time:                307.592 seconds
==================================================================================
