
================================================================================
          _____________ ________ _______________ ________     _________         
         / ___________// ______ \\_____   _____// ______ \   / ________)        
        / /_________  / /      \ \     | |     / /      \ \ | (_______          
       |  __________|| |        | |    | |    | |        | | \________ \        
        \ \_________ | |        | |    | |     \ \______/ /___________) |       
         \__________||_|        |_|    |_|      \________//____________/        
                                                                                
====================================[ Qcore ]===================================

 Git describe: 2.3.0-166-g4178ddb
 Compiler:     GNU 9.1.0
 Build type:   Release
 Version:      2.3.0-166-g4178ddb

 Start time:   Fri Jan 21 19:15:42 2022

 Data directory: /user/home/of15641/.local/src/Qcore/release/share/entos/qcore/data
 Number of threads: 32
 Number of threads was determined by: number of physical cores

 --------------------------------------------------------------------------------
                                 command: hessian                                
 --------------------------------------------------------------------------------

 -------------------------------
  Numerical Geometrical Hessian 
 -------------------------------

 Compute hessian using two-point central differentiation.
 Step size (bohr):                       0.0100

 Frequencies (including translational and rotational modes):
 mode    frequency (cm-1)
    0              280.06 i (imaginary)
    1              265.52 i (imaginary)
    2              265.36 i (imaginary)
    3              262.08 i (imaginary)
    4              220.48 i (imaginary)
    5              215.63 i (imaginary)
    6              213.35 i (imaginary)
    7              196.20 i (imaginary)
    8              184.90 i (imaginary)
    9              183.48 i (imaginary)
   10              158.56 i (imaginary)
   11              151.22 i (imaginary)
   12              148.15 i (imaginary)
   13              147.27 i (imaginary)
   14              141.13 i (imaginary)
   15              138.38 i (imaginary)
   16              125.91 i (imaginary)
   17              122.66 i (imaginary)
   18              119.93 i (imaginary)
   19              113.71 i (imaginary)
   20              105.77 i (imaginary)
   21               99.99 i (imaginary)
   22               85.19 i (imaginary)
   23               70.17 i (imaginary)
   24               66.86 i (imaginary)
   25               63.45 i (imaginary)
   26               56.80 i (imaginary)
   27               49.89 i (imaginary)
   28               45.86 i (imaginary)
   29               43.97 i (imaginary)
   30               20.14 i (imaginary)
   31                9.20 i (imaginary)
   32                7.39 i (imaginary)
   33                2.73 i (imaginary)
   34                1.40 i (imaginary)
   35                6.02
   36                7.81
   37               11.45
   38               13.13
   39               14.00
   40               16.45
   41               19.15
   42               20.76
   43               27.64
   44               29.53
   45               34.30
   46               36.59
   47               43.10
   48               44.01
   49               44.47
   50               49.44
   51               51.12
   52               51.47
   53               55.40
   54               57.36
   55               57.71
   56               61.04
   57               62.74
   58               63.93
   59               66.16
   60               70.01
   61               70.78
   62               72.57
   63               74.25
   64               76.17
   65               80.53
   66               81.43
   67               86.34
   68               88.31
   69               92.27
   70               94.40
   71               99.90
   72              100.33
   73              102.05
   74              103.98
   75              106.73
   76              107.56
   77              110.24
   78              111.00
   79              113.37
   80              114.91
   81              116.80
   82              117.67
   83              121.31
   84              124.69
   85              125.27
   86              127.32
   87              129.79
   88              131.79
   89              132.94
   90              135.81
   91              139.43
   92              142.28
   93              143.66
   94              148.11
   95              151.67
   96              153.09
   97              154.06
   98              154.54
   99              156.77
  100              157.53
  101              158.07
  102              159.39
  103              165.10
  104              165.61
  105              166.59
  106              169.00
  107              171.81
  108              172.60
  109              173.51
  110              175.84
  111              176.66
  112              178.16
  113              181.69
  114              182.39
  115              189.80
  116              191.16
  117              193.36
  118              194.56
  119              196.20
  120              196.90
  121              198.73
  122              199.86
  123              202.52
  124              204.16
  125              207.41
  126              211.53
  127              213.73
  128              215.69
  129              217.90
  130              218.98
  131              222.21
  132              222.99
  133              224.07
  134              226.73
  135              227.08
  136              229.28
  137              230.27
  138              232.17
  139              234.18
  140              237.09
  141              238.85
  142              241.32
  143              246.91
  144              247.68
  145              249.63
  146              252.18
  147              256.01
  148              261.10
  149              262.10
  150              267.14
  151              269.38
  152              270.34
  153              271.02
  154              271.74
  155              276.01
  156              277.02
  157              279.62
  158              286.10
  159              289.99
  160              294.83
  161              295.04
  162              295.99
  163              300.67
  164              301.77
  165              306.39
  166              306.62
  167              309.22
  168              309.35
  169              313.22
  170              314.64
  171              318.89
  172              320.07
  173              320.89
  174              324.97
  175              325.19
  176              336.08
  177              337.01
  178              340.55
  179              342.36
  180              343.04
  181              344.29
  182              347.39
  183              348.56
  184              348.83
  185              349.45
  186              353.34
  187              354.24
  188              361.85
  189              363.16
  190              367.52
  191              369.17
  192              371.03
  193              371.82
  194              372.77
  195              376.84
  196              377.86
  197              379.92
  198              385.35
  199              385.51
  200              387.59
  201              389.58
  202              390.28
  203              397.90
  204              400.67
  205              403.14
  206              406.97
  207              409.12
  208              410.34
  209              418.16
  210              426.70
  211              428.55
  212              430.38
  213              436.66
  214              445.22
  215              446.24
  216              446.31
  217              449.27
  218              451.43
  219              454.44
  220              458.76
  221              459.75
  222              466.27
  223              472.92
  224              481.75
  225              483.42
  226              488.83
  227              490.99
  228              492.85
  229              493.85
  230              499.55
  231              500.11
  232              505.19
  233              509.99
  234              510.43
  235              514.79
  236              517.87
  237              523.10
  238              525.23
  239              539.45
  240              542.18
  241              546.73
  242              546.99
  243              551.64
  244              556.78
  245              563.04
  246              564.08
  247              571.00
  248              572.93
  249              575.37
  250              575.94
  251              580.27
  252              583.92
  253              586.68
  254              590.13
  255              599.27
  256              600.92
  257              601.90
  258              602.88
  259              604.84
  260              616.96
  261              617.68
  262              618.97
  263              627.30
  264              629.31
  265              634.19
  266              638.41
  267              643.24
  268              656.52
  269              661.42
  270              664.78
  271              666.44
  272              670.03
  273              671.57
  274              677.41
  275              679.45
  276              681.33
  277              682.91
  278              685.89
  279              689.42
  280              701.04
  281              701.14
  282              705.92
  283              706.61
  284              709.46
  285              711.67
  286              713.36
  287              716.51
  288              721.10
  289              721.96
  290              725.24
  291              729.01
  292              730.83
  293              731.98
  294              733.54
  295              734.35
  296              736.36
  297              736.87
  298              741.52
  299              747.29
  300              748.68
  301              752.63
  302              752.98
  303              760.10
  304              761.46
  305              766.95
  306              768.71
  307              770.99
  308              776.92
  309              777.66
  310              779.75
  311              780.75
  312              787.40
  313              788.74
  314              792.34
  315              794.14
  316              795.22
  317              795.74
  318              803.27
  319              803.63
  320              804.70
  321              805.26
  322              809.68
  323              814.80
  324              816.02
  325              818.66
  326              820.35
  327              820.47
  328              821.87
  329              824.29
  330              826.26
  331              831.70
  332              838.58
  333              840.61
  334              843.74
  335              847.69
  336              848.89
  337              851.62
  338              856.49
  339              856.94
  340              858.98
  341              860.09
  342              860.57
  343              861.56
  344              865.28
  345              869.14
  346              869.73
  347              871.35
  348              876.87
  349              879.62
  350              880.77
  351              884.35
  352              885.86
  353              888.49
  354              889.71
  355              890.47
  356              890.74
  357              893.36
  358              895.47
  359              896.72
  360              900.77
  361              902.50
  362              904.16
  363              909.29
  364              912.41
  365              912.78
  366              915.27
  367              919.20
  368              920.06
  369              922.70
  370              922.91
  371              923.84
  372              927.40
  373              933.38
  374              934.26
  375              934.42
  376              936.89
  377              939.23
  378              942.59
  379              943.50
  380              944.68
  381              944.98
  382              950.95
  383              954.22
  384              954.52
  385              954.98
  386              955.27
  387              958.98
  388              964.70
  389              966.79
  390              967.17
  391              972.67
  392              973.95
  393              975.01
  394              976.87
  395              979.10
  396              979.34
  397              987.07
  398              988.09
  399              989.62
  400              993.89
  401              994.70
  402              995.28
  403              995.50
  404              996.49
  405              999.78
  406             1002.31
  407             1004.29
  408             1010.95
  409             1014.58
  410             1017.37
  411             1019.94
  412             1020.50
  413             1021.29
  414             1024.39
  415             1027.21
  416             1027.46
  417             1029.48
  418             1031.53
  419             1032.37
  420             1034.40
  421             1034.97
  422             1035.17
  423             1035.65
  424             1039.08
  425             1040.33
  426             1043.88
  427             1046.12
  428             1046.90
  429             1051.80
  430             1054.11
  431             1054.83
  432             1055.10
  433             1055.60
  434             1057.04
  435             1058.10
  436             1061.34
  437             1061.44
  438             1065.58
  439             1067.57
  440             1068.48
  441             1068.64
  442             1070.76
  443             1073.08
  444             1074.27
  445             1080.00
  446             1081.39
  447             1082.40
  448             1084.14
  449             1088.95
  450             1089.07
  451             1092.60
  452             1093.66
  453             1097.12
  454             1099.23
  455             1101.34
  456             1101.44
  457             1104.78
  458             1105.06
  459             1106.24
  460             1107.44
  461             1109.96
  462             1113.26
  463             1120.51
  464             1123.26
  465             1123.81
  466             1125.15
  467             1127.19
  468             1130.54
  469             1132.72
  470             1133.07
  471             1133.30
  472             1134.64
  473             1134.77
  474             1135.74
  475             1137.25
  476             1138.63
  477             1139.26
  478             1141.60
  479             1142.97
  480             1143.90
  481             1144.89
  482             1149.26
  483             1151.73
  484             1153.36
  485             1155.04
  486             1155.54
  487             1157.48
  488             1159.14
  489             1162.79
  490             1163.42
  491             1163.98
  492             1164.38
  493             1166.89
  494             1167.49
  495             1170.38
  496             1171.33
  497             1175.01
  498             1176.09
  499             1181.53
  500             1182.34
  501             1182.88
  502             1188.22
  503             1189.84
  504             1193.48
  505             1194.21
  506             1194.87
  507             1199.41
  508             1200.52
  509             1202.24
  510             1202.96
  511             1205.83
  512             1206.65
  513             1207.33
  514             1212.18
  515             1215.80
  516             1216.80
  517             1221.50
  518             1223.39
  519             1223.60
  520             1226.28
  521             1228.19
  522             1234.10
  523             1236.70
  524             1239.64
  525             1243.58
  526             1244.75
  527             1248.51
  528             1250.70
  529             1253.01
  530             1258.44
  531             1258.80
  532             1264.45
  533             1265.33
  534             1266.36
  535             1268.46
  536             1269.82
  537             1271.46
  538             1272.54
  539             1274.76
  540             1276.12
  541             1276.47
  542             1276.95
  543             1278.19
  544             1281.83
  545             1284.09
  546             1286.69
  547             1288.48
  548             1289.43
  549             1291.00
  550             1291.43
  551             1292.34
  552             1293.39
  553             1294.24
  554             1295.28
  555             1299.70
  556             1300.34
  557             1303.18
  558             1303.32
  559             1305.01
  560             1305.39
  561             1305.84
  562             1306.33
  563             1307.74
  564             1309.17
  565             1309.49
  566             1311.07
  567             1313.20
  568             1314.82
  569             1316.57
  570             1316.95
  571             1318.10
  572             1319.68
  573             1320.55
  574             1320.77
  575             1323.79
  576             1324.74
  577             1324.89
  578             1327.34
  579             1328.24
  580             1331.48
  581             1333.23
  582             1334.29
  583             1334.51
  584             1335.19
  585             1335.60
  586             1337.26
  587             1338.50
  588             1338.58
  589             1339.05
  590             1339.31
  591             1339.85
  592             1340.43
  593             1342.06
  594             1342.63
  595             1343.68
  596             1344.14
  597             1345.35
  598             1347.82
  599             1348.53
  600             1349.34
  601             1350.38
  602             1353.50
  603             1354.80
  604             1354.97
  605             1355.90
  606             1356.68
  607             1358.61
  608             1361.37
  609             1361.72
  610             1362.13
  611             1364.31
  612             1365.49
  613             1365.51
  614             1366.44
  615             1369.95
  616             1370.13
  617             1371.53
  618             1371.91
  619             1372.41
  620             1372.79
  621             1373.25
  622             1373.56
  623             1374.64
  624             1375.38
  625             1375.83
  626             1377.30
  627             1379.74
  628             1380.03
  629             1381.78
  630             1382.10
  631             1384.56
  632             1387.45
  633             1388.90
  634             1390.15
  635             1392.70
  636             1394.84
  637             1397.72
  638             1398.50
  639             1399.45
  640             1399.52
  641             1401.48
  642             1402.35
  643             1404.25
  644             1406.28
  645             1406.75
  646             1409.21
  647             1410.83
  648             1411.80
  649             1413.15
  650             1414.29
  651             1415.12
  652             1416.97
  653             1418.54
  654             1421.06
  655             1426.15
  656             1430.51
  657             1431.04
  658             1432.13
  659             1436.91
  660             1441.90
  661             1443.19
  662             1447.89
  663             1447.96
  664             1452.04
  665             1455.56
  666             1462.08
  667             1462.77
  668             1465.21
  669             1473.91
  670             1476.45
  671             1489.27
  672             1494.57
  673             1498.48
  674             1515.09
  675             1531.38
  676             1531.61
  677             1532.00
  678             1542.53
  679             1548.48
  680             1549.51
  681             1564.04
  682             1569.88
  683             1585.91
  684             1617.39
  685             1639.11
  686             1701.51
  687             1708.27
  688             1713.28
  689             1718.22
  690             1829.74
  691             1856.41
  692             2928.83
  693             2935.16
  694             2938.47
  695             2944.60
  696             2947.31
  697             2948.35
  698             2950.75
  699             2954.43
  700             2957.22
  701             2960.45
  702             2963.09
  703             2963.63
  704             2968.14
  705             2969.71
  706             2971.39
  707             2973.53
  708             2975.13
  709             2975.93
  710             2977.54
  711             2978.91
  712             2980.98
  713             2989.24
  714             2993.61
  715             3002.97
  716             3016.27
  717             3017.50
  718             3020.30
  719             3023.46
  720             3024.90
  721             3025.48
  722             3026.51
  723             3026.72
  724             3027.62
  725             3032.04
  726             3033.11
  727             3034.53
  728             3035.02
  729             3036.70
  730             3038.24
  731             3039.11
  732             3039.46
  733             3042.46
  734             3043.23
  735             3044.25
  736             3045.32
  737             3047.82
  738             3049.17
  739             3050.29
  740             3051.64
  741             3052.64
  742             3056.68
  743             3060.92
  744             3063.37
  745             3064.62
  746             3064.77
  747             3066.94
  748             3069.03
  749             3069.78
  750             3071.89
  751             3073.85
  752             3076.21
  753             3077.97
  754             3078.25
  755             3079.90
  756             3082.06
  757             3083.35
  758             3087.66
  759             3089.98
  760             3090.91
  761             3091.55
  762             3091.63
  763             3093.40
  764             3094.08
  765             3094.95
  766             3096.30
  767             3097.94
  768             3098.05
  769             3102.54
  770             3107.58
  771             3109.16
  772             3110.07
  773             3110.39
  774             3110.84
  775             3111.33
  776             3111.56
  777             3112.01
  778             3112.64
  779             3112.97
  780             3113.09
  781             3113.10
  782             3113.40
  783             3113.47
  784             3114.07
  785             3114.18
  786             3114.48
  787             3114.62
  788             3114.72
  789             3115.51
  790             3115.55
  791             3116.11
  792             3116.15
  793             3116.61
  794             3116.66
  795             3116.71
  796             3117.26
  797             3117.53
  798             3117.68
  799             3117.89
  800             3118.00
  801             3118.08
  802             3118.15
  803             3118.48
  804             3118.86
  805             3119.03
  806             3119.08
  807             3119.55
  808             3120.12
  809             3120.45
  810             3120.86
  811             3121.52
  812             3121.59
  813             3121.96
  814             3122.21
  815             3122.39
  816             3122.42
  817             3122.65
  818             3122.75
  819             3123.59
  820             3123.85
  821             3124.28
  822             3124.30
  823             3125.18
  824             3126.05
  825             3126.43
  826             3126.74
  827             3127.91
  828             3129.21
  829             3129.94
  830             3130.53
  831             3131.20
  832             3132.92
  833             3134.19
  834             3135.06
  835             3136.01
  836             3136.73
  837             3137.48
  838             3138.19
  839             3139.34

 Project out translational and rotational motions 

 Degrees of freedom for translational and rotational motions: 6

 Vibrational frequencies:
 mode    frequency (cm-1)
    0              280.05 i (imaginary)
    1              265.50 i (imaginary)
    2              265.36 i (imaginary)
    3              262.07 i (imaginary)
    4              220.47 i (imaginary)
    5              215.61 i (imaginary)
    6              213.34 i (imaginary)
    7              196.19 i (imaginary)
    8              184.89 i (imaginary)
    9              183.43 i (imaginary)
   10              158.55 i (imaginary)
   11              151.21 i (imaginary)
   12              148.15 i (imaginary)
   13              147.22 i (imaginary)
   14              141.01 i (imaginary)
   15              138.35 i (imaginary)
   16              125.89 i (imaginary)
   17              122.62 i (imaginary)
   18              119.91 i (imaginary)
   19              113.69 i (imaginary)
   20              105.75 i (imaginary)
   21               99.92 i (imaginary)
   22               85.14 i (imaginary)
   23               70.10 i (imaginary)
   24               66.81 i (imaginary)
   25               63.37 i (imaginary)
   26               56.53 i (imaginary)
   27               49.77 i (imaginary)
   28               45.74 i (imaginary)
   29               43.79 i (imaginary)
   30               19.89 i (imaginary)
   31                3.40 i (imaginary)
   32                9.69
   33               11.39
   34               15.92
   35               17.40
   36               19.37
   37               27.12
   38               28.69
   39               33.98
   40               35.63
   41               41.68
   42               43.62
   43               44.16
   44               48.44
   45               50.28
   46               50.67
   47               55.10
   48               57.03
   49               57.28
   50               60.54
   51               62.02
   52               63.82
   53               66.02
   54               69.50
   55               70.37
   56               72.50
   57               74.21
   58               76.15
   59               80.24
   60               81.37
   61               86.32
   62               88.23
   63               92.23
   64               94.29
   65               99.86
   66              100.24
   67              101.95
   68              103.95
   69              106.72
   70              107.38
   71              110.14
   72              110.98
   73              113.35
   74              114.82
   75              116.80
   76              117.57
   77              121.29
   78              124.67
   79              125.20
   80              127.25
   81              129.72
   82              131.78
   83              132.94
   84              135.78
   85              139.39
   86              142.24
   87              143.63
   88              148.09
   89              151.67
   90              153.07
   91              154.05
   92              154.48
   93              156.74
   94              157.46
   95              158.07
   96              159.39
   97              165.09
   98              165.59
   99              166.59
  100              168.98
  101              171.81
  102              172.60
  103              173.50
  104              175.83
  105              176.66
  106              178.15
  107              181.67
  108              182.39
  109              189.79
  110              191.15
  111              193.35
  112              194.56
  113              196.18
  114              196.90
  115              198.71
  116              199.85
  117              202.52
  118              204.13
  119              207.39
  120              211.52
  121              213.72
  122              215.69
  123              217.89
  124              218.98
  125              222.20
  126              222.94
  127              224.06
  128              226.72
  129              227.07
  130              229.28
  131              230.25
  132              232.15
  133              234.15
  134              237.08
  135              238.82
  136              241.30
  137              246.91
  138              247.68
  139              249.60
  140              252.17
  141              256.00
  142              261.10
  143              262.10
  144              267.13
  145              269.37
  146              270.34
  147              271.01
  148              271.73
  149              276.01
  150              277.02
  151              279.61
  152              286.08
  153              289.99
  154              294.83
  155              295.04
  156              295.99
  157              300.66
  158              301.77
  159              306.37
  160              306.61
  161              309.22
  162              309.34
  163              313.21
  164              314.63
  165              318.89
  166              320.06
  167              320.88
  168              324.97
  169              325.18
  170              336.07
  171              337.01
  172              340.55
  173              342.35
  174              343.04
  175              344.28
  176              347.39
  177              348.56
  178              348.83
  179              349.45
  180              353.34
  181              354.24
  182              361.85
  183              363.16
  184              367.52
  185              369.16
  186              371.02
  187              371.81
  188              372.77
  189              376.84
  190              377.86
  191              379.92
  192              385.35
  193              385.50
  194              387.59
  195              389.58
  196              390.28
  197              397.90
  198              400.67
  199              403.13
  200              406.97
  201              409.11
  202              410.34
  203              418.16
  204              426.69
  205              428.54
  206              430.38
  207              436.65
  208              445.22
  209              446.24
  210              446.30
  211              449.26
  212              451.43
  213              454.44
  214              458.76
  215              459.75
  216              466.27
  217              472.92
  218              481.75
  219              483.41
  220              488.83
  221              490.99
  222              492.85
  223              493.85
  224              499.55
  225              500.11
  226              505.18
  227              509.99
  228              510.42
  229              514.79
  230              517.87
  231              523.10
  232              525.23
  233              539.45
  234              542.18
  235              546.72
  236              546.98
  237              551.64
  238              556.78
  239              563.04
  240              564.07
  241              571.00
  242              572.93
  243              575.37
  244              575.94
  245              580.27
  246              583.91
  247              586.68
  248              590.13
  249              599.27
  250              600.91
  251              601.89
  252              602.87
  253              604.84
  254              616.96
  255              617.68
  256              618.97
  257              627.30
  258              629.31
  259              634.19
  260              638.41
  261              643.24
  262              656.52
  263              661.42
  264              664.77
  265              666.44
  266              670.03
  267              671.57
  268              677.41
  269              679.45
  270              681.33
  271              682.91
  272              685.89
  273              689.42
  274              701.04
  275              701.14
  276              705.92
  277              706.61
  278              709.46
  279              711.67
  280              713.36
  281              716.51
  282              721.10
  283              721.96
  284              725.24
  285              729.00
  286              730.83
  287              731.98
  288              733.53
  289              734.35
  290              736.36
  291              736.86
  292              741.52
  293              747.28
  294              748.68
  295              752.63
  296              752.98
  297              760.10
  298              761.46
  299              766.95
  300              768.71
  301              770.98
  302              776.91
  303              777.65
  304              779.74
  305              780.74
  306              787.40
  307              788.74
  308              792.34
  309              794.13
  310              795.22
  311              795.74
  312              803.27
  313              803.63
  314              804.69
  315              805.26
  316              809.68
  317              814.80
  318              816.02
  319              818.66
  320              820.34
  321              820.47
  322              821.87
  323              824.29
  324              826.26
  325              831.70
  326              838.58
  327              840.61
  328              843.74
  329              847.69
  330              848.89
  331              851.62
  332              856.49
  333              856.94
  334              858.98
  335              860.09
  336              860.57
  337              861.56
  338              865.28
  339              869.14
  340              869.72
  341              871.35
  342              876.87
  343              879.61
  344              880.77
  345              884.35
  346              885.86
  347              888.49
  348              889.71
  349              890.47
  350              890.74
  351              893.36
  352              895.47
  353              896.72
  354              900.77
  355              902.50
  356              904.16
  357              909.29
  358              912.41
  359              912.78
  360              915.27
  361              919.20
  362              920.06
  363              922.70
  364              922.91
  365              923.84
  366              927.40
  367              933.38
  368              934.26
  369              934.42
  370              936.89
  371              939.23
  372              942.59
  373              943.50
  374              944.68
  375              944.98
  376              950.95
  377              954.22
  378              954.52
  379              954.98
  380              955.27
  381              958.98
  382              964.70
  383              966.79
  384              967.17
  385              972.67
  386              973.95
  387              975.01
  388              976.87
  389              979.10
  390              979.34
  391              987.07
  392              988.09
  393              989.62
  394              993.89
  395              994.70
  396              995.28
  397              995.50
  398              996.49
  399              999.78
  400             1002.31
  401             1004.29
  402             1010.95
  403             1014.58
  404             1017.37
  405             1019.94
  406             1020.50
  407             1021.29
  408             1024.39
  409             1027.21
  410             1027.46
  411             1029.48
  412             1031.53
  413             1032.37
  414             1034.40
  415             1034.97
  416             1035.17
  417             1035.65
  418             1039.08
  419             1040.33
  420             1043.88
  421             1046.12
  422             1046.90
  423             1051.80
  424             1054.11
  425             1054.83
  426             1055.10
  427             1055.60
  428             1057.04
  429             1058.10
  430             1061.34
  431             1061.44
  432             1065.58
  433             1067.57
  434             1068.48
  435             1068.64
  436             1070.76
  437             1073.08
  438             1074.27
  439             1080.00
  440             1081.39
  441             1082.40
  442             1084.14
  443             1088.95
  444             1089.07
  445             1092.60
  446             1093.66
  447             1097.12
  448             1099.23
  449             1101.34
  450             1101.44
  451             1104.78
  452             1105.06
  453             1106.24
  454             1107.44
  455             1109.96
  456             1113.26
  457             1120.51
  458             1123.26
  459             1123.81
  460             1125.15
  461             1127.18
  462             1130.54
  463             1132.72
  464             1133.07
  465             1133.30
  466             1134.64
  467             1134.77
  468             1135.74
  469             1137.25
  470             1138.63
  471             1139.26
  472             1141.60
  473             1142.97
  474             1143.90
  475             1144.89
  476             1149.26
  477             1151.73
  478             1153.36
  479             1155.04
  480             1155.54
  481             1157.48
  482             1159.14
  483             1162.79
  484             1163.42
  485             1163.98
  486             1164.38
  487             1166.89
  488             1167.49
  489             1170.38
  490             1171.33
  491             1175.01
  492             1176.09
  493             1181.53
  494             1182.34
  495             1182.88
  496             1188.22
  497             1189.84
  498             1193.48
  499             1194.21
  500             1194.87
  501             1199.41
  502             1200.52
  503             1202.24
  504             1202.96
  505             1205.83
  506             1206.65
  507             1207.33
  508             1212.18
  509             1215.80
  510             1216.80
  511             1221.50
  512             1223.39
  513             1223.60
  514             1226.28
  515             1228.19
  516             1234.10
  517             1236.70
  518             1239.64
  519             1243.58
  520             1244.75
  521             1248.51
  522             1250.70
  523             1253.01
  524             1258.44
  525             1258.80
  526             1264.45
  527             1265.33
  528             1266.36
  529             1268.46
  530             1269.82
  531             1271.46
  532             1272.54
  533             1274.76
  534             1276.12
  535             1276.47
  536             1276.95
  537             1278.19
  538             1281.83
  539             1284.09
  540             1286.69
  541             1288.48
  542             1289.43
  543             1291.00
  544             1291.43
  545             1292.34
  546             1293.39
  547             1294.24
  548             1295.28
  549             1299.70
  550             1300.34
  551             1303.18
  552             1303.32
  553             1305.01
  554             1305.39
  555             1305.84
  556             1306.33
  557             1307.74
  558             1309.17
  559             1309.49
  560             1311.07
  561             1313.20
  562             1314.82
  563             1316.57
  564             1316.95
  565             1318.10
  566             1319.68
  567             1320.55
  568             1320.77
  569             1323.79
  570             1324.74
  571             1324.89
  572             1327.34
  573             1328.24
  574             1331.48
  575             1333.23
  576             1334.29
  577             1334.51
  578             1335.19
  579             1335.60
  580             1337.26
  581             1338.50
  582             1338.58
  583             1339.05
  584             1339.31
  585             1339.85
  586             1340.43
  587             1342.06
  588             1342.63
  589             1343.68
  590             1344.14
  591             1345.35
  592             1347.82
  593             1348.53
  594             1349.34
  595             1350.38
  596             1353.50
  597             1354.80
  598             1354.97
  599             1355.90
  600             1356.68
  601             1358.61
  602             1361.37
  603             1361.72
  604             1362.13
  605             1364.31
  606             1365.49
  607             1365.51
  608             1366.44
  609             1369.95
  610             1370.13
  611             1371.53
  612             1371.91
  613             1372.41
  614             1372.79
  615             1373.25
  616             1373.56
  617             1374.64
  618             1375.38
  619             1375.83
  620             1377.30
  621             1379.74
  622             1380.02
  623             1381.78
  624             1382.10
  625             1384.56
  626             1387.45
  627             1388.90
  628             1390.15
  629             1392.70
  630             1394.84
  631             1397.71
  632             1398.50
  633             1399.45
  634             1399.52
  635             1401.48
  636             1402.35
  637             1404.25
  638             1406.28
  639             1406.75
  640             1409.21
  641             1410.83
  642             1411.80
  643             1413.15
  644             1414.29
  645             1415.12
  646             1416.97
  647             1418.54
  648             1421.06
  649             1426.15
  650             1430.51
  651             1431.04
  652             1432.13
  653             1436.91
  654             1441.90
  655             1443.19
  656             1447.89
  657             1447.96
  658             1452.04
  659             1455.56
  660             1462.08
  661             1462.77
  662             1465.21
  663             1473.91
  664             1476.45
  665             1489.27
  666             1494.57
  667             1498.48
  668             1515.09
  669             1531.38
  670             1531.61
  671             1532.00
  672             1542.53
  673             1548.48
  674             1549.51
  675             1564.04
  676             1569.88
  677             1585.91
  678             1617.39
  679             1639.11
  680             1701.51
  681             1708.27
  682             1713.28
  683             1718.22
  684             1829.74
  685             1856.41
  686             2928.83
  687             2935.16
  688             2938.47
  689             2944.60
  690             2947.31
  691             2948.35
  692             2950.75
  693             2954.43
  694             2957.22
  695             2960.45
  696             2963.09
  697             2963.63
  698             2968.14
  699             2969.71
  700             2971.39
  701             2973.53
  702             2975.13
  703             2975.93
  704             2977.54
  705             2978.91
  706             2980.98
  707             2989.24
  708             2993.61
  709             3002.97
  710             3016.27
  711             3017.50
  712             3020.30
  713             3023.46
  714             3024.90
  715             3025.48
  716             3026.51
  717             3026.72
  718             3027.62
  719             3032.04
  720             3033.11
  721             3034.53
  722             3035.02
  723             3036.70
  724             3038.24
  725             3039.11
  726             3039.46
  727             3042.46
  728             3043.23
  729             3044.25
  730             3045.32
  731             3047.82
  732             3049.17
  733             3050.29
  734             3051.64
  735             3052.64
  736             3056.67
  737             3060.92
  738             3063.37
  739             3064.62
  740             3064.77
  741             3066.94
  742             3069.03
  743             3069.78
  744             3071.89
  745             3073.85
  746             3076.21
  747             3077.97
  748             3078.25
  749             3079.90
  750             3082.06
  751             3083.35
  752             3087.66
  753             3089.98
  754             3090.91
  755             3091.55
  756             3091.63
  757             3093.40
  758             3094.08
  759             3094.95
  760             3096.30
  761             3097.94
  762             3098.05
  763             3102.54
  764             3107.58
  765             3109.16
  766             3110.07
  767             3110.39
  768             3110.84
  769             3111.33
  770             3111.56
  771             3112.01
  772             3112.64
  773             3112.97
  774             3113.09
  775             3113.10
  776             3113.40
  777             3113.47
  778             3114.07
  779             3114.18
  780             3114.48
  781             3114.62
  782             3114.72
  783             3115.51
  784             3115.55
  785             3116.11
  786             3116.15
  787             3116.61
  788             3116.66
  789             3116.71
  790             3117.26
  791             3117.53
  792             3117.68
  793             3117.89
  794             3118.00
  795             3118.08
  796             3118.15
  797             3118.48
  798             3118.86
  799             3119.03
  800             3119.08
  801             3119.55
  802             3120.12
  803             3120.45
  804             3120.86
  805             3121.52
  806             3121.59
  807             3121.96
  808             3122.21
  809             3122.39
  810             3122.42
  811             3122.65
  812             3122.75
  813             3123.59
  814             3123.85
  815             3124.28
  816             3124.30
  817             3125.18
  818             3126.05
  819             3126.43
  820             3126.74
  821             3127.91
  822             3129.21
  823             3129.94
  824             3130.53
  825             3131.20
  826             3132.92
  827             3134.19
  828             3135.06
  829             3136.01
  830             3136.73
  831             3137.48
  832             3138.19
  833             3139.34
 Saving results in set 'hess'

 --------------------------------------------------------------------------------

 End time:                               Fri Jan 21 19:20:40 2022
 Total wall-clock time:                298.591 seconds
==================================================================================
