
================================================================================
          _____________ ________ _______________ ________     _________         
         / ___________// ______ \\_____   _____// ______ \   / ________)        
        / /_________  / /      \ \     | |     / /      \ \ | (_______          
       |  __________|| |        | |    | |    | |        | | \________ \        
        \ \_________ | |        | |    | |     \ \______/ /___________) |       
         \__________||_|        |_|    |_|      \________//____________/        
                                                                                
====================================[ Qcore ]===================================

 Git describe: 2.3.0-166-g4178ddb
 Compiler:     GNU 9.1.0
 Build type:   Release
 Version:      2.3.0-166-g4178ddb

 Start time:   Fri Jan 21 19:47:10 2022

 Data directory: /user/home/of15641/.local/src/Qcore/release/share/entos/qcore/data
 Number of threads: 32
 Number of threads was determined by: number of physical cores

 --------------------------------------------------------------------------------
                                 command: hessian                                
 --------------------------------------------------------------------------------

 -------------------------------
  Numerical Geometrical Hessian 
 -------------------------------

 Compute hessian using two-point central differentiation.
 Step size (bohr):                       0.0100

 Frequencies (including translational and rotational modes):
 mode    frequency (cm-1)
    0              307.83 i (imaginary)
    1              290.39 i (imaginary)
    2              231.76 i (imaginary)
    3              225.46 i (imaginary)
    4              210.89 i (imaginary)
    5              208.46 i (imaginary)
    6              197.43 i (imaginary)
    7              162.12 i (imaginary)
    8              159.24 i (imaginary)
    9              146.02 i (imaginary)
   10              141.29 i (imaginary)
   11              138.97 i (imaginary)
   12              138.44 i (imaginary)
   13              132.59 i (imaginary)
   14              123.62 i (imaginary)
   15              117.29 i (imaginary)
   16              114.68 i (imaginary)
   17              100.92 i (imaginary)
   18               90.21 i (imaginary)
   19               89.10 i (imaginary)
   20               61.79 i (imaginary)
   21               51.70 i (imaginary)
   22               47.96 i (imaginary)
   23               44.86 i (imaginary)
   24               21.75 i (imaginary)
   25               14.67 i (imaginary)
   26               11.05 i (imaginary)
   27                4.19 i (imaginary)
   28                1.71 i (imaginary)
   29                1.35
   30                4.94
   31                6.84
   32                8.42
   33               10.90
   34               15.22
   35               16.98
   36               20.16
   37               22.87
   38               24.28
   39               29.81
   40               34.78
   41               37.55
   42               37.97
   43               41.30
   44               43.76
   45               46.74
   46               48.26
   47               50.29
   48               51.58
   49               52.01
   50               53.42
   51               58.25
   52               58.60
   53               61.73
   54               62.66
   55               67.84
   56               70.81
   57               73.48
   58               74.69
   59               75.40
   60               77.95
   61               81.62
   62               84.88
   63               84.98
   64               85.30
   65               89.98
   66               92.10
   67               93.40
   68               93.52
   69               94.33
   70               96.97
   71               97.81
   72              100.33
   73              101.86
   74              103.40
   75              108.24
   76              109.22
   77              109.24
   78              114.31
   79              116.10
   80              116.68
   81              119.77
   82              120.30
   83              121.28
   84              122.45
   85              123.53
   86              124.48
   87              127.49
   88              130.81
   89              135.02
   90              136.17
   91              137.76
   92              138.98
   93              141.31
   94              141.88
   95              145.02
   96              145.85
   97              148.87
   98              150.31
   99              153.33
  100              153.86
  101              154.76
  102              155.15
  103              156.17
  104              158.94
  105              162.99
  106              167.32
  107              168.63
  108              170.12
  109              174.25
  110              174.62
  111              175.86
  112              178.10
  113              178.85
  114              179.69
  115              180.66
  116              189.04
  117              190.84
  118              191.04
  119              192.81
  120              196.25
  121              199.33
  122              202.88
  123              207.13
  124              208.52
  125              210.79
  126              214.33
  127              216.46
  128              216.94
  129              217.78
  130              218.90
  131              219.94
  132              225.04
  133              225.38
  134              226.30
  135              230.75
  136              233.27
  137              236.03
  138              236.42
  139              240.41
  140              243.80
  141              244.58
  142              246.77
  143              250.04
  144              250.43
  145              251.43
  146              252.86
  147              255.40
  148              257.02
  149              260.05
  150              260.18
  151              266.76
  152              269.11
  153              269.56
  154              274.74
  155              277.51
  156              279.50
  157              283.42
  158              285.15
  159              289.28
  160              290.90
  161              292.10
  162              294.02
  163              296.06
  164              299.09
  165              299.67
  166              304.25
  167              305.76
  168              307.27
  169              311.33
  170              313.73
  171              314.77
  172              316.88
  173              318.08
  174              323.25
  175              324.64
  176              325.60
  177              328.85
  178              330.38
  179              331.12
  180              331.72
  181              336.16
  182              336.58
  183              340.48
  184              343.54
  185              351.75
  186              353.92
  187              354.75
  188              355.01
  189              355.92
  190              358.21
  191              358.80
  192              359.93
  193              363.94
  194              365.68
  195              369.67
  196              370.61
  197              374.99
  198              378.07
  199              380.00
  200              382.61
  201              383.85
  202              390.38
  203              391.47
  204              393.65
  205              396.31
  206              406.69
  207              407.83
  208              408.45
  209              412.86
  210              418.83
  211              421.69
  212              429.40
  213              433.40
  214              435.46
  215              439.50
  216              440.33
  217              440.81
  218              446.84
  219              453.62
  220              455.13
  221              461.48
  222              467.34
  223              469.80
  224              477.68
  225              484.62
  226              486.66
  227              488.23
  228              493.59
  229              494.12
  230              496.98
  231              501.66
  232              505.07
  233              508.45
  234              508.99
  235              514.36
  236              520.83
  237              524.01
  238              530.44
  239              534.30
  240              534.87
  241              552.76
  242              553.04
  243              557.54
  244              558.48
  245              560.06
  246              565.75
  247              569.40
  248              572.49
  249              577.21
  250              580.45
  251              582.40
  252              583.67
  253              589.92
  254              593.06
  255              594.99
  256              597.18
  257              604.82
  258              607.01
  259              610.51
  260              618.56
  261              621.75
  262              629.75
  263              635.19
  264              635.86
  265              639.15
  266              640.81
  267              653.59
  268              657.37
  269              665.21
  270              668.04
  271              668.13
  272              668.90
  273              671.26
  274              680.34
  275              683.61
  276              690.63
  277              691.21
  278              691.93
  279              697.53
  280              698.65
  281              704.82
  282              708.95
  283              711.84
  284              713.50
  285              714.94
  286              717.11
  287              722.84
  288              723.87
  289              726.31
  290              728.67
  291              729.55
  292              732.18
  293              733.14
  294              734.96
  295              737.65
  296              743.35
  297              748.38
  298              750.05
  299              750.61
  300              751.19
  301              757.99
  302              762.07
  303              762.76
  304              765.61
  305              766.16
  306              769.83
  307              771.56
  308              773.81
  309              775.08
  310              775.79
  311              777.06
  312              781.96
  313              784.05
  314              785.53
  315              791.96
  316              799.11
  317              799.30
  318              804.66
  319              805.32
  320              806.31
  321              807.70
  322              808.71
  323              811.24
  324              818.54
  325              825.59
  326              827.64
  327              829.88
  328              831.62
  329              834.72
  330              837.59
  331              839.32
  332              840.13
  333              847.69
  334              849.65
  335              851.14
  336              854.21
  337              854.61
  338              855.05
  339              856.20
  340              857.88
  341              859.06
  342              861.03
  343              861.15
  344              863.08
  345              866.41
  346              869.86
  347              870.97
  348              872.05
  349              872.22
  350              874.35
  351              877.72
  352              882.31
  353              883.20
  354              885.70
  355              888.74
  356              889.55
  357              890.78
  358              893.54
  359              894.06
  360              899.13
  361              900.59
  362              904.37
  363              905.82
  364              906.86
  365              908.10
  366              911.35
  367              914.30
  368              914.98
  369              915.49
  370              917.18
  371              917.49
  372              924.72
  373              925.79
  374              925.95
  375              926.46
  376              928.56
  377              928.83
  378              931.20
  379              931.90
  380              935.39
  381              938.66
  382              939.26
  383              942.58
  384              943.34
  385              949.24
  386              950.89
  387              952.20
  388              952.56
  389              955.59
  390              960.30
  391              964.31
  392              965.10
  393              965.76
  394              967.53
  395              968.25
  396              968.84
  397              970.41
  398              972.76
  399              973.61
  400              975.19
  401              976.82
  402              977.08
  403              978.40
  404              978.52
  405              980.64
  406              982.63
  407              983.75
  408              985.66
  409              986.47
  410              987.24
  411              988.95
  412              993.42
  413              995.36
  414              998.42
  415              999.82
  416             1000.21
  417             1004.83
  418             1005.92
  419             1010.76
  420             1016.37
  421             1016.81
  422             1017.24
  423             1019.32
  424             1022.34
  425             1026.09
  426             1026.70
  427             1031.08
  428             1032.09
  429             1033.29
  430             1034.28
  431             1037.63
  432             1044.67
  433             1050.31
  434             1050.95
  435             1052.29
  436             1055.74
  437             1056.52
  438             1058.00
  439             1058.67
  440             1061.91
  441             1063.08
  442             1065.00
  443             1066.03
  444             1068.87
  445             1069.69
  446             1072.59
  447             1075.65
  448             1075.88
  449             1077.14
  450             1080.19
  451             1087.29
  452             1087.71
  453             1089.73
  454             1094.07
  455             1096.74
  456             1098.82
  457             1100.91
  458             1101.17
  459             1101.39
  460             1104.91
  461             1106.00
  462             1106.16
  463             1112.36
  464             1113.04
  465             1113.28
  466             1123.71
  467             1125.13
  468             1125.51
  469             1127.66
  470             1131.23
  471             1131.55
  472             1132.68
  473             1132.99
  474             1135.54
  475             1137.29
  476             1138.88
  477             1140.72
  478             1142.82
  479             1145.67
  480             1148.79
  481             1150.82
  482             1151.41
  483             1153.75
  484             1155.34
  485             1157.33
  486             1160.54
  487             1163.24
  488             1165.22
  489             1165.36
  490             1168.81
  491             1169.26
  492             1172.59
  493             1174.98
  494             1177.05
  495             1178.31
  496             1180.54
  497             1181.89
  498             1182.89
  499             1188.50
  500             1189.84
  501             1191.09
  502             1194.39
  503             1196.43
  504             1196.81
  505             1197.12
  506             1201.55
  507             1204.83
  508             1205.05
  509             1206.43
  510             1207.98
  511             1212.59
  512             1215.92
  513             1216.31
  514             1217.71
  515             1218.23
  516             1218.93
  517             1222.81
  518             1225.43
  519             1225.60
  520             1226.04
  521             1227.35
  522             1228.91
  523             1233.25
  524             1234.19
  525             1234.67
  526             1238.58
  527             1239.67
  528             1243.07
  529             1243.33
  530             1246.69
  531             1247.92
  532             1251.50
  533             1254.17
  534             1255.28
  535             1256.18
  536             1259.19
  537             1259.68
  538             1260.58
  539             1264.28
  540             1264.94
  541             1266.05
  542             1267.88
  543             1269.73
  544             1272.46
  545             1274.70
  546             1275.16
  547             1275.24
  548             1276.72
  549             1278.37
  550             1279.45
  551             1281.22
  552             1288.66
  553             1289.32
  554             1289.64
  555             1296.78
  556             1297.33
  557             1298.62
  558             1300.36
  559             1301.43
  560             1301.82
  561             1303.14
  562             1307.98
  563             1308.44
  564             1309.76
  565             1313.44
  566             1314.24
  567             1315.54
  568             1315.89
  569             1317.54
  570             1318.70
  571             1320.18
  572             1320.71
  573             1320.88
  574             1321.30
  575             1323.27
  576             1323.37
  577             1324.13
  578             1324.13
  579             1324.99
  580             1326.75
  581             1327.25
  582             1329.06
  583             1331.59
  584             1331.63
  585             1333.80
  586             1336.72
  587             1337.13
  588             1337.66
  589             1338.97
  590             1340.80
  591             1344.78
  592             1346.62
  593             1347.35
  594             1348.07
  595             1351.50
  596             1356.41
  597             1356.54
  598             1357.47
  599             1358.44
  600             1358.87
  601             1360.38
  602             1360.83
  603             1361.28
  604             1361.33
  605             1361.59
  606             1362.20
  607             1362.81
  608             1365.65
  609             1366.21
  610             1366.46
  611             1368.28
  612             1369.57
  613             1371.03
  614             1371.86
  615             1371.94
  616             1373.14
  617             1374.84
  618             1375.09
  619             1375.75
  620             1376.25
  621             1378.75
  622             1380.08
  623             1381.00
  624             1383.23
  625             1384.02
  626             1384.57
  627             1386.97
  628             1387.15
  629             1388.05
  630             1390.94
  631             1392.46
  632             1392.53
  633             1393.12
  634             1395.22
  635             1395.74
  636             1396.99
  637             1397.88
  638             1399.43
  639             1400.11
  640             1400.39
  641             1400.49
  642             1402.98
  643             1403.33
  644             1403.73
  645             1404.17
  646             1406.63
  647             1409.85
  648             1411.44
  649             1413.94
  650             1414.86
  651             1416.56
  652             1421.31
  653             1422.64
  654             1425.75
  655             1427.13
  656             1427.27
  657             1431.91
  658             1433.77
  659             1435.52
  660             1437.97
  661             1441.77
  662             1448.62
  663             1450.29
  664             1451.88
  665             1468.05
  666             1473.78
  667             1475.76
  668             1479.27
  669             1487.77
  670             1494.91
  671             1498.51
  672             1501.23
  673             1510.75
  674             1519.05
  675             1521.86
  676             1530.31
  677             1544.08
  678             1564.52
  679             1586.40
  680             1589.49
  681             1606.61
  682             1614.39
  683             1619.93
  684             1639.06
  685             1643.01
  686             1648.25
  687             1668.10
  688             1671.04
  689             1691.63
  690             1770.40
  691             1795.26
  692             2939.37
  693             2944.99
  694             2948.94
  695             2953.60
  696             2955.86
  697             2958.51
  698             2960.23
  699             2961.11
  700             2962.17
  701             2962.96
  702             2963.64
  703             2967.88
  704             2968.62
  705             2969.91
  706             2971.18
  707             2974.93
  708             2976.70
  709             2978.34
  710             2978.89
  711             2979.61
  712             2981.12
  713             2982.97
  714             2983.72
  715             2985.47
  716             2999.36
  717             3009.87
  718             3012.35
  719             3019.30
  720             3023.07
  721             3024.38
  722             3026.55
  723             3027.53
  724             3029.15
  725             3030.23
  726             3030.57
  727             3030.83
  728             3031.80
  729             3032.15
  730             3033.82
  731             3039.78
  732             3041.12
  733             3042.29
  734             3043.62
  735             3044.04
  736             3047.72
  737             3050.01
  738             3050.13
  739             3053.89
  740             3055.05
  741             3055.71
  742             3057.78
  743             3059.85
  744             3060.53
  745             3061.24
  746             3063.57
  747             3071.04
  748             3072.50
  749             3075.44
  750             3076.20
  751             3078.95
  752             3080.08
  753             3082.19
  754             3084.14
  755             3084.36
  756             3084.84
  757             3085.14
  758             3086.79
  759             3087.54
  760             3087.99
  761             3089.03
  762             3089.58
  763             3089.88
  764             3091.79
  765             3092.33
  766             3093.43
  767             3096.83
  768             3098.07
  769             3099.83
  770             3101.99
  771             3102.84
  772             3103.09
  773             3104.30
  774             3108.91
  775             3109.66
  776             3109.84
  777             3110.24
  778             3110.73
  779             3111.14
  780             3111.32
  781             3111.39
  782             3111.76
  783             3111.83
  784             3112.03
  785             3112.52
  786             3112.75
  787             3113.38
  788             3113.57
  789             3114.86
  790             3114.91
  791             3115.15
  792             3115.77
  793             3116.66
  794             3116.77
  795             3116.91
  796             3117.05
  797             3117.10
  798             3117.56
  799             3118.01
  800             3118.67
  801             3119.06
  802             3119.48
  803             3119.86
  804             3120.11
  805             3120.26
  806             3121.01
  807             3121.07
  808             3121.63
  809             3121.94
  810             3122.14
  811             3122.69
  812             3122.93
  813             3123.02
  814             3123.28
  815             3123.49
  816             3124.00
  817             3124.42
  818             3124.52
  819             3124.69
  820             3126.30
  821             3126.84
  822             3127.83
  823             3128.04
  824             3129.00
  825             3129.73
  826             3129.91
  827             3130.64
  828             3130.67
  829             3130.91
  830             3131.61
  831             3132.11
  832             3132.65
  833             3132.70
  834             3133.05
  835             3133.81
  836             3134.46
  837             3135.90
  838             3136.60
  839             3141.12

 Project out translational and rotational motions 

 Degrees of freedom for translational and rotational motions: 6

 Vibrational frequencies:
 mode    frequency (cm-1)
    0              307.83 i (imaginary)
    1              290.38 i (imaginary)
    2              231.75 i (imaginary)
    3              225.45 i (imaginary)
    4              210.88 i (imaginary)
    5              208.46 i (imaginary)
    6              197.42 i (imaginary)
    7              162.10 i (imaginary)
    8              159.24 i (imaginary)
    9              145.99 i (imaginary)
   10              141.29 i (imaginary)
   11              138.96 i (imaginary)
   12              138.42 i (imaginary)
   13              132.58 i (imaginary)
   14              123.59 i (imaginary)
   15              117.27 i (imaginary)
   16              114.67 i (imaginary)
   17              100.88 i (imaginary)
   18               90.14 i (imaginary)
   19               89.01 i (imaginary)
   20               61.77 i (imaginary)
   21               51.59 i (imaginary)
   22               47.88 i (imaginary)
   23               44.69 i (imaginary)
   24               19.23 i (imaginary)
   25               11.22 i (imaginary)
   26                7.76 i (imaginary)
   27                4.48
   28               12.96
   29               14.58
   30               19.34
   31               21.75
   32               24.04
   33               28.85
   34               33.52
   35               36.81
   36               37.52
   37               40.83
   38               42.79
   39               46.62
   40               47.44
   41               49.39
   42               51.08
   43               51.94
   44               52.79
   45               58.17
   46               58.22
   47               61.58
   48               62.42
   49               67.81
   50               70.77
   51               73.39
   52               74.61
   53               75.36
   54               77.88
   55               81.59
   56               84.83
   57               84.92
   58               85.25
   59               89.91
   60               91.99
   61               93.34
   62               93.51
   63               94.13
   64               96.94
   65               97.77
   66              100.29
   67              101.84
   68              103.38
   69              108.24
   70              109.18
   71              109.21
   72              114.28
   73              116.09
   74              116.67
   75              119.74
   76              120.28
   77              121.26
   78              122.40
   79              123.50
   80              124.48
   81              127.46
   82              130.80
   83              135.01
   84              136.16
   85              137.74
   86              138.95
   87              141.30
   88              141.86
   89              145.01
   90              145.83
   91              148.86
   92              150.30
   93              153.31
   94              153.85
   95              154.75
   96              155.14
   97              156.16
   98              158.93
   99              162.97
  100              167.30
  101              168.63
  102              170.12
  103              174.21
  104              174.60
  105              175.85
  106              178.10
  107              178.84
  108              179.67
  109              180.66
  110              189.04
  111              190.82
  112              191.04
  113              192.81
  114              196.23
  115              199.32
  116              202.87
  117              207.11
  118              208.52
  119              210.76
  120              214.30
  121              216.45
  122              216.94
  123              217.78
  124              218.90
  125              219.93
  126              225.02
  127              225.38
  128              226.30
  129              230.75
  130              233.27
  131              236.03
  132              236.42
  133              240.40
  134              243.79
  135              244.58
  136              246.77
  137              250.01
  138              250.42
  139              251.42
  140              252.85
  141              255.39
  142              257.01
  143              260.03
  144              260.18
  145              266.75
  146              269.11
  147              269.56
  148              274.74
  149              277.49
  150              279.49
  151              283.41
  152              285.13
  153              289.28
  154              290.89
  155              292.10
  156              294.01
  157              296.06
  158              299.08
  159              299.66
  160              304.24
  161              305.74
  162              307.26
  163              311.33
  164              313.72
  165              314.76
  166              316.88
  167              318.08
  168              323.25
  169              324.64
  170              325.60
  171              328.84
  172              330.37
  173              331.11
  174              331.72
  175              336.15
  176              336.57
  177              340.48
  178              343.53
  179              351.74
  180              353.92
  181              354.75
  182              355.01
  183              355.91
  184              358.21
  185              358.79
  186              359.93
  187              363.94
  188              365.68
  189              369.67
  190              370.59
  191              374.99
  192              378.07
  193              379.98
  194              382.61
  195              383.84
  196              390.38
  197              391.46
  198              393.64
  199              396.31
  200              406.68
  201              407.82
  202              408.44
  203              412.86
  204              418.83
  205              421.69
  206              429.40
  207              433.40
  208              435.46
  209              439.49
  210              440.33
  211              440.81
  212              446.84
  213              453.62
  214              455.13
  215              461.48
  216              467.34
  217              469.80
  218              477.67
  219              484.62
  220              486.65
  221              488.22
  222              493.59
  223              494.12
  224              496.97
  225              501.66
  226              505.07
  227              508.45
  228              508.99
  229              514.36
  230              520.83
  231              524.01
  232              530.44
  233              534.30
  234              534.87
  235              552.76
  236              553.04
  237              557.54
  238              558.48
  239              560.06
  240              565.75
  241              569.40
  242              572.49
  243              577.21
  244              580.45
  245              582.40
  246              583.67
  247              589.91
  248              593.06
  249              594.98
  250              597.18
  251              604.82
  252              607.01
  253              610.50
  254              618.55
  255              621.75
  256              629.75
  257              635.19
  258              635.86
  259              639.15
  260              640.80
  261              653.59
  262              657.37
  263              665.21
  264              668.03
  265              668.13
  266              668.90
  267              671.26
  268              680.34
  269              683.61
  270              690.63
  271              691.21
  272              691.93
  273              697.53
  274              698.64
  275              704.82
  276              708.95
  277              711.84
  278              713.49
  279              714.94
  280              717.10
  281              722.83
  282              723.87
  283              726.31
  284              728.67
  285              729.55
  286              732.18
  287              733.14
  288              734.96
  289              737.65
  290              743.35
  291              748.38
  292              750.05
  293              750.61
  294              751.19
  295              757.99
  296              762.07
  297              762.76
  298              765.61
  299              766.16
  300              769.83
  301              771.56
  302              773.81
  303              775.08
  304              775.79
  305              777.06
  306              781.96
  307              784.05
  308              785.52
  309              791.96
  310              799.11
  311              799.30
  312              804.66
  313              805.31
  314              806.31
  315              807.70
  316              808.71
  317              811.24
  318              818.54
  319              825.59
  320              827.64
  321              829.88
  322              831.62
  323              834.72
  324              837.59
  325              839.32
  326              840.13
  327              847.68
  328              849.65
  329              851.14
  330              854.21
  331              854.61
  332              855.05
  333              856.20
  334              857.88
  335              859.06
  336              861.03
  337              861.14
  338              863.08
  339              866.41
  340              869.86
  341              870.97
  342              872.05
  343              872.22
  344              874.35
  345              877.72
  346              882.31
  347              883.20
  348              885.70
  349              888.74
  350              889.55
  351              890.78
  352              893.54
  353              894.06
  354              899.13
  355              900.59
  356              904.37
  357              905.82
  358              906.86
  359              908.09
  360              911.35
  361              914.30
  362              914.98
  363              915.49
  364              917.18
  365              917.49
  366              924.72
  367              925.79
  368              925.95
  369              926.46
  370              928.56
  371              928.83
  372              931.20
  373              931.90
  374              935.39
  375              938.66
  376              939.26
  377              942.58
  378              943.34
  379              949.24
  380              950.89
  381              952.20
  382              952.56
  383              955.59
  384              960.30
  385              964.31
  386              965.10
  387              965.76
  388              967.53
  389              968.25
  390              968.84
  391              970.41
  392              972.76
  393              973.61
  394              975.19
  395              976.82
  396              977.08
  397              978.40
  398              978.52
  399              980.64
  400              982.63
  401              983.75
  402              985.66
  403              986.47
  404              987.24
  405              988.95
  406              993.42
  407              995.36
  408              998.41
  409              999.82
  410             1000.21
  411             1004.83
  412             1005.92
  413             1010.76
  414             1016.37
  415             1016.81
  416             1017.23
  417             1019.32
  418             1022.34
  419             1026.09
  420             1026.70
  421             1031.08
  422             1032.09
  423             1033.29
  424             1034.28
  425             1037.63
  426             1044.67
  427             1050.31
  428             1050.95
  429             1052.28
  430             1055.74
  431             1056.52
  432             1058.00
  433             1058.67
  434             1061.91
  435             1063.08
  436             1065.00
  437             1066.03
  438             1068.87
  439             1069.69
  440             1072.59
  441             1075.65
  442             1075.88
  443             1077.14
  444             1080.19
  445             1087.29
  446             1087.71
  447             1089.73
  448             1094.07
  449             1096.74
  450             1098.82
  451             1100.91
  452             1101.17
  453             1101.39
  454             1104.91
  455             1106.00
  456             1106.16
  457             1112.36
  458             1113.04
  459             1113.28
  460             1123.71
  461             1125.13
  462             1125.51
  463             1127.65
  464             1131.23
  465             1131.55
  466             1132.68
  467             1132.99
  468             1135.54
  469             1137.29
  470             1138.88
  471             1140.72
  472             1142.82
  473             1145.67
  474             1148.79
  475             1150.82
  476             1151.41
  477             1153.75
  478             1155.34
  479             1157.33
  480             1160.54
  481             1163.24
  482             1165.22
  483             1165.36
  484             1168.81
  485             1169.26
  486             1172.59
  487             1174.98
  488             1177.05
  489             1178.31
  490             1180.54
  491             1181.89
  492             1182.89
  493             1188.50
  494             1189.84
  495             1191.09
  496             1194.39
  497             1196.43
  498             1196.81
  499             1197.12
  500             1201.55
  501             1204.83
  502             1205.05
  503             1206.43
  504             1207.98
  505             1212.59
  506             1215.92
  507             1216.31
  508             1217.71
  509             1218.23
  510             1218.93
  511             1222.81
  512             1225.43
  513             1225.60
  514             1226.04
  515             1227.35
  516             1228.91
  517             1233.25
  518             1234.19
  519             1234.67
  520             1238.58
  521             1239.67
  522             1243.07
  523             1243.33
  524             1246.69
  525             1247.92
  526             1251.50
  527             1254.17
  528             1255.28
  529             1256.18
  530             1259.19
  531             1259.68
  532             1260.58
  533             1264.28
  534             1264.94
  535             1266.05
  536             1267.88
  537             1269.73
  538             1272.46
  539             1274.70
  540             1275.16
  541             1275.24
  542             1276.72
  543             1278.37
  544             1279.45
  545             1281.22
  546             1288.66
  547             1289.32
  548             1289.64
  549             1296.78
  550             1297.33
  551             1298.62
  552             1300.36
  553             1301.43
  554             1301.82
  555             1303.14
  556             1307.98
  557             1308.44
  558             1309.76
  559             1313.44
  560             1314.24
  561             1315.54
  562             1315.89
  563             1317.54
  564             1318.70
  565             1320.18
  566             1320.71
  567             1320.88
  568             1321.30
  569             1323.27
  570             1323.37
  571             1324.13
  572             1324.13
  573             1324.99
  574             1326.75
  575             1327.25
  576             1329.06
  577             1331.59
  578             1331.63
  579             1333.80
  580             1336.72
  581             1337.13
  582             1337.66
  583             1338.97
  584             1340.80
  585             1344.78
  586             1346.62
  587             1347.35
  588             1348.06
  589             1351.50
  590             1356.41
  591             1356.54
  592             1357.47
  593             1358.44
  594             1358.87
  595             1360.38
  596             1360.83
  597             1361.28
  598             1361.33
  599             1361.59
  600             1362.20
  601             1362.81
  602             1365.65
  603             1366.21
  604             1366.46
  605             1368.28
  606             1369.57
  607             1371.03
  608             1371.86
  609             1371.94
  610             1373.14
  611             1374.84
  612             1375.09
  613             1375.75
  614             1376.25
  615             1378.75
  616             1380.08
  617             1381.00
  618             1383.23
  619             1384.02
  620             1384.57
  621             1386.97
  622             1387.15
  623             1388.05
  624             1390.94
  625             1392.46
  626             1392.53
  627             1393.12
  628             1395.22
  629             1395.74
  630             1396.99
  631             1397.88
  632             1399.43
  633             1400.11
  634             1400.39
  635             1400.49
  636             1402.98
  637             1403.33
  638             1403.73
  639             1404.17
  640             1406.63
  641             1409.85
  642             1411.44
  643             1413.94
  644             1414.86
  645             1416.56
  646             1421.31
  647             1422.64
  648             1425.75
  649             1427.13
  650             1427.27
  651             1431.91
  652             1433.77
  653             1435.52
  654             1437.97
  655             1441.77
  656             1448.62
  657             1450.29
  658             1451.88
  659             1468.05
  660             1473.78
  661             1475.76
  662             1479.27
  663             1487.77
  664             1494.91
  665             1498.51
  666             1501.23
  667             1510.75
  668             1519.05
  669             1521.86
  670             1530.31
  671             1544.08
  672             1564.52
  673             1586.40
  674             1589.49
  675             1606.61
  676             1614.39
  677             1619.93
  678             1639.06
  679             1643.01
  680             1648.25
  681             1668.10
  682             1671.04
  683             1691.63
  684             1770.40
  685             1795.26
  686             2939.37
  687             2944.99
  688             2948.94
  689             2953.60
  690             2955.86
  691             2958.51
  692             2960.23
  693             2961.11
  694             2962.17
  695             2962.96
  696             2963.64
  697             2967.88
  698             2968.62
  699             2969.91
  700             2971.18
  701             2974.93
  702             2976.70
  703             2978.34
  704             2978.89
  705             2979.61
  706             2981.12
  707             2982.97
  708             2983.72
  709             2985.47
  710             2999.36
  711             3009.87
  712             3012.35
  713             3019.30
  714             3023.07
  715             3024.38
  716             3026.55
  717             3027.53
  718             3029.15
  719             3030.23
  720             3030.57
  721             3030.83
  722             3031.80
  723             3032.15
  724             3033.82
  725             3039.78
  726             3041.12
  727             3042.29
  728             3043.62
  729             3044.04
  730             3047.72
  731             3050.01
  732             3050.13
  733             3053.89
  734             3055.05
  735             3055.71
  736             3057.78
  737             3059.85
  738             3060.53
  739             3061.24
  740             3063.57
  741             3071.04
  742             3072.50
  743             3075.44
  744             3076.20
  745             3078.95
  746             3080.08
  747             3082.19
  748             3084.14
  749             3084.36
  750             3084.84
  751             3085.14
  752             3086.79
  753             3087.54
  754             3087.99
  755             3089.03
  756             3089.58
  757             3089.88
  758             3091.79
  759             3092.33
  760             3093.43
  761             3096.83
  762             3098.07
  763             3099.83
  764             3101.99
  765             3102.84
  766             3103.09
  767             3104.30
  768             3108.91
  769             3109.66
  770             3109.84
  771             3110.24
  772             3110.73
  773             3111.14
  774             3111.32
  775             3111.39
  776             3111.76
  777             3111.83
  778             3112.03
  779             3112.52
  780             3112.75
  781             3113.38
  782             3113.57
  783             3114.86
  784             3114.91
  785             3115.15
  786             3115.77
  787             3116.66
  788             3116.77
  789             3116.91
  790             3117.05
  791             3117.10
  792             3117.56
  793             3118.01
  794             3118.67
  795             3119.06
  796             3119.48
  797             3119.86
  798             3120.11
  799             3120.26
  800             3121.01
  801             3121.07
  802             3121.63
  803             3121.94
  804             3122.14
  805             3122.69
  806             3122.93
  807             3123.02
  808             3123.28
  809             3123.49
  810             3124.00
  811             3124.42
  812             3124.52
  813             3124.69
  814             3126.30
  815             3126.84
  816             3127.83
  817             3128.04
  818             3129.00
  819             3129.73
  820             3129.91
  821             3130.64
  822             3130.67
  823             3130.91
  824             3131.61
  825             3132.11
  826             3132.65
  827             3132.70
  828             3133.05
  829             3133.81
  830             3134.46
  831             3135.90
  832             3136.60
  833             3141.12
 Saving results in set 'hess'

 --------------------------------------------------------------------------------

 End time:                               Fri Jan 21 19:51:55 2022
 Total wall-clock time:                284.702 seconds
==================================================================================
