
================================================================================
          _____________ ________ _______________ ________     _________         
         / ___________// ______ \\_____   _____// ______ \   / ________)        
        / /_________  / /      \ \     | |     / /      \ \ | (_______          
       |  __________|| |        | |    | |    | |        | | \________ \        
        \ \_________ | |        | |    | |     \ \______/ /___________) |       
         \__________||_|        |_|    |_|      \________//____________/        
                                                                                
====================================[ Qcore ]===================================

 Git describe: 2.3.0-166-g4178ddb
 Compiler:     GNU 9.1.0
 Build type:   Release
 Version:      2.3.0-166-g4178ddb

 Start time:   Fri Jan 21 20:07:38 2022

 Data directory: /user/home/of15641/.local/src/Qcore/release/share/entos/qcore/data
 Number of threads: 32
 Number of threads was determined by: number of physical cores

 --------------------------------------------------------------------------------
                                 command: hessian                                
 --------------------------------------------------------------------------------

 -------------------------------
  Numerical Geometrical Hessian 
 -------------------------------

 Compute hessian using two-point central differentiation.
 Step size (bohr):                       0.0100

 Frequencies (including translational and rotational modes):
 mode    frequency (cm-1)
    0              284.88 i (imaginary)
    1              283.67 i (imaginary)
    2              279.41 i (imaginary)
    3              247.49 i (imaginary)
    4              237.07 i (imaginary)
    5              218.30 i (imaginary)
    6              204.78 i (imaginary)
    7              202.08 i (imaginary)
    8              196.38 i (imaginary)
    9              193.37 i (imaginary)
   10              184.55 i (imaginary)
   11              179.32 i (imaginary)
   12              165.26 i (imaginary)
   13              146.50 i (imaginary)
   14              130.89 i (imaginary)
   15              129.34 i (imaginary)
   16              126.16 i (imaginary)
   17              119.31 i (imaginary)
   18              119.20 i (imaginary)
   19              110.77 i (imaginary)
   20              107.93 i (imaginary)
   21               98.63 i (imaginary)
   22               97.94 i (imaginary)
   23               96.26 i (imaginary)
   24               72.83 i (imaginary)
   25               64.84 i (imaginary)
   26               46.18 i (imaginary)
   27               18.60 i (imaginary)
   28                5.87 i (imaginary)
   29                2.51 i (imaginary)
   30                0.80 i (imaginary)
   31                0.93
   32                5.42
   33                7.70
   34               10.29
   35               15.18
   36               16.70
   37               18.43
   38               20.12
   39               21.88
   40               31.58
   41               33.55
   42               39.08
   43               40.74
   44               42.24
   45               44.93
   46               48.03
   47               49.36
   48               51.88
   49               53.84
   50               55.75
   51               57.29
   52               57.54
   53               60.11
   54               62.91
   55               67.38
   56               68.23
   57               73.88
   58               74.31
   59               76.84
   60               77.37
   61               81.67
   62               81.98
   63               85.08
   64               85.55
   65               85.75
   66               86.46
   67               91.16
   68               92.80
   69               95.14
   70               95.92
   71               97.96
   72              102.36
   73              102.93
   74              106.81
   75              107.48
   76              109.52
   77              111.91
   78              112.14
   79              117.31
   80              118.44
   81              118.85
   82              120.49
   83              123.43
   84              125.77
   85              126.57
   86              127.55
   87              130.27
   88              133.99
   89              134.78
   90              135.80
   91              136.62
   92              138.67
   93              139.08
   94              139.61
   95              140.94
   96              143.62
   97              145.17
   98              146.65
   99              147.33
  100              151.66
  101              153.01
  102              158.47
  103              160.68
  104              164.30
  105              168.21
  106              169.54
  107              171.63
  108              173.80
  109              176.02
  110              177.19
  111              179.94
  112              182.42
  113              183.64
  114              186.83
  115              190.05
  116              191.63
  117              193.14
  118              193.58
  119              196.75
  120              197.60
  121              199.98
  122              201.89
  123              202.94
  124              206.34
  125              208.76
  126              209.61
  127              212.02
  128              212.27
  129              214.02
  130              216.46
  131              217.36
  132              218.09
  133              218.86
  134              219.10
  135              221.73
  136              227.67
  137              228.97
  138              231.02
  139              232.44
  140              234.59
  141              237.57
  142              240.77
  143              247.49
  144              248.23
  145              250.51
  146              251.19
  147              252.64
  148              257.35
  149              261.06
  150              264.71
  151              265.88
  152              269.06
  153              271.07
  154              273.05
  155              277.03
  156              277.99
  157              279.53
  158              284.98
  159              290.42
  160              292.81
  161              299.70
  162              300.79
  163              300.85
  164              302.82
  165              303.59
  166              310.08
  167              310.52
  168              312.02
  169              313.84
  170              320.45
  171              320.82
  172              323.50
  173              326.05
  174              326.52
  175              328.92
  176              329.24
  177              333.59
  178              335.65
  179              339.09
  180              340.45
  181              341.35
  182              342.82
  183              344.31
  184              348.17
  185              350.88
  186              354.99
  187              356.11
  188              360.42
  189              362.40
  190              363.32
  191              363.58
  192              366.06
  193              370.25
  194              370.95
  195              373.29
  196              375.13
  197              375.73
  198              387.34
  199              388.85
  200              390.67
  201              391.56
  202              394.24
  203              397.84
  204              399.68
  205              403.30
  206              408.34
  207              410.44
  208              412.38
  209              413.35
  210              414.64
  211              420.31
  212              420.76
  213              424.84
  214              429.92
  215              438.12
  216              439.99
  217              444.93
  218              448.55
  219              455.82
  220              456.41
  221              457.46
  222              461.84
  223              465.48
  224              472.56
  225              476.25
  226              482.73
  227              483.25
  228              485.14
  229              489.04
  230              490.65
  231              498.78
  232              502.34
  233              504.15
  234              505.02
  235              507.08
  236              507.97
  237              510.55
  238              516.63
  239              527.67
  240              530.78
  241              543.45
  242              549.20
  243              554.16
  244              560.97
  245              563.16
  246              565.38
  247              566.48
  248              569.20
  249              571.41
  250              573.60
  251              576.25
  252              590.74
  253              593.20
  254              595.55
  255              596.23
  256              598.69
  257              602.78
  258              606.75
  259              608.54
  260              611.71
  261              621.25
  262              624.04
  263              624.21
  264              631.43
  265              637.06
  266              643.45
  267              648.42
  268              651.87
  269              653.14
  270              655.33
  271              656.68
  272              667.11
  273              672.16
  274              675.43
  275              676.18
  276              683.37
  277              689.97
  278              693.70
  279              695.65
  280              696.57
  281              697.16
  282              697.54
  283              700.91
  284              709.69
  285              713.48
  286              717.01
  287              719.17
  288              720.44
  289              721.55
  290              727.83
  291              729.56
  292              729.94
  293              730.64
  294              732.14
  295              736.88
  296              737.43
  297              741.49
  298              746.40
  299              747.21
  300              753.83
  301              753.94
  302              757.15
  303              758.67
  304              761.69
  305              762.57
  306              765.09
  307              772.89
  308              773.69
  309              782.00
  310              783.30
  311              785.11
  312              788.51
  313              790.05
  314              790.58
  315              792.46
  316              793.91
  317              795.72
  318              797.75
  319              797.91
  320              801.11
  321              802.62
  322              810.94
  323              812.13
  324              813.79
  325              817.40
  326              819.46
  327              823.72
  328              828.69
  329              829.64
  330              831.19
  331              831.71
  332              832.95
  333              834.23
  334              834.57
  335              839.19
  336              839.87
  337              842.58
  338              847.55
  339              851.43
  340              852.88
  341              853.25
  342              854.47
  343              854.70
  344              856.89
  345              860.81
  346              863.16
  347              864.22
  348              866.82
  349              870.67
  350              875.31
  351              875.72
  352              879.96
  353              881.89
  354              885.59
  355              888.32
  356              889.05
  357              891.69
  358              892.82
  359              894.47
  360              894.93
  361              896.34
  362              896.78
  363              898.49
  364              898.77
  365              901.36
  366              903.93
  367              906.75
  368              909.67
  369              912.37
  370              912.58
  371              913.26
  372              916.40
  373              916.73
  374              917.76
  375              925.78
  376              926.65
  377              929.33
  378              932.72
  379              933.99
  380              934.12
  381              934.43
  382              938.71
  383              939.49
  384              942.77
  385              943.87
  386              944.61
  387              946.36
  388              947.09
  389              949.00
  390              951.77
  391              953.19
  392              953.95
  393              954.26
  394              955.34
  395              960.59
  396              962.35
  397              964.02
  398              965.79
  399              970.05
  400              972.09
  401              972.36
  402              973.63
  403              974.83
  404              978.66
  405              979.08
  406              979.26
  407              981.27
  408              983.30
  409              983.94
  410              994.28
  411              994.43
  412              996.13
  413             1000.15
  414             1001.14
  415             1003.55
  416             1006.06
  417             1010.28
  418             1012.18
  419             1015.72
  420             1018.32
  421             1019.79
  422             1021.99
  423             1028.02
  424             1028.43
  425             1031.75
  426             1031.92
  427             1035.93
  428             1037.59
  429             1039.58
  430             1040.08
  431             1043.13
  432             1045.62
  433             1047.81
  434             1051.44
  435             1052.15
  436             1052.48
  437             1053.20
  438             1055.13
  439             1056.07
  440             1059.26
  441             1059.73
  442             1061.12
  443             1064.04
  444             1064.41
  445             1066.68
  446             1066.93
  447             1068.90
  448             1072.69
  449             1077.28
  450             1080.13
  451             1080.29
  452             1081.19
  453             1081.87
  454             1082.52
  455             1086.52
  456             1087.03
  457             1096.35
  458             1098.06
  459             1099.54
  460             1100.59
  461             1100.79
  462             1103.48
  463             1106.62
  464             1112.94
  465             1115.71
  466             1119.49
  467             1120.84
  468             1121.23
  469             1123.79
  470             1124.43
  471             1126.47
  472             1128.43
  473             1131.86
  474             1133.09
  475             1138.39
  476             1140.04
  477             1141.57
  478             1141.98
  479             1142.51
  480             1143.86
  481             1146.32
  482             1148.89
  483             1151.09
  484             1151.48
  485             1153.16
  486             1157.53
  487             1160.43
  488             1160.77
  489             1162.77
  490             1165.43
  491             1166.47
  492             1171.73
  493             1174.06
  494             1175.22
  495             1175.48
  496             1178.03
  497             1179.24
  498             1183.60
  499             1192.19
  500             1194.78
  501             1195.61
  502             1197.13
  503             1198.57
  504             1198.73
  505             1198.82
  506             1203.84
  507             1204.26
  508             1207.51
  509             1207.59
  510             1208.82
  511             1210.82
  512             1211.64
  513             1217.51
  514             1218.84
  515             1224.10
  516             1224.60
  517             1226.35
  518             1228.40
  519             1229.98
  520             1230.77
  521             1231.86
  522             1233.81
  523             1234.38
  524             1234.44
  525             1236.52
  526             1240.89
  527             1243.08
  528             1243.83
  529             1244.30
  530             1245.90
  531             1250.61
  532             1251.66
  533             1252.19
  534             1253.08
  535             1254.41
  536             1255.38
  537             1257.56
  538             1259.08
  539             1260.29
  540             1262.01
  541             1262.60
  542             1268.56
  543             1273.66
  544             1277.03
  545             1277.52
  546             1280.11
  547             1280.57
  548             1280.61
  549             1284.83
  550             1287.54
  551             1288.77
  552             1289.87
  553             1291.45
  554             1293.28
  555             1295.76
  556             1296.21
  557             1296.88
  558             1298.84
  559             1301.06
  560             1301.96
  561             1303.51
  562             1304.83
  563             1306.51
  564             1310.07
  565             1310.68
  566             1311.63
  567             1313.38
  568             1316.22
  569             1318.97
  570             1320.18
  571             1320.57
  572             1320.85
  573             1322.08
  574             1325.59
  575             1328.93
  576             1329.36
  577             1329.80
  578             1330.16
  579             1330.47
  580             1331.19
  581             1332.53
  582             1335.04
  583             1336.76
  584             1339.20
  585             1339.94
  586             1341.22
  587             1342.20
  588             1344.73
  589             1345.21
  590             1345.57
  591             1346.22
  592             1346.33
  593             1348.72
  594             1349.03
  595             1351.38
  596             1352.30
  597             1353.65
  598             1354.29
  599             1354.44
  600             1354.81
  601             1357.58
  602             1358.94
  603             1359.33
  604             1360.77
  605             1360.90
  606             1362.52
  607             1362.85
  608             1363.37
  609             1364.53
  610             1365.68
  611             1366.56
  612             1369.03
  613             1369.49
  614             1371.48
  615             1373.26
  616             1374.11
  617             1375.92
  618             1376.42
  619             1378.89
  620             1380.22
  621             1380.33
  622             1381.81
  623             1383.01
  624             1383.22
  625             1383.35
  626             1384.65
  627             1385.67
  628             1387.19
  629             1388.80
  630             1389.46
  631             1392.09
  632             1392.27
  633             1393.43
  634             1393.73
  635             1394.10
  636             1394.85
  637             1395.55
  638             1398.57
  639             1399.11
  640             1399.20
  641             1400.80
  642             1401.12
  643             1403.92
  644             1404.11
  645             1405.26
  646             1408.13
  647             1408.40
  648             1409.64
  649             1411.16
  650             1413.23
  651             1414.81
  652             1422.52
  653             1425.48
  654             1425.99
  655             1427.22
  656             1429.32
  657             1429.82
  658             1431.24
  659             1432.50
  660             1433.84
  661             1434.38
  662             1436.01
  663             1438.83
  664             1439.79
  665             1445.77
  666             1450.83
  667             1452.49
  668             1456.12
  669             1461.95
  670             1468.60
  671             1479.70
  672             1490.24
  673             1502.39
  674             1505.86
  675             1515.59
  676             1531.00
  677             1552.34
  678             1582.68
  679             1584.70
  680             1591.21
  681             1595.21
  682             1604.00
  683             1623.80
  684             1663.15
  685             1697.34
  686             1700.26
  687             1713.01
  688             1768.30
  689             1777.48
  690             1795.98
  691             1859.41
  692             2933.27
  693             2938.04
  694             2950.30
  695             2952.95
  696             2957.21
  697             2961.85
  698             2963.99
  699             2965.75
  700             2967.45
  701             2967.85
  702             2969.78
  703             2971.64
  704             2973.26
  705             2974.82
  706             2975.59
  707             2977.02
  708             2978.34
  709             2980.39
  710             2980.73
  711             2982.29
  712             2984.46
  713             2986.84
  714             2988.69
  715             2992.78
  716             3010.38
  717             3012.57
  718             3014.28
  719             3016.89
  720             3019.61
  721             3022.33
  722             3023.71
  723             3025.14
  724             3027.40
  725             3027.92
  726             3028.79
  727             3029.35
  728             3033.83
  729             3034.45
  730             3034.55
  731             3037.81
  732             3039.73
  733             3039.98
  734             3040.53
  735             3041.51
  736             3044.44
  737             3046.33
  738             3050.68
  739             3054.07
  740             3055.37
  741             3057.19
  742             3057.58
  743             3059.62
  744             3060.13
  745             3064.41
  746             3065.26
  747             3067.85
  748             3068.31
  749             3070.26
  750             3072.57
  751             3073.19
  752             3079.11
  753             3079.97
  754             3082.64
  755             3084.38
  756             3084.61
  757             3085.63
  758             3086.26
  759             3088.73
  760             3089.64
  761             3090.03
  762             3095.94
  763             3098.03
  764             3098.95
  765             3099.41
  766             3100.78
  767             3100.91
  768             3101.55
  769             3101.83
  770             3102.76
  771             3105.36
  772             3106.88
  773             3107.28
  774             3108.15
  775             3108.81
  776             3108.83
  777             3109.43
  778             3109.94
  779             3110.59
  780             3110.89
  781             3111.84
  782             3111.98
  783             3112.39
  784             3112.46
  785             3112.78
  786             3113.44
  787             3113.50
  788             3114.15
  789             3114.25
  790             3114.89
  791             3114.91
  792             3116.14
  793             3116.15
  794             3116.15
  795             3116.77
  796             3116.83
  797             3117.46
  798             3118.00
  799             3118.51
  800             3118.72
  801             3119.38
  802             3119.52
  803             3120.09
  804             3120.32
  805             3120.61
  806             3121.05
  807             3121.20
  808             3122.15
  809             3122.46
  810             3123.83
  811             3123.95
  812             3124.19
  813             3124.90
  814             3125.30
  815             3125.37
  816             3125.60
  817             3125.73
  818             3125.81
  819             3125.89
  820             3126.50
  821             3126.73
  822             3126.83
  823             3127.08
  824             3127.35
  825             3127.40
  826             3128.05
  827             3128.18
  828             3128.56
  829             3129.71
  830             3130.64
  831             3130.84
  832             3131.05
  833             3132.78
  834             3133.75
  835             3134.15
  836             3137.11
  837             3137.40
  838             3138.53
  839             3140.78

 Project out translational and rotational motions 

 Degrees of freedom for translational and rotational motions: 6

 Vibrational frequencies:
 mode    frequency (cm-1)
    0              284.87 i (imaginary)
    1              283.66 i (imaginary)
    2              279.40 i (imaginary)
    3              247.49 i (imaginary)
    4              237.07 i (imaginary)
    5              218.30 i (imaginary)
    6              204.77 i (imaginary)
    7              202.07 i (imaginary)
    8              196.36 i (imaginary)
    9              193.36 i (imaginary)
   10              184.53 i (imaginary)
   11              179.31 i (imaginary)
   12              165.25 i (imaginary)
   13              146.49 i (imaginary)
   14              130.87 i (imaginary)
   15              129.32 i (imaginary)
   16              126.16 i (imaginary)
   17              119.25 i (imaginary)
   18              119.15 i (imaginary)
   19              110.75 i (imaginary)
   20              107.92 i (imaginary)
   21               98.60 i (imaginary)
   22               97.91 i (imaginary)
   23               96.24 i (imaginary)
   24               72.76 i (imaginary)
   25               64.62 i (imaginary)
   26               46.11 i (imaginary)
   27               16.56 i (imaginary)
   28                3.94 i (imaginary)
   29               10.35
   30               14.83
   31               17.22
   32               19.96
   33               21.48
   34               30.83
   35               32.20
   36               36.84
   37               40.06
   38               41.17
   39               44.74
   40               47.88
   41               48.99
   42               50.58
   43               53.64
   44               54.80
   45               56.68
   46               57.37
   47               59.91
   48               62.88
   49               67.25
   50               68.13
   51               73.75
   52               74.29
   53               76.77
   54               77.31
   55               81.63
   56               81.86
   57               85.08
   58               85.49
   59               85.73
   60               86.45
   61               91.01
   62               92.79
   63               95.14
   64               95.91
   65               97.92
   66              102.34
   67              102.90
   68              106.75
   69              107.48
   70              109.47
   71              111.78
   72              112.13
   73              117.30
   74              118.38
   75              118.74
   76              120.48
   77              123.43
   78              125.77
   79              126.55
   80              127.54
   81              130.24
   82              133.97
   83              134.77
   84              135.77
   85              136.61
   86              138.66
   87              139.06
   88              139.61
   89              140.93
   90              143.61
   91              145.16
   92              146.65
   93              147.29
   94              151.66
   95              153.01
   96              158.44
   97              160.66
   98              164.30
   99              168.21
  100              169.53
  101              171.61
  102              173.77
  103              176.01
  104              177.19
  105              179.93
  106              182.42
  107              183.63
  108              186.82
  109              190.04
  110              191.61
  111              193.14
  112              193.58
  113              196.74
  114              197.59
  115              199.98
  116              201.89
  117              202.93
  118              206.34
  119              208.76
  120              209.61
  121              212.02
  122              212.27
  123              213.99
  124              216.45
  125              217.36
  126              218.08
  127              218.85
  128              219.09
  129              221.72
  130              227.67
  131              228.97
  132              231.01
  133              232.43
  134              234.59
  135              237.57
  136              240.76
  137              247.47
  138              248.22
  139              250.51
  140              251.19
  141              252.63
  142              257.34
  143              261.06
  144              264.71
  145              265.88
  146              269.05
  147              271.07
  148              273.05
  149              277.01
  150              277.97
  151              279.53
  152              284.97
  153              290.42
  154              292.80
  155              299.69
  156              300.78
  157              300.84
  158              302.81
  159              303.59
  160              310.06
  161              310.52
  162              312.01
  163              313.84
  164              320.45
  165              320.82
  166              323.49
  167              326.05
  168              326.52
  169              328.91
  170              329.24
  171              333.59
  172              335.65
  173              339.09
  174              340.45
  175              341.35
  176              342.82
  177              344.31
  178              348.17
  179              350.88
  180              354.99
  181              356.11
  182              360.42
  183              362.39
  184              363.32
  185              363.58
  186              366.06
  187              370.25
  188              370.95
  189              373.28
  190              375.13
  191              375.72
  192              387.34
  193              388.85
  194              390.67
  195              391.56
  196              394.23
  197              397.84
  198              399.68
  199              403.30
  200              408.33
  201              410.43
  202              412.38
  203              413.35
  204              414.64
  205              420.31
  206              420.76
  207              424.84
  208              429.92
  209              438.12
  210              439.99
  211              444.93
  212              448.55
  213              455.82
  214              456.41
  215              457.46
  216              461.83
  217              465.48
  218              472.56
  219              476.25
  220              482.73
  221              483.25
  222              485.14
  223              489.04
  224              490.65
  225              498.78
  226              502.34
  227              504.14
  228              505.02
  229              507.08
  230              507.97
  231              510.55
  232              516.63
  233              527.67
  234              530.78
  235              543.45
  236              549.20
  237              554.16
  238              560.97
  239              563.16
  240              565.38
  241              566.48
  242              569.20
  243              571.41
  244              573.60
  245              576.25
  246              590.74
  247              593.20
  248              595.55
  249              596.23
  250              598.68
  251              602.78
  252              606.75
  253              608.54
  254              611.71
  255              621.25
  256              624.04
  257              624.20
  258              631.43
  259              637.06
  260              643.45
  261              648.42
  262              651.87
  263              653.14
  264              655.33
  265              656.68
  266              667.11
  267              672.16
  268              675.43
  269              676.18
  270              683.37
  271              689.97
  272              693.70
  273              695.65
  274              696.57
  275              697.16
  276              697.54
  277              700.91
  278              709.69
  279              713.47
  280              717.01
  281              719.17
  282              720.44
  283              721.55
  284              727.83
  285              729.56
  286              729.94
  287              730.64
  288              732.14
  289              736.88
  290              737.42
  291              741.49
  292              746.40
  293              747.21
  294              753.83
  295              753.94
  296              757.14
  297              758.67
  298              761.69
  299              762.57
  300              765.09
  301              772.89
  302              773.69
  303              782.00
  304              783.29
  305              785.11
  306              788.51
  307              790.05
  308              790.58
  309              792.46
  310              793.91
  311              795.71
  312              797.75
  313              797.91
  314              801.10
  315              802.62
  316              810.94
  317              812.13
  318              813.79
  319              817.40
  320              819.46
  321              823.72
  322              828.69
  323              829.64
  324              831.19
  325              831.71
  326              832.95
  327              834.23
  328              834.57
  329              839.19
  330              839.87
  331              842.58
  332              847.55
  333              851.43
  334              852.88
  335              853.25
  336              854.47
  337              854.70
  338              856.89
  339              860.81
  340              863.16
  341              864.22
  342              866.82
  343              870.67
  344              875.31
  345              875.72
  346              879.96
  347              881.89
  348              885.59
  349              888.32
  350              889.05
  351              891.69
  352              892.82
  353              894.47
  354              894.93
  355              896.34
  356              896.78
  357              898.49
  358              898.77
  359              901.36
  360              903.93
  361              906.75
  362              909.67
  363              912.37
  364              912.58
  365              913.26
  366              916.40
  367              916.73
  368              917.76
  369              925.78
  370              926.65
  371              929.32
  372              932.72
  373              933.99
  374              934.12
  375              934.43
  376              938.71
  377              939.49
  378              942.77
  379              943.87
  380              944.61
  381              946.36
  382              947.09
  383              949.00
  384              951.77
  385              953.19
  386              953.95
  387              954.26
  388              955.34
  389              960.59
  390              962.35
  391              964.02
  392              965.79
  393              970.05
  394              972.09
  395              972.35
  396              973.63
  397              974.82
  398              978.66
  399              979.08
  400              979.26
  401              981.27
  402              983.30
  403              983.94
  404              994.28
  405              994.43
  406              996.13
  407             1000.15
  408             1001.14
  409             1003.55
  410             1006.06
  411             1010.28
  412             1012.18
  413             1015.72
  414             1018.32
  415             1019.79
  416             1021.99
  417             1028.02
  418             1028.43
  419             1031.75
  420             1031.92
  421             1035.93
  422             1037.59
  423             1039.58
  424             1040.08
  425             1043.13
  426             1045.62
  427             1047.81
  428             1051.44
  429             1052.15
  430             1052.48
  431             1053.20
  432             1055.13
  433             1056.07
  434             1059.26
  435             1059.73
  436             1061.12
  437             1064.04
  438             1064.41
  439             1066.68
  440             1066.93
  441             1068.90
  442             1072.69
  443             1077.28
  444             1080.13
  445             1080.29
  446             1081.19
  447             1081.87
  448             1082.52
  449             1086.52
  450             1087.03
  451             1096.35
  452             1098.06
  453             1099.54
  454             1100.59
  455             1100.79
  456             1103.48
  457             1106.62
  458             1112.94
  459             1115.71
  460             1119.49
  461             1120.84
  462             1121.23
  463             1123.79
  464             1124.43
  465             1126.47
  466             1128.43
  467             1131.86
  468             1133.09
  469             1138.39
  470             1140.04
  471             1141.57
  472             1141.98
  473             1142.51
  474             1143.86
  475             1146.32
  476             1148.89
  477             1151.09
  478             1151.48
  479             1153.16
  480             1157.53
  481             1160.43
  482             1160.77
  483             1162.77
  484             1165.43
  485             1166.47
  486             1171.73
  487             1174.06
  488             1175.22
  489             1175.48
  490             1178.03
  491             1179.24
  492             1183.60
  493             1192.19
  494             1194.78
  495             1195.61
  496             1197.13
  497             1198.57
  498             1198.73
  499             1198.82
  500             1203.84
  501             1204.25
  502             1207.51
  503             1207.59
  504             1208.82
  505             1210.82
  506             1211.64
  507             1217.51
  508             1218.84
  509             1224.10
  510             1224.60
  511             1226.35
  512             1228.40
  513             1229.98
  514             1230.77
  515             1231.86
  516             1233.81
  517             1234.38
  518             1234.44
  519             1236.52
  520             1240.89
  521             1243.08
  522             1243.83
  523             1244.30
  524             1245.90
  525             1250.61
  526             1251.66
  527             1252.19
  528             1253.08
  529             1254.41
  530             1255.38
  531             1257.56
  532             1259.08
  533             1260.29
  534             1262.01
  535             1262.60
  536             1268.56
  537             1273.66
  538             1277.03
  539             1277.52
  540             1280.11
  541             1280.57
  542             1280.61
  543             1284.83
  544             1287.54
  545             1288.77
  546             1289.87
  547             1291.45
  548             1293.28
  549             1295.76
  550             1296.21
  551             1296.88
  552             1298.84
  553             1301.06
  554             1301.96
  555             1303.51
  556             1304.83
  557             1306.51
  558             1310.07
  559             1310.68
  560             1311.63
  561             1313.38
  562             1316.22
  563             1318.97
  564             1320.18
  565             1320.57
  566             1320.85
  567             1322.08
  568             1325.59
  569             1328.93
  570             1329.36
  571             1329.80
  572             1330.16
  573             1330.47
  574             1331.19
  575             1332.53
  576             1335.04
  577             1336.76
  578             1339.20
  579             1339.94
  580             1341.22
  581             1342.20
  582             1344.73
  583             1345.21
  584             1345.57
  585             1346.22
  586             1346.33
  587             1348.72
  588             1349.03
  589             1351.38
  590             1352.30
  591             1353.65
  592             1354.29
  593             1354.44
  594             1354.81
  595             1357.58
  596             1358.94
  597             1359.33
  598             1360.77
  599             1360.90
  600             1362.52
  601             1362.85
  602             1363.37
  603             1364.53
  604             1365.68
  605             1366.56
  606             1369.03
  607             1369.49
  608             1371.48
  609             1373.26
  610             1374.11
  611             1375.92
  612             1376.42
  613             1378.89
  614             1380.22
  615             1380.33
  616             1381.81
  617             1383.01
  618             1383.22
  619             1383.35
  620             1384.65
  621             1385.67
  622             1387.19
  623             1388.80
  624             1389.46
  625             1392.08
  626             1392.27
  627             1393.43
  628             1393.73
  629             1394.10
  630             1394.85
  631             1395.55
  632             1398.57
  633             1399.11
  634             1399.20
  635             1400.80
  636             1401.12
  637             1403.92
  638             1404.11
  639             1405.26
  640             1408.13
  641             1408.40
  642             1409.64
  643             1411.16
  644             1413.23
  645             1414.81
  646             1422.52
  647             1425.48
  648             1425.99
  649             1427.22
  650             1429.32
  651             1429.82
  652             1431.24
  653             1432.50
  654             1433.84
  655             1434.38
  656             1436.01
  657             1438.83
  658             1439.79
  659             1445.77
  660             1450.83
  661             1452.49
  662             1456.12
  663             1461.95
  664             1468.60
  665             1479.70
  666             1490.24
  667             1502.39
  668             1505.86
  669             1515.59
  670             1531.00
  671             1552.34
  672             1582.68
  673             1584.70
  674             1591.21
  675             1595.21
  676             1604.00
  677             1623.80
  678             1663.15
  679             1697.34
  680             1700.26
  681             1713.01
  682             1768.30
  683             1777.48
  684             1795.98
  685             1859.41
  686             2933.27
  687             2938.04
  688             2950.30
  689             2952.95
  690             2957.21
  691             2961.85
  692             2963.99
  693             2965.75
  694             2967.45
  695             2967.85
  696             2969.78
  697             2971.64
  698             2973.26
  699             2974.82
  700             2975.59
  701             2977.02
  702             2978.34
  703             2980.39
  704             2980.73
  705             2982.29
  706             2984.46
  707             2986.84
  708             2988.69
  709             2992.78
  710             3010.38
  711             3012.57
  712             3014.28
  713             3016.89
  714             3019.61
  715             3022.33
  716             3023.71
  717             3025.14
  718             3027.40
  719             3027.92
  720             3028.79
  721             3029.35
  722             3033.83
  723             3034.45
  724             3034.55
  725             3037.81
  726             3039.73
  727             3039.98
  728             3040.53
  729             3041.51
  730             3044.44
  731             3046.33
  732             3050.68
  733             3054.07
  734             3055.37
  735             3057.19
  736             3057.58
  737             3059.62
  738             3060.13
  739             3064.41
  740             3065.26
  741             3067.85
  742             3068.31
  743             3070.26
  744             3072.57
  745             3073.19
  746             3079.11
  747             3079.97
  748             3082.64
  749             3084.38
  750             3084.61
  751             3085.63
  752             3086.26
  753             3088.73
  754             3089.64
  755             3090.03
  756             3095.94
  757             3098.03
  758             3098.95
  759             3099.41
  760             3100.78
  761             3100.91
  762             3101.55
  763             3101.83
  764             3102.76
  765             3105.36
  766             3106.88
  767             3107.28
  768             3108.15
  769             3108.81
  770             3108.83
  771             3109.43
  772             3109.94
  773             3110.59
  774             3110.89
  775             3111.84
  776             3111.98
  777             3112.39
  778             3112.46
  779             3112.78
  780             3113.44
  781             3113.50
  782             3114.15
  783             3114.25
  784             3114.89
  785             3114.91
  786             3116.14
  787             3116.15
  788             3116.15
  789             3116.77
  790             3116.83
  791             3117.46
  792             3118.00
  793             3118.51
  794             3118.72
  795             3119.38
  796             3119.52
  797             3120.09
  798             3120.32
  799             3120.61
  800             3121.05
  801             3121.20
  802             3122.15
  803             3122.46
  804             3123.83
  805             3123.95
  806             3124.19
  807             3124.90
  808             3125.30
  809             3125.37
  810             3125.60
  811             3125.73
  812             3125.81
  813             3125.89
  814             3126.50
  815             3126.73
  816             3126.83
  817             3127.08
  818             3127.35
  819             3127.40
  820             3128.05
  821             3128.18
  822             3128.56
  823             3129.71
  824             3130.64
  825             3130.84
  826             3131.05
  827             3132.78
  828             3133.75
  829             3134.15
  830             3137.11
  831             3137.40
  832             3138.53
  833             3140.78
 Saving results in set 'hess'

 --------------------------------------------------------------------------------

 End time:                               Fri Jan 21 20:12:17 2022
 Total wall-clock time:                279.079 seconds
==================================================================================
