
================================================================================
          _____________ ________ _______________ ________     _________         
         / ___________// ______ \\_____   _____// ______ \   / ________)        
        / /_________  / /      \ \     | |     / /      \ \ | (_______          
       |  __________|| |        | |    | |    | |        | | \________ \        
        \ \_________ | |        | |    | |     \ \______/ /___________) |       
         \__________||_|        |_|    |_|      \________//____________/        
                                                                                
====================================[ Qcore ]===================================

 Git describe: 2.3.0-166-g4178ddb
 Compiler:     GNU 9.1.0
 Build type:   Release
 Version:      2.3.0-166-g4178ddb

 Start time:   Fri Jan 21 17:58:51 2022

 Data directory: /user/home/of15641/.local/src/Qcore/release/share/entos/qcore/data
 Number of threads: 32
 Number of threads was determined by: number of physical cores

 --------------------------------------------------------------------------------
                                 command: hessian                                
 --------------------------------------------------------------------------------

 -------------------------------
  Numerical Geometrical Hessian 
 -------------------------------

 Compute hessian using two-point central differentiation.
 Step size (bohr):                       0.0100

 Frequencies (including translational and rotational modes):
 mode    frequency (cm-1)
    0              295.27 i (imaginary)
    1              289.85 i (imaginary)
    2              269.72 i (imaginary)
    3              238.26 i (imaginary)
    4              229.94 i (imaginary)
    5              227.49 i (imaginary)
    6              208.99 i (imaginary)
    7              189.57 i (imaginary)
    8              179.38 i (imaginary)
    9              177.47 i (imaginary)
   10              169.97 i (imaginary)
   11              161.24 i (imaginary)
   12              161.20 i (imaginary)
   13              158.56 i (imaginary)
   14              157.89 i (imaginary)
   15              149.77 i (imaginary)
   16              144.65 i (imaginary)
   17              112.77 i (imaginary)
   18              110.74 i (imaginary)
   19              110.30 i (imaginary)
   20              101.28 i (imaginary)
   21              100.62 i (imaginary)
   22               74.58 i (imaginary)
   23               74.50 i (imaginary)
   24               73.45 i (imaginary)
   25               70.36 i (imaginary)
   26               58.99 i (imaginary)
   27               40.75 i (imaginary)
   28               34.32 i (imaginary)
   29               24.49 i (imaginary)
   30                8.74 i (imaginary)
   31                3.70 i (imaginary)
   32                1.69 i (imaginary)
   33                1.18 i (imaginary)
   34                0.78 i (imaginary)
   35                0.54 i (imaginary)
   36                7.10
   37               14.39
   38               15.52
   39               17.85
   40               19.32
   41               22.49
   42               31.28
   43               35.93
   44               36.42
   45               40.71
   46               41.09
   47               43.45
   48               47.00
   49               48.50
   50               49.96
   51               51.70
   52               55.26
   53               58.64
   54               59.42
   55               60.78
   56               65.38
   57               67.07
   58               67.84
   59               72.29
   60               74.56
   61               76.46
   62               76.78
   63               82.58
   64               84.26
   65               87.78
   66               89.85
   67               92.12
   68               92.68
   69               96.09
   70               98.41
   71              100.12
   72              101.16
   73              101.74
   74              104.52
   75              105.55
   76              108.16
   77              111.07
   78              113.36
   79              115.32
   80              117.75
   81              119.58
   82              120.01
   83              122.68
   84              129.47
   85              132.26
   86              132.73
   87              134.32
   88              135.56
   89              136.06
   90              138.95
   91              140.28
   92              142.52
   93              143.74
   94              143.98
   95              146.12
   96              148.03
   97              149.11
   98              151.87
   99              152.35
  100              152.98
  101              156.51
  102              157.88
  103              158.66
  104              161.22
  105              162.94
  106              166.90
  107              168.72
  108              171.66
  109              172.62
  110              176.12
  111              177.44
  112              178.64
  113              179.13
  114              183.10
  115              185.52
  116              191.87
  117              192.17
  118              193.82
  119              197.93
  120              198.39
  121              200.55
  122              206.60
  123              207.62
  124              209.50
  125              211.91
  126              216.50
  127              218.76
  128              221.38
  129              223.33
  130              224.39
  131              225.46
  132              228.85
  133              230.27
  134              231.39
  135              231.90
  136              233.60
  137              234.15
  138              235.79
  139              237.18
  140              238.09
  141              238.38
  142              242.31
  143              245.28
  144              245.50
  145              245.85
  146              249.30
  147              249.59
  148              250.92
  149              253.81
  150              259.75
  151              260.17
  152              263.07
  153              265.09
  154              265.83
  155              269.32
  156              272.15
  157              274.63
  158              281.18
  159              281.90
  160              286.16
  161              287.00
  162              289.75
  163              291.47
  164              295.72
  165              296.72
  166              304.32
  167              306.15
  168              307.19
  169              309.88
  170              311.04
  171              311.55
  172              312.47
  173              319.96
  174              321.91
  175              325.27
  176              325.85
  177              327.58
  178              329.08
  179              334.74
  180              334.97
  181              338.37
  182              338.84
  183              341.02
  184              342.15
  185              347.27
  186              349.81
  187              351.12
  188              351.52
  189              353.87
  190              356.51
  191              357.49
  192              359.02
  193              361.18
  194              362.95
  195              363.70
  196              364.82
  197              365.22
  198              368.24
  199              378.32
  200              381.24
  201              392.92
  202              394.19
  203              399.08
  204              399.99
  205              402.80
  206              402.98
  207              407.74
  208              410.53
  209              410.92
  210              418.49
  211              418.96
  212              422.14
  213              426.59
  214              427.01
  215              428.73
  216              433.64
  217              440.35
  218              444.89
  219              450.86
  220              451.07
  221              456.38
  222              457.41
  223              468.87
  224              472.71
  225              481.10
  226              482.26
  227              482.85
  228              490.33
  229              491.25
  230              495.20
  231              496.61
  232              500.43
  233              501.02
  234              503.84
  235              507.01
  236              515.79
  237              521.34
  238              526.83
  239              533.97
  240              542.12
  241              544.39
  242              547.89
  243              554.70
  244              558.02
  245              558.74
  246              564.43
  247              567.70
  248              568.52
  249              574.07
  250              581.65
  251              584.79
  252              596.22
  253              598.11
  254              602.55
  255              603.81
  256              608.45
  257              611.58
  258              620.31
  259              622.87
  260              625.82
  261              630.03
  262              630.88
  263              634.35
  264              639.26
  265              647.16
  266              650.78
  267              651.09
  268              657.14
  269              662.30
  270              670.23
  271              670.70
  272              678.98
  273              681.72
  274              689.88
  275              690.03
  276              690.90
  277              694.05
  278              694.73
  279              694.90
  280              700.05
  281              702.05
  282              702.90
  283              706.26
  284              709.73
  285              714.20
  286              716.51
  287              717.33
  288              717.98
  289              721.86
  290              727.25
  291              728.90
  292              729.86
  293              730.57
  294              735.71
  295              739.83
  296              739.95
  297              741.50
  298              744.09
  299              747.29
  300              748.33
  301              752.09
  302              756.31
  303              762.03
  304              762.43
  305              766.88
  306              770.62
  307              776.33
  308              778.23
  309              780.98
  310              785.44
  311              786.87
  312              787.99
  313              793.09
  314              793.25
  315              794.92
  316              796.10
  317              797.01
  318              804.37
  319              806.58
  320              807.57
  321              814.28
  322              815.41
  323              816.76
  324              820.12
  325              823.51
  326              823.77
  327              825.70
  328              828.31
  329              829.76
  330              831.51
  331              831.60
  332              834.03
  333              836.64
  334              843.30
  335              844.04
  336              849.30
  337              850.48
  338              856.61
  339              857.62
  340              859.30
  341              867.13
  342              868.99
  343              872.02
  344              873.41
  345              875.16
  346              877.25
  347              878.89
  348              879.17
  349              879.90
  350              881.86
  351              883.50
  352              883.84
  353              885.10
  354              887.95
  355              888.79
  356              889.07
  357              892.19
  358              893.23
  359              895.13
  360              895.56
  361              898.31
  362              901.89
  363              904.24
  364              905.47
  365              908.13
  366              910.08
  367              911.05
  368              912.83
  369              914.64
  370              915.08
  371              915.71
  372              920.55
  373              921.45
  374              924.15
  375              925.61
  376              926.16
  377              927.29
  378              928.60
  379              930.49
  380              931.82
  381              933.07
  382              935.84
  383              941.22
  384              941.65
  385              942.34
  386              943.00
  387              944.90
  388              946.73
  389              951.06
  390              951.59
  391              953.02
  392              960.36
  393              961.34
  394              961.85
  395              967.31
  396              969.19
  397              969.44
  398              972.03
  399              975.87
  400              976.65
  401              977.75
  402              978.49
  403              982.48
  404              984.26
  405              986.79
  406              988.73
  407              988.98
  408              994.13
  409              994.57
  410              996.80
  411              999.57
  412             1001.17
  413             1002.63
  414             1009.18
  415             1011.70
  416             1014.62
  417             1016.25
  418             1020.47
  419             1021.80
  420             1022.03
  421             1023.08
  422             1023.94
  423             1024.92
  424             1029.97
  425             1035.13
  426             1038.64
  427             1040.61
  428             1041.46
  429             1044.61
  430             1048.47
  431             1048.74
  432             1049.48
  433             1049.89
  434             1050.21
  435             1055.72
  436             1056.87
  437             1057.75
  438             1060.63
  439             1061.25
  440             1064.92
  441             1068.25
  442             1070.71
  443             1072.40
  444             1076.92
  445             1077.39
  446             1079.28
  447             1080.19
  448             1080.31
  449             1082.06
  450             1083.14
  451             1085.70
  452             1088.38
  453             1088.80
  454             1090.69
  455             1092.05
  456             1095.14
  457             1100.96
  458             1101.41
  459             1103.38
  460             1104.82
  461             1107.43
  462             1109.18
  463             1112.45
  464             1113.49
  465             1114.74
  466             1115.15
  467             1117.33
  468             1124.94
  469             1130.54
  470             1133.40
  471             1133.49
  472             1135.08
  473             1137.20
  474             1138.41
  475             1138.63
  476             1139.79
  477             1141.22
  478             1141.54
  479             1143.63
  480             1145.24
  481             1147.48
  482             1148.69
  483             1149.73
  484             1156.51
  485             1156.84
  486             1163.90
  487             1164.04
  488             1164.73
  489             1165.54
  490             1165.70
  491             1168.47
  492             1170.73
  493             1171.45
  494             1174.14
  495             1176.72
  496             1176.97
  497             1178.01
  498             1179.58
  499             1182.98
  500             1183.81
  501             1185.05
  502             1185.81
  503             1187.57
  504             1190.84
  505             1192.95
  506             1195.70
  507             1197.68
  508             1200.01
  509             1204.62
  510             1208.09
  511             1208.84
  512             1210.99
  513             1212.12
  514             1217.10
  515             1218.43
  516             1221.83
  517             1222.09
  518             1223.47
  519             1226.42
  520             1229.46
  521             1230.86
  522             1231.73
  523             1231.87
  524             1233.71
  525             1234.95
  526             1235.97
  527             1243.07
  528             1244.26
  529             1245.11
  530             1246.11
  531             1246.51
  532             1246.92
  533             1248.81
  534             1250.17
  535             1252.38
  536             1258.49
  537             1259.57
  538             1261.12
  539             1261.98
  540             1264.98
  541             1267.57
  542             1269.16
  543             1274.75
  544             1276.22
  545             1277.97
  546             1278.03
  547             1279.82
  548             1280.29
  549             1281.01
  550             1289.96
  551             1290.42
  552             1291.10
  553             1292.87
  554             1293.41
  555             1294.26
  556             1294.42
  557             1294.86
  558             1295.15
  559             1296.83
  560             1300.56
  561             1300.91
  562             1302.72
  563             1304.05
  564             1305.00
  565             1305.92
  566             1307.29
  567             1307.72
  568             1307.95
  569             1312.93
  570             1314.26
  571             1318.17
  572             1319.53
  573             1320.62
  574             1321.12
  575             1321.66
  576             1321.96
  577             1322.06
  578             1323.09
  579             1323.64
  580             1328.45
  581             1328.64
  582             1329.08
  583             1329.19
  584             1330.48
  585             1336.64
  586             1337.66
  587             1338.73
  588             1338.87
  589             1341.16
  590             1344.52
  591             1345.67
  592             1345.94
  593             1346.84
  594             1351.39
  595             1352.86
  596             1353.66
  597             1354.15
  598             1355.42
  599             1357.16
  600             1357.39
  601             1358.03
  602             1358.13
  603             1360.90
  604             1361.00
  605             1361.31
  606             1362.18
  607             1363.15
  608             1364.36
  609             1366.69
  610             1367.18
  611             1367.28
  612             1368.83
  613             1370.07
  614             1371.12
  615             1373.23
  616             1375.24
  617             1375.37
  618             1376.55
  619             1377.35
  620             1377.94
  621             1378.55
  622             1379.66
  623             1380.63
  624             1380.74
  625             1383.50
  626             1384.61
  627             1385.87
  628             1386.93
  629             1387.46
  630             1387.93
  631             1391.45
  632             1391.97
  633             1393.43
  634             1393.69
  635             1393.82
  636             1394.79
  637             1395.00
  638             1395.73
  639             1397.66
  640             1398.68
  641             1398.95
  642             1399.88
  643             1400.23
  644             1403.14
  645             1403.70
  646             1404.78
  647             1405.33
  648             1407.41
  649             1409.13
  650             1416.99
  651             1417.42
  652             1420.08
  653             1421.47
  654             1424.02
  655             1427.07
  656             1431.88
  657             1433.31
  658             1434.30
  659             1440.09
  660             1440.21
  661             1448.41
  662             1449.21
  663             1462.87
  664             1464.63
  665             1467.90
  666             1473.10
  667             1477.23
  668             1488.36
  669             1494.46
  670             1508.60
  671             1515.18
  672             1521.27
  673             1523.47
  674             1530.34
  675             1534.03
  676             1540.92
  677             1549.21
  678             1549.89
  679             1565.33
  680             1568.79
  681             1574.81
  682             1580.66
  683             1608.74
  684             1619.03
  685             1631.60
  686             1646.01
  687             1652.55
  688             1665.10
  689             1718.21
  690             1740.74
  691             1814.89
  692             2945.55
  693             2951.24
  694             2955.68
  695             2958.66
  696             2961.59
  697             2962.41
  698             2962.72
  699             2963.55
  700             2964.51
  701             2964.81
  702             2967.71
  703             2968.26
  704             2969.11
  705             2969.66
  706             2972.59
  707             2975.27
  708             2976.29
  709             2977.63
  710             2978.09
  711             2979.78
  712             2980.45
  713             2983.44
  714             2984.78
  715             2995.07
  716             3004.19
  717             3004.53
  718             3007.30
  719             3011.49
  720             3016.45
  721             3017.60
  722             3018.27
  723             3020.57
  724             3022.35
  725             3024.16
  726             3025.84
  727             3026.29
  728             3027.45
  729             3030.13
  730             3030.53
  731             3032.63
  732             3035.33
  733             3037.26
  734             3040.22
  735             3043.23
  736             3045.70
  737             3048.23
  738             3048.77
  739             3051.52
  740             3052.38
  741             3054.60
  742             3056.77
  743             3057.54
  744             3060.84
  745             3062.05
  746             3062.45
  747             3064.81
  748             3074.29
  749             3075.35
  750             3076.86
  751             3077.89
  752             3078.51
  753             3078.86
  754             3079.36
  755             3080.71
  756             3083.19
  757             3085.04
  758             3085.68
  759             3086.94
  760             3087.45
  761             3088.25
  762             3089.25
  763             3090.62
  764             3091.16
  765             3091.44
  766             3091.69
  767             3094.74
  768             3096.13
  769             3098.08
  770             3098.24
  771             3099.64
  772             3100.36
  773             3103.38
  774             3105.22
  775             3105.47
  776             3107.66
  777             3108.14
  778             3108.15
  779             3108.59
  780             3109.05
  781             3109.33
  782             3109.85
  783             3110.27
  784             3110.30
  785             3110.50
  786             3111.06
  787             3112.34
  788             3113.65
  789             3113.71
  790             3114.04
  791             3114.18
  792             3114.25
  793             3115.07
  794             3116.00
  795             3116.11
  796             3116.75
  797             3117.20
  798             3117.62
  799             3117.90
  800             3119.24
  801             3119.26
  802             3119.48
  803             3120.69
  804             3121.14
  805             3122.30
  806             3122.59
  807             3122.62
  808             3123.29
  809             3123.49
  810             3123.51
  811             3123.77
  812             3124.27
  813             3124.56
  814             3124.90
  815             3125.35
  816             3125.44
  817             3125.56
  818             3126.10
  819             3126.23
  820             3127.33
  821             3127.54
  822             3127.79
  823             3127.96
  824             3128.14
  825             3129.06
  826             3129.91
  827             3130.83
  828             3130.94
  829             3131.29
  830             3131.34
  831             3132.26
  832             3132.52
  833             3132.91
  834             3133.60
  835             3134.52
  836             3137.66
  837             3138.14
  838             3138.48
  839             3143.63

 Project out translational and rotational motions 

 Degrees of freedom for translational and rotational motions: 6

 Vibrational frequencies:
 mode    frequency (cm-1)
    0              295.27 i (imaginary)
    1              289.85 i (imaginary)
    2              269.72 i (imaginary)
    3              238.25 i (imaginary)
    4              229.93 i (imaginary)
    5              227.48 i (imaginary)
    6              208.98 i (imaginary)
    7              189.55 i (imaginary)
    8              179.38 i (imaginary)
    9              177.45 i (imaginary)
   10              169.95 i (imaginary)
   11              161.24 i (imaginary)
   12              161.19 i (imaginary)
   13              158.54 i (imaginary)
   14              157.81 i (imaginary)
   15              149.76 i (imaginary)
   16              144.60 i (imaginary)
   17              112.76 i (imaginary)
   18              110.73 i (imaginary)
   19              110.28 i (imaginary)
   20              101.26 i (imaginary)
   21              100.56 i (imaginary)
   22               74.53 i (imaginary)
   23               74.45 i (imaginary)
   24               73.43 i (imaginary)
   25               70.35 i (imaginary)
   26               58.89 i (imaginary)
   27               40.73 i (imaginary)
   28               33.88 i (imaginary)
   29               24.44 i (imaginary)
   30                7.57 i (imaginary)
   31                4.76
   32               11.57
   33               17.28
   34               18.65
   35               22.12
   36               30.69
   37               35.34
   38               35.86
   39               40.06
   40               40.34
   41               41.87
   42               46.74
   43               47.46
   44               49.52
   45               51.57
   46               54.57
   47               58.10
   48               59.33
   49               60.58
   50               65.31
   51               66.84
   52               67.83
   53               72.27
   54               74.45
   55               76.35
   56               76.72
   57               82.49
   58               84.04
   59               87.75
   60               89.69
   61               92.10
   62               92.63
   63               95.88
   64               98.35
   65              100.07
   66              101.15
   67              101.73
   68              104.51
   69              105.41
   70              108.15
   71              111.06
   72              113.34
   73              115.31
   74              117.75
   75              119.55
   76              119.99
   77              122.59
   78              129.42
   79              132.21
   80              132.73
   81              134.29
   82              135.52
   83              136.05
   84              138.91
   85              140.23
   86              142.50
   87              143.71
   88              143.95
   89              146.10
   90              148.00
   91              149.07
   92              151.85
   93              152.32
   94              152.96
   95              156.51
   96              157.85
   97              158.63
   98              161.22
   99              162.93
  100              166.87
  101              168.72
  102              171.65
  103              172.61
  104              176.11
  105              177.44
  106              178.64
  107              179.13
  108              183.06
  109              185.51
  110              191.86
  111              192.17
  112              193.79
  113              197.92
  114              198.39
  115              200.54
  116              206.59
  117              207.62
  118              209.49
  119              211.90
  120              216.50
  121              218.75
  122              221.37
  123              223.32
  124              224.38
  125              225.44
  126              228.84
  127              230.25
  128              231.38
  129              231.89
  130              233.60
  131              234.13
  132              235.78
  133              237.17
  134              238.08
  135              238.37
  136              242.30
  137              245.27
  138              245.49
  139              245.85
  140              249.30
  141              249.59
  142              250.92
  143              253.81
  144              259.75
  145              260.17
  146              263.06
  147              265.09
  148              265.83
  149              269.32
  150              272.15
  151              274.63
  152              281.17
  153              281.90
  154              286.15
  155              287.00
  156              289.74
  157              291.47
  158              295.71
  159              296.72
  160              304.32
  161              306.13
  162              307.19
  163              309.88
  164              311.04
  165              311.55
  166              312.46
  167              319.96
  168              321.91
  169              325.27
  170              325.85
  171              327.58
  172              329.08
  173              334.74
  174              334.96
  175              338.36
  176              338.83
  177              341.01
  178              342.15
  179              347.27
  180              349.81
  181              351.12
  182              351.52
  183              353.87
  184              356.51
  185              357.49
  186              359.02
  187              361.18
  188              362.95
  189              363.69
  190              364.82
  191              365.21
  192              368.24
  193              378.32
  194              381.24
  195              392.92
  196              394.18
  197              399.08
  198              399.99
  199              402.79
  200              402.98
  201              407.74
  202              410.52
  203              410.91
  204              418.49
  205              418.96
  206              422.13
  207              426.59
  208              427.01
  209              428.73
  210              433.64
  211              440.35
  212              444.89
  213              450.86
  214              451.07
  215              456.38
  216              457.41
  217              468.87
  218              472.71
  219              481.10
  220              482.26
  221              482.84
  222              490.33
  223              491.25
  224              495.20
  225              496.61
  226              500.43
  227              501.02
  228              503.84
  229              507.01
  230              515.79
  231              521.34
  232              526.83
  233              533.97
  234              542.12
  235              544.38
  236              547.89
  237              554.70
  238              558.02
  239              558.73
  240              564.43
  241              567.70
  242              568.52
  243              574.07
  244              581.65
  245              584.79
  246              596.22
  247              598.11
  248              602.55
  249              603.81
  250              608.45
  251              611.57
  252              620.31
  253              622.87
  254              625.82
  255              630.03
  256              630.88
  257              634.35
  258              639.26
  259              647.16
  260              650.78
  261              651.09
  262              657.14
  263              662.30
  264              670.23
  265              670.70
  266              678.97
  267              681.72
  268              689.88
  269              690.03
  270              690.90
  271              694.04
  272              694.73
  273              694.89
  274              700.05
  275              702.05
  276              702.89
  277              706.26
  278              709.73
  279              714.20
  280              716.51
  281              717.33
  282              717.98
  283              721.86
  284              727.25
  285              728.90
  286              729.86
  287              730.57
  288              735.71
  289              739.83
  290              739.95
  291              741.50
  292              744.08
  293              747.29
  294              748.33
  295              752.09
  296              756.31
  297              762.03
  298              762.43
  299              766.88
  300              770.61
  301              776.33
  302              778.23
  303              780.98
  304              785.44
  305              786.86
  306              787.99
  307              793.09
  308              793.25
  309              794.92
  310              796.10
  311              797.01
  312              804.36
  313              806.58
  314              807.57
  315              814.28
  316              815.41
  317              816.76
  318              820.12
  319              823.51
  320              823.77
  321              825.70
  322              828.31
  323              829.76
  324              831.51
  325              831.60
  326              834.03
  327              836.64
  328              843.30
  329              844.03
  330              849.30
  331              850.48
  332              856.61
  333              857.62
  334              859.30
  335              867.13
  336              868.99
  337              872.02
  338              873.41
  339              875.16
  340              877.25
  341              878.89
  342              879.17
  343              879.90
  344              881.86
  345              883.50
  346              883.84
  347              885.10
  348              887.95
  349              888.79
  350              889.07
  351              892.19
  352              893.23
  353              895.13
  354              895.55
  355              898.31
  356              901.89
  357              904.24
  358              905.47
  359              908.13
  360              910.08
  361              911.05
  362              912.83
  363              914.64
  364              915.08
  365              915.71
  366              920.55
  367              921.45
  368              924.15
  369              925.61
  370              926.16
  371              927.29
  372              928.60
  373              930.49
  374              931.82
  375              933.07
  376              935.84
  377              941.22
  378              941.65
  379              942.34
  380              943.00
  381              944.90
  382              946.73
  383              951.06
  384              951.59
  385              953.02
  386              960.36
  387              961.34
  388              961.85
  389              967.31
  390              969.19
  391              969.44
  392              972.03
  393              975.87
  394              976.65
  395              977.75
  396              978.49
  397              982.48
  398              984.26
  399              986.79
  400              988.73
  401              988.98
  402              994.12
  403              994.57
  404              996.80
  405              999.57
  406             1001.17
  407             1002.63
  408             1009.18
  409             1011.70
  410             1014.62
  411             1016.25
  412             1020.47
  413             1021.80
  414             1022.03
  415             1023.08
  416             1023.94
  417             1024.92
  418             1029.97
  419             1035.13
  420             1038.64
  421             1040.61
  422             1041.46
  423             1044.61
  424             1048.47
  425             1048.74
  426             1049.48
  427             1049.89
  428             1050.21
  429             1055.72
  430             1056.87
  431             1057.75
  432             1060.63
  433             1061.25
  434             1064.92
  435             1068.25
  436             1070.71
  437             1072.40
  438             1076.92
  439             1077.39
  440             1079.28
  441             1080.19
  442             1080.31
  443             1082.06
  444             1083.14
  445             1085.70
  446             1088.38
  447             1088.80
  448             1090.69
  449             1092.05
  450             1095.14
  451             1100.96
  452             1101.41
  453             1103.38
  454             1104.82
  455             1107.43
  456             1109.18
  457             1112.45
  458             1113.49
  459             1114.74
  460             1115.15
  461             1117.33
  462             1124.94
  463             1130.54
  464             1133.40
  465             1133.49
  466             1135.08
  467             1137.20
  468             1138.41
  469             1138.63
  470             1139.79
  471             1141.22
  472             1141.54
  473             1143.63
  474             1145.24
  475             1147.48
  476             1148.68
  477             1149.73
  478             1156.51
  479             1156.84
  480             1163.90
  481             1164.04
  482             1164.73
  483             1165.54
  484             1165.70
  485             1168.47
  486             1170.73
  487             1171.45
  488             1174.14
  489             1176.72
  490             1176.97
  491             1178.00
  492             1179.58
  493             1182.98
  494             1183.81
  495             1185.05
  496             1185.81
  497             1187.57
  498             1190.84
  499             1192.95
  500             1195.70
  501             1197.68
  502             1200.01
  503             1204.62
  504             1208.09
  505             1208.84
  506             1210.99
  507             1212.12
  508             1217.10
  509             1218.43
  510             1221.83
  511             1222.09
  512             1223.47
  513             1226.42
  514             1229.46
  515             1230.86
  516             1231.73
  517             1231.87
  518             1233.71
  519             1234.95
  520             1235.97
  521             1243.07
  522             1244.26
  523             1245.11
  524             1246.11
  525             1246.51
  526             1246.92
  527             1248.81
  528             1250.16
  529             1252.38
  530             1258.49
  531             1259.57
  532             1261.12
  533             1261.98
  534             1264.98
  535             1267.57
  536             1269.16
  537             1274.75
  538             1276.22
  539             1277.97
  540             1278.03
  541             1279.82
  542             1280.29
  543             1281.01
  544             1289.96
  545             1290.42
  546             1291.10
  547             1292.87
  548             1293.41
  549             1294.26
  550             1294.42
  551             1294.86
  552             1295.15
  553             1296.83
  554             1300.56
  555             1300.91
  556             1302.72
  557             1304.05
  558             1305.00
  559             1305.92
  560             1307.29
  561             1307.72
  562             1307.95
  563             1312.93
  564             1314.26
  565             1318.17
  566             1319.53
  567             1320.62
  568             1321.12
  569             1321.66
  570             1321.96
  571             1322.06
  572             1323.09
  573             1323.64
  574             1328.45
  575             1328.64
  576             1329.08
  577             1329.19
  578             1330.48
  579             1336.64
  580             1337.66
  581             1338.73
  582             1338.87
  583             1341.16
  584             1344.52
  585             1345.67
  586             1345.94
  587             1346.84
  588             1351.39
  589             1352.86
  590             1353.66
  591             1354.15
  592             1355.42
  593             1357.16
  594             1357.39
  595             1358.03
  596             1358.13
  597             1360.90
  598             1361.00
  599             1361.31
  600             1362.18
  601             1363.15
  602             1364.36
  603             1366.69
  604             1367.18
  605             1367.28
  606             1368.83
  607             1370.07
  608             1371.12
  609             1373.23
  610             1375.24
  611             1375.37
  612             1376.55
  613             1377.35
  614             1377.94
  615             1378.55
  616             1379.66
  617             1380.63
  618             1380.74
  619             1383.50
  620             1384.61
  621             1385.87
  622             1386.93
  623             1387.46
  624             1387.93
  625             1391.45
  626             1391.97
  627             1393.43
  628             1393.69
  629             1393.82
  630             1394.79
  631             1395.00
  632             1395.73
  633             1397.66
  634             1398.68
  635             1398.95
  636             1399.88
  637             1400.23
  638             1403.14
  639             1403.70
  640             1404.78
  641             1405.33
  642             1407.41
  643             1409.13
  644             1416.99
  645             1417.42
  646             1420.08
  647             1421.47
  648             1424.02
  649             1427.07
  650             1431.88
  651             1433.31
  652             1434.30
  653             1440.09
  654             1440.21
  655             1448.41
  656             1449.21
  657             1462.87
  658             1464.63
  659             1467.90
  660             1473.10
  661             1477.23
  662             1488.36
  663             1494.46
  664             1508.60
  665             1515.18
  666             1521.27
  667             1523.47
  668             1530.34
  669             1534.03
  670             1540.92
  671             1549.21
  672             1549.89
  673             1565.33
  674             1568.79
  675             1574.81
  676             1580.66
  677             1608.74
  678             1619.03
  679             1631.60
  680             1646.01
  681             1652.55
  682             1665.10
  683             1718.21
  684             1740.74
  685             1814.89
  686             2945.55
  687             2951.24
  688             2955.68
  689             2958.66
  690             2961.59
  691             2962.41
  692             2962.72
  693             2963.55
  694             2964.51
  695             2964.81
  696             2967.71
  697             2968.26
  698             2969.11
  699             2969.66
  700             2972.59
  701             2975.27
  702             2976.29
  703             2977.62
  704             2978.09
  705             2979.78
  706             2980.45
  707             2983.44
  708             2984.78
  709             2995.07
  710             3004.19
  711             3004.53
  712             3007.30
  713             3011.49
  714             3016.45
  715             3017.60
  716             3018.27
  717             3020.57
  718             3022.35
  719             3024.16
  720             3025.84
  721             3026.29
  722             3027.45
  723             3030.13
  724             3030.53
  725             3032.63
  726             3035.33
  727             3037.26
  728             3040.22
  729             3043.23
  730             3045.70
  731             3048.23
  732             3048.77
  733             3051.52
  734             3052.38
  735             3054.60
  736             3056.77
  737             3057.54
  738             3060.84
  739             3062.05
  740             3062.45
  741             3064.81
  742             3074.29
  743             3075.35
  744             3076.86
  745             3077.89
  746             3078.51
  747             3078.86
  748             3079.36
  749             3080.71
  750             3083.19
  751             3085.04
  752             3085.68
  753             3086.94
  754             3087.45
  755             3088.25
  756             3089.25
  757             3090.62
  758             3091.16
  759             3091.44
  760             3091.69
  761             3094.74
  762             3096.13
  763             3098.08
  764             3098.24
  765             3099.64
  766             3100.36
  767             3103.38
  768             3105.22
  769             3105.47
  770             3107.66
  771             3108.14
  772             3108.15
  773             3108.59
  774             3109.05
  775             3109.33
  776             3109.85
  777             3110.27
  778             3110.30
  779             3110.50
  780             3111.06
  781             3112.34
  782             3113.65
  783             3113.71
  784             3114.04
  785             3114.18
  786             3114.25
  787             3115.07
  788             3116.00
  789             3116.11
  790             3116.75
  791             3117.20
  792             3117.62
  793             3117.90
  794             3119.24
  795             3119.26
  796             3119.48
  797             3120.69
  798             3121.14
  799             3122.30
  800             3122.59
  801             3122.62
  802             3123.29
  803             3123.49
  804             3123.51
  805             3123.77
  806             3124.27
  807             3124.56
  808             3124.90
  809             3125.35
  810             3125.44
  811             3125.56
  812             3126.10
  813             3126.23
  814             3127.33
  815             3127.54
  816             3127.79
  817             3127.96
  818             3128.14
  819             3129.06
  820             3129.91
  821             3130.83
  822             3130.94
  823             3131.29
  824             3131.34
  825             3132.26
  826             3132.52
  827             3132.91
  828             3133.60
  829             3134.52
  830             3137.66
  831             3138.14
  832             3138.48
  833             3143.63
 Saving results in set 'hess'

 --------------------------------------------------------------------------------

 End time:                               Fri Jan 21 18:03:43 2022
 Total wall-clock time:                291.555 seconds
==================================================================================
