
================================================================================
          _____________ ________ _______________ ________     _________         
         / ___________// ______ \\_____   _____// ______ \   / ________)        
        / /_________  / /      \ \     | |     / /      \ \ | (_______          
       |  __________|| |        | |    | |    | |        | | \________ \        
        \ \_________ | |        | |    | |     \ \______/ /___________) |       
         \__________||_|        |_|    |_|      \________//____________/        
                                                                                
====================================[ Qcore ]===================================

 Git describe: 2.3.0-166-g4178ddb
 Compiler:     GNU 9.1.0
 Build type:   Release
 Version:      2.3.0-166-g4178ddb

 Start time:   Fri Jan 21 17:59:34 2022

 Data directory: /user/home/of15641/.local/src/Qcore/release/share/entos/qcore/data
 Number of threads: 32
 Number of threads was determined by: number of physical cores

 --------------------------------------------------------------------------------
                                 command: hessian                                
 --------------------------------------------------------------------------------

 -------------------------------
  Numerical Geometrical Hessian 
 -------------------------------

 Compute hessian using two-point central differentiation.
 Step size (bohr):                       0.0100

 Frequencies (including translational and rotational modes):
 mode    frequency (cm-1)
    0              344.40 i (imaginary)
    1              308.00 i (imaginary)
    2              276.91 i (imaginary)
    3              208.49 i (imaginary)
    4              191.19 i (imaginary)
    5              179.07 i (imaginary)
    6              174.93 i (imaginary)
    7              152.09 i (imaginary)
    8              149.25 i (imaginary)
    9              148.04 i (imaginary)
   10              145.36 i (imaginary)
   11              139.87 i (imaginary)
   12              131.78 i (imaginary)
   13              125.53 i (imaginary)
   14              113.11 i (imaginary)
   15               97.63 i (imaginary)
   16               85.01 i (imaginary)
   17               83.10 i (imaginary)
   18               76.02 i (imaginary)
   19               75.46 i (imaginary)
   20               74.85 i (imaginary)
   21               61.09 i (imaginary)
   22               49.55 i (imaginary)
   23               41.22 i (imaginary)
   24               34.54 i (imaginary)
   25               12.64 i (imaginary)
   26                1.84 i (imaginary)
   27                1.32 i (imaginary)
   28                2.09
   29                6.03
   30                7.73
   31                9.78
   32               13.12
   33               17.48
   34               18.54
   35               19.15
   36               22.31
   37               28.14
   38               30.63
   39               34.42
   40               37.41
   41               38.63
   42               41.94
   43               43.83
   44               46.47
   45               49.10
   46               51.22
   47               52.42
   48               54.30
   49               56.37
   50               58.26
   51               59.48
   52               63.82
   53               67.23
   54               68.13
   55               70.01
   56               70.96
   57               74.30
   58               78.00
   59               78.59
   60               82.77
   61               83.19
   62               84.56
   63               86.64
   64               86.98
   65               89.45
   66               90.01
   67               91.98
   68               94.90
   69               95.75
   70               96.92
   71              102.45
   72              105.06
   73              106.86
   74              107.15
   75              109.71
   76              110.35
   77              112.23
   78              112.40
   79              112.70
   80              117.04
   81              118.80
   82              121.24
   83              121.88
   84              122.75
   85              126.72
   86              128.84
   87              129.68
   88              131.59
   89              132.45
   90              134.24
   91              137.38
   92              138.77
   93              139.66
   94              140.70
   95              140.86
   96              143.13
   97              145.42
   98              147.56
   99              147.72
  100              151.44
  101              152.68
  102              154.62
  103              156.50
  104              156.76
  105              158.96
  106              159.56
  107              160.63
  108              163.36
  109              168.15
  110              169.05
  111              169.39
  112              170.58
  113              171.06
  114              173.62
  115              176.39
  116              177.66
  117              179.01
  118              182.01
  119              183.77
  120              185.64
  121              193.16
  122              194.31
  123              196.05
  124              200.70
  125              202.16
  126              205.19
  127              209.37
  128              209.53
  129              211.67
  130              213.37
  131              216.05
  132              218.91
  133              225.95
  134              228.00
  135              230.33
  136              231.73
  137              232.23
  138              235.06
  139              238.94
  140              239.88
  141              241.86
  142              242.25
  143              243.65
  144              245.63
  145              254.33
  146              254.53
  147              261.72
  148              263.78
  149              264.97
  150              265.47
  151              267.88
  152              268.24
  153              272.29
  154              273.76
  155              274.34
  156              277.07
  157              280.71
  158              281.20
  159              287.02
  160              287.58
  161              288.03
  162              289.00
  163              293.54
  164              296.12
  165              301.27
  166              302.12
  167              307.24
  168              307.92
  169              309.38
  170              312.48
  171              314.78
  172              320.00
  173              322.56
  174              324.46
  175              327.20
  176              327.49
  177              327.96
  178              330.45
  179              332.99
  180              335.55
  181              337.58
  182              339.12
  183              342.96
  184              343.60
  185              345.66
  186              347.71
  187              352.51
  188              354.45
  189              357.54
  190              357.83
  191              362.58
  192              363.15
  193              365.55
  194              367.42
  195              369.25
  196              375.79
  197              377.81
  198              384.02
  199              386.55
  200              391.06
  201              394.90
  202              396.91
  203              399.01
  204              399.87
  205              407.08
  206              409.30
  207              410.11
  208              416.28
  209              420.75
  210              422.89
  211              425.76
  212              426.08
  213              426.85
  214              433.09
  215              435.12
  216              435.27
  217              444.81
  218              446.81
  219              450.74
  220              451.76
  221              453.22
  222              458.83
  223              460.99
  224              465.50
  225              465.99
  226              471.86
  227              484.84
  228              490.49
  229              493.95
  230              499.34
  231              500.80
  232              504.27
  233              506.98
  234              509.54
  235              515.96
  236              521.73
  237              528.94
  238              535.54
  239              535.81
  240              539.80
  241              543.77
  242              552.65
  243              555.29
  244              558.73
  245              562.84
  246              565.05
  247              566.97
  248              571.03
  249              572.24
  250              575.80
  251              577.76
  252              582.59
  253              587.87
  254              590.85
  255              593.57
  256              597.16
  257              603.65
  258              605.24
  259              608.99
  260              610.25
  261              622.63
  262              628.61
  263              634.20
  264              635.04
  265              636.94
  266              639.13
  267              642.17
  268              654.88
  269              660.16
  270              665.90
  271              671.89
  272              673.20
  273              673.84
  274              676.75
  275              682.16
  276              682.63
  277              684.71
  278              685.50
  279              689.55
  280              692.45
  281              695.24
  282              707.88
  283              713.56
  284              714.47
  285              715.22
  286              722.55
  287              723.52
  288              727.25
  289              728.03
  290              732.71
  291              734.35
  292              735.82
  293              737.95
  294              740.60
  295              743.33
  296              744.01
  297              744.04
  298              750.08
  299              751.29
  300              756.06
  301              761.37
  302              762.67
  303              764.38
  304              764.51
  305              765.91
  306              767.83
  307              768.06
  308              770.89
  309              772.30
  310              778.14
  311              778.71
  312              780.11
  313              788.85
  314              795.53
  315              797.68
  316              802.41
  317              807.69
  318              812.55
  319              814.67
  320              819.13
  321              820.54
  322              821.97
  323              825.24
  324              828.95
  325              829.79
  326              831.21
  327              833.74
  328              834.72
  329              841.06
  330              841.66
  331              843.62
  332              847.57
  333              849.76
  334              854.62
  335              855.26
  336              857.95
  337              860.29
  338              861.37
  339              863.31
  340              864.44
  341              866.08
  342              871.79
  343              876.46
  344              877.01
  345              879.17
  346              883.67
  347              884.99
  348              885.64
  349              886.52
  350              887.16
  351              887.30
  352              887.80
  353              889.49
  354              892.02
  355              896.83
  356              899.58
  357              902.34
  358              905.25
  359              905.84
  360              908.46
  361              910.47
  362              911.75
  363              912.75
  364              913.74
  365              914.52
  366              919.37
  367              921.92
  368              923.91
  369              926.02
  370              927.80
  371              929.01
  372              929.33
  373              929.68
  374              932.77
  375              932.84
  376              935.24
  377              936.95
  378              939.61
  379              940.59
  380              943.67
  381              944.69
  382              946.16
  383              947.61
  384              951.52
  385              952.03
  386              952.38
  387              956.97
  388              958.75
  389              959.15
  390              962.48
  391              964.28
  392              967.93
  393              968.09
  394              970.37
  395              970.98
  396              977.52
  397              978.68
  398              979.36
  399              980.07
  400              984.44
  401              985.01
  402              986.24
  403              987.92
  404              993.32
  405              994.38
  406              995.86
  407              997.30
  408             1000.20
  409             1000.61
  410             1006.32
  411             1006.49
  412             1008.39
  413             1011.13
  414             1011.99
  415             1020.07
  416             1024.58
  417             1026.49
  418             1029.27
  419             1029.76
  420             1030.52
  421             1031.23
  422             1032.42
  423             1035.35
  424             1036.34
  425             1037.04
  426             1039.04
  427             1041.35
  428             1041.57
  429             1044.51
  430             1047.61
  431             1049.65
  432             1052.42
  433             1053.14
  434             1054.15
  435             1056.68
  436             1061.20
  437             1066.52
  438             1068.45
  439             1072.41
  440             1072.71
  441             1078.64
  442             1079.29
  443             1079.51
  444             1083.46
  445             1085.32
  446             1086.81
  447             1087.06
  448             1089.21
  449             1092.05
  450             1094.20
  451             1095.98
  452             1096.10
  453             1099.46
  454             1103.45
  455             1104.66
  456             1109.75
  457             1112.93
  458             1114.47
  459             1116.25
  460             1117.75
  461             1119.16
  462             1119.87
  463             1121.03
  464             1124.31
  465             1126.21
  466             1126.72
  467             1127.63
  468             1127.93
  469             1129.15
  470             1130.72
  471             1132.44
  472             1132.85
  473             1134.23
  474             1138.37
  475             1139.34
  476             1140.01
  477             1143.15
  478             1143.43
  479             1144.75
  480             1147.53
  481             1147.58
  482             1148.27
  483             1150.53
  484             1151.08
  485             1153.44
  486             1156.35
  487             1157.30
  488             1161.21
  489             1167.84
  490             1168.26
  491             1168.94
  492             1169.55
  493             1169.86
  494             1175.29
  495             1176.70
  496             1179.05
  497             1179.59
  498             1180.42
  499             1184.78
  500             1187.87
  501             1189.10
  502             1190.59
  503             1196.00
  504             1196.25
  505             1198.82
  506             1201.35
  507             1202.65
  508             1204.22
  509             1208.76
  510             1209.35
  511             1210.58
  512             1211.33
  513             1215.39
  514             1215.79
  515             1217.81
  516             1217.83
  517             1221.32
  518             1221.45
  519             1224.34
  520             1224.74
  521             1228.85
  522             1232.19
  523             1234.54
  524             1237.66
  525             1241.11
  526             1242.37
  527             1245.10
  528             1245.71
  529             1245.86
  530             1247.47
  531             1247.81
  532             1248.05
  533             1254.48
  534             1254.67
  535             1254.86
  536             1257.93
  537             1266.63
  538             1267.17
  539             1270.25
  540             1271.60
  541             1274.24
  542             1276.11
  543             1277.07
  544             1277.12
  545             1280.82
  546             1282.86
  547             1285.17
  548             1285.78
  549             1288.37
  550             1289.79
  551             1290.22
  552             1292.97
  553             1293.19
  554             1294.82
  555             1296.19
  556             1297.40
  557             1297.54
  558             1300.44
  559             1302.39
  560             1302.68
  561             1304.38
  562             1306.13
  563             1307.24
  564             1308.16
  565             1310.66
  566             1311.84
  567             1313.41
  568             1313.63
  569             1313.80
  570             1314.81
  571             1316.29
  572             1316.48
  573             1318.66
  574             1318.74
  575             1319.14
  576             1321.34
  577             1325.61
  578             1326.52
  579             1327.69
  580             1327.90
  581             1328.11
  582             1330.02
  583             1330.85
  584             1331.03
  585             1332.03
  586             1333.15
  587             1333.77
  588             1333.94
  589             1335.32
  590             1335.39
  591             1338.07
  592             1338.63
  593             1343.18
  594             1343.54
  595             1343.80
  596             1344.87
  597             1345.81
  598             1346.15
  599             1348.59
  600             1351.97
  601             1352.77
  602             1353.82
  603             1354.27
  604             1355.05
  605             1355.53
  606             1356.21
  607             1358.14
  608             1359.33
  609             1360.44
  610             1361.54
  611             1363.94
  612             1364.63
  613             1365.66
  614             1366.07
  615             1366.55
  616             1367.79
  617             1369.22
  618             1370.54
  619             1371.36
  620             1373.09
  621             1373.40
  622             1373.93
  623             1374.06
  624             1374.43
  625             1375.91
  626             1378.24
  627             1378.39
  628             1380.58
  629             1383.02
  630             1383.16
  631             1384.97
  632             1385.85
  633             1386.47
  634             1387.89
  635             1387.90
  636             1389.19
  637             1392.36
  638             1393.69
  639             1394.58
  640             1396.27
  641             1396.42
  642             1396.60
  643             1397.65
  644             1398.06
  645             1399.81
  646             1402.51
  647             1404.04
  648             1411.57
  649             1411.71
  650             1412.04
  651             1412.33
  652             1412.95
  653             1415.48
  654             1417.69
  655             1419.89
  656             1426.61
  657             1430.72
  658             1432.58
  659             1435.14
  660             1445.80
  661             1445.85
  662             1446.72
  663             1455.75
  664             1466.24
  665             1466.84
  666             1484.74
  667             1490.65
  668             1490.74
  669             1502.47
  670             1509.68
  671             1527.86
  672             1529.72
  673             1531.97
  674             1536.87
  675             1547.56
  676             1573.50
  677             1578.57
  678             1580.96
  679             1595.77
  680             1601.24
  681             1627.16
  682             1631.75
  683             1646.24
  684             1663.26
  685             1687.21
  686             1701.61
  687             1703.84
  688             1732.59
  689             1734.08
  690             1763.12
  691             1789.84
  692             2922.75
  693             2939.76
  694             2944.96
  695             2947.50
  696             2951.46
  697             2954.34
  698             2954.73
  699             2955.36
  700             2955.77
  701             2957.49
  702             2959.85
  703             2961.28
  704             2961.93
  705             2964.71
  706             2965.17
  707             2965.79
  708             2967.74
  709             2968.75
  710             2970.29
  711             2971.41
  712             2972.09
  713             2979.54
  714             2981.74
  715             2992.47
  716             3008.55
  717             3010.84
  718             3010.99
  719             3013.88
  720             3016.06
  721             3019.06
  722             3021.59
  723             3021.97
  724             3022.28
  725             3022.71
  726             3024.01
  727             3029.12
  728             3031.07
  729             3031.13
  730             3034.88
  731             3036.66
  732             3036.96
  733             3037.58
  734             3041.91
  735             3042.95
  736             3049.08
  737             3050.02
  738             3052.41
  739             3053.30
  740             3053.52
  741             3053.84
  742             3055.04
  743             3060.67
  744             3062.80
  745             3067.07
  746             3067.33
  747             3068.22
  748             3076.02
  749             3077.85
  750             3080.54
  751             3081.93
  752             3082.09
  753             3083.29
  754             3085.24
  755             3085.39
  756             3086.01
  757             3086.66
  758             3086.96
  759             3087.54
  760             3088.92
  761             3088.96
  762             3089.17
  763             3091.14
  764             3092.92
  765             3093.55
  766             3097.47
  767             3097.87
  768             3101.17
  769             3101.67
  770             3102.24
  771             3103.32
  772             3105.85
  773             3106.41
  774             3106.63
  775             3107.72
  776             3108.72
  777             3109.95
  778             3109.99
  779             3110.50
  780             3110.99
  781             3111.04
  782             3111.16
  783             3111.33
  784             3112.10
  785             3112.51
  786             3113.36
  787             3113.48
  788             3113.87
  789             3113.90
  790             3114.13
  791             3114.16
  792             3114.57
  793             3114.63
  794             3115.11
  795             3115.13
  796             3117.03
  797             3117.33
  798             3118.42
  799             3118.66
  800             3120.26
  801             3120.37
  802             3120.73
  803             3120.83
  804             3120.89
  805             3121.12
  806             3121.41
  807             3122.27
  808             3122.68
  809             3122.99
  810             3123.29
  811             3123.34
  812             3123.93
  813             3124.76
  814             3124.86
  815             3125.06
  816             3125.15
  817             3125.32
  818             3126.04
  819             3126.11
  820             3126.19
  821             3126.23
  822             3127.44
  823             3127.90
  824             3128.01
  825             3128.57
  826             3129.60
  827             3130.03
  828             3130.38
  829             3131.32
  830             3133.96
  831             3134.29
  832             3134.95
  833             3136.52
  834             3137.12
  835             3137.99
  836             3138.85
  837             3139.02
  838             3140.34
  839             3143.54

 Project out translational and rotational motions 

 Degrees of freedom for translational and rotational motions: 6

 Vibrational frequencies:
 mode    frequency (cm-1)
    0              344.39 i (imaginary)
    1              308.00 i (imaginary)
    2              276.90 i (imaginary)
    3              208.48 i (imaginary)
    4              191.17 i (imaginary)
    5              179.06 i (imaginary)
    6              174.91 i (imaginary)
    7              152.07 i (imaginary)
    8              149.24 i (imaginary)
    9              148.03 i (imaginary)
   10              145.35 i (imaginary)
   11              139.84 i (imaginary)
   12              131.75 i (imaginary)
   13              125.50 i (imaginary)
   14              113.07 i (imaginary)
   15               97.60 i (imaginary)
   16               84.89 i (imaginary)
   17               83.07 i (imaginary)
   18               75.97 i (imaginary)
   19               75.42 i (imaginary)
   20               74.77 i (imaginary)
   21               60.98 i (imaginary)
   22               49.50 i (imaginary)
   23               41.04 i (imaginary)
   24               33.83 i (imaginary)
   25                4.19 i (imaginary)
   26                7.99
   27               15.16
   28               17.64
   29               19.09
   30               20.48
   31               27.91
   32               29.91
   33               33.95
   34               37.13
   35               38.03
   36               41.68
   37               42.68
   38               46.04
   39               47.87
   40               51.01
   41               51.47
   42               53.96
   43               56.13
   44               58.22
   45               59.41
   46               63.75
   47               67.19
   48               67.90
   49               69.94
   50               70.91
   51               74.20
   52               77.87
   53               78.52
   54               82.53
   55               82.87
   56               84.49
   57               86.54
   58               86.90
   59               89.35
   60               90.00
   61               91.97
   62               94.88
   63               95.73
   64               96.85
   65              102.41
   66              105.02
   67              106.82
   68              107.15
   69              109.67
   70              110.32
   71              112.20
   72              112.39
   73              112.70
   74              117.00
   75              118.71
   76              121.22
   77              121.86
   78              122.74
   79              126.68
   80              128.82
   81              129.64
   82              131.57
   83              132.43
   84              134.20
   85              137.34
   86              138.75
   87              139.61
   88              140.70
   89              140.85
   90              143.13
   91              145.39
   92              147.54
   93              147.69
   94              151.43
   95              152.67
   96              154.57
   97              156.49
   98              156.76
   99              158.96
  100              159.53
  101              160.61
  102              163.36
  103              168.14
  104              169.04
  105              169.37
  106              170.57
  107              171.03
  108              173.60
  109              176.38
  110              177.65
  111              179.00
  112              182.01
  113              183.77
  114              185.63
  115              193.15
  116              194.31
  117              196.05
  118              200.70
  119              202.16
  120              205.18
  121              209.37
  122              209.52
  123              211.66
  124              213.35
  125              216.05
  126              218.90
  127              225.95
  128              227.99
  129              230.32
  130              231.72
  131              232.20
  132              235.05
  133              238.94
  134              239.88
  135              241.84
  136              242.25
  137              243.64
  138              245.63
  139              254.33
  140              254.52
  141              261.71
  142              263.77
  143              264.96
  144              265.47
  145              267.88
  146              268.23
  147              272.28
  148              273.76
  149              274.33
  150              277.07
  151              280.71
  152              281.19
  153              287.02
  154              287.58
  155              288.03
  156              288.99
  157              293.53
  158              296.11
  159              301.27
  160              302.11
  161              307.23
  162              307.92
  163              309.36
  164              312.47
  165              314.78
  166              319.99
  167              322.56
  168              324.45
  169              327.20
  170              327.49
  171              327.95
  172              330.45
  173              332.99
  174              335.55
  175              337.58
  176              339.12
  177              342.96
  178              343.59
  179              345.65
  180              347.70
  181              352.51
  182              354.45
  183              357.54
  184              357.83
  185              362.57
  186              363.15
  187              365.55
  188              367.42
  189              369.24
  190              375.79
  191              377.81
  192              384.02
  193              386.54
  194              391.06
  195              394.89
  196              396.91
  197              399.01
  198              399.87
  199              407.07
  200              409.30
  201              410.10
  202              416.27
  203              420.74
  204              422.89
  205              425.76
  206              426.07
  207              426.85
  208              433.09
  209              435.12
  210              435.27
  211              444.81
  212              446.81
  213              450.74
  214              451.76
  215              453.21
  216              458.83
  217              460.99
  218              465.50
  219              465.98
  220              471.86
  221              484.83
  222              490.49
  223              493.94
  224              499.34
  225              500.80
  226              504.27
  227              506.98
  228              509.54
  229              515.95
  230              521.73
  231              528.94
  232              535.54
  233              535.81
  234              539.80
  235              543.77
  236              552.65
  237              555.28
  238              558.73
  239              562.84
  240              565.05
  241              566.96
  242              571.03
  243              572.24
  244              575.79
  245              577.76
  246              582.58
  247              587.87
  248              590.85
  249              593.57
  250              597.16
  251              603.64
  252              605.24
  253              608.99
  254              610.25
  255              622.63
  256              628.61
  257              634.20
  258              635.04
  259              636.94
  260              639.13
  261              642.17
  262              654.88
  263              660.16
  264              665.90
  265              671.89
  266              673.20
  267              673.84
  268              676.75
  269              682.16
  270              682.63
  271              684.71
  272              685.50
  273              689.55
  274              692.45
  275              695.24
  276              707.88
  277              713.56
  278              714.47
  279              715.22
  280              722.55
  281              723.52
  282              727.25
  283              728.03
  284              732.71
  285              734.35
  286              735.82
  287              737.94
  288              740.60
  289              743.33
  290              744.01
  291              744.04
  292              750.08
  293              751.29
  294              756.06
  295              761.37
  296              762.67
  297              764.38
  298              764.50
  299              765.91
  300              767.83
  301              768.06
  302              770.89
  303              772.30
  304              778.13
  305              778.71
  306              780.11
  307              788.85
  308              795.53
  309              797.68
  310              802.41
  311              807.69
  312              812.55
  313              814.67
  314              819.13
  315              820.54
  316              821.97
  317              825.24
  318              828.95
  319              829.79
  320              831.21
  321              833.74
  322              834.72
  323              841.06
  324              841.66
  325              843.62
  326              847.57
  327              849.76
  328              854.62
  329              855.26
  330              857.95
  331              860.29
  332              861.37
  333              863.31
  334              864.44
  335              866.08
  336              871.79
  337              876.46
  338              877.01
  339              879.17
  340              883.67
  341              884.99
  342              885.64
  343              886.52
  344              887.16
  345              887.30
  346              887.80
  347              889.49
  348              892.02
  349              896.83
  350              899.58
  351              902.34
  352              905.25
  353              905.84
  354              908.46
  355              910.47
  356              911.75
  357              912.74
  358              913.74
  359              914.52
  360              919.37
  361              921.92
  362              923.91
  363              926.02
  364              927.80
  365              929.01
  366              929.33
  367              929.68
  368              932.77
  369              932.84
  370              935.23
  371              936.95
  372              939.61
  373              940.58
  374              943.67
  375              944.69
  376              946.16
  377              947.61
  378              951.52
  379              952.03
  380              952.38
  381              956.97
  382              958.75
  383              959.15
  384              962.48
  385              964.28
  386              967.93
  387              968.09
  388              970.37
  389              970.98
  390              977.52
  391              978.68
  392              979.36
  393              980.07
  394              984.44
  395              985.01
  396              986.23
  397              987.92
  398              993.32
  399              994.37
  400              995.86
  401              997.30
  402             1000.20
  403             1000.61
  404             1006.32
  405             1006.49
  406             1008.39
  407             1011.13
  408             1011.99
  409             1020.07
  410             1024.58
  411             1026.49
  412             1029.27
  413             1029.76
  414             1030.52
  415             1031.23
  416             1032.42
  417             1035.35
  418             1036.34
  419             1037.04
  420             1039.04
  421             1041.35
  422             1041.57
  423             1044.51
  424             1047.61
  425             1049.65
  426             1052.42
  427             1053.14
  428             1054.15
  429             1056.68
  430             1061.20
  431             1066.52
  432             1068.45
  433             1072.41
  434             1072.71
  435             1078.64
  436             1079.29
  437             1079.51
  438             1083.46
  439             1085.32
  440             1086.81
  441             1087.06
  442             1089.21
  443             1092.05
  444             1094.20
  445             1095.98
  446             1096.10
  447             1099.46
  448             1103.45
  449             1104.66
  450             1109.75
  451             1112.93
  452             1114.47
  453             1116.25
  454             1117.75
  455             1119.16
  456             1119.87
  457             1121.03
  458             1124.31
  459             1126.21
  460             1126.72
  461             1127.63
  462             1127.93
  463             1129.15
  464             1130.72
  465             1132.44
  466             1132.85
  467             1134.23
  468             1138.37
  469             1139.34
  470             1140.01
  471             1143.15
  472             1143.43
  473             1144.75
  474             1147.53
  475             1147.58
  476             1148.27
  477             1150.53
  478             1151.08
  479             1153.44
  480             1156.35
  481             1157.30
  482             1161.21
  483             1167.84
  484             1168.26
  485             1168.94
  486             1169.55
  487             1169.86
  488             1175.29
  489             1176.70
  490             1179.05
  491             1179.59
  492             1180.42
  493             1184.78
  494             1187.87
  495             1189.10
  496             1190.59
  497             1196.00
  498             1196.25
  499             1198.82
  500             1201.35
  501             1202.65
  502             1204.22
  503             1208.76
  504             1209.35
  505             1210.58
  506             1211.33
  507             1215.39
  508             1215.79
  509             1217.81
  510             1217.83
  511             1221.32
  512             1221.45
  513             1224.34
  514             1224.74
  515             1228.85
  516             1232.19
  517             1234.54
  518             1237.66
  519             1241.11
  520             1242.37
  521             1245.10
  522             1245.71
  523             1245.86
  524             1247.47
  525             1247.81
  526             1248.05
  527             1254.48
  528             1254.67
  529             1254.86
  530             1257.93
  531             1266.63
  532             1267.17
  533             1270.25
  534             1271.60
  535             1274.24
  536             1276.11
  537             1277.07
  538             1277.12
  539             1280.82
  540             1282.86
  541             1285.17
  542             1285.78
  543             1288.37
  544             1289.79
  545             1290.22
  546             1292.97
  547             1293.19
  548             1294.81
  549             1296.19
  550             1297.40
  551             1297.54
  552             1300.44
  553             1302.39
  554             1302.68
  555             1304.38
  556             1306.13
  557             1307.24
  558             1308.16
  559             1310.65
  560             1311.84
  561             1313.41
  562             1313.63
  563             1313.80
  564             1314.81
  565             1316.29
  566             1316.48
  567             1318.66
  568             1318.74
  569             1319.14
  570             1321.34
  571             1325.61
  572             1326.52
  573             1327.69
  574             1327.90
  575             1328.11
  576             1330.02
  577             1330.85
  578             1331.03
  579             1332.03
  580             1333.15
  581             1333.77
  582             1333.94
  583             1335.32
  584             1335.39
  585             1338.07
  586             1338.63
  587             1343.18
  588             1343.54
  589             1343.80
  590             1344.87
  591             1345.81
  592             1346.15
  593             1348.59
  594             1351.97
  595             1352.77
  596             1353.82
  597             1354.27
  598             1355.05
  599             1355.53
  600             1356.21
  601             1358.14
  602             1359.33
  603             1360.44
  604             1361.54
  605             1363.94
  606             1364.63
  607             1365.66
  608             1366.07
  609             1366.55
  610             1367.79
  611             1369.22
  612             1370.54
  613             1371.36
  614             1373.09
  615             1373.40
  616             1373.93
  617             1374.06
  618             1374.43
  619             1375.91
  620             1378.24
  621             1378.39
  622             1380.58
  623             1383.02
  624             1383.16
  625             1384.97
  626             1385.85
  627             1386.47
  628             1387.89
  629             1387.90
  630             1389.19
  631             1392.36
  632             1393.69
  633             1394.58
  634             1396.27
  635             1396.42
  636             1396.60
  637             1397.65
  638             1398.06
  639             1399.81
  640             1402.51
  641             1404.04
  642             1411.57
  643             1411.71
  644             1412.04
  645             1412.33
  646             1412.95
  647             1415.48
  648             1417.69
  649             1419.89
  650             1426.61
  651             1430.72
  652             1432.58
  653             1435.14
  654             1445.80
  655             1445.85
  656             1446.72
  657             1455.75
  658             1466.24
  659             1466.84
  660             1484.74
  661             1490.65
  662             1490.74
  663             1502.47
  664             1509.68
  665             1527.86
  666             1529.72
  667             1531.97
  668             1536.87
  669             1547.56
  670             1573.50
  671             1578.57
  672             1580.96
  673             1595.77
  674             1601.24
  675             1627.16
  676             1631.75
  677             1646.24
  678             1663.26
  679             1687.21
  680             1701.61
  681             1703.84
  682             1732.59
  683             1734.08
  684             1763.12
  685             1789.84
  686             2922.75
  687             2939.76
  688             2944.96
  689             2947.50
  690             2951.46
  691             2954.34
  692             2954.73
  693             2955.36
  694             2955.77
  695             2957.49
  696             2959.85
  697             2961.28
  698             2961.93
  699             2964.71
  700             2965.17
  701             2965.79
  702             2967.74
  703             2968.75
  704             2970.29
  705             2971.41
  706             2972.09
  707             2979.54
  708             2981.74
  709             2992.47
  710             3008.55
  711             3010.84
  712             3010.99
  713             3013.88
  714             3016.06
  715             3019.06
  716             3021.59
  717             3021.97
  718             3022.28
  719             3022.71
  720             3024.01
  721             3029.12
  722             3031.07
  723             3031.13
  724             3034.88
  725             3036.66
  726             3036.96
  727             3037.58
  728             3041.91
  729             3042.95
  730             3049.08
  731             3050.02
  732             3052.41
  733             3053.30
  734             3053.52
  735             3053.84
  736             3055.04
  737             3060.67
  738             3062.80
  739             3067.07
  740             3067.33
  741             3068.22
  742             3076.02
  743             3077.85
  744             3080.54
  745             3081.93
  746             3082.09
  747             3083.29
  748             3085.24
  749             3085.39
  750             3086.01
  751             3086.66
  752             3086.96
  753             3087.54
  754             3088.92
  755             3088.96
  756             3089.17
  757             3091.14
  758             3092.92
  759             3093.55
  760             3097.47
  761             3097.87
  762             3101.17
  763             3101.67
  764             3102.24
  765             3103.32
  766             3105.85
  767             3106.41
  768             3106.63
  769             3107.72
  770             3108.72
  771             3109.95
  772             3109.99
  773             3110.50
  774             3110.99
  775             3111.04
  776             3111.16
  777             3111.33
  778             3112.10
  779             3112.51
  780             3113.36
  781             3113.48
  782             3113.87
  783             3113.90
  784             3114.13
  785             3114.16
  786             3114.57
  787             3114.63
  788             3115.11
  789             3115.13
  790             3117.03
  791             3117.33
  792             3118.42
  793             3118.66
  794             3120.26
  795             3120.37
  796             3120.73
  797             3120.83
  798             3120.89
  799             3121.12
  800             3121.41
  801             3122.27
  802             3122.68
  803             3122.99
  804             3123.29
  805             3123.34
  806             3123.93
  807             3124.76
  808             3124.86
  809             3125.06
  810             3125.15
  811             3125.32
  812             3126.04
  813             3126.11
  814             3126.19
  815             3126.23
  816             3127.44
  817             3127.90
  818             3128.01
  819             3128.57
  820             3129.60
  821             3130.03
  822             3130.38
  823             3131.32
  824             3133.96
  825             3134.29
  826             3134.95
  827             3136.52
  828             3137.12
  829             3137.99
  830             3138.85
  831             3139.02
  832             3140.34
  833             3143.54
 Saving results in set 'hess'

 --------------------------------------------------------------------------------

 End time:                               Fri Jan 21 18:04:06 2022
 Total wall-clock time:                271.240 seconds
==================================================================================
