
================================================================================
          _____________ ________ _______________ ________     _________         
         / ___________// ______ \\_____   _____// ______ \   / ________)        
        / /_________  / /      \ \     | |     / /      \ \ | (_______          
       |  __________|| |        | |    | |    | |        | | \________ \        
        \ \_________ | |        | |    | |     \ \______/ /___________) |       
         \__________||_|        |_|    |_|      \________//____________/        
                                                                                
====================================[ Qcore ]===================================

 Git describe: 2.3.0-166-g4178ddb
 Compiler:     GNU 9.1.0
 Build type:   Release
 Version:      2.3.0-166-g4178ddb

 Start time:   Fri Jan 21 19:52:01 2022

 Data directory: /user/home/of15641/.local/src/Qcore/release/share/entos/qcore/data
 Number of threads: 32
 Number of threads was determined by: number of physical cores

 --------------------------------------------------------------------------------
                                 command: hessian                                
 --------------------------------------------------------------------------------

 -------------------------------
  Numerical Geometrical Hessian 
 -------------------------------

 Compute hessian using two-point central differentiation.
 Step size (bohr):                       0.0100

 Frequencies (including translational and rotational modes):
 mode    frequency (cm-1)
    0              290.66 i (imaginary)
    1              289.70 i (imaginary)
    2              257.99 i (imaginary)
    3              177.08 i (imaginary)
    4              168.89 i (imaginary)
    5              168.03 i (imaginary)
    6              166.11 i (imaginary)
    7              165.27 i (imaginary)
    8              162.17 i (imaginary)
    9              159.93 i (imaginary)
   10              158.25 i (imaginary)
   11              151.71 i (imaginary)
   12              144.36 i (imaginary)
   13              143.25 i (imaginary)
   14              139.28 i (imaginary)
   15              131.93 i (imaginary)
   16              126.94 i (imaginary)
   17               96.09 i (imaginary)
   18               92.38 i (imaginary)
   19               88.77 i (imaginary)
   20               81.86 i (imaginary)
   21               75.06 i (imaginary)
   22               68.77 i (imaginary)
   23               60.28 i (imaginary)
   24               46.08 i (imaginary)
   25               34.57 i (imaginary)
   26               26.98 i (imaginary)
   27               14.51 i (imaginary)
   28                5.88 i (imaginary)
   29                2.50 i (imaginary)
   30                1.88 i (imaginary)
   31                5.67
   32                8.87
   33               10.97
   34               12.50
   35               15.26
   36               16.33
   37               20.72
   38               22.93
   39               26.67
   40               34.94
   41               37.28
   42               37.72
   43               41.28
   44               44.38
   45               46.60
   46               47.81
   47               48.71
   48               50.36
   49               51.13
   50               52.42
   51               57.50
   52               59.00
   53               60.37
   54               64.44
   55               66.63
   56               69.00
   57               71.02
   58               73.88
   59               76.30
   60               81.47
   61               81.77
   62               84.73
   63               85.16
   64               85.54
   65               86.90
   66               88.79
   67               93.59
   68               94.31
   69               96.12
   70               96.78
   71               98.00
   72               99.02
   73              101.10
   74              102.21
   75              106.73
   76              108.19
   77              109.01
   78              110.03
   79              114.45
   80              115.69
   81              119.41
   82              121.72
   83              124.40
   84              124.65
   85              124.68
   86              127.17
   87              127.77
   88              128.04
   89              134.57
   90              135.91
   91              136.51
   92              137.04
   93              140.67
   94              141.72
   95              142.34
   96              144.12
   97              144.65
   98              149.12
   99              150.08
  100              150.42
  101              152.99
  102              155.75
  103              157.35
  104              160.34
  105              161.18
  106              163.43
  107              166.30
  108              166.72
  109              170.94
  110              171.37
  111              174.64
  112              175.87
  113              176.02
  114              178.59
  115              179.58
  116              185.19
  117              188.98
  118              189.43
  119              191.65
  120              196.14
  121              201.78
  122              202.56
  123              203.64
  124              208.26
  125              208.92
  126              209.18
  127              211.43
  128              212.63
  129              216.38
  130              217.90
  131              219.66
  132              222.28
  133              223.96
  134              224.58
  135              230.03
  136              230.83
  137              233.24
  138              235.60
  139              235.88
  140              237.55
  141              239.61
  142              243.44
  143              243.83
  144              247.84
  145              250.38
  146              253.38
  147              254.81
  148              259.63
  149              260.09
  150              260.53
  151              267.08
  152              268.42
  153              269.15
  154              270.70
  155              274.11
  156              276.63
  157              277.26
  158              282.81
  159              284.18
  160              288.25
  161              290.22
  162              292.25
  163              294.05
  164              297.00
  165              301.10
  166              304.01
  167              306.93
  168              307.10
  169              313.16
  170              314.97
  171              316.75
  172              317.84
  173              320.08
  174              323.57
  175              325.45
  176              329.11
  177              331.43
  178              332.51
  179              335.39
  180              335.79
  181              338.14
  182              343.47
  183              347.96
  184              349.72
  185              350.90
  186              354.61
  187              355.07
  188              358.00
  189              359.65
  190              362.41
  191              363.91
  192              364.06
  193              367.00
  194              370.49
  195              375.16
  196              377.32
  197              380.16
  198              381.51
  199              384.19
  200              390.55
  201              390.99
  202              392.01
  203              392.84
  204              402.84
  205              405.12
  206              406.14
  207              407.90
  208              409.08
  209              410.17
  210              416.86
  211              425.36
  212              429.18
  213              429.45
  214              431.29
  215              433.12
  216              437.19
  217              437.37
  218              440.42
  219              449.52
  220              453.24
  221              455.01
  222              456.84
  223              469.12
  224              469.75
  225              484.51
  226              485.84
  227              486.54
  228              489.46
  229              491.37
  230              496.99
  231              499.23
  232              505.18
  233              507.27
  234              508.91
  235              510.57
  236              523.40
  237              524.83
  238              529.29
  239              534.47
  240              535.33
  241              549.08
  242              552.37
  243              554.22
  244              558.42
  245              559.03
  246              564.88
  247              573.09
  248              576.63
  249              577.12
  250              579.98
  251              581.79
  252              587.72
  253              594.77
  254              597.28
  255              600.09
  256              603.98
  257              606.97
  258              610.88
  259              616.12
  260              622.21
  261              630.36
  262              633.62
  263              635.89
  264              639.44
  265              640.38
  266              647.52
  267              656.50
  268              657.08
  269              667.19
  270              667.90
  271              670.50
  272              671.66
  273              680.07
  274              682.89
  275              685.73
  276              689.16
  277              696.22
  278              697.83
  279              699.44
  280              701.18
  281              703.93
  282              711.44
  283              714.41
  284              717.64
  285              723.14
  286              724.05
  287              725.75
  288              728.11
  289              732.00
  290              733.80
  291              738.01
  292              742.10
  293              743.36
  294              745.17
  295              748.46
  296              751.26
  297              751.99
  298              755.48
  299              756.24
  300              757.50
  301              761.37
  302              762.60
  303              765.62
  304              766.29
  305              774.57
  306              774.90
  307              777.57
  308              778.99
  309              782.77
  310              784.11
  311              784.79
  312              794.11
  313              795.14
  314              798.53
  315              803.32
  316              804.03
  317              805.72
  318              806.42
  319              806.94
  320              811.26
  321              812.69
  322              817.83
  323              821.46
  324              825.58
  325              826.23
  326              829.42
  327              830.04
  328              833.06
  329              833.80
  330              836.46
  331              837.01
  332              838.74
  333              839.14
  334              844.94
  335              849.81
  336              853.07
  337              854.10
  338              855.11
  339              856.21
  340              858.95
  341              859.23
  342              859.85
  343              861.31
  344              862.93
  345              863.06
  346              865.79
  347              871.13
  348              871.68
  349              871.91
  350              876.81
  351              877.76
  352              879.09
  353              880.46
  354              882.60
  355              885.80
  356              886.76
  357              890.74
  358              891.88
  359              892.47
  360              892.80
  361              899.13
  362              900.28
  363              903.32
  364              907.32
  365              911.36
  366              914.94
  367              917.60
  368              918.59
  369              922.49
  370              923.29
  371              924.69
  372              925.20
  373              925.54
  374              925.77
  375              926.12
  376              927.84
  377              931.05
  378              934.28
  379              936.70
  380              937.25
  381              938.60
  382              941.43
  383              942.63
  384              943.98
  385              949.61
  386              952.52
  387              953.61
  388              956.52
  389              960.33
  390              961.39
  391              963.93
  392              964.00
  393              965.87
  394              966.91
  395              967.54
  396              968.23
  397              971.52
  398              972.27
  399              972.68
  400              976.01
  401              978.76
  402              980.58
  403              980.71
  404              982.86
  405              984.18
  406              987.23
  407              988.66
  408              992.27
  409              993.67
  410              995.19
  411              995.73
  412              996.77
  413              999.68
  414             1000.17
  415             1002.10
  416             1011.77
  417             1012.93
  418             1016.84
  419             1017.15
  420             1017.32
  421             1019.71
  422             1023.48
  423             1024.48
  424             1026.03
  425             1026.65
  426             1026.76
  427             1029.36
  428             1030.64
  429             1033.27
  430             1041.53
  431             1043.86
  432             1044.67
  433             1046.47
  434             1049.67
  435             1052.58
  436             1057.61
  437             1058.34
  438             1059.49
  439             1061.84
  440             1062.36
  441             1063.86
  442             1065.87
  443             1068.76
  444             1072.02
  445             1075.15
  446             1075.60
  447             1076.84
  448             1077.30
  449             1086.33
  450             1087.13
  451             1087.28
  452             1090.75
  453             1091.56
  454             1094.05
  455             1095.82
  456             1098.73
  457             1099.06
  458             1101.10
  459             1104.57
  460             1107.57
  461             1109.66
  462             1111.98
  463             1113.05
  464             1114.08
  465             1122.70
  466             1123.49
  467             1123.72
  468             1125.14
  469             1130.85
  470             1131.14
  471             1132.08
  472             1133.28
  473             1137.29
  474             1138.87
  475             1141.09
  476             1141.31
  477             1141.94
  478             1147.89
  479             1149.78
  480             1150.91
  481             1151.80
  482             1153.02
  483             1155.17
  484             1158.19
  485             1160.29
  486             1163.05
  487             1165.19
  488             1166.91
  489             1169.52
  490             1169.81
  491             1171.12
  492             1172.08
  493             1172.35
  494             1173.71
  495             1178.47
  496             1179.38
  497             1182.42
  498             1184.21
  499             1185.71
  500             1188.34
  501             1188.49
  502             1191.00
  503             1192.67
  504             1194.47
  505             1196.98
  506             1198.47
  507             1203.33
  508             1204.79
  509             1206.04
  510             1206.49
  511             1211.49
  512             1215.20
  513             1215.73
  514             1216.19
  515             1216.94
  516             1217.94
  517             1219.02
  518             1219.67
  519             1223.67
  520             1225.58
  521             1227.09
  522             1228.77
  523             1231.39
  524             1233.97
  525             1234.01
  526             1238.15
  527             1238.54
  528             1239.61
  529             1243.22
  530             1245.07
  531             1249.95
  532             1251.53
  533             1252.20
  534             1252.72
  535             1255.68
  536             1258.96
  537             1259.14
  538             1259.48
  539             1264.95
  540             1267.27
  541             1269.33
  542             1271.67
  543             1271.94
  544             1275.25
  545             1276.56
  546             1277.21
  547             1281.12
  548             1281.77
  549             1282.34
  550             1289.79
  551             1293.68
  552             1294.23
  553             1296.49
  554             1297.27
  555             1298.63
  556             1300.44
  557             1301.94
  558             1303.85
  559             1303.95
  560             1306.85
  561             1307.95
  562             1308.23
  563             1311.03
  564             1312.39
  565             1313.18
  566             1314.76
  567             1315.68
  568             1316.28
  569             1317.13
  570             1318.04
  571             1318.58
  572             1320.66
  573             1322.42
  574             1322.79
  575             1323.91
  576             1324.19
  577             1324.84
  578             1325.34
  579             1326.11
  580             1327.34
  581             1331.62
  582             1332.58
  583             1335.89
  584             1336.69
  585             1339.20
  586             1340.87
  587             1342.32
  588             1344.81
  589             1345.79
  590             1345.96
  591             1346.82
  592             1347.57
  593             1347.98
  594             1349.50
  595             1350.13
  596             1351.50
  597             1355.15
  598             1355.69
  599             1356.03
  600             1356.42
  601             1356.68
  602             1357.28
  603             1359.39
  604             1359.83
  605             1360.53
  606             1360.88
  607             1361.32
  608             1365.30
  609             1366.05
  610             1366.23
  611             1366.88
  612             1368.90
  613             1369.59
  614             1370.79
  615             1371.55
  616             1371.95
  617             1372.43
  618             1372.68
  619             1373.02
  620             1375.04
  621             1376.84
  622             1376.91
  623             1379.16
  624             1380.81
  625             1381.15
  626             1383.14
  627             1383.53
  628             1383.58
  629             1385.80
  630             1387.07
  631             1390.18
  632             1391.06
  633             1391.67
  634             1392.02
  635             1392.49
  636             1392.68
  637             1395.73
  638             1397.80
  639             1399.03
  640             1400.36
  641             1400.68
  642             1401.51
  643             1403.89
  644             1404.32
  645             1405.08
  646             1406.98
  647             1407.16
  648             1414.09
  649             1414.80
  650             1415.98
  651             1416.50
  652             1421.28
  653             1421.96
  654             1422.23
  655             1422.72
  656             1426.31
  657             1427.17
  658             1428.66
  659             1434.24
  660             1438.94
  661             1446.30
  662             1451.66
  663             1457.64
  664             1468.42
  665             1473.67
  666             1474.96
  667             1487.17
  668             1497.23
  669             1499.10
  670             1510.47
  671             1516.81
  672             1524.68
  673             1530.83
  674             1542.95
  675             1544.47
  676             1578.74
  677             1586.61
  678             1589.88
  679             1606.39
  680             1620.30
  681             1637.58
  682             1648.16
  683             1665.70
  684             1669.38
  685             1672.27
  686             1691.75
  687             1709.97
  688             1761.33
  689             1770.34
  690             1818.94
  691             1838.91
  692             2938.60
  693             2944.23
  694             2947.72
  695             2948.87
  696             2953.00
  697             2955.27
  698             2957.70
  699             2959.39
  700             2961.57
  701             2962.40
  702             2963.30
  703             2965.15
  704             2967.37
  705             2967.43
  706             2968.45
  707             2969.55
  708             2970.39
  709             2972.14
  710             2974.81
  711             2975.65
  712             2978.16
  713             2979.60
  714             2980.88
  715             2984.46
  716             3010.00
  717             3012.53
  718             3019.59
  719             3022.55
  720             3027.13
  721             3028.28
  722             3030.10
  723             3030.64
  724             3030.83
  725             3031.64
  726             3032.92
  727             3034.12
  728             3034.40
  729             3035.35
  730             3036.07
  731             3039.76
  732             3040.39
  733             3041.53
  734             3043.01
  735             3046.34
  736             3047.11
  737             3052.49
  738             3054.04
  739             3056.50
  740             3057.76
  741             3059.04
  742             3059.78
  743             3060.01
  744             3060.62
  745             3061.17
  746             3068.28
  747             3073.57
  748             3074.39
  749             3074.61
  750             3078.71
  751             3079.16
  752             3079.42
  753             3079.65
  754             3080.52
  755             3082.39
  756             3083.89
  757             3084.12
  758             3085.82
  759             3086.58
  760             3086.87
  761             3087.33
  762             3087.68
  763             3089.96
  764             3091.87
  765             3093.43
  766             3095.49
  767             3096.41
  768             3098.00
  769             3100.96
  770             3102.88
  771             3104.34
  772             3106.42
  773             3107.02
  774             3107.52
  775             3108.09
  776             3109.88
  777             3110.45
  778             3110.54
  779             3111.43
  780             3111.78
  781             3111.88
  782             3112.79
  783             3113.27
  784             3113.61
  785             3114.77
  786             3114.81
  787             3114.91
  788             3115.07
  789             3116.12
  790             3116.67
  791             3116.76
  792             3116.81
  793             3117.00
  794             3117.01
  795             3117.88
  796             3117.99
  797             3118.93
  798             3119.14
  799             3119.61
  800             3119.90
  801             3119.99
  802             3120.05
  803             3120.22
  804             3120.35
  805             3120.73
  806             3120.83
  807             3120.94
  808             3121.45
  809             3121.86
  810             3122.15
  811             3122.21
  812             3122.31
  813             3122.91
  814             3122.93
  815             3122.97
  816             3123.05
  817             3123.63
  818             3124.05
  819             3124.34
  820             3124.82
  821             3125.01
  822             3125.92
  823             3126.84
  824             3127.74
  825             3127.76
  826             3128.83
  827             3129.57
  828             3129.80
  829             3130.37
  830             3131.14
  831             3131.56
  832             3131.85
  833             3132.67
  834             3133.48
  835             3134.51
  836             3136.57
  837             3136.82
  838             3139.21
  839             3140.63

 Project out translational and rotational motions 

 Degrees of freedom for translational and rotational motions: 6

 Vibrational frequencies:
 mode    frequency (cm-1)
    0              290.65 i (imaginary)
    1              289.69 i (imaginary)
    2              257.99 i (imaginary)
    3              177.07 i (imaginary)
    4              168.88 i (imaginary)
    5              168.03 i (imaginary)
    6              166.06 i (imaginary)
    7              165.27 i (imaginary)
    8              162.15 i (imaginary)
    9              159.92 i (imaginary)
   10              158.25 i (imaginary)
   11              151.71 i (imaginary)
   12              144.32 i (imaginary)
   13              143.24 i (imaginary)
   14              139.28 i (imaginary)
   15              131.92 i (imaginary)
   16              126.80 i (imaginary)
   17               96.03 i (imaginary)
   18               92.36 i (imaginary)
   19               88.65 i (imaginary)
   20               81.82 i (imaginary)
   21               74.01 i (imaginary)
   22               68.70 i (imaginary)
   23               60.16 i (imaginary)
   24               45.82 i (imaginary)
   25               34.53 i (imaginary)
   26               26.59 i (imaginary)
   27               13.89 i (imaginary)
   28                7.77
   29               10.61
   30               14.83
   31               19.02
   32               21.72
   33               23.20
   34               34.56
   35               36.84
   36               37.44
   37               40.91
   38               43.94
   39               46.12
   40               46.39
   41               46.91
   42               49.47
   43               50.64
   44               52.05
   45               57.48
   46               58.95
   47               60.21
   48               64.09
   49               66.44
   50               68.93
   51               71.01
   52               73.83
   53               76.22
   54               81.40
   55               81.77
   56               84.68
   57               85.15
   58               85.49
   59               86.86
   60               88.72
   61               93.52
   62               94.24
   63               95.83
   64               96.60
   65               97.98
   66               98.98
   67              101.10
   68              102.18
   69              106.57
   70              108.15
   71              108.95
   72              109.86
   73              114.41
   74              115.68
   75              119.39
   76              121.69
   77              124.36
   78              124.61
   79              124.67
   80              127.15
   81              127.72
   82              128.01
   83              134.56
   84              135.87
   85              136.51
   86              137.01
   87              140.65
   88              141.70
   89              142.33
   90              144.12
   91              144.63
   92              149.10
   93              150.07
   94              150.41
   95              152.97
   96              155.74
   97              157.34
   98              160.33
   99              161.13
  100              163.40
  101              166.28
  102              166.71
  103              170.93
  104              171.37
  105              174.60
  106              175.86
  107              176.01
  108              178.59
  109              179.57
  110              185.18
  111              188.98
  112              189.41
  113              191.64
  114              196.13
  115              201.77
  116              202.56
  117              203.63
  118              208.26
  119              208.92
  120              209.17
  121              211.41
  122              212.62
  123              216.37
  124              217.89
  125              219.65
  126              222.28
  127              223.96
  128              224.57
  129              230.02
  130              230.83
  131              233.24
  132              235.60
  133              235.88
  134              237.46
  135              239.60
  136              243.42
  137              243.82
  138              247.83
  139              250.35
  140              253.38
  141              254.81
  142              259.62
  143              260.09
  144              260.51
  145              267.08
  146              268.42
  147              269.14
  148              270.69
  149              274.11
  150              276.63
  151              277.25
  152              282.80
  153              284.18
  154              288.24
  155              290.22
  156              292.24
  157              294.04
  158              297.00
  159              301.10
  160              304.00
  161              306.92
  162              307.10
  163              313.14
  164              314.96
  165              316.74
  166              317.83
  167              320.08
  168              323.57
  169              325.45
  170              329.11
  171              331.42
  172              332.51
  173              335.39
  174              335.77
  175              338.14
  176              343.46
  177              347.96
  178              349.72
  179              350.90
  180              354.61
  181              355.07
  182              358.00
  183              359.65
  184              362.40
  185              363.90
  186              364.06
  187              367.00
  188              370.49
  189              375.16
  190              377.32
  191              380.15
  192              381.51
  193              384.19
  194              390.54
  195              390.99
  196              391.99
  197              392.83
  198              402.84
  199              405.11
  200              406.14
  201              407.90
  202              409.08
  203              410.16
  204              416.86
  205              425.36
  206              429.17
  207              429.45
  208              431.28
  209              433.12
  210              437.19
  211              437.37
  212              440.42
  213              449.52
  214              453.24
  215              455.01
  216              456.84
  217              469.12
  218              469.75
  219              484.51
  220              485.84
  221              486.54
  222              489.46
  223              491.37
  224              496.99
  225              499.23
  226              505.18
  227              507.27
  228              508.91
  229              510.57
  230              523.40
  231              524.83
  232              529.29
  233              534.47
  234              535.33
  235              549.08
  236              552.37
  237              554.22
  238              558.42
  239              559.03
  240              564.88
  241              573.09
  242              576.63
  243              577.11
  244              579.98
  245              581.78
  246              587.72
  247              594.76
  248              597.28
  249              600.09
  250              603.97
  251              606.97
  252              610.87
  253              616.12
  254              622.21
  255              630.36
  256              633.62
  257              635.89
  258              639.44
  259              640.38
  260              647.52
  261              656.50
  262              657.08
  263              667.19
  264              667.90
  265              670.49
  266              671.66
  267              680.07
  268              682.89
  269              685.73
  270              689.16
  271              696.22
  272              697.83
  273              699.44
  274              701.17
  275              703.93
  276              711.44
  277              714.41
  278              717.64
  279              723.14
  280              724.05
  281              725.75
  282              728.11
  283              732.00
  284              733.80
  285              738.01
  286              742.10
  287              743.36
  288              745.17
  289              748.46
  290              751.26
  291              751.99
  292              755.48
  293              756.24
  294              757.50
  295              761.37
  296              762.60
  297              765.62
  298              766.29
  299              774.57
  300              774.90
  301              777.57
  302              778.99
  303              782.77
  304              784.11
  305              784.79
  306              794.11
  307              795.14
  308              798.52
  309              803.31
  310              804.03
  311              805.72
  312              806.42
  313              806.93
  314              811.26
  315              812.69
  316              817.83
  317              821.46
  318              825.58
  319              826.23
  320              829.42
  321              830.04
  322              833.06
  323              833.80
  324              836.46
  325              837.01
  326              838.74
  327              839.14
  328              844.93
  329              849.81
  330              853.07
  331              854.10
  332              855.11
  333              856.21
  334              858.95
  335              859.23
  336              859.85
  337              861.31
  338              862.93
  339              863.06
  340              865.79
  341              871.13
  342              871.68
  343              871.91
  344              876.81
  345              877.76
  346              879.09
  347              880.46
  348              882.60
  349              885.80
  350              886.76
  351              890.74
  352              891.88
  353              892.47
  354              892.80
  355              899.13
  356              900.28
  357              903.32
  358              907.32
  359              911.35
  360              914.94
  361              917.60
  362              918.59
  363              922.49
  364              923.28
  365              924.69
  366              925.20
  367              925.54
  368              925.77
  369              926.12
  370              927.84
  371              931.04
  372              934.28
  373              936.70
  374              937.24
  375              938.60
  376              941.43
  377              942.62
  378              943.98
  379              949.61
  380              952.52
  381              953.61
  382              956.52
  383              960.33
  384              961.39
  385              963.93
  386              964.00
  387              965.87
  388              966.91
  389              967.54
  390              968.23
  391              971.52
  392              972.27
  393              972.68
  394              976.01
  395              978.76
  396              980.58
  397              980.71
  398              982.85
  399              984.18
  400              987.23
  401              988.66
  402              992.27
  403              993.67
  404              995.19
  405              995.73
  406              996.77
  407              999.68
  408             1000.17
  409             1002.10
  410             1011.77
  411             1012.93
  412             1016.84
  413             1017.15
  414             1017.32
  415             1019.71
  416             1023.48
  417             1024.48
  418             1026.03
  419             1026.65
  420             1026.76
  421             1029.36
  422             1030.64
  423             1033.27
  424             1041.53
  425             1043.86
  426             1044.67
  427             1046.47
  428             1049.67
  429             1052.58
  430             1057.61
  431             1058.34
  432             1059.49
  433             1061.84
  434             1062.36
  435             1063.86
  436             1065.87
  437             1068.76
  438             1072.02
  439             1075.15
  440             1075.60
  441             1076.84
  442             1077.30
  443             1086.33
  444             1087.13
  445             1087.28
  446             1090.75
  447             1091.56
  448             1094.05
  449             1095.82
  450             1098.73
  451             1099.06
  452             1101.10
  453             1104.57
  454             1107.57
  455             1109.66
  456             1111.98
  457             1113.05
  458             1114.08
  459             1122.70
  460             1123.49
  461             1123.71
  462             1125.14
  463             1130.85
  464             1131.14
  465             1132.08
  466             1133.28
  467             1137.29
  468             1138.87
  469             1141.09
  470             1141.31
  471             1141.94
  472             1147.89
  473             1149.78
  474             1150.91
  475             1151.80
  476             1153.02
  477             1155.17
  478             1158.19
  479             1160.29
  480             1163.05
  481             1165.19
  482             1166.91
  483             1169.52
  484             1169.81
  485             1171.12
  486             1172.08
  487             1172.35
  488             1173.71
  489             1178.47
  490             1179.38
  491             1182.42
  492             1184.21
  493             1185.71
  494             1188.34
  495             1188.49
  496             1191.00
  497             1192.67
  498             1194.47
  499             1196.98
  500             1198.47
  501             1203.33
  502             1204.79
  503             1206.04
  504             1206.49
  505             1211.49
  506             1215.20
  507             1215.73
  508             1216.19
  509             1216.94
  510             1217.94
  511             1219.02
  512             1219.67
  513             1223.67
  514             1225.58
  515             1227.09
  516             1228.77
  517             1231.39
  518             1233.97
  519             1234.01
  520             1238.15
  521             1238.54
  522             1239.61
  523             1243.22
  524             1245.07
  525             1249.95
  526             1251.53
  527             1252.20
  528             1252.72
  529             1255.68
  530             1258.96
  531             1259.14
  532             1259.48
  533             1264.95
  534             1267.27
  535             1269.33
  536             1271.67
  537             1271.94
  538             1275.25
  539             1276.56
  540             1277.21
  541             1281.12
  542             1281.77
  543             1282.34
  544             1289.79
  545             1293.68
  546             1294.23
  547             1296.49
  548             1297.27
  549             1298.63
  550             1300.44
  551             1301.94
  552             1303.85
  553             1303.95
  554             1306.85
  555             1307.95
  556             1308.23
  557             1311.03
  558             1312.39
  559             1313.18
  560             1314.76
  561             1315.68
  562             1316.28
  563             1317.13
  564             1318.04
  565             1318.58
  566             1320.66
  567             1322.42
  568             1322.79
  569             1323.91
  570             1324.19
  571             1324.84
  572             1325.34
  573             1326.11
  574             1327.34
  575             1331.62
  576             1332.58
  577             1335.89
  578             1336.69
  579             1339.20
  580             1340.87
  581             1342.32
  582             1344.81
  583             1345.79
  584             1345.96
  585             1346.82
  586             1347.57
  587             1347.98
  588             1349.50
  589             1350.13
  590             1351.50
  591             1355.15
  592             1355.69
  593             1356.03
  594             1356.42
  595             1356.68
  596             1357.28
  597             1359.39
  598             1359.83
  599             1360.53
  600             1360.88
  601             1361.32
  602             1365.30
  603             1366.05
  604             1366.23
  605             1366.88
  606             1368.90
  607             1369.59
  608             1370.79
  609             1371.55
  610             1371.95
  611             1372.43
  612             1372.68
  613             1373.02
  614             1375.04
  615             1376.84
  616             1376.91
  617             1379.16
  618             1380.81
  619             1381.15
  620             1383.14
  621             1383.53
  622             1383.58
  623             1385.80
  624             1387.07
  625             1390.18
  626             1391.05
  627             1391.67
  628             1392.02
  629             1392.49
  630             1392.68
  631             1395.73
  632             1397.80
  633             1399.03
  634             1400.36
  635             1400.68
  636             1401.51
  637             1403.89
  638             1404.32
  639             1405.08
  640             1406.98
  641             1407.16
  642             1414.09
  643             1414.80
  644             1415.98
  645             1416.50
  646             1421.28
  647             1421.96
  648             1422.23
  649             1422.72
  650             1426.31
  651             1427.17
  652             1428.66
  653             1434.24
  654             1438.94
  655             1446.30
  656             1451.66
  657             1457.64
  658             1468.42
  659             1473.67
  660             1474.96
  661             1487.17
  662             1497.23
  663             1499.10
  664             1510.47
  665             1516.81
  666             1524.68
  667             1530.83
  668             1542.95
  669             1544.47
  670             1578.74
  671             1586.61
  672             1589.88
  673             1606.39
  674             1620.30
  675             1637.58
  676             1648.16
  677             1665.70
  678             1669.38
  679             1672.27
  680             1691.75
  681             1709.97
  682             1761.33
  683             1770.34
  684             1818.94
  685             1838.91
  686             2938.60
  687             2944.23
  688             2947.72
  689             2948.87
  690             2953.00
  691             2955.27
  692             2957.70
  693             2959.39
  694             2961.57
  695             2962.40
  696             2963.30
  697             2965.15
  698             2967.37
  699             2967.43
  700             2968.45
  701             2969.55
  702             2970.39
  703             2972.14
  704             2974.81
  705             2975.65
  706             2978.16
  707             2979.60
  708             2980.88
  709             2984.46
  710             3010.00
  711             3012.53
  712             3019.59
  713             3022.55
  714             3027.13
  715             3028.28
  716             3030.10
  717             3030.64
  718             3030.83
  719             3031.64
  720             3032.92
  721             3034.12
  722             3034.40
  723             3035.35
  724             3036.07
  725             3039.76
  726             3040.39
  727             3041.53
  728             3043.01
  729             3046.34
  730             3047.11
  731             3052.49
  732             3054.04
  733             3056.50
  734             3057.76
  735             3059.04
  736             3059.78
  737             3060.01
  738             3060.62
  739             3061.17
  740             3068.28
  741             3073.57
  742             3074.39
  743             3074.61
  744             3078.71
  745             3079.16
  746             3079.42
  747             3079.65
  748             3080.52
  749             3082.39
  750             3083.89
  751             3084.12
  752             3085.82
  753             3086.58
  754             3086.87
  755             3087.33
  756             3087.68
  757             3089.96
  758             3091.87
  759             3093.43
  760             3095.49
  761             3096.41
  762             3098.00
  763             3100.96
  764             3102.88
  765             3104.34
  766             3106.42
  767             3107.02
  768             3107.52
  769             3108.09
  770             3109.88
  771             3110.45
  772             3110.54
  773             3111.43
  774             3111.78
  775             3111.88
  776             3112.79
  777             3113.27
  778             3113.61
  779             3114.77
  780             3114.81
  781             3114.91
  782             3115.07
  783             3116.12
  784             3116.67
  785             3116.76
  786             3116.81
  787             3117.00
  788             3117.01
  789             3117.88
  790             3117.99
  791             3118.93
  792             3119.14
  793             3119.61
  794             3119.90
  795             3119.99
  796             3120.05
  797             3120.22
  798             3120.35
  799             3120.73
  800             3120.83
  801             3120.94
  802             3121.45
  803             3121.86
  804             3122.15
  805             3122.21
  806             3122.31
  807             3122.91
  808             3122.93
  809             3122.97
  810             3123.05
  811             3123.63
  812             3124.05
  813             3124.34
  814             3124.82
  815             3125.01
  816             3125.92
  817             3126.84
  818             3127.74
  819             3127.76
  820             3128.83
  821             3129.57
  822             3129.80
  823             3130.37
  824             3131.14
  825             3131.56
  826             3131.85
  827             3132.67
  828             3133.48
  829             3134.51
  830             3136.57
  831             3136.82
  832             3139.21
  833             3140.63
 Saving results in set 'hess'

 --------------------------------------------------------------------------------

 End time:                               Fri Jan 21 19:56:54 2022
 Total wall-clock time:                292.908 seconds
==================================================================================
