
================================================================================
          _____________ ________ _______________ ________     _________         
         / ___________// ______ \\_____   _____// ______ \   / ________)        
        / /_________  / /      \ \     | |     / /      \ \ | (_______          
       |  __________|| |        | |    | |    | |        | | \________ \        
        \ \_________ | |        | |    | |     \ \______/ /___________) |       
         \__________||_|        |_|    |_|      \________//____________/        
                                                                                
====================================[ Qcore ]===================================

 Git describe: 2.3.0-166-g4178ddb
 Compiler:     GNU 9.1.0
 Build type:   Release
 Version:      2.3.0-166-g4178ddb

 Start time:   Tue Jan 25 14:50:57 2022

 Data directory: /user/home/of15641/.local/src/Qcore/release/share/entos/qcore/data
 Number of threads: 24
 Number of threads was determined by: number of physical cores

 --------------------------------------------------------------------------------
                                 command: hessian                                
 --------------------------------------------------------------------------------

 -------------------------------
  Numerical Geometrical Hessian 
 -------------------------------

 Compute hessian using two-point central differentiation.
 Step size (bohr):                       0.0100

 Frequencies (including translational and rotational modes):
 mode    frequency (cm-1)
    0              310.39 i (imaginary)
    1              160.59 i (imaginary)
    2              151.36 i (imaginary)
    3              142.71 i (imaginary)
    4              124.78 i (imaginary)
    5              119.90 i (imaginary)
    6              114.25 i (imaginary)
    7               85.41 i (imaginary)
    8               66.63 i (imaginary)
    9               56.44 i (imaginary)
   10               46.23 i (imaginary)
   11               44.80 i (imaginary)
   12               38.65 i (imaginary)
   13               36.47 i (imaginary)
   14               11.81 i (imaginary)
   15                2.84 i (imaginary)
   16                1.63 i (imaginary)
   17                0.64 i (imaginary)
   18                5.25
   19               10.06
   20               12.16
   21               20.84
   22               24.41
   23               30.17
   24               34.20
   25               40.89
   26               49.78
   27               50.45
   28               56.49
   29               61.02
   30               62.59
   31               68.44
   32               74.13
   33               76.52
   34               80.12
   35               85.59
   36               85.95
   37               90.14
   38               94.70
   39               95.93
   40              104.10
   41              107.14
   42              113.27
   43              114.38
   44              117.52
   45              127.80
   46              128.69
   47              135.29
   48              140.65
   49              143.07
   50              143.94
   51              151.12
   52              153.02
   53              159.50
   54              167.42
   55              169.36
   56              177.41
   57              186.85
   58              190.92
   59              194.67
   60              197.64
   61              207.35
   62              209.76
   63              214.85
   64              217.58
   65              225.53
   66              228.30
   67              230.58
   68              232.31
   69              234.12
   70              237.73
   71              243.45
   72              245.51
   73              251.75
   74              258.00
   75              259.07
   76              260.62
   77              265.73
   78              268.58
   79              269.78
   80              273.96
   81              280.30
   82              283.59
   83              286.64
   84              293.32
   85              294.82
   86              302.48
   87              305.57
   88              311.90
   89              328.94
   90              341.08
   91              345.77
   92              350.19
   93              358.04
   94              358.55
   95              362.79
   96              366.37
   97              385.05
   98              386.93
   99              404.14
  100              406.71
  101              408.57
  102              412.55
  103              428.87
  104              433.89
  105              442.03
  106              444.87
  107              456.55
  108              461.98
  109              470.83
  110              475.99
  111              488.64
  112              493.81
  113              507.71
  114              526.93
  115              548.33
  116              551.76
  117              553.55
  118              562.49
  119              567.33
  120              577.62
  121              583.44
  122              586.19
  123              599.28
  124              612.24
  125              619.92
  126              628.10
  127              636.53
  128              639.22
  129              645.82
  130              659.39
  131              664.68
  132              672.95
  133              679.88
  134              686.29
  135              693.36
  136              706.53
  137              710.97
  138              722.71
  139              725.01
  140              730.06
  141              732.19
  142              744.94
  143              745.96
  144              751.11
  145              761.65
  146              764.31
  147              782.60
  148              786.99
  149              796.94
  150              797.69
  151              811.58
  152              820.48
  153              821.58
  154              828.73
  155              831.76
  156              840.20
  157              847.73
  158              849.11
  159              851.64
  160              863.52
  161              867.43
  162              868.79
  163              883.15
  164              897.24
  165              900.86
  166              909.42
  167              913.78
  168              915.28
  169              919.44
  170              930.48
  171              936.53
  172              940.48
  173              944.80
  174              947.98
  175              956.96
  176              960.64
  177              966.21
  178              969.71
  179              976.18
  180              980.43
  181              981.88
  182              989.24
  183              990.31
  184              993.46
  185             1000.70
  186             1001.57
  187             1007.80
  188             1010.67
  189             1013.58
  190             1017.05
  191             1024.13
  192             1026.28
  193             1028.94
  194             1032.75
  195             1035.74
  196             1040.63
  197             1046.97
  198             1048.27
  199             1049.46
  200             1056.91
  201             1057.39
  202             1061.51
  203             1061.87
  204             1067.40
  205             1071.96
  206             1086.13
  207             1087.87
  208             1093.05
  209             1094.98
  210             1106.10
  211             1107.20
  212             1109.35
  213             1111.14
  214             1122.78
  215             1123.52
  216             1129.69
  217             1133.60
  218             1138.37
  219             1140.29
  220             1142.47
  221             1148.35
  222             1150.34
  223             1160.57
  224             1165.86
  225             1166.70
  226             1170.28
  227             1170.95
  228             1175.74
  229             1176.91
  230             1182.11
  231             1182.80
  232             1183.92
  233             1185.95
  234             1196.16
  235             1197.36
  236             1207.45
  237             1210.22
  238             1216.81
  239             1219.62
  240             1224.25
  241             1228.40
  242             1228.53
  243             1233.72
  244             1239.23
  245             1241.49
  246             1246.67
  247             1254.95
  248             1258.21
  249             1258.95
  250             1269.69
  251             1273.92
  252             1275.79
  253             1277.59
  254             1279.38
  255             1283.97
  256             1290.47
  257             1291.69
  258             1294.14
  259             1298.59
  260             1301.91
  261             1304.98
  262             1307.43
  263             1309.60
  264             1314.20
  265             1314.97
  266             1317.95
  267             1321.73
  268             1324.65
  269             1329.62
  270             1330.83
  271             1332.06
  272             1334.42
  273             1339.10
  274             1340.42
  275             1342.75
  276             1344.77
  277             1345.87
  278             1350.52
  279             1357.67
  280             1360.29
  281             1362.71
  282             1363.96
  283             1364.49
  284             1366.57
  285             1367.36
  286             1368.53
  287             1370.60
  288             1370.95
  289             1378.16
  290             1381.37
  291             1386.15
  292             1388.09
  293             1412.31
  294             1414.94
  295             1419.57
  296             1420.69
  297             1422.02
  298             1422.51
  299             1424.20
  300             1425.40
  301             1427.16
  302             1431.36
  303             1432.04
  304             1433.00
  305             1435.79
  306             1437.81
  307             1438.98
  308             1440.09
  309             1441.51
  310             1444.10
  311             1445.21
  312             1450.36
  313             1450.63
  314             1451.47
  315             1455.33
  316             1455.78
  317             1460.75
  318             1461.65
  319             1465.54
  320             1472.04
  321             1473.41
  322             1474.13
  323             1476.82
  324             1480.34
  325             1483.14
  326             1486.19
  327             1487.60
  328             1489.37
  329             1490.52
  330             1493.12
  331             1496.18
  332             1497.46
  333             1498.85
  334             1503.84
  335             1522.55
  336             1537.88
  337             1538.77
  338             1565.76
  339             1590.69
  340             1612.01
  341             1631.96
  342             1641.19
  343             1665.41
  344             1681.98
  345             1712.79
  346             3009.52
  347             3013.70
  348             3015.59
  349             3018.32
  350             3019.25
  351             3019.98
  352             3021.46
  353             3023.14
  354             3024.09
  355             3027.26
  356             3029.63
  357             3030.51
  358             3030.80
  359             3031.95
  360             3033.36
  361             3034.98
  362             3036.67
  363             3037.21
  364             3044.84
  365             3049.46
  366             3050.89
  367             3051.99
  368             3052.66
  369             3052.93
  370             3053.41
  371             3053.73
  372             3053.96
  373             3054.82
  374             3055.17
  375             3055.78
  376             3055.93
  377             3058.85
  378             3058.98
  379             3060.55
  380             3060.91
  381             3061.82
  382             3063.91
  383             3065.71
  384             3066.99
  385             3067.97
  386             3068.96
  387             3069.69
  388             3071.67
  389             3072.37
  390             3072.59
  391             3073.89
  392             3074.18
  393             3074.41
  394             3074.49
  395             3075.19
  396             3076.46
  397             3078.75
  398             3078.87
  399             3079.30
  400             3079.91
  401             3080.25
  402             3081.17
  403             3083.60
  404             3083.68
  405             3085.39
  406             3085.90
  407             3087.43
  408             3087.70
  409             3088.70
  410             3089.24
  411             3092.68
  412             3093.12
  413             3093.52
  414             3093.65
  415             3094.71
  416             3097.16
  417             3099.51
  418             3101.38
  419             3104.43

 Project out translational and rotational motions 

 Degrees of freedom for translational and rotational motions: 6

 Vibrational frequencies:
 mode    frequency (cm-1)
    0              310.37 i (imaginary)
    1              160.41 i (imaginary)
    2              151.22 i (imaginary)
    3              142.54 i (imaginary)
    4              124.10 i (imaginary)
    5              119.86 i (imaginary)
    6              114.09 i (imaginary)
    7               84.39 i (imaginary)
    8               66.13 i (imaginary)
    9               56.31 i (imaginary)
   10               45.78 i (imaginary)
   11               38.67 i (imaginary)
   12               35.17 i (imaginary)
   13               33.54 i (imaginary)
   14                5.82 i (imaginary)
   15               12.52
   16               21.31
   17               28.94
   18               32.72
   19               39.94
   20               48.04
   21               50.15
   22               56.48
   23               60.96
   24               62.58
   25               68.16
   26               73.18
   27               76.29
   28               79.90
   29               84.29
   30               85.88
   31               90.13
   32               94.67
   33               95.86
   34              104.07
   35              106.96
   36              113.19
   37              114.25
   38              117.44
   39              127.71
   40              128.56
   41              135.17
   42              140.65
   43              143.02
   44              143.91
   45              151.10
   46              152.81
   47              159.49
   48              167.39
   49              169.33
   50              177.40
   51              186.83
   52              190.91
   53              194.61
   54              197.62
   55              207.33
   56              209.74
   57              214.82
   58              217.56
   59              225.49
   60              228.29
   61              230.56
   62              232.30
   63              234.10
   64              237.72
   65              243.42
   66              245.50
   67              251.73
   68              257.97
   69              259.07
   70              260.59
   71              265.72
   72              268.57
   73              269.78
   74              273.95
   75              280.28
   76              283.59
   77              286.63
   78              293.31
   79              294.81
   80              302.47
   81              305.57
   82              311.89
   83              328.92
   84              341.08
   85              345.76
   86              350.19
   87              358.04
   88              358.55
   89              362.79
   90              366.37
   91              385.04
   92              386.93
   93              404.14
   94              406.71
   95              408.56
   96              412.55
   97              428.87
   98              433.88
   99              442.02
  100              444.87
  101              456.55
  102              461.98
  103              470.82
  104              475.98
  105              488.64
  106              493.81
  107              507.71
  108              526.93
  109              548.33
  110              551.75
  111              553.55
  112              562.48
  113              567.33
  114              577.62
  115              583.44
  116              586.19
  117              599.27
  118              612.24
  119              619.92
  120              628.10
  121              636.53
  122              639.22
  123              645.82
  124              659.39
  125              664.68
  126              672.95
  127              679.88
  128              686.28
  129              693.36
  130              706.53
  131              710.97
  132              722.71
  133              725.01
  134              730.06
  135              732.19
  136              744.93
  137              745.96
  138              751.11
  139              761.65
  140              764.31
  141              782.60
  142              786.99
  143              796.94
  144              797.69
  145              811.58
  146              820.48
  147              821.58
  148              828.73
  149              831.76
  150              840.20
  151              847.73
  152              849.11
  153              851.64
  154              863.52
  155              867.43
  156              868.79
  157              883.15
  158              897.24
  159              900.86
  160              909.42
  161              913.77
  162              915.28
  163              919.44
  164              930.48
  165              936.53
  166              940.48
  167              944.80
  168              947.98
  169              956.96
  170              960.64
  171              966.21
  172              969.71
  173              976.18
  174              980.43
  175              981.88
  176              989.24
  177              990.31
  178              993.46
  179             1000.70
  180             1001.57
  181             1007.80
  182             1010.67
  183             1013.58
  184             1017.05
  185             1024.13
  186             1026.28
  187             1028.94
  188             1032.75
  189             1035.74
  190             1040.63
  191             1046.97
  192             1048.27
  193             1049.46
  194             1056.91
  195             1057.39
  196             1061.51
  197             1061.87
  198             1067.40
  199             1071.96
  200             1086.13
  201             1087.87
  202             1093.05
  203             1094.98
  204             1106.10
  205             1107.19
  206             1109.35
  207             1111.14
  208             1122.78
  209             1123.52
  210             1129.69
  211             1133.60
  212             1138.37
  213             1140.29
  214             1142.47
  215             1148.35
  216             1150.34
  217             1160.57
  218             1165.86
  219             1166.70
  220             1170.28
  221             1170.95
  222             1175.74
  223             1176.91
  224             1182.11
  225             1182.80
  226             1183.92
  227             1185.95
  228             1196.16
  229             1197.36
  230             1207.45
  231             1210.22
  232             1216.81
  233             1219.62
  234             1224.25
  235             1228.40
  236             1228.53
  237             1233.72
  238             1239.23
  239             1241.49
  240             1246.67
  241             1254.95
  242             1258.21
  243             1258.95
  244             1269.69
  245             1273.92
  246             1275.79
  247             1277.59
  248             1279.38
  249             1283.97
  250             1290.47
  251             1291.69
  252             1294.14
  253             1298.59
  254             1301.91
  255             1304.98
  256             1307.43
  257             1309.60
  258             1314.20
  259             1314.97
  260             1317.95
  261             1321.73
  262             1324.65
  263             1329.62
  264             1330.83
  265             1332.06
  266             1334.42
  267             1339.10
  268             1340.42
  269             1342.75
  270             1344.77
  271             1345.87
  272             1350.52
  273             1357.67
  274             1360.29
  275             1362.71
  276             1363.96
  277             1364.49
  278             1366.57
  279             1367.36
  280             1368.53
  281             1370.60
  282             1370.95
  283             1378.16
  284             1381.37
  285             1386.15
  286             1388.09
  287             1412.31
  288             1414.94
  289             1419.57
  290             1420.69
  291             1422.02
  292             1422.51
  293             1424.20
  294             1425.40
  295             1427.16
  296             1431.36
  297             1432.04
  298             1433.00
  299             1435.79
  300             1437.81
  301             1438.98
  302             1440.09
  303             1441.51
  304             1444.10
  305             1445.21
  306             1450.36
  307             1450.63
  308             1451.47
  309             1455.33
  310             1455.78
  311             1460.75
  312             1461.65
  313             1465.54
  314             1472.04
  315             1473.41
  316             1474.13
  317             1476.82
  318             1480.34
  319             1483.14
  320             1486.19
  321             1487.60
  322             1489.37
  323             1490.52
  324             1493.12
  325             1496.18
  326             1497.46
  327             1498.85
  328             1503.84
  329             1522.55
  330             1537.88
  331             1538.77
  332             1565.76
  333             1590.69
  334             1612.01
  335             1631.96
  336             1641.19
  337             1665.41
  338             1681.98
  339             1712.79
  340             3009.52
  341             3013.70
  342             3015.59
  343             3018.32
  344             3019.25
  345             3019.98
  346             3021.46
  347             3023.14
  348             3024.09
  349             3027.26
  350             3029.63
  351             3030.51
  352             3030.80
  353             3031.95
  354             3033.36
  355             3034.98
  356             3036.67
  357             3037.21
  358             3044.84
  359             3049.46
  360             3050.89
  361             3051.99
  362             3052.66
  363             3052.93
  364             3053.41
  365             3053.73
  366             3053.96
  367             3054.82
  368             3055.17
  369             3055.78
  370             3055.93
  371             3058.85
  372             3058.98
  373             3060.55
  374             3060.91
  375             3061.82
  376             3063.91
  377             3065.71
  378             3066.99
  379             3067.97
  380             3068.96
  381             3069.69
  382             3071.67
  383             3072.37
  384             3072.59
  385             3073.89
  386             3074.18
  387             3074.41
  388             3074.49
  389             3075.19
  390             3076.46
  391             3078.75
  392             3078.87
  393             3079.30
  394             3079.91
  395             3080.25
  396             3081.17
  397             3083.60
  398             3083.68
  399             3085.39
  400             3085.90
  401             3087.43
  402             3087.70
  403             3088.70
  404             3089.24
  405             3092.68
  406             3093.12
  407             3093.52
  408             3093.65
  409             3094.71
  410             3097.16
  411             3099.51
  412             3101.38
  413             3104.43
 Saving results in set 'hess'

 --------------------------------------------------------------------------------

 End time:                               Tue Jan 25 14:51:21 2022
 Total wall-clock time:                 23.986 seconds
==================================================================================
