
================================================================================
          _____________ ________ _______________ ________     _________         
         / ___________// ______ \\_____   _____// ______ \   / ________)        
        / /_________  / /      \ \     | |     / /      \ \ | (_______          
       |  __________|| |        | |    | |    | |        | | \________ \        
        \ \_________ | |        | |    | |     \ \______/ /___________) |       
         \__________||_|        |_|    |_|      \________//____________/        
                                                                                
====================================[ Qcore ]===================================

 Git describe: 2.3.0-166-g4178ddb
 Compiler:     GNU 9.1.0
 Build type:   Release
 Version:      2.3.0-166-g4178ddb

 Start time:   Tue Jan 25 14:50:54 2022

 Data directory: /user/home/of15641/.local/src/Qcore/release/share/entos/qcore/data
 Number of threads: 24
 Number of threads was determined by: number of physical cores

 --------------------------------------------------------------------------------
                                 command: hessian                                
 --------------------------------------------------------------------------------

 -------------------------------
  Numerical Geometrical Hessian 
 -------------------------------

 Compute hessian using two-point central differentiation.
 Step size (bohr):                       0.0100

 Frequencies (including translational and rotational modes):
 mode    frequency (cm-1)
    0              269.19 i (imaginary)
    1              220.66 i (imaginary)
    2              218.65 i (imaginary)
    3              214.19 i (imaginary)
    4              147.35 i (imaginary)
    5              144.49 i (imaginary)
    6              135.73 i (imaginary)
    7              124.63 i (imaginary)
    8              108.87 i (imaginary)
    9              105.06 i (imaginary)
   10               51.40 i (imaginary)
   11               42.05 i (imaginary)
   12               38.03 i (imaginary)
   13               22.68 i (imaginary)
   14               21.66 i (imaginary)
   15               14.37 i (imaginary)
   16                5.90 i (imaginary)
   17                2.93 i (imaginary)
   18                1.17 i (imaginary)
   19                0.40 i (imaginary)
   20                3.96
   21               19.12
   22               24.43
   23               25.38
   24               28.01
   25               33.18
   26               36.59
   27               38.73
   28               41.77
   29               49.97
   30               50.89
   31               59.03
   32               66.42
   33               70.29
   34               76.14
   35               80.49
   36               84.37
   37               91.23
   38               93.96
   39               96.78
   40              102.69
   41              103.48
   42              107.24
   43              109.06
   44              114.50
   45              120.94
   46              121.44
   47              125.42
   48              131.63
   49              134.47
   50              138.27
   51              140.27
   52              143.30
   53              147.97
   54              151.67
   55              152.96
   56              163.05
   57              169.46
   58              171.20
   59              172.01
   60              178.98
   61              190.10
   62              194.39
   63              202.48
   64              205.84
   65              211.15
   66              218.11
   67              222.41
   68              223.94
   69              225.62
   70              237.10
   71              239.85
   72              243.22
   73              246.60
   74              251.62
   75              255.24
   76              261.39
   77              263.06
   78              267.18
   79              270.92
   80              273.51
   81              276.88
   82              277.39
   83              291.94
   84              301.14
   85              302.86
   86              315.09
   87              315.52
   88              326.51
   89              326.95
   90              334.04
   91              338.12
   92              343.13
   93              346.60
   94              350.29
   95              350.61
   96              370.68
   97              374.89
   98              384.03
   99              384.40
  100              391.33
  101              412.07
  102              417.81
  103              422.66
  104              426.46
  105              437.80
  106              443.75
  107              445.03
  108              455.12
  109              460.29
  110              468.24
  111              477.60
  112              484.26
  113              524.64
  114              528.59
  115              545.70
  116              553.37
  117              559.62
  118              564.88
  119              573.96
  120              580.92
  121              588.72
  122              597.61
  123              616.92
  124              620.69
  125              625.72
  126              636.06
  127              639.93
  128              642.65
  129              652.94
  130              664.23
  131              667.42
  132              675.35
  133              678.51
  134              687.75
  135              696.82
  136              707.11
  137              709.59
  138              714.50
  139              725.08
  140              728.22
  141              733.24
  142              744.05
  143              750.09
  144              752.21
  145              756.75
  146              763.00
  147              764.14
  148              774.33
  149              783.56
  150              803.41
  151              804.56
  152              811.69
  153              812.20
  154              829.19
  155              835.98
  156              836.24
  157              851.12
  158              856.30
  159              858.29
  160              859.46
  161              866.61
  162              868.77
  163              874.17
  164              888.69
  165              890.04
  166              894.57
  167              903.35
  168              907.89
  169              912.60
  170              913.10
  171              922.80
  172              934.11
  173              934.41
  174              939.76
  175              940.27
  176              946.63
  177              951.73
  178              953.25
  179              958.80
  180              961.80
  181              965.36
  182              966.64
  183              969.61
  184              978.25
  185              979.94
  186              981.06
  187              984.96
  188              986.09
  189              993.81
  190              995.16
  191             1008.62
  192             1014.13
  193             1017.17
  194             1017.84
  195             1036.73
  196             1039.09
  197             1039.39
  198             1041.08
  199             1043.14
  200             1047.60
  201             1048.91
  202             1053.69
  203             1054.18
  204             1058.44
  205             1061.87
  206             1066.28
  207             1071.41
  208             1077.73
  209             1079.92
  210             1092.63
  211             1095.70
  212             1097.85
  213             1100.77
  214             1102.55
  215             1107.28
  216             1108.20
  217             1113.32
  218             1117.96
  219             1120.14
  220             1128.59
  221             1132.81
  222             1136.49
  223             1141.39
  224             1148.97
  225             1149.29
  226             1153.80
  227             1158.58
  228             1160.36
  229             1164.76
  230             1166.99
  231             1179.62
  232             1180.11
  233             1186.80
  234             1188.67
  235             1191.86
  236             1195.14
  237             1197.44
  238             1203.78
  239             1204.35
  240             1208.85
  241             1215.26
  242             1217.92
  243             1220.22
  244             1226.05
  245             1232.12
  246             1232.47
  247             1242.75
  248             1246.11
  249             1247.03
  250             1247.87
  251             1249.31
  252             1250.38
  253             1255.81
  254             1259.19
  255             1261.74
  256             1264.57
  257             1265.72
  258             1271.83
  259             1284.99
  260             1285.58
  261             1290.50
  262             1292.44
  263             1298.07
  264             1298.30
  265             1301.04
  266             1303.09
  267             1308.07
  268             1310.33
  269             1314.52
  270             1315.67
  271             1318.11
  272             1321.03
  273             1327.80
  274             1337.28
  275             1341.04
  276             1342.29
  277             1342.95
  278             1347.82
  279             1348.08
  280             1351.91
  281             1353.08
  282             1367.25
  283             1370.43
  284             1373.60
  285             1377.76
  286             1380.07
  287             1386.27
  288             1391.66
  289             1394.11
  290             1394.98
  291             1401.98
  292             1407.52
  293             1409.07
  294             1409.95
  295             1412.05
  296             1413.47
  297             1413.72
  298             1425.93
  299             1427.52
  300             1429.13
  301             1433.13
  302             1435.35
  303             1436.65
  304             1438.25
  305             1441.19
  306             1442.42
  307             1445.88
  308             1447.34
  309             1448.34
  310             1455.87
  311             1456.43
  312             1458.22
  313             1464.71
  314             1465.57
  315             1468.74
  316             1474.24
  317             1478.69
  318             1482.74
  319             1489.57
  320             1490.21
  321             1490.82
  322             1491.56
  323             1493.08
  324             1494.45
  325             1496.57
  326             1498.28
  327             1500.87
  328             1503.35
  329             1504.91
  330             1505.23
  331             1507.71
  332             1516.76
  333             1517.58
  334             1521.45
  335             1525.38
  336             1530.82
  337             1540.37
  338             1545.65
  339             1559.09
  340             1573.23
  341             1597.04
  342             1606.13
  343             1610.55
  344             1646.08
  345             1732.74
  346             3015.36
  347             3019.12
  348             3023.52
  349             3025.71
  350             3026.43
  351             3028.63
  352             3029.19
  353             3031.03
  354             3031.80
  355             3033.31
  356             3033.45
  357             3035.62
  358             3037.37
  359             3038.19
  360             3038.40
  361             3038.75
  362             3038.97
  363             3039.13
  364             3044.59
  365             3047.61
  366             3048.33
  367             3049.17
  368             3049.33
  369             3050.54
  370             3050.98
  371             3051.72
  372             3052.42
  373             3053.07
  374             3053.33
  375             3054.35
  376             3055.74
  377             3057.15
  378             3058.66
  379             3059.62
  380             3061.28
  381             3061.42
  382             3061.90
  383             3062.15
  384             3062.33
  385             3063.29
  386             3064.43
  387             3065.52
  388             3065.69
  389             3067.28
  390             3068.91
  391             3069.66
  392             3070.40
  393             3070.62
  394             3071.23
  395             3071.85
  396             3072.36
  397             3072.51
  398             3073.65
  399             3074.46
  400             3076.59
  401             3081.43
  402             3081.74
  403             3084.62
  404             3084.84
  405             3085.55
  406             3086.64
  407             3086.74
  408             3086.97
  409             3086.98
  410             3089.47
  411             3093.03
  412             3093.40
  413             3094.92
  414             3094.99
  415             3095.61
  416             3097.91
  417             3104.19
  418             3107.38
  419             3108.17

 Project out translational and rotational motions 

 Degrees of freedom for translational and rotational motions: 6

 Vibrational frequencies:
 mode    frequency (cm-1)
    0              269.14 i (imaginary)
    1              220.62 i (imaginary)
    2              218.62 i (imaginary)
    3              214.17 i (imaginary)
    4              147.03 i (imaginary)
    5              143.99 i (imaginary)
    6              135.67 i (imaginary)
    7              124.61 i (imaginary)
    8              108.41 i (imaginary)
    9              104.89 i (imaginary)
   10               51.18 i (imaginary)
   11               40.78 i (imaginary)
   12               34.74 i (imaginary)
   13               20.60 i (imaginary)
   14               19.00 i (imaginary)
   15               15.45
   16               17.93
   17               23.35
   18               26.50
   19               31.52
   20               36.09
   21               36.63
   22               40.09
   23               49.79
   24               50.41
   25               58.95
   26               65.18
   27               69.84
   28               76.02
   29               80.44
   30               84.33
   31               90.93
   32               93.80
   33               96.72
   34              102.59
   35              103.31
   36              107.20
   37              108.89
   38              114.42
   39              120.71
   40              121.25
   41              125.34
   42              131.57
   43              134.27
   44              138.09
   45              140.20
   46              143.29
   47              147.93
   48              151.63
   49              152.94
   50              163.04
   51              169.44
   52              171.17
   53              171.98
   54              178.94
   55              190.09
   56              194.36
   57              202.44
   58              205.83
   59              211.15
   60              218.11
   61              222.38
   62              223.91
   63              225.58
   64              237.06
   65              239.84
   66              243.21
   67              246.57
   68              251.59
   69              255.22
   70              261.37
   71              263.05
   72              267.17
   73              270.90
   74              273.51
   75              276.87
   76              277.39
   77              291.93
   78              301.14
   79              302.84
   80              315.09
   81              315.51
   82              326.50
   83              326.95
   84              334.03
   85              338.11
   86              343.11
   87              346.59
   88              350.28
   89              350.61
   90              370.68
   91              374.89
   92              384.01
   93              384.39
   94              391.33
   95              412.07
   96              417.81
   97              422.66
   98              426.45
   99              437.80
  100              443.74
  101              445.03
  102              455.12
  103              460.28
  104              468.23
  105              477.60
  106              484.26
  107              524.64
  108              528.58
  109              545.70
  110              553.36
  111              559.62
  112              564.88
  113              573.96
  114              580.92
  115              588.72
  116              597.61
  117              616.92
  118              620.68
  119              625.71
  120              636.06
  121              639.93
  122              642.65
  123              652.94
  124              664.23
  125              667.42
  126              675.35
  127              678.51
  128              687.75
  129              696.82
  130              707.11
  131              709.59
  132              714.50
  133              725.08
  134              728.22
  135              733.24
  136              744.05
  137              750.09
  138              752.21
  139              756.75
  140              763.00
  141              764.14
  142              774.32
  143              783.56
  144              803.41
  145              804.56
  146              811.69
  147              812.20
  148              829.19
  149              835.98
  150              836.24
  151              851.12
  152              856.30
  153              858.29
  154              859.46
  155              866.61
  156              868.76
  157              874.17
  158              888.69
  159              890.04
  160              894.57
  161              903.35
  162              907.89
  163              912.60
  164              913.10
  165              922.80
  166              934.11
  167              934.41
  168              939.76
  169              940.27
  170              946.63
  171              951.73
  172              953.25
  173              958.80
  174              961.79
  175              965.36
  176              966.64
  177              969.61
  178              978.25
  179              979.94
  180              981.06
  181              984.96
  182              986.09
  183              993.81
  184              995.16
  185             1008.62
  186             1014.13
  187             1017.17
  188             1017.84
  189             1036.73
  190             1039.09
  191             1039.39
  192             1041.08
  193             1043.14
  194             1047.60
  195             1048.91
  196             1053.69
  197             1054.18
  198             1058.44
  199             1061.87
  200             1066.28
  201             1071.41
  202             1077.73
  203             1079.92
  204             1092.62
  205             1095.70
  206             1097.85
  207             1100.77
  208             1102.55
  209             1107.28
  210             1108.20
  211             1113.32
  212             1117.96
  213             1120.14
  214             1128.59
  215             1132.81
  216             1136.49
  217             1141.39
  218             1148.97
  219             1149.29
  220             1153.80
  221             1158.58
  222             1160.36
  223             1164.76
  224             1166.99
  225             1179.62
  226             1180.11
  227             1186.80
  228             1188.67
  229             1191.86
  230             1195.14
  231             1197.44
  232             1203.78
  233             1204.35
  234             1208.85
  235             1215.25
  236             1217.92
  237             1220.22
  238             1226.04
  239             1232.12
  240             1232.47
  241             1242.75
  242             1246.11
  243             1247.03
  244             1247.87
  245             1249.31
  246             1250.38
  247             1255.81
  248             1259.19
  249             1261.74
  250             1264.57
  251             1265.72
  252             1271.83
  253             1284.99
  254             1285.58
  255             1290.50
  256             1292.44
  257             1298.07
  258             1298.30
  259             1301.04
  260             1303.09
  261             1308.07
  262             1310.33
  263             1314.52
  264             1315.67
  265             1318.11
  266             1321.03
  267             1327.80
  268             1337.28
  269             1341.04
  270             1342.29
  271             1342.95
  272             1347.82
  273             1348.08
  274             1351.91
  275             1353.08
  276             1367.25
  277             1370.43
  278             1373.60
  279             1377.76
  280             1380.07
  281             1386.27
  282             1391.66
  283             1394.11
  284             1394.98
  285             1401.98
  286             1407.52
  287             1409.07
  288             1409.95
  289             1412.05
  290             1413.47
  291             1413.72
  292             1425.93
  293             1427.52
  294             1429.13
  295             1433.13
  296             1435.35
  297             1436.65
  298             1438.25
  299             1441.19
  300             1442.42
  301             1445.88
  302             1447.34
  303             1448.34
  304             1455.87
  305             1456.43
  306             1458.22
  307             1464.71
  308             1465.57
  309             1468.74
  310             1474.24
  311             1478.69
  312             1482.74
  313             1489.57
  314             1490.21
  315             1490.82
  316             1491.56
  317             1493.08
  318             1494.45
  319             1496.57
  320             1498.28
  321             1500.87
  322             1503.35
  323             1504.91
  324             1505.23
  325             1507.71
  326             1516.76
  327             1517.58
  328             1521.45
  329             1525.38
  330             1530.82
  331             1540.37
  332             1545.65
  333             1559.09
  334             1573.23
  335             1597.04
  336             1606.13
  337             1610.55
  338             1646.08
  339             1732.74
  340             3015.36
  341             3019.12
  342             3023.52
  343             3025.71
  344             3026.43
  345             3028.63
  346             3029.19
  347             3031.03
  348             3031.80
  349             3033.31
  350             3033.45
  351             3035.62
  352             3037.37
  353             3038.19
  354             3038.40
  355             3038.74
  356             3038.97
  357             3039.13
  358             3044.59
  359             3047.61
  360             3048.33
  361             3049.17
  362             3049.33
  363             3050.54
  364             3050.98
  365             3051.72
  366             3052.42
  367             3053.07
  368             3053.33
  369             3054.35
  370             3055.74
  371             3057.15
  372             3058.66
  373             3059.62
  374             3061.28
  375             3061.42
  376             3061.90
  377             3062.15
  378             3062.33
  379             3063.29
  380             3064.43
  381             3065.52
  382             3065.69
  383             3067.28
  384             3068.91
  385             3069.66
  386             3070.40
  387             3070.62
  388             3071.23
  389             3071.85
  390             3072.36
  391             3072.51
  392             3073.65
  393             3074.46
  394             3076.59
  395             3081.43
  396             3081.74
  397             3084.62
  398             3084.84
  399             3085.55
  400             3086.64
  401             3086.74
  402             3086.97
  403             3086.98
  404             3089.47
  405             3093.03
  406             3093.40
  407             3094.92
  408             3094.99
  409             3095.61
  410             3097.91
  411             3104.19
  412             3107.38
  413             3108.17
 Saving results in set 'hess'

 --------------------------------------------------------------------------------

 End time:                               Tue Jan 25 14:51:22 2022
 Total wall-clock time:                 28.100 seconds
==================================================================================
