
================================================================================
          _____________ ________ _______________ ________     _________         
         / ___________// ______ \\_____   _____// ______ \   / ________)        
        / /_________  / /      \ \     | |     / /      \ \ | (_______          
       |  __________|| |        | |    | |    | |        | | \________ \        
        \ \_________ | |        | |    | |     \ \______/ /___________) |       
         \__________||_|        |_|    |_|      \________//____________/        
                                                                                
====================================[ Qcore ]===================================

 Git describe: 2.3.0-166-g4178ddb
 Compiler:     GNU 9.1.0
 Build type:   Release
 Version:      2.3.0-166-g4178ddb

 Start time:   Tue Jan 25 14:50:59 2022

 Data directory: /user/home/of15641/.local/src/Qcore/release/share/entos/qcore/data
 Number of threads: 24
 Number of threads was determined by: number of physical cores

 --------------------------------------------------------------------------------
                                 command: hessian                                
 --------------------------------------------------------------------------------

 -------------------------------
  Numerical Geometrical Hessian 
 -------------------------------

 Compute hessian using two-point central differentiation.
 Step size (bohr):                       0.0100

 Frequencies (including translational and rotational modes):
 mode    frequency (cm-1)
    0              305.71 i (imaginary)
    1              248.89 i (imaginary)
    2              209.84 i (imaginary)
    3              176.91 i (imaginary)
    4              168.71 i (imaginary)
    5              125.28 i (imaginary)
    6              122.60 i (imaginary)
    7              105.15 i (imaginary)
    8               93.02 i (imaginary)
    9               61.98 i (imaginary)
   10               47.92 i (imaginary)
   11               36.43 i (imaginary)
   12               21.73 i (imaginary)
   13               15.01 i (imaginary)
   14               13.46 i (imaginary)
   15                9.51 i (imaginary)
   16                2.84 i (imaginary)
   17                1.39 i (imaginary)
   18                0.54 i (imaginary)
   19                0.42
   20               10.66
   21               13.80
   22               21.28
   23               22.49
   24               23.59
   25               37.93
   26               39.96
   27               41.36
   28               53.03
   29               58.00
   30               63.16
   31               67.45
   32               69.34
   33               74.84
   34               77.43
   35               79.73
   36               83.89
   37               86.31
   38               92.04
   39               95.82
   40               96.77
   41              102.33
   42              104.70
   43              113.57
   44              116.19
   45              119.93
   46              123.48
   47              133.46
   48              137.32
   49              139.70
   50              142.95
   51              146.76
   52              153.23
   53              155.04
   54              158.46
   55              160.59
   56              162.92
   57              167.70
   58              168.76
   59              177.38
   60              184.49
   61              189.60
   62              193.27
   63              201.26
   64              206.17
   65              208.77
   66              219.50
   67              219.66
   68              223.40
   69              226.32
   70              233.12
   71              235.97
   72              241.50
   73              241.94
   74              244.73
   75              245.76
   76              250.60
   77              261.26
   78              264.06
   79              266.78
   80              271.62
   81              273.52
   82              275.75
   83              280.67
   84              286.52
   85              292.34
   86              300.10
   87              313.27
   88              320.75
   89              324.79
   90              332.60
   91              341.47
   92              343.12
   93              352.31
   94              354.00
   95              361.56
   96              368.89
   97              380.24
   98              387.51
   99              391.54
  100              397.14
  101              414.11
  102              416.28
  103              423.97
  104              428.76
  105              437.36
  106              446.28
  107              452.77
  108              455.48
  109              461.84
  110              475.73
  111              481.45
  112              485.73
  113              502.13
  114              521.09
  115              537.22
  116              540.02
  117              550.91
  118              559.21
  119              565.38
  120              579.24
  121              581.27
  122              585.91
  123              589.18
  124              606.60
  125              617.53
  126              626.23
  127              626.70
  128              632.82
  129              654.17
  130              657.16
  131              667.46
  132              672.57
  133              674.58
  134              693.56
  135              696.98
  136              708.19
  137              709.13
  138              715.00
  139              717.40
  140              720.50
  141              738.40
  142              745.83
  143              746.50
  144              758.55
  145              762.74
  146              773.24
  147              786.73
  148              794.39
  149              799.61
  150              811.25
  151              815.96
  152              821.31
  153              825.41
  154              828.11
  155              834.98
  156              846.14
  157              848.44
  158              861.94
  159              867.24
  160              869.18
  161              881.86
  162              886.52
  163              887.47
  164              896.27
  165              897.63
  166              900.07
  167              903.11
  168              914.68
  169              919.01
  170              932.36
  171              936.56
  172              938.29
  173              951.55
  174              952.31
  175              955.59
  176              957.48
  177              960.04
  178              961.34
  179              967.71
  180              968.98
  181              973.79
  182              982.96
  183              986.02
  184              987.52
  185              989.42
  186              994.74
  187              998.00
  188             1002.71
  189             1006.96
  190             1009.80
  191             1020.02
  192             1025.30
  193             1034.94
  194             1038.96
  195             1042.98
  196             1043.67
  197             1047.09
  198             1052.81
  199             1057.59
  200             1062.35
  201             1065.29
  202             1068.37
  203             1072.73
  204             1073.22
  205             1083.03
  206             1085.41
  207             1089.52
  208             1093.61
  209             1094.88
  210             1103.15
  211             1108.28
  212             1109.29
  213             1113.57
  214             1114.81
  215             1119.31
  216             1120.33
  217             1123.41
  218             1124.23
  219             1132.12
  220             1140.84
  221             1142.28
  222             1154.81
  223             1159.09
  224             1160.58
  225             1163.71
  226             1168.74
  227             1170.84
  228             1174.12
  229             1175.28
  230             1183.79
  231             1185.52
  232             1188.58
  233             1191.06
  234             1194.43
  235             1197.64
  236             1207.53
  237             1208.58
  238             1208.86
  239             1218.62
  240             1223.06
  241             1226.27
  242             1230.29
  243             1231.53
  244             1233.30
  245             1236.34
  246             1236.84
  247             1246.14
  248             1247.49
  249             1250.74
  250             1256.69
  251             1260.15
  252             1269.46
  253             1269.51
  254             1276.52
  255             1283.99
  256             1287.53
  257             1289.50
  258             1296.76
  259             1299.03
  260             1308.36
  261             1309.51
  262             1310.62
  263             1310.98
  264             1312.32
  265             1313.95
  266             1317.48
  267             1323.36
  268             1324.20
  269             1332.74
  270             1333.12
  271             1340.37
  272             1340.76
  273             1341.93
  274             1346.96
  275             1347.96
  276             1352.31
  277             1353.57
  278             1354.32
  279             1356.84
  280             1357.99
  281             1358.87
  282             1360.45
  283             1362.10
  284             1368.26
  285             1368.96
  286             1369.60
  287             1372.72
  288             1373.97
  289             1377.45
  290             1386.26
  291             1395.23
  292             1399.35
  293             1402.10
  294             1403.38
  295             1410.30
  296             1415.31
  297             1417.18
  298             1417.25
  299             1418.88
  300             1418.93
  301             1426.20
  302             1426.77
  303             1427.34
  304             1429.09
  305             1430.00
  306             1431.51
  307             1436.97
  308             1439.84
  309             1441.22
  310             1441.39
  311             1443.92
  312             1455.26
  313             1460.08
  314             1462.76
  315             1464.48
  316             1464.74
  317             1467.98
  318             1470.84
  319             1474.76
  320             1478.30
  321             1481.92
  322             1482.74
  323             1483.04
  324             1483.21
  325             1489.13
  326             1490.49
  327             1491.17
  328             1494.80
  329             1494.95
  330             1499.67
  331             1502.64
  332             1508.15
  333             1509.33
  334             1509.91
  335             1512.06
  336             1517.20
  337             1519.05
  338             1537.99
  339             1552.11
  340             1572.06
  341             1670.23
  342             1682.64
  343             1719.87
  344             1780.57
  345             1790.66
  346             2990.22
  347             3006.96
  348             3009.69
  349             3017.09
  350             3019.42
  351             3022.13
  352             3023.05
  353             3024.77
  354             3025.69
  355             3029.74
  356             3030.99
  357             3031.65
  358             3033.26
  359             3033.92
  360             3035.06
  361             3037.11
  362             3039.44
  363             3039.69
  364             3040.56
  365             3042.22
  366             3044.32
  367             3045.37
  368             3049.13
  369             3054.07
  370             3054.42
  371             3054.61
  372             3054.97
  373             3055.27
  374             3055.98
  375             3056.62
  376             3057.30
  377             3057.59
  378             3058.00
  379             3058.21
  380             3059.71
  381             3060.75
  382             3060.82
  383             3064.49
  384             3065.68
  385             3067.09
  386             3067.25
  387             3067.84
  388             3068.19
  389             3068.30
  390             3069.13
  391             3069.29
  392             3070.11
  393             3070.17
  394             3070.27
  395             3072.01
  396             3073.53
  397             3074.44
  398             3074.85
  399             3076.88
  400             3078.23
  401             3080.37
  402             3082.03
  403             3083.16
  404             3084.11
  405             3084.87
  406             3086.97
  407             3088.75
  408             3089.94
  409             3090.14
  410             3093.60
  411             3093.75
  412             3095.66
  413             3096.63
  414             3098.64
  415             3098.99
  416             3101.70
  417             3102.99
  418             3103.60
  419             3105.10

 Project out translational and rotational motions 

 Degrees of freedom for translational and rotational motions: 6

 Vibrational frequencies:
 mode    frequency (cm-1)
    0              305.70 i (imaginary)
    1              248.87 i (imaginary)
    2              209.68 i (imaginary)
    3              176.59 i (imaginary)
    4              168.64 i (imaginary)
    5              124.93 i (imaginary)
    6              122.29 i (imaginary)
    7              104.52 i (imaginary)
    8               92.69 i (imaginary)
    9               61.75 i (imaginary)
   10               46.88 i (imaginary)
   11               35.61 i (imaginary)
   12               20.08 i (imaginary)
   13               13.26 i (imaginary)
   14                4.27
   15               12.00
   16               17.57
   17               21.73
   18               23.07
   19               35.20
   20               38.58
   21               41.27
   22               53.00
   23               57.52
   24               62.87
   25               67.42
   26               69.25
   27               73.96
   28               77.21
   29               79.62
   30               83.56
   31               86.23
   32               91.86
   33               95.53
   34               96.56
   35              102.16
   36              104.53
   37              113.54
   38              116.01
   39              119.87
   40              123.44
   41              133.42
   42              137.23
   43              139.69
   44              142.94
   45              146.71
   46              153.20
   47              154.99
   48              158.45
   49              160.54
   50              162.75
   51              167.61
   52              168.75
   53              177.37
   54              184.44
   55              189.60
   56              193.27
   57              201.19
   58              206.16
   59              208.75
   60              219.50
   61              219.64
   62              223.38
   63              226.31
   64              233.11
   65              235.97
   66              241.50
   67              241.93
   68              244.71
   69              245.70
   70              250.59
   71              261.20
   72              264.05
   73              266.73
   74              271.60
   75              273.52
   76              275.74
   77              280.66
   78              286.51
   79              292.32
   80              300.10
   81              313.27
   82              320.75
   83              324.78
   84              332.59
   85              341.46
   86              343.11
   87              352.31
   88              353.98
   89              361.53
   90              368.87
   91              380.24
   92              387.51
   93              391.53
   94              397.14
   95              414.11
   96              416.27
   97              423.97
   98              428.75
   99              437.36
  100              446.27
  101              452.77
  102              455.48
  103              461.83
  104              475.73
  105              481.44
  106              485.72
  107              502.13
  108              521.09
  109              537.22
  110              540.02
  111              550.91
  112              559.21
  113              565.38
  114              579.24
  115              581.26
  116              585.91
  117              589.18
  118              606.60
  119              617.53
  120              626.22
  121              626.70
  122              632.82
  123              654.17
  124              657.16
  125              667.46
  126              672.57
  127              674.57
  128              693.56
  129              696.98
  130              708.19
  131              709.13
  132              715.00
  133              717.40
  134              720.50
  135              738.40
  136              745.83
  137              746.50
  138              758.55
  139              762.74
  140              773.24
  141              786.73
  142              794.39
  143              799.61
  144              811.25
  145              815.96
  146              821.31
  147              825.41
  148              828.11
  149              834.98
  150              846.14
  151              848.44
  152              861.94
  153              867.23
  154              869.18
  155              881.86
  156              886.52
  157              887.47
  158              896.27
  159              897.63
  160              900.07
  161              903.11
  162              914.68
  163              919.01
  164              932.36
  165              936.56
  166              938.29
  167              951.55
  168              952.31
  169              955.59
  170              957.48
  171              960.04
  172              961.34
  173              967.71
  174              968.98
  175              973.79
  176              982.96
  177              986.02
  178              987.52
  179              989.42
  180              994.74
  181              998.00
  182             1002.71
  183             1006.96
  184             1009.80
  185             1020.02
  186             1025.30
  187             1034.94
  188             1038.96
  189             1042.98
  190             1043.67
  191             1047.09
  192             1052.81
  193             1057.59
  194             1062.35
  195             1065.29
  196             1068.37
  197             1072.73
  198             1073.22
  199             1083.03
  200             1085.41
  201             1089.52
  202             1093.61
  203             1094.88
  204             1103.15
  205             1108.28
  206             1109.29
  207             1113.57
  208             1114.81
  209             1119.31
  210             1120.33
  211             1123.41
  212             1124.23
  213             1132.12
  214             1140.84
  215             1142.28
  216             1154.80
  217             1159.09
  218             1160.58
  219             1163.71
  220             1168.74
  221             1170.84
  222             1174.12
  223             1175.28
  224             1183.79
  225             1185.51
  226             1188.58
  227             1191.06
  228             1194.43
  229             1197.63
  230             1207.53
  231             1208.58
  232             1208.86
  233             1218.62
  234             1223.06
  235             1226.27
  236             1230.29
  237             1231.53
  238             1233.30
  239             1236.34
  240             1236.84
  241             1246.14
  242             1247.49
  243             1250.74
  244             1256.69
  245             1260.15
  246             1269.46
  247             1269.51
  248             1276.52
  249             1283.99
  250             1287.53
  251             1289.50
  252             1296.76
  253             1299.03
  254             1308.36
  255             1309.51
  256             1310.62
  257             1310.98
  258             1312.32
  259             1313.95
  260             1317.48
  261             1323.36
  262             1324.20
  263             1332.74
  264             1333.12
  265             1340.37
  266             1340.76
  267             1341.93
  268             1346.96
  269             1347.96
  270             1352.31
  271             1353.57
  272             1354.32
  273             1356.84
  274             1357.99
  275             1358.87
  276             1360.45
  277             1362.10
  278             1368.26
  279             1368.96
  280             1369.60
  281             1372.72
  282             1373.97
  283             1377.45
  284             1386.26
  285             1395.23
  286             1399.35
  287             1402.10
  288             1403.38
  289             1410.30
  290             1415.31
  291             1417.18
  292             1417.25
  293             1418.88
  294             1418.93
  295             1426.19
  296             1426.77
  297             1427.34
  298             1429.09
  299             1430.00
  300             1431.51
  301             1436.97
  302             1439.84
  303             1441.22
  304             1441.39
  305             1443.92
  306             1455.26
  307             1460.08
  308             1462.76
  309             1464.48
  310             1464.74
  311             1467.98
  312             1470.84
  313             1474.76
  314             1478.30
  315             1481.92
  316             1482.74
  317             1483.04
  318             1483.21
  319             1489.13
  320             1490.49
  321             1491.17
  322             1494.80
  323             1494.95
  324             1499.67
  325             1502.64
  326             1508.15
  327             1509.33
  328             1509.91
  329             1512.06
  330             1517.20
  331             1519.05
  332             1537.99
  333             1552.11
  334             1572.06
  335             1670.23
  336             1682.64
  337             1719.87
  338             1780.57
  339             1790.66
  340             2990.22
  341             3006.96
  342             3009.69
  343             3017.09
  344             3019.42
  345             3022.13
  346             3023.05
  347             3024.77
  348             3025.69
  349             3029.74
  350             3030.99
  351             3031.65
  352             3033.26
  353             3033.92
  354             3035.06
  355             3037.11
  356             3039.44
  357             3039.69
  358             3040.56
  359             3042.22
  360             3044.32
  361             3045.37
  362             3049.13
  363             3054.07
  364             3054.42
  365             3054.61
  366             3054.97
  367             3055.27
  368             3055.98
  369             3056.62
  370             3057.30
  371             3057.59
  372             3058.00
  373             3058.21
  374             3059.71
  375             3060.75
  376             3060.82
  377             3064.49
  378             3065.68
  379             3067.09
  380             3067.25
  381             3067.84
  382             3068.19
  383             3068.30
  384             3069.13
  385             3069.29
  386             3070.11
  387             3070.17
  388             3070.27
  389             3072.01
  390             3073.53
  391             3074.44
  392             3074.85
  393             3076.88
  394             3078.23
  395             3080.37
  396             3082.03
  397             3083.16
  398             3084.11
  399             3084.87
  400             3086.97
  401             3088.75
  402             3089.94
  403             3090.14
  404             3093.60
  405             3093.74
  406             3095.66
  407             3096.63
  408             3098.64
  409             3098.99
  410             3101.70
  411             3102.99
  412             3103.60
  413             3105.10
 Saving results in set 'hess'

 --------------------------------------------------------------------------------

 End time:                               Tue Jan 25 14:51:24 2022
 Total wall-clock time:                 24.556 seconds
==================================================================================
