
================================================================================
          _____________ ________ _______________ ________     _________         
         / ___________// ______ \\_____   _____// ______ \   / ________)        
        / /_________  / /      \ \     | |     / /      \ \ | (_______          
       |  __________|| |        | |    | |    | |        | | \________ \        
        \ \_________ | |        | |    | |     \ \______/ /___________) |       
         \__________||_|        |_|    |_|      \________//____________/        
                                                                                
====================================[ Qcore ]===================================

 Git describe: 2.3.0-166-g4178ddb
 Compiler:     GNU 9.1.0
 Build type:   Release
 Version:      2.3.0-166-g4178ddb

 Start time:   Tue Jan 25 14:51:19 2022

 Data directory: /user/home/of15641/.local/src/Qcore/release/share/entos/qcore/data
 Number of threads: 24
 Number of threads was determined by: number of physical cores

 --------------------------------------------------------------------------------
                                 command: hessian                                
 --------------------------------------------------------------------------------

 -------------------------------
  Numerical Geometrical Hessian 
 -------------------------------

 Compute hessian using two-point central differentiation.
 Step size (bohr):                       0.0100

 Frequencies (including translational and rotational modes):
 mode    frequency (cm-1)
    0              257.25 i (imaginary)
    1              229.43 i (imaginary)
    2              189.96 i (imaginary)
    3              185.88 i (imaginary)
    4              150.22 i (imaginary)
    5              147.61 i (imaginary)
    6              143.08 i (imaginary)
    7              116.23 i (imaginary)
    8               79.70 i (imaginary)
    9               79.57 i (imaginary)
   10               71.57 i (imaginary)
   11               47.07 i (imaginary)
   12               36.13 i (imaginary)
   13               33.82 i (imaginary)
   14               30.92 i (imaginary)
   15               22.56 i (imaginary)
   16               11.32 i (imaginary)
   17                3.61 i (imaginary)
   18                0.95 i (imaginary)
   19                0.36 i (imaginary)
   20                5.71
   21                9.46
   22               12.57
   23               14.23
   24               21.98
   25               24.64
   26               29.05
   27               34.18
   28               36.98
   29               40.65
   30               45.53
   31               49.24
   32               55.89
   33               65.49
   34               66.48
   35               71.66
   36               76.40
   37               86.35
   38               88.87
   39               93.31
   40               96.84
   41               98.29
   42              102.10
   43              110.28
   44              116.64
   45              120.14
   46              129.18
   47              139.11
   48              140.73
   49              144.57
   50              153.43
   51              156.42
   52              161.78
   53              163.23
   54              166.76
   55              169.34
   56              170.88
   57              181.47
   58              186.53
   59              192.31
   60              195.73
   61              198.24
   62              199.58
   63              202.08
   64              204.67
   65              206.41
   66              207.86
   67              213.45
   68              218.34
   69              220.32
   70              224.35
   71              227.64
   72              234.01
   73              238.53
   74              239.19
   75              243.03
   76              248.69
   77              249.77
   78              254.51
   79              256.24
   80              258.91
   81              268.57
   82              273.48
   83              281.16
   84              286.28
   85              289.19
   86              295.49
   87              297.05
   88              315.42
   89              322.44
   90              331.16
   91              343.70
   92              343.88
   93              346.56
   94              355.22
   95              359.28
   96              370.72
   97              371.93
   98              388.83
   99              392.70
  100              393.07
  101              409.25
  102              414.83
  103              424.27
  104              430.98
  105              436.26
  106              440.36
  107              442.67
  108              457.35
  109              469.93
  110              480.31
  111              486.40
  112              488.69
  113              500.81
  114              514.00
  115              541.36
  116              543.79
  117              559.17
  118              561.20
  119              564.13
  120              567.51
  121              587.79
  122              597.01
  123              601.29
  124              607.34
  125              615.05
  126              623.06
  127              631.18
  128              637.52
  129              653.70
  130              657.47
  131              667.69
  132              677.61
  133              686.65
  134              695.75
  135              697.55
  136              707.39
  137              723.33
  138              731.57
  139              740.37
  140              743.21
  141              752.84
  142              754.74
  143              764.80
  144              770.80
  145              774.19
  146              778.77
  147              792.76
  148              794.49
  149              797.06
  150              802.46
  151              811.63
  152              812.47
  153              824.37
  154              828.95
  155              835.76
  156              845.29
  157              852.99
  158              861.09
  159              862.54
  160              865.29
  161              870.25
  162              881.13
  163              892.99
  164              893.98
  165              902.23
  166              907.33
  167              912.30
  168              913.46
  169              918.11
  170              918.32
  171              933.86
  172              939.62
  173              942.47
  174              949.68
  175              952.33
  176              955.09
  177              967.11
  178              967.36
  179              970.11
  180              971.06
  181              973.42
  182              976.24
  183              982.41
  184              982.68
  185              985.92
  186              988.29
  187              988.49
  188              991.81
  189              993.90
  190             1007.49
  191             1008.34
  192             1019.96
  193             1021.45
  194             1036.56
  195             1038.64
  196             1041.54
  197             1044.06
  198             1046.87
  199             1048.79
  200             1053.23
  201             1055.89
  202             1056.24
  203             1062.44
  204             1064.30
  205             1071.20
  206             1082.71
  207             1085.06
  208             1087.77
  209             1090.64
  210             1091.81
  211             1097.60
  212             1106.46
  213             1110.62
  214             1113.43
  215             1116.92
  216             1125.63
  217             1126.51
  218             1131.66
  219             1135.22
  220             1136.82
  221             1139.22
  222             1146.31
  223             1149.25
  224             1150.56
  225             1159.51
  226             1163.62
  227             1164.72
  228             1165.12
  229             1172.17
  230             1174.28
  231             1178.97
  232             1179.81
  233             1187.59
  234             1188.27
  235             1189.28
  236             1199.60
  237             1200.44
  238             1208.99
  239             1211.14
  240             1218.94
  241             1225.20
  242             1227.29
  243             1229.08
  244             1239.95
  245             1241.26
  246             1246.50
  247             1253.44
  248             1254.54
  249             1257.93
  250             1261.24
  251             1264.31
  252             1266.14
  253             1274.71
  254             1275.70
  255             1283.73
  256             1284.82
  257             1287.32
  258             1290.19
  259             1293.57
  260             1294.05
  261             1295.91
  262             1296.34
  263             1300.22
  264             1303.10
  265             1311.31
  266             1314.56
  267             1318.28
  268             1320.16
  269             1322.97
  270             1327.26
  271             1328.36
  272             1329.10
  273             1336.62
  274             1338.93
  275             1347.12
  276             1350.08
  277             1351.97
  278             1355.54
  279             1357.66
  280             1358.81
  281             1362.57
  282             1363.70
  283             1364.62
  284             1364.95
  285             1372.93
  286             1373.71
  287             1381.33
  288             1381.94
  289             1382.68
  290             1386.47
  291             1387.75
  292             1391.31
  293             1400.31
  294             1400.81
  295             1402.12
  296             1417.11
  297             1418.02
  298             1422.99
  299             1423.70
  300             1425.92
  301             1428.06
  302             1429.12
  303             1431.80
  304             1433.96
  305             1436.13
  306             1436.90
  307             1438.34
  308             1442.89
  309             1443.15
  310             1444.89
  311             1445.23
  312             1451.81
  313             1452.40
  314             1456.68
  315             1457.28
  316             1457.48
  317             1458.15
  318             1462.40
  319             1467.33
  320             1470.83
  321             1472.15
  322             1474.13
  323             1474.42
  324             1476.99
  325             1477.82
  326             1478.16
  327             1478.58
  328             1488.65
  329             1488.75
  330             1489.03
  331             1496.62
  332             1496.88
  333             1501.78
  334             1508.80
  335             1510.20
  336             1511.33
  337             1522.95
  338             1526.73
  339             1531.13
  340             1551.67
  341             1557.40
  342             1623.42
  343             1675.81
  344             1711.36
  345             1788.78
  346             3010.32
  347             3013.67
  348             3016.17
  349             3019.62
  350             3022.26
  351             3026.27
  352             3027.26
  353             3028.53
  354             3029.36
  355             3030.18
  356             3030.70
  357             3031.91
  358             3034.53
  359             3034.66
  360             3035.83
  361             3036.66
  362             3037.48
  363             3037.55
  364             3037.97
  365             3038.17
  366             3040.76
  367             3042.44
  368             3042.93
  369             3044.82
  370             3046.44
  371             3047.24
  372             3049.18
  373             3051.15
  374             3052.81
  375             3053.40
  376             3053.62
  377             3054.11
  378             3054.20
  379             3056.57
  380             3057.87
  381             3059.01
  382             3060.41
  383             3060.68
  384             3064.78
  385             3067.72
  386             3068.29
  387             3069.31
  388             3069.53
  389             3070.17
  390             3070.59
  391             3072.80
  392             3073.55
  393             3073.67
  394             3074.09
  395             3075.42
  396             3075.44
  397             3075.97
  398             3075.99
  399             3076.97
  400             3077.43
  401             3080.94
  402             3082.59
  403             3085.61
  404             3085.71
  405             3087.07
  406             3087.89
  407             3088.12
  408             3090.13
  409             3092.45
  410             3092.84
  411             3093.13
  412             3093.73
  413             3093.81
  414             3095.19
  415             3096.44
  416             3096.54
  417             3098.93
  418             3102.87
  419             3104.60

 Project out translational and rotational motions 

 Degrees of freedom for translational and rotational motions: 6

 Vibrational frequencies:
 mode    frequency (cm-1)
    0              257.23 i (imaginary)
    1              229.40 i (imaginary)
    2              189.74 i (imaginary)
    3              185.86 i (imaginary)
    4              150.11 i (imaginary)
    5              147.60 i (imaginary)
    6              142.85 i (imaginary)
    7              115.79 i (imaginary)
    8               79.64 i (imaginary)
    9               78.59 i (imaginary)
   10               70.89 i (imaginary)
   11               46.65 i (imaginary)
   12               35.87 i (imaginary)
   13               33.43 i (imaginary)
   14               27.24 i (imaginary)
   15               22.25 i (imaginary)
   16                5.60
   17               10.88
   18               18.62
   19               24.33
   20               26.83
   21               34.06
   22               36.64
   23               40.25
   24               44.89
   25               48.50
   26               55.49
   27               64.39
   28               66.27
   29               71.38
   30               76.29
   31               86.13
   32               88.81
   33               93.19
   34               96.63
   35               98.18
   36              102.01
   37              110.08
   38              116.61
   39              120.12
   40              129.07
   41              139.10
   42              140.49
   43              144.47
   44              153.39
   45              156.39
   46              161.78
   47              163.23
   48              166.70
   49              169.33
   50              170.87
   51              181.46
   52              186.51
   53              192.22
   54              195.73
   55              198.17
   56              199.57
   57              201.96
   58              204.63
   59              206.40
   60              207.85
   61              213.37
   62              218.33
   63              220.31
   64              224.34
   65              227.61
   66              233.98
   67              238.51
   68              239.17
   69              243.03
   70              248.67
   71              249.66
   72              254.48
   73              256.22
   74              258.88
   75              268.57
   76              273.47
   77              281.15
   78              286.27
   79              289.19
   80              295.48
   81              297.02
   82              315.42
   83              322.44
   84              331.15
   85              343.70
   86              343.88
   87              346.56
   88              355.22
   89              359.28
   90              370.72
   91              371.93
   92              388.82
   93              392.70
   94              393.07
   95              409.24
   96              414.82
   97              424.27
   98              430.98
   99              436.26
  100              440.35
  101              442.67
  102              457.34
  103              469.91
  104              480.31
  105              486.39
  106              488.68
  107              500.81
  108              514.00
  109              541.36
  110              543.79
  111              559.17
  112              561.19
  113              564.13
  114              567.50
  115              587.79
  116              597.01
  117              601.29
  118              607.34
  119              615.05
  120              623.06
  121              631.18
  122              637.52
  123              653.69
  124              657.46
  125              667.69
  126              677.61
  127              686.65
  128              695.75
  129              697.55
  130              707.39
  131              723.33
  132              731.57
  133              740.37
  134              743.21
  135              752.84
  136              754.74
  137              764.80
  138              770.80
  139              774.19
  140              778.76
  141              792.76
  142              794.49
  143              797.06
  144              802.46
  145              811.63
  146              812.47
  147              824.37
  148              828.95
  149              835.76
  150              845.29
  151              852.99
  152              861.09
  153              862.54
  154              865.29
  155              870.25
  156              881.13
  157              892.99
  158              893.98
  159              902.23
  160              907.33
  161              912.30
  162              913.46
  163              918.11
  164              918.32
  165              933.86
  166              939.62
  167              942.47
  168              949.68
  169              952.33
  170              955.09
  171              967.10
  172              967.36
  173              970.11
  174              971.06
  175              973.42
  176              976.24
  177              982.41
  178              982.68
  179              985.92
  180              988.29
  181              988.49
  182              991.81
  183              993.90
  184             1007.49
  185             1008.34
  186             1019.96
  187             1021.45
  188             1036.56
  189             1038.64
  190             1041.54
  191             1044.06
  192             1046.87
  193             1048.79
  194             1053.23
  195             1055.89
  196             1056.24
  197             1062.44
  198             1064.30
  199             1071.20
  200             1082.71
  201             1085.06
  202             1087.77
  203             1090.64
  204             1091.81
  205             1097.60
  206             1106.46
  207             1110.62
  208             1113.43
  209             1116.92
  210             1125.63
  211             1126.51
  212             1131.66
  213             1135.21
  214             1136.82
  215             1139.22
  216             1146.31
  217             1149.25
  218             1150.56
  219             1159.51
  220             1163.62
  221             1164.72
  222             1165.12
  223             1172.17
  224             1174.28
  225             1178.97
  226             1179.81
  227             1187.59
  228             1188.27
  229             1189.28
  230             1199.60
  231             1200.44
  232             1208.99
  233             1211.14
  234             1218.94
  235             1225.20
  236             1227.29
  237             1229.08
  238             1239.95
  239             1241.26
  240             1246.50
  241             1253.44
  242             1254.54
  243             1257.93
  244             1261.24
  245             1264.31
  246             1266.14
  247             1274.71
  248             1275.70
  249             1283.73
  250             1284.82
  251             1287.32
  252             1290.19
  253             1293.57
  254             1294.05
  255             1295.91
  256             1296.34
  257             1300.22
  258             1303.10
  259             1311.31
  260             1314.56
  261             1318.28
  262             1320.16
  263             1322.97
  264             1327.26
  265             1328.36
  266             1329.10
  267             1336.62
  268             1338.93
  269             1347.12
  270             1350.08
  271             1351.97
  272             1355.54
  273             1357.66
  274             1358.81
  275             1362.57
  276             1363.70
  277             1364.62
  278             1364.95
  279             1372.93
  280             1373.71
  281             1381.33
  282             1381.94
  283             1382.68
  284             1386.47
  285             1387.75
  286             1391.31
  287             1400.31
  288             1400.81
  289             1402.12
  290             1417.11
  291             1418.02
  292             1422.99
  293             1423.70
  294             1425.92
  295             1428.06
  296             1429.12
  297             1431.80
  298             1433.96
  299             1436.13
  300             1436.90
  301             1438.34
  302             1442.89
  303             1443.15
  304             1444.89
  305             1445.23
  306             1451.81
  307             1452.40
  308             1456.68
  309             1457.28
  310             1457.48
  311             1458.15
  312             1462.40
  313             1467.33
  314             1470.83
  315             1472.15
  316             1474.13
  317             1474.42
  318             1476.99
  319             1477.82
  320             1478.16
  321             1478.58
  322             1488.65
  323             1488.75
  324             1489.03
  325             1496.62
  326             1496.88
  327             1501.78
  328             1508.80
  329             1510.20
  330             1511.33
  331             1522.95
  332             1526.73
  333             1531.13
  334             1551.67
  335             1557.40
  336             1623.42
  337             1675.81
  338             1711.36
  339             1788.78
  340             3010.32
  341             3013.67
  342             3016.17
  343             3019.62
  344             3022.26
  345             3026.27
  346             3027.26
  347             3028.53
  348             3029.36
  349             3030.18
  350             3030.70
  351             3031.91
  352             3034.53
  353             3034.66
  354             3035.83
  355             3036.66
  356             3037.48
  357             3037.55
  358             3037.97
  359             3038.17
  360             3040.76
  361             3042.44
  362             3042.93
  363             3044.82
  364             3046.44
  365             3047.24
  366             3049.18
  367             3051.15
  368             3052.81
  369             3053.40
  370             3053.62
  371             3054.11
  372             3054.20
  373             3056.57
  374             3057.87
  375             3059.01
  376             3060.41
  377             3060.68
  378             3064.78
  379             3067.72
  380             3068.29
  381             3069.31
  382             3069.53
  383             3070.17
  384             3070.59
  385             3072.80
  386             3073.55
  387             3073.67
  388             3074.09
  389             3075.42
  390             3075.44
  391             3075.97
  392             3075.99
  393             3076.97
  394             3077.43
  395             3080.94
  396             3082.59
  397             3085.61
  398             3085.71
  399             3087.07
  400             3087.89
  401             3088.12
  402             3090.13
  403             3092.45
  404             3092.84
  405             3093.13
  406             3093.73
  407             3093.81
  408             3095.19
  409             3096.44
  410             3096.54
  411             3098.93
  412             3102.87
  413             3104.60
 Saving results in set 'hess'

 --------------------------------------------------------------------------------

 End time:                               Tue Jan 25 14:51:44 2022
 Total wall-clock time:                 24.195 seconds
==================================================================================
