
================================================================================
          _____________ ________ _______________ ________     _________         
         / ___________// ______ \\_____   _____// ______ \   / ________)        
        / /_________  / /      \ \     | |     / /      \ \ | (_______          
       |  __________|| |        | |    | |    | |        | | \________ \        
        \ \_________ | |        | |    | |     \ \______/ /___________) |       
         \__________||_|        |_|    |_|      \________//____________/        
                                                                                
====================================[ Qcore ]===================================

 Git describe: 2.3.0-166-g4178ddb
 Compiler:     GNU 9.1.0
 Build type:   Release
 Version:      2.3.0-166-g4178ddb

 Start time:   Tue Jan 25 14:51:07 2022

 Data directory: /user/home/of15641/.local/src/Qcore/release/share/entos/qcore/data
 Number of threads: 24
 Number of threads was determined by: number of physical cores

 --------------------------------------------------------------------------------
                                 command: hessian                                
 --------------------------------------------------------------------------------

 -------------------------------
  Numerical Geometrical Hessian 
 -------------------------------

 Compute hessian using two-point central differentiation.
 Step size (bohr):                       0.0100

 Frequencies (including translational and rotational modes):
 mode    frequency (cm-1)
    0              308.95 i (imaginary)
    1              217.47 i (imaginary)
    2              167.99 i (imaginary)
    3              160.41 i (imaginary)
    4              115.15 i (imaginary)
    5              106.54 i (imaginary)
    6               97.30 i (imaginary)
    7               66.77 i (imaginary)
    8               60.99 i (imaginary)
    9               58.90 i (imaginary)
   10               45.65 i (imaginary)
   11               42.37 i (imaginary)
   12               40.84 i (imaginary)
   13               22.91 i (imaginary)
   14               13.18 i (imaginary)
   15                7.29 i (imaginary)
   16                2.01 i (imaginary)
   17                1.87 i (imaginary)
   18                0.50 i (imaginary)
   19               13.59
   20               14.56
   21               22.69
   22               27.74
   23               29.46
   24               34.69
   25               44.40
   26               46.78
   27               51.31
   28               55.15
   29               65.79
   30               67.82
   31               71.77
   32               73.72
   33               78.57
   34               86.75
   35               91.94
   36               97.49
   37              102.50
   38              103.64
   39              111.63
   40              114.49
   41              117.43
   42              120.52
   43              127.14
   44              129.25
   45              135.96
   46              138.61
   47              140.71
   48              145.46
   49              150.61
   50              151.68
   51              157.04
   52              158.27
   53              165.90
   54              173.26
   55              177.54
   56              179.24
   57              185.64
   58              188.36
   59              192.75
   60              196.77
   61              201.40
   62              208.36
   63              217.28
   64              219.82
   65              222.78
   66              226.32
   67              231.90
   68              235.48
   69              237.33
   70              239.83
   71              250.42
   72              253.84
   73              255.81
   74              260.50
   75              263.68
   76              269.71
   77              271.71
   78              276.56
   79              281.26
   80              287.45
   81              289.52
   82              290.55
   83              299.67
   84              300.99
   85              301.48
   86              315.44
   87              319.88
   88              329.51
   89              334.35
   90              335.16
   91              336.80
   92              349.99
   93              358.51
   94              361.52
   95              367.98
   96              371.43
   97              376.22
   98              383.76
   99              391.73
  100              395.12
  101              405.03
  102              415.47
  103              434.13
  104              445.24
  105              452.59
  106              454.05
  107              458.42
  108              464.27
  109              476.58
  110              487.07
  111              492.00
  112              500.60
  113              527.36
  114              530.32
  115              550.45
  116              561.79
  117              567.18
  118              571.17
  119              573.45
  120              577.95
  121              578.77
  122              588.28
  123              594.47
  124              599.49
  125              615.61
  126              620.64
  127              627.77
  128              645.01
  129              654.03
  130              662.21
  131              668.39
  132              673.50
  133              677.98
  134              680.28
  135              681.58
  136              687.14
  137              702.74
  138              705.94
  139              709.26
  140              720.08
  141              727.00
  142              732.48
  143              735.66
  144              751.01
  145              752.56
  146              767.53
  147              780.58
  148              789.42
  149              798.70
  150              808.66
  151              816.19
  152              822.67
  153              829.51
  154              832.16
  155              837.37
  156              841.34
  157              849.44
  158              851.48
  159              858.74
  160              864.22
  161              870.24
  162              875.00
  163              882.04
  164              896.63
  165              901.96
  166              903.55
  167              907.67
  168              915.87
  169              921.88
  170              923.25
  171              927.41
  172              930.87
  173              931.61
  174              938.53
  175              940.41
  176              955.93
  177              957.21
  178              965.86
  179              968.67
  180              975.44
  181              976.11
  182              977.45
  183              982.66
  184              989.55
  185              995.85
  186              997.49
  187              997.64
  188             1010.29
  189             1018.34
  190             1019.96
  191             1026.72
  192             1027.44
  193             1033.12
  194             1035.60
  195             1045.60
  196             1051.27
  197             1053.07
  198             1056.96
  199             1058.94
  200             1061.74
  201             1066.62
  202             1067.32
  203             1075.71
  204             1076.84
  205             1081.98
  206             1084.17
  207             1085.19
  208             1090.17
  209             1093.36
  210             1096.73
  211             1097.37
  212             1102.57
  213             1106.00
  214             1126.39
  215             1127.17
  216             1127.90
  217             1134.46
  218             1136.86
  219             1138.23
  220             1145.99
  221             1146.11
  222             1148.35
  223             1152.94
  224             1159.58
  225             1162.87
  226             1171.46
  227             1174.49
  228             1176.42
  229             1177.96
  230             1183.39
  231             1187.98
  232             1193.79
  233             1197.24
  234             1202.11
  235             1205.01
  236             1210.72
  237             1215.49
  238             1217.68
  239             1218.85
  240             1220.54
  241             1222.93
  242             1224.44
  243             1228.14
  244             1232.12
  245             1234.18
  246             1243.27
  247             1252.55
  248             1253.40
  249             1254.45
  250             1257.25
  251             1258.01
  252             1263.93
  253             1268.11
  254             1270.73
  255             1275.51
  256             1276.30
  257             1278.95
  258             1283.56
  259             1291.95
  260             1294.43
  261             1301.44
  262             1301.72
  263             1303.07
  264             1305.02
  265             1306.35
  266             1314.00
  267             1314.57
  268             1316.33
  269             1318.62
  270             1318.80
  271             1319.05
  272             1325.58
  273             1332.88
  274             1335.18
  275             1336.13
  276             1337.93
  277             1341.33
  278             1345.29
  279             1346.25
  280             1349.16
  281             1352.22
  282             1352.84
  283             1356.89
  284             1361.55
  285             1370.27
  286             1372.21
  287             1376.30
  288             1381.62
  289             1384.43
  290             1387.08
  291             1388.01
  292             1390.37
  293             1395.50
  294             1398.41
  295             1411.11
  296             1416.22
  297             1418.79
  298             1420.37
  299             1422.45
  300             1425.71
  301             1431.00
  302             1432.82
  303             1433.78
  304             1437.00
  305             1439.18
  306             1440.34
  307             1441.95
  308             1444.33
  309             1444.52
  310             1446.72
  311             1449.60
  312             1450.42
  313             1453.51
  314             1454.74
  315             1456.19
  316             1460.95
  317             1461.69
  318             1463.15
  319             1465.32
  320             1466.80
  321             1466.86
  322             1467.03
  323             1470.69
  324             1473.91
  325             1476.05
  326             1479.21
  327             1481.25
  328             1483.57
  329             1483.71
  330             1484.46
  331             1485.67
  332             1494.95
  333             1495.19
  334             1498.63
  335             1518.63
  336             1538.77
  337             1540.35
  338             1543.67
  339             1563.45
  340             1571.13
  341             1583.96
  342             1675.94
  343             1689.51
  344             1713.25
  345             1828.31
  346             2998.18
  347             3010.30
  348             3012.65
  349             3013.63
  350             3015.62
  351             3020.09
  352             3022.28
  353             3026.50
  354             3029.37
  355             3033.15
  356             3034.30
  357             3036.95
  358             3037.61
  359             3037.81
  360             3039.40
  361             3043.18
  362             3043.60
  363             3045.42
  364             3046.89
  365             3047.58
  366             3048.41
  367             3050.04
  368             3050.87
  369             3051.09
  370             3051.83
  371             3052.19
  372             3054.23
  373             3054.73
  374             3054.95
  375             3055.10
  376             3055.54
  377             3056.83
  378             3058.04
  379             3058.86
  380             3058.95
  381             3062.35
  382             3063.37
  383             3064.51
  384             3066.80
  385             3068.23
  386             3068.70
  387             3069.57
  388             3070.81
  389             3072.86
  390             3073.35
  391             3074.64
  392             3075.73
  393             3076.79
  394             3077.34
  395             3077.51
  396             3078.58
  397             3080.85
  398             3081.53
  399             3083.07
  400             3083.09
  401             3083.18
  402             3083.29
  403             3083.74
  404             3085.16
  405             3085.29
  406             3085.57
  407             3086.58
  408             3087.26
  409             3087.28
  410             3087.54
  411             3087.89
  412             3090.26
  413             3092.72
  414             3093.43
  415             3093.49
  416             3094.07
  417             3095.24
  418             3100.04
  419             3104.72

 Project out translational and rotational motions 

 Degrees of freedom for translational and rotational motions: 6

 Vibrational frequencies:
 mode    frequency (cm-1)
    0              308.93 i (imaginary)
    1              217.30 i (imaginary)
    2              167.91 i (imaginary)
    3              160.27 i (imaginary)
    4              115.09 i (imaginary)
    5              105.79 i (imaginary)
    6               96.94 i (imaginary)
    7               66.41 i (imaginary)
    8               59.37 i (imaginary)
    9               58.72 i (imaginary)
   10               44.68 i (imaginary)
   11               42.10 i (imaginary)
   12               39.90 i (imaginary)
   13               16.06 i (imaginary)
   14                1.64 i (imaginary)
   15               20.05
   16               25.39
   17               27.03
   18               32.22
   19               42.86
   20               45.71
   21               51.11
   22               55.12
   23               65.66
   24               67.68
   25               71.22
   26               73.69
   27               78.53
   28               86.71
   29               91.39
   30               97.42
   31              102.49
   32              102.70
   33              111.58
   34              114.42
   35              117.40
   36              120.51
   37              127.08
   38              129.22
   39              135.96
   40              138.55
   41              140.69
   42              145.46
   43              150.49
   44              151.66
   45              156.98
   46              158.26
   47              165.85
   48              173.24
   49              177.54
   50              179.23
   51              185.58
   52              188.35
   53              192.75
   54              196.66
   55              201.39
   56              208.35
   57              217.28
   58              219.81
   59              222.77
   60              226.27
   61              231.89
   62              235.45
   63              237.32
   64              239.77
   65              250.40
   66              253.83
   67              255.81
   68              260.50
   69              263.67
   70              269.69
   71              271.69
   72              276.54
   73              281.25
   74              287.45
   75              289.51
   76              290.55
   77              299.67
   78              300.99
   79              301.48
   80              315.44
   81              319.87
   82              329.51
   83              334.35
   84              335.15
   85              336.80
   86              349.99
   87              358.49
   88              361.50
   89              367.98
   90              371.43
   91              376.21
   92              383.76
   93              391.73
   94              395.12
   95              405.02
   96              415.47
   97              434.13
   98              445.23
   99              452.59
  100              454.04
  101              458.42
  102              464.27
  103              476.58
  104              487.07
  105              492.00
  106              500.59
  107              527.36
  108              530.32
  109              550.45
  110              561.79
  111              567.18
  112              571.17
  113              573.45
  114              577.93
  115              578.77
  116              588.28
  117              594.47
  118              599.49
  119              615.61
  120              620.63
  121              627.76
  122              645.01
  123              654.03
  124              662.21
  125              668.39
  126              673.50
  127              677.98
  128              680.27
  129              681.58
  130              687.14
  131              702.74
  132              705.94
  133              709.26
  134              720.08
  135              727.00
  136              732.48
  137              735.65
  138              751.01
  139              752.56
  140              767.53
  141              780.58
  142              789.42
  143              798.70
  144              808.66
  145              816.19
  146              822.67
  147              829.51
  148              832.16
  149              837.37
  150              841.34
  151              849.44
  152              851.48
  153              858.73
  154              864.22
  155              870.24
  156              875.00
  157              882.04
  158              896.63
  159              901.96
  160              903.55
  161              907.67
  162              915.87
  163              921.88
  164              923.25
  165              927.41
  166              930.87
  167              931.61
  168              938.53
  169              940.41
  170              955.93
  171              957.21
  172              965.86
  173              968.67
  174              975.44
  175              976.11
  176              977.45
  177              982.66
  178              989.55
  179              995.85
  180              997.49
  181              997.64
  182             1010.29
  183             1018.34
  184             1019.96
  185             1026.72
  186             1027.44
  187             1033.12
  188             1035.59
  189             1045.60
  190             1051.27
  191             1053.07
  192             1056.96
  193             1058.94
  194             1061.74
  195             1066.62
  196             1067.32
  197             1075.71
  198             1076.84
  199             1081.98
  200             1084.17
  201             1085.19
  202             1090.17
  203             1093.36
  204             1096.73
  205             1097.37
  206             1102.57
  207             1106.00
  208             1126.39
  209             1127.17
  210             1127.90
  211             1134.46
  212             1136.86
  213             1138.23
  214             1145.99
  215             1146.11
  216             1148.35
  217             1152.94
  218             1159.58
  219             1162.87
  220             1171.46
  221             1174.49
  222             1176.42
  223             1177.96
  224             1183.39
  225             1187.98
  226             1193.79
  227             1197.24
  228             1202.11
  229             1205.01
  230             1210.72
  231             1215.49
  232             1217.68
  233             1218.85
  234             1220.54
  235             1222.93
  236             1224.44
  237             1228.14
  238             1232.12
  239             1234.18
  240             1243.27
  241             1252.55
  242             1253.40
  243             1254.45
  244             1257.25
  245             1258.01
  246             1263.93
  247             1268.11
  248             1270.73
  249             1275.51
  250             1276.30
  251             1278.95
  252             1283.56
  253             1291.95
  254             1294.43
  255             1301.44
  256             1301.72
  257             1303.07
  258             1305.02
  259             1306.35
  260             1314.00
  261             1314.57
  262             1316.33
  263             1318.62
  264             1318.80
  265             1319.05
  266             1325.58
  267             1332.88
  268             1335.18
  269             1336.13
  270             1337.93
  271             1341.33
  272             1345.29
  273             1346.25
  274             1349.16
  275             1352.22
  276             1352.84
  277             1356.89
  278             1361.55
  279             1370.27
  280             1372.21
  281             1376.30
  282             1381.62
  283             1384.43
  284             1387.08
  285             1388.01
  286             1390.37
  287             1395.50
  288             1398.41
  289             1411.11
  290             1416.22
  291             1418.79
  292             1420.37
  293             1422.45
  294             1425.71
  295             1431.00
  296             1432.82
  297             1433.78
  298             1437.00
  299             1439.18
  300             1440.34
  301             1441.95
  302             1444.33
  303             1444.52
  304             1446.72
  305             1449.60
  306             1450.42
  307             1453.51
  308             1454.74
  309             1456.19
  310             1460.95
  311             1461.69
  312             1463.15
  313             1465.32
  314             1466.80
  315             1466.86
  316             1467.03
  317             1470.69
  318             1473.91
  319             1476.05
  320             1479.21
  321             1481.25
  322             1483.57
  323             1483.71
  324             1484.46
  325             1485.67
  326             1494.95
  327             1495.19
  328             1498.63
  329             1518.63
  330             1538.77
  331             1540.35
  332             1543.67
  333             1563.45
  334             1571.13
  335             1583.96
  336             1675.94
  337             1689.51
  338             1713.25
  339             1828.31
  340             2998.18
  341             3010.30
  342             3012.65
  343             3013.63
  344             3015.62
  345             3020.09
  346             3022.28
  347             3026.50
  348             3029.37
  349             3033.15
  350             3034.30
  351             3036.95
  352             3037.61
  353             3037.81
  354             3039.40
  355             3043.18
  356             3043.60
  357             3045.42
  358             3046.89
  359             3047.58
  360             3048.41
  361             3050.04
  362             3050.87
  363             3051.09
  364             3051.83
  365             3052.19
  366             3054.23
  367             3054.73
  368             3054.95
  369             3055.10
  370             3055.54
  371             3056.83
  372             3058.04
  373             3058.86
  374             3058.95
  375             3062.35
  376             3063.37
  377             3064.51
  378             3066.80
  379             3068.23
  380             3068.70
  381             3069.57
  382             3070.81
  383             3072.86
  384             3073.35
  385             3074.64
  386             3075.73
  387             3076.79
  388             3077.34
  389             3077.51
  390             3078.58
  391             3080.85
  392             3081.53
  393             3083.07
  394             3083.09
  395             3083.18
  396             3083.29
  397             3083.74
  398             3085.16
  399             3085.29
  400             3085.57
  401             3086.58
  402             3087.26
  403             3087.28
  404             3087.54
  405             3087.89
  406             3090.26
  407             3092.72
  408             3093.43
  409             3093.49
  410             3094.07
  411             3095.24
  412             3100.04
  413             3104.72
 Saving results in set 'hess'

 --------------------------------------------------------------------------------

 End time:                               Tue Jan 25 14:51:30 2022
 Total wall-clock time:                 23.387 seconds
==================================================================================
