
================================================================================
          _____________ ________ _______________ ________     _________         
         / ___________// ______ \\_____   _____// ______ \   / ________)        
        / /_________  / /      \ \     | |     / /      \ \ | (_______          
       |  __________|| |        | |    | |    | |        | | \________ \        
        \ \_________ | |        | |    | |     \ \______/ /___________) |       
         \__________||_|        |_|    |_|      \________//____________/        
                                                                                
====================================[ Qcore ]===================================

 Git describe: 2.3.0-166-g4178ddb
 Compiler:     GNU 9.1.0
 Build type:   Release
 Version:      2.3.0-166-g4178ddb

 Start time:   Tue Jan 25 14:50:50 2022

 Data directory: /user/home/of15641/.local/src/Qcore/release/share/entos/qcore/data
 Number of threads: 24
 Number of threads was determined by: number of physical cores

 --------------------------------------------------------------------------------
                                 command: hessian                                
 --------------------------------------------------------------------------------

 -------------------------------
  Numerical Geometrical Hessian 
 -------------------------------

 Compute hessian using two-point central differentiation.
 Step size (bohr):                       0.0100

 Frequencies (including translational and rotational modes):
 mode    frequency (cm-1)
    0              286.10 i (imaginary)
    1              257.84 i (imaginary)
    2              215.66 i (imaginary)
    3              163.49 i (imaginary)
    4              158.68 i (imaginary)
    5              144.15 i (imaginary)
    6              129.10 i (imaginary)
    7               89.66 i (imaginary)
    8               52.26 i (imaginary)
    9               26.88 i (imaginary)
   10               19.18 i (imaginary)
   11               11.98 i (imaginary)
   12                5.40 i (imaginary)
   13                2.29 i (imaginary)
   14                1.03 i (imaginary)
   15                4.92
   16                9.93
   17               13.10
   18               23.38
   19               26.53
   20               28.26
   21               30.66
   22               35.17
   23               47.69
   24               51.20
   25               55.89
   26               57.72
   27               63.22
   28               68.23
   29               70.89
   30               79.50
   31               81.88
   32               84.70
   33               89.64
   34               95.37
   35               99.85
   36              103.73
   37              105.81
   38              109.96
   39              117.81
   40              118.53
   41              121.48
   42              126.69
   43              129.51
   44              135.25
   45              137.78
   46              142.78
   47              143.69
   48              145.03
   49              151.58
   50              155.68
   51              157.68
   52              162.59
   53              169.87
   54              173.04
   55              176.20
   56              178.04
   57              185.15
   58              187.42
   59              192.88
   60              198.52
   61              203.65
   62              206.11
   63              209.67
   64              214.29
   65              214.92
   66              220.85
   67              223.19
   68              226.97
   69              231.11
   70              235.00
   71              236.07
   72              237.39
   73              240.91
   74              251.08
   75              256.19
   76              259.64
   77              263.22
   78              267.84
   79              272.24
   80              275.19
   81              281.20
   82              291.28
   83              293.38
   84              300.20
   85              306.29
   86              321.91
   87              324.35
   88              327.30
   89              338.02
   90              346.16
   91              347.54
   92              350.02
   93              353.14
   94              354.84
   95              359.82
   96              367.86
   97              379.74
   98              391.24
   99              395.55
  100              397.36
  101              401.92
  102              418.63
  103              423.57
  104              448.19
  105              452.36
  106              455.22
  107              457.78
  108              463.84
  109              472.28
  110              479.21
  111              489.10
  112              494.93
  113              509.05
  114              521.41
  115              533.74
  116              546.47
  117              555.03
  118              561.35
  119              563.85
  120              573.65
  121              584.36
  122              593.21
  123              599.12
  124              609.51
  125              620.53
  126              624.65
  127              634.87
  128              641.53
  129              647.22
  130              665.20
  131              667.92
  132              674.18
  133              678.12
  134              681.09
  135              683.62
  136              689.85
  137              692.54
  138              695.66
  139              706.51
  140              714.62
  141              721.44
  142              728.59
  143              744.02
  144              751.30
  145              754.14
  146              756.60
  147              763.44
  148              795.53
  149              805.43
  150              807.43
  151              820.56
  152              821.87
  153              825.02
  154              827.44
  155              829.77
  156              836.18
  157              840.22
  158              841.68
  159              845.84
  160              857.33
  161              863.58
  162              867.04
  163              869.27
  164              876.35
  165              888.75
  166              891.61
  167              897.00
  168              902.97
  169              906.55
  170              915.45
  171              916.44
  172              921.55
  173              926.04
  174              928.19
  175              936.08
  176              939.15
  177              943.03
  178              952.75
  179              954.51
  180              955.94
  181              956.94
  182              962.91
  183              965.65
  184              966.80
  185              970.01
  186              981.26
  187              986.50
  188              988.19
  189              992.86
  190              994.00
  191              999.04
  192             1000.85
  193             1004.10
  194             1006.91
  195             1008.12
  196             1012.79
  197             1018.13
  198             1019.04
  199             1024.47
  200             1026.23
  201             1033.99
  202             1040.90
  203             1041.98
  204             1050.39
  205             1052.88
  206             1059.66
  207             1060.44
  208             1065.31
  209             1076.29
  210             1079.66
  211             1088.52
  212             1089.28
  213             1090.36
  214             1093.19
  215             1099.29
  216             1100.82
  217             1107.85
  218             1109.42
  219             1112.08
  220             1113.52
  221             1116.19
  222             1118.85
  223             1121.28
  224             1124.98
  225             1136.70
  226             1138.66
  227             1141.91
  228             1150.51
  229             1150.91
  230             1153.43
  231             1159.86
  232             1160.69
  233             1164.02
  234             1177.00
  235             1178.30
  236             1179.26
  237             1181.29
  238             1184.54
  239             1188.88
  240             1192.14
  241             1193.22
  242             1199.41
  243             1203.73
  244             1208.33
  245             1212.60
  246             1226.92
  247             1233.54
  248             1237.43
  249             1240.37
  250             1242.52
  251             1249.89
  252             1255.48
  253             1261.01
  254             1262.82
  255             1263.76
  256             1266.10
  257             1269.28
  258             1274.52
  259             1275.89
  260             1276.82
  261             1277.16
  262             1282.25
  263             1282.49
  264             1282.94
  265             1286.59
  266             1289.64
  267             1292.17
  268             1298.71
  269             1299.44
  270             1300.89
  271             1305.80
  272             1306.95
  273             1315.38
  274             1316.71
  275             1320.84
  276             1324.33
  277             1325.39
  278             1330.11
  279             1332.88
  280             1334.64
  281             1340.13
  282             1343.44
  283             1344.07
  284             1347.90
  285             1353.42
  286             1353.73
  287             1356.31
  288             1358.17
  289             1368.92
  290             1375.82
  291             1384.63
  292             1386.68
  293             1392.07
  294             1397.43
  295             1398.47
  296             1399.89
  297             1400.75
  298             1402.59
  299             1410.54
  300             1414.10
  301             1415.01
  302             1422.15
  303             1424.97
  304             1431.61
  305             1433.17
  306             1433.93
  307             1440.29
  308             1441.07
  309             1443.24
  310             1447.73
  311             1453.23
  312             1457.24
  313             1458.07
  314             1458.59
  315             1466.44
  316             1467.78
  317             1470.23
  318             1471.05
  319             1471.32
  320             1471.66
  321             1472.16
  322             1472.28
  323             1476.72
  324             1480.98
  325             1484.89
  326             1490.52
  327             1491.17
  328             1498.40
  329             1500.33
  330             1502.33
  331             1505.48
  332             1514.31
  333             1515.25
  334             1517.82
  335             1523.13
  336             1530.10
  337             1535.34
  338             1555.29
  339             1557.76
  340             1582.66
  341             1612.90
  342             1651.27
  343             1662.82
  344             1704.09
  345             1714.82
  346             3000.41
  347             3005.65
  348             3018.38
  349             3020.58
  350             3021.93
  351             3022.72
  352             3023.64
  353             3025.00
  354             3030.58
  355             3034.74
  356             3036.91
  357             3037.43
  358             3037.75
  359             3038.72
  360             3039.89
  361             3040.93
  362             3042.77
  363             3045.19
  364             3046.47
  365             3046.67
  366             3050.38
  367             3051.19
  368             3051.56
  369             3051.70
  370             3052.27
  371             3052.62
  372             3053.21
  373             3053.88
  374             3054.32
  375             3055.31
  376             3055.92
  377             3056.88
  378             3058.72
  379             3059.37
  380             3060.71
  381             3061.75
  382             3063.04
  383             3065.69
  384             3065.91
  385             3067.04
  386             3067.96
  387             3068.39
  388             3068.69
  389             3070.24
  390             3070.98
  391             3071.48
  392             3072.03
  393             3072.51
  394             3072.91
  395             3073.90
  396             3074.07
  397             3074.39
  398             3074.75
  399             3075.88
  400             3077.52
  401             3077.75
  402             3078.25
  403             3078.99
  404             3079.92
  405             3081.19
  406             3083.21
  407             3084.09
  408             3085.99
  409             3087.82
  410             3089.65
  411             3091.60
  412             3094.16
  413             3094.18
  414             3094.66
  415             3095.21
  416             3097.43
  417             3097.94
  418             3098.29
  419             3101.72

 Project out translational and rotational motions 

 Degrees of freedom for translational and rotational motions: 6

 Vibrational frequencies:
 mode    frequency (cm-1)
    0              286.08 i (imaginary)
    1              257.76 i (imaginary)
    2              215.52 i (imaginary)
    3              163.46 i (imaginary)
    4              158.58 i (imaginary)
    5              144.11 i (imaginary)
    6              129.03 i (imaginary)
    7               89.21 i (imaginary)
    8               50.88 i (imaginary)
    9               24.05 i (imaginary)
   10               18.16 i (imaginary)
   11                9.80 i (imaginary)
   12               11.31
   13               26.39
   14               28.12
   15               28.63
   16               35.08
   17               47.53
   18               50.91
   19               55.32
   20               57.71
   21               62.87
   22               68.18
   23               70.45
   24               79.34
   25               81.49
   26               84.35
   27               89.56
   28               95.31
   29               99.83
   30              103.59
   31              105.59
   32              109.69
   33              117.58
   34              118.49
   35              121.43
   36              126.67
   37              129.43
   38              135.20
   39              137.76
   40              142.77
   41              143.67
   42              145.02
   43              151.51
   44              155.65
   45              157.54
   46              162.52
   47              169.86
   48              173.03
   49              176.20
   50              178.04
   51              185.05
   52              187.39
   53              192.87
   54              198.36
   55              203.60
   56              206.10
   57              209.60
   58              214.27
   59              214.91
   60              220.85
   61              223.08
   62              226.95
   63              231.04
   64              235.00
   65              236.01
   66              237.33
   67              240.90
   68              251.06
   69              256.18
   70              259.62
   71              263.20
   72              267.83
   73              272.21
   74              275.18
   75              281.20
   76              291.28
   77              293.38
   78              300.20
   79              306.28
   80              321.91
   81              324.33
   82              327.30
   83              338.00
   84              346.16
   85              347.53
   86              350.02
   87              353.13
   88              354.84
   89              359.82
   90              367.82
   91              379.74
   92              391.23
   93              395.55
   94              397.35
   95              401.92
   96              418.62
   97              423.56
   98              448.19
   99              452.36
  100              455.22
  101              457.76
  102              463.84
  103              472.27
  104              479.21
  105              489.10
  106              494.93
  107              509.05
  108              521.41
  109              533.74
  110              546.46
  111              555.03
  112              561.34
  113              563.85
  114              573.65
  115              584.36
  116              593.21
  117              599.12
  118              609.51
  119              620.52
  120              624.65
  121              634.87
  122              641.53
  123              647.22
  124              665.20
  125              667.92
  126              674.17
  127              678.12
  128              681.08
  129              683.62
  130              689.85
  131              692.54
  132              695.65
  133              706.51
  134              714.62
  135              721.44
  136              728.59
  137              744.02
  138              751.30
  139              754.14
  140              756.60
  141              763.44
  142              795.53
  143              805.43
  144              807.43
  145              820.56
  146              821.87
  147              825.02
  148              827.44
  149              829.77
  150              836.18
  151              840.22
  152              841.67
  153              845.84
  154              857.33
  155              863.58
  156              867.04
  157              869.27
  158              876.35
  159              888.75
  160              891.60
  161              897.00
  162              902.96
  163              906.55
  164              915.45
  165              916.44
  166              921.55
  167              926.04
  168              928.19
  169              936.08
  170              939.15
  171              943.03
  172              952.75
  173              954.51
  174              955.94
  175              956.94
  176              962.91
  177              965.65
  178              966.80
  179              970.01
  180              981.26
  181              986.50
  182              988.19
  183              992.86
  184              994.00
  185              999.04
  186             1000.85
  187             1004.10
  188             1006.91
  189             1008.12
  190             1012.79
  191             1018.13
  192             1019.04
  193             1024.47
  194             1026.23
  195             1033.99
  196             1040.90
  197             1041.98
  198             1050.39
  199             1052.88
  200             1059.66
  201             1060.44
  202             1065.31
  203             1076.29
  204             1079.66
  205             1088.52
  206             1089.28
  207             1090.36
  208             1093.19
  209             1099.29
  210             1100.82
  211             1107.84
  212             1109.42
  213             1112.08
  214             1113.52
  215             1116.19
  216             1118.85
  217             1121.28
  218             1124.98
  219             1136.70
  220             1138.66
  221             1141.91
  222             1150.51
  223             1150.91
  224             1153.43
  225             1159.86
  226             1160.69
  227             1164.02
  228             1177.00
  229             1178.30
  230             1179.26
  231             1181.29
  232             1184.54
  233             1188.88
  234             1192.14
  235             1193.22
  236             1199.41
  237             1203.73
  238             1208.33
  239             1212.60
  240             1226.92
  241             1233.54
  242             1237.43
  243             1240.37
  244             1242.52
  245             1249.89
  246             1255.48
  247             1261.01
  248             1262.82
  249             1263.76
  250             1266.10
  251             1269.28
  252             1274.52
  253             1275.89
  254             1276.82
  255             1277.16
  256             1282.25
  257             1282.49
  258             1282.94
  259             1286.59
  260             1289.64
  261             1292.17
  262             1298.71
  263             1299.44
  264             1300.89
  265             1305.80
  266             1306.95
  267             1315.38
  268             1316.71
  269             1320.84
  270             1324.33
  271             1325.39
  272             1330.11
  273             1332.88
  274             1334.64
  275             1340.13
  276             1343.44
  277             1344.07
  278             1347.90
  279             1353.42
  280             1353.73
  281             1356.31
  282             1358.17
  283             1368.92
  284             1375.82
  285             1384.63
  286             1386.68
  287             1392.07
  288             1397.43
  289             1398.47
  290             1399.89
  291             1400.75
  292             1402.59
  293             1410.54
  294             1414.10
  295             1415.01
  296             1422.15
  297             1424.97
  298             1431.61
  299             1433.17
  300             1433.93
  301             1440.29
  302             1441.07
  303             1443.23
  304             1447.73
  305             1453.23
  306             1457.23
  307             1458.07
  308             1458.59
  309             1466.44
  310             1467.78
  311             1470.23
  312             1471.05
  313             1471.32
  314             1471.66
  315             1472.16
  316             1472.28
  317             1476.72
  318             1480.98
  319             1484.89
  320             1490.52
  321             1491.17
  322             1498.40
  323             1500.33
  324             1502.33
  325             1505.48
  326             1514.31
  327             1515.25
  328             1517.82
  329             1523.13
  330             1530.10
  331             1535.34
  332             1555.29
  333             1557.76
  334             1582.66
  335             1612.90
  336             1651.27
  337             1662.82
  338             1704.09
  339             1714.82
  340             3000.41
  341             3005.65
  342             3018.38
  343             3020.58
  344             3021.93
  345             3022.72
  346             3023.64
  347             3025.00
  348             3030.58
  349             3034.74
  350             3036.91
  351             3037.43
  352             3037.75
  353             3038.72
  354             3039.89
  355             3040.93
  356             3042.77
  357             3045.19
  358             3046.47
  359             3046.67
  360             3050.38
  361             3051.19
  362             3051.56
  363             3051.70
  364             3052.27
  365             3052.62
  366             3053.21
  367             3053.88
  368             3054.32
  369             3055.31
  370             3055.92
  371             3056.88
  372             3058.72
  373             3059.37
  374             3060.71
  375             3061.75
  376             3063.04
  377             3065.69
  378             3065.91
  379             3067.04
  380             3067.96
  381             3068.39
  382             3068.69
  383             3070.24
  384             3070.98
  385             3071.48
  386             3072.03
  387             3072.51
  388             3072.91
  389             3073.90
  390             3074.07
  391             3074.39
  392             3074.75
  393             3075.88
  394             3077.52
  395             3077.75
  396             3078.25
  397             3078.99
  398             3079.92
  399             3081.19
  400             3083.21
  401             3084.09
  402             3085.99
  403             3087.82
  404             3089.65
  405             3091.60
  406             3094.16
  407             3094.18
  408             3094.66
  409             3095.21
  410             3097.43
  411             3097.94
  412             3098.29
  413             3101.72
 Saving results in set 'hess'

 --------------------------------------------------------------------------------

 End time:                               Tue Jan 25 14:51:15 2022
 Total wall-clock time:                 25.304 seconds
==================================================================================
