
================================================================================
          _____________ ________ _______________ ________     _________         
         / ___________// ______ \\_____   _____// ______ \   / ________)        
        / /_________  / /      \ \     | |     / /      \ \ | (_______          
       |  __________|| |        | |    | |    | |        | | \________ \        
        \ \_________ | |        | |    | |     \ \______/ /___________) |       
         \__________||_|        |_|    |_|      \________//____________/        
                                                                                
====================================[ Qcore ]===================================

 Git describe: 2.3.0-166-g4178ddb
 Compiler:     GNU 9.1.0
 Build type:   Release
 Version:      2.3.0-166-g4178ddb

 Start time:   Tue Jan 25 14:50:29 2022

 Data directory: /user/home/of15641/.local/src/Qcore/release/share/entos/qcore/data
 Number of threads: 24
 Number of threads was determined by: number of physical cores

 --------------------------------------------------------------------------------
                                 command: hessian                                
 --------------------------------------------------------------------------------

 -------------------------------
  Numerical Geometrical Hessian 
 -------------------------------

 Compute hessian using two-point central differentiation.
 Step size (bohr):                       0.0100

 Frequencies (including translational and rotational modes):
 mode    frequency (cm-1)
    0              224.74 i (imaginary)
    1              142.09 i (imaginary)
    2              127.91 i (imaginary)
    3              121.10 i (imaginary)
    4              113.10 i (imaginary)
    5              108.30 i (imaginary)
    6               87.27 i (imaginary)
    7               79.95 i (imaginary)
    8               67.36 i (imaginary)
    9               58.68 i (imaginary)
   10               56.83 i (imaginary)
   11               34.08 i (imaginary)
   12               31.85 i (imaginary)
   13               20.09 i (imaginary)
   14               17.18 i (imaginary)
   15               15.15 i (imaginary)
   16               10.30 i (imaginary)
   17                2.43 i (imaginary)
   18                1.21 i (imaginary)
   19                0.65 i (imaginary)
   20                3.92
   21                9.97
   22               13.94
   23               21.57
   24               25.29
   25               33.09
   26               41.55
   27               44.84
   28               48.42
   29               58.89
   30               64.45
   31               69.90
   32               70.82
   33               71.07
   34               72.04
   35               77.76
   36               90.99
   37               93.47
   38               98.11
   39              103.70
   40              107.33
   41              108.92
   42              110.93
   43              114.56
   44              120.32
   45              128.02
   46              133.36
   47              139.47
   48              143.26
   49              144.82
   50              147.97
   51              153.45
   52              154.73
   53              164.43
   54              166.58
   55              169.49
   56              172.63
   57              178.68
   58              180.97
   59              191.66
   60              192.05
   61              197.74
   62              207.66
   63              209.64
   64              212.27
   65              214.50
   66              223.52
   67              224.25
   68              224.95
   69              231.92
   70              237.64
   71              239.31
   72              248.12
   73              256.34
   74              260.24
   75              263.08
   76              265.82
   77              266.75
   78              269.40
   79              271.89
   80              277.48
   81              281.12
   82              283.56
   83              287.04
   84              289.01
   85              297.08
   86              308.96
   87              314.71
   88              321.58
   89              326.52
   90              333.84
   91              337.53
   92              350.09
   93              354.50
   94              355.04
   95              360.75
   96              370.92
   97              382.61
   98              385.84
   99              389.42
  100              392.99
  101              395.46
  102              412.08
  103              424.97
  104              429.68
  105              444.10
  106              459.55
  107              463.01
  108              466.00
  109              472.70
  110              476.35
  111              484.59
  112              487.44
  113              512.36
  114              541.98
  115              543.87
  116              548.52
  117              552.95
  118              553.61
  119              558.75
  120              563.02
  121              575.38
  122              582.62
  123              587.13
  124              597.50
  125              619.73
  126              624.41
  127              635.69
  128              645.27
  129              646.91
  130              653.14
  131              659.36
  132              672.77
  133              678.73
  134              684.41
  135              694.99
  136              703.52
  137              706.02
  138              722.10
  139              725.90
  140              731.16
  141              744.00
  142              747.50
  143              751.68
  144              754.54
  145              760.68
  146              769.31
  147              778.00
  148              807.34
  149              810.47
  150              817.46
  151              820.03
  152              823.04
  153              827.45
  154              833.90
  155              838.60
  156              840.02
  157              853.03
  158              853.61
  159              855.82
  160              862.67
  161              868.47
  162              873.28
  163              877.31
  164              892.04
  165              899.32
  166              900.01
  167              903.79
  168              911.44
  169              920.53
  170              923.12
  171              931.95
  172              932.37
  173              934.19
  174              947.67
  175              951.14
  176              953.09
  177              956.77
  178              961.59
  179              965.47
  180              966.41
  181              970.52
  182              981.70
  183              991.02
  184              991.16
  185              996.12
  186             1005.49
  187             1007.03
  188             1010.66
  189             1011.53
  190             1013.58
  191             1018.80
  192             1019.06
  193             1030.85
  194             1033.56
  195             1037.16
  196             1046.70
  197             1050.45
  198             1054.25
  199             1054.48
  200             1054.95
  201             1057.45
  202             1063.10
  203             1070.07
  204             1071.91
  205             1078.77
  206             1084.45
  207             1085.79
  208             1087.03
  209             1087.85
  210             1087.95
  211             1090.96
  212             1092.28
  213             1099.85
  214             1102.84
  215             1105.98
  216             1109.50
  217             1119.99
  218             1121.96
  219             1131.37
  220             1135.20
  221             1135.65
  222             1140.53
  223             1142.17
  224             1145.66
  225             1147.59
  226             1154.17
  227             1161.33
  228             1167.66
  229             1168.78
  230             1173.00
  231             1174.16
  232             1180.97
  233             1188.96
  234             1197.56
  235             1199.93
  236             1203.26
  237             1203.41
  238             1213.87
  239             1214.71
  240             1216.69
  241             1226.04
  242             1228.93
  243             1230.08
  244             1232.75
  245             1241.77
  246             1246.16
  247             1252.16
  248             1257.62
  249             1263.25
  250             1266.40
  251             1266.86
  252             1271.12
  253             1271.91
  254             1275.72
  255             1281.33
  256             1282.15
  257             1286.71
  258             1289.60
  259             1296.13
  260             1297.61
  261             1299.63
  262             1299.67
  263             1307.18
  264             1308.30
  265             1311.57
  266             1312.72
  267             1315.64
  268             1316.67
  269             1319.10
  270             1319.98
  271             1320.70
  272             1327.94
  273             1329.13
  274             1333.18
  275             1335.84
  276             1336.53
  277             1336.96
  278             1343.04
  279             1348.49
  280             1357.10
  281             1358.79
  282             1361.98
  283             1363.16
  284             1366.44
  285             1372.45
  286             1372.65
  287             1375.16
  288             1375.58
  289             1385.59
  290             1392.13
  291             1396.82
  292             1398.78
  293             1399.27
  294             1406.51
  295             1406.57
  296             1408.79
  297             1411.13
  298             1415.63
  299             1420.86
  300             1422.31
  301             1423.46
  302             1428.97
  303             1443.64
  304             1446.24
  305             1447.46
  306             1452.05
  307             1452.36
  308             1454.58
  309             1454.78
  310             1457.06
  311             1460.38
  312             1461.74
  313             1462.93
  314             1465.06
  315             1465.74
  316             1466.53
  317             1468.09
  318             1475.74
  319             1475.88
  320             1478.18
  321             1480.36
  322             1480.69
  323             1483.55
  324             1488.24
  325             1490.50
  326             1491.90
  327             1494.19
  328             1495.83
  329             1503.33
  330             1509.35
  331             1510.69
  332             1512.52
  333             1524.21
  334             1524.74
  335             1530.77
  336             1534.92
  337             1543.15
  338             1560.96
  339             1605.77
  340             1614.13
  341             1615.44
  342             1670.74
  343             1672.96
  344             1710.09
  345             1748.26
  346             3004.60
  347             3007.96
  348             3012.78
  349             3014.51
  350             3019.31
  351             3021.81
  352             3023.31
  353             3025.40
  354             3026.54
  355             3027.12
  356             3028.83
  357             3035.48
  358             3036.13
  359             3037.52
  360             3039.28
  361             3040.13
  362             3041.38
  363             3042.53
  364             3042.93
  365             3043.64
  366             3044.35
  367             3047.35
  368             3048.91
  369             3049.74
  370             3049.95
  371             3053.78
  372             3054.86
  373             3055.53
  374             3056.66
  375             3057.05
  376             3057.63
  377             3059.41
  378             3059.51
  379             3060.87
  380             3062.11
  381             3063.20
  382             3063.43
  383             3063.68
  384             3066.67
  385             3068.95
  386             3071.18
  387             3072.67
  388             3073.34
  389             3074.72
  390             3075.29
  391             3075.34
  392             3075.37
  393             3075.96
  394             3076.34
  395             3076.56
  396             3077.04
  397             3077.15
  398             3079.68
  399             3079.81
  400             3079.94
  401             3080.88
  402             3081.97
  403             3083.45
  404             3083.63
  405             3084.61
  406             3085.29
  407             3085.95
  408             3086.98
  409             3087.12
  410             3087.37
  411             3088.28
  412             3089.55
  413             3094.20
  414             3096.25
  415             3096.89
  416             3097.25
  417             3097.93
  418             3101.78
  419             3102.38

 Project out translational and rotational motions 

 Degrees of freedom for translational and rotational motions: 6

 Vibrational frequencies:
 mode    frequency (cm-1)
    0              224.69 i (imaginary)
    1              141.99 i (imaginary)
    2              127.73 i (imaginary)
    3              120.94 i (imaginary)
    4              112.81 i (imaginary)
    5              108.07 i (imaginary)
    6               87.22 i (imaginary)
    7               79.85 i (imaginary)
    8               67.28 i (imaginary)
    9               57.57 i (imaginary)
   10               56.06 i (imaginary)
   11               33.16 i (imaginary)
   12               29.79 i (imaginary)
   13               19.13 i (imaginary)
   14               15.80 i (imaginary)
   15                7.64 i (imaginary)
   16               12.68
   17               20.75
   18               24.79
   19               32.53
   20               38.14
   21               43.99
   22               48.36
   23               58.63
   24               63.99
   25               69.59
   26               70.66
   27               70.94
   28               72.02
   29               77.55
   30               90.92
   31               93.15
   32               98.00
   33              103.62
   34              107.04
   35              108.91
   36              110.90
   37              114.16
   38              120.20
   39              128.01
   40              133.34
   41              139.42
   42              143.23
   43              144.75
   44              147.92
   45              153.44
   46              154.53
   47              164.43
   48              166.55
   49              169.49
   50              172.62
   51              178.65
   52              180.96
   53              191.66
   54              192.03
   55              197.58
   56              207.61
   57              209.60
   58              212.21
   59              214.49
   60              223.50
   61              224.22
   62              224.94
   63              231.91
   64              237.63
   65              239.30
   66              248.11
   67              256.33
   68              260.24
   69              263.01
   70              265.82
   71              266.75
   72              269.40
   73              271.87
   74              277.44
   75              281.10
   76              283.56
   77              287.03
   78              289.01
   79              297.07
   80              308.95
   81              314.70
   82              321.57
   83              326.52
   84              333.83
   85              337.52
   86              350.09
   87              354.49
   88              355.04
   89              360.75
   90              370.91
   91              382.60
   92              385.84
   93              389.41
   94              392.98
   95              395.46
   96              412.06
   97              424.97
   98              429.67
   99              444.09
  100              459.54
  101              463.01
  102              465.99
  103              472.70
  104              476.34
  105              484.59
  106              487.44
  107              512.36
  108              541.98
  109              543.87
  110              548.51
  111              552.95
  112              553.61
  113              558.75
  114              563.02
  115              575.37
  116              582.62
  117              587.13
  118              597.50
  119              619.73
  120              624.41
  121              635.69
  122              645.27
  123              646.91
  124              653.14
  125              659.36
  126              672.77
  127              678.73
  128              684.41
  129              694.99
  130              703.52
  131              706.02
  132              722.10
  133              725.90
  134              731.16
  135              744.00
  136              747.50
  137              751.68
  138              754.54
  139              760.68
  140              769.31
  141              778.00
  142              807.34
  143              810.47
  144              817.46
  145              820.03
  146              823.04
  147              827.45
  148              833.90
  149              838.60
  150              840.02
  151              853.03
  152              853.61
  153              855.82
  154              862.67
  155              868.47
  156              873.28
  157              877.30
  158              892.04
  159              899.32
  160              900.01
  161              903.79
  162              911.44
  163              920.53
  164              923.12
  165              931.95
  166              932.37
  167              934.19
  168              947.67
  169              951.14
  170              953.09
  171              956.77
  172              961.59
  173              965.47
  174              966.41
  175              970.52
  176              981.70
  177              991.01
  178              991.16
  179              996.12
  180             1005.49
  181             1007.03
  182             1010.66
  183             1011.53
  184             1013.58
  185             1018.80
  186             1019.06
  187             1030.85
  188             1033.56
  189             1037.16
  190             1046.70
  191             1050.45
  192             1054.25
  193             1054.48
  194             1054.95
  195             1057.45
  196             1063.10
  197             1070.07
  198             1071.90
  199             1078.77
  200             1084.45
  201             1085.79
  202             1087.03
  203             1087.85
  204             1087.95
  205             1090.96
  206             1092.28
  207             1099.85
  208             1102.84
  209             1105.98
  210             1109.50
  211             1119.99
  212             1121.96
  213             1131.37
  214             1135.20
  215             1135.65
  216             1140.53
  217             1142.17
  218             1145.66
  219             1147.59
  220             1154.17
  221             1161.33
  222             1167.66
  223             1168.78
  224             1173.00
  225             1174.16
  226             1180.97
  227             1188.96
  228             1197.56
  229             1199.93
  230             1203.26
  231             1203.40
  232             1213.87
  233             1214.71
  234             1216.69
  235             1226.04
  236             1228.93
  237             1230.08
  238             1232.75
  239             1241.77
  240             1246.16
  241             1252.16
  242             1257.62
  243             1263.25
  244             1266.40
  245             1266.86
  246             1271.12
  247             1271.91
  248             1275.72
  249             1281.33
  250             1282.15
  251             1286.71
  252             1289.60
  253             1296.13
  254             1297.61
  255             1299.63
  256             1299.67
  257             1307.18
  258             1308.30
  259             1311.57
  260             1312.72
  261             1315.64
  262             1316.67
  263             1319.10
  264             1319.98
  265             1320.70
  266             1327.94
  267             1329.13
  268             1333.18
  269             1335.84
  270             1336.53
  271             1336.96
  272             1343.04
  273             1348.49
  274             1357.10
  275             1358.79
  276             1361.98
  277             1363.16
  278             1366.44
  279             1372.45
  280             1372.65
  281             1375.16
  282             1375.58
  283             1385.59
  284             1392.13
  285             1396.82
  286             1398.78
  287             1399.27
  288             1406.51
  289             1406.57
  290             1408.79
  291             1411.13
  292             1415.63
  293             1420.86
  294             1422.31
  295             1423.46
  296             1428.97
  297             1443.64
  298             1446.23
  299             1447.46
  300             1452.05
  301             1452.36
  302             1454.58
  303             1454.78
  304             1457.06
  305             1460.38
  306             1461.74
  307             1462.93
  308             1465.06
  309             1465.74
  310             1466.52
  311             1468.09
  312             1475.74
  313             1475.88
  314             1478.18
  315             1480.36
  316             1480.69
  317             1483.55
  318             1488.24
  319             1490.50
  320             1491.90
  321             1494.19
  322             1495.83
  323             1503.33
  324             1509.35
  325             1510.69
  326             1512.52
  327             1524.21
  328             1524.74
  329             1530.77
  330             1534.92
  331             1543.15
  332             1560.96
  333             1605.77
  334             1614.13
  335             1615.44
  336             1670.74
  337             1672.96
  338             1710.09
  339             1748.26
  340             3004.60
  341             3007.96
  342             3012.78
  343             3014.51
  344             3019.31
  345             3021.81
  346             3023.31
  347             3025.40
  348             3026.54
  349             3027.12
  350             3028.83
  351             3035.48
  352             3036.13
  353             3037.52
  354             3039.28
  355             3040.13
  356             3041.38
  357             3042.53
  358             3042.93
  359             3043.64
  360             3044.35
  361             3047.35
  362             3048.91
  363             3049.74
  364             3049.95
  365             3053.78
  366             3054.86
  367             3055.53
  368             3056.66
  369             3057.05
  370             3057.63
  371             3059.41
  372             3059.51
  373             3060.87
  374             3062.11
  375             3063.20
  376             3063.43
  377             3063.68
  378             3066.67
  379             3068.95
  380             3071.18
  381             3072.67
  382             3073.34
  383             3074.72
  384             3075.29
  385             3075.34
  386             3075.37
  387             3075.96
  388             3076.34
  389             3076.56
  390             3077.04
  391             3077.15
  392             3079.68
  393             3079.81
  394             3079.94
  395             3080.88
  396             3081.97
  397             3083.45
  398             3083.63
  399             3084.61
  400             3085.29
  401             3085.95
  402             3086.98
  403             3087.12
  404             3087.37
  405             3088.28
  406             3089.55
  407             3094.20
  408             3096.25
  409             3096.89
  410             3097.25
  411             3097.93
  412             3101.78
  413             3102.38
 Saving results in set 'hess'

 --------------------------------------------------------------------------------

 End time:                               Tue Jan 25 14:50:53 2022
 Total wall-clock time:                 24.201 seconds
==================================================================================
