
================================================================================
          _____________ ________ _______________ ________     _________         
         / ___________// ______ \\_____   _____// ______ \   / ________)        
        / /_________  / /      \ \     | |     / /      \ \ | (_______          
       |  __________|| |        | |    | |    | |        | | \________ \        
        \ \_________ | |        | |    | |     \ \______/ /___________) |       
         \__________||_|        |_|    |_|      \________//____________/        
                                                                                
====================================[ Qcore ]===================================

 Git describe: 2.3.0-166-g4178ddb
 Compiler:     GNU 9.1.0
 Build type:   Release
 Version:      2.3.0-166-g4178ddb

 Start time:   Tue Jan 25 14:51:24 2022

 Data directory: /user/home/of15641/.local/src/Qcore/release/share/entos/qcore/data
 Number of threads: 24
 Number of threads was determined by: number of physical cores

 --------------------------------------------------------------------------------
                                 command: hessian                                
 --------------------------------------------------------------------------------

 -------------------------------
  Numerical Geometrical Hessian 
 -------------------------------

 Compute hessian using two-point central differentiation.
 Step size (bohr):                       0.0100

 Frequencies (including translational and rotational modes):
 mode    frequency (cm-1)
    0              243.61 i (imaginary)
    1              202.93 i (imaginary)
    2              180.64 i (imaginary)
    3              179.63 i (imaginary)
    4              156.64 i (imaginary)
    5              147.98 i (imaginary)
    6              144.72 i (imaginary)
    7              106.93 i (imaginary)
    8              103.63 i (imaginary)
    9              102.79 i (imaginary)
   10               70.70 i (imaginary)
   11               66.82 i (imaginary)
   12               62.23 i (imaginary)
   13               36.70 i (imaginary)
   14               22.50 i (imaginary)
   15                4.71 i (imaginary)
   16                1.63 i (imaginary)
   17                0.75 i (imaginary)
   18                0.44 i (imaginary)
   19                2.70
   20               12.76
   21               15.95
   22               19.45
   23               20.70
   24               22.40
   25               26.59
   26               28.94
   27               35.84
   28               42.50
   29               48.52
   30               49.43
   31               55.86
   32               62.85
   33               66.70
   34               69.85
   35               74.80
   36               77.09
   37               80.83
   38               83.51
   39               90.39
   40               97.72
   41              102.16
   42              104.66
   43              107.43
   44              122.48
   45              124.80
   46              128.03
   47              130.13
   48              134.68
   49              137.01
   50              138.56
   51              151.47
   52              156.04
   53              160.84
   54              165.77
   55              172.54
   56              177.29
   57              179.66
   58              183.83
   59              185.05
   60              187.68
   61              191.04
   62              197.26
   63              205.38
   64              208.84
   65              211.90
   66              223.65
   67              226.77
   68              230.03
   69              231.09
   70              234.12
   71              236.67
   72              239.97
   73              242.15
   74              254.41
   75              259.10
   76              264.39
   77              264.77
   78              268.45
   79              273.36
   80              276.89
   81              280.36
   82              292.05
   83              294.54
   84              298.29
   85              299.69
   86              316.62
   87              325.84
   88              327.30
   89              332.23
   90              338.80
   91              342.39
   92              344.31
   93              348.25
   94              355.91
   95              359.93
   96              363.43
   97              369.65
   98              383.87
   99              388.06
  100              395.92
  101              406.87
  102              414.25
  103              428.43
  104              428.64
  105              431.57
  106              436.81
  107              444.31
  108              444.98
  109              464.42
  110              473.50
  111              474.85
  112              489.36
  113              501.88
  114              536.87
  115              549.10
  116              557.31
  117              565.60
  118              574.46
  119              575.56
  120              577.74
  121              578.04
  122              598.88
  123              614.67
  124              618.62
  125              620.59
  126              633.56
  127              636.10
  128              643.78
  129              647.08
  130              657.38
  131              661.97
  132              666.42
  133              673.56
  134              678.86
  135              681.86
  136              696.19
  137              702.96
  138              707.34
  139              711.16
  140              722.64
  141              733.85
  142              737.22
  143              745.31
  144              750.04
  145              751.78
  146              762.67
  147              768.47
  148              779.36
  149              788.90
  150              794.56
  151              799.03
  152              802.65
  153              806.71
  154              815.13
  155              818.01
  156              823.00
  157              835.87
  158              839.42
  159              852.65
  160              855.33
  161              859.59
  162              862.64
  163              868.05
  164              876.87
  165              879.25
  166              884.68
  167              899.91
  168              901.67
  169              906.25
  170              913.26
  171              917.01
  172              927.90
  173              934.24
  174              940.08
  175              942.19
  176              945.63
  177              950.96
  178              953.01
  179              957.37
  180              959.23
  181              968.21
  182              977.35
  183              981.18
  184              985.27
  185              988.55
  186              992.58
  187              997.24
  188              997.54
  189             1001.62
  190             1004.12
  191             1006.69
  192             1014.16
  193             1014.57
  194             1016.16
  195             1022.10
  196             1031.65
  197             1032.62
  198             1035.54
  199             1038.45
  200             1038.73
  201             1043.77
  202             1044.94
  203             1050.71
  204             1059.54
  205             1063.14
  206             1065.80
  207             1067.10
  208             1069.09
  209             1077.64
  210             1083.69
  211             1091.48
  212             1097.03
  213             1106.51
  214             1106.76
  215             1113.37
  216             1115.09
  217             1119.68
  218             1122.65
  219             1126.67
  220             1133.78
  221             1135.90
  222             1140.55
  223             1143.65
  224             1147.53
  225             1150.88
  226             1151.61
  227             1158.25
  228             1161.07
  229             1161.61
  230             1163.48
  231             1167.06
  232             1170.89
  233             1179.26
  234             1183.51
  235             1184.44
  236             1186.92
  237             1191.52
  238             1199.05
  239             1209.41
  240             1213.74
  241             1216.60
  242             1217.71
  243             1219.79
  244             1228.38
  245             1231.33
  246             1232.49
  247             1234.10
  248             1247.08
  249             1248.47
  250             1253.83
  251             1261.94
  252             1264.31
  253             1265.77
  254             1276.24
  255             1278.11
  256             1280.49
  257             1281.92
  258             1286.56
  259             1288.11
  260             1299.17
  261             1299.75
  262             1300.32
  263             1301.64
  264             1303.26
  265             1306.10
  266             1309.25
  267             1309.94
  268             1311.87
  269             1316.33
  270             1317.04
  271             1322.37
  272             1323.94
  273             1329.32
  274             1333.17
  275             1335.56
  276             1340.93
  277             1342.15
  278             1347.90
  279             1349.60
  280             1351.21
  281             1352.95
  282             1353.89
  283             1361.95
  284             1369.43
  285             1373.55
  286             1374.85
  287             1375.91
  288             1380.78
  289             1380.82
  290             1388.44
  291             1391.83
  292             1392.98
  293             1393.88
  294             1398.12
  295             1400.19
  296             1402.89
  297             1403.21
  298             1404.78
  299             1410.04
  300             1411.96
  301             1415.62
  302             1417.39
  303             1429.71
  304             1430.12
  305             1435.85
  306             1442.33
  307             1443.72
  308             1444.74
  309             1454.99
  310             1457.33
  311             1462.60
  312             1463.56
  313             1464.13
  314             1465.01
  315             1465.04
  316             1467.16
  317             1470.05
  318             1470.42
  319             1470.78
  320             1476.62
  321             1476.80
  322             1477.22
  323             1478.53
  324             1480.42
  325             1483.55
  326             1483.95
  327             1485.14
  328             1486.21
  329             1488.88
  330             1493.19
  331             1494.10
  332             1496.71
  333             1497.93
  334             1516.71
  335             1522.69
  336             1537.86
  337             1539.24
  338             1550.40
  339             1577.11
  340             1578.06
  341             1606.34
  342             1647.92
  343             1654.44
  344             1694.38
  345             1773.32
  346             2998.80
  347             3003.05
  348             3012.11
  349             3018.66
  350             3023.14
  351             3025.66
  352             3026.85
  353             3031.83
  354             3033.83
  355             3034.35
  356             3035.04
  357             3036.09
  358             3036.58
  359             3036.75
  360             3038.63
  361             3039.60
  362             3040.48
  363             3042.15
  364             3043.98
  365             3045.32
  366             3048.45
  367             3049.07
  368             3050.57
  369             3051.50
  370             3052.94
  371             3053.25
  372             3054.13
  373             3054.20
  374             3054.70
  375             3055.17
  376             3055.48
  377             3055.68
  378             3056.37
  379             3061.15
  380             3061.77
  381             3062.98
  382             3063.45
  383             3065.29
  384             3066.65
  385             3067.87
  386             3068.36
  387             3069.65
  388             3070.47
  389             3071.31
  390             3071.59
  391             3072.81
  392             3073.07
  393             3073.20
  394             3074.14
  395             3074.91
  396             3076.18
  397             3076.93
  398             3076.96
  399             3077.14
  400             3079.85
  401             3080.63
  402             3081.17
  403             3082.90
  404             3084.66
  405             3085.20
  406             3086.10
  407             3086.39
  408             3088.89
  409             3089.69
  410             3091.86
  411             3091.94
  412             3092.08
  413             3095.08
  414             3095.58
  415             3099.15
  416             3099.84
  417             3100.48
  418             3101.75
  419             3102.68

 Project out translational and rotational motions 

 Degrees of freedom for translational and rotational motions: 6

 Vibrational frequencies:
 mode    frequency (cm-1)
    0              243.59 i (imaginary)
    1              202.91 i (imaginary)
    2              180.56 i (imaginary)
    3              179.62 i (imaginary)
    4              156.42 i (imaginary)
    5              147.93 i (imaginary)
    6              144.54 i (imaginary)
    7              106.66 i (imaginary)
    8              103.59 i (imaginary)
    9              102.67 i (imaginary)
   10               70.57 i (imaginary)
   11               66.38 i (imaginary)
   12               61.80 i (imaginary)
   13               35.62 i (imaginary)
   14               19.03 i (imaginary)
   15               10.67
   16               13.04
   17               17.46
   18               21.06
   19               25.23
   20               28.45
   21               35.00
   22               41.99
   23               48.35
   24               49.37
   25               55.64
   26               62.72
   27               66.61
   28               69.74
   29               74.56
   30               77.03
   31               80.76
   32               83.28
   33               90.39
   34               97.54
   35              102.05
   36              104.51
   37              107.42
   38              122.46
   39              124.72
   40              128.02
   41              130.02
   42              134.66
   43              136.96
   44              138.55
   45              151.40
   46              156.02
   47              160.84
   48              165.74
   49              172.51
   50              177.27
   51              179.60
   52              183.81
   53              185.05
   54              187.64
   55              191.04
   56              197.24
   57              205.31
   58              208.83
   59              211.79
   60              223.58
   61              226.76
   62              229.94
   63              231.07
   64              234.11
   65              236.66
   66              239.97
   67              242.14
   68              254.33
   69              259.09
   70              264.39
   71              264.77
   72              268.45
   73              273.34
   74              276.89
   75              280.36
   76              292.04
   77              294.52
   78              298.28
   79              299.69
   80              316.61
   81              325.83
   82              327.30
   83              332.22
   84              338.79
   85              342.38
   86              344.31
   87              348.25
   88              355.91
   89              359.93
   90              363.43
   91              369.65
   92              383.87
   93              388.05
   94              395.92
   95              406.87
   96              414.25
   97              428.43
   98              428.64
   99              431.57
  100              436.81
  101              444.31
  102              444.97
  103              464.42
  104              473.50
  105              474.84
  106              489.35
  107              501.88
  108              536.87
  109              549.10
  110              557.31
  111              565.60
  112              574.46
  113              575.56
  114              577.74
  115              578.03
  116              598.88
  117              614.67
  118              618.62
  119              620.59
  120              633.56
  121              636.09
  122              643.78
  123              647.08
  124              657.38
  125              661.97
  126              666.42
  127              673.56
  128              678.86
  129              681.85
  130              696.19
  131              702.96
  132              707.34
  133              711.16
  134              722.64
  135              733.85
  136              737.22
  137              745.31
  138              750.04
  139              751.78
  140              762.67
  141              768.47
  142              779.36
  143              788.90
  144              794.56
  145              799.02
  146              802.65
  147              806.71
  148              815.13
  149              818.01
  150              823.00
  151              835.86
  152              839.42
  153              852.65
  154              855.33
  155              859.59
  156              862.64
  157              868.05
  158              876.87
  159              879.24
  160              884.68
  161              899.91
  162              901.67
  163              906.25
  164              913.26
  165              917.01
  166              927.90
  167              934.24
  168              940.08
  169              942.19
  170              945.63
  171              950.96
  172              953.01
  173              957.37
  174              959.23
  175              968.21
  176              977.35
  177              981.18
  178              985.27
  179              988.55
  180              992.58
  181              997.24
  182              997.54
  183             1001.62
  184             1004.12
  185             1006.69
  186             1014.16
  187             1014.57
  188             1016.16
  189             1022.10
  190             1031.65
  191             1032.62
  192             1035.54
  193             1038.45
  194             1038.73
  195             1043.77
  196             1044.94
  197             1050.71
  198             1059.54
  199             1063.14
  200             1065.80
  201             1067.10
  202             1069.09
  203             1077.64
  204             1083.69
  205             1091.48
  206             1097.03
  207             1106.51
  208             1106.76
  209             1113.37
  210             1115.08
  211             1119.68
  212             1122.65
  213             1126.67
  214             1133.78
  215             1135.90
  216             1140.55
  217             1143.65
  218             1147.53
  219             1150.88
  220             1151.61
  221             1158.25
  222             1161.07
  223             1161.60
  224             1163.48
  225             1167.06
  226             1170.89
  227             1179.26
  228             1183.51
  229             1184.44
  230             1186.92
  231             1191.52
  232             1199.05
  233             1209.41
  234             1213.74
  235             1216.60
  236             1217.71
  237             1219.79
  238             1228.38
  239             1231.33
  240             1232.49
  241             1234.09
  242             1247.08
  243             1248.47
  244             1253.82
  245             1261.94
  246             1264.31
  247             1265.77
  248             1276.24
  249             1278.11
  250             1280.49
  251             1281.92
  252             1286.56
  253             1288.11
  254             1299.17
  255             1299.75
  256             1300.32
  257             1301.64
  258             1303.26
  259             1306.10
  260             1309.25
  261             1309.94
  262             1311.87
  263             1316.33
  264             1317.04
  265             1322.37
  266             1323.94
  267             1329.32
  268             1333.17
  269             1335.56
  270             1340.93
  271             1342.15
  272             1347.90
  273             1349.60
  274             1351.21
  275             1352.95
  276             1353.89
  277             1361.95
  278             1369.43
  279             1373.55
  280             1374.85
  281             1375.91
  282             1380.78
  283             1380.82
  284             1388.44
  285             1391.83
  286             1392.98
  287             1393.88
  288             1398.12
  289             1400.19
  290             1402.89
  291             1403.21
  292             1404.78
  293             1410.04
  294             1411.96
  295             1415.62
  296             1417.39
  297             1429.71
  298             1430.12
  299             1435.85
  300             1442.33
  301             1443.72
  302             1444.74
  303             1454.99
  304             1457.33
  305             1462.60
  306             1463.56
  307             1464.13
  308             1465.01
  309             1465.04
  310             1467.16
  311             1470.05
  312             1470.42
  313             1470.78
  314             1476.62
  315             1476.80
  316             1477.22
  317             1478.53
  318             1480.42
  319             1483.55
  320             1483.95
  321             1485.14
  322             1486.21
  323             1488.88
  324             1493.19
  325             1494.10
  326             1496.71
  327             1497.93
  328             1516.71
  329             1522.69
  330             1537.86
  331             1539.24
  332             1550.40
  333             1577.11
  334             1578.06
  335             1606.34
  336             1647.92
  337             1654.44
  338             1694.37
  339             1773.32
  340             2998.80
  341             3003.05
  342             3012.11
  343             3018.66
  344             3023.14
  345             3025.66
  346             3026.85
  347             3031.83
  348             3033.83
  349             3034.35
  350             3035.04
  351             3036.09
  352             3036.58
  353             3036.75
  354             3038.63
  355             3039.60
  356             3040.48
  357             3042.15
  358             3043.98
  359             3045.32
  360             3048.45
  361             3049.07
  362             3050.57
  363             3051.50
  364             3052.94
  365             3053.25
  366             3054.13
  367             3054.20
  368             3054.70
  369             3055.17
  370             3055.48
  371             3055.68
  372             3056.37
  373             3061.15
  374             3061.77
  375             3062.98
  376             3063.45
  377             3065.29
  378             3066.65
  379             3067.87
  380             3068.36
  381             3069.65
  382             3070.47
  383             3071.31
  384             3071.59
  385             3072.81
  386             3073.07
  387             3073.20
  388             3074.14
  389             3074.91
  390             3076.18
  391             3076.93
  392             3076.96
  393             3077.14
  394             3079.85
  395             3080.63
  396             3081.17
  397             3082.90
  398             3084.66
  399             3085.20
  400             3086.10
  401             3086.39
  402             3088.89
  403             3089.69
  404             3091.86
  405             3091.94
  406             3092.08
  407             3095.08
  408             3095.58
  409             3099.15
  410             3099.84
  411             3100.48
  412             3101.75
  413             3102.68
 Saving results in set 'hess'

 --------------------------------------------------------------------------------

 End time:                               Tue Jan 25 14:51:50 2022
 Total wall-clock time:                 26.643 seconds
==================================================================================
