
================================================================================
          _____________ ________ _______________ ________     _________         
         / ___________// ______ \\_____   _____// ______ \   / ________)        
        / /_________  / /      \ \     | |     / /      \ \ | (_______          
       |  __________|| |        | |    | |    | |        | | \________ \        
        \ \_________ | |        | |    | |     \ \______/ /___________) |       
         \__________||_|        |_|    |_|      \________//____________/        
                                                                                
====================================[ Qcore ]===================================

 Git describe: 2.3.0-166-g4178ddb
 Compiler:     GNU 9.1.0
 Build type:   Release
 Version:      2.3.0-166-g4178ddb

 Start time:   Tue Jan 25 14:51:14 2022

 Data directory: /user/home/of15641/.local/src/Qcore/release/share/entos/qcore/data
 Number of threads: 24
 Number of threads was determined by: number of physical cores

 --------------------------------------------------------------------------------
                                 command: hessian                                
 --------------------------------------------------------------------------------

 -------------------------------
  Numerical Geometrical Hessian 
 -------------------------------

 Compute hessian using two-point central differentiation.
 Step size (bohr):                       0.0100

 Frequencies (including translational and rotational modes):
 mode    frequency (cm-1)
    0              359.69 i (imaginary)
    1              291.58 i (imaginary)
    2              182.30 i (imaginary)
    3              168.62 i (imaginary)
    4               93.09 i (imaginary)
    5               82.84 i (imaginary)
    6               63.76 i (imaginary)
    7               59.75 i (imaginary)
    8               46.04 i (imaginary)
    9               29.35 i (imaginary)
   10               18.21 i (imaginary)
   11               15.87 i (imaginary)
   12                7.10 i (imaginary)
   13                5.06 i (imaginary)
   14                1.95 i (imaginary)
   15                1.29 i (imaginary)
   16                0.48 i (imaginary)
   17                9.36
   18               11.33
   19               15.17
   20               19.47
   21               22.86
   22               27.32
   23               29.42
   24               32.79
   25               36.50
   26               39.82
   27               41.46
   28               49.19
   29               55.02
   30               61.80
   31               65.15
   32               70.67
   33               71.64
   34               74.03
   35               75.11
   36               86.07
   37               87.42
   38               93.19
   39               98.40
   40              101.25
   41              108.34
   42              113.23
   43              114.34
   44              116.19
   45              123.31
   46              125.67
   47              130.29
   48              133.77
   49              136.86
   50              140.13
   51              141.09
   52              146.02
   53              152.41
   54              158.52
   55              160.86
   56              166.32
   57              168.97
   58              175.09
   59              176.72
   60              178.97
   61              179.72
   62              189.74
   63              194.11
   64              198.29
   65              203.44
   66              205.30
   67              212.65
   68              221.90
   69              226.21
   70              230.86
   71              234.12
   72              237.71
   73              241.16
   74              247.28
   75              249.41
   76              251.56
   77              259.12
   78              263.88
   79              267.76
   80              268.63
   81              271.19
   82              287.17
   83              295.58
   84              299.81
   85              306.19
   86              307.53
   87              319.93
   88              336.92
   89              337.23
   90              347.48
   91              353.70
   92              354.59
   93              356.38
   94              359.22
   95              362.14
   96              371.90
   97              375.85
   98              383.31
   99              391.46
  100              397.95
  101              409.89
  102              423.28
  103              429.52
  104              447.87
  105              449.76
  106              451.98
  107              457.19
  108              457.96
  109              464.85
  110              474.16
  111              481.23
  112              484.48
  113              522.91
  114              532.16
  115              546.60
  116              551.61
  117              557.42
  118              571.80
  119              572.83
  120              576.39
  121              579.91
  122              584.33
  123              595.16
  124              603.64
  125              611.87
  126              618.07
  127              621.45
  128              634.72
  129              654.65
  130              659.53
  131              672.33
  132              679.03
  133              680.03
  134              690.88
  135              692.35
  136              701.72
  137              703.59
  138              705.95
  139              716.65
  140              723.54
  141              734.40
  142              738.67
  143              744.97
  144              752.80
  145              764.52
  146              772.05
  147              783.39
  148              786.05
  149              789.70
  150              801.81
  151              805.06
  152              807.90
  153              812.66
  154              830.27
  155              831.84
  156              833.22
  157              836.99
  158              842.40
  159              847.62
  160              848.64
  161              851.40
  162              860.28
  163              874.51
  164              884.91
  165              891.01
  166              893.12
  167              902.53
  168              909.51
  169              912.12
  170              919.24
  171              919.93
  172              925.61
  173              931.33
  174              932.62
  175              937.70
  176              938.99
  177              944.30
  178              949.00
  179              958.04
  180              964.49
  181              964.98
  182              967.99
  183              975.19
  184              976.06
  185              978.25
  186              981.49
  187              982.93
  188              987.44
  189              998.47
  190             1000.60
  191             1001.81
  192             1005.12
  193             1007.04
  194             1008.97
  195             1014.15
  196             1016.94
  197             1017.18
  198             1022.20
  199             1025.11
  200             1028.56
  201             1033.60
  202             1037.74
  203             1042.96
  204             1046.91
  205             1058.33
  206             1068.70
  207             1070.47
  208             1075.79
  209             1089.60
  210             1090.37
  211             1094.43
  212             1098.73
  213             1101.10
  214             1104.95
  215             1109.75
  216             1111.94
  217             1127.05
  218             1128.43
  219             1131.88
  220             1138.90
  221             1140.48
  222             1141.48
  223             1143.62
  224             1148.08
  225             1151.45
  226             1152.03
  227             1158.80
  228             1162.12
  229             1166.67
  230             1166.89
  231             1167.66
  232             1170.11
  233             1175.31
  234             1182.95
  235             1186.24
  236             1187.01
  237             1198.71
  238             1201.90
  239             1204.33
  240             1205.44
  241             1206.02
  242             1218.64
  243             1225.96
  244             1228.11
  245             1233.76
  246             1234.20
  247             1238.54
  248             1243.85
  249             1245.20
  250             1246.93
  251             1247.66
  252             1249.78
  253             1250.62
  254             1256.97
  255             1257.63
  256             1269.05
  257             1269.65
  258             1270.95
  259             1275.44
  260             1280.31
  261             1282.33
  262             1289.83
  263             1291.37
  264             1297.93
  265             1298.41
  266             1299.53
  267             1304.88
  268             1306.05
  269             1313.03
  270             1315.62
  271             1315.72
  272             1316.25
  273             1324.68
  274             1328.37
  275             1332.78
  276             1333.59
  277             1335.69
  278             1340.12
  279             1340.59
  280             1350.71
  281             1352.55
  282             1353.38
  283             1355.22
  284             1360.35
  285             1362.92
  286             1363.41
  287             1364.71
  288             1373.27
  289             1385.62
  290             1389.66
  291             1400.29
  292             1406.65
  293             1407.00
  294             1410.62
  295             1413.14
  296             1414.86
  297             1416.97
  298             1419.47
  299             1421.13
  300             1421.24
  301             1428.91
  302             1431.61
  303             1435.30
  304             1435.32
  305             1437.93
  306             1438.17
  307             1444.58
  308             1445.82
  309             1446.88
  310             1448.00
  311             1448.15
  312             1450.63
  313             1451.83
  314             1452.50
  315             1452.84
  316             1456.78
  317             1464.72
  318             1468.27
  319             1476.58
  320             1479.94
  321             1480.71
  322             1480.88
  323             1483.47
  324             1484.03
  325             1485.44
  326             1485.87
  327             1486.34
  328             1490.23
  329             1495.98
  330             1499.04
  331             1499.79
  332             1507.89
  333             1508.41
  334             1509.99
  335             1513.61
  336             1518.22
  337             1533.13
  338             1533.35
  339             1539.48
  340             1541.81
  341             1571.13
  342             1721.08
  343             1752.03
  344             1829.99
  345             1886.95
  346             3011.31
  347             3016.02
  348             3018.80
  349             3022.59
  350             3025.53
  351             3028.27
  352             3031.86
  353             3032.58
  354             3033.78
  355             3034.85
  356             3035.51
  357             3037.76
  358             3038.33
  359             3039.04
  360             3040.30
  361             3040.99
  362             3041.74
  363             3043.17
  364             3043.26
  365             3044.85
  366             3045.79
  367             3046.09
  368             3049.04
  369             3049.92
  370             3050.57
  371             3051.16
  372             3051.27
  373             3053.65
  374             3054.89
  375             3055.06
  376             3056.29
  377             3057.68
  378             3057.74
  379             3058.49
  380             3060.68
  381             3061.53
  382             3061.84
  383             3063.40
  384             3065.74
  385             3068.69
  386             3068.83
  387             3069.78
  388             3071.09
  389             3071.43
  390             3072.01
  391             3074.28
  392             3074.68
  393             3074.77
  394             3074.99
  395             3075.44
  396             3075.47
  397             3076.79
  398             3077.24
  399             3078.35
  400             3078.69
  401             3080.61
  402             3081.03
  403             3083.44
  404             3084.49
  405             3084.83
  406             3084.98
  407             3086.04
  408             3086.35
  409             3087.89
  410             3088.40
  411             3089.19
  412             3089.86
  413             3092.74
  414             3094.25
  415             3095.45
  416             3096.71
  417             3096.96
  418             3097.43
  419             3101.37

 Project out translational and rotational motions 

 Degrees of freedom for translational and rotational motions: 6

 Vibrational frequencies:
 mode    frequency (cm-1)
    0              359.68 i (imaginary)
    1              291.55 i (imaginary)
    2              182.25 i (imaginary)
    3              168.54 i (imaginary)
    4               92.98 i (imaginary)
    5               82.80 i (imaginary)
    6               63.46 i (imaginary)
    7               57.42 i (imaginary)
    8               45.04 i (imaginary)
    9               29.30 i (imaginary)
   10               17.23 i (imaginary)
   11                9.90 i (imaginary)
   12                2.51
   13               12.78
   14               14.69
   15               20.86
   16               25.15
   17               28.66
   18               32.68
   19               35.91
   20               39.28
   21               41.22
   22               48.00
   23               54.97
   24               61.68
   25               64.80
   26               70.34
   27               71.35
   28               73.86
   29               75.02
   30               86.02
   31               87.38
   32               93.17
   33               98.12
   34              101.03
   35              108.30
   36              113.23
   37              114.31
   38              116.18
   39              123.30
   40              125.64
   41              130.28
   42              133.76
   43              136.80
   44              140.08
   45              141.09
   46              145.98
   47              152.36
   48              158.50
   49              160.82
   50              166.29
   51              168.81
   52              175.07
   53              176.63
   54              178.95
   55              179.72
   56              189.73
   57              194.10
   58              198.27
   59              203.44
   60              205.29
   61              212.64
   62              221.89
   63              226.21
   64              230.85
   65              234.10
   66              237.69
   67              241.14
   68              247.27
   69              249.40
   70              251.56
   71              259.11
   72              263.88
   73              267.73
   74              268.63
   75              271.19
   76              287.16
   77              295.58
   78              299.79
   79              306.18
   80              307.52
   81              319.93
   82              336.91
   83              337.21
   84              347.48
   85              353.70
   86              354.59
   87              356.37
   88              359.22
   89              362.14
   90              371.90
   91              375.84
   92              383.31
   93              391.46
   94              397.93
   95              409.88
   96              423.27
   97              429.50
   98              447.87
   99              449.75
  100              451.98
  101              457.19
  102              457.96
  103              464.85
  104              474.15
  105              481.23
  106              484.48
  107              522.91
  108              532.16
  109              546.59
  110              551.61
  111              557.41
  112              571.80
  113              572.83
  114              576.39
  115              579.90
  116              584.33
  117              595.16
  118              603.64
  119              611.86
  120              618.07
  121              621.45
  122              634.72
  123              654.65
  124              659.53
  125              672.33
  126              679.03
  127              680.03
  128              690.88
  129              692.35
  130              701.72
  131              703.59
  132              705.95
  133              716.65
  134              723.54
  135              734.40
  136              738.67
  137              744.97
  138              752.80
  139              764.52
  140              772.05
  141              783.39
  142              786.05
  143              789.70
  144              801.81
  145              805.06
  146              807.90
  147              812.66
  148              830.27
  149              831.84
  150              833.22
  151              836.99
  152              842.40
  153              847.62
  154              848.64
  155              851.40
  156              860.28
  157              874.51
  158              884.91
  159              891.01
  160              893.12
  161              902.53
  162              909.51
  163              912.12
  164              919.24
  165              919.93
  166              925.61
  167              931.33
  168              932.62
  169              937.70
  170              938.99
  171              944.30
  172              949.00
  173              958.04
  174              964.49
  175              964.98
  176              967.99
  177              975.19
  178              976.05
  179              978.25
  180              981.49
  181              982.93
  182              987.44
  183              998.47
  184             1000.60
  185             1001.81
  186             1005.12
  187             1007.04
  188             1008.97
  189             1014.15
  190             1016.94
  191             1017.18
  192             1022.20
  193             1025.11
  194             1028.56
  195             1033.60
  196             1037.74
  197             1042.96
  198             1046.91
  199             1058.33
  200             1068.70
  201             1070.47
  202             1075.79
  203             1089.60
  204             1090.37
  205             1094.43
  206             1098.73
  207             1101.10
  208             1104.95
  209             1109.75
  210             1111.94
  211             1127.05
  212             1128.43
  213             1131.88
  214             1138.90
  215             1140.48
  216             1141.48
  217             1143.61
  218             1148.07
  219             1151.45
  220             1152.03
  221             1158.80
  222             1162.12
  223             1166.67
  224             1166.89
  225             1167.66
  226             1170.11
  227             1175.31
  228             1182.95
  229             1186.24
  230             1187.01
  231             1198.71
  232             1201.90
  233             1204.33
  234             1205.44
  235             1206.02
  236             1218.64
  237             1225.96
  238             1228.11
  239             1233.76
  240             1234.20
  241             1238.54
  242             1243.85
  243             1245.20
  244             1246.93
  245             1247.66
  246             1249.78
  247             1250.62
  248             1256.97
  249             1257.63
  250             1269.05
  251             1269.65
  252             1270.95
  253             1275.44
  254             1280.31
  255             1282.33
  256             1289.83
  257             1291.37
  258             1297.93
  259             1298.41
  260             1299.53
  261             1304.88
  262             1306.05
  263             1313.03
  264             1315.62
  265             1315.72
  266             1316.25
  267             1324.68
  268             1328.37
  269             1332.78
  270             1333.59
  271             1335.69
  272             1340.12
  273             1340.59
  274             1350.71
  275             1352.55
  276             1353.38
  277             1355.22
  278             1360.35
  279             1362.92
  280             1363.41
  281             1364.71
  282             1373.27
  283             1385.62
  284             1389.66
  285             1400.29
  286             1406.65
  287             1407.00
  288             1410.62
  289             1413.14
  290             1414.86
  291             1416.97
  292             1419.47
  293             1421.13
  294             1421.24
  295             1428.91
  296             1431.61
  297             1435.30
  298             1435.32
  299             1437.93
  300             1438.17
  301             1444.58
  302             1445.82
  303             1446.88
  304             1448.00
  305             1448.15
  306             1450.63
  307             1451.83
  308             1452.50
  309             1452.84
  310             1456.78
  311             1464.72
  312             1468.27
  313             1476.58
  314             1479.94
  315             1480.71
  316             1480.88
  317             1483.47
  318             1484.03
  319             1485.44
  320             1485.87
  321             1486.34
  322             1490.23
  323             1495.98
  324             1499.04
  325             1499.79
  326             1507.89
  327             1508.41
  328             1509.99
  329             1513.61
  330             1518.22
  331             1533.13
  332             1533.35
  333             1539.48
  334             1541.81
  335             1571.13
  336             1721.08
  337             1752.03
  338             1829.99
  339             1886.95
  340             3011.31
  341             3016.02
  342             3018.80
  343             3022.59
  344             3025.53
  345             3028.27
  346             3031.86
  347             3032.58
  348             3033.78
  349             3034.85
  350             3035.51
  351             3037.76
  352             3038.33
  353             3039.04
  354             3040.30
  355             3040.99
  356             3041.74
  357             3043.17
  358             3043.26
  359             3044.85
  360             3045.79
  361             3046.09
  362             3049.04
  363             3049.92
  364             3050.57
  365             3051.16
  366             3051.27
  367             3053.65
  368             3054.89
  369             3055.06
  370             3056.29
  371             3057.68
  372             3057.74
  373             3058.49
  374             3060.68
  375             3061.53
  376             3061.84
  377             3063.40
  378             3065.74
  379             3068.69
  380             3068.83
  381             3069.78
  382             3071.09
  383             3071.43
  384             3072.01
  385             3074.28
  386             3074.68
  387             3074.77
  388             3074.99
  389             3075.44
  390             3075.47
  391             3076.79
  392             3077.24
  393             3078.35
  394             3078.69
  395             3080.61
  396             3081.03
  397             3083.44
  398             3084.49
  399             3084.83
  400             3084.98
  401             3086.04
  402             3086.35
  403             3087.89
  404             3088.40
  405             3089.19
  406             3089.86
  407             3092.74
  408             3094.25
  409             3095.45
  410             3096.71
  411             3096.96
  412             3097.43
  413             3101.37
 Saving results in set 'hess'

 --------------------------------------------------------------------------------

 End time:                               Tue Jan 25 14:51:39 2022
 Total wall-clock time:                 24.363 seconds
==================================================================================
