
================================================================================
          _____________ ________ _______________ ________     _________         
         / ___________// ______ \\_____   _____// ______ \   / ________)        
        / /_________  / /      \ \     | |     / /      \ \ | (_______          
       |  __________|| |        | |    | |    | |        | | \________ \        
        \ \_________ | |        | |    | |     \ \______/ /___________) |       
         \__________||_|        |_|    |_|      \________//____________/        
                                                                                
====================================[ Qcore ]===================================

 Git describe: 2.3.0-162-g029f7e3
 Compiler:     GNU 9.1.0
 Build type:   Release
 Version:      2.3.0-162-g029f7e3

 Start time:   Tue Nov 30 10:40:47 2021

 Data directory: /user/home/of15641/.local/src/Qcore/release/share/entos/qcore/data
 Number of threads: 24
 Number of threads was determined by: number of physical cores

 --------------------------------------------------------------------------------
                                command: optimize                                
 --------------------------------------------------------------------------------
 Using coordinate system:                tric

 -----------------------------
  Initial coordinates summary 
 -----------------------------
 Total coordinates:                    887
 Bond distances:                       148
 Bond angles:                          283
 Dihedral angles:                      421
 Linear bond angles:                     2
 Out-of-plane bends:                    27
 Translations:                           3
 Rotations:                              3
 Hessian update scheme:                  bfgs
 Initial hessian:                        full

 -------------------------------
  Numerical Geometrical Hessian 
 -------------------------------

 Compute hessian using two-point central differentiation.
 Step size (bohr):                       0.0010

 Degrees of freedom for translational and rotational motions: 6

 ------------------------------------------------------------------------------------------------------------
                   energy      change    grad rms    grad max    step rms    step max       trust    time (s)
 ------------------------------------------------------------------------------------------------------------
   1      -197.903995903                1.45e-02    8.76e-02                            2.00e-01        0.59
   2      -197.911297193   -7.30e-03    1.42e-02    8.57e-02    2.09e-01    1.42e-01    2.83e-01        9.97
   3      -197.883300395    2.80e-02    1.50e-02    9.05e-02    2.98e-01    1.99e-01    4.00e-01       13.94
   4      -197.921867832   -3.86e-02    1.31e-02    7.85e-02    3.85e-01    2.13e-01    5.66e-01        4.44
   5      -197.922884308   -1.02e-03    1.30e-02    7.69e-02    4.11e-01    2.18e-01    5.66e-01       10.93
   6      -197.854146071    6.87e-02    1.54e-02    9.05e-02    5.43e-01    3.05e-01    6.00e-01        1.24
   7      -197.879834694   -2.57e-02    1.44e-02    8.42e-02    6.05e-01    2.44e-01    6.00e-01        5.35
   8      -197.840875792    3.90e-02    1.55e-02    9.15e-02    5.88e-01    2.17e-01    6.00e-01        2.61
   9      -197.891729223   -5.09e-02    1.37e-02    8.06e-02    5.76e-01    2.72e-01    6.00e-01        6.89
  10      -197.883831186    7.90e-03    1.37e-02    8.04e-02    5.90e-01    2.73e-01    6.00e-01        8.29
 Linear-angle threshold:                 3.054326191

 -------------------------------------------
  Angles larger than linear-angle threshold 
 -------------------------------------------
 atoms = [6, 1, 26] value = 176.37 degree
 Geometry optimization stopped:          some bond-angles are in the linear-angle regime

 Non-converged energy:                -197.883831186

 -----------------------------------
  Non-converged coordinates summary 
 -----------------------------------
 Total coordinates:                    887
 Bond distances:                       148
 Bond angles:                          283
 Dihedral angles:                      421
 Linear bond angles:                     2
 Out-of-plane bends:                    27
 Translations:                           3
 Rotations:                              3

 -------------------
  Non-converged XYZ 
 -------------------
140
Non-converged structure: -197.884 hartree
Mg          -2.070531470         17.314664275         26.789489808
C           -2.585118000         15.212475223         29.407162222
C           -3.473524804         19.930850229         28.718149203
C           -1.748621467         19.360406853         24.151194528
C           -0.636813641         14.754100922         24.884910724
N           -3.081159915         17.545058252         28.896883526
C           -3.099046431         16.486172396         29.776496906
C           -3.576394051         17.091518166         31.119866640
C           -4.327578022         18.450186788         30.690111583
C           -3.650450511         18.667894502         29.338823865
C           -5.893945976         18.270899304         30.472495737
C           -2.314527624         17.311310530         32.121258650
C           -2.504768603         17.373834243         33.692447200
C           -1.146518451         17.124105920         34.482543175
O           -0.138204056         16.701227950         33.963304247
O           -1.208040640         17.300860931         35.886651514
N           -2.275337237         19.394270143         26.548348964
C           -2.864796932         20.252301792         27.475423229
C           -2.746136853         21.628607299         26.902948690
C           -2.225736305         21.553809435         25.609305270
C           -2.060395216         20.063854705         25.352400009
C           -3.146790573         22.822321165         27.699728074
C           -1.790627406         22.519218786         24.610675076
O           -1.318492366         22.197920515         23.543814797
C           -1.703412018         23.908998245         24.853972413
N           -1.269059162         17.133891518         24.811507444
C           -1.440506677         18.072401906         23.875367885
C           -1.401221507         17.527548522         22.425092333
C           -0.933971748         16.029030994         22.648400696
C           -0.983870102         15.891487675         24.225275041
C           -2.723654022         17.745734684         21.616253950
C            0.473496034         15.649175731         22.105111930
C            1.528653875         16.108235405         23.086744492
N           -1.733413316         15.340909019         27.027106330
C           -0.936475043         14.473958913         26.302678075
C           -0.659923433         13.320113334         27.094586620
C           -1.325469408         13.481489725         28.291088184
C           -1.984850974         14.736908077         28.198464128
C            0.252799664         12.226831063         26.666672095
C           -1.736791252         12.946591347         29.510167132
O           -1.609245035         11.799223028         29.901123235
C           -2.556712295         13.984897236         30.369280193
C           -1.665828624         14.131651762         31.569298476
O           -0.489058067         14.423084057         31.539208687
O           -2.358720550         13.818210036         32.750403951
C           -1.574575814         13.651367230         33.996802816
C            0.024430182         16.929715839         36.644365193
C           -0.342379010         17.517253831         38.018243200
C           -0.329456645         16.897113094         39.236537203
C            0.150493590         15.434492149         39.502757780
C           -0.823466149         17.578814150         40.499659012
C            0.220795951         17.868765233         41.690493599
C            1.506992098         18.630807283         41.166755565
C            1.430667819         20.148121849         41.579105990
C            0.571608910         20.831399410         40.510222869
C            2.843705711         20.789950427         41.770451697
C            2.876122013         21.681103480         42.947325223
C            4.163155755         21.374677680         43.779642297
C            4.750571536         22.568838614         44.634216600
C            6.278177290         22.511977534         44.594407607
C            4.265243598         22.615767090         46.088136550
C            2.776666147         22.869173927         46.152773973
C            1.955802322         21.586460815         46.604801788
C            0.559264523         21.334784580         45.991611139
C           -0.587004056         21.344921518         46.994763051
C            0.538360758         20.087429739         45.064113187
H           -3.963015293         20.793327111         29.197710444
H           -1.757638345         20.034661150         23.282564289
H           -0.188236704         13.904552531         24.339834548
H           -4.190080639         16.286520648         31.565843528
H           -4.045862392         19.358724468         31.248198830
H           -6.390700161         19.196923571         30.114592788
H           -6.253926206         17.985276702         31.475386498
H           -5.984074817         17.482255549         29.693696039
H           -1.853462378         18.254729793         31.770385686
H           -1.567657853         16.552800587         31.825663556
H           -3.288917969         16.653949920         34.010761858
H           -2.833212265         18.361936791         34.077182081
H           -2.714485821         23.733706598         27.269286001
H           -2.869563492         22.704326786         28.755061278
H           -4.241452121         22.883078919         27.657951754
H           -2.666323324         24.432657682         24.789575729
H           -1.075361916         24.364206619         24.078148375
H           -1.225676461         24.153419265         25.813476031
H           -0.646684844         18.070757672         21.835500120
H           -1.733142933         15.364498113         22.273140798
H           -2.680186860         18.028287541         20.556533887
H           -3.316224773         18.544557213         22.086904206
H           -3.306396713         16.827578005         21.779757024
H            0.701784721         16.016052183         21.094143102
H            0.512683254         14.553530498         22.070769398
H            1.418116627         15.801190471         24.130548786
H            1.902536277         17.110172630         22.814192035
H            2.441959923         15.539890664         22.852945532
H            1.324242038         12.466805113         26.854611806
H            0.058755312         11.904950507         25.642656670
H            0.034073876         11.361796997         27.309236569
H           -3.481791248         13.534212501         30.768057380
H           -1.872465804         12.823841513         34.674265290
H           -1.718827799         14.528106626         34.655257598
H           -0.486810178         13.523733720         33.848356689
H            0.913750170         17.393648382         36.179701107
H            0.012833201         15.827046384         36.574840236
H           -0.828773677         18.510077385         38.046616111
H            0.568717339         15.321697551         40.518833596
H            0.890693100         15.080780988         38.759644904
H           -0.723491571         14.762297905         39.505001206
H           -1.617991296         16.893881593         40.840381967
H           -1.365989539         18.508980289         40.262139740
H            0.535699846         16.930899020         42.176648844
H           -0.288139847         18.455624671         42.470610940
H            1.486140949         18.463477035         40.078915362
H            2.446859347         18.205075638         41.552967764
H            0.819176601         20.325020316         42.472554748
H            0.795996104         21.890787599         40.619052810
H           -0.498145710         20.594778141         40.588176791
H            0.869239436         20.532181540         39.498956788
H            3.161643902         21.417353633         40.931193283
H            3.632915277         20.027478757         41.666418378
H            1.993499459         21.536849633         43.584486770
H            2.834365308         22.715692192         42.582021719
H            5.030580802         21.053617115         43.194974547
H            3.910971976         20.503080933         44.393137091
H            4.377580109         23.485764599         44.155310277
H            6.768673055         21.750535363         43.974812353
H            6.615547066         22.210813918         45.592924732
H            6.669097942         23.492461414         44.297537832
H            4.781093840         23.445477923         46.585851268
H            4.576622837         21.709432744         46.623702959
H            2.431712344         23.304741797         45.210133554
H            2.613918065         23.698839622         46.851160449
H            1.887058042         21.608425399         47.699108072
H            2.576301884         20.723539882         46.338287817
H            0.416857307         22.240807531         45.392806985
H           -1.294727244         22.147761799         46.768267887
H           -0.201979352         21.650580726         47.973170137
H           -1.141176110         20.401523370         47.046076311
H            0.025278079         19.230275269         45.520662709
H            1.524753272         19.814655210         44.668069105
H           -0.136521355         20.468842004         44.297223389

 Structure in entos input format:

  structure(
    xyz = [
      ['Mg' ,         -2.070531470,         17.314664275,         26.789489808],
      ['C'  ,         -2.585118000,         15.212475223,         29.407162222],
      ['C'  ,         -3.473524804,         19.930850229,         28.718149203],
      ['C'  ,         -1.748621467,         19.360406853,         24.151194528],
      ['C'  ,         -0.636813641,         14.754100922,         24.884910724],
      ['N'  ,         -3.081159915,         17.545058252,         28.896883526],
      ['C'  ,         -3.099046431,         16.486172396,         29.776496906],
      ['C'  ,         -3.576394051,         17.091518166,         31.119866640],
      ['C'  ,         -4.327578022,         18.450186788,         30.690111583],
      ['C'  ,         -3.650450511,         18.667894502,         29.338823865],
      ['C'  ,         -5.893945976,         18.270899304,         30.472495737],
      ['C'  ,         -2.314527624,         17.311310530,         32.121258650],
      ['C'  ,         -2.504768603,         17.373834243,         33.692447200],
      ['C'  ,         -1.146518451,         17.124105920,         34.482543175],
      ['O'  ,         -0.138204056,         16.701227950,         33.963304247],
      ['O'  ,         -1.208040640,         17.300860931,         35.886651514],
      ['N'  ,         -2.275337237,         19.394270143,         26.548348964],
      ['C'  ,         -2.864796932,         20.252301792,         27.475423229],
      ['C'  ,         -2.746136853,         21.628607299,         26.902948690],
      ['C'  ,         -2.225736305,         21.553809435,         25.609305270],
      ['C'  ,         -2.060395216,         20.063854705,         25.352400009],
      ['C'  ,         -3.146790573,         22.822321165,         27.699728074],
      ['C'  ,         -1.790627406,         22.519218786,         24.610675076],
      ['O'  ,         -1.318492366,         22.197920515,         23.543814797],
      ['C'  ,         -1.703412018,         23.908998245,         24.853972413],
      ['N'  ,         -1.269059162,         17.133891518,         24.811507444],
      ['C'  ,         -1.440506677,         18.072401906,         23.875367885],
      ['C'  ,         -1.401221507,         17.527548522,         22.425092333],
      ['C'  ,         -0.933971748,         16.029030994,         22.648400696],
      ['C'  ,         -0.983870102,         15.891487675,         24.225275041],
      ['C'  ,         -2.723654022,         17.745734684,         21.616253950],
      ['C'  ,          0.473496034,         15.649175731,         22.105111930],
      ['C'  ,          1.528653875,         16.108235405,         23.086744492],
      ['N'  ,         -1.733413316,         15.340909019,         27.027106330],
      ['C'  ,         -0.936475043,         14.473958913,         26.302678075],
      ['C'  ,         -0.659923433,         13.320113334,         27.094586620],
      ['C'  ,         -1.325469408,         13.481489725,         28.291088184],
      ['C'  ,         -1.984850974,         14.736908077,         28.198464128],
      ['C'  ,          0.252799664,         12.226831063,         26.666672095],
      ['C'  ,         -1.736791252,         12.946591347,         29.510167132],
      ['O'  ,         -1.609245035,         11.799223028,         29.901123235],
      ['C'  ,         -2.556712295,         13.984897236,         30.369280193],
      ['C'  ,         -1.665828624,         14.131651762,         31.569298476],
      ['O'  ,         -0.489058067,         14.423084057,         31.539208687],
      ['O'  ,         -2.358720550,         13.818210036,         32.750403951],
      ['C'  ,         -1.574575814,         13.651367230,         33.996802816],
      ['C'  ,          0.024430182,         16.929715839,         36.644365193],
      ['C'  ,         -0.342379010,         17.517253831,         38.018243200],
      ['C'  ,         -0.329456645,         16.897113094,         39.236537203],
      ['C'  ,          0.150493590,         15.434492149,         39.502757780],
      ['C'  ,         -0.823466149,         17.578814150,         40.499659012],
      ['C'  ,          0.220795951,         17.868765233,         41.690493599],
      ['C'  ,          1.506992098,         18.630807283,         41.166755565],
      ['C'  ,          1.430667819,         20.148121849,         41.579105990],
      ['C'  ,          0.571608910,         20.831399410,         40.510222869],
      ['C'  ,          2.843705711,         20.789950427,         41.770451697],
      ['C'  ,          2.876122013,         21.681103480,         42.947325223],
      ['C'  ,          4.163155755,         21.374677680,         43.779642297],
      ['C'  ,          4.750571536,         22.568838614,         44.634216600],
      ['C'  ,          6.278177290,         22.511977534,         44.594407607],
      ['C'  ,          4.265243598,         22.615767090,         46.088136550],
      ['C'  ,          2.776666147,         22.869173927,         46.152773973],
      ['C'  ,          1.955802322,         21.586460815,         46.604801788],
      ['C'  ,          0.559264523,         21.334784580,         45.991611139],
      ['C'  ,         -0.587004056,         21.344921518,         46.994763051],
      ['C'  ,          0.538360758,         20.087429739,         45.064113187],
      ['H'  ,         -3.963015293,         20.793327111,         29.197710444],
      ['H'  ,         -1.757638345,         20.034661150,         23.282564289],
      ['H'  ,         -0.188236704,         13.904552531,         24.339834548],
      ['H'  ,         -4.190080639,         16.286520648,         31.565843528],
      ['H'  ,         -4.045862392,         19.358724468,         31.248198830],
      ['H'  ,         -6.390700161,         19.196923571,         30.114592788],
      ['H'  ,         -6.253926206,         17.985276702,         31.475386498],
      ['H'  ,         -5.984074817,         17.482255549,         29.693696039],
      ['H'  ,         -1.853462378,         18.254729793,         31.770385686],
      ['H'  ,         -1.567657853,         16.552800587,         31.825663556],
      ['H'  ,         -3.288917969,         16.653949920,         34.010761858],
      ['H'  ,         -2.833212265,         18.361936791,         34.077182081],
      ['H'  ,         -2.714485821,         23.733706598,         27.269286001],
      ['H'  ,         -2.869563492,         22.704326786,         28.755061278],
      ['H'  ,         -4.241452121,         22.883078919,         27.657951754],
      ['H'  ,         -2.666323324,         24.432657682,         24.789575729],
      ['H'  ,         -1.075361916,         24.364206619,         24.078148375],
      ['H'  ,         -1.225676461,         24.153419265,         25.813476031],
      ['H'  ,         -0.646684844,         18.070757672,         21.835500120],
      ['H'  ,         -1.733142933,         15.364498113,         22.273140798],
      ['H'  ,         -2.680186860,         18.028287541,         20.556533887],
      ['H'  ,         -3.316224773,         18.544557213,         22.086904206],
      ['H'  ,         -3.306396713,         16.827578005,         21.779757024],
      ['H'  ,          0.701784721,         16.016052183,         21.094143102],
      ['H'  ,          0.512683254,         14.553530498,         22.070769398],
      ['H'  ,          1.418116627,         15.801190471,         24.130548786],
      ['H'  ,          1.902536277,         17.110172630,         22.814192035],
      ['H'  ,          2.441959923,         15.539890664,         22.852945532],
      ['H'  ,          1.324242038,         12.466805113,         26.854611806],
      ['H'  ,          0.058755312,         11.904950507,         25.642656670],
      ['H'  ,          0.034073876,         11.361796997,         27.309236569],
      ['H'  ,         -3.481791248,         13.534212501,         30.768057380],
      ['H'  ,         -1.872465804,         12.823841513,         34.674265290],
      ['H'  ,         -1.718827799,         14.528106626,         34.655257598],
      ['H'  ,         -0.486810178,         13.523733720,         33.848356689],
      ['H'  ,          0.913750170,         17.393648382,         36.179701107],
      ['H'  ,          0.012833201,         15.827046384,         36.574840236],
      ['H'  ,         -0.828773677,         18.510077385,         38.046616111],
      ['H'  ,          0.568717339,         15.321697551,         40.518833596],
      ['H'  ,          0.890693100,         15.080780988,         38.759644904],
      ['H'  ,         -0.723491571,         14.762297905,         39.505001206],
      ['H'  ,         -1.617991296,         16.893881593,         40.840381967],
      ['H'  ,         -1.365989539,         18.508980289,         40.262139740],
      ['H'  ,          0.535699846,         16.930899020,         42.176648844],
      ['H'  ,         -0.288139847,         18.455624671,         42.470610940],
      ['H'  ,          1.486140949,         18.463477035,         40.078915362],
      ['H'  ,          2.446859347,         18.205075638,         41.552967764],
      ['H'  ,          0.819176601,         20.325020316,         42.472554748],
      ['H'  ,          0.795996104,         21.890787599,         40.619052810],
      ['H'  ,         -0.498145710,         20.594778141,         40.588176791],
      ['H'  ,          0.869239436,         20.532181540,         39.498956788],
      ['H'  ,          3.161643902,         21.417353633,         40.931193283],
      ['H'  ,          3.632915277,         20.027478757,         41.666418378],
      ['H'  ,          1.993499459,         21.536849633,         43.584486770],
      ['H'  ,          2.834365308,         22.715692192,         42.582021719],
      ['H'  ,          5.030580802,         21.053617115,         43.194974547],
      ['H'  ,          3.910971976,         20.503080933,         44.393137091],
      ['H'  ,          4.377580109,         23.485764599,         44.155310277],
      ['H'  ,          6.768673055,         21.750535363,         43.974812353],
      ['H'  ,          6.615547066,         22.210813918,         45.592924732],
      ['H'  ,          6.669097942,         23.492461414,         44.297537832],
      ['H'  ,          4.781093840,         23.445477923,         46.585851268],
      ['H'  ,          4.576622837,         21.709432744,         46.623702959],
      ['H'  ,          2.431712344,         23.304741797,         45.210133554],
      ['H'  ,          2.613918065,         23.698839622,         46.851160449],
      ['H'  ,          1.887058042,         21.608425399,         47.699108072],
      ['H'  ,          2.576301884,         20.723539882,         46.338287817],
      ['H'  ,          0.416857307,         22.240807531,         45.392806985],
      ['H'  ,         -1.294727244,         22.147761799,         46.768267887],
      ['H'  ,         -0.201979352,         21.650580726,         47.973170137],
      ['H'  ,         -1.141176110,         20.401523370,         47.046076311],
      ['H'  ,          0.025278079,         19.230275269,         45.520662709],
      ['H'  ,          1.524753272,         19.814655210,         44.668069105],
      ['H'  ,         -0.136521355,         20.468842004,         44.297223389]
    ]
  )
 Rebuilding coordinates:                 some bond-angles are in the linear-angle regime
 Using coordinate system:                tric

 -----------------------------
  Rebuilt coordinates summary 
 -----------------------------
 Total coordinates:                    881
 Bond distances:                       148
 Bond angles:                          282
 Dihedral angles:                      417
 Linear bond angles:                     4
 Out-of-plane bends:                    24
 Translations:                           3
 Rotations:                              3
 Hessian update scheme:                  bfgs
 Rebuilding hessian from previous steps.

 ------------------------------------------------------------------------------------------------------------
                   energy      change    grad rms    grad max    step rms    step max       trust    time (s)
 ------------------------------------------------------------------------------------------------------------
  11      -197.883831186                1.37e-02    8.04e-02                            2.00e-01        0.08
  12      -197.886273117   -2.44e-03    1.36e-02    8.01e-02    4.98e-02    2.41e-02    2.00e-01        3.53
  13      -197.888851477   -2.58e-03    1.36e-02    8.02e-02    2.02e-01    2.00e-02    2.83e-01        3.93
  14      -197.886086921    2.76e-03    1.36e-02    8.08e-02    2.85e-01    1.09e-01    4.00e-01        3.73
  15      -197.891450858   -5.36e-03    1.34e-02    7.93e-02    4.00e-01    4.27e-02    5.66e-01        3.71
  16      -197.894333587   -2.88e-03    1.33e-02    7.92e-02    1.65e-01    9.58e-02    5.66e-01        3.46
  17      -197.910667227   -1.63e-02    1.28e-02    7.68e-02    5.69e-01    2.97e-01    6.00e-01        3.40
  18      -197.908316665    2.35e-03    1.26e-02    7.68e-02    3.63e-01    1.47e-01    6.00e-01        2.94
  19      -197.909810041   -1.49e-03    1.26e-02    7.67e-02    9.17e-02    4.10e-02    6.00e-01        2.88
  20      -197.911119502   -1.31e-03    1.26e-02    7.66e-02    1.15e-01    7.26e-02    6.00e-01        2.83
  21      -197.911450925   -3.31e-04    1.26e-02    7.64e-02    8.20e-02    1.16e-01    6.00e-01        2.73
  22      -197.911121567    3.29e-04    1.26e-02    7.65e-02    5.50e-02    3.88e-02    6.00e-01        2.78
  23      -197.912440446   -1.32e-03    1.26e-02    7.62e-02    1.35e-01    8.43e-02    6.00e-01        2.89
  24      -197.912439669    7.78e-07    1.26e-02    7.61e-02    1.24e-01    8.60e-02    6.22e-02        2.90
  25      -197.912438860    8.09e-07    1.26e-02    7.60e-02    4.10e-02    2.47e-02    2.05e-02        2.77
  26      -197.912425658    1.32e-05    1.26e-02    7.60e-02    8.40e-03    5.62e-03    2.05e-02        2.71
  27      -197.912496297   -7.06e-05    1.26e-02    7.60e-02    2.05e-02    1.56e-02    2.90e-02        2.96
  28      -197.912603363   -1.07e-04    1.26e-02    7.59e-02    2.90e-02    2.21e-02    4.10e-02        3.01
  29      -197.912833341   -2.30e-04    1.26e-02    7.58e-02    4.10e-02    3.56e-02    5.80e-02        2.94
  30      -197.913082468   -2.49e-04    1.25e-02    7.55e-02    5.80e-02    4.29e-02    8.20e-02        3.00
  31      -197.913427012   -3.45e-04    1.25e-02    7.52e-02    8.20e-02    6.81e-02    1.16e-01        2.98
  32      -197.913371609    5.54e-05    1.25e-02    7.52e-02    2.72e-02    2.10e-02    1.16e-01        2.80
  33      -197.913472977   -1.01e-04    1.25e-02    7.51e-02    1.73e-02    1.28e-02    1.16e-01        2.73
  34      -197.913695173   -2.22e-04    1.25e-02    7.50e-02    4.86e-02    2.72e-02    1.16e-01        2.80
  35      -197.913954563   -2.59e-04    1.25e-02    7.47e-02    9.21e-02    3.89e-02    1.16e-01        2.90
  36      -197.914109064   -1.55e-04    1.25e-02    7.45e-02    1.08e-01    3.29e-02    1.64e-01        2.92
  37      -197.914067912    4.12e-05    1.24e-02    7.45e-02    5.51e-02    1.76e-02    1.64e-01        2.92
  38      -197.914109144   -4.12e-05    1.24e-02    7.44e-02    6.39e-03    5.89e-03    1.64e-01        2.86
  39      -197.914773956   -6.65e-04    1.24e-02    7.39e-02    8.39e-02    9.40e-02    1.64e-01        2.91
  40      -197.914696034    7.79e-05    1.24e-02    7.38e-02    3.60e-02    4.39e-02    1.64e-01        2.84
  41      -197.914835513   -1.39e-04    1.24e-02    7.38e-02    2.21e-02    3.12e-02    1.64e-01        2.84
  42      -197.915257326   -4.22e-04    1.23e-02    7.38e-02    5.63e-02    1.15e-01    1.64e-01        2.91
  43      -197.915931441   -6.74e-04    1.23e-02    7.34e-02    6.29e-02    1.03e-01    1.64e-01        2.93
  44      -197.918008210   -2.08e-03    1.21e-02    7.26e-02    1.64e-01    1.92e-01    2.32e-01        3.16
  45      -197.919390035   -1.38e-03    1.20e-02    7.23e-02    2.21e-01    3.95e-01    3.28e-01        3.00
  46      -197.919529748   -1.40e-04    1.19e-02    7.19e-02    2.30e-01    2.74e-01    3.28e-01        2.25
  47      -197.920347311   -8.18e-04    1.19e-02    7.21e-02    2.31e-01    7.26e-01    3.28e-01        2.17
  48      -197.920287939    5.94e-05    1.19e-02    7.26e-02    1.14e-01    1.75e-01    3.28e-01        2.08
  49      -197.923605761   -3.32e-03    1.17e-02    6.98e-02    3.28e-01    9.35e-01    4.64e-01        2.28
  50      -197.924672668   -1.07e-03    1.16e-02    6.91e-02    1.24e-01    1.01e-01    4.64e-01        2.30
  51      -197.924297999    3.75e-04    1.16e-02    6.87e-02    1.12e-01    4.74e-02    4.64e-01        2.26
  52      -197.924924335   -6.26e-04    1.16e-02    6.89e-02    9.57e-02    2.74e-02    4.64e-01        2.23
  53      -197.927179035   -2.25e-03    1.15e-02    6.92e-02    3.02e-01    1.31e-01    4.64e-01        2.26
  54      -197.930626945   -3.45e-03    1.14e-02    6.92e-02    4.57e-01    2.26e-01    6.00e-01        2.66
  55      -197.934074141   -3.45e-03    1.13e-02    6.85e-02    5.50e-01    3.03e-01    6.00e-01        3.10
  56      -197.935722185   -1.65e-03    1.12e-02    6.77e-02    3.96e-01    1.92e-01    6.00e-01        2.19
  57      -197.936270559   -5.48e-04    1.12e-02    6.73e-02    2.05e-01    6.19e-02    6.00e-01        2.18
  58      -197.936497880   -2.27e-04    1.11e-02    6.69e-02    1.95e-01    5.74e-02    6.00e-01        2.16
  59      -197.936382881    1.15e-04    1.11e-02    6.68e-02    6.21e-02    1.95e-02    6.00e-01        2.13
  60      -197.936747882   -3.65e-04    1.11e-02    6.69e-02    9.18e-02    4.63e-02    6.00e-01        2.19
  61      -197.937480836   -7.33e-04    1.11e-02    6.70e-02    1.67e-01    8.37e-02    6.00e-01        2.24
  62      -197.938243891   -7.63e-04    1.11e-02    6.69e-02    1.58e-01    8.11e-02    6.00e-01        2.25
  63      -197.938906604   -6.63e-04    1.11e-02    6.68e-02    1.32e-01    5.90e-02    6.00e-01        2.23
  64      -197.939233745   -3.27e-04    1.10e-02    6.66e-02    8.02e-02    5.36e-02    6.00e-01        2.19
Rejecting step due to low quality: Quality: -9.42623 New trust radius: 0.0269822
  65      -197.939211705    2.20e-05    1.10e-02    6.66e-02    5.40e-02    3.35e-02    2.70e-02        2.14
Rejecting step due to low quality: Quality: -3.60849 New trust radius: 0.0134551
  66      -197.939229225    4.52e-06    1.10e-02    6.66e-02    2.69e-02    1.68e-02    1.35e-02        2.23
  67      -197.939233121    6.24e-07    1.10e-02    6.66e-02    1.34e-02    8.36e-03    6.70e-03        2.28
  68      -197.939230730    2.39e-06    1.10e-02    6.66e-02    1.94e-03    1.11e-03    6.70e-03        2.04
  69      -197.939241855   -1.11e-05    1.10e-02    6.66e-02    6.71e-03    3.06e-03    9.48e-03        2.23
  70      -197.939263249   -2.14e-05    1.10e-02    6.66e-02    9.50e-03    5.17e-03    1.34e-02        2.19
  71      -197.939296328   -3.31e-05    1.10e-02    6.66e-02    1.34e-02    7.83e-03    1.90e-02        2.28
  72      -197.939353872   -5.75e-05    1.10e-02    6.65e-02    1.90e-02    2.14e-02    2.68e-02        2.32
  73      -197.939354127   -2.55e-07    1.10e-02    6.64e-02    2.68e-02    1.84e-02    2.68e-02        2.34
  74      -197.939402778   -4.87e-05    1.10e-02    6.65e-02    2.72e-02    2.31e-02    3.79e-02        2.55
  75      -197.939525561   -1.23e-04    1.10e-02    6.65e-02    3.84e-02    3.17e-02    5.36e-02        2.32
  76      -197.939786859   -2.61e-04    1.10e-02    6.65e-02    5.47e-02    4.35e-02    7.58e-02        2.31
  77      -197.940103432   -3.17e-04    1.10e-02    6.66e-02    7.74e-02    7.32e-02    1.07e-01        2.31
  78      -197.940253513   -1.50e-04    1.10e-02    6.64e-02    1.07e-01    1.52e-01    1.52e-01        2.31
  79      -197.940296715   -4.32e-05    1.10e-02    6.64e-02    3.79e-02    3.83e-02    1.52e-01        2.17
  80      -197.940294782    1.93e-06    1.10e-02    6.64e-02    2.97e-02    1.16e-02    1.52e-01        2.13
  81      -197.940316335   -2.16e-05    1.10e-02    6.64e-02    3.53e-02    1.42e-02    1.52e-01        6.65
  82      -197.940330826   -1.45e-05    1.10e-02    6.64e-02    3.19e-02    2.27e-02    1.52e-01        2.72
  83      -197.940337773   -6.95e-06    1.10e-02    6.63e-02    2.22e-02    1.70e-02    1.52e-01        2.56
  84      -197.940342612   -4.84e-06    1.10e-02    6.63e-02    2.08e-02    2.18e-02    1.52e-01        2.55
  85      -197.940352219   -9.61e-06    1.10e-02    6.63e-02    2.54e-02    3.78e-02    1.52e-01        2.67
  86      -197.940395925   -4.37e-05    1.10e-02    6.63e-02    4.90e-02    8.34e-02    1.52e-01        2.74
  87      -197.940442057   -4.61e-05    1.10e-02    6.62e-02    4.81e-02    7.71e-02    1.52e-01        2.71
  88      -197.940467116   -2.51e-05    1.09e-02    6.62e-02    3.47e-02    5.31e-02    1.52e-01        2.73
  89      -197.940474856   -7.74e-06    1.09e-02    6.62e-02    2.02e-02    3.01e-02    1.52e-01        2.66
  90      -197.940471399    3.46e-06    1.09e-02    6.62e-02    4.79e-03    5.31e-03    1.52e-01        2.69
  91      -197.940480125   -8.73e-06    1.09e-02    6.62e-02    5.00e-03    8.47e-03    1.52e-01        2.71
  92      -197.940500243   -2.01e-05    1.09e-02    6.62e-02    1.59e-02    1.95e-02    1.52e-01        2.71
  93      -197.940517096   -1.69e-05    1.09e-02    6.62e-02    2.15e-02    2.91e-02    1.52e-01        2.67
  94      -197.940525062   -7.97e-06    1.09e-02    6.62e-02    2.20e-02    2.60e-02    1.52e-01        2.67
  95      -197.940524050    1.01e-06    1.09e-02    6.62e-02    1.08e-02    7.87e-03    1.52e-01        2.59
  96      -197.940525625   -1.58e-06    1.09e-02    6.62e-02    7.73e-03    4.50e-03    1.52e-01        2.63
  97      -197.940528442   -2.82e-06    1.09e-02    6.62e-02    1.16e-02    4.76e-03    1.52e-01        2.69
  98      -197.940533223   -4.78e-06    1.09e-02    6.62e-02    1.86e-02    6.63e-03    1.52e-01        2.70
  99      -197.940540026   -6.80e-06    1.09e-02    6.62e-02    2.48e-02    8.65e-03    1.52e-01        2.69
 100      -197.940547464   -7.44e-06    1.09e-02    6.62e-02    2.86e-02    8.42e-03    1.52e-01        2.71
 101      -197.940558637   -1.12e-05    1.09e-02    6.62e-02    4.03e-02    1.15e-02    1.52e-01        2.69
 102      -197.940569735   -1.11e-05    1.09e-02    6.62e-02    4.51e-02    1.41e-02    1.52e-01        2.68
 103      -197.940586495   -1.68e-05    1.09e-02    6.62e-02    6.28e-02    2.46e-02    1.52e-01        2.69
 104      -197.940601080   -1.46e-05    1.10e-02    6.61e-02    6.55e-02    2.95e-02    1.52e-01        2.70
 105      -197.940625007   -2.39e-05    1.10e-02    6.61e-02    9.38e-02    5.00e-02    1.52e-01        2.76
 106      -197.940644184   -1.92e-05    1.10e-02    6.61e-02    9.65e-02    8.00e-02    1.52e-01        2.69
 107      -197.940667845   -2.37e-05    1.10e-02    6.61e-02    1.07e-01    1.69e-01    1.52e-01        2.74
 108      -197.940695600   -2.78e-05    1.10e-02    6.60e-02    6.79e-02    1.83e-01    1.52e-01        2.74
 109      -197.940769082   -7.35e-05    1.10e-02    6.61e-02    1.25e-01    2.76e-01    1.52e-01        2.74
 110      -197.941073016   -3.04e-04    1.10e-02    6.63e-02    1.53e-01    3.72e-01    2.14e-01        2.91
 111      -197.941299649   -2.27e-04    1.10e-02    6.63e-02    2.15e-01    4.81e-01    3.03e-01        2.88
 112      -197.941333691   -3.40e-05    1.10e-02    6.62e-02    4.67e-02    5.25e-02    3.03e-01        1.83
 113      -197.941815217   -4.82e-04    1.10e-02    6.66e-02    3.03e-01    4.23e-01    4.29e-01        2.04
 114      -197.942971646   -1.16e-03    1.10e-02    6.66e-02    4.32e-01    5.19e-01    6.00e-01        2.29
 115      -197.944732713   -1.76e-03    1.10e-02    6.68e-02    6.03e-01    4.59e-01    6.00e-01        2.54
 116      -197.945249733   -5.17e-04    1.11e-02    6.77e-02    3.45e-01    4.14e-01    6.00e-01        1.92
 117      -197.946202544   -9.53e-04    1.11e-02    6.76e-02    6.44e-01    5.89e-01    6.00e-01        2.73
 118      -197.947126259   -9.24e-04    1.11e-02    6.76e-02    1.29e-01    7.14e-02    6.00e-01        1.88
 119      -197.948935377   -1.81e-03    1.11e-02    6.76e-02    2.08e-01    1.41e-01    6.00e-01        1.90
 120      -197.949364699   -4.29e-04    1.11e-02    6.73e-02    1.99e-01    7.85e-02    6.00e-01        1.85
 121      -197.949540636   -1.76e-04    1.10e-02    6.71e-02    2.19e-01    9.59e-02    6.00e-01        1.86
 122      -197.949854781   -3.14e-04    1.12e-02    6.76e-02    5.27e-01    3.29e-01    6.00e-01        1.89
 123      -197.950056211   -2.01e-04    1.12e-02    6.76e-02    4.12e-01    1.93e-01    6.00e-01        1.89
 124      -197.949962351    9.39e-05    1.12e-02    6.76e-02    4.71e-02    2.84e-02    6.00e-01        1.81
 125      -197.950331932   -3.70e-04    1.12e-02    6.78e-02    2.19e-01    8.04e-02    6.00e-01        1.84
 126      -197.950566825   -2.35e-04    1.12e-02    6.78e-02    1.86e-01    4.65e-02    6.00e-01        1.88
 127      -197.950578446   -1.16e-05    1.12e-02    6.77e-02    1.05e-01    5.14e-02    6.00e-01        1.89
 128      -197.950969317   -3.91e-04    1.12e-02    6.80e-02    3.32e-01    1.88e-01    6.00e-01        1.89
 129      -197.951012045   -4.27e-05    1.12e-02    6.79e-02    5.86e-02    6.91e-02    6.00e-01        1.87
 130      -197.951155891   -1.44e-04    1.12e-02    6.79e-02    1.11e-01    1.22e-01    6.00e-01        1.89
 131      -197.951193169   -3.73e-05    1.12e-02    6.79e-02    5.42e-02    7.62e-02    6.00e-01        1.85
 132      -197.951321289   -1.28e-04    1.12e-02    6.78e-02    1.10e-01    1.59e-01    6.00e-01        1.87
 133      -197.952266203   -9.45e-04    1.11e-02    6.77e-02    3.11e-01    4.84e-01    6.00e-01        2.16
 134      -197.952354085   -8.79e-05    1.11e-02    6.76e-02    9.55e-02    1.51e-01    6.00e-01        1.91
 135      -197.955142898   -2.79e-03    1.10e-02    6.66e-02    5.37e-01    1.13e+00    6.00e-01        2.20
 136      -197.957960844   -2.82e-03    1.09e-02    6.59e-02    6.04e-01    7.91e-01    6.00e-01        3.41
 137      -197.961130327   -3.17e-03    1.07e-02    6.43e-02    4.73e-01    5.38e-01    6.00e-01        2.20
 138      -197.963240620   -2.11e-03    1.05e-02    6.18e-02    6.05e-01    4.39e-01    6.00e-01        2.36
 139      -197.964655915   -1.42e-03    1.04e-02    6.18e-02    2.64e-01    1.17e-01    6.00e-01        5.41
 140      -197.966038827   -1.38e-03    1.03e-02    6.18e-02    2.79e-01    1.89e-01    6.00e-01        1.90
 141      -197.967315445   -1.28e-03    1.02e-02    6.04e-02    6.00e-01    3.37e-01    6.00e-01        2.04
 142      -197.967938386   -6.23e-04    1.02e-02    5.98e-02    2.40e-01    2.30e-01    6.00e-01        1.86
 143      -197.967695364    2.43e-04    1.03e-02    5.92e-02    1.42e-01    1.58e-01    6.00e-01        2.88
 144      -197.967960635   -2.65e-04    1.02e-02    5.95e-02    9.34e-02    9.29e-02    6.00e-01        1.89
 145      -197.968226289   -2.66e-04    1.02e-02    5.97e-02    9.61e-02    7.93e-02    6.00e-01        3.17
 146      -197.968682734   -4.56e-04    1.02e-02    5.97e-02    1.80e-01    9.19e-02    6.00e-01        1.93
 147      -197.969626185   -9.43e-04    1.01e-02    5.91e-02    3.67e-01    2.02e-01    6.00e-01        2.90
 148      -197.970290256   -6.64e-04    1.01e-02    5.84e-02    2.50e-01    1.39e-01    6.00e-01       15.03
 149      -197.971544181   -1.25e-03    9.93e-03    5.77e-02    3.03e-01    1.59e-01    6.00e-01       13.98
 150      -197.972506990   -9.63e-04    9.94e-03    5.78e-02    2.89e-01    7.40e-02    6.00e-01        3.82
 151      -197.972645124   -1.38e-04    9.94e-03    5.77e-02    5.14e-02    1.46e-02    6.00e-01       19.69
 152      -197.972760196   -1.15e-04    9.95e-03    5.77e-02    4.36e-02    1.31e-02    6.00e-01       19.42
 153      -197.972783266   -2.31e-05    9.95e-03    5.77e-02    6.21e-03    2.82e-03    6.00e-01        8.95
 154      -197.972800194   -1.69e-05    9.95e-03    5.77e-02    5.52e-03    3.29e-03    6.00e-01        7.60
 155      -197.972812115   -1.19e-05    9.95e-03    5.78e-02    5.12e-03    4.01e-03    6.00e-01       11.60
 156      -197.972807772    4.34e-06    9.95e-03    5.78e-02    1.34e-03    1.18e-03    6.00e-01       13.80
 157      -197.972833333   -2.56e-05    9.95e-03    5.78e-02    8.99e-03    2.41e-03    6.00e-01        8.95
 158      -197.972842841   -9.51e-06    9.95e-03    5.78e-02    2.42e-03    8.06e-04    6.00e-01        6.27
 159      -197.972855719   -1.29e-05    9.95e-03    5.78e-02    3.55e-03    1.43e-03    6.00e-01        6.29
 160      -197.972866426   -1.07e-05    9.96e-03    5.78e-02    3.42e-03    1.55e-03    6.00e-01        6.05
 161      -197.972873737   -7.31e-06    9.96e-03    5.79e-02    2.96e-03    1.43e-03    6.00e-01        6.08
 162      -197.972878232   -4.49e-06    9.96e-03    5.79e-02    2.47e-03    1.25e-03    6.00e-01        6.02
 163      -197.972880476   -2.24e-06    9.96e-03    5.79e-02    1.94e-03    1.01e-03    6.00e-01        6.09
 164      -197.972881175   -7.00e-07    9.96e-03    5.79e-02    1.35e-03    7.05e-04    6.00e-01        6.10
 165      -197.972881107    6.85e-08    9.96e-03    5.79e-02    6.83e-04    3.44e-04    6.00e-01        5.97
 166      -197.972881178   -7.11e-08    9.96e-03    5.79e-02    1.96e-04    1.54e-04    6.00e-01        5.96
 167      -197.972881534   -3.56e-07    9.96e-03    5.79e-02    5.64e-04    3.03e-04    6.00e-01        6.16
 168      -197.972881858   -3.24e-07    9.96e-03    5.79e-02    4.85e-04    2.58e-04    6.00e-01        6.11
 169      -197.972882508   -6.49e-07    9.96e-03    5.79e-02    6.83e-04    3.15e-04    6.00e-01        5.84
 170      -197.972884353   -1.85e-06    9.96e-03    5.79e-02    1.45e-03    5.80e-04    6.00e-01        5.82
 171      -197.972887095   -2.74e-06    9.96e-03    5.79e-02    1.90e-03    6.91e-04    6.00e-01        5.92
 172      -197.972891377   -4.28e-06    9.96e-03    5.78e-02    2.61e-03    9.05e-04    6.00e-01        6.52
 173      -197.972898515   -7.14e-06    9.95e-03    5.78e-02    3.60e-03    1.31e-03    6.00e-01        6.63
 174      -197.972907580   -9.06e-06    9.95e-03    5.78e-02    4.14e-03    1.46e-03    6.00e-01        7.48
 175      -197.972919155   -1.16e-05    9.95e-03    5.78e-02    4.87e-03    1.69e-03    6.00e-01        7.51
 176      -197.972933943   -1.48e-05    9.95e-03    5.77e-02    5.70e-03    1.98e-03    6.00e-01        7.56
 177      -197.972952289   -1.83e-05    9.95e-03    5.77e-02    6.60e-03    2.30e-03    6.00e-01        7.65
 178      -197.972974305   -2.20e-05    9.95e-03    5.76e-02    7.50e-03    2.60e-03    6.00e-01        9.40
 179      -197.973000180   -2.59e-05    9.95e-03    5.76e-02    8.44e-03    2.89e-03    6.00e-01        9.37
 180      -197.973030068   -2.99e-05    9.95e-03    5.75e-02    9.43e-03    3.19e-03    6.00e-01        9.24
 181      -197.973064110   -3.40e-05    9.95e-03    5.75e-02    1.05e-02    3.48e-03    6.00e-01       12.94
 182      -197.973102462   -3.84e-05    9.95e-03    5.74e-02    1.16e-02    3.83e-03    6.00e-01       19.82
 183      -197.973332110   -2.30e-04    9.94e-03    5.72e-02    4.08e-02    1.90e-02    6.00e-01       18.95
 184      -197.973365384   -3.33e-05    9.94e-03    5.71e-02    1.11e-02    3.56e-03    6.00e-01        9.26
 185      -197.973406338   -4.10e-05    9.94e-03    5.70e-02    1.29e-02    4.05e-03    6.00e-01       12.77
 186      -197.973453509   -4.72e-05    9.94e-03    5.69e-02    1.44e-02    4.55e-03    6.00e-01       10.17
 187      -197.973506572   -5.31e-05    9.94e-03    5.68e-02    1.59e-02    4.85e-03    6.00e-01       12.89
 188      -197.973565253   -5.87e-05    9.94e-03    5.67e-02    1.73e-02    5.16e-03    6.00e-01       12.92
 189      -197.973628307   -6.31e-05    9.94e-03    5.66e-02    1.85e-02    5.37e-03    6.00e-01       13.14
 190      -197.973694864   -6.66e-05    9.94e-03    5.65e-02    1.95e-02    6.49e-03    6.00e-01       12.96
 191      -197.973708833   -1.40e-05    9.94e-03    5.65e-02    2.81e-03    1.03e-03    6.00e-01        6.28
 192      -197.973740187   -3.14e-05    9.93e-03    5.64e-02    5.67e-03    2.14e-03    6.00e-01        7.53
 193      -197.973787996   -4.78e-05    9.93e-03    5.63e-02    7.75e-03    3.06e-03    6.00e-01        6.67
 194      -197.973844252   -5.63e-05    9.93e-03    5.62e-02    8.82e-03    3.68e-03    6.00e-01        6.52
 195      -197.973907770   -6.35e-05    9.93e-03    5.61e-02    1.00e-02    4.65e-03    6.00e-01        6.36
 196      -197.973975531   -6.78e-05    9.93e-03    5.60e-02    1.10e-02    5.57e-03    6.00e-01        6.20
 197      -197.974048216   -7.27e-05    9.93e-03    5.59e-02    1.24e-02    6.62e-03    6.00e-01        6.08
 198      -197.974121379   -7.32e-05    9.93e-03    5.58e-02    1.31e-02    7.14e-03    6.00e-01        6.07
 199      -197.974197380   -7.60e-05    9.93e-03    5.56e-02    1.42e-02    8.37e-03    6.00e-01        6.24
 200      -197.974273370   -7.60e-05    9.93e-03    5.55e-02    1.51e-02    9.08e-03    6.00e-01        6.19
 201      -197.974348934   -7.56e-05    9.94e-03    5.54e-02    1.59e-02    9.67e-03    6.00e-01        6.24
 202      -197.974423885   -7.50e-05    9.94e-03    5.53e-02    1.67e-02    1.04e-02    6.00e-01        6.31
 203      -197.974497075   -7.32e-05    9.94e-03    5.51e-02    1.74e-02    1.09e-02    6.00e-01        6.36
 204      -197.974567496   -7.04e-05    9.94e-03    5.50e-02    1.79e-02    1.14e-02    6.00e-01        6.09
 205      -197.974592879   -2.54e-05    9.94e-03    5.50e-02    8.37e-03    1.67e-03    6.00e-01        7.66
 206      -197.974633237   -4.04e-05    9.93e-03    5.48e-02    1.20e-02    2.54e-03    6.00e-01        9.41
 207      -197.974678451   -4.52e-05    9.93e-03    5.47e-02    1.37e-02    2.67e-03    6.00e-01        9.46
 208      -197.974723885   -4.54e-05    9.93e-03    5.46e-02    1.42e-02    2.66e-03    6.00e-01        9.41
 209      -197.974768725   -4.48e-05    9.93e-03    5.44e-02    1.48e-02    2.62e-03    6.00e-01        9.43
 210      -197.974812279   -4.36e-05    9.93e-03    5.43e-02    1.53e-02    2.54e-03    6.00e-01        9.42
 211      -197.974854075   -4.18e-05    9.93e-03    5.42e-02    1.57e-02    2.46e-03    6.00e-01       12.95
 212      -197.974893741   -3.97e-05    9.93e-03    5.41e-02    1.61e-02    2.34e-03    6.00e-01       12.67
 213      -197.974930915   -3.72e-05    9.92e-03    5.40e-02    1.63e-02    2.21e-03    6.00e-01       12.69
 214      -197.974965271   -3.44e-05    9.92e-03    5.39e-02    1.65e-02    2.07e-03    6.00e-01       12.72
 215      -197.974996476   -3.12e-05    9.92e-03    5.38e-02    1.64e-02    1.92e-03    6.00e-01       13.00
 216      -197.975024229   -2.78e-05    9.92e-03    5.37e-02    1.62e-02    1.76e-03    6.00e-01       13.01
 217      -197.975048328   -2.41e-05    9.92e-03    5.36e-02    1.57e-02    1.61e-03    6.00e-01       13.02
 218      -197.975068355   -2.00e-05    9.92e-03    5.35e-02    1.49e-02    1.44e-03    6.00e-01       12.95
 219      -197.975084644   -1.63e-05    9.92e-03    5.34e-02    1.40e-02    1.44e-03    6.00e-01       12.77
 220      -197.975096411   -1.18e-05    9.92e-03    5.34e-02    1.23e-02    1.29e-03    6.00e-01       12.79
 221      -197.975104890   -8.48e-06    9.92e-03    5.33e-02    1.07e-02    1.22e-03    6.00e-01       12.79
 222      -197.975109671   -4.78e-06    9.91e-03    5.33e-02    8.29e-03    9.85e-04    6.00e-01        9.28
 223      -197.975111842   -2.17e-06    9.91e-03    5.33e-02    5.85e-03    7.30e-04    6.00e-01        9.36
 224      -197.975112303   -4.61e-07    9.91e-03    5.32e-02    3.31e-03    4.45e-04    6.00e-01        7.62
 225      -197.975112120    1.83e-07    9.91e-03    5.32e-02    7.59e-04    1.20e-04    6.00e-01        6.40
 226      -197.975113379   -1.26e-06    9.91e-03    5.32e-02    1.90e-03    3.48e-04    6.00e-01        6.63
 227      -197.975117077   -3.70e-06    9.91e-03    5.32e-02    3.08e-03    7.91e-04    6.00e-01        7.71
 228      -197.975132667   -1.56e-05    9.91e-03    5.32e-02    6.46e-03    2.13e-03    6.00e-01        6.38
 229      -197.975135750   -3.08e-06    9.92e-03    5.33e-02    4.11e-03    7.39e-04    6.00e-01        7.75
 230      -197.975142855   -7.10e-06    9.92e-03    5.33e-02    7.22e-03    1.15e-03    6.00e-01        9.43
 231      -197.975157709   -1.49e-05    9.92e-03    5.33e-02    1.16e-02    1.91e-03    6.00e-01        9.58
 232      -197.975177254   -1.95e-05    9.92e-03    5.33e-02    1.38e-02    2.24e-03    6.00e-01       10.83
 233      -197.975202113   -2.49e-05    9.92e-03    5.34e-02    1.58e-02    2.45e-03    6.00e-01       10.33
 234      -197.975233705   -3.16e-05    9.92e-03    5.34e-02    1.80e-02    2.82e-03    6.00e-01       13.04
 235      -197.975272256   -3.86e-05    9.92e-03    5.34e-02    2.00e-02    3.15e-03    6.00e-01       12.15
 236      -197.975318051   -4.58e-05    9.92e-03    5.34e-02    2.17e-02    3.47e-03    6.00e-01        9.82
 237      -197.975371047   -5.30e-05    9.93e-03    5.34e-02    2.32e-02    3.74e-03    6.00e-01        9.35
 238      -197.975430896   -5.98e-05    9.93e-03    5.34e-02    2.44e-02    3.96e-03    6.00e-01        9.33
 239      -197.975497180   -6.63e-05    9.93e-03    5.34e-02    2.54e-02    4.13e-03    6.00e-01        9.41
 240      -197.975569408   -7.22e-05    9.93e-03    5.33e-02    2.61e-02    4.25e-03    6.00e-01        9.37
 241      -197.975647026   -7.76e-05    9.93e-03    5.33e-02    2.66e-02    4.34e-03    6.00e-01        9.14
 242      -197.975729408   -8.24e-05    9.93e-03    5.32e-02    2.69e-02    4.38e-03    6.00e-01        7.50
 243      -197.975815845   -8.64e-05    9.93e-03    5.32e-02    2.70e-02    4.38e-03    6.00e-01        7.65
 244      -197.975905610   -8.98e-05    9.94e-03    5.31e-02    2.70e-02    4.36e-03    6.00e-01        7.64
 245      -197.975997958   -9.23e-05    9.94e-03    5.30e-02    2.69e-02    4.31e-03    6.00e-01        6.90
 246      -197.976092163   -9.42e-05    9.94e-03    5.29e-02    2.66e-02    4.24e-03    6.00e-01        6.69
 247      -197.976187534   -9.54e-05    9.94e-03    5.29e-02    2.64e-02    4.16e-03    6.00e-01        6.60
 248      -197.976283442   -9.59e-05    9.94e-03    5.28e-02    2.61e-02    4.06e-03    6.00e-01        6.50
 249      -197.976379322   -9.59e-05    9.94e-03    5.26e-02    2.57e-02    3.97e-03    6.00e-01        6.28
 250      -197.976474697   -9.54e-05    9.94e-03    5.25e-02    2.54e-02    3.87e-03    6.00e-01        6.27
 251      -197.976569172   -9.45e-05    9.94e-03    5.24e-02    2.51e-02    3.77e-03    6.00e-01        6.08
 252      -197.976662426   -9.33e-05    9.94e-03    5.23e-02    2.48e-02    3.68e-03    6.00e-01        6.13
 253      -197.976754207   -9.18e-05    9.94e-03    5.22e-02    2.45e-02    3.59e-03    6.00e-01        7.19
 254      -197.976844334   -9.01e-05    9.94e-03    5.21e-02    2.43e-02    3.50e-03    6.00e-01       10.07
 255      -197.976932674   -8.83e-05    9.95e-03    5.19e-02    2.40e-02    3.41e-03    6.00e-01       12.48
 256      -197.977019133   -8.65e-05    9.95e-03    5.18e-02    2.38e-02    3.33e-03    6.00e-01       15.17
 257      -197.977103647   -8.45e-05    9.95e-03    5.17e-02    2.36e-02    3.29e-03    6.00e-01       18.10
 258      -197.977908822   -8.05e-04    9.92e-03    5.00e-02    1.88e-01    7.99e-02    6.00e-01       19.04
 259      -197.978102658   -1.94e-04    9.92e-03    4.95e-02    5.65e-02    1.18e-02    6.00e-01        6.81
 260      -197.978278489   -1.76e-04    9.92e-03    4.91e-02    4.48e-02    9.80e-03    6.00e-01        6.86
 261      -197.978467817   -1.89e-04    9.91e-03    4.86e-02    4.81e-02    1.18e-02    6.00e-01        6.91
 262      -197.978668792   -2.01e-04    9.91e-03    4.81e-02    4.96e-02    1.31e-02    6.00e-01        6.84
 263      -197.978882774   -2.14e-04    9.90e-03    4.75e-02    5.46e-02    1.56e-02    6.00e-01        8.62
 264      -197.979112447   -2.30e-04    9.90e-03    4.69e-02    5.85e-02    1.84e-02    6.00e-01        8.54
 265      -197.979356356   -2.44e-04    9.89e-03    4.68e-02    6.67e-02    2.21e-02    6.00e-01        8.38
 266      -197.979600473   -2.44e-04    9.88e-03    4.66e-02    7.10e-02    2.29e-02    6.00e-01       12.26
 267      -197.979833812   -2.33e-04    9.88e-03    4.65e-02    7.07e-02    2.26e-02    6.00e-01       10.16
 268      -197.980044984   -2.11e-04    9.87e-03    4.64e-02    6.97e-02    1.94e-02    6.00e-01       12.25
 269      -197.980247059   -2.02e-04    9.86e-03    4.63e-02    6.99e-02    2.08e-02    6.00e-01       12.14
 270      -197.980427333   -1.80e-04    9.86e-03    4.61e-02    6.25e-02    1.86e-02    6.00e-01       12.16
 271      -197.980593955   -1.67e-04    9.85e-03    4.60e-02    5.83e-02    1.84e-02    6.00e-01       12.09
 272      -197.980742293   -1.48e-04    9.85e-03    4.59e-02    5.08e-02    1.57e-02    6.00e-01       12.10
 273      -197.980876261   -1.34e-04    9.84e-03    4.58e-02    4.84e-02    1.47e-02    6.00e-01       12.06
 274      -197.980996221   -1.20e-04    9.84e-03    4.57e-02    4.43e-02    1.32e-02    6.00e-01       12.12
 275      -197.981105248   -1.09e-04    9.83e-03    4.56e-02    4.36e-02    1.23e-02    6.00e-01       12.10
 276      -197.981206849   -1.02e-04    9.83e-03    4.55e-02    4.26e-02    1.17e-02    6.00e-01       12.12
 277      -197.981299428   -9.26e-05    9.82e-03    4.54e-02    4.26e-02    1.09e-02    6.00e-01       13.06
 278      -197.981386462   -8.70e-05    9.82e-03    4.53e-02    4.25e-02    9.82e-03    6.00e-01       18.55
 279      -197.981461613   -7.52e-05    9.81e-03    4.52e-02    4.10e-02    9.65e-03    6.00e-01       18.94
 280      -197.981535257   -7.36e-05    9.81e-03    4.50e-02    4.20e-02    8.37e-03    6.00e-01       19.09
 281      -197.981593265   -5.80e-05    9.80e-03    4.49e-02    3.88e-02    9.17e-03    6.00e-01       19.19
 282      -197.981660909   -6.76e-05    9.80e-03    4.48e-02    4.47e-02    8.17e-03    6.00e-01       19.38
 283      -197.981670879   -9.97e-06    9.80e-03    4.48e-02    5.71e-03    1.46e-03    6.00e-01       18.88
 284      -197.981676358   -5.48e-06    9.80e-03    4.48e-02    5.45e-03    1.05e-03    6.00e-01       12.43
 285      -197.981679663   -3.30e-06    9.80e-03    4.48e-02    4.50e-03    8.92e-04    6.00e-01       11.76
 286      -197.981682786   -3.12e-06    9.80e-03    4.48e-02    5.49e-03    8.97e-04    6.00e-01       20.02
 287      -197.981684838   -2.05e-06    9.80e-03    4.48e-02    4.29e-03    8.06e-04    6.00e-01       20.18
 288      -197.981721565   -3.67e-05    9.80e-03    4.47e-02    3.66e-02    9.58e-03    6.00e-01       18.92
 289      -197.981763762   -4.22e-05    9.79e-03    4.46e-02    3.37e-02    6.78e-03    6.00e-01       19.01
 290      -197.981796290   -3.25e-05    9.79e-03    4.45e-02    3.23e-02    6.20e-03    6.00e-01       18.95
 291      -197.981802987   -6.70e-06    9.79e-03    4.45e-02    5.90e-03    1.48e-03    6.00e-01        9.36
 292      -197.981806070   -3.08e-06    9.79e-03    4.44e-02    4.31e-03    1.00e-03    6.00e-01        9.35
 293      -197.981807060   -9.89e-07    9.79e-03    4.44e-02    2.21e-03    7.11e-04    6.00e-01        7.56
 294      -197.981807424   -3.64e-07    9.79e-03    4.44e-02    1.82e-03    5.17e-04    6.00e-01        7.53
 295      -197.981807849   -4.25e-07    9.79e-03    4.44e-02    1.59e-03    4.58e-04    6.00e-01        6.70
 296      -197.981808032   -1.83e-07    9.79e-03    4.44e-02    1.54e-03    3.47e-04    6.00e-01        7.49
 297      -197.981808868   -8.36e-07    9.79e-03    4.44e-02    3.31e-03    7.72e-04    6.00e-01       10.09
 298      -197.981808890   -2.17e-08    9.79e-03    4.44e-02    7.23e-04    1.75e-04    6.00e-01        6.33
 299      -197.981854416   -4.55e-05    9.78e-03    4.43e-02    3.70e-02    8.25e-03    6.00e-01       19.23
 300      -197.981858596   -4.18e-06    9.78e-03    4.43e-02    5.23e-03    1.29e-03    6.00e-01        7.64
 Geometry optimization stopped:          too many iterations

 Non-converged energy:                -197.981858596

 -----------------------------------
  Non-converged coordinates summary 
 -----------------------------------
 Total coordinates:                    881
 Bond distances:                       148
 Bond angles:                          282
 Dihedral angles:                      417
 Linear bond angles:                     4
 Out-of-plane bends:                    24
 Translations:                           3
 Rotations:                              3

 -------------------
  Non-converged XYZ 
 -------------------
140
Non-converged structure: -197.982 hartree
Mg          -3.098920044         16.758171393         27.318732547
C           -3.071327800         15.697736567         30.521140852
C           -5.070197072         19.492544763         28.257587907
C           -2.894150603         17.914669249         24.141259914
C           -0.801295058         14.275891604         26.420188103
N           -4.117892482         17.454739246         29.212330104
C           -3.873446498         16.865313834         30.431692957
C           -4.459833642         17.813741529         31.508367627
C           -5.453816729         18.746549734         30.699122954
C           -4.900497254         18.552897275         29.286064356
C           -6.953635509         18.270805418         30.766849250
C           -3.303819310         18.615908787         32.272761435
C           -3.141768229         18.566548942         33.821181819
C           -1.780786480         19.226767293         34.217307405
O           -0.916462450         19.541064826         33.439055467
O           -1.607095222         19.374288458         35.587211263
N           -3.704600278         18.517881871         26.380594304
C           -4.541692476         19.482318079         26.935681304
C           -4.767384538         20.531601560         25.917149963
C           -4.120131900         20.149258332         24.741253865
C           -3.520441462         18.813155030         25.040737823
C           -5.493113626         21.814911878         26.175367814
C           -3.874011027         20.703426720         23.407563875
O           -2.882036085         20.374572812         22.787226772
C           -4.608017499         21.764720906         22.773508296
N           -2.051864105         16.183841979         25.555121635
C           -2.280866616         16.735892775         24.362379675
C           -1.825640689         15.850176991         23.199769439
C           -0.854029566         14.874282126         23.935147445
C           -1.291692344         15.045291380         25.415065239
C           -3.032558787         15.208984831         22.452231356
C            0.642291121         15.262137706         23.828072777
C            0.906433151         16.486792489         24.677470038
N           -2.204972024         15.170240919         28.195631760
C           -1.195566521         14.334187616         27.794968336
C           -0.696290456         13.623315703         28.920525680
C           -1.420778690         14.047086545         30.007465287
C           -2.350007406         15.001938958         29.513359238
C            0.450005676         12.692522236         28.928398374
C           -1.687229285         13.888408431         31.375616043
O           -1.248536648         13.060957561         32.144875979
C           -2.778977064         14.932741029         31.832977645
C           -2.000850281         15.640898593         32.898484074
O           -1.157124112         16.489348886         32.728866506
O           -2.279397736         15.068547109         34.130618356
C           -1.344105291         15.335508878         35.216404977
C           -0.273627968         19.842547321         36.015000767
C           -0.519059308         20.350200388         37.433155258
C           -1.164324307         19.703520124         38.432337995
C           -1.753358595         18.285918407         38.329441370
C           -1.386652132         20.371095424         39.770580815
C           -0.532743873         19.796798560         40.970894128
C            0.952775137         20.300639846         40.913986928
C            1.195923577         21.230222639         42.148280050
C            0.358166819         22.504233746         41.912536129
C            2.714599924         21.462041870         42.387635156
C            3.011665379         21.604196623         43.832801965
C            4.510472366         21.933328566         44.059157363
C            4.969619641         21.771723246         45.548899708
C            5.712084065         23.017547327         45.999139000
C            5.841501922         20.519293753         45.690027058
C            4.959551357         19.308372421         45.415807895
C            5.202147651         18.315627720         44.216376946
C            5.716004120         18.704581054         42.806599940
C            5.622707909         17.495416505         41.874633475
C            7.133141952         19.340150469         42.805934481
H           -5.747042081         20.337688703         28.471668727
H           -2.929894469         18.246359166         23.099994520
H           -0.059157071         13.516624557         26.177013565
H           -4.941598549         17.147998591         32.250140286
H           -5.337707019         19.831252847         30.893673203
H           -7.615971974         18.881219163         30.122734880
H           -7.238536593         18.371562304         31.827518631
H           -6.960417338         17.223179387         30.408090008
H           -3.441237709         19.673804670         31.980383351
H           -2.350165783         18.332946260         31.786753646
H           -3.175346612         17.528835022         34.194378952
H           -3.917666107         19.115917366         34.382806288
H           -4.907628772         22.654613280         25.768884489
H           -5.690733578         21.960597458         27.244321543
H           -6.462417536         21.774039358         25.657149851
H           -5.680587692         21.821965281         23.000849537
H           -4.508296652         21.649329019         21.687338302
H           -4.133535453         22.725365134         23.012098010
H           -1.296061618         16.438939101         22.443931120
H           -1.034998959         13.839297200         23.628970314
H           -3.144299623         15.464676641         21.396944284
H           -3.973954265         15.501440202         22.930896472
H           -2.948057243         14.128308610         22.588799564
H            0.989875224         15.423082896         22.802979835
H            1.220953447         14.437139139         24.251163799
H            0.806191325         16.322626371         25.746644032
H            0.423683705         17.366942889         24.233110646
H            1.965367627         16.747453043         24.595689394
H            0.984779776         12.624713231         27.978141383
H            0.151637574         11.712121118         29.308107279
H            1.165063472         13.071218457         29.668023118
H           -3.595989417         14.408501838         32.351597676
H           -1.351288240         14.555713068         35.997030710
H           -1.626885867         16.255293957         35.758801808
H           -0.301205908         15.440964696         34.879074481
H            0.074379766         20.647783790         35.349532001
H            0.359314244         18.939678830         35.951513470
H           -0.238996948         21.387788195         37.669691642
H           -2.782559601         18.335388553         37.939997807
H           -1.769774787         17.774338336         39.302317464
H           -1.201481635         17.687529564         37.594937350
H           -2.463227170         20.271533783         39.974178105
H           -1.207991404         21.454278362         39.706195894
H           -0.540466466         18.697042957         40.989479321
H           -1.005207374         20.120965383         41.908171644
H            1.055855828         20.852485202         39.970140028
H            1.683921530         19.480234418         40.901333416
H            0.765024911         20.777967018         43.043796206
H            0.474743123         22.748380456         40.853170095
H            0.648583745         23.358563310         42.530422278
H           -0.701792673         22.323719468         42.146253621
H            3.089408113         22.371634990         41.910474873
H            3.311368802         20.699084930         41.862111813
H            2.754676268         20.681552150         44.371296901
H            2.364281504         22.396569081         44.230018403
H            4.807124306         22.939077013         43.760161127
H            5.077396742         21.263279166         43.409452437
H            4.082018286         21.626775373         46.175869872
H            6.772053871         23.048966013         45.730734129
H            5.719353095         23.011408065         47.092053499
H            5.219831175         23.912196150         45.610238008
H            6.202257489         20.454612861         46.723357257
H            6.732992018         20.602030465         45.064312256
H            3.922804253         19.655654215         45.383670903
H            4.979815963         18.699043752         46.324726355
H            4.237580873         17.821054115         44.076680450
H            5.895073671         17.559177142         44.606208198
H            4.986391279         19.428019370         42.442522470
H            4.860757509         17.656328360         41.115777583
H            5.254485562         16.639944190         42.445434996
H            6.560956310         17.258501934         41.373868854
H            7.576961379         19.270067583         41.810306498
H            7.789857778         18.922780179         43.577053862
H            6.929891757         20.385791315         42.984224763

 Structure in entos input format:

  structure(
    xyz = [
      ['Mg' ,         -3.098920044,         16.758171393,         27.318732547],
      ['C'  ,         -3.071327800,         15.697736567,         30.521140852],
      ['C'  ,         -5.070197072,         19.492544763,         28.257587907],
      ['C'  ,         -2.894150603,         17.914669249,         24.141259914],
      ['C'  ,         -0.801295058,         14.275891604,         26.420188103],
      ['N'  ,         -4.117892482,         17.454739246,         29.212330104],
      ['C'  ,         -3.873446498,         16.865313834,         30.431692957],
      ['C'  ,         -4.459833642,         17.813741529,         31.508367627],
      ['C'  ,         -5.453816729,         18.746549734,         30.699122954],
      ['C'  ,         -4.900497254,         18.552897275,         29.286064356],
      ['C'  ,         -6.953635509,         18.270805418,         30.766849250],
      ['C'  ,         -3.303819310,         18.615908787,         32.272761435],
      ['C'  ,         -3.141768229,         18.566548942,         33.821181819],
      ['C'  ,         -1.780786480,         19.226767293,         34.217307405],
      ['O'  ,         -0.916462450,         19.541064826,         33.439055467],
      ['O'  ,         -1.607095222,         19.374288458,         35.587211263],
      ['N'  ,         -3.704600278,         18.517881871,         26.380594304],
      ['C'  ,         -4.541692476,         19.482318079,         26.935681304],
      ['C'  ,         -4.767384538,         20.531601560,         25.917149963],
      ['C'  ,         -4.120131900,         20.149258332,         24.741253865],
      ['C'  ,         -3.520441462,         18.813155030,         25.040737823],
      ['C'  ,         -5.493113626,         21.814911878,         26.175367814],
      ['C'  ,         -3.874011027,         20.703426720,         23.407563875],
      ['O'  ,         -2.882036085,         20.374572812,         22.787226772],
      ['C'  ,         -4.608017499,         21.764720906,         22.773508296],
      ['N'  ,         -2.051864105,         16.183841979,         25.555121635],
      ['C'  ,         -2.280866616,         16.735892775,         24.362379675],
      ['C'  ,         -1.825640689,         15.850176991,         23.199769439],
      ['C'  ,         -0.854029566,         14.874282126,         23.935147445],
      ['C'  ,         -1.291692344,         15.045291380,         25.415065239],
      ['C'  ,         -3.032558787,         15.208984831,         22.452231356],
      ['C'  ,          0.642291121,         15.262137706,         23.828072777],
      ['C'  ,          0.906433151,         16.486792489,         24.677470038],
      ['N'  ,         -2.204972024,         15.170240919,         28.195631760],
      ['C'  ,         -1.195566521,         14.334187616,         27.794968336],
      ['C'  ,         -0.696290456,         13.623315703,         28.920525680],
      ['C'  ,         -1.420778690,         14.047086545,         30.007465287],
      ['C'  ,         -2.350007406,         15.001938958,         29.513359238],
      ['C'  ,          0.450005676,         12.692522236,         28.928398374],
      ['C'  ,         -1.687229285,         13.888408431,         31.375616043],
      ['O'  ,         -1.248536648,         13.060957561,         32.144875979],
      ['C'  ,         -2.778977064,         14.932741029,         31.832977645],
      ['C'  ,         -2.000850281,         15.640898593,         32.898484074],
      ['O'  ,         -1.157124112,         16.489348886,         32.728866506],
      ['O'  ,         -2.279397736,         15.068547109,         34.130618356],
      ['C'  ,         -1.344105291,         15.335508878,         35.216404977],
      ['C'  ,         -0.273627968,         19.842547321,         36.015000767],
      ['C'  ,         -0.519059308,         20.350200388,         37.433155258],
      ['C'  ,         -1.164324307,         19.703520124,         38.432337995],
      ['C'  ,         -1.753358595,         18.285918407,         38.329441370],
      ['C'  ,         -1.386652132,         20.371095424,         39.770580815],
      ['C'  ,         -0.532743873,         19.796798560,         40.970894128],
      ['C'  ,          0.952775137,         20.300639846,         40.913986928],
      ['C'  ,          1.195923577,         21.230222639,         42.148280050],
      ['C'  ,          0.358166819,         22.504233746,         41.912536129],
      ['C'  ,          2.714599924,         21.462041870,         42.387635156],
      ['C'  ,          3.011665379,         21.604196623,         43.832801965],
      ['C'  ,          4.510472366,         21.933328566,         44.059157363],
      ['C'  ,          4.969619641,         21.771723246,         45.548899708],
      ['C'  ,          5.712084065,         23.017547327,         45.999139000],
      ['C'  ,          5.841501922,         20.519293753,         45.690027058],
      ['C'  ,          4.959551357,         19.308372421,         45.415807895],
      ['C'  ,          5.202147651,         18.315627720,         44.216376946],
      ['C'  ,          5.716004120,         18.704581054,         42.806599940],
      ['C'  ,          5.622707909,         17.495416505,         41.874633475],
      ['C'  ,          7.133141952,         19.340150469,         42.805934481],
      ['H'  ,         -5.747042081,         20.337688703,         28.471668727],
      ['H'  ,         -2.929894469,         18.246359166,         23.099994520],
      ['H'  ,         -0.059157071,         13.516624557,         26.177013565],
      ['H'  ,         -4.941598549,         17.147998591,         32.250140286],
      ['H'  ,         -5.337707019,         19.831252847,         30.893673203],
      ['H'  ,         -7.615971974,         18.881219163,         30.122734880],
      ['H'  ,         -7.238536593,         18.371562304,         31.827518631],
      ['H'  ,         -6.960417338,         17.223179387,         30.408090008],
      ['H'  ,         -3.441237709,         19.673804670,         31.980383351],
      ['H'  ,         -2.350165783,         18.332946260,         31.786753646],
      ['H'  ,         -3.175346612,         17.528835022,         34.194378952],
      ['H'  ,         -3.917666107,         19.115917366,         34.382806288],
      ['H'  ,         -4.907628772,         22.654613280,         25.768884489],
      ['H'  ,         -5.690733578,         21.960597458,         27.244321543],
      ['H'  ,         -6.462417536,         21.774039358,         25.657149851],
      ['H'  ,         -5.680587692,         21.821965281,         23.000849537],
      ['H'  ,         -4.508296652,         21.649329019,         21.687338302],
      ['H'  ,         -4.133535453,         22.725365134,         23.012098010],
      ['H'  ,         -1.296061618,         16.438939101,         22.443931120],
      ['H'  ,         -1.034998959,         13.839297200,         23.628970314],
      ['H'  ,         -3.144299623,         15.464676641,         21.396944284],
      ['H'  ,         -3.973954265,         15.501440202,         22.930896472],
      ['H'  ,         -2.948057243,         14.128308610,         22.588799564],
      ['H'  ,          0.989875224,         15.423082896,         22.802979835],
      ['H'  ,          1.220953447,         14.437139139,         24.251163799],
      ['H'  ,          0.806191325,         16.322626371,         25.746644032],
      ['H'  ,          0.423683705,         17.366942889,         24.233110646],
      ['H'  ,          1.965367627,         16.747453043,         24.595689394],
      ['H'  ,          0.984779776,         12.624713231,         27.978141383],
      ['H'  ,          0.151637574,         11.712121118,         29.308107279],
      ['H'  ,          1.165063472,         13.071218457,         29.668023118],
      ['H'  ,         -3.595989417,         14.408501838,         32.351597676],
      ['H'  ,         -1.351288240,         14.555713068,         35.997030710],
      ['H'  ,         -1.626885867,         16.255293957,         35.758801808],
      ['H'  ,         -0.301205908,         15.440964696,         34.879074481],
      ['H'  ,          0.074379766,         20.647783790,         35.349532001],
      ['H'  ,          0.359314244,         18.939678830,         35.951513470],
      ['H'  ,         -0.238996948,         21.387788195,         37.669691642],
      ['H'  ,         -2.782559601,         18.335388553,         37.939997807],
      ['H'  ,         -1.769774787,         17.774338336,         39.302317464],
      ['H'  ,         -1.201481635,         17.687529564,         37.594937350],
      ['H'  ,         -2.463227170,         20.271533783,         39.974178105],
      ['H'  ,         -1.207991404,         21.454278362,         39.706195894],
      ['H'  ,         -0.540466466,         18.697042957,         40.989479321],
      ['H'  ,         -1.005207374,         20.120965383,         41.908171644],
      ['H'  ,          1.055855828,         20.852485202,         39.970140028],
      ['H'  ,          1.683921530,         19.480234418,         40.901333416],
      ['H'  ,          0.765024911,         20.777967018,         43.043796206],
      ['H'  ,          0.474743123,         22.748380456,         40.853170095],
      ['H'  ,          0.648583745,         23.358563310,         42.530422278],
      ['H'  ,         -0.701792673,         22.323719468,         42.146253621],
      ['H'  ,          3.089408113,         22.371634990,         41.910474873],
      ['H'  ,          3.311368802,         20.699084930,         41.862111813],
      ['H'  ,          2.754676268,         20.681552150,         44.371296901],
      ['H'  ,          2.364281504,         22.396569081,         44.230018403],
      ['H'  ,          4.807124306,         22.939077013,         43.760161127],
      ['H'  ,          5.077396742,         21.263279166,         43.409452437],
      ['H'  ,          4.082018286,         21.626775373,         46.175869872],
      ['H'  ,          6.772053871,         23.048966013,         45.730734129],
      ['H'  ,          5.719353095,         23.011408065,         47.092053499],
      ['H'  ,          5.219831175,         23.912196150,         45.610238008],
      ['H'  ,          6.202257489,         20.454612861,         46.723357257],
      ['H'  ,          6.732992018,         20.602030465,         45.064312256],
      ['H'  ,          3.922804253,         19.655654215,         45.383670903],
      ['H'  ,          4.979815963,         18.699043752,         46.324726355],
      ['H'  ,          4.237580873,         17.821054115,         44.076680450],
      ['H'  ,          5.895073671,         17.559177142,         44.606208198],
      ['H'  ,          4.986391279,         19.428019370,         42.442522470],
      ['H'  ,          4.860757509,         17.656328360,         41.115777583],
      ['H'  ,          5.254485562,         16.639944190,         42.445434996],
      ['H'  ,          6.560956310,         17.258501934,         41.373868854],
      ['H'  ,          7.576961379,         19.270067583,         41.810306498],
      ['H'  ,          7.789857778,         18.922780179,         43.577053862],
      ['H'  ,          6.929891757,         20.385791315,         42.984224763]
    ]
  )
 Geometry optimization failed:           too many iterations
Continuing entos execution because no_fail=true

 --------------------------------------------------------------------------------

 End time:                               Tue Nov 30 11:14:12 2021
 Total wall-clock time:               2005.117 seconds
==================================================================================
