cpu-bind=MASK - bp1-compute194, task 4294967295 4294967295 [0]: mask 0xfffff000000000000000000000000000fffff00 set
/user/home/of15641/.conda/envs/openmm/bin/python
Finished 'load_dcd_file' in 41.501223 secs
Exciton, frame 4000 ran in:  16.341034173965454
Exciton, frame 4001 ran in:  14.182034730911255
Exciton, frame 4002 ran in:  14.151165962219238
Exciton, frame 4003 ran in:  13.991227388381958
Exciton, frame 4004 ran in:  14.274572849273682
Exciton, frame 4005 ran in:  14.135843276977539
Exciton, frame 4006 ran in:  14.407480716705322
Exciton, frame 4007 ran in:  14.248142004013062
Exciton, frame 4008 ran in:  13.934994459152222
Exciton, frame 4009 ran in:  14.173925638198853
Exciton, frame 4010 ran in:  14.046034812927246
Exciton, frame 4011 ran in:  14.094601392745972
Exciton, frame 4012 ran in:  14.064746618270874
Exciton, frame 4013 ran in:  14.248539924621582
Exciton, frame 4014 ran in:  14.19415807723999
Exciton, frame 4015 ran in:  14.184574127197266
Exciton, frame 4016 ran in:  14.305865049362183
Exciton, frame 4017 ran in:  14.108505487442017
Exciton, frame 4018 ran in:  13.902056694030762
Exciton, frame 4019 ran in:  14.197778224945068
Exciton, frame 4020 ran in:  14.245565414428711
Exciton, frame 4021 ran in:  14.206412315368652
Exciton, frame 4022 ran in:  14.276859760284424
Exciton, frame 4023 ran in:  14.176866292953491
Exciton, frame 4024 ran in:  14.045016765594482
Exciton, frame 4025 ran in:  14.120035409927368
Exciton, frame 4026 ran in:  14.379458665847778
Exciton, frame 4027 ran in:  14.273709297180176
Exciton, frame 4028 ran in:  14.155970335006714
Exciton, frame 4029 ran in:  13.9671311378479
Exciton, frame 4030 ran in:  14.495728492736816
Exciton, frame 4031 ran in:  14.143804550170898
Exciton, frame 4032 ran in:  14.306882858276367
Exciton, frame 4033 ran in:  14.080754280090332
Exciton, frame 4034 ran in:  14.292901992797852
Exciton, frame 4035 ran in:  14.305326461791992
Exciton, frame 4036 ran in:  14.350455284118652
Exciton, frame 4037 ran in:  14.349193811416626
Exciton, frame 4038 ran in:  14.455737113952637
Exciton, frame 4039 ran in:  14.451112747192383
Exciton, frame 4040 ran in:  14.2817964553833
Exciton, frame 4041 ran in:  14.09565258026123
Exciton, frame 4042 ran in:  14.040651321411133
Exciton, frame 4043 ran in:  14.40509557723999
Exciton, frame 4044 ran in:  14.161539077758789
Exciton, frame 4045 ran in:  13.964446544647217
Exciton, frame 4046 ran in:  14.23605728149414
Exciton, frame 4047 ran in:  14.072173118591309
Exciton, frame 4048 ran in:  14.056260824203491
Exciton, frame 4049 ran in:  14.258774757385254
Exciton, frame 4050 ran in:  14.1401207447052
Exciton, frame 4051 ran in:  14.1837797164917
Exciton, frame 4052 ran in:  14.137791872024536
Exciton, frame 4053 ran in:  14.253008842468262
Exciton, frame 4054 ran in:  14.15186619758606
Exciton, frame 4055 ran in:  14.291009902954102
Exciton, frame 4056 ran in:  14.126708984375
Exciton, frame 4057 ran in:  13.826828718185425
Exciton, frame 4058 ran in:  14.30208706855774
Exciton, frame 4059 ran in:  14.466927289962769
Exciton, frame 4060 ran in:  14.081745624542236
Exciton, frame 4061 ran in:  14.072311878204346
Exciton, frame 4062 ran in:  14.206316709518433
Exciton, frame 4063 ran in:  14.14589786529541
Exciton, frame 4064 ran in:  14.205025434494019
Exciton, frame 4065 ran in:  14.143141984939575
Exciton, frame 4066 ran in:  14.217563390731812
Exciton, frame 4067 ran in:  14.290245056152344
Exciton, frame 4068 ran in:  14.12608289718628
Exciton, frame 4069 ran in:  14.277199029922485
Exciton, frame 4070 ran in:  14.068063735961914
Exciton, frame 4071 ran in:  13.95911693572998
Exciton, frame 4072 ran in:  14.126740217208862
Exciton, frame 4073 ran in:  14.536203384399414
Exciton, frame 4074 ran in:  14.398930311203003
Exciton, frame 4075 ran in:  14.28016448020935
Exciton, frame 4076 ran in:  14.022077560424805
Exciton, frame 4077 ran in:  13.983591079711914
Exciton, frame 4078 ran in:  14.176526546478271
Exciton, frame 4079 ran in:  14.22491717338562
Exciton, frame 4080 ran in:  14.150186777114868
Exciton, frame 4081 ran in:  14.181776523590088
Exciton, frame 4082 ran in:  14.209003448486328
Exciton, frame 4083 ran in:  14.108899593353271
Exciton, frame 4084 ran in:  14.20105791091919
Exciton, frame 4085 ran in:  14.057032108306885
Exciton, frame 4086 ran in:  14.131400108337402
Exciton, frame 4087 ran in:  14.06452465057373
Exciton, frame 4088 ran in:  14.121108293533325
Exciton, frame 4089 ran in:  13.79214096069336
Exciton, frame 4090 ran in:  14.375436305999756
Exciton, frame 4091 ran in:  14.101333856582642
Exciton, frame 4092 ran in:  13.936461687088013
Exciton, frame 4093 ran in:  14.28654408454895
Exciton, frame 4094 ran in:  14.142796993255615
Exciton, frame 4095 ran in:  14.246985912322998
Exciton, frame 4096 ran in:  14.16774296760559
Exciton, frame 4097 ran in:  14.45212697982788
Exciton, frame 4098 ran in:  14.331841468811035
Exciton, frame 4099 ran in:  14.136481046676636
Exciton, frame 4100 ran in:  14.03732967376709
Exciton, frame 4101 ran in:  14.27137565612793
Exciton, frame 4102 ran in:  14.058326959609985
Exciton, frame 4103 ran in:  14.261391878128052
Exciton, frame 4104 ran in:  14.004536151885986
Exciton, frame 4105 ran in:  14.236826419830322
Exciton, frame 4106 ran in:  14.16717267036438
Exciton, frame 4107 ran in:  14.191421270370483
Exciton, frame 4108 ran in:  14.152859449386597
Exciton, frame 4109 ran in:  14.01339054107666
Exciton, frame 4110 ran in:  14.258857488632202
Exciton, frame 4111 ran in:  14.169490098953247
Exciton, frame 4112 ran in:  14.54457712173462
Exciton, frame 4113 ran in:  14.383946418762207
Exciton, frame 4114 ran in:  14.135063409805298
Exciton, frame 4115 ran in:  13.982490539550781
Exciton, frame 4116 ran in:  14.473334074020386
Exciton, frame 4117 ran in:  14.280542850494385
Exciton, frame 4118 ran in:  14.24202036857605
Exciton, frame 4119 ran in:  14.200734853744507
Exciton, frame 4120 ran in:  14.982008934020996
Exciton, frame 4121 ran in:  14.237965106964111
Exciton, frame 4122 ran in:  14.048200130462646
Exciton, frame 4123 ran in:  14.159648895263672
Exciton, frame 4124 ran in:  14.037036180496216
Exciton, frame 4125 ran in:  14.12113070487976
Exciton, frame 4126 ran in:  14.34240460395813
Exciton, frame 4127 ran in:  14.291573524475098
Exciton, frame 4128 ran in:  14.558600902557373
Exciton, frame 4129 ran in:  14.399006128311157
Exciton, frame 4130 ran in:  14.314792394638062
Exciton, frame 4131 ran in:  14.712337493896484
Exciton, frame 4132 ran in:  14.839689493179321
Exciton, frame 4133 ran in:  14.303738355636597
Exciton, frame 4134 ran in:  14.400080680847168
Exciton, frame 4135 ran in:  14.118778944015503
Exciton, frame 4136 ran in:  14.140480756759644
Exciton, frame 4137 ran in:  13.978549242019653
Exciton, frame 4138 ran in:  13.983163356781006
Exciton, frame 4139 ran in:  14.945030927658081
Exciton, frame 4140 ran in:  14.3085298538208
Exciton, frame 4141 ran in:  14.147016048431396
Exciton, frame 4142 ran in:  14.136256456375122
Exciton, frame 4143 ran in:  14.1588876247406
Exciton, frame 4144 ran in:  14.28367018699646
Exciton, frame 4145 ran in:  14.059311866760254
Exciton, frame 4146 ran in:  14.57567834854126
Exciton, frame 4147 ran in:  14.256318092346191
Exciton, frame 4148 ran in:  14.411410331726074
Exciton, frame 4149 ran in:  14.36430811882019
Exciton, frame 4150 ran in:  14.442546129226685
Exciton, frame 4151 ran in:  14.270036220550537
Exciton, frame 4152 ran in:  14.303104162216187
Exciton, frame 4153 ran in:  14.580013513565063
Exciton, frame 4154 ran in:  14.277913093566895
Exciton, frame 4155 ran in:  13.979302167892456
Exciton, frame 4156 ran in:  14.034839391708374
Exciton, frame 4157 ran in:  14.001898527145386
Exciton, frame 4158 ran in:  14.13097095489502
Exciton, frame 4159 ran in:  14.065492391586304
Exciton, frame 4160 ran in:  14.357166767120361
Exciton, frame 4161 ran in:  14.295649766921997
Exciton, frame 4162 ran in:  14.552273273468018
Exciton, frame 4163 ran in:  14.224550247192383
Exciton, frame 4164 ran in:  14.06299376487732
Exciton, frame 4165 ran in:  14.208017587661743
Exciton, frame 4166 ran in:  14.232649564743042
Exciton, frame 4167 ran in:  14.329852819442749
Exciton, frame 4168 ran in:  14.187981367111206
Exciton, frame 4169 ran in:  14.037144899368286
Exciton, frame 4170 ran in:  14.061177015304565
Exciton, frame 4171 ran in:  13.960026025772095
Exciton, frame 4172 ran in:  14.0582914352417
Exciton, frame 4173 ran in:  14.151410818099976
Exciton, frame 4174 ran in:  14.275136947631836
Exciton, frame 4175 ran in:  14.223583221435547
Exciton, frame 4176 ran in:  14.362382650375366
Exciton, frame 4177 ran in:  13.98580813407898
Exciton, frame 4178 ran in:  14.159347772598267
Exciton, frame 4179 ran in:  14.236137866973877
Exciton, frame 4180 ran in:  14.330447673797607
Exciton, frame 4181 ran in:  14.199666261672974
Exciton, frame 4182 ran in:  14.208893299102783
Exciton, frame 4183 ran in:  14.267090559005737
Exciton, frame 4184 ran in:  14.17150592803955
Exciton, frame 4185 ran in:  14.750258684158325
Exciton, frame 4186 ran in:  14.33632493019104
Exciton, frame 4187 ran in:  14.16246747970581
Exciton, frame 4188 ran in:  14.116989850997925
Exciton, frame 4189 ran in:  14.36378812789917
Exciton, frame 4190 ran in:  14.095285892486572
Exciton, frame 4191 ran in:  14.740029573440552
Exciton, frame 4192 ran in:  14.19553279876709
Exciton, frame 4193 ran in:  14.207686424255371
Exciton, frame 4194 ran in:  14.17409062385559
Exciton, frame 4195 ran in:  14.156949996948242
Exciton, frame 4196 ran in:  14.37950849533081
Exciton, frame 4197 ran in:  14.015631914138794
Exciton, frame 4198 ran in:  14.013018608093262
Exciton, frame 4199 ran in:  14.20466136932373
Exciton, frame 4200 ran in:  14.88459587097168
Exciton, frame 4201 ran in:  14.112481594085693
Exciton, frame 4202 ran in:  14.855880975723267
Exciton, frame 4203 ran in:  14.351613759994507
Exciton, frame 4204 ran in:  14.219112157821655
Exciton, frame 4205 ran in:  14.215416669845581
Exciton, frame 4206 ran in:  14.260259628295898
Exciton, frame 4207 ran in:  14.125910520553589
Exciton, frame 4208 ran in:  14.199243307113647
Exciton, frame 4209 ran in:  14.688260078430176
Exciton, frame 4210 ran in:  17.84247875213623
Exciton, frame 4211 ran in:  14.173608541488647
Exciton, frame 4212 ran in:  13.999486446380615
Exciton, frame 4213 ran in:  14.398250579833984
Exciton, frame 4214 ran in:  14.236289739608765
Exciton, frame 4215 ran in:  14.116047382354736
Exciton, frame 4216 ran in:  14.11450982093811
Exciton, frame 4217 ran in:  14.12893271446228
Exciton, frame 4218 ran in:  14.201619625091553
Exciton, frame 4219 ran in:  14.129534006118774
Exciton, frame 4220 ran in:  14.274962663650513
Exciton, frame 4221 ran in:  14.159766674041748
Exciton, frame 4222 ran in:  14.104528427124023
Exciton, frame 4223 ran in:  14.050217151641846
Exciton, frame 4224 ran in:  14.039540767669678
Exciton, frame 4225 ran in:  14.220937728881836
Exciton, frame 4226 ran in:  14.038553714752197
Exciton, frame 4227 ran in:  14.272745132446289
Exciton, frame 4228 ran in:  14.356844902038574
Exciton, frame 4229 ran in:  14.607675075531006
Exciton, frame 4230 ran in:  14.106578350067139
Exciton, frame 4231 ran in:  14.274022340774536
Exciton, frame 4232 ran in:  13.98557424545288
Exciton, frame 4233 ran in:  14.120114803314209
Exciton, frame 4234 ran in:  14.219876289367676
Exciton, frame 4235 ran in:  14.263996124267578
Exciton, frame 4236 ran in:  14.058388948440552
Exciton, frame 4237 ran in:  14.028752088546753
Exciton, frame 4238 ran in:  14.270358562469482
Exciton, frame 4239 ran in:  14.187878370285034
Exciton, frame 4240 ran in:  14.212421655654907
Exciton, frame 4241 ran in:  14.667060136795044
Exciton, frame 4242 ran in:  14.319615840911865
Exciton, frame 4243 ran in:  14.079800128936768
Exciton, frame 4244 ran in:  14.142480373382568
Exciton, frame 4245 ran in:  14.183599710464478
Exciton, frame 4246 ran in:  14.27079701423645
Exciton, frame 4247 ran in:  14.251877307891846
Exciton, frame 4248 ran in:  13.998418092727661
Exciton, frame 4249 ran in:  14.08695936203003
Exciton, frame 4250 ran in:  14.13716459274292
Exciton, frame 4251 ran in:  13.861278295516968
Exciton, frame 4252 ran in:  14.319201707839966
Exciton, frame 4253 ran in:  14.207936525344849
Exciton, frame 4254 ran in:  13.921069622039795
Exciton, frame 4255 ran in:  14.131835222244263
Exciton, frame 4256 ran in:  13.936294555664062
Exciton, frame 4257 ran in:  14.358196496963501
Exciton, frame 4258 ran in:  14.180217742919922
Exciton, frame 4259 ran in:  14.240015506744385
Exciton, frame 4260 ran in:  14.772788047790527
Exciton, frame 4261 ran in:  14.405978441238403
Exciton, frame 4262 ran in:  14.264655113220215
Exciton, frame 4263 ran in:  14.258830070495605
Exciton, frame 4264 ran in:  13.998614311218262
Exciton, frame 4265 ran in:  14.196382284164429
Exciton, frame 4266 ran in:  14.283578872680664
Exciton, frame 4267 ran in:  14.560199737548828
Exciton, frame 4268 ran in:  14.615493535995483
Exciton, frame 4269 ran in:  14.236836433410645
Exciton, frame 4270 ran in:  14.07893443107605
Exciton, frame 4271 ran in:  14.200238466262817
Exciton, frame 4272 ran in:  14.048025131225586
Exciton, frame 4273 ran in:  14.339357137680054
Exciton, frame 4274 ran in:  14.638346195220947
Exciton, frame 4275 ran in:  14.21918797492981
Exciton, frame 4276 ran in:  14.388506174087524
Exciton, frame 4277 ran in:  13.992300271987915
Exciton, frame 4278 ran in:  14.188432455062866
Exciton, frame 4279 ran in:  14.603432655334473
Exciton, frame 4280 ran in:  14.138693809509277
Exciton, frame 4281 ran in:  14.655344009399414
Exciton, frame 4282 ran in:  14.2055025100708
Exciton, frame 4283 ran in:  14.130864381790161
Exciton, frame 4284 ran in:  14.33007287979126
Exciton, frame 4285 ran in:  14.436410665512085
Exciton, frame 4286 ran in:  14.062271356582642
Exciton, frame 4287 ran in:  14.121422290802002
Exciton, frame 4288 ran in:  14.225844860076904
Exciton, frame 4289 ran in:  14.159029483795166
Exciton, frame 4290 ran in:  14.26008677482605
Exciton, frame 4291 ran in:  14.424756288528442
Exciton, frame 4292 ran in:  14.447571516036987
Exciton, frame 4293 ran in:  14.41548490524292
Exciton, frame 4294 ran in:  14.293610572814941
Exciton, frame 4295 ran in:  14.117121458053589
Exciton, frame 4296 ran in:  14.207627534866333
Exciton, frame 4297 ran in:  14.155648231506348
Exciton, frame 4298 ran in:  14.114506959915161
Exciton, frame 4299 ran in:  14.377854108810425
Exciton, frame 4300 ran in:  14.697883367538452
Exciton, frame 4301 ran in:  14.825814247131348
Exciton, frame 4302 ran in:  14.151187658309937
Exciton, frame 4303 ran in:  14.575510740280151
Exciton, frame 4304 ran in:  14.48293685913086
Exciton, frame 4305 ran in:  14.203346252441406
Exciton, frame 4306 ran in:  14.421689987182617
Exciton, frame 4307 ran in:  14.316038131713867
Exciton, frame 4308 ran in:  14.339442491531372
Exciton, frame 4309 ran in:  14.203985452651978
Exciton, frame 4310 ran in:  14.325509786605835
Exciton, frame 4311 ran in:  14.286453485488892
Exciton, frame 4312 ran in:  14.173208713531494
Exciton, frame 4313 ran in:  14.443058490753174
Exciton, frame 4314 ran in:  14.163876056671143
Exciton, frame 4315 ran in:  13.975211143493652
Exciton, frame 4316 ran in:  14.215323209762573
Exciton, frame 4317 ran in:  14.102638006210327
Exciton, frame 4318 ran in:  14.701078414916992
Exciton, frame 4319 ran in:  14.316226243972778
Exciton, frame 4320 ran in:  14.091855525970459
Exciton, frame 4321 ran in:  14.827563285827637
Exciton, frame 4322 ran in:  14.225370645523071
Exciton, frame 4323 ran in:  14.050130128860474
Exciton, frame 4324 ran in:  13.983582019805908
Exciton, frame 4325 ran in:  14.249680995941162
Exciton, frame 4326 ran in:  14.24158263206482
Exciton, frame 4327 ran in:  14.1718590259552
Exciton, frame 4328 ran in:  14.417845487594604
Exciton, frame 4329 ran in:  14.402865886688232
Exciton, frame 4330 ran in:  14.475335359573364
Exciton, frame 4331 ran in:  14.069939851760864
Exciton, frame 4332 ran in:  13.989217042922974
Exciton, frame 4333 ran in:  14.162509441375732
Exciton, frame 4334 ran in:  14.197217464447021
Exciton, frame 4335 ran in:  14.393082618713379
Exciton, frame 4336 ran in:  14.186506986618042
Exciton, frame 4337 ran in:  14.01356053352356
Exciton, frame 4338 ran in:  14.10472321510315
Exciton, frame 4339 ran in:  13.910081148147583
Exciton, frame 4340 ran in:  14.572761535644531
Exciton, frame 4341 ran in:  14.06806755065918
Exciton, frame 4342 ran in:  14.286842346191406
Exciton, frame 4343 ran in:  14.109225988388062
Exciton, frame 4344 ran in:  13.984886407852173
Exciton, frame 4345 ran in:  14.417337894439697
Exciton, frame 4346 ran in:  14.353693723678589
Exciton, frame 4347 ran in:  14.557107925415039
Exciton, frame 4348 ran in:  14.145437240600586
Exciton, frame 4349 ran in:  14.705040693283081
Exciton, frame 4350 ran in:  14.190608978271484
Exciton, frame 4351 ran in:  13.977392196655273
Exciton, frame 4352 ran in:  14.021882772445679
Exciton, frame 4353 ran in:  14.219659090042114
Exciton, frame 4354 ran in:  14.640933275222778
Exciton, frame 4355 ran in:  14.199961185455322
Exciton, frame 4356 ran in:  14.262382507324219
Exciton, frame 4357 ran in:  14.319178581237793
Exciton, frame 4358 ran in:  14.248332023620605
Exciton, frame 4359 ran in:  14.252506971359253
Exciton, frame 4360 ran in:  14.149179935455322
Exciton, frame 4361 ran in:  14.28726840019226
Exciton, frame 4362 ran in:  14.232909440994263
Exciton, frame 4363 ran in:  14.154832124710083
Exciton, frame 4364 ran in:  14.037419080734253
Exciton, frame 4365 ran in:  14.08367657661438
Exciton, frame 4366 ran in:  14.463554382324219
Exciton, frame 4367 ran in:  14.21014142036438
Exciton, frame 4368 ran in:  14.141681432723999
Exciton, frame 4369 ran in:  14.231400489807129
Exciton, frame 4370 ran in:  14.297499895095825
Exciton, frame 4371 ran in:  14.39797306060791
Exciton, frame 4372 ran in:  14.203734636306763
Exciton, frame 4373 ran in:  14.6279296875
Exciton, frame 4374 ran in:  14.190162658691406
Exciton, frame 4375 ran in:  14.26698350906372
Exciton, frame 4376 ran in:  14.818249464035034
Exciton, frame 4377 ran in:  13.971046924591064
Exciton, frame 4378 ran in:  14.676374912261963
Exciton, frame 4379 ran in:  14.2587411403656
Exciton, frame 4380 ran in:  14.150246620178223
Exciton, frame 4381 ran in:  14.449883222579956
Exciton, frame 4382 ran in:  14.208116054534912
Exciton, frame 4383 ran in:  14.045901536941528
Exciton, frame 4384 ran in:  14.10732626914978
Exciton, frame 4385 ran in:  14.178269147872925
Exciton, frame 4386 ran in:  14.228512048721313
Exciton, frame 4387 ran in:  14.268202781677246
Exciton, frame 4388 ran in:  14.103997707366943
Exciton, frame 4389 ran in:  14.361313104629517
Exciton, frame 4390 ran in:  14.287338495254517
Exciton, frame 4391 ran in:  13.988188743591309
Exciton, frame 4392 ran in:  14.150948762893677
Exciton, frame 4393 ran in:  14.036580562591553
Exciton, frame 4394 ran in:  14.057099103927612
Exciton, frame 4395 ran in:  14.277267456054688
Exciton, frame 4396 ran in:  14.279462099075317
Exciton, frame 4397 ran in:  14.376221895217896
Exciton, frame 4398 ran in:  14.55988097190857
Exciton, frame 4399 ran in:  14.394599676132202
Exciton, frame 4400 ran in:  14.542323350906372
Exciton, frame 4401 ran in:  14.36593747138977
Exciton, frame 4402 ran in:  14.101982355117798
Exciton, frame 4403 ran in:  14.220335245132446
Exciton, frame 4404 ran in:  14.212860107421875
Exciton, frame 4405 ran in:  14.218713521957397
Exciton, frame 4406 ran in:  14.339629411697388
Exciton, frame 4407 ran in:  14.28370189666748
Exciton, frame 4408 ran in:  14.00542950630188
Exciton, frame 4409 ran in:  14.278040885925293
Exciton, frame 4410 ran in:  14.705293893814087
Exciton, frame 4411 ran in:  14.128280878067017
Exciton, frame 4412 ran in:  14.06811261177063
Exciton, frame 4413 ran in:  14.034568548202515
Exciton, frame 4414 ran in:  14.240089416503906
Exciton, frame 4415 ran in:  14.298468351364136
Exciton, frame 4416 ran in:  14.190903663635254
Exciton, frame 4417 ran in:  14.139010667800903
Exciton, frame 4418 ran in:  14.109336137771606
Exciton, frame 4419 ran in:  14.348022937774658
Exciton, frame 4420 ran in:  14.199670791625977
Exciton, frame 4421 ran in:  14.14148497581482
Exciton, frame 4422 ran in:  14.026161909103394
Exciton, frame 4423 ran in:  14.13568377494812
Exciton, frame 4424 ran in:  14.26028561592102
Exciton, frame 4425 ran in:  14.39278268814087
Exciton, frame 4426 ran in:  14.028472661972046
Exciton, frame 4427 ran in:  14.321694612503052
Exciton, frame 4428 ran in:  14.654152154922485
Exciton, frame 4429 ran in:  13.978493690490723
Exciton, frame 4430 ran in:  14.049203395843506
Exciton, frame 4431 ran in:  14.359018087387085
Exciton, frame 4432 ran in:  14.387367248535156
Exciton, frame 4433 ran in:  14.09810471534729
Exciton, frame 4434 ran in:  14.476241111755371
Exciton, frame 4435 ran in:  14.131565809249878
Exciton, frame 4436 ran in:  14.337321281433105
Exciton, frame 4437 ran in:  14.00281572341919
Exciton, frame 4438 ran in:  14.274633884429932
Exciton, frame 4439 ran in:  14.354228258132935
Exciton, frame 4440 ran in:  14.4192533493042
Exciton, frame 4441 ran in:  14.0455961227417
Exciton, frame 4442 ran in:  14.037205457687378
Exciton, frame 4443 ran in:  14.583910703659058
Exciton, frame 4444 ran in:  14.260180711746216
Exciton, frame 4445 ran in:  14.096981287002563
Exciton, frame 4446 ran in:  14.020358800888062
Exciton, frame 4447 ran in:  14.59505844116211
Exciton, frame 4448 ran in:  14.268775939941406
Exciton, frame 4449 ran in:  14.02566385269165
Exciton, frame 4450 ran in:  14.267310380935669
Exciton, frame 4451 ran in:  14.133429288864136
Exciton, frame 4452 ran in:  14.086664199829102
Exciton, frame 4453 ran in:  14.200550079345703
Exciton, frame 4454 ran in:  14.13219404220581
Exciton, frame 4455 ran in:  14.244015216827393
Exciton, frame 4456 ran in:  14.380661725997925
Exciton, frame 4457 ran in:  14.266977071762085
Exciton, frame 4458 ran in:  14.195261716842651
Exciton, frame 4459 ran in:  14.134521245956421
Exciton, frame 4460 ran in:  14.396874189376831
Exciton, frame 4461 ran in:  14.423010110855103
Exciton, frame 4462 ran in:  14.004411220550537
Exciton, frame 4463 ran in:  14.157684326171875
Exciton, frame 4464 ran in:  14.023034811019897
Exciton, frame 4465 ran in:  14.229798316955566
Exciton, frame 4466 ran in:  14.606892824172974
Exciton, frame 4467 ran in:  13.998494863510132
Exciton, frame 4468 ran in:  14.682436227798462
Exciton, frame 4469 ran in:  14.094715356826782
Exciton, frame 4470 ran in:  14.209214448928833
Exciton, frame 4471 ran in:  14.17618441581726
Exciton, frame 4472 ran in:  14.393906116485596
Exciton, frame 4473 ran in:  14.193560123443604
Exciton, frame 4474 ran in:  14.110718011856079
Exciton, frame 4475 ran in:  14.786349296569824
Exciton, frame 4476 ran in:  14.127909898757935
Exciton, frame 4477 ran in:  14.240047454833984
Exciton, frame 4478 ran in:  14.361104965209961
Exciton, frame 4479 ran in:  14.290729761123657
Exciton, frame 4480 ran in:  14.262884855270386
Exciton, frame 4481 ran in:  14.726106882095337
Exciton, frame 4482 ran in:  14.162302255630493
Exciton, frame 4483 ran in:  14.358505010604858
Exciton, frame 4484 ran in:  14.162070274353027
Exciton, frame 4485 ran in:  14.082242488861084
Exciton, frame 4486 ran in:  14.394745111465454
Exciton, frame 4487 ran in:  14.313163995742798
Exciton, frame 4488 ran in:  14.697076320648193
Exciton, frame 4489 ran in:  14.148107290267944
Exciton, frame 4490 ran in:  14.441832304000854
Exciton, frame 4491 ran in:  14.127015829086304
Exciton, frame 4492 ran in:  14.212368249893188
Exciton, frame 4493 ran in:  14.228131771087646
Exciton, frame 4494 ran in:  14.445567607879639
Exciton, frame 4495 ran in:  14.14276647567749
Exciton, frame 4496 ran in:  14.466760396957397
Exciton, frame 4497 ran in:  14.304858922958374
Exciton, frame 4498 ran in:  14.325400590896606
Exciton, frame 4499 ran in:  14.112065315246582
Exciton, frame 4500 ran in:  14.330836057662964
Exciton, frame 4501 ran in:  14.278072834014893
Exciton, frame 4502 ran in:  14.06253981590271
Exciton, frame 4503 ran in:  14.20145320892334
Exciton, frame 4504 ran in:  14.594948053359985
Exciton, frame 4505 ran in:  14.167655944824219
Exciton, frame 4506 ran in:  14.281614065170288
Exciton, frame 4507 ran in:  14.098370552062988
Exciton, frame 4508 ran in:  14.301526308059692
Exciton, frame 4509 ran in:  14.14517068862915
Exciton, frame 4510 ran in:  14.264949798583984
Exciton, frame 4511 ran in:  14.408347845077515
Exciton, frame 4512 ran in:  14.39737844467163
Exciton, frame 4513 ran in:  14.553987264633179
Exciton, frame 4514 ran in:  14.373676300048828
Exciton, frame 4515 ran in:  14.294585227966309
Exciton, frame 4516 ran in:  14.27729606628418
Exciton, frame 4517 ran in:  14.358397960662842
Exciton, frame 4518 ran in:  14.20724105834961
Exciton, frame 4519 ran in:  14.319381952285767
Exciton, frame 4520 ran in:  14.045714139938354
Exciton, frame 4521 ran in:  14.118616580963135
Exciton, frame 4522 ran in:  14.19820761680603
Exciton, frame 4523 ran in:  14.083780765533447
Exciton, frame 4524 ran in:  14.262535333633423
Exciton, frame 4525 ran in:  14.082515478134155
Exciton, frame 4526 ran in:  14.23184585571289
Exciton, frame 4527 ran in:  14.1240553855896
Exciton, frame 4528 ran in:  14.162968397140503
Exciton, frame 4529 ran in:  14.065541982650757
Exciton, frame 4530 ran in:  14.065383911132812
Exciton, frame 4531 ran in:  14.118019104003906
Exciton, frame 4532 ran in:  14.73686170578003
Exciton, frame 4533 ran in:  14.139192342758179
Exciton, frame 4534 ran in:  14.116182327270508
Exciton, frame 4535 ran in:  14.08058476448059
Exciton, frame 4536 ran in:  13.969324588775635
Exciton, frame 4537 ran in:  14.199249029159546
Exciton, frame 4538 ran in:  14.30682373046875
Exciton, frame 4539 ran in:  14.066484689712524
Exciton, frame 4540 ran in:  14.804018259048462
Exciton, frame 4541 ran in:  14.457428693771362
Exciton, frame 4542 ran in:  14.173854112625122
Exciton, frame 4543 ran in:  14.388057947158813
Exciton, frame 4544 ran in:  14.218097686767578
Exciton, frame 4545 ran in:  14.353805303573608
Exciton, frame 4546 ran in:  14.238886594772339
Exciton, frame 4547 ran in:  14.143969774246216
Exciton, frame 4548 ran in:  14.160652875900269
Exciton, frame 4549 ran in:  14.499270915985107
Exciton, frame 4550 ran in:  14.506670236587524
Exciton, frame 4551 ran in:  14.243918180465698
Exciton, frame 4552 ran in:  14.31957197189331
Exciton, frame 4553 ran in:  14.33281946182251
Exciton, frame 4554 ran in:  14.167893648147583
Exciton, frame 4555 ran in:  14.431276798248291
Exciton, frame 4556 ran in:  14.428011655807495
Exciton, frame 4557 ran in:  14.529134750366211
Exciton, frame 4558 ran in:  14.267536640167236
Exciton, frame 4559 ran in:  14.779607772827148
Exciton, frame 4560 ran in:  14.323583364486694
Exciton, frame 4561 ran in:  14.039602518081665
Exciton, frame 4562 ran in:  14.276464462280273
Exciton, frame 4563 ran in:  14.777376890182495
Exciton, frame 4564 ran in:  14.078316688537598
Exciton, frame 4565 ran in:  14.128772974014282
Exciton, frame 4566 ran in:  14.321995496749878
Exciton, frame 4567 ran in:  14.210494756698608
Exciton, frame 4568 ran in:  14.173052072525024
Exciton, frame 4569 ran in:  14.31604552268982
Exciton, frame 4570 ran in:  14.110004663467407
Exciton, frame 4571 ran in:  14.328140020370483
Exciton, frame 4572 ran in:  14.411247730255127
Exciton, frame 4573 ran in:  14.300379037857056
Exciton, frame 4574 ran in:  14.196526288986206
Exciton, frame 4575 ran in:  14.019383668899536
Exciton, frame 4576 ran in:  14.19039511680603
Exciton, frame 4577 ran in:  14.064686059951782
Exciton, frame 4578 ran in:  14.19625997543335
Exciton, frame 4579 ran in:  14.177106142044067
Exciton, frame 4580 ran in:  14.03990125656128
Exciton, frame 4581 ran in:  14.171952486038208
Exciton, frame 4582 ran in:  14.666730642318726
Exciton, frame 4583 ran in:  14.502807140350342
Exciton, frame 4584 ran in:  13.89148759841919
Exciton, frame 4585 ran in:  14.150596618652344
Exciton, frame 4586 ran in:  13.817807674407959
Exciton, frame 4587 ran in:  13.929635047912598
Exciton, frame 4588 ran in:  14.495675086975098
Exciton, frame 4589 ran in:  14.135067224502563
Exciton, frame 4590 ran in:  15.105099439620972
Exciton, frame 4591 ran in:  14.146859645843506
Exciton, frame 4592 ran in:  14.172796964645386
Exciton, frame 4593 ran in:  14.178547143936157
Exciton, frame 4594 ran in:  14.446627855300903
Exciton, frame 4595 ran in:  14.178866624832153
Exciton, frame 4596 ran in:  14.199915885925293
Exciton, frame 4597 ran in:  14.151323318481445
Exciton, frame 4598 ran in:  14.099189281463623
Exciton, frame 4599 ran in:  13.976490259170532
Exciton, frame 4600 ran in:  14.36519980430603
Exciton, frame 4601 ran in:  14.364820003509521
Exciton, frame 4602 ran in:  14.292669534683228
Exciton, frame 4603 ran in:  14.395291090011597
Exciton, frame 4604 ran in:  14.109879970550537
Exciton, frame 4605 ran in:  13.88817811012268
Exciton, frame 4606 ran in:  14.076571464538574
Exciton, frame 4607 ran in:  14.169894456863403
Exciton, frame 4608 ran in:  14.27550220489502
Exciton, frame 4609 ran in:  14.123842716217041
Exciton, frame 4610 ran in:  14.681675910949707
Exciton, frame 4611 ran in:  14.391618251800537
Exciton, frame 4612 ran in:  13.999253749847412
Exciton, frame 4613 ran in:  14.117612361907959
Exciton, frame 4614 ran in:  14.252701044082642
Exciton, frame 4615 ran in:  14.632913827896118
Exciton, frame 4616 ran in:  14.138317823410034
Exciton, frame 4617 ran in:  14.183882236480713
Exciton, frame 4618 ran in:  14.51716136932373
Exciton, frame 4619 ran in:  14.220804929733276
Exciton, frame 4620 ran in:  14.13865351676941
Exciton, frame 4621 ran in:  14.312078475952148
Exciton, frame 4622 ran in:  14.397655010223389
Exciton, frame 4623 ran in:  14.007730722427368
Exciton, frame 4624 ran in:  14.32651400566101
Exciton, frame 4625 ran in:  14.278119087219238
Exciton, frame 4626 ran in:  14.187888383865356
Exciton, frame 4627 ran in:  14.094393730163574
Exciton, frame 4628 ran in:  14.096163749694824
Exciton, frame 4629 ran in:  15.13322114944458
Exciton, frame 4630 ran in:  14.667740106582642
Exciton, frame 4631 ran in:  14.639117240905762
Exciton, frame 4632 ran in:  14.44161343574524
Exciton, frame 4633 ran in:  14.38130807876587
Exciton, frame 4634 ran in:  14.348443031311035
Exciton, frame 4635 ran in:  13.995738506317139
Exciton, frame 4636 ran in:  14.227318525314331
Exciton, frame 4637 ran in:  14.297407865524292
Exciton, frame 4638 ran in:  14.049188613891602
Exciton, frame 4639 ran in:  14.65674352645874
Exciton, frame 4640 ran in:  14.312741994857788
Exciton, frame 4641 ran in:  14.864925861358643
Exciton, frame 4642 ran in:  14.395981073379517
Exciton, frame 4643 ran in:  14.136054515838623
Exciton, frame 4644 ran in:  14.468442440032959
Exciton, frame 4645 ran in:  14.086387395858765
Exciton, frame 4646 ran in:  14.34130311012268
Exciton, frame 4647 ran in:  14.312500476837158
Exciton, frame 4648 ran in:  14.112711429595947
Exciton, frame 4649 ran in:  14.257903814315796
Exciton, frame 4650 ran in:  14.278949975967407
Exciton, frame 4651 ran in:  15.080689430236816
Exciton, frame 4652 ran in:  13.984622716903687
Exciton, frame 4653 ran in:  14.354565620422363
Exciton, frame 4654 ran in:  14.464153289794922
Exciton, frame 4655 ran in:  14.22278380393982
Exciton, frame 4656 ran in:  14.297659397125244
Exciton, frame 4657 ran in:  14.058610916137695
Exciton, frame 4658 ran in:  13.977863311767578
Exciton, frame 4659 ran in:  14.361719608306885
Exciton, frame 4660 ran in:  14.270072221755981
Exciton, frame 4661 ran in:  14.109408855438232
Exciton, frame 4662 ran in:  14.025400161743164
Exciton, frame 4663 ran in:  14.063685417175293
Exciton, frame 4664 ran in:  14.471453666687012
Exciton, frame 4665 ran in:  14.118432521820068
Exciton, frame 4666 ran in:  14.472042083740234
Exciton, frame 4667 ran in:  14.417267560958862
Exciton, frame 4668 ran in:  14.284398317337036
Exciton, frame 4669 ran in:  14.011333465576172
Exciton, frame 4670 ran in:  14.351838827133179
Exciton, frame 4671 ran in:  14.218780755996704
Exciton, frame 4672 ran in:  14.212507009506226
Exciton, frame 4673 ran in:  14.016335725784302
Exciton, frame 4674 ran in:  14.767277240753174
Exciton, frame 4675 ran in:  14.339131116867065
Exciton, frame 4676 ran in:  14.053601503372192
Exciton, frame 4677 ran in:  14.051897287368774
Exciton, frame 4678 ran in:  14.059249877929688
Exciton, frame 4679 ran in:  14.395155191421509
Exciton, frame 4680 ran in:  14.281993389129639
Exciton, frame 4681 ran in:  14.065360069274902
Exciton, frame 4682 ran in:  14.351895809173584
Exciton, frame 4683 ran in:  14.200065851211548
Exciton, frame 4684 ran in:  14.289148330688477
Exciton, frame 4685 ran in:  14.342339277267456
Exciton, frame 4686 ran in:  14.293958187103271
Exciton, frame 4687 ran in:  14.252468824386597
Exciton, frame 4688 ran in:  14.352355241775513
Exciton, frame 4689 ran in:  14.137372016906738
Exciton, frame 4690 ran in:  14.130298376083374
Exciton, frame 4691 ran in:  14.074575185775757
Exciton, frame 4692 ran in:  14.355208396911621
Exciton, frame 4693 ran in:  13.994445323944092
Exciton, frame 4694 ran in:  14.0466890335083
Exciton, frame 4695 ran in:  14.007994174957275
Exciton, frame 4696 ran in:  14.20468521118164
Exciton, frame 4697 ran in:  14.219226837158203
Exciton, frame 4698 ran in:  13.975764751434326
Exciton, frame 4699 ran in:  14.27264142036438
Exciton, frame 4700 ran in:  14.4564950466156
Exciton, frame 4701 ran in:  14.291136264801025
Exciton, frame 4702 ran in:  14.330464124679565
Exciton, frame 4703 ran in:  14.47062087059021
Exciton, frame 4704 ran in:  14.319650173187256
Exciton, frame 4705 ran in:  14.013606548309326
Exciton, frame 4706 ran in:  13.876079082489014
Exciton, frame 4707 ran in:  14.343894958496094
Exciton, frame 4708 ran in:  13.892274379730225
Exciton, frame 4709 ran in:  14.112114906311035
Exciton, frame 4710 ran in:  14.359130859375
Exciton, frame 4711 ran in:  14.51848316192627
Exciton, frame 4712 ran in:  14.442582845687866
Exciton, frame 4713 ran in:  14.034218311309814
Exciton, frame 4714 ran in:  14.186314821243286
Exciton, frame 4715 ran in:  14.179428100585938
Exciton, frame 4716 ran in:  14.066608190536499
Exciton, frame 4717 ran in:  14.182667970657349
Exciton, frame 4718 ran in:  14.097792625427246
Exciton, frame 4719 ran in:  14.170942783355713
Exciton, frame 4720 ran in:  14.286662578582764
Exciton, frame 4721 ran in:  14.275204181671143
Exciton, frame 4722 ran in:  14.101821422576904
Exciton, frame 4723 ran in:  14.461479902267456
Exciton, frame 4724 ran in:  14.28757119178772
Exciton, frame 4725 ran in:  14.432997465133667
Exciton, frame 4726 ran in:  14.382174491882324
Exciton, frame 4727 ran in:  14.60925555229187
Exciton, frame 4728 ran in:  14.178709745407104
Exciton, frame 4729 ran in:  14.594004392623901
Exciton, frame 4730 ran in:  14.134567260742188
Exciton, frame 4731 ran in:  14.201626062393188
Exciton, frame 4732 ran in:  14.145795345306396
Exciton, frame 4733 ran in:  14.416566848754883
Exciton, frame 4734 ran in:  14.392856121063232
Exciton, frame 4735 ran in:  14.281726360321045
Exciton, frame 4736 ran in:  14.288888692855835
Exciton, frame 4737 ran in:  14.143173217773438
Exciton, frame 4738 ran in:  14.228676319122314
Exciton, frame 4739 ran in:  14.366045713424683
Exciton, frame 4740 ran in:  14.117268323898315
Exciton, frame 4741 ran in:  14.08159613609314
Exciton, frame 4742 ran in:  14.124094009399414
Exciton, frame 4743 ran in:  14.287201404571533
Exciton, frame 4744 ran in:  14.184296607971191
Exciton, frame 4745 ran in:  14.197750091552734
Exciton, frame 4746 ran in:  14.467072010040283
Exciton, frame 4747 ran in:  14.147513151168823
Exciton, frame 4748 ran in:  14.430509567260742
Exciton, frame 4749 ran in:  14.244844913482666
Exciton, frame 4750 ran in:  14.335145950317383
Exciton, frame 4751 ran in:  14.18276596069336
Exciton, frame 4752 ran in:  14.366068363189697
Exciton, frame 4753 ran in:  14.291961431503296
Exciton, frame 4754 ran in:  14.256973266601562
Exciton, frame 4755 ran in:  14.217459678649902
Exciton, frame 4756 ran in:  14.247053623199463
Exciton, frame 4757 ran in:  14.265865564346313
Exciton, frame 4758 ran in:  14.323317766189575
Exciton, frame 4759 ran in:  14.47120475769043
Exciton, frame 4760 ran in:  14.28559947013855
Exciton, frame 4761 ran in:  13.97889494895935
Exciton, frame 4762 ran in:  14.274129629135132
Exciton, frame 4763 ran in:  14.223509788513184
Exciton, frame 4764 ran in:  14.116201400756836
Exciton, frame 4765 ran in:  13.935774564743042
Exciton, frame 4766 ran in:  14.250049352645874
Exciton, frame 4767 ran in:  14.17130970954895
Exciton, frame 4768 ran in:  14.052777290344238
Exciton, frame 4769 ran in:  14.037144660949707
Exciton, frame 4770 ran in:  14.473355531692505
Exciton, frame 4771 ran in:  14.317098140716553
Exciton, frame 4772 ran in:  14.025599718093872
Exciton, frame 4773 ran in:  14.555285930633545
Exciton, frame 4774 ran in:  14.342894792556763
Exciton, frame 4775 ran in:  14.264612197875977
Exciton, frame 4776 ran in:  14.281750917434692
Exciton, frame 4777 ran in:  14.355784893035889
Exciton, frame 4778 ran in:  14.12987732887268
Exciton, frame 4779 ran in:  14.283815622329712
Exciton, frame 4780 ran in:  14.470881700515747
Exciton, frame 4781 ran in:  14.18373441696167
Exciton, frame 4782 ran in:  14.386638879776001
Exciton, frame 4783 ran in:  14.144675731658936
Exciton, frame 4784 ran in:  14.12026071548462
Exciton, frame 4785 ran in:  14.144325256347656
Exciton, frame 4786 ran in:  14.22248649597168
Exciton, frame 4787 ran in:  14.199833393096924
Exciton, frame 4788 ran in:  14.067927598953247
Exciton, frame 4789 ran in:  14.174772500991821
Exciton, frame 4790 ran in:  14.023760318756104
Exciton, frame 4791 ran in:  14.27518081665039
Exciton, frame 4792 ran in:  14.006486654281616
Exciton, frame 4793 ran in:  14.4653959274292
Exciton, frame 4794 ran in:  13.937135934829712
Exciton, frame 4795 ran in:  14.423558712005615
Exciton, frame 4796 ran in:  14.450864315032959
Exciton, frame 4797 ran in:  14.035458326339722
Exciton, frame 4798 ran in:  14.09487771987915
Exciton, frame 4799 ran in:  14.226705551147461
Exciton, frame 4800 ran in:  14.13583755493164
Exciton, frame 4801 ran in:  14.156240463256836
Exciton, frame 4802 ran in:  14.256089210510254
Exciton, frame 4803 ran in:  14.21937608718872
Exciton, frame 4804 ran in:  14.230895519256592
Exciton, frame 4805 ran in:  14.113331079483032
Exciton, frame 4806 ran in:  13.907514810562134
Exciton, frame 4807 ran in:  14.324158191680908
Exciton, frame 4808 ran in:  14.378022909164429
Exciton, frame 4809 ran in:  14.142823457717896
Exciton, frame 4810 ran in:  14.233043909072876
Exciton, frame 4811 ran in:  14.248183965682983
Exciton, frame 4812 ran in:  14.186853170394897
Exciton, frame 4813 ran in:  14.003550291061401
Exciton, frame 4814 ran in:  14.509164094924927
Exciton, frame 4815 ran in:  14.481208086013794
Exciton, frame 4816 ran in:  14.150143146514893
Exciton, frame 4817 ran in:  14.295305490493774
Exciton, frame 4818 ran in:  14.132299900054932
Exciton, frame 4819 ran in:  14.083786725997925
Exciton, frame 4820 ran in:  14.406323909759521
Exciton, frame 4821 ran in:  14.296931743621826
Exciton, frame 4822 ran in:  14.239511966705322
Exciton, frame 4823 ran in:  14.290915966033936
Exciton, frame 4824 ran in:  14.01159405708313
Exciton, frame 4825 ran in:  14.145130395889282
Exciton, frame 4826 ran in:  14.196622371673584
Exciton, frame 4827 ran in:  14.424089193344116
Exciton, frame 4828 ran in:  14.164448499679565
Exciton, frame 4829 ran in:  14.297045230865479
Exciton, frame 4830 ran in:  14.127280235290527
Exciton, frame 4831 ran in:  14.474833965301514
Exciton, frame 4832 ran in:  14.384418487548828
Exciton, frame 4833 ran in:  14.337955236434937
Exciton, frame 4834 ran in:  14.22585391998291
Exciton, frame 4835 ran in:  14.124838829040527
Exciton, frame 4836 ran in:  14.349982738494873
Exciton, frame 4837 ran in:  14.262919187545776
Exciton, frame 4838 ran in:  14.752437353134155
Exciton, frame 4839 ran in:  14.425391435623169
Exciton, frame 4840 ran in:  14.614106893539429
Exciton, frame 4841 ran in:  15.00968623161316
Exciton, frame 4842 ran in:  14.554465532302856
Exciton, frame 4843 ran in:  14.264602422714233
Exciton, frame 4844 ran in:  14.306182861328125
Exciton, frame 4845 ran in:  13.97824501991272
Exciton, frame 4846 ran in:  14.198249816894531
Exciton, frame 4847 ran in:  14.15204405784607
Exciton, frame 4848 ran in:  14.3865647315979
Exciton, frame 4849 ran in:  14.41793966293335
Exciton, frame 4850 ran in:  14.188606262207031
Exciton, frame 4851 ran in:  14.107468128204346
Exciton, frame 4852 ran in:  14.080944061279297
Exciton, frame 4853 ran in:  14.41084623336792
Exciton, frame 4854 ran in:  14.159618139266968
Exciton, frame 4855 ran in:  14.302319765090942
Exciton, frame 4856 ran in:  14.096630096435547
Exciton, frame 4857 ran in:  14.308614730834961
Exciton, frame 4858 ran in:  14.051173210144043
Exciton, frame 4859 ran in:  14.23156189918518
Exciton, frame 4860 ran in:  14.236239671707153
Exciton, frame 4861 ran in:  14.208615779876709
Exciton, frame 4862 ran in:  14.30344033241272
Exciton, frame 4863 ran in:  14.45149040222168
Exciton, frame 4864 ran in:  14.513737201690674
Exciton, frame 4865 ran in:  14.48448896408081
Exciton, frame 4866 ran in:  14.709512710571289
Exciton, frame 4867 ran in:  14.319096088409424
Exciton, frame 4868 ran in:  15.010047674179077
Exciton, frame 4869 ran in:  14.902554273605347
Exciton, frame 4870 ran in:  14.436562776565552
Exciton, frame 4871 ran in:  14.260879516601562
Exciton, frame 4872 ran in:  14.276729106903076
Exciton, frame 4873 ran in:  14.259572267532349
Exciton, frame 4874 ran in:  14.050833225250244
Exciton, frame 4875 ran in:  14.091236114501953
Exciton, frame 4876 ran in:  14.459874153137207
Exciton, frame 4877 ran in:  14.661436080932617
Exciton, frame 4878 ran in:  14.416203260421753
Exciton, frame 4879 ran in:  14.315918922424316
Exciton, frame 4880 ran in:  13.973063945770264
Exciton, frame 4881 ran in:  14.050066709518433
Exciton, frame 4882 ran in:  14.23413610458374
Exciton, frame 4883 ran in:  14.353888273239136
Exciton, frame 4884 ran in:  14.126903295516968
Exciton, frame 4885 ran in:  14.873980522155762
Exciton, frame 4886 ran in:  14.521787405014038
Exciton, frame 4887 ran in:  14.452311992645264
Exciton, frame 4888 ran in:  14.396775245666504
Exciton, frame 4889 ran in:  14.234583139419556
Exciton, frame 4890 ran in:  14.154189109802246
Exciton, frame 4891 ran in:  14.248013496398926
Exciton, frame 4892 ran in:  14.319037675857544
Exciton, frame 4893 ran in:  14.23795223236084
Exciton, frame 4894 ran in:  14.33033037185669
Exciton, frame 4895 ran in:  14.54386591911316
Exciton, frame 4896 ran in:  14.397700786590576
Exciton, frame 4897 ran in:  13.935138940811157
Exciton, frame 4898 ran in:  14.499228715896606
Exciton, frame 4899 ran in:  14.519563674926758
Exciton, frame 4900 ran in:  14.257349252700806
Exciton, frame 4901 ran in:  14.925100564956665
Exciton, frame 4902 ran in:  14.305221557617188
Exciton, frame 4903 ran in:  14.397216558456421
Exciton, frame 4904 ran in:  14.17627239227295
Exciton, frame 4905 ran in:  14.132494688034058
Exciton, frame 4906 ran in:  14.385729789733887
Exciton, frame 4907 ran in:  14.326947927474976
Exciton, frame 4908 ran in:  14.203580617904663
Exciton, frame 4909 ran in:  14.044461488723755
Exciton, frame 4910 ran in:  14.074551343917847
Exciton, frame 4911 ran in:  14.483935832977295
Exciton, frame 4912 ran in:  13.998794317245483
Exciton, frame 4913 ran in:  14.183471918106079
Exciton, frame 4914 ran in:  14.228691816329956
Exciton, frame 4915 ran in:  14.382485628128052
Exciton, frame 4916 ran in:  14.19969892501831
Exciton, frame 4917 ran in:  14.148972988128662
Exciton, frame 4918 ran in:  14.187333583831787
Exciton, frame 4919 ran in:  14.159039974212646
Exciton, frame 4920 ran in:  14.114708185195923
Exciton, frame 4921 ran in:  14.207773208618164
Exciton, frame 4922 ran in:  13.773715019226074
Exciton, frame 4923 ran in:  13.922525405883789
Exciton, frame 4924 ran in:  14.10513973236084
Exciton, frame 4925 ran in:  14.453549146652222
Exciton, frame 4926 ran in:  14.351829767227173
Exciton, frame 4927 ran in:  14.069281578063965
Exciton, frame 4928 ran in:  14.105974197387695
Exciton, frame 4929 ran in:  14.547625303268433
Exciton, frame 4930 ran in:  14.376501083374023
Exciton, frame 4931 ran in:  14.340716361999512
Exciton, frame 4932 ran in:  14.197093486785889
Exciton, frame 4933 ran in:  14.246897220611572
Exciton, frame 4934 ran in:  14.593006610870361
Exciton, frame 4935 ran in:  14.008528232574463
Exciton, frame 4936 ran in:  14.147027254104614
Exciton, frame 4937 ran in:  14.065924167633057
Exciton, frame 4938 ran in:  14.401792526245117
Exciton, frame 4939 ran in:  14.554924488067627
Exciton, frame 4940 ran in:  14.15652060508728
Exciton, frame 4941 ran in:  14.098770141601562
Exciton, frame 4942 ran in:  14.080202341079712
Exciton, frame 4943 ran in:  14.244372367858887
Exciton, frame 4944 ran in:  14.261467456817627
Exciton, frame 4945 ran in:  14.442951917648315
Exciton, frame 4946 ran in:  14.14258074760437
Exciton, frame 4947 ran in:  14.343670129776001
Exciton, frame 4948 ran in:  14.158164024353027
Exciton, frame 4949 ran in:  14.201834678649902
Exciton, frame 4950 ran in:  14.52696180343628
Exciton, frame 4951 ran in:  14.583817481994629
Exciton, frame 4952 ran in:  14.097685098648071
Exciton, frame 4953 ran in:  14.32583212852478
Exciton, frame 4954 ran in:  14.401083946228027
Exciton, frame 4955 ran in:  14.401671886444092
Exciton, frame 4956 ran in:  14.468628168106079
Exciton, frame 4957 ran in:  14.557718992233276
Exciton, frame 4958 ran in:  14.12067461013794
Exciton, frame 4959 ran in:  14.228682279586792
Exciton, frame 4960 ran in:  14.309712648391724
Exciton, frame 4961 ran in:  14.247570753097534
Exciton, frame 4962 ran in:  14.745407104492188
Exciton, frame 4963 ran in:  14.384829044342041
Exciton, frame 4964 ran in:  14.395164966583252
Exciton, frame 4965 ran in:  14.444084167480469
Exciton, frame 4966 ran in:  14.211299896240234
Exciton, frame 4967 ran in:  14.307146549224854
Exciton, frame 4968 ran in:  14.307024478912354
Exciton, frame 4969 ran in:  13.97908878326416
Exciton, frame 4970 ran in:  14.21008038520813
Exciton, frame 4971 ran in:  13.979048252105713
Exciton, frame 4972 ran in:  14.173544883728027
Exciton, frame 4973 ran in:  14.22081184387207
Exciton, frame 4974 ran in:  13.808664083480835
Exciton, frame 4975 ran in:  14.183919191360474
Exciton, frame 4976 ran in:  14.166313648223877
Exciton, frame 4977 ran in:  14.799611568450928
Exciton, frame 4978 ran in:  14.454819440841675
Exciton, frame 4979 ran in:  14.361587762832642
Exciton, frame 4980 ran in:  14.242986679077148
Exciton, frame 4981 ran in:  14.079201698303223
Exciton, frame 4982 ran in:  14.210451364517212
Exciton, frame 4983 ran in:  14.402931928634644
Exciton, frame 4984 ran in:  14.460662126541138
Exciton, frame 4985 ran in:  14.264134645462036
Exciton, frame 4986 ran in:  14.040171146392822
Exciton, frame 4987 ran in:  14.31830382347107
Exciton, frame 4988 ran in:  14.141176462173462
Exciton, frame 4989 ran in:  14.319981575012207
Exciton, frame 4990 ran in:  14.156981468200684
Exciton, frame 4991 ran in:  14.147807359695435
Exciton, frame 4992 ran in:  14.189783811569214
Exciton, frame 4993 ran in:  14.083993196487427
Exciton, frame 4994 ran in:  14.240478277206421
Exciton, frame 4995 ran in:  14.155682802200317
Exciton, frame 4996 ran in:  14.096702337265015
Exciton, frame 4997 ran in:  14.165045261383057
Exciton, frame 4998 ran in:  13.99418306350708
Exciton, frame 4999 ran in:  14.387154817581177
Finished 'run_trajectory' in 14379.629212 secs
